################################################################################################################################################
Detected SHAFT Engine Version: [SHAFT Engine v5.4.20211117-BETA]
################################################################################################################################################

################################################################################################################################################
Starting Execution:	[1 out of 23] test cases in the current suite
Test Method:		[tests.api.users.UserData.validateUserEmail]
################################################################################################################################################
[ReportManager] Response status code: [200], status line: [HTTP/1.1 200 OK] @26-11-2021 01:05:24.0048 AM
[ReportManager] Assertion Passed: Evaluating the actual response status code against the expected one... @26-11-2021 01:05:24.0058 AM
[ReportManager] Assertion [ValidateComparativeRelation] PASSED. Expected [200] and Actual [200]. Comparison Type [EQUALS]. Validation Type [POSITIVE]. @26-11-2021 01:05:24.0064 AM
[ReportManager] API Action [PerformRequest] successfully performed. With the following test data [Request Type: "GET" | Target Status Code: "200" | Service URL: "https://jsonplaceholder.typicode.com/users" | Content Type: "*/*" | Response Time: "1133ms"]. @26-11-2021 01:05:25.0121 AM
[ReportManager] Successfully created attachment [API Request - Specifications] @26-11-2021 01:05:25.0122 AM
[ReportManager] Successfully created attachment [API Response - JSON Body] @26-11-2021 01:05:25.0330 AM
[ReportManager] Assertion [ValidateEquals] PASSED. Expected and Actual values are attached. Comparison Type [CONTAINS]. Validation Type [POSITIVE]. @26-11-2021 01:05:25.0337 AM
[ReportManager] Successfully created attachment [Validation Test Data - Expected Value] @26-11-2021 01:05:25.0338 AM
[ReportManager] Successfully created attachment [Validation Test Data - Actual Value] @26-11-2021 01:05:25.0338 AM
[ReportManager] API Action [GetResponseJSONValueAsList] successfully performed. With the following test data [$]. @26-11-2021 01:05:25.0347 AM
[ReportManager] API Action [GetResponseJSONValue] successfully performed. With the following test data [name]. @26-11-2021 01:05:25.0368 AM
[ReportManager] API Action [GetResponseJSONValue] successfully performed. With the following test data [email]. @26-11-2021 01:05:25.0383 AM
[ReportManager] Assertion [ValidateEquals] PASSED. Expected [Sincere@april.biz] and Actual [Sincere@april.biz]. Comparison Type [EQUALS]. Validation Type [POSITIVE]. @26-11-2021 01:05:25.0383 AM
[ReportManager] API Action [GetResponseJSONValue] successfully performed. With the following test data [name]. @26-11-2021 01:05:25.0400 AM
[ReportManager] API Action [GetResponseJSONValue] successfully performed. With the following test data [name]. @26-11-2021 01:05:25.0422 AM
[ReportManager] API Action [GetResponseJSONValue] successfully performed. With the following test data [name]. @26-11-2021 01:05:25.0440 AM
[ReportManager] API Action [GetResponseJSONValue] successfully performed. With the following test data [name]. @26-11-2021 01:05:25.0459 AM
[ReportManager] API Action [GetResponseJSONValue] successfully performed. With the following test data [name]. @26-11-2021 01:05:25.0478 AM
[ReportManager] API Action [GetResponseJSONValue] successfully performed. With the following test data [name]. @26-11-2021 01:05:25.0496 AM
[ReportManager] API Action [GetResponseJSONValue] successfully performed. With the following test data [name]. @26-11-2021 01:05:25.0514 AM
[ReportManager] API Action [GetResponseJSONValue] successfully performed. With the following test data [name]. @26-11-2021 01:05:25.0532 AM
[ReportManager] API Action [GetResponseJSONValue] successfully performed. With the following test data [name]. @26-11-2021 01:05:25.0546 A

################################################################################################################################################
Starting Execution:	[2 out of 23] test cases in the current suite
Test Method:		[tests.cli.demo.cliTest.sampleTestCase]
################################################################################################################################################
[ReportManager] Attempting to perform the following command locally. Command: [ls] @26-11-2021 01:05:25.0679 AM
[ReportManager] Terminal Action [PerformTerminalCommands] successfully performed. With the following test data [Host Name: "localHost" | Command: "ls" | Exit Status: "0"]. @26-11-2021 01:05:25.0692 AM
[ReportManager] Successfully created attachment [Terminal Action Actual Result - Command Log] @26-11-2021 01:05:25.0693 AM
[ReportManager] Assertion Passed: Demoing local terminal actions @26-11-2021 01:05:25.0695 AM
[ReportManager] Assertion [ValidateEquals] PASSED. Expected [pom.xml] and Actual [LICENSE
README.md
allure-results
docker-compose_native.yml
docker-compose_zalenium.yml
extent-reports
pom.xml
readMeImgs
src
target]. Comparison Type [CONTAINS]. Validation Type [POSITIVE]. @26-11-2021 01:05:25.0695 A
[ReportManager] An Exception Occured with this Message: src/test/resources/testDataFiles/Google/SimpleSearch.xlsx (No such file or directory). @26-11-2021 01:05:25.0709 AM
[ReportManager] Successfully created attachment [Exception Stack Trace - java.io.FileNotFoundException] @26-11-2021 01:05:25.0709 AM
[ReportManager] Couldn't find the desired file. [src/test/resources/testDataFiles/Google/SimpleSearch.xlsx]. @26-11-2021 01:05:25.0710 A


################################################################################################################################################
Starting Execution:	[3 out of 23] test cases in the current suite
Test Method:		[tests.gui.google.D_Search_PageObjectModel_Traditional_DataDriven.navigateToGoogleHomeAndAssertGoogleLogoIsDisplayed]
###############################################################################################################################################



################################################################################################################################################
Starting Execution:	[4 out of 23] test cases in the current suite
Test Method:		[tests.gui.google.D_Search_PageObjectModel_Traditional_DataDriven.navigateToGoogleHomeAndAssertPageTitle]
###############################################################################################################################################



################################################################################################################################################
Starting Execution:	[5 out of 23] test cases in the current suite
Test Method:		[tests.gui.google.D_Search_PageObjectModel_Traditional_DataDriven.searchForQueryAndAssertFirstResultTextIsCorrect]
###############################################################################################################################################

[ReportManager] An Exception Occured with this Message: src/test/resources/testDataFiles/Google/SimpleSearch.xlsx (No such file or directory). @26-11-2021 01:05:25.0764 AM
[ReportManager] Successfully created attachment [Exception Stack Trace - java.io.FileNotFoundException] @26-11-2021 01:05:25.0764 AM
[ReportManager] Couldn't find the desired file. [src/test/resources/testDataFiles/Google/SimpleSearch.xlsx]. @26-11-2021 01:05:25.0764 A


################################################################################################################################################
Starting Execution:	[6 out of 23] test cases in the current suite
Test Method:		[tests.gui.google.E_Search_PageObjectModel_Traditional_SHAFTAssertions.navigateToGoogleHomeAndAssertGoogleLogoIsDisplayed]
###############################################################################################################################################



################################################################################################################################################
Starting Execution:	[7 out of 23] test cases in the current suite
Test Method:		[tests.gui.google.E_Search_PageObjectModel_Traditional_SHAFTAssertions.navigateToGoogleHomeAndAssertPageTitle]
###############################################################################################################################################



################################################################################################################################################
Starting Execution:	[8 out of 23] test cases in the current suite
Test Method:		[tests.gui.google.E_Search_PageObjectModel_Traditional_SHAFTAssertions.searchForQueryAndAssertFirstResultTextIsCorrect]
###############################################################################################################################################

[ReportManager] File Action [GetAbsolutePath] successfully performed. With the following test data [Relative Folder Path: "target/downloadedFiles/"]. @26-11-2021 01:05:25.0797 AM
[ReportManager] Attempting to run remotely on: [Linux-64], [GoogleChrome], [http://localhost:4444/wd/hub], Headless Execution. @26-11-2021 01:05:25.0812 AM
[ReportManager] Successfully Opened [GoogleChrome]. @26-11-2021 01:05:27.0756 AM
[ReportManager] Target URL: [https://www.google.com/ncr], and after redirection: [https://www.google.com] @26-11-2021 01:05:27.0766 AM
[ReportManager] Initial URL: [data:,] @26-11-2021 01:05:27.0889 AM
[ReportManager] Browser Action [NavigateToURL] successfully performed. With the following test data [https://www.google.com/ncr]. @26-11-2021 01:05:29.0265 A

################################################################################################################################################
Starting Execution:	[9 out of 23] test cases in the current suite
Test Method:		[tests.gui.google.C_Search_PageObjectModel_Traditional.navigateToGoogleHomeAndAssertGoogleLogoIsDisplayed]
################################################################################################################################################
[ReportManager] Element Action [IsElementDisplayed] successfully performed. @26-11-2021 01:05:29.0456 AM
[ReportManager] Assertion Passed: Asserting that the Google logo is displayed @26-11-2021 01:05:29.0456 AM
[ReportManager] Assertion [ValidateTrue] PASSED. Expected [TRUE] and Actual [TRUE]. Validation Type [POSITIVE]. @26-11-2021 01:05:29.0456 A
[ReportManager] Browser Action [CloseCurrentWindow] successfully performed. @26-11-2021 01:05:29.0649 AM
[ReportManager] Successfully created attachment [Browser Action Test Data - CloseCurrentWindow - Actual Value] @26-11-2021 01:05:29.0650 A
[ReportManager] File Action [GetAbsolutePath] successfully performed. With the following test data [Relative Folder Path: "target/downloadedFiles/"]. @26-11-2021 01:05:29.0667 AM
[ReportManager] Attempting to run remotely on: [Linux-64], [GoogleChrome], [http://localhost:4444/wd/hub], Headless Execution. @26-11-2021 01:05:29.0668 AM
[ReportManager] Successfully Opened [GoogleChrome]. @26-11-2021 01:05:30.0248 AM
[ReportManager] Target URL: [https://www.google.com/ncr], and after redirection: [https://www.google.com] @26-11-2021 01:05:30.0249 AM
[ReportManager] Initial URL: [data:,] @26-11-2021 01:05:30.0349 AM
[ReportManager] Browser Action [NavigateToURL] successfully performed. With the following test data [https://www.google.com/ncr]. @26-11-2021 01:05:31.0785 A

################################################################################################################################################
Starting Execution:	[10 out of 23] test cases in the current suite
Test Method:		[tests.gui.google.C_Search_PageObjectModel_Traditional.navigateToGoogleHomeAndAssertPageTitle]
################################################################################################################################################
[ReportManager] Browser Action [GetCurrentWindowTitle] successfully performed. With the following test data [Google]. @26-11-2021 01:05:31.0844 AM
[ReportManager] Assertion Passed: Asserting that the page title is Google @26-11-2021 01:05:31.0844 AM
[ReportManager] Assertion [ValidateEquals] PASSED. Expected [Google] and Actual [Google]. Comparison Type [EQUALS]. Validation Type [POSITIVE]. @26-11-2021 01:05:31.0844 A
[ReportManager] Browser Action [CloseCurrentWindow] successfully performed. @26-11-2021 01:05:32.0006 AM
[ReportManager] Successfully created attachment [Browser Action Test Data - CloseCurrentWindow - Actual Value] @26-11-2021 01:05:32.0009 A
[ReportManager] File Action [GetAbsolutePath] successfully performed. With the following test data [Relative Folder Path: "target/downloadedFiles/"]. @26-11-2021 01:05:32.0030 AM
[ReportManager] Attempting to run remotely on: [Linux-64], [GoogleChrome], [http://localhost:4444/wd/hub], Headless Execution. @26-11-2021 01:05:32.0031 AM
[ReportManager] Successfully Opened [GoogleChrome]. @26-11-2021 01:05:32.0395 AM
[ReportManager] Target URL: [https://www.google.com/ncr], and after redirection: [https://www.google.com] @26-11-2021 01:05:32.0395 AM
[ReportManager] Initial URL: [data:,] @26-11-2021 01:05:32.0486 AM
[ReportManager] Browser Action [NavigateToURL] successfully performed. With the following test data [https://www.google.com/ncr]. @26-11-2021 01:05:33.0451 A

################################################################################################################################################
Starting Execution:	[11 out of 23] test cases in the current suite
Test Method:		[tests.gui.google.C_Search_PageObjectModel_Traditional.searchForQueryAndAssertFirstResultTextIsCorrect]
################################################################################################################################################
[ReportManager] Element Action [Type] successfully performed. With the following test data [SHAFT_Engine]. @26-11-2021 01:05:33.0954 AM
[ReportManager] Element Action [KeyPress] successfully performed. With the following test data [ENTER]. @26-11-2021 01:05:35.0592 AM
[ReportManager] Element Action [GetText] successfully performed. With the following test data [SHAFT_ENGINE is a Test Automation Engine that ... - GitHub]. @26-11-2021 01:05:35.0727 AM
[ReportManager] Assertion Failed: Asserting that the correct first result is displayed @26-11-2021 01:05:35.0729 AM
[ReportManager] Assertion [ValidateEquals] FAILED. Expected [MohabMohie] and Actual [SHAFT_ENGINE is a Test Automation Engine that ... - GitHub]. Comparison Type [CONTAINS]. Validation Type [POSITIVE]. @26-11-2021 01:05:35.0729 A
[ReportManager] Browser Action [CloseCurrentWindow] successfully performed. @26-11-2021 01:05:36.0032 AM
[ReportManager] Successfully created attachment [Browser Action Test Data - CloseCurrentWindow - Actual Value] @26-11-2021 01:05:36.0042 A



################################################################################################################################################
Starting Execution:	[12 out of 23] test cases in the current suite
Test Method:		[tests.gui.google.A_Search_FlatTest_NativeSeleniumWebDriver.navigateToGoogleHomeAndAssertGoogleLogoIsDisplayed]
###############################################################################################################################################



################################################################################################################################################
Starting Execution:	[13 out of 23] test cases in the current suite
Test Method:		[tests.gui.google.A_Search_FlatTest_NativeSeleniumWebDriver.navigateToGoogleHomeAndAssertPageTitle]
###############################################################################################################################################



################################################################################################################################################
Starting Execution:	[14 out of 23] test cases in the current suite
Test Method:		[tests.gui.google.A_Search_FlatTest_NativeSeleniumWebDriver.searchForQueryAndAssertFirstResultTextIsCorrect]
###############################################################################################################################################

[ReportManager] File Action [GetAbsolutePath] successfully performed. With the following test data [Relative Folder Path: "target/downloadedFiles/"]. @26-11-2021 01:06:02.0819 AM
[ReportManager] Attempting to run remotely on: [Linux-64], [GoogleChrome], [http://localhost:4444/wd/hub], Headless Execution. @26-11-2021 01:06:02.0820 AM
[ReportManager] Successfully Opened [GoogleChrome]. @26-11-2021 01:06:03.0264 AM
[ReportManager] Target URL: [https://www.google.com/ncr], and after redirection: [https://www.google.com] @26-11-2021 01:06:03.0264 AM
[ReportManager] Initial URL: [data:,] @26-11-2021 01:06:03.0369 AM
[ReportManager] Browser Action [NavigateToURL] successfully performed. With the following test data [https://www.google.com/ncr]. @26-11-2021 01:06:04.0306 A

################################################################################################################################################
Starting Execution:	[15 out of 23] test cases in the current suite
Test Method:		[tests.gui.google.B_Search_FlatTest_SHAFT.navigateToGoogleHomeAndAssertGoogleLogoIsDisplayed]
################################################################################################################################################
[ReportManager] File Action [DoesFileExist] successfully performed. With the following test data [File Path: "src/main/resources/dynamicObjectRepository/tests_gui_google_B_Search_FlatTest_SHAFT_navigateToGoogleHomeAndAssertGoogleLogoIsDisplayed_By_xpath_img_id_hplogo_or_alt_Google.png"]. @26-11-2021 01:06:04.0348 AM
[ReportManager] File Action [GetAbsolutePath] successfully performed. With the following test data [Relative Folder Path: "src/main/resources/dynamicObjectRepository/tests_gui_google_B_Search_FlatTest_SHAFT_navigateToGoogleHomeAndAssertGoogleLogoIsDisplayed_By_xpath_img_id_hplogo_or_alt_Google.png"]. @26-11-2021 01:06:04.0348 AM
[ReportManager] File Action [ReadFromImageFile] successfully performed. With the following test data [File Path: "/home/runner/work/io.github.alidorgham/io.github.alidorgham/src/main/resources/dynamicObjectRepository/tests_gui_google_B_Search_FlatTest_SHAFT_navigateToGoogleHomeAndAssertGoogleLogoIsDisplayed_By_xpath_img_id_hplogo_or_alt_Google.png"]. @26-11-2021 01:06:04.0349 AM
[ReportManager] File Action [DoesFileExist] successfully performed. With the following test data [File Path: "src/main/resources/dynamicObjectRepository/tests_gui_google_B_Search_FlatTest_SHAFT_navigateToGoogleHomeAndAssertGoogleLogoIsDisplayed_By_xpath_img_id_hplogo_or_alt_Google.png"]. @26-11-2021 01:06:04.0729 AM
[ReportManager] File Action [DoesFileExist] successfully performed. With the following test data [File Path: "src/main/resources/dynamicObjectRepository/tests_gui_google_B_Search_FlatTest_SHAFT_navigateToGoogleHomeAndAssertGoogleLogoIsDisplayed_By_xpath_img_id_hplogo_or_alt_Google.png"]. @26-11-2021 01:06:04.0730 AM
[ReportManager] Loaded Shared OpenCV @26-11-2021 01:06:05.0173 AM
[ReportManager] Successfully identified the element using AI; OpenCV. @26-11-2021 01:06:05.0199 AM
[ReportManager] Assertion Passed: Asserting that the Google logo is displayed @26-11-2021 01:06:05.0201 AM
[ReportManager] Successfully created attachment [Validation Test Data - Reference Screenshot] @26-11-2021 01:06:05.0202 AM
[ReportManager] Successfully created attachment [Validation Test Data - Actual Screenshot] @26-11-2021 01:06:05.0203 AM
[ReportManager] Assertion [ValidateElementMatches] PASSED. Expected [Element should match the reference screenshot] and Actual [TRUE]. Comparison Type [EXACT_OPENCV]. Validation Type [POSITIVE]. @26-11-2021 01:06:05.0203 A
[ReportManager] Browser Action [CloseCurrentWindow] successfully performed. @26-11-2021 01:06:05.0377 AM
[ReportManager] Successfully created attachment [Browser Action Test Data - CloseCurrentWindow - Actual Value] @26-11-2021 01:06:05.0380 A
[ReportManager] File Action [GetAbsolutePath] successfully performed. With the following test data [Relative Folder Path: "target/downloadedFiles/"]. @26-11-2021 01:06:05.0382 AM
[ReportManager] Attempting to run remotely on: [Linux-64], [GoogleChrome], [http://localhost:4444/wd/hub], Headless Execution. @26-11-2021 01:06:05.0383 AM
[ReportManager] Successfully Opened [GoogleChrome]. @26-11-2021 01:06:05.0627 AM
[ReportManager] Target URL: [https://www.google.com/ncr], and after redirection: [https://www.google.com] @26-11-2021 01:06:05.0627 AM
[ReportManager] Initial URL: [data:,] @26-11-2021 01:06:05.0700 AM
[ReportManager] Browser Action [NavigateToURL] successfully performed. With the following test data [https://www.google.com/ncr]. @26-11-2021 01:06:06.0646 A

################################################################################################################################################
Starting Execution:	[16 out of 23] test cases in the current suite
Test Method:		[tests.gui.google.B_Search_FlatTest_SHAFT.navigateToGoogleHomeAndAssertPageTitle]
################################################################################################################################################
[ReportManager] Browser Action [GetCurrentWindowTitle] successfully performed. With the following test data [Google]. @26-11-2021 01:06:06.0717 AM
[ReportManager] Assertion Passed: Asserting that the page title is Google @26-11-2021 01:06:07.0407 AM
[ReportManager] Successfully created attachment [Screenshot - 1637888766981_navigateToGoogleHomeAndAssertPageTitle_ValidateBrowserAttribute_passed] @26-11-2021 01:06:07.0415 AM
[ReportManager] Assertion [ValidateBrowserAttribute] PASSED. Expected [Value Should be 'Google' for the 'Title' attribute] and Actual [Google]. Comparison Type [EQUALS]. Validation Type [POSITIVE]. @26-11-2021 01:06:07.0415 A
[ReportManager] Browser Action [CloseCurrentWindow] successfully performed. @26-11-2021 01:06:07.0578 AM
[ReportManager] Successfully created attachment [Browser Action Test Data - CloseCurrentWindow - Actual Value] @26-11-2021 01:06:07.0579 A
[ReportManager] File Action [GetAbsolutePath] successfully performed. With the following test data [Relative Folder Path: "target/downloadedFiles/"]. @26-11-2021 01:06:07.0584 AM
[ReportManager] Attempting to run remotely on: [Linux-64], [GoogleChrome], [http://localhost:4444/wd/hub], Headless Execution. @26-11-2021 01:06:07.0584 AM
[ReportManager] Successfully Opened [GoogleChrome]. @26-11-2021 01:06:07.0836 AM
[ReportManager] Target URL: [https://www.google.com/ncr], and after redirection: [https://www.google.com] @26-11-2021 01:06:07.0836 AM
[ReportManager] Initial URL: [data:,] @26-11-2021 01:06:07.0933 AM
[ReportManager] Browser Action [NavigateToURL] successfully performed. With the following test data [https://www.google.com/ncr]. @26-11-2021 01:06:08.0902 A

################################################################################################################################################
Starting Execution:	[17 out of 23] test cases in the current suite
Test Method:		[tests.gui.google.B_Search_FlatTest_SHAFT.searchForQueryAndAssertFirstResultTextIsCorrect]
################################################################################################################################################
[ReportManager] Element Action [Type] successfully performed. With the following test data [SHAFT_Engine]. @26-11-2021 01:06:09.0366 AM
[ReportManager] Element Action [KeyPress] successfully performed. With the following test data [ENTER]. @26-11-2021 01:06:10.0789 AM
[ReportManager] Element Action [GetText] successfully performed. With the following test data [SHAFT_ENGINE is a Test Automation Engine that ... - GitHub]. @26-11-2021 01:06:10.0924 AM
[ReportManager] Loaded Shared OpenCV @26-11-2021 01:06:11.0312 AM
[ReportManager] Assertion Failed: Asserting that the correct first result is displayed @26-11-2021 01:06:11.0587 AM
[ReportManager] Successfully created attachment [Screenshot - 1637888771312_searchForQueryAndAssertFirstResultTextIsCorrect_ValidateElementAttribute_failed] @26-11-2021 01:06:11.0600 AM
[ReportManager] Assertion [ValidateElementAttribute] FAILED. Expected [Value Should be 'MohabMohie' for the 'Text' attribute, element locator 'By.xpath: (//h1[contains(text(),'Search Result')]/following-sibling::div//a/h3)[1]'] and Actual [SHAFT_ENGINE is a Test Automation Engine that ... - GitHub]. Comparison Type [CONTAINS]. Validation Type [POSITIVE]. @26-11-2021 01:06:11.0600 A
[ReportManager] Browser Action [CloseCurrentWindow] successfully performed. @26-11-2021 01:06:11.0837 AM
[ReportManager] Successfully created attachment [Browser Action Test Data - CloseCurrentWindow - Actual Value] @26-11-2021 01:06:11.0846 A
[ReportManager] An Exception Occured with this Message: src/test/resources/testDataFiles/Google/SimpleSearch.xlsx (No such file or directory). @26-11-2021 01:06:11.0851 AM
[ReportManager] Successfully created attachment [Exception Stack Trace - java.io.FileNotFoundException] @26-11-2021 01:06:11.0852 AM
[ReportManager] Couldn't find the desired file. [src/test/resources/testDataFiles/Google/SimpleSearch.xlsx]. @26-11-2021 01:06:11.0852 A


################################################################################################################################################
Starting Execution:	[18 out of 23] test cases in the current suite
Test Method:		[tests.gui.google.F_Search_PageObjectModel_Fluent.navigateToGoogleHomeAndAssertGoogleLogoIsDisplayed]
###############################################################################################################################################



################################################################################################################################################
Starting Execution:	[19 out of 23] test cases in the current suite
Test Method:		[tests.gui.google.F_Search_PageObjectModel_Fluent.navigateToGoogleHomeAndAssertPageTitle]
###############################################################################################################################################



################################################################################################################################################
Starting Execution:	[20 out of 23] test cases in the current suite
Test Method:		[tests.gui.google.F_Search_PageObjectModel_Fluent.searchForQueryAndAssertFirstResultTextIsCorrect]
###############################################################################################################################################

[ReportManager] An Exception Occured with this Message: src/test/resources/testDataFiles/Google/SimpleSearch.xlsx (No such file or directory). @26-11-2021 01:06:11.0876 AM
[ReportManager] Successfully created attachment [Exception Stack Trace - java.io.FileNotFoundException] @26-11-2021 01:06:11.0877 AM
[ReportManager] Couldn't find the desired file. [src/test/resources/testDataFiles/Google/SimpleSearch.xlsx]. @26-11-2021 01:06:11.0877 A


################################################################################################################################################
Starting Execution:	[21 out of 23] test cases in the current suite
Test Method:		[tests.gui.google.G_Search_PageObjectModel_ThreadSafe.navigateToGoogleHomeAndAssertGoogleLogoIsDisplayed]
###############################################################################################################################################



################################################################################################################################################
Starting Execution:	[22 out of 23] test cases in the current suite
Test Method:		[tests.gui.google.G_Search_PageObjectModel_ThreadSafe.navigateToGoogleHomeAndAssertPageTitle]
###############################################################################################################################################



################################################################################################################################################
Starting Execution:	[23 out of 23] test cases in the current suite
Test Method:		[tests.gui.google.G_Search_PageObjectModel_ThreadSafe.searchForQueryAndAssertFirstResultTextIsCorrect]
###############################################################################################################################################

[ReportManager] Successfully created attachment [SHAFT Engine Logs - Execution log] @26-11-2021 01:06:11.0919 AM

################################################################################################################################################
This test run was powered by SHAFT Engine Version: [SHAFT Engine v5.4.20211117-BETA]
SHAFT Engine is licensed under the MIT License: [https://github.com/MohabMohie/SHAFT_ENGINE/blob/master/LICENSE].
################################################################################################################################################