################################################################################################################################################
Detected SHAFT Engine Version: [SHAFT Engine v5.4.20211117-BETA]
################################################################################################################################################

################################################################################################################################################
Starting Execution:	[1 out of 23] test cases in the current suite
Test Method:		[tests.api.users.UserData.validateUserEmail]
################################################################################################################################################
[ReportManager] Response status code: [200], status line: [HTTP/1.1 200 OK] @17-01-2022 12:53:40.0335 PM
[ReportManager] Assertion Passed: Evaluating the actual response status code against the expected one... @17-01-2022 12:53:40.0344 PM
[ReportManager] Assertion [ValidateComparativeRelation] PASSED. Expected [200] and Actual [200]. Comparison Type [EQUALS]. Validation Type [POSITIVE]. @17-01-2022 12:53:40.0348 PM
[ReportManager] API Action [PerformRequest] successfully performed. With the following test data [Request Type: "GET" | Target Status Code: "200" | Service URL: "https://jsonplaceholder.typicode.com/users" | Content Type: "*/*" | Response Time: "818ms"]. @17-01-2022 12:53:41.0276 PM
[ReportManager] Successfully created attachment [API Request - Specifications] @17-01-2022 12:53:41.0277 PM
[ReportManager] Successfully created attachment [API Response - JSON Body] @17-01-2022 12:53:41.0514 PM
[ReportManager] Assertion [ValidateEquals] PASSED. Expected and Actual values are attached. Comparison Type [CONTAINS]. Validation Type [POSITIVE]. @17-01-2022 12:53:41.0520 PM
[ReportManager] Successfully created attachment [Validation Test Data - Expected Value] @17-01-2022 12:53:41.0521 PM
[ReportManager] Successfully created attachment [Validation Test Data - Actual Value] @17-01-2022 12:53:41.0521 PM
[ReportManager] API Action [GetResponseJSONValueAsList] successfully performed. With the following test data [$]. @17-01-2022 12:53:41.0530 PM
[ReportManager] API Action [GetResponseJSONValue] successfully performed. With the following test data [name]. @17-01-2022 12:53:41.0547 PM
[ReportManager] API Action [GetResponseJSONValue] successfully performed. With the following test data [email]. @17-01-2022 12:53:41.0557 PM
[ReportManager] Assertion [ValidateEquals] PASSED. Expected [Sincere@april.biz] and Actual [Sincere@april.biz]. Comparison Type [EQUALS]. Validation Type [POSITIVE]. @17-01-2022 12:53:41.0557 PM
[ReportManager] API Action [GetResponseJSONValue] successfully performed. With the following test data [name]. @17-01-2022 12:53:41.0567 PM
[ReportManager] API Action [GetResponseJSONValue] successfully performed. With the following test data [name]. @17-01-2022 12:53:41.0585 PM
[ReportManager] API Action [GetResponseJSONValue] successfully performed. With the following test data [name]. @17-01-2022 12:53:41.0605 PM
[ReportManager] API Action [GetResponseJSONValue] successfully performed. With the following test data [name]. @17-01-2022 12:53:41.0621 PM
[ReportManager] API Action [GetResponseJSONValue] successfully performed. With the following test data [name]. @17-01-2022 12:53:41.0637 PM
[ReportManager] API Action [GetResponseJSONValue] successfully performed. With the following test data [name]. @17-01-2022 12:53:41.0652 PM
[ReportManager] API Action [GetResponseJSONValue] successfully performed. With the following test data [name]. @17-01-2022 12:53:41.0666 PM
[ReportManager] API Action [GetResponseJSONValue] successfully performed. With the following test data [name]. @17-01-2022 12:53:41.0678 PM
[ReportManager] API Action [GetResponseJSONValue] successfully performed. With the following test data [name]. @17-01-2022 12:53:41.0691 P

################################################################################################################################################
Starting Execution:	[2 out of 23] test cases in the current suite
Test Method:		[tests.cli.demo.cliTest.sampleTestCase]
################################################################################################################################################
[ReportManager] Attempting to perform the following command locally. Command: [ls] @17-01-2022 12:53:41.0834 PM
[ReportManager] Terminal Action [PerformTerminalCommands] successfully performed. With the following test data [Host Name: "localHost" | Command: "ls" | Exit Status: "0"]. @17-01-2022 12:53:41.0842 PM
[ReportManager] Successfully created attachment [Terminal Action Actual Result - Command Log] @17-01-2022 12:53:41.0843 PM
[ReportManager] Assertion Passed: Demoing local terminal actions @17-01-2022 12:53:41.0847 PM
[ReportManager] Assertion [ValidateEquals] PASSED. Expected [pom.xml] and Actual [LICENSE
README.md
allure-results
docker-compose_native.yml
docker-compose_zalenium.yml
extent-reports
pom.xml
readMeImgs
src
target]. Comparison Type [CONTAINS]. Validation Type [POSITIVE]. @17-01-2022 12:53:41.0847 P
[ReportManager] File Action [GetAbsolutePath] successfully performed. With the following test data [Relative Folder Path: "target/downloadedFiles/"]. @17-01-2022 12:53:41.0858 PM
[ReportManager] Attempting to run remotely on: [Linux-64], [GoogleChrome], [http://localhost:4444/wd/hub], Headless Execution. @17-01-2022 12:53:41.0869 PM
[ReportManager] Successfully Opened [GoogleChrome]. @17-01-2022 12:53:43.0397 PM
[ReportManager] Target URL: [https://www.google.com/ncr], and after redirection: [https://www.google.com] @17-01-2022 12:53:43.0405 PM
[ReportManager] Initial URL: [data:,] @17-01-2022 12:53:43.0534 PM
[ReportManager] Browser Action [NavigateToURL] successfully performed. With the following test data [https://www.google.com/ncr]. @17-01-2022 12:53:44.0757 P

################################################################################################################################################
Starting Execution:	[3 out of 23] test cases in the current suite
Test Method:		[tests.gui.google.B_Search_FlatTest_SHAFT.navigateToGoogleHomeAndAssertGoogleLogoIsDisplayed]
################################################################################################################################################
[ReportManager] File Action [DoesFileExist] successfully performed. With the following test data [File Path: "src/main/resources/dynamicObjectRepository/tests_gui_google_B_Search_FlatTest_SHAFT_navigateToGoogleHomeAndAssertGoogleLogoIsDisplayed_By_xpath_img_id_hplogo_or_alt_Google.png"]. @17-01-2022 12:53:44.0788 PM
[ReportManager] File Action [GetAbsolutePath] successfully performed. With the following test data [Relative Folder Path: "src/main/resources/dynamicObjectRepository/tests_gui_google_B_Search_FlatTest_SHAFT_navigateToGoogleHomeAndAssertGoogleLogoIsDisplayed_By_xpath_img_id_hplogo_or_alt_Google.png"]. @17-01-2022 12:53:44.0788 PM
[ReportManager] File Action [ReadFromImageFile] successfully performed. With the following test data [File Path: "/home/runner/work/io.github.alidorgham/io.github.alidorgham/src/main/resources/dynamicObjectRepository/tests_gui_google_B_Search_FlatTest_SHAFT_navigateToGoogleHomeAndAssertGoogleLogoIsDisplayed_By_xpath_img_id_hplogo_or_alt_Google.png"]. @17-01-2022 12:53:44.0789 PM
[ReportManager] File Action [DoesFileExist] successfully performed. With the following test data [File Path: "src/main/resources/dynamicObjectRepository/tests_gui_google_B_Search_FlatTest_SHAFT_navigateToGoogleHomeAndAssertGoogleLogoIsDisplayed_By_xpath_img_id_hplogo_or_alt_Google.png"]. @17-01-2022 12:53:45.0055 PM
[ReportManager] File Action [DoesFileExist] successfully performed. With the following test data [File Path: "src/main/resources/dynamicObjectRepository/tests_gui_google_B_Search_FlatTest_SHAFT_navigateToGoogleHomeAndAssertGoogleLogoIsDisplayed_By_xpath_img_id_hplogo_or_alt_Google.png"]. @17-01-2022 12:53:45.0056 PM
[ReportManager] Loaded Shared OpenCV @17-01-2022 12:53:45.0522 PM
[ReportManager] Successfully identified the element using AI; OpenCV. @17-01-2022 12:53:45.0545 PM
[ReportManager] Assertion Passed: Asserting that the Google logo is displayed @17-01-2022 12:53:45.0546 PM
[ReportManager] Successfully created attachment [Validation Test Data - Reference Screenshot] @17-01-2022 12:53:45.0547 PM
[ReportManager] Successfully created attachment [Validation Test Data - Actual Screenshot] @17-01-2022 12:53:45.0548 PM
[ReportManager] Assertion [ValidateElementMatches] PASSED. Expected [Element should match the reference screenshot] and Actual [TRUE]. Comparison Type [EXACT_OPENCV]. Validation Type [POSITIVE]. @17-01-2022 12:53:45.0548 P
[ReportManager] Browser Action [CloseCurrentWindow] successfully performed. @17-01-2022 12:53:45.0746 PM
[ReportManager] Successfully created attachment [Browser Action Test Data - CloseCurrentWindow - Actual Value] @17-01-2022 12:53:45.0756 P
[ReportManager] File Action [GetAbsolutePath] successfully performed. With the following test data [Relative Folder Path: "target/downloadedFiles/"]. @17-01-2022 12:53:45.0767 PM
[ReportManager] Attempting to run remotely on: [Linux-64], [GoogleChrome], [http://localhost:4444/wd/hub], Headless Execution. @17-01-2022 12:53:45.0767 PM
[ReportManager] Successfully Opened [GoogleChrome]. @17-01-2022 12:53:46.0106 PM
[ReportManager] Target URL: [https://www.google.com/ncr], and after redirection: [https://www.google.com] @17-01-2022 12:53:46.0106 PM
[ReportManager] Initial URL: [data:,] @17-01-2022 12:53:46.0206 PM
[ReportManager] Browser Action [NavigateToURL] successfully performed. With the following test data [https://www.google.com/ncr]. @17-01-2022 12:53:47.0203 P

################################################################################################################################################
Starting Execution:	[4 out of 23] test cases in the current suite
Test Method:		[tests.gui.google.B_Search_FlatTest_SHAFT.navigateToGoogleHomeAndAssertPageTitle]
################################################################################################################################################
[ReportManager] Browser Action [GetCurrentWindowTitle] successfully performed. With the following test data [Google]. @17-01-2022 12:53:47.0257 PM
[ReportManager] Assertion Passed: Asserting that the page title is Google @17-01-2022 12:53:47.0958 PM
[ReportManager] Successfully created attachment [Screenshot - 1642424027479_navigateToGoogleHomeAndAssertPageTitle_ValidateBrowserAttribute_passed] @17-01-2022 12:53:47.0970 PM
[ReportManager] Assertion [ValidateBrowserAttribute] PASSED. Expected [Value Should be 'Google' for the 'Title' attribute] and Actual [Google]. Comparison Type [EQUALS]. Validation Type [POSITIVE]. @17-01-2022 12:53:47.0970 P
[ReportManager] Browser Action [CloseCurrentWindow] successfully performed. @17-01-2022 12:53:48.0120 PM
[ReportManager] Successfully created attachment [Browser Action Test Data - CloseCurrentWindow - Actual Value] @17-01-2022 12:53:48.0121 P
[ReportManager] File Action [GetAbsolutePath] successfully performed. With the following test data [Relative Folder Path: "target/downloadedFiles/"]. @17-01-2022 12:53:48.0131 PM
[ReportManager] Attempting to run remotely on: [Linux-64], [GoogleChrome], [http://localhost:4444/wd/hub], Headless Execution. @17-01-2022 12:53:48.0131 PM
[ReportManager] Successfully Opened [GoogleChrome]. @17-01-2022 12:53:48.0463 PM
[ReportManager] Target URL: [https://www.google.com/ncr], and after redirection: [https://www.google.com] @17-01-2022 12:53:48.0464 PM
[ReportManager] Initial URL: [data:,] @17-01-2022 12:53:48.0531 PM
[ReportManager] Browser Action [NavigateToURL] successfully performed. With the following test data [https://www.google.com/ncr]. @17-01-2022 12:53:49.0519 P

################################################################################################################################################
Starting Execution:	[5 out of 23] test cases in the current suite
Test Method:		[tests.gui.google.B_Search_FlatTest_SHAFT.searchForQueryAndAssertFirstResultTextIsCorrect]
################################################################################################################################################
[ReportManager] Element Action [Type] successfully performed. With the following test data [SHAFT_Engine]. @17-01-2022 12:53:49.0942 PM
[ReportManager] Element Action [KeyPress] successfully performed. With the following test data [ENTER]. @17-01-2022 12:53:51.0526 PM
[ReportManager] Element Action [GetText] successfully performed. With the following test data [SHAFT_ENGINE is a Test Automation Engine that ... - GitHub]. @17-01-2022 12:53:51.0635 PM
[ReportManager] Loaded Shared OpenCV @17-01-2022 12:53:51.0988 PM
[ReportManager] Assertion Failed: Asserting that the correct first result is displayed @17-01-2022 12:53:52.0240 PM
[ReportManager] Successfully created attachment [Screenshot - 1642424031988_searchForQueryAndAssertFirstResultTextIsCorrect_ValidateElementAttribute_failed] @17-01-2022 12:53:52.0254 PM
[ReportManager] Assertion [ValidateElementAttribute] FAILED. Expected [Value Should be 'MohabMohie' for the 'Text' attribute, element locator 'By.xpath: (//h1[contains(text(),'Search Result')]/following-sibling::div//a/h3)[1]'] and Actual [SHAFT_ENGINE is a Test Automation Engine that ... - GitHub]. Comparison Type [CONTAINS]. Validation Type [POSITIVE]. @17-01-2022 12:53:52.0254 P
[ReportManager] Browser Action [CloseCurrentWindow] successfully performed. @17-01-2022 12:53:52.0555 PM
[ReportManager] Successfully created attachment [Browser Action Test Data - CloseCurrentWindow - Actual Value] @17-01-2022 12:53:52.0576 P
[ReportManager] An Exception Occured with this Message: src/test/resources/testDataFiles/Google/SimpleSearch.xlsx (No such file or directory). @17-01-2022 12:53:52.0586 PM
[ReportManager] Successfully created attachment [Exception Stack Trace - java.io.FileNotFoundException] @17-01-2022 12:53:52.0586 PM
[ReportManager] Couldn't find the desired file. [src/test/resources/testDataFiles/Google/SimpleSearch.xlsx]. @17-01-2022 12:53:52.0587 P


################################################################################################################################################
Starting Execution:	[6 out of 23] test cases in the current suite
Test Method:		[tests.gui.google.F_Search_PageObjectModel_Fluent.navigateToGoogleHomeAndAssertGoogleLogoIsDisplayed]
###############################################################################################################################################



################################################################################################################################################
Starting Execution:	[7 out of 23] test cases in the current suite
Test Method:		[tests.gui.google.F_Search_PageObjectModel_Fluent.navigateToGoogleHomeAndAssertPageTitle]
###############################################################################################################################################



################################################################################################################################################
Starting Execution:	[8 out of 23] test cases in the current suite
Test Method:		[tests.gui.google.F_Search_PageObjectModel_Fluent.searchForQueryAndAssertFirstResultTextIsCorrect]
###############################################################################################################################################

[ReportManager] File Action [GetAbsolutePath] successfully performed. With the following test data [Relative Folder Path: "target/downloadedFiles/"]. @17-01-2022 12:53:52.0619 PM
[ReportManager] Attempting to run remotely on: [Linux-64], [GoogleChrome], [http://localhost:4444/wd/hub], Headless Execution. @17-01-2022 12:53:52.0619 PM
[ReportManager] Successfully Opened [GoogleChrome]. @17-01-2022 12:53:52.0954 PM
[ReportManager] Target URL: [https://www.google.com/ncr], and after redirection: [https://www.google.com] @17-01-2022 12:53:52.0955 PM
[ReportManager] Initial URL: [data:,] @17-01-2022 12:53:53.0021 PM
[ReportManager] Browser Action [NavigateToURL] successfully performed. With the following test data [https://www.google.com/ncr]. @17-01-2022 12:53:54.0020 P

################################################################################################################################################
Starting Execution:	[9 out of 23] test cases in the current suite
Test Method:		[tests.gui.google.C_Search_PageObjectModel_Traditional.navigateToGoogleHomeAndAssertGoogleLogoIsDisplayed]
################################################################################################################################################
[ReportManager] Element Action [IsElementDisplayed] successfully performed. @17-01-2022 12:53:54.0131 PM
[ReportManager] Assertion Passed: Asserting that the Google logo is displayed @17-01-2022 12:53:54.0131 PM
[ReportManager] Assertion [ValidateTrue] PASSED. Expected [TRUE] and Actual [TRUE]. Validation Type [POSITIVE]. @17-01-2022 12:53:54.0131 P
[ReportManager] Browser Action [CloseCurrentWindow] successfully performed. @17-01-2022 12:53:54.0266 PM
[ReportManager] Successfully created attachment [Browser Action Test Data - CloseCurrentWindow - Actual Value] @17-01-2022 12:53:54.0267 P
[ReportManager] File Action [GetAbsolutePath] successfully performed. With the following test data [Relative Folder Path: "target/downloadedFiles/"]. @17-01-2022 12:53:54.0271 PM
[ReportManager] Attempting to run remotely on: [Linux-64], [GoogleChrome], [http://localhost:4444/wd/hub], Headless Execution. @17-01-2022 12:53:54.0271 PM
[ReportManager] Successfully Opened [GoogleChrome]. @17-01-2022 12:53:54.0472 PM
[ReportManager] Target URL: [https://www.google.com/ncr], and after redirection: [https://www.google.com] @17-01-2022 12:53:54.0472 PM
[ReportManager] Initial URL: [data:,] @17-01-2022 12:53:54.0541 PM
[ReportManager] Browser Action [NavigateToURL] successfully performed. With the following test data [https://www.google.com/ncr]. @17-01-2022 12:53:55.0564 P

################################################################################################################################################
Starting Execution:	[10 out of 23] test cases in the current suite
Test Method:		[tests.gui.google.C_Search_PageObjectModel_Traditional.navigateToGoogleHomeAndAssertPageTitle]
################################################################################################################################################
[ReportManager] Browser Action [GetCurrentWindowTitle] successfully performed. With the following test data [Google]. @17-01-2022 12:53:55.0608 PM
[ReportManager] Assertion Passed: Asserting that the page title is Google @17-01-2022 12:53:55.0609 PM
[ReportManager] Assertion [ValidateEquals] PASSED. Expected [Google] and Actual [Google]. Comparison Type [EQUALS]. Validation Type [POSITIVE]. @17-01-2022 12:53:55.0611 P
[ReportManager] Browser Action [CloseCurrentWindow] successfully performed. @17-01-2022 12:53:55.0736 PM
[ReportManager] Successfully created attachment [Browser Action Test Data - CloseCurrentWindow - Actual Value] @17-01-2022 12:53:55.0737 P
[ReportManager] File Action [GetAbsolutePath] successfully performed. With the following test data [Relative Folder Path: "target/downloadedFiles/"]. @17-01-2022 12:53:55.0743 PM
[ReportManager] Attempting to run remotely on: [Linux-64], [GoogleChrome], [http://localhost:4444/wd/hub], Headless Execution. @17-01-2022 12:53:55.0743 PM
[ReportManager] Successfully Opened [GoogleChrome]. @17-01-2022 12:53:55.0948 PM
[ReportManager] Target URL: [https://www.google.com/ncr], and after redirection: [https://www.google.com] @17-01-2022 12:53:55.0948 PM
[ReportManager] Initial URL: [data:,] @17-01-2022 12:53:56.0036 PM
[ReportManager] Browser Action [NavigateToURL] successfully performed. With the following test data [https://www.google.com/ncr]. @17-01-2022 12:53:57.0001 P

################################################################################################################################################
Starting Execution:	[11 out of 23] test cases in the current suite
Test Method:		[tests.gui.google.C_Search_PageObjectModel_Traditional.searchForQueryAndAssertFirstResultTextIsCorrect]
################################################################################################################################################
[ReportManager] Element Action [Type] successfully performed. With the following test data [SHAFT_Engine]. @17-01-2022 12:53:57.0387 PM
[ReportManager] Element Action [KeyPress] successfully performed. With the following test data [ENTER]. @17-01-2022 12:53:58.0802 PM
[ReportManager] Element Action [GetText] successfully performed. With the following test data [SHAFT_ENGINE is a Test Automation Engine that ... - GitHub]. @17-01-2022 12:53:58.0926 PM
[ReportManager] Assertion Failed: Asserting that the correct first result is displayed @17-01-2022 12:53:58.0926 PM
[ReportManager] Assertion [ValidateEquals] FAILED. Expected [MohabMohie] and Actual [SHAFT_ENGINE is a Test Automation Engine that ... - GitHub]. Comparison Type [CONTAINS]. Validation Type [POSITIVE]. @17-01-2022 12:53:58.0926 P
[ReportManager] Browser Action [CloseCurrentWindow] successfully performed. @17-01-2022 12:53:59.0128 PM
[ReportManager] Successfully created attachment [Browser Action Test Data - CloseCurrentWindow - Actual Value] @17-01-2022 12:53:59.0135 P
[ReportManager] An Exception Occured with this Message: src/test/resources/testDataFiles/Google/SimpleSearch.xlsx (No such file or directory). @17-01-2022 12:53:59.0143 PM
[ReportManager] Successfully created attachment [Exception Stack Trace - java.io.FileNotFoundException] @17-01-2022 12:53:59.0144 PM
[ReportManager] Couldn't find the desired file. [src/test/resources/testDataFiles/Google/SimpleSearch.xlsx]. @17-01-2022 12:53:59.0144 P


################################################################################################################################################
Starting Execution:	[12 out of 23] test cases in the current suite
Test Method:		[tests.gui.google.E_Search_PageObjectModel_Traditional_SHAFTAssertions.navigateToGoogleHomeAndAssertGoogleLogoIsDisplayed]
###############################################################################################################################################



################################################################################################################################################
Starting Execution:	[13 out of 23] test cases in the current suite
Test Method:		[tests.gui.google.E_Search_PageObjectModel_Traditional_SHAFTAssertions.navigateToGoogleHomeAndAssertPageTitle]
###############################################################################################################################################



################################################################################################################################################
Starting Execution:	[14 out of 23] test cases in the current suite
Test Method:		[tests.gui.google.E_Search_PageObjectModel_Traditional_SHAFTAssertions.searchForQueryAndAssertFirstResultTextIsCorrect]
###############################################################################################################################################

[ReportManager] An Exception Occured with this Message: src/test/resources/testDataFiles/Google/SimpleSearch.xlsx (No such file or directory). @17-01-2022 12:53:59.0169 PM
[ReportManager] Successfully created attachment [Exception Stack Trace - java.io.FileNotFoundException] @17-01-2022 12:53:59.0170 PM
[ReportManager] Couldn't find the desired file. [src/test/resources/testDataFiles/Google/SimpleSearch.xlsx]. @17-01-2022 12:53:59.0170 P


################################################################################################################################################
Starting Execution:	[15 out of 23] test cases in the current suite
Test Method:		[tests.gui.google.G_Search_PageObjectModel_ThreadSafe.navigateToGoogleHomeAndAssertGoogleLogoIsDisplayed]
###############################################################################################################################################



################################################################################################################################################
Starting Execution:	[16 out of 23] test cases in the current suite
Test Method:		[tests.gui.google.G_Search_PageObjectModel_ThreadSafe.navigateToGoogleHomeAndAssertPageTitle]
###############################################################################################################################################



################################################################################################################################################
Starting Execution:	[17 out of 23] test cases in the current suite
Test Method:		[tests.gui.google.G_Search_PageObjectModel_ThreadSafe.searchForQueryAndAssertFirstResultTextIsCorrect]
###############################################################################################################################################

[ReportManager] An Exception Occured with this Message: src/test/resources/testDataFiles/Google/SimpleSearch.xlsx (No such file or directory). @17-01-2022 12:53:59.0189 PM
[ReportManager] Successfully created attachment [Exception Stack Trace - java.io.FileNotFoundException] @17-01-2022 12:53:59.0189 PM
[ReportManager] Couldn't find the desired file. [src/test/resources/testDataFiles/Google/SimpleSearch.xlsx]. @17-01-2022 12:53:59.0189 P


################################################################################################################################################
Starting Execution:	[18 out of 23] test cases in the current suite
Test Method:		[tests.gui.google.D_Search_PageObjectModel_Traditional_DataDriven.navigateToGoogleHomeAndAssertGoogleLogoIsDisplayed]
###############################################################################################################################################



################################################################################################################################################
Starting Execution:	[19 out of 23] test cases in the current suite
Test Method:		[tests.gui.google.D_Search_PageObjectModel_Traditional_DataDriven.navigateToGoogleHomeAndAssertPageTitle]
###############################################################################################################################################



################################################################################################################################################
Starting Execution:	[20 out of 23] test cases in the current suite
Test Method:		[tests.gui.google.D_Search_PageObjectModel_Traditional_DataDriven.searchForQueryAndAssertFirstResultTextIsCorrect]
###############################################################################################################################################




################################################################################################################################################
Starting Execution:	[21 out of 23] test cases in the current suite
Test Method:		[tests.gui.google.A_Search_FlatTest_NativeSeleniumWebDriver.navigateToGoogleHomeAndAssertGoogleLogoIsDisplayed]
###############################################################################################################################################



################################################################################################################################################
Starting Execution:	[22 out of 23] test cases in the current suite
Test Method:		[tests.gui.google.A_Search_FlatTest_NativeSeleniumWebDriver.navigateToGoogleHomeAndAssertPageTitle]
###############################################################################################################################################



################################################################################################################################################
Starting Execution:	[23 out of 23] test cases in the current suite
Test Method:		[tests.gui.google.A_Search_FlatTest_NativeSeleniumWebDriver.searchForQueryAndAssertFirstResultTextIsCorrect]
###############################################################################################################################################

[ReportManager] Successfully created attachment [SHAFT Engine Logs - Execution log] @17-01-2022 12:54:19.0973 PM

################################################################################################################################################
This test run was powered by SHAFT Engine Version: [SHAFT Engine v5.4.20211117-BETA]
SHAFT Engine is licensed under the MIT License: [https://github.com/MohabMohie/SHAFT_ENGINE/blob/master/LICENSE].
################################################################################################################################################