{
  "uid" : "e7b3fc683f8c9532",
  "name" : "navigateToGoogleHomeAndAssertPageTitle",
  "fullName" : "tests.gui.google.D_Search_PageObjectModel_Traditional_DataDriven.navigateToGoogleHomeAndAssertPageTitle",
  "historyId" : "6dcb6d0563b53516b5d3e540f25e6f77",
  "time" : {
    "start" : 1642510393129,
    "stop" : 1642510393137,
    "duration" : 8
  },
  "status" : "skipped",
  "statusMessage" : "Couldn't find the desired file. [src/test/resources/testDataFiles/Google/SimpleSearch.xlsx].",
  "statusTrace" : "java.lang.AssertionError: Couldn't find the desired file. [src/test/resources/testDataFiles/Google/SimpleSearch.xlsx].\n\tat org.testng.Assert.fail(Assert.java:99)\n\tat com.shaft.tools.io.ExcelFileManager.<init>(ExcelFileManager.java:48)\n\tat tests.gui.google.D_Search_PageObjectModel_Traditional_DataDriven.beforeClass(D_Search_PageObjectModel_Traditional_DataDriven.java:46)\n\tat java.base/jdk.internal.reflect.NativeMethodAccessorImpl.invoke0(Native Method)\n\tat java.base/jdk.internal.reflect.NativeMethodAccessorImpl.invoke(NativeMethodAccessorImpl.java:77)\n\tat java.base/jdk.internal.reflect.DelegatingMethodAccessorImpl.invoke(DelegatingMethodAccessorImpl.java:43)\n\tat java.base/java.lang.reflect.Method.invoke(Method.java:568)\n\tat org.testng.internal.MethodInvocationHelper.invokeMethod(MethodInvocationHelper.java:133)\n\tat org.testng.internal.MethodInvocationHelper.invokeMethodConsideringTimeout(MethodInvocationHelper.java:62)\n\tat org.testng.internal.ConfigInvoker.invokeConfigurationMethod(ConfigInvoker.java:385)\n\tat org.testng.internal.ConfigInvoker.invokeConfigurations(ConfigInvoker.java:321)\n\tat org.testng.internal.TestMethodWorker.invokeBeforeClassMethods(TestMethodWorker.java:176)\n\tat org.testng.internal.TestMethodWorker.run(TestMethodWorker.java:122)\n\tat java.base/java.util.ArrayList.forEach(ArrayList.java:1511)\n\tat org.testng.TestRunner.privateRun(TestRunner.java:794)\n\tat org.testng.TestRunner.run(TestRunner.java:596)\n\tat org.testng.SuiteRunner.runTest(SuiteRunner.java:377)\n\tat org.testng.SuiteRunner.runSequentially(SuiteRunner.java:371)\n\tat org.testng.SuiteRunner.privateRun(SuiteRunner.java:332)\n\tat org.testng.SuiteRunner.run(SuiteRunner.java:276)\n\tat org.testng.SuiteRunnerWorker.runSuite(SuiteRunnerWorker.java:53)\n\tat org.testng.SuiteRunnerWorker.run(SuiteRunnerWorker.java:96)\n\tat org.testng.TestNG.runSuitesSequentially(TestNG.java:1212)\n\tat org.testng.TestNG.runSuitesLocally(TestNG.java:1134)\n\tat org.testng.TestNG.runSuites(TestNG.java:1063)\n\tat org.testng.TestNG.run(TestNG.java:1031)\n\tat org.apache.maven.surefire.testng.TestNGExecutor.run(TestNGExecutor.java:136)\n\tat org.apache.maven.surefire.testng.TestNGDirectoryTestSuite.executeMulti(TestNGDirectoryTestSuite.java:193)\n\tat org.apache.maven.surefire.testng.TestNGDirectoryTestSuite.execute(TestNGDirectoryTestSuite.java:94)\n\tat org.apache.maven.surefire.testng.TestNGProvider.invoke(TestNGProvider.java:145)\n\tat org.apache.maven.surefire.booter.ForkedBooter.runSuitesInProcess(ForkedBooter.java:428)\n\tat org.apache.maven.surefire.booter.ForkedBooter.execute(ForkedBooter.java:162)\n\tat org.apache.maven.surefire.booter.ForkedBooter.run(ForkedBooter.java:562)\n\tat org.apache.maven.surefire.booter.ForkedBooter.main(ForkedBooter.java:548)\n",
  "flaky" : false,
  "newFailed" : false,
  "beforeStages" : [ {
    "name" : "beforeClass",
    "time" : {
      "start" : 1642510393088,
      "stop" : 1642510393092,
      "duration" : 4
    },
    "description" : "",
    "status" : "failed",
    "statusMessage" : "Couldn't find the desired file. [src/test/resources/testDataFiles/Google/SimpleSearch.xlsx].",
    "statusTrace" : "java.lang.AssertionError: Couldn't find the desired file. [src/test/resources/testDataFiles/Google/SimpleSearch.xlsx].\n\tat org.testng.Assert.fail(Assert.java:99)\n\tat com.shaft.tools.io.ExcelFileManager.<init>(ExcelFileManager.java:48)\n\tat tests.gui.google.D_Search_PageObjectModel_Traditional_DataDriven.beforeClass(D_Search_PageObjectModel_Traditional_DataDriven.java:46)\n\tat java.base/jdk.internal.reflect.NativeMethodAccessorImpl.invoke0(Native Method)\n\tat java.base/jdk.internal.reflect.NativeMethodAccessorImpl.invoke(NativeMethodAccessorImpl.java:77)\n\tat java.base/jdk.internal.reflect.DelegatingMethodAccessorImpl.invoke(DelegatingMethodAccessorImpl.java:43)\n\tat java.base/java.lang.reflect.Method.invoke(Method.java:568)\n\tat org.testng.internal.MethodInvocationHelper.invokeMethod(MethodInvocationHelper.java:133)\n\tat org.testng.internal.MethodInvocationHelper.invokeMethodConsideringTimeout(MethodInvocationHelper.java:62)\n\tat org.testng.internal.ConfigInvoker.invokeConfigurationMethod(ConfigInvoker.java:385)\n\tat org.testng.internal.ConfigInvoker.invokeConfigurations(ConfigInvoker.java:321)\n\tat org.testng.internal.TestMethodWorker.invokeBeforeClassMethods(TestMethodWorker.java:176)\n\tat org.testng.internal.TestMethodWorker.run(TestMethodWorker.java:122)\n\tat java.base/java.util.ArrayList.forEach(ArrayList.java:1511)\n\tat org.testng.TestRunner.privateRun(TestRunner.java:794)\n\tat org.testng.TestRunner.run(TestRunner.java:596)\n\tat org.testng.SuiteRunner.runTest(SuiteRunner.java:377)\n\tat org.testng.SuiteRunner.runSequentially(SuiteRunner.java:371)\n\tat org.testng.SuiteRunner.privateRun(SuiteRunner.java:332)\n\tat org.testng.SuiteRunner.run(SuiteRunner.java:276)\n\tat org.testng.SuiteRunnerWorker.runSuite(SuiteRunnerWorker.java:53)\n\tat org.testng.SuiteRunnerWorker.run(SuiteRunnerWorker.java:96)\n\tat org.testng.TestNG.runSuitesSequentially(TestNG.java:1212)\n\tat org.testng.TestNG.runSuitesLocally(TestNG.java:1134)\n\tat org.testng.TestNG.runSuites(TestNG.java:1063)\n\tat org.testng.TestNG.run(TestNG.java:1031)\n\tat org.apache.maven.surefire.testng.TestNGExecutor.run(TestNGExecutor.java:136)\n\tat org.apache.maven.surefire.testng.TestNGDirectoryTestSuite.executeMulti(TestNGDirectoryTestSuite.java:193)\n\tat org.apache.maven.surefire.testng.TestNGDirectoryTestSuite.execute(TestNGDirectoryTestSuite.java:94)\n\tat org.apache.maven.surefire.testng.TestNGProvider.invoke(TestNGProvider.java:145)\n\tat org.apache.maven.surefire.booter.ForkedBooter.runSuitesInProcess(ForkedBooter.java:428)\n\tat org.apache.maven.surefire.booter.ForkedBooter.execute(ForkedBooter.java:162)\n\tat org.apache.maven.surefire.booter.ForkedBooter.run(ForkedBooter.java:562)\n\tat org.apache.maven.surefire.booter.ForkedBooter.main(ForkedBooter.java:548)\n",
    "steps" : [ {
      "name" : "An Exception Occured with this Message: src/test/resources/testDataFiles/Google/SimpleSearch.xlsx (No such file or directory).",
      "time" : {
        "start" : 1642510393092,
        "stop" : 1642510393092,
        "duration" : 0
      },
      "status" : "passed",
      "steps" : [ ],
      "attachments" : [ {
        "uid" : "367bd037bf35b4b8",
        "name" : "Attachment: Exception Stack Trace - java.io.FileNotFoundException",
        "source" : "367bd037bf35b4b8.txt",
        "type" : "text/plain",
        "size" : 2805
      } ],
      "parameters" : [ {
        "name" : "actionCounter",
        "value" : "54"
      }, {
        "name" : "logText",
        "value" : "An Exception Occured with this Message: src/test/resources/testDataFiles/Google/SimpleSearch.xlsx (No such file or directory)."
      }, {
        "name" : "attachments",
        "value" : "[[Exception Stack Trace, java.io.FileNotFoundException, java.io.FileNotFoundException:\nsrc/test/resources/testDataFiles/Google/SimpleSearch.xlsx (No such file or directory)\njava.base/java.io.FileInputStream.open0(Native Method)\njava.base/java.io.FileInputStream.open(FileInputStream.java:216)\njava.base/java.io.FileInputStream.<init>(FileInputStream.java:157)\njava.base/java.io.FileInputStream.<init>(FileInputStream.java:111)\ncom.shaft.tools.io.ExcelFileManager.<init>(ExcelFileManager.java:41)\ntests.gui.google.D_Search_PageObjectModel_Traditional_DataDriven.beforeClass(D_Search_PageObjectModel_Traditional_DataDriven.java:46)\njava.base/jdk.internal.reflect.NativeMethodAccessorImpl.invoke0(Native Method)\njava.base/jdk.internal.reflect.NativeMethodAccessorImpl.invoke(NativeMethodAccessorImpl.java:77)\njava.base/jdk.internal.reflect.DelegatingMethodAccessorImpl.invoke(DelegatingMethodAccessorImpl.java:43)\njava.base/java.lang.reflect.Method.invoke(Method.java:568)\norg.testng.internal.MethodInvocationHelper.invokeMethod(MethodInvocationHelper.java:133)\norg.testng.internal.MethodInvocationHelper.invokeMethodConsideringTimeout(MethodInvocationHelper.java:62)\norg.testng.internal.ConfigInvoker.invokeConfigurationMethod(ConfigInvoker.java:385)\norg.testng.internal.ConfigInvoker.invokeConfigurations(ConfigInvoker.java:321)\norg.testng.internal.TestMethodWorker.invokeBeforeClassMethods(TestMethodWorker.java:176)\norg.testng.internal.TestMethodWorker.run(TestMethodWorker.java:122)\njava.base/java.util.ArrayList.forEach(ArrayList.java:1511)\norg.testng.TestRunner.privateRun(TestRunner.java:794)\norg.testng.TestRunner.run(TestRunner.java:596)\norg.testng.SuiteRunner.runTest(SuiteRunner.java:377)\norg.testng.SuiteRunner.runSequentially(SuiteRunner.java:371)\norg.testng.SuiteRunner.privateRun(SuiteRunner.java:332)\norg.testng.SuiteRunner.run(SuiteRunner.java:276)\norg.testng.SuiteRunnerWorker.runSuite(SuiteRunnerWorker.java:53)\norg.testng.SuiteRunnerWorker.run(SuiteRunnerWorker.java:96)\norg.testng.TestNG.runSuitesSequentially(TestNG.java:1212)\norg.testng.TestNG.runSuitesLocally(TestNG.java:1134)\norg.testng.TestNG.runSuites(TestNG.java:1063)\norg.testng.TestNG.run(TestNG.java:1031)\norg.apache.maven.surefire.testng.TestNGExecutor.run(TestNGExecutor.java:136)\norg.apache.maven.surefire.testng.TestNGDirectoryTestSuite.executeMulti(TestNGDirectoryTestSuite.java:193)\norg.apache.maven.surefire.testng.TestNGDirectoryTestSuite.execute(TestNGDirectoryTestSuite.java:94)\norg.apache.maven.surefire.testng.TestNGProvider.invoke(TestNGProvider.java:145)\norg.apache.maven.surefire.booter.ForkedBooter.runSuitesInProcess(ForkedBooter.java:428)\norg.apache.maven.surefire.booter.ForkedBooter.execute(ForkedBooter.java:162)\norg.apache.maven.surefire.booter.ForkedBooter.run(ForkedBooter.java:562)\norg.apache.maven.surefire.booter.ForkedBooter.main(ForkedBooter.java:548)\n]]"
      } ],
      "stepsCount" : 0,
      "attachmentsCount" : 1,
      "shouldDisplayMessage" : false,
      "hasContent" : true
    }, {
      "name" : "Couldn't find the desired file. [src/test/resources/testDataFiles/Google/SimpleSearch.xlsx].",
      "time" : {
        "start" : 1642510393092,
        "stop" : 1642510393092,
        "duration" : 0
      },
      "status" : "passed",
      "steps" : [ ],
      "attachments" : [ ],
      "parameters" : [ {
        "name" : "actionCounter",
        "value" : "56"
      }, {
        "name" : "logText",
        "value" : "Couldn't find the desired file. [src/test/resources/testDataFiles/Google/SimpleSearch.xlsx]."
      } ],
      "stepsCount" : 0,
      "attachmentsCount" : 0,
      "shouldDisplayMessage" : false,
      "hasContent" : true
    } ],
    "attachments" : [ ],
    "parameters" : [ ],
    "stepsCount" : 2,
    "attachmentsCount" : 1,
    "shouldDisplayMessage" : true,
    "hasContent" : true
  }, {
    "name" : "beforeMethod",
    "time" : {
      "start" : 1642510393122,
      "stop" : 1642510393122,
      "duration" : 0
    },
    "description" : "",
    "status" : "broken",
    "steps" : [ ],
    "attachments" : [ ],
    "parameters" : [ ],
    "stepsCount" : 0,
    "attachmentsCount" : 0,
    "shouldDisplayMessage" : false,
    "hasContent" : false
  }, {
    "name" : "setupActivities",
    "time" : {
      "start" : 1642510369593,
      "stop" : 1642510370335,
      "duration" : 742
    },
    "description" : "",
    "status" : "passed",
    "steps" : [ {
      "name" : "Folder [extent-reports] was not found, it may have already been deleted.",
      "time" : {
        "start" : 1642510369722,
        "stop" : 1642510369724,
        "duration" : 2
      },
      "status" : "passed",
      "steps" : [ ],
      "attachments" : [ ],
      "parameters" : [ {
        "name" : "actionCounter",
        "value" : "1"
      }, {
        "name" : "logText",
        "value" : "Folder [extent-reports] was not found, it may have already been deleted."
      } ],
      "stepsCount" : 0,
      "attachmentsCount" : 0,
      "shouldDisplayMessage" : false,
      "hasContent" : true
    } ],
    "attachments" : [ {
      "uid" : "c7c79ad19df05334",
      "name" : "Attachment: SHAFT Links - Important",
      "source" : "c7c79ad19df05334.uri",
      "type" : "text/uri-list",
      "size" : 346
    }, {
      "uid" : "40ddc1f77119b114",
      "name" : "Attachment: Properties - ExecutionPlatform",
      "source" : "40ddc1f77119b114.properties",
      "type" : "text/plain",
      "size" : 394
    } ],
    "parameters" : [ ],
    "stepsCount" : 1,
    "attachmentsCount" : 2,
    "shouldDisplayMessage" : false,
    "hasContent" : true
  } ],
  "testStage" : {
    "status" : "skipped",
    "statusMessage" : "Couldn't find the desired file. [src/test/resources/testDataFiles/Google/SimpleSearch.xlsx].",
    "statusTrace" : "java.lang.AssertionError: Couldn't find the desired file. [src/test/resources/testDataFiles/Google/SimpleSearch.xlsx].\n\tat org.testng.Assert.fail(Assert.java:99)\n\tat com.shaft.tools.io.ExcelFileManager.<init>(ExcelFileManager.java:48)\n\tat tests.gui.google.D_Search_PageObjectModel_Traditional_DataDriven.beforeClass(D_Search_PageObjectModel_Traditional_DataDriven.java:46)\n\tat java.base/jdk.internal.reflect.NativeMethodAccessorImpl.invoke0(Native Method)\n\tat java.base/jdk.internal.reflect.NativeMethodAccessorImpl.invoke(NativeMethodAccessorImpl.java:77)\n\tat java.base/jdk.internal.reflect.DelegatingMethodAccessorImpl.invoke(DelegatingMethodAccessorImpl.java:43)\n\tat java.base/java.lang.reflect.Method.invoke(Method.java:568)\n\tat org.testng.internal.MethodInvocationHelper.invokeMethod(MethodInvocationHelper.java:133)\n\tat org.testng.internal.MethodInvocationHelper.invokeMethodConsideringTimeout(MethodInvocationHelper.java:62)\n\tat org.testng.internal.ConfigInvoker.invokeConfigurationMethod(ConfigInvoker.java:385)\n\tat org.testng.internal.ConfigInvoker.invokeConfigurations(ConfigInvoker.java:321)\n\tat org.testng.internal.TestMethodWorker.invokeBeforeClassMethods(TestMethodWorker.java:176)\n\tat org.testng.internal.TestMethodWorker.run(TestMethodWorker.java:122)\n\tat java.base/java.util.ArrayList.forEach(ArrayList.java:1511)\n\tat org.testng.TestRunner.privateRun(TestRunner.java:794)\n\tat org.testng.TestRunner.run(TestRunner.java:596)\n\tat org.testng.SuiteRunner.runTest(SuiteRunner.java:377)\n\tat org.testng.SuiteRunner.runSequentially(SuiteRunner.java:371)\n\tat org.testng.SuiteRunner.privateRun(SuiteRunner.java:332)\n\tat org.testng.SuiteRunner.run(SuiteRunner.java:276)\n\tat org.testng.SuiteRunnerWorker.runSuite(SuiteRunnerWorker.java:53)\n\tat org.testng.SuiteRunnerWorker.run(SuiteRunnerWorker.java:96)\n\tat org.testng.TestNG.runSuitesSequentially(TestNG.java:1212)\n\tat org.testng.TestNG.runSuitesLocally(TestNG.java:1134)\n\tat org.testng.TestNG.runSuites(TestNG.java:1063)\n\tat org.testng.TestNG.run(TestNG.java:1031)\n\tat org.apache.maven.surefire.testng.TestNGExecutor.run(TestNGExecutor.java:136)\n\tat org.apache.maven.surefire.testng.TestNGDirectoryTestSuite.executeMulti(TestNGDirectoryTestSuite.java:193)\n\tat org.apache.maven.surefire.testng.TestNGDirectoryTestSuite.execute(TestNGDirectoryTestSuite.java:94)\n\tat org.apache.maven.surefire.testng.TestNGProvider.invoke(TestNGProvider.java:145)\n\tat org.apache.maven.surefire.booter.ForkedBooter.runSuitesInProcess(ForkedBooter.java:428)\n\tat org.apache.maven.surefire.booter.ForkedBooter.execute(ForkedBooter.java:162)\n\tat org.apache.maven.surefire.booter.ForkedBooter.run(ForkedBooter.java:562)\n\tat org.apache.maven.surefire.booter.ForkedBooter.main(ForkedBooter.java:548)\n",
    "steps" : [ ],
    "attachments" : [ {
      "uid" : "27fa72a04f03989d",
      "name" : "Attachment: SHAFT Engine Logs - Current Method log: navigateToGoogleHomeAndAssertPageTitle",
      "source" : "27fa72a04f03989d.txt",
      "type" : "text/plain",
      "size" : 476
    } ],
    "parameters" : [ ],
    "stepsCount" : 0,
    "attachmentsCount" : 1,
    "shouldDisplayMessage" : true,
    "hasContent" : true
  },
  "afterStages" : [ {
    "name" : "afterMethod",
    "time" : {
      "start" : 1642510393138,
      "stop" : 1642510393138,
      "duration" : 0
    },
    "description" : "",
    "status" : "broken",
    "steps" : [ ],
    "attachments" : [ ],
    "parameters" : [ ],
    "stepsCount" : 0,
    "attachmentsCount" : 0,
    "shouldDisplayMessage" : false,
    "hasContent" : false
  }, {
    "name" : "teardownActivities",
    "time" : {
      "start" : 1642510413273,
      "stop" : 1642510413485,
      "duration" : 212
    },
    "description" : "",
    "status" : "passed",
    "steps" : [ {
      "name" : "Successfully Closed All Drivers.",
      "time" : {
        "start" : 1642510413273,
        "stop" : 1642510413273,
        "duration" : 0
      },
      "status" : "passed",
      "steps" : [ ],
      "attachments" : [ ],
      "parameters" : [ {
        "name" : "actionCounter",
        "value" : "57"
      }, {
        "name" : "logText",
        "value" : "Successfully Closed All Drivers."
      } ],
      "stepsCount" : 0,
      "attachmentsCount" : 0,
      "shouldDisplayMessage" : false,
      "hasContent" : true
    }, {
      "name" : "Issue Summary: Total Issues = 2, New issues for Failed Tests = 2, Open issues for Passed Tests = 0, Open issues for Failed Tests = 0. Kindly check the attached Issue details.",
      "time" : {
        "start" : 1642510413284,
        "stop" : 1642510413284,
        "duration" : 0
      },
      "status" : "passed",
      "steps" : [ ],
      "attachments" : [ {
        "uid" : "5db5af09c1bfe4b6",
        "name" : "Attachment: SHAFT Engine Logs - Issues log CSV: 20220118-125333",
        "source" : "5db5af09c1bfe4b6.csv",
        "type" : "text/csv",
        "size" : 342
      } ],
      "parameters" : [ {
        "name" : "actionCounter",
        "value" : "58"
      }, {
        "name" : "logText",
        "value" : "Issue Summary: Total Issues = 2, New issues for Failed Tests = 2, Open issues for Passed Tests = 0, Open issues for Failed Tests = 0. Kindly check the attached Issue details."
      }, {
        "name" : "attachments",
        "value" : "[[SHAFT Engine Logs, Issues log CSV: 20220118-125333, java.io.ByteArrayInputStream@d95b04e]]"
      } ],
      "stepsCount" : 0,
      "attachmentsCount" : 1,
      "shouldDisplayMessage" : false,
      "hasContent" : true
    } ],
    "attachments" : [ {
      "uid" : "cf7fc544685bc96e",
      "name" : "Attachment: SHAFT Engine Logs - Execution log: 20220118-125333",
      "source" : "cf7fc544685bc96e.txt",
      "type" : "text/plain",
      "size" : 29546
    }, {
      "uid" : "fad90f34ce692543",
      "name" : "Attachment: HTML - Extent Emailable Execution Report",
      "source" : "fad90f34ce692543.html",
      "type" : "text/html",
      "size" : 787676
    } ],
    "parameters" : [ ],
    "stepsCount" : 2,
    "attachmentsCount" : 3,
    "shouldDisplayMessage" : false,
    "hasContent" : true
  } ],
  "labels" : [ {
    "name" : "package",
    "value" : "tests.gui.google.D_Search_PageObjectModel_Traditional_DataDriven"
  }, {
    "name" : "testClass",
    "value" : "tests.gui.google.D_Search_PageObjectModel_Traditional_DataDriven"
  }, {
    "name" : "testMethod",
    "value" : "navigateToGoogleHomeAndAssertPageTitle"
  }, {
    "name" : "parentSuite",
    "value" : "SHAFT: Custom Suite"
  }, {
    "name" : "suite",
    "value" : "SHAFT: Custom Test"
  }, {
    "name" : "subSuite",
    "value" : "tests.gui.google.D_Search_PageObjectModel_Traditional_DataDriven"
  }, {
    "name" : "host",
    "value" : "fv-az42-839"
  }, {
    "name" : "thread",
    "value" : "3740@fv-az42-839.main(1)"
  }, {
    "name" : "framework",
    "value" : "testng"
  }, {
    "name" : "language",
    "value" : "java"
  }, {
    "name" : "resultFormat",
    "value" : "allure2"
  } ],
  "parameters" : [ ],
  "links" : [ ],
  "hidden" : false,
  "retry" : false,
  "extra" : {
    "severity" : "normal",
    "retries" : [ ],
    "categories" : [ ],
    "history" : {
      "statistic" : {
        "failed" : 0,
        "broken" : 0,
        "skipped" : 49,
        "passed" : 0,
        "unknown" : 0,
        "total" : 49
      },
      "items" : [ {
        "uid" : "c38adedb199d761d",
        "reportUrl" : "https://Dorgham4.github.io/io.github.alidorgham/allure/220//#testresult/c38adedb199d761d",
        "status" : "skipped",
        "statusDetails" : "Couldn't find the desired file. [src/test/resources/testDataFiles/Google/SimpleSearch.xlsx].",
        "time" : {
          "start" : 1642487715171,
          "stop" : 1642487715176,
          "duration" : 5
        }
      }, {
        "uid" : "c7bdd68b296053b6",
        "reportUrl" : "https://Dorgham4.github.io/io.github.alidorgham/allure/219//#testresult/c7bdd68b296053b6",
        "status" : "skipped",
        "statusDetails" : "Couldn't find the desired file. [src/test/resources/testDataFiles/Google/SimpleSearch.xlsx].",
        "time" : {
          "start" : 1642470003563,
          "stop" : 1642470003565,
          "duration" : 2
        }
      }, {
        "uid" : "bd99e19b8dcaaef",
        "reportUrl" : "https://Dorgham4.github.io/io.github.alidorgham/allure/218//#testresult/bd99e19b8dcaaef",
        "status" : "skipped",
        "statusDetails" : "Couldn't find the desired file. [src/test/resources/testDataFiles/Google/SimpleSearch.xlsx].",
        "time" : {
          "start" : 1642444783556,
          "stop" : 1642444783558,
          "duration" : 2
        }
      }, {
        "uid" : "56f981fe492c3f9d",
        "reportUrl" : "https://Dorgham4.github.io/io.github.alidorgham/allure/217//#testresult/56f981fe492c3f9d",
        "status" : "skipped",
        "statusDetails" : "Couldn't find the desired file. [src/test/resources/testDataFiles/Google/SimpleSearch.xlsx].",
        "time" : {
          "start" : 1642424039201,
          "stop" : 1642424039202,
          "duration" : 1
        }
      }, {
        "uid" : "1c8745b811d12f47",
        "reportUrl" : "https://Dorgham4.github.io/io.github.alidorgham/allure/216//#testresult/1c8745b811d12f47",
        "status" : "skipped",
        "statusDetails" : "Couldn't find the desired file. [src/test/resources/testDataFiles/Google/SimpleSearch.xlsx].",
        "time" : {
          "start" : 1642401712295,
          "stop" : 1642401712295,
          "duration" : 0
        }
      }, {
        "uid" : "130272d437b68b03",
        "reportUrl" : "https://Dorgham4.github.io/io.github.alidorgham/allure/215//#testresult/130272d437b68b03",
        "status" : "skipped",
        "statusDetails" : "Couldn't find the desired file. [src/test/resources/testDataFiles/Google/SimpleSearch.xlsx].",
        "time" : {
          "start" : 1642383530785,
          "stop" : 1642383530786,
          "duration" : 1
        }
      }, {
        "uid" : "ff18732ed76bfc23",
        "reportUrl" : "https://Dorgham4.github.io/io.github.alidorgham/allure/214//#testresult/ff18732ed76bfc23",
        "status" : "skipped",
        "statusDetails" : "Couldn't find the desired file. [src/test/resources/testDataFiles/Google/SimpleSearch.xlsx].",
        "time" : {
          "start" : 1642358287695,
          "stop" : 1642358287696,
          "duration" : 1
        }
      }, {
        "uid" : "fd9dfda534263a39",
        "reportUrl" : "https://Dorgham4.github.io/io.github.alidorgham/allure/213//#testresult/fd9dfda534263a39",
        "status" : "skipped",
        "statusDetails" : "Couldn't find the desired file. [src/test/resources/testDataFiles/Google/SimpleSearch.xlsx].",
        "time" : {
          "start" : 1642337479615,
          "stop" : 1642337479616,
          "duration" : 1
        }
      }, {
        "uid" : "a3d420d4b1a2d889",
        "reportUrl" : "https://Dorgham4.github.io/io.github.alidorgham/allure/212//#testresult/a3d420d4b1a2d889",
        "status" : "skipped",
        "statusDetails" : "Couldn't find the desired file. [src/test/resources/testDataFiles/Google/SimpleSearch.xlsx].",
        "time" : {
          "start" : 1642315200494,
          "stop" : 1642315200496,
          "duration" : 2
        }
      }, {
        "uid" : "88532e965925aab9",
        "reportUrl" : "https://Dorgham4.github.io/io.github.alidorgham/allure/211//#testresult/88532e965925aab9",
        "status" : "skipped",
        "statusDetails" : "Couldn't find the desired file. [src/test/resources/testDataFiles/Google/SimpleSearch.xlsx].",
        "time" : {
          "start" : 1642297325320,
          "stop" : 1642297325320,
          "duration" : 0
        }
      }, {
        "uid" : "ee2961f1bc5c43ad",
        "reportUrl" : "https://Dorgham4.github.io/io.github.alidorgham/allure/210//#testresult/ee2961f1bc5c43ad",
        "status" : "skipped",
        "statusDetails" : "Couldn't find the desired file. [src/test/resources/testDataFiles/Google/SimpleSearch.xlsx].",
        "time" : {
          "start" : 1642271927796,
          "stop" : 1642271927798,
          "duration" : 2
        }
      }, {
        "uid" : "ec5569d8ef5b7ed1",
        "reportUrl" : "https://Dorgham4.github.io/io.github.alidorgham/allure/209//#testresult/ec5569d8ef5b7ed1",
        "status" : "skipped",
        "statusDetails" : "Couldn't find the desired file. [src/test/resources/testDataFiles/Google/SimpleSearch.xlsx].",
        "time" : {
          "start" : 1642251075461,
          "stop" : 1642251075462,
          "duration" : 1
        }
      }, {
        "uid" : "be1547db88e0fa7",
        "reportUrl" : "https://Dorgham4.github.io/io.github.alidorgham/allure/208//#testresult/be1547db88e0fa7",
        "status" : "skipped",
        "statusDetails" : "Couldn't find the desired file. [src/test/resources/testDataFiles/Google/SimpleSearch.xlsx].",
        "time" : {
          "start" : 1642228792249,
          "stop" : 1642228792250,
          "duration" : 1
        }
      }, {
        "uid" : "da4bca8d29a440c6",
        "reportUrl" : "https://Dorgham4.github.io/io.github.alidorgham/allure/207//#testresult/da4bca8d29a440c6",
        "status" : "skipped",
        "statusDetails" : "Couldn't find the desired file. [src/test/resources/testDataFiles/Google/SimpleSearch.xlsx].",
        "time" : {
          "start" : 1642210593795,
          "stop" : 1642210593795,
          "duration" : 0
        }
      }, {
        "uid" : "b31cf4d21359afe3",
        "reportUrl" : "https://Dorgham4.github.io/io.github.alidorgham/allure/206//#testresult/b31cf4d21359afe3",
        "status" : "skipped",
        "statusDetails" : "Couldn't find the desired file. [src/test/resources/testDataFiles/Google/SimpleSearch.xlsx].",
        "time" : {
          "start" : 1642185595273,
          "stop" : 1642185595274,
          "duration" : 1
        }
      }, {
        "uid" : "a4c21bd16fa8b5ef",
        "reportUrl" : "https://Dorgham4.github.io/io.github.alidorgham/allure/205//#testresult/a4c21bd16fa8b5ef",
        "status" : "skipped",
        "statusDetails" : "Couldn't find the desired file. [src/test/resources/testDataFiles/Google/SimpleSearch.xlsx].",
        "time" : {
          "start" : 1642164759745,
          "stop" : 1642164759748,
          "duration" : 3
        }
      }, {
        "uid" : "a54f3977fa1d84c8",
        "reportUrl" : "https://Dorgham4.github.io/io.github.alidorgham/allure/203//#testresult/a54f3977fa1d84c8",
        "status" : "skipped",
        "statusDetails" : "Couldn't find the desired file. [src/test/resources/testDataFiles/Google/SimpleSearch.xlsx].",
        "time" : {
          "start" : 1642142466046,
          "stop" : 1642142466048,
          "duration" : 2
        }
      }, {
        "uid" : "e1e19fc3ab952d4b",
        "reportUrl" : "https://Dorgham4.github.io/io.github.alidorgham/allure/202//#testresult/e1e19fc3ab952d4b",
        "status" : "skipped",
        "statusDetails" : "Couldn't find the desired file. [src/test/resources/testDataFiles/Google/SimpleSearch.xlsx].",
        "time" : {
          "start" : 1642124360066,
          "stop" : 1642124360068,
          "duration" : 2
        }
      }, {
        "uid" : "f5f5cc12da58060d",
        "reportUrl" : "https://Dorgham4.github.io/io.github.alidorgham/allure/201//#testresult/f5f5cc12da58060d",
        "status" : "skipped",
        "statusDetails" : "Couldn't find the desired file. [src/test/resources/testDataFiles/Google/SimpleSearch.xlsx].",
        "time" : {
          "start" : 1642099180808,
          "stop" : 1642099180810,
          "duration" : 2
        }
      }, {
        "uid" : "c778fc295fd11926",
        "reportUrl" : "https://Dorgham4.github.io/io.github.alidorgham/allure/200//#testresult/c778fc295fd11926",
        "status" : "skipped",
        "statusDetails" : "Couldn't find the desired file. [src/test/resources/testDataFiles/Google/SimpleSearch.xlsx].",
        "time" : {
          "start" : 1642078398321,
          "stop" : 1642078398322,
          "duration" : 1
        }
      } ]
    },
    "tags" : [ ]
  },
  "source" : "e7b3fc683f8c9532.json",
  "parameterValues" : [ ]
}