################################################################################################################################################
Detected SHAFT Engine Version: [SHAFT Engine v5.4.20211117-BETA]
################################################################################################################################################
[ReportManager] File Action [GetAbsolutePath] successfully performed. With the following test data [Relative Folder Path: "target/downloadedFiles/"]. @01-01-2022 01:38:00.0142 AM
[ReportManager] Attempting to run remotely on: [Linux-64], [GoogleChrome], [http://localhost:4444/wd/hub], Headless Execution. @01-01-2022 01:38:00.0157 AM
[ReportManager] Successfully Opened [GoogleChrome]. @01-01-2022 01:38:02.0335 AM
[ReportManager] Target URL: [https://www.google.com/ncr], and after redirection: [https://www.google.com] @01-01-2022 01:38:02.0347 AM
[ReportManager] Initial URL: [data:,] @01-01-2022 01:38:02.0476 AM
[ReportManager] Browser Action [NavigateToURL] successfully performed. With the following test data [https://www.google.com/ncr]. @01-01-2022 01:38:03.0978 A

################################################################################################################################################
Starting Execution:	[1 out of 23] test cases in the current suite
Test Method:		[tests.gui.google.B_Search_FlatTest_SHAFT.navigateToGoogleHomeAndAssertGoogleLogoIsDisplayed]
################################################################################################################################################
[ReportManager] File Action [DoesFileExist] successfully performed. With the following test data [File Path: "src/main/resources/dynamicObjectRepository/tests_gui_google_B_Search_FlatTest_SHAFT_navigateToGoogleHomeAndAssertGoogleLogoIsDisplayed_By_xpath_img_id_hplogo_or_alt_Google.png"]. @01-01-2022 01:38:04.0168 AM
[ReportManager] File Action [GetAbsolutePath] successfully performed. With the following test data [Relative Folder Path: "src/main/resources/dynamicObjectRepository/tests_gui_google_B_Search_FlatTest_SHAFT_navigateToGoogleHomeAndAssertGoogleLogoIsDisplayed_By_xpath_img_id_hplogo_or_alt_Google.png"]. @01-01-2022 01:38:04.0169 AM
[ReportManager] File Action [ReadFromImageFile] successfully performed. With the following test data [File Path: "/home/runner/work/io.github.alidorgham/io.github.alidorgham/src/main/resources/dynamicObjectRepository/tests_gui_google_B_Search_FlatTest_SHAFT_navigateToGoogleHomeAndAssertGoogleLogoIsDisplayed_By_xpath_img_id_hplogo_or_alt_Google.png"]. @01-01-2022 01:38:04.0170 AM
[ReportManager] File Action [DoesFileExist] successfully performed. With the following test data [File Path: "src/main/resources/dynamicObjectRepository/tests_gui_google_B_Search_FlatTest_SHAFT_navigateToGoogleHomeAndAssertGoogleLogoIsDisplayed_By_xpath_img_id_hplogo_or_alt_Google.png"]. @01-01-2022 01:38:04.0570 AM
[ReportManager] File Action [DoesFileExist] successfully performed. With the following test data [File Path: "src/main/resources/dynamicObjectRepository/tests_gui_google_B_Search_FlatTest_SHAFT_navigateToGoogleHomeAndAssertGoogleLogoIsDisplayed_By_xpath_img_id_hplogo_or_alt_Google.png"]. @01-01-2022 01:38:04.0571 AM
[ReportManager] Loaded Shared OpenCV @01-01-2022 01:38:05.0098 AM
[ReportManager] Successfully identified the element using AI; OpenCV. @01-01-2022 01:38:05.0123 AM
[ReportManager] Assertion Passed: Asserting that the Google logo is displayed @01-01-2022 01:38:05.0126 AM
[ReportManager] Successfully created attachment [Validation Test Data - Reference Screenshot] @01-01-2022 01:38:05.0131 AM
[ReportManager] Successfully created attachment [Validation Test Data - Actual Screenshot] @01-01-2022 01:38:05.0132 AM
[ReportManager] Assertion [ValidateElementMatches] PASSED. Expected [Element should match the reference screenshot] and Actual [TRUE]. Comparison Type [EXACT_OPENCV]. Validation Type [POSITIVE]. @01-01-2022 01:38:05.0132 A
[ReportManager] Browser Action [CloseCurrentWindow] successfully performed. @01-01-2022 01:38:05.0337 AM
[ReportManager] Successfully created attachment [Browser Action Test Data - CloseCurrentWindow - Actual Value] @01-01-2022 01:38:05.0345 A
[ReportManager] File Action [GetAbsolutePath] successfully performed. With the following test data [Relative Folder Path: "target/downloadedFiles/"]. @01-01-2022 01:38:05.0358 AM
[ReportManager] Attempting to run remotely on: [Linux-64], [GoogleChrome], [http://localhost:4444/wd/hub], Headless Execution. @01-01-2022 01:38:05.0359 AM
[ReportManager] Successfully Opened [GoogleChrome]. @01-01-2022 01:38:05.0780 AM
[ReportManager] Target URL: [https://www.google.com/ncr], and after redirection: [https://www.google.com] @01-01-2022 01:38:05.0780 AM
[ReportManager] Initial URL: [data:,] @01-01-2022 01:38:05.0875 AM
[ReportManager] Browser Action [NavigateToURL] successfully performed. With the following test data [https://www.google.com/ncr]. @01-01-2022 01:38:07.0101 A

################################################################################################################################################
Starting Execution:	[2 out of 23] test cases in the current suite
Test Method:		[tests.gui.google.B_Search_FlatTest_SHAFT.navigateToGoogleHomeAndAssertPageTitle]
################################################################################################################################################
[ReportManager] Browser Action [GetCurrentWindowTitle] successfully performed. With the following test data [Google]. @01-01-2022 01:38:07.0163 AM
[ReportManager] Assertion Passed: Asserting that the page title is Google @01-01-2022 01:38:07.0883 AM
[ReportManager] Successfully created attachment [Screenshot - 1641001087448_navigateToGoogleHomeAndAssertPageTitle_ValidateBrowserAttribute_passed] @01-01-2022 01:38:07.0902 AM
[ReportManager] Assertion [ValidateBrowserAttribute] PASSED. Expected [Value Should be 'Google' for the 'Title' attribute] and Actual [Google]. Comparison Type [EQUALS]. Validation Type [POSITIVE]. @01-01-2022 01:38:07.0902 A
[ReportManager] Browser Action [CloseCurrentWindow] successfully performed. @01-01-2022 01:38:08.0087 AM
[ReportManager] Successfully created attachment [Browser Action Test Data - CloseCurrentWindow - Actual Value] @01-01-2022 01:38:08.0088 A
[ReportManager] File Action [GetAbsolutePath] successfully performed. With the following test data [Relative Folder Path: "target/downloadedFiles/"]. @01-01-2022 01:38:08.0096 AM
[ReportManager] Attempting to run remotely on: [Linux-64], [GoogleChrome], [http://localhost:4444/wd/hub], Headless Execution. @01-01-2022 01:38:08.0096 AM
[ReportManager] Successfully Opened [GoogleChrome]. @01-01-2022 01:38:08.0607 AM
[ReportManager] Target URL: [https://www.google.com/ncr], and after redirection: [https://www.google.com] @01-01-2022 01:38:08.0607 AM
[ReportManager] Initial URL: [data:,] @01-01-2022 01:38:08.0705 AM
[ReportManager] Browser Action [NavigateToURL] successfully performed. With the following test data [https://www.google.com/ncr]. @01-01-2022 01:38:09.0896 A

################################################################################################################################################
Starting Execution:	[3 out of 23] test cases in the current suite
Test Method:		[tests.gui.google.B_Search_FlatTest_SHAFT.searchForQueryAndAssertFirstResultTextIsCorrect]
################################################################################################################################################
[ReportManager] Element Action [Type] successfully performed. With the following test data [SHAFT_Engine]. @01-01-2022 01:38:10.0418 AM
[ReportManager] Element Action [KeyPress] successfully performed. With the following test data [ENTER]. @01-01-2022 01:38:11.0851 AM
[ReportManager] Element Action [GetText] successfully performed. With the following test data [SHAFT: Unified Test Automation Engine - GitHub]. @01-01-2022 01:38:11.0994 AM
[ReportManager] Loaded Shared OpenCV @01-01-2022 01:38:12.0423 AM
[ReportManager] Assertion Failed: Asserting that the correct first result is displayed @01-01-2022 01:38:12.0688 AM
[ReportManager] Successfully created attachment [Screenshot - 1641001092423_searchForQueryAndAssertFirstResultTextIsCorrect_ValidateElementAttribute_failed] @01-01-2022 01:38:12.0699 AM
[ReportManager] Assertion [ValidateElementAttribute] FAILED. Expected [Value Should be 'MohabMohie' for the 'Text' attribute, element locator 'By.xpath: (//h1[contains(text(),'Search Result')]/following-sibling::div//a/h3)[1]'] and Actual [SHAFT: Unified Test Automation Engine - GitHub]. Comparison Type [CONTAINS]. Validation Type [POSITIVE]. @01-01-2022 01:38:12.0699 A
[ReportManager] Browser Action [CloseCurrentWindow] successfully performed. @01-01-2022 01:38:13.0067 AM
[ReportManager] Successfully created attachment [Browser Action Test Data - CloseCurrentWindow - Actual Value] @01-01-2022 01:38:13.0087 A
[ReportManager] An Exception Occured with this Message: src/test/resources/testDataFiles/Google/SimpleSearch.xlsx (No such file or directory). @01-01-2022 01:38:13.0102 AM
[ReportManager] Successfully created attachment [Exception Stack Trace - java.io.FileNotFoundException] @01-01-2022 01:38:13.0102 AM
[ReportManager] Couldn't find the desired file. [src/test/resources/testDataFiles/Google/SimpleSearch.xlsx]. @01-01-2022 01:38:13.0103 A


################################################################################################################################################
Starting Execution:	[4 out of 23] test cases in the current suite
Test Method:		[tests.gui.google.G_Search_PageObjectModel_ThreadSafe.navigateToGoogleHomeAndAssertGoogleLogoIsDisplayed]
###############################################################################################################################################



################################################################################################################################################
Starting Execution:	[5 out of 23] test cases in the current suite
Test Method:		[tests.gui.google.G_Search_PageObjectModel_ThreadSafe.navigateToGoogleHomeAndAssertPageTitle]
###############################################################################################################################################



################################################################################################################################################
Starting Execution:	[6 out of 23] test cases in the current suite
Test Method:		[tests.gui.google.G_Search_PageObjectModel_ThreadSafe.searchForQueryAndAssertFirstResultTextIsCorrect]
###############################################################################################################################################

[ReportManager] File Action [GetAbsolutePath] successfully performed. With the following test data [Relative Folder Path: "target/downloadedFiles/"]. @01-01-2022 01:38:13.0134 AM
[ReportManager] Attempting to run remotely on: [Linux-64], [GoogleChrome], [http://localhost:4444/wd/hub], Headless Execution. @01-01-2022 01:38:13.0135 AM
[ReportManager] Successfully Opened [GoogleChrome]. @01-01-2022 01:38:13.0575 AM
[ReportManager] Target URL: [https://www.google.com/ncr], and after redirection: [https://www.google.com] @01-01-2022 01:38:13.0577 AM
[ReportManager] Initial URL: [data:,] @01-01-2022 01:38:13.0654 AM
[ReportManager] Browser Action [NavigateToURL] successfully performed. With the following test data [https://www.google.com/ncr]. @01-01-2022 01:38:14.0820 A

################################################################################################################################################
Starting Execution:	[7 out of 23] test cases in the current suite
Test Method:		[tests.gui.google.C_Search_PageObjectModel_Traditional.navigateToGoogleHomeAndAssertGoogleLogoIsDisplayed]
################################################################################################################################################
[ReportManager] Element Action [IsElementDisplayed] successfully performed. @01-01-2022 01:38:14.0973 AM
[ReportManager] Assertion Passed: Asserting that the Google logo is displayed @01-01-2022 01:38:14.0974 AM
[ReportManager] Assertion [ValidateTrue] PASSED. Expected [TRUE] and Actual [TRUE]. Validation Type [POSITIVE]. @01-01-2022 01:38:14.0974 A
[ReportManager] Browser Action [CloseCurrentWindow] successfully performed. @01-01-2022 01:38:15.0141 AM
[ReportManager] Successfully created attachment [Browser Action Test Data - CloseCurrentWindow - Actual Value] @01-01-2022 01:38:15.0142 A
[ReportManager] File Action [GetAbsolutePath] successfully performed. With the following test data [Relative Folder Path: "target/downloadedFiles/"]. @01-01-2022 01:38:15.0147 AM
[ReportManager] Attempting to run remotely on: [Linux-64], [GoogleChrome], [http://localhost:4444/wd/hub], Headless Execution. @01-01-2022 01:38:15.0147 AM
[ReportManager] Successfully Opened [GoogleChrome]. @01-01-2022 01:38:15.0401 AM
[ReportManager] Target URL: [https://www.google.com/ncr], and after redirection: [https://www.google.com] @01-01-2022 01:38:15.0402 AM
[ReportManager] Initial URL: [data:,] @01-01-2022 01:38:15.0501 AM
[ReportManager] Browser Action [NavigateToURL] successfully performed. With the following test data [https://www.google.com/ncr]. @01-01-2022 01:38:16.0654 A

################################################################################################################################################
Starting Execution:	[8 out of 23] test cases in the current suite
Test Method:		[tests.gui.google.C_Search_PageObjectModel_Traditional.navigateToGoogleHomeAndAssertPageTitle]
################################################################################################################################################
[ReportManager] Browser Action [GetCurrentWindowTitle] successfully performed. With the following test data [Google]. @01-01-2022 01:38:16.0705 AM
[ReportManager] Assertion Passed: Asserting that the page title is Google @01-01-2022 01:38:16.0706 AM
[ReportManager] Assertion [ValidateEquals] PASSED. Expected [Google] and Actual [Google]. Comparison Type [EQUALS]. Validation Type [POSITIVE]. @01-01-2022 01:38:16.0706 A
[ReportManager] Browser Action [CloseCurrentWindow] successfully performed. @01-01-2022 01:38:16.0862 AM
[ReportManager] Successfully created attachment [Browser Action Test Data - CloseCurrentWindow - Actual Value] @01-01-2022 01:38:16.0863 A
[ReportManager] File Action [GetAbsolutePath] successfully performed. With the following test data [Relative Folder Path: "target/downloadedFiles/"]. @01-01-2022 01:38:16.0872 AM
[ReportManager] Attempting to run remotely on: [Linux-64], [GoogleChrome], [http://localhost:4444/wd/hub], Headless Execution. @01-01-2022 01:38:16.0873 AM
[ReportManager] Successfully Opened [GoogleChrome]. @01-01-2022 01:38:17.0104 AM
[ReportManager] Target URL: [https://www.google.com/ncr], and after redirection: [https://www.google.com] @01-01-2022 01:38:17.0104 AM
[ReportManager] Initial URL: [data:,] @01-01-2022 01:38:17.0227 AM
[ReportManager] Browser Action [NavigateToURL] successfully performed. With the following test data [https://www.google.com/ncr]. @01-01-2022 01:38:18.0355 A

################################################################################################################################################
Starting Execution:	[9 out of 23] test cases in the current suite
Test Method:		[tests.gui.google.C_Search_PageObjectModel_Traditional.searchForQueryAndAssertFirstResultTextIsCorrect]
################################################################################################################################################
[ReportManager] Element Action [Type] successfully performed. With the following test data [SHAFT_Engine]. @01-01-2022 01:38:18.0827 AM
[ReportManager] Element Action [KeyPress] successfully performed. With the following test data [ENTER]. @01-01-2022 01:38:20.0257 AM
[ReportManager] Element Action [GetText] successfully performed. With the following test data [SHAFT: Unified Test Automation Engine - GitHub]. @01-01-2022 01:38:20.0406 AM
[ReportManager] Assertion Failed: Asserting that the correct first result is displayed @01-01-2022 01:38:20.0407 AM
[ReportManager] Assertion [ValidateEquals] FAILED. Expected [MohabMohie] and Actual [SHAFT: Unified Test Automation Engine - GitHub]. Comparison Type [CONTAINS]. Validation Type [POSITIVE]. @01-01-2022 01:38:20.0407 A
[ReportManager] Browser Action [CloseCurrentWindow] successfully performed. @01-01-2022 01:38:20.0691 AM
[ReportManager] Successfully created attachment [Browser Action Test Data - CloseCurrentWindow - Actual Value] @01-01-2022 01:38:20.0694 A
[ReportManager] An Exception Occured with this Message: src/test/resources/testDataFiles/Google/SimpleSearch.xlsx (No such file or directory). @01-01-2022 01:38:20.0700 AM
[ReportManager] Successfully created attachment [Exception Stack Trace - java.io.FileNotFoundException] @01-01-2022 01:38:20.0701 AM
[ReportManager] Couldn't find the desired file. [src/test/resources/testDataFiles/Google/SimpleSearch.xlsx]. @01-01-2022 01:38:20.0701 A


################################################################################################################################################
Starting Execution:	[10 out of 23] test cases in the current suite
Test Method:		[tests.gui.google.F_Search_PageObjectModel_Fluent.navigateToGoogleHomeAndAssertGoogleLogoIsDisplayed]
###############################################################################################################################################



################################################################################################################################################
Starting Execution:	[11 out of 23] test cases in the current suite
Test Method:		[tests.gui.google.F_Search_PageObjectModel_Fluent.navigateToGoogleHomeAndAssertPageTitle]
###############################################################################################################################################



################################################################################################################################################
Starting Execution:	[12 out of 23] test cases in the current suite
Test Method:		[tests.gui.google.F_Search_PageObjectModel_Fluent.searchForQueryAndAssertFirstResultTextIsCorrect]
###############################################################################################################################################

[ReportManager] An Exception Occured with this Message: src/test/resources/testDataFiles/Google/SimpleSearch.xlsx (No such file or directory). @01-01-2022 01:38:20.0734 AM
[ReportManager] Successfully created attachment [Exception Stack Trace - java.io.FileNotFoundException] @01-01-2022 01:38:20.0734 AM
[ReportManager] Couldn't find the desired file. [src/test/resources/testDataFiles/Google/SimpleSearch.xlsx]. @01-01-2022 01:38:20.0734 A


################################################################################################################################################
Starting Execution:	[13 out of 23] test cases in the current suite
Test Method:		[tests.gui.google.E_Search_PageObjectModel_Traditional_SHAFTAssertions.navigateToGoogleHomeAndAssertGoogleLogoIsDisplayed]
###############################################################################################################################################



################################################################################################################################################
Starting Execution:	[14 out of 23] test cases in the current suite
Test Method:		[tests.gui.google.E_Search_PageObjectModel_Traditional_SHAFTAssertions.navigateToGoogleHomeAndAssertPageTitle]
###############################################################################################################################################



################################################################################################################################################
Starting Execution:	[15 out of 23] test cases in the current suite
Test Method:		[tests.gui.google.E_Search_PageObjectModel_Traditional_SHAFTAssertions.searchForQueryAndAssertFirstResultTextIsCorrect]
###############################################################################################################################################

[ReportManager] An Exception Occured with this Message: src/test/resources/testDataFiles/Google/SimpleSearch.xlsx (No such file or directory). @01-01-2022 01:38:20.0778 AM
[ReportManager] Successfully created attachment [Exception Stack Trace - java.io.FileNotFoundException] @01-01-2022 01:38:20.0779 AM
[ReportManager] Couldn't find the desired file. [src/test/resources/testDataFiles/Google/SimpleSearch.xlsx]. @01-01-2022 01:38:20.0779 A


################################################################################################################################################
Starting Execution:	[16 out of 23] test cases in the current suite
Test Method:		[tests.gui.google.D_Search_PageObjectModel_Traditional_DataDriven.navigateToGoogleHomeAndAssertGoogleLogoIsDisplayed]
###############################################################################################################################################



################################################################################################################################################
Starting Execution:	[17 out of 23] test cases in the current suite
Test Method:		[tests.gui.google.D_Search_PageObjectModel_Traditional_DataDriven.navigateToGoogleHomeAndAssertPageTitle]
###############################################################################################################################################



################################################################################################################################################
Starting Execution:	[18 out of 23] test cases in the current suite
Test Method:		[tests.gui.google.D_Search_PageObjectModel_Traditional_DataDriven.searchForQueryAndAssertFirstResultTextIsCorrect]
###############################################################################################################################################




################################################################################################################################################
Starting Execution:	[19 out of 23] test cases in the current suite
Test Method:		[tests.gui.google.A_Search_FlatTest_NativeSeleniumWebDriver.navigateToGoogleHomeAndAssertGoogleLogoIsDisplayed]
###############################################################################################################################################



################################################################################################################################################
Starting Execution:	[20 out of 23] test cases in the current suite
Test Method:		[tests.gui.google.A_Search_FlatTest_NativeSeleniumWebDriver.navigateToGoogleHomeAndAssertPageTitle]
###############################################################################################################################################



################################################################################################################################################
Starting Execution:	[21 out of 23] test cases in the current suite
Test Method:		[tests.gui.google.A_Search_FlatTest_NativeSeleniumWebDriver.searchForQueryAndAssertFirstResultTextIsCorrect]
###############################################################################################################################################


################################################################################################################################################
Starting Execution:	[22 out of 23] test cases in the current suite
Test Method:		[tests.api.users.UserData.validateUserEmail]
################################################################################################################################################
[ReportManager] Response status code: [200], status line: [HTTP/1.1 200 OK] @01-01-2022 01:38:51.0300 AM
[ReportManager] Assertion Passed: Evaluating the actual response status code against the expected one... @01-01-2022 01:38:51.0306 AM
[ReportManager] Assertion [ValidateComparativeRelation] PASSED. Expected [200] and Actual [200]. Comparison Type [EQUALS]. Validation Type [POSITIVE]. @01-01-2022 01:38:51.0306 AM
[ReportManager] API Action [PerformRequest] successfully performed. With the following test data [Request Type: "GET" | Target Status Code: "200" | Service URL: "https://jsonplaceholder.typicode.com/users" | Content Type: "*/*" | Response Time: "701ms"]. @01-01-2022 01:38:52.0468 AM
[ReportManager] Successfully created attachment [API Request - Specifications] @01-01-2022 01:38:52.0469 AM
[ReportManager] Successfully created attachment [API Response - JSON Body] @01-01-2022 01:38:52.0867 AM
[ReportManager] Assertion [ValidateEquals] PASSED. Expected and Actual values are attached. Comparison Type [CONTAINS]. Validation Type [POSITIVE]. @01-01-2022 01:38:52.0867 AM
[ReportManager] Successfully created attachment [Validation Test Data - Expected Value] @01-01-2022 01:38:52.0868 AM
[ReportManager] Successfully created attachment [Validation Test Data - Actual Value] @01-01-2022 01:38:52.0868 AM
[ReportManager] API Action [GetResponseJSONValueAsList] successfully performed. With the following test data [$]. @01-01-2022 01:38:52.0878 AM
[ReportManager] API Action [GetResponseJSONValue] successfully performed. With the following test data [name]. @01-01-2022 01:38:52.0900 AM
[ReportManager] API Action [GetResponseJSONValue] successfully performed. With the following test data [email]. @01-01-2022 01:38:52.0912 AM
[ReportManager] Assertion [ValidateEquals] PASSED. Expected [Sincere@april.biz] and Actual [Sincere@april.biz]. Comparison Type [EQUALS]. Validation Type [POSITIVE]. @01-01-2022 01:38:52.0913 AM
[ReportManager] API Action [GetResponseJSONValue] successfully performed. With the following test data [name]. @01-01-2022 01:38:52.0925 AM
[ReportManager] API Action [GetResponseJSONValue] successfully performed. With the following test data [name]. @01-01-2022 01:38:52.0937 AM
[ReportManager] API Action [GetResponseJSONValue] successfully performed. With the following test data [name]. @01-01-2022 01:38:52.0948 AM
[ReportManager] API Action [GetResponseJSONValue] successfully performed. With the following test data [name]. @01-01-2022 01:38:52.0965 AM
[ReportManager] API Action [GetResponseJSONValue] successfully performed. With the following test data [name]. @01-01-2022 01:38:52.0984 AM
[ReportManager] API Action [GetResponseJSONValue] successfully performed. With the following test data [name]. @01-01-2022 01:38:53.0009 AM
[ReportManager] API Action [GetResponseJSONValue] successfully performed. With the following test data [name]. @01-01-2022 01:38:53.0043 AM
[ReportManager] API Action [GetResponseJSONValue] successfully performed. With the following test data [name]. @01-01-2022 01:38:53.0060 AM
[ReportManager] API Action [GetResponseJSONValue] successfully performed. With the following test data [name]. @01-01-2022 01:38:53.0080 A

################################################################################################################################################
Starting Execution:	[23 out of 23] test cases in the current suite
Test Method:		[tests.cli.demo.cliTest.sampleTestCase]
################################################################################################################################################
[ReportManager] Attempting to perform the following command locally. Command: [ls] @01-01-2022 01:38:53.0091 AM
[ReportManager] Terminal Action [PerformTerminalCommands] successfully performed. With the following test data [Host Name: "localHost" | Command: "ls" | Exit Status: "0"]. @01-01-2022 01:38:53.0097 AM
[ReportManager] Successfully created attachment [Terminal Action Actual Result - Command Log] @01-01-2022 01:38:53.0097 AM
[ReportManager] Assertion Passed: Demoing local terminal actions @01-01-2022 01:38:53.0100 AM
[ReportManager] Assertion [ValidateEquals] PASSED. Expected [pom.xml] and Actual [LICENSE
README.md
allure-results
docker-compose_native.yml
docker-compose_zalenium.yml
extent-reports
pom.xml
readMeImgs
src
target]. Comparison Type [CONTAINS]. Validation Type [POSITIVE]. @01-01-2022 01:38:53.0100 A
[ReportManager] Successfully created attachment [SHAFT Engine Logs - Execution log] @01-01-2022 01:38:53.0132 AM

################################################################################################################################################
This test run was powered by SHAFT Engine Version: [SHAFT Engine v5.4.20211117-BETA]
SHAFT Engine is licensed under the MIT License: [https://github.com/MohabMohie/SHAFT_ENGINE/blob/master/LICENSE].
################################################################################################################################################