################################################################################################################################################
Detected SHAFT Engine Version: [SHAFT Engine v5.4.20211117-BETA]
################################################################################################################################################

################################################################################################################################################
Starting Execution:	[1 out of 23] test cases in the current suite
Test Method:		[tests.api.users.UserData.validateUserEmail]
################################################################################################################################################
[ReportManager] Response status code: [200], status line: [HTTP/1.1 200 OK] @24-01-2022 01:35:18.0787 AM
[ReportManager] Assertion Passed: Evaluating the actual response status code against the expected one... @24-01-2022 01:35:18.0796 AM
[ReportManager] Assertion [ValidateComparativeRelation] PASSED. Expected [200] and Actual [200]. Comparison Type [EQUALS]. Validation Type [POSITIVE]. @24-01-2022 01:35:18.0801 AM
[ReportManager] API Action [PerformRequest] successfully performed. With the following test data [Request Type: "GET" | Target Status Code: "200" | Service URL: "https://jsonplaceholder.typicode.com/users" | Content Type: "*/*" | Response Time: "845ms"]. @24-01-2022 01:35:19.0822 AM
[ReportManager] Successfully created attachment [API Request - Specifications] @24-01-2022 01:35:19.0823 AM
[ReportManager] Successfully created attachment [API Response - JSON Body] @24-01-2022 01:35:20.0036 AM
[ReportManager] Assertion [ValidateEquals] PASSED. Expected and Actual values are attached. Comparison Type [CONTAINS]. Validation Type [POSITIVE]. @24-01-2022 01:35:20.0043 AM
[ReportManager] Successfully created attachment [Validation Test Data - Expected Value] @24-01-2022 01:35:20.0044 AM
[ReportManager] Successfully created attachment [Validation Test Data - Actual Value] @24-01-2022 01:35:20.0044 AM
[ReportManager] API Action [GetResponseJSONValueAsList] successfully performed. With the following test data [$]. @24-01-2022 01:35:20.0059 AM
[ReportManager] API Action [GetResponseJSONValue] successfully performed. With the following test data [name]. @24-01-2022 01:35:20.0085 AM
[ReportManager] API Action [GetResponseJSONValue] successfully performed. With the following test data [email]. @24-01-2022 01:35:20.0105 AM
[ReportManager] Assertion [ValidateEquals] PASSED. Expected [Sincere@april.biz] and Actual [Sincere@april.biz]. Comparison Type [EQUALS]. Validation Type [POSITIVE]. @24-01-2022 01:35:20.0106 AM
[ReportManager] API Action [GetResponseJSONValue] successfully performed. With the following test data [name]. @24-01-2022 01:35:20.0127 AM
[ReportManager] API Action [GetResponseJSONValue] successfully performed. With the following test data [name]. @24-01-2022 01:35:20.0143 AM
[ReportManager] API Action [GetResponseJSONValue] successfully performed. With the following test data [name]. @24-01-2022 01:35:20.0157 AM
[ReportManager] API Action [GetResponseJSONValue] successfully performed. With the following test data [name]. @24-01-2022 01:35:20.0171 AM
[ReportManager] API Action [GetResponseJSONValue] successfully performed. With the following test data [name]. @24-01-2022 01:35:20.0188 AM
[ReportManager] API Action [GetResponseJSONValue] successfully performed. With the following test data [name]. @24-01-2022 01:35:20.0200 AM
[ReportManager] API Action [GetResponseJSONValue] successfully performed. With the following test data [name]. @24-01-2022 01:35:20.0213 AM
[ReportManager] API Action [GetResponseJSONValue] successfully performed. With the following test data [name]. @24-01-2022 01:35:20.0225 AM
[ReportManager] API Action [GetResponseJSONValue] successfully performed. With the following test data [name]. @24-01-2022 01:35:20.0237 A

################################################################################################################################################
Starting Execution:	[2 out of 23] test cases in the current suite
Test Method:		[tests.cli.demo.cliTest.sampleTestCase]
################################################################################################################################################
[ReportManager] Attempting to perform the following command locally. Command: [ls] @24-01-2022 01:35:20.0345 AM
[ReportManager] Terminal Action [PerformTerminalCommands] successfully performed. With the following test data [Host Name: "localHost" | Command: "ls" | Exit Status: "0"]. @24-01-2022 01:35:20.0357 AM
[ReportManager] Successfully created attachment [Terminal Action Actual Result - Command Log] @24-01-2022 01:35:20.0357 AM
[ReportManager] Assertion Passed: Demoing local terminal actions @24-01-2022 01:35:20.0357 AM
[ReportManager] Assertion [ValidateEquals] PASSED. Expected [pom.xml] and Actual [LICENSE
README.md
allure-results
docker-compose_native.yml
docker-compose_zalenium.yml
extent-reports
pom.xml
readMeImgs
src
target]. Comparison Type [CONTAINS]. Validation Type [POSITIVE]. @24-01-2022 01:35:20.0358 A
[ReportManager] File Action [GetAbsolutePath] successfully performed. With the following test data [Relative Folder Path: "target/downloadedFiles/"]. @24-01-2022 01:35:20.0374 AM
[ReportManager] Attempting to run remotely on: [Linux-64], [GoogleChrome], [http://localhost:4444/wd/hub], Headless Execution. @24-01-2022 01:35:20.0386 AM
[ReportManager] Successfully Opened [GoogleChrome]. @24-01-2022 01:35:22.0045 AM
[ReportManager] Target URL: [https://www.google.com/ncr], and after redirection: [https://www.google.com] @24-01-2022 01:35:22.0057 AM
[ReportManager] Initial URL: [data:,] @24-01-2022 01:35:22.0195 AM
[ReportManager] Browser Action [NavigateToURL] successfully performed. With the following test data [https://www.google.com/ncr]. @24-01-2022 01:35:23.0760 A

################################################################################################################################################
Starting Execution:	[3 out of 23] test cases in the current suite
Test Method:		[tests.gui.google.B_Search_FlatTest_SHAFT.navigateToGoogleHomeAndAssertGoogleLogoIsDisplayed]
################################################################################################################################################
[ReportManager] File Action [DoesFileExist] successfully performed. With the following test data [File Path: "src/main/resources/dynamicObjectRepository/tests_gui_google_B_Search_FlatTest_SHAFT_navigateToGoogleHomeAndAssertGoogleLogoIsDisplayed_By_xpath_img_id_hplogo_or_alt_Google.png"]. @24-01-2022 01:35:23.0792 AM
[ReportManager] File Action [GetAbsolutePath] successfully performed. With the following test data [Relative Folder Path: "src/main/resources/dynamicObjectRepository/tests_gui_google_B_Search_FlatTest_SHAFT_navigateToGoogleHomeAndAssertGoogleLogoIsDisplayed_By_xpath_img_id_hplogo_or_alt_Google.png"]. @24-01-2022 01:35:23.0792 AM
[ReportManager] File Action [ReadFromImageFile] successfully performed. With the following test data [File Path: "/home/runner/work/io.github.alidorgham/io.github.alidorgham/src/main/resources/dynamicObjectRepository/tests_gui_google_B_Search_FlatTest_SHAFT_navigateToGoogleHomeAndAssertGoogleLogoIsDisplayed_By_xpath_img_id_hplogo_or_alt_Google.png"]. @24-01-2022 01:35:23.0793 AM
[ReportManager] File Action [DoesFileExist] successfully performed. With the following test data [File Path: "src/main/resources/dynamicObjectRepository/tests_gui_google_B_Search_FlatTest_SHAFT_navigateToGoogleHomeAndAssertGoogleLogoIsDisplayed_By_xpath_img_id_hplogo_or_alt_Google.png"]. @24-01-2022 01:35:24.0026 AM
[ReportManager] File Action [DoesFileExist] successfully performed. With the following test data [File Path: "src/main/resources/dynamicObjectRepository/tests_gui_google_B_Search_FlatTest_SHAFT_navigateToGoogleHomeAndAssertGoogleLogoIsDisplayed_By_xpath_img_id_hplogo_or_alt_Google.png"]. @24-01-2022 01:35:24.0026 AM
[ReportManager] Loaded Shared OpenCV @24-01-2022 01:35:24.0498 AM
[ReportManager] Successfully identified the element using AI; OpenCV. @24-01-2022 01:35:24.0516 AM
[ReportManager] Assertion Passed: Asserting that the Google logo is displayed @24-01-2022 01:35:24.0517 AM
[ReportManager] Successfully created attachment [Validation Test Data - Reference Screenshot] @24-01-2022 01:35:24.0518 AM
[ReportManager] Successfully created attachment [Validation Test Data - Actual Screenshot] @24-01-2022 01:35:24.0518 AM
[ReportManager] Assertion [ValidateElementMatches] PASSED. Expected [Element should match the reference screenshot] and Actual [TRUE]. Comparison Type [EXACT_OPENCV]. Validation Type [POSITIVE]. @24-01-2022 01:35:24.0518 A
[ReportManager] Browser Action [CloseCurrentWindow] successfully performed. @24-01-2022 01:35:24.0681 AM
[ReportManager] Successfully created attachment [Browser Action Test Data - CloseCurrentWindow - Actual Value] @24-01-2022 01:35:24.0686 A
[ReportManager] File Action [GetAbsolutePath] successfully performed. With the following test data [Relative Folder Path: "target/downloadedFiles/"]. @24-01-2022 01:35:24.0697 AM
[ReportManager] Attempting to run remotely on: [Linux-64], [GoogleChrome], [http://localhost:4444/wd/hub], Headless Execution. @24-01-2022 01:35:24.0698 AM
[ReportManager] Successfully Opened [GoogleChrome]. @24-01-2022 01:35:25.0050 AM
[ReportManager] Target URL: [https://www.google.com/ncr], and after redirection: [https://www.google.com] @24-01-2022 01:35:25.0050 AM
[ReportManager] Initial URL: [data:,] @24-01-2022 01:35:25.0126 AM
[ReportManager] Browser Action [NavigateToURL] successfully performed. With the following test data [https://www.google.com/ncr]. @24-01-2022 01:35:26.0187 A

################################################################################################################################################
Starting Execution:	[4 out of 23] test cases in the current suite
Test Method:		[tests.gui.google.B_Search_FlatTest_SHAFT.navigateToGoogleHomeAndAssertPageTitle]
################################################################################################################################################
[ReportManager] Browser Action [GetCurrentWindowTitle] successfully performed. With the following test data [Google]. @24-01-2022 01:35:26.0240 AM
[ReportManager] Assertion Passed: Asserting that the page title is Google @24-01-2022 01:35:26.0791 AM
[ReportManager] Successfully created attachment [Screenshot - 1642988126439_navigateToGoogleHomeAndAssertPageTitle_ValidateBrowserAttribute_passed] @24-01-2022 01:35:26.0799 AM
[ReportManager] Assertion [ValidateBrowserAttribute] PASSED. Expected [Value Should be 'Google' for the 'Title' attribute] and Actual [Google]. Comparison Type [EQUALS]. Validation Type [POSITIVE]. @24-01-2022 01:35:26.0799 A
[ReportManager] Browser Action [CloseCurrentWindow] successfully performed. @24-01-2022 01:35:26.0945 AM
[ReportManager] Successfully created attachment [Browser Action Test Data - CloseCurrentWindow - Actual Value] @24-01-2022 01:35:26.0947 A
[ReportManager] File Action [GetAbsolutePath] successfully performed. With the following test data [Relative Folder Path: "target/downloadedFiles/"]. @24-01-2022 01:35:26.0956 AM
[ReportManager] Attempting to run remotely on: [Linux-64], [GoogleChrome], [http://localhost:4444/wd/hub], Headless Execution. @24-01-2022 01:35:26.0956 AM
[ReportManager] Successfully Opened [GoogleChrome]. @24-01-2022 01:35:27.0310 AM
[ReportManager] Target URL: [https://www.google.com/ncr], and after redirection: [https://www.google.com] @24-01-2022 01:35:27.0310 AM
[ReportManager] Initial URL: [data:,] @24-01-2022 01:35:27.0395 AM
[ReportManager] Browser Action [NavigateToURL] successfully performed. With the following test data [https://www.google.com/ncr]. @24-01-2022 01:35:29.0155 A

################################################################################################################################################
Starting Execution:	[5 out of 23] test cases in the current suite
Test Method:		[tests.gui.google.B_Search_FlatTest_SHAFT.searchForQueryAndAssertFirstResultTextIsCorrect]
################################################################################################################################################
[ReportManager] Element Action [Type] successfully performed. With the following test data [SHAFT_Engine]. @24-01-2022 01:35:29.0653 AM
[ReportManager] Element Action [KeyPress] successfully performed. With the following test data [ENTER]. @24-01-2022 01:35:31.0255 AM
[ReportManager] Element Action [GetText] successfully performed. With the following test data [SHAFT_ENGINE is a Test Automation Engine that ... - GitHub]. @24-01-2022 01:35:31.0364 AM
[ReportManager] Loaded Shared OpenCV @24-01-2022 01:35:31.0836 AM
[ReportManager] Assertion Failed: Asserting that the correct first result is displayed @24-01-2022 01:35:32.0083 AM
[ReportManager] Successfully created attachment [Screenshot - 1642988131835_searchForQueryAndAssertFirstResultTextIsCorrect_ValidateElementAttribute_failed] @24-01-2022 01:35:32.0092 AM
[ReportManager] Assertion [ValidateElementAttribute] FAILED. Expected [Value Should be 'MohabMohie' for the 'Text' attribute, element locator 'By.xpath: (//h1[contains(text(),'Search Result')]/following-sibling::div//a/h3)[1]'] and Actual [SHAFT_ENGINE is a Test Automation Engine that ... - GitHub]. Comparison Type [CONTAINS]. Validation Type [POSITIVE]. @24-01-2022 01:35:32.0092 A
[ReportManager] Browser Action [CloseCurrentWindow] successfully performed. @24-01-2022 01:35:32.0396 AM
[ReportManager] Successfully created attachment [Browser Action Test Data - CloseCurrentWindow - Actual Value] @24-01-2022 01:35:32.0426 A
[ReportManager] An Exception Occured with this Message: src/test/resources/testDataFiles/Google/SimpleSearch.xlsx (No such file or directory). @24-01-2022 01:35:32.0438 AM
[ReportManager] Successfully created attachment [Exception Stack Trace - java.io.FileNotFoundException] @24-01-2022 01:35:32.0438 AM
[ReportManager] Couldn't find the desired file. [src/test/resources/testDataFiles/Google/SimpleSearch.xlsx]. @24-01-2022 01:35:32.0439 A


################################################################################################################################################
Starting Execution:	[6 out of 23] test cases in the current suite
Test Method:		[tests.gui.google.F_Search_PageObjectModel_Fluent.navigateToGoogleHomeAndAssertGoogleLogoIsDisplayed]
###############################################################################################################################################



################################################################################################################################################
Starting Execution:	[7 out of 23] test cases in the current suite
Test Method:		[tests.gui.google.F_Search_PageObjectModel_Fluent.navigateToGoogleHomeAndAssertPageTitle]
###############################################################################################################################################



################################################################################################################################################
Starting Execution:	[8 out of 23] test cases in the current suite
Test Method:		[tests.gui.google.F_Search_PageObjectModel_Fluent.searchForQueryAndAssertFirstResultTextIsCorrect]
###############################################################################################################################################

[ReportManager] File Action [GetAbsolutePath] successfully performed. With the following test data [Relative Folder Path: "target/downloadedFiles/"]. @24-01-2022 01:35:32.0468 AM
[ReportManager] Attempting to run remotely on: [Linux-64], [GoogleChrome], [http://localhost:4444/wd/hub], Headless Execution. @24-01-2022 01:35:32.0468 AM
[ReportManager] Successfully Opened [GoogleChrome]. @24-01-2022 01:35:32.0813 AM
[ReportManager] Target URL: [https://www.google.com/ncr], and after redirection: [https://www.google.com] @24-01-2022 01:35:32.0815 AM
[ReportManager] Initial URL: [data:,] @24-01-2022 01:35:32.0885 AM
[ReportManager] Browser Action [NavigateToURL] successfully performed. With the following test data [https://www.google.com/ncr]. @24-01-2022 01:35:33.0874 A

################################################################################################################################################
Starting Execution:	[9 out of 23] test cases in the current suite
Test Method:		[tests.gui.google.C_Search_PageObjectModel_Traditional.navigateToGoogleHomeAndAssertGoogleLogoIsDisplayed]
################################################################################################################################################
[ReportManager] Element Action [IsElementDisplayed] successfully performed. @24-01-2022 01:35:33.0995 AM
[ReportManager] Assertion Passed: Asserting that the Google logo is displayed @24-01-2022 01:35:33.0996 AM
[ReportManager] Assertion [ValidateTrue] PASSED. Expected [TRUE] and Actual [TRUE]. Validation Type [POSITIVE]. @24-01-2022 01:35:33.0996 A
[ReportManager] Browser Action [CloseCurrentWindow] successfully performed. @24-01-2022 01:35:34.0135 AM
[ReportManager] Successfully created attachment [Browser Action Test Data - CloseCurrentWindow - Actual Value] @24-01-2022 01:35:34.0137 A
[ReportManager] File Action [GetAbsolutePath] successfully performed. With the following test data [Relative Folder Path: "target/downloadedFiles/"]. @24-01-2022 01:35:34.0141 AM
[ReportManager] Attempting to run remotely on: [Linux-64], [GoogleChrome], [http://localhost:4444/wd/hub], Headless Execution. @24-01-2022 01:35:34.0142 AM
[ReportManager] Successfully Opened [GoogleChrome]. @24-01-2022 01:35:34.0394 AM
[ReportManager] Target URL: [https://www.google.com/ncr], and after redirection: [https://www.google.com] @24-01-2022 01:35:34.0394 AM
[ReportManager] Initial URL: [data:,] @24-01-2022 01:35:34.0471 AM
[ReportManager] Browser Action [NavigateToURL] successfully performed. With the following test data [https://www.google.com/ncr]. @24-01-2022 01:35:35.0495 A

################################################################################################################################################
Starting Execution:	[10 out of 23] test cases in the current suite
Test Method:		[tests.gui.google.C_Search_PageObjectModel_Traditional.navigateToGoogleHomeAndAssertPageTitle]
################################################################################################################################################
[ReportManager] Browser Action [GetCurrentWindowTitle] successfully performed. With the following test data [Google]. @24-01-2022 01:35:35.0555 AM
[ReportManager] Assertion Passed: Asserting that the page title is Google @24-01-2022 01:35:35.0556 AM
[ReportManager] Assertion [ValidateEquals] PASSED. Expected [Google] and Actual [Google]. Comparison Type [EQUALS]. Validation Type [POSITIVE]. @24-01-2022 01:35:35.0556 A
[ReportManager] Browser Action [CloseCurrentWindow] successfully performed. @24-01-2022 01:35:35.0691 AM
[ReportManager] Successfully created attachment [Browser Action Test Data - CloseCurrentWindow - Actual Value] @24-01-2022 01:35:35.0692 A
[ReportManager] File Action [GetAbsolutePath] successfully performed. With the following test data [Relative Folder Path: "target/downloadedFiles/"]. @24-01-2022 01:35:35.0700 AM
[ReportManager] Attempting to run remotely on: [Linux-64], [GoogleChrome], [http://localhost:4444/wd/hub], Headless Execution. @24-01-2022 01:35:35.0700 AM
[ReportManager] Successfully Opened [GoogleChrome]. @24-01-2022 01:35:35.0911 AM
[ReportManager] Target URL: [https://www.google.com/ncr], and after redirection: [https://www.google.com] @24-01-2022 01:35:35.0911 AM
[ReportManager] Initial URL: [data:,] @24-01-2022 01:35:35.0988 AM
[ReportManager] Browser Action [NavigateToURL] successfully performed. With the following test data [https://www.google.com/ncr]. @24-01-2022 01:35:37.0008 A

################################################################################################################################################
Starting Execution:	[11 out of 23] test cases in the current suite
Test Method:		[tests.gui.google.C_Search_PageObjectModel_Traditional.searchForQueryAndAssertFirstResultTextIsCorrect]
################################################################################################################################################
[ReportManager] Element Action [Type] successfully performed. With the following test data [SHAFT_Engine]. @24-01-2022 01:35:37.0420 AM
[ReportManager] Element Action [KeyPress] successfully performed. With the following test data [ENTER]. @24-01-2022 01:35:38.0790 AM
[ReportManager] Element Action [GetText] successfully performed. With the following test data [SHAFT_ENGINE is a Test Automation Engine that ... - GitHub]. @24-01-2022 01:35:38.0923 AM
[ReportManager] Assertion Failed: Asserting that the correct first result is displayed @24-01-2022 01:35:38.0924 AM
[ReportManager] Assertion [ValidateEquals] FAILED. Expected [MohabMohie] and Actual [SHAFT_ENGINE is a Test Automation Engine that ... - GitHub]. Comparison Type [CONTAINS]. Validation Type [POSITIVE]. @24-01-2022 01:35:38.0924 A
[ReportManager] Browser Action [CloseCurrentWindow] successfully performed. @24-01-2022 01:35:39.0158 AM
[ReportManager] Successfully created attachment [Browser Action Test Data - CloseCurrentWindow - Actual Value] @24-01-2022 01:35:39.0160 A
[ReportManager] An Exception Occured with this Message: src/test/resources/testDataFiles/Google/SimpleSearch.xlsx (No such file or directory). @24-01-2022 01:35:39.0165 AM
[ReportManager] Successfully created attachment [Exception Stack Trace - java.io.FileNotFoundException] @24-01-2022 01:35:39.0165 AM
[ReportManager] Couldn't find the desired file. [src/test/resources/testDataFiles/Google/SimpleSearch.xlsx]. @24-01-2022 01:35:39.0166 A


################################################################################################################################################
Starting Execution:	[12 out of 23] test cases in the current suite
Test Method:		[tests.gui.google.E_Search_PageObjectModel_Traditional_SHAFTAssertions.navigateToGoogleHomeAndAssertGoogleLogoIsDisplayed]
###############################################################################################################################################



################################################################################################################################################
Starting Execution:	[13 out of 23] test cases in the current suite
Test Method:		[tests.gui.google.E_Search_PageObjectModel_Traditional_SHAFTAssertions.navigateToGoogleHomeAndAssertPageTitle]
###############################################################################################################################################



################################################################################################################################################
Starting Execution:	[14 out of 23] test cases in the current suite
Test Method:		[tests.gui.google.E_Search_PageObjectModel_Traditional_SHAFTAssertions.searchForQueryAndAssertFirstResultTextIsCorrect]
###############################################################################################################################################

[ReportManager] An Exception Occured with this Message: src/test/resources/testDataFiles/Google/SimpleSearch.xlsx (No such file or directory). @24-01-2022 01:35:39.0189 AM
[ReportManager] Successfully created attachment [Exception Stack Trace - java.io.FileNotFoundException] @24-01-2022 01:35:39.0191 AM
[ReportManager] Couldn't find the desired file. [src/test/resources/testDataFiles/Google/SimpleSearch.xlsx]. @24-01-2022 01:35:39.0192 A


################################################################################################################################################
Starting Execution:	[15 out of 23] test cases in the current suite
Test Method:		[tests.gui.google.G_Search_PageObjectModel_ThreadSafe.navigateToGoogleHomeAndAssertGoogleLogoIsDisplayed]
###############################################################################################################################################



################################################################################################################################################
Starting Execution:	[16 out of 23] test cases in the current suite
Test Method:		[tests.gui.google.G_Search_PageObjectModel_ThreadSafe.navigateToGoogleHomeAndAssertPageTitle]
###############################################################################################################################################



################################################################################################################################################
Starting Execution:	[17 out of 23] test cases in the current suite
Test Method:		[tests.gui.google.G_Search_PageObjectModel_ThreadSafe.searchForQueryAndAssertFirstResultTextIsCorrect]
###############################################################################################################################################

[ReportManager] An Exception Occured with this Message: src/test/resources/testDataFiles/Google/SimpleSearch.xlsx (No such file or directory). @24-01-2022 01:35:39.0221 AM
[ReportManager] Successfully created attachment [Exception Stack Trace - java.io.FileNotFoundException] @24-01-2022 01:35:39.0221 AM
[ReportManager] Couldn't find the desired file. [src/test/resources/testDataFiles/Google/SimpleSearch.xlsx]. @24-01-2022 01:35:39.0221 A


################################################################################################################################################
Starting Execution:	[18 out of 23] test cases in the current suite
Test Method:		[tests.gui.google.D_Search_PageObjectModel_Traditional_DataDriven.navigateToGoogleHomeAndAssertGoogleLogoIsDisplayed]
###############################################################################################################################################



################################################################################################################################################
Starting Execution:	[19 out of 23] test cases in the current suite
Test Method:		[tests.gui.google.D_Search_PageObjectModel_Traditional_DataDriven.navigateToGoogleHomeAndAssertPageTitle]
###############################################################################################################################################



################################################################################################################################################
Starting Execution:	[20 out of 23] test cases in the current suite
Test Method:		[tests.gui.google.D_Search_PageObjectModel_Traditional_DataDriven.searchForQueryAndAssertFirstResultTextIsCorrect]
###############################################################################################################################################




################################################################################################################################################
Starting Execution:	[21 out of 23] test cases in the current suite
Test Method:		[tests.gui.google.A_Search_FlatTest_NativeSeleniumWebDriver.navigateToGoogleHomeAndAssertGoogleLogoIsDisplayed]
###############################################################################################################################################



################################################################################################################################################
Starting Execution:	[22 out of 23] test cases in the current suite
Test Method:		[tests.gui.google.A_Search_FlatTest_NativeSeleniumWebDriver.navigateToGoogleHomeAndAssertPageTitle]
###############################################################################################################################################



################################################################################################################################################
Starting Execution:	[23 out of 23] test cases in the current suite
Test Method:		[tests.gui.google.A_Search_FlatTest_NativeSeleniumWebDriver.searchForQueryAndAssertFirstResultTextIsCorrect]
###############################################################################################################################################

[ReportManager] Successfully created attachment [SHAFT Engine Logs - Execution log] @24-01-2022 01:36:03.0935 AM

################################################################################################################################################
This test run was powered by SHAFT Engine Version: [SHAFT Engine v5.4.20211117-BETA]
SHAFT Engine is licensed under the MIT License: [https://github.com/MohabMohie/SHAFT_ENGINE/blob/master/LICENSE].
################################################################################################################################################