################################################################################################################################################
Detected SHAFT Engine Version: [SHAFT Engine v5.4.20211117-BETA]
################################################################################################################################################
[ReportManager] File Action [GetAbsolutePath] successfully performed. With the following test data [Relative Folder Path: "target/downloadedFiles/"]. @22-12-2021 01:36:24.0263 AM
[ReportManager] Attempting to run remotely on: [Linux-64], [GoogleChrome], [http://localhost:4444/wd/hub], Headless Execution. @22-12-2021 01:36:24.0276 AM
[ReportManager] Successfully Opened [GoogleChrome]. @22-12-2021 01:36:26.0027 AM
[ReportManager] Target URL: [https://www.google.com/ncr], and after redirection: [https://www.google.com] @22-12-2021 01:36:26.0038 AM
[ReportManager] Initial URL: [data:,] @22-12-2021 01:36:26.0164 AM
[ReportManager] Browser Action [NavigateToURL] successfully performed. With the following test data [https://www.google.com/ncr]. @22-12-2021 01:36:27.0579 A

################################################################################################################################################
Starting Execution:	[1 out of 23] test cases in the current suite
Test Method:		[tests.gui.google.B_Search_FlatTest_SHAFT.navigateToGoogleHomeAndAssertGoogleLogoIsDisplayed]
################################################################################################################################################
[ReportManager] File Action [DoesFileExist] successfully performed. With the following test data [File Path: "src/main/resources/dynamicObjectRepository/tests_gui_google_B_Search_FlatTest_SHAFT_navigateToGoogleHomeAndAssertGoogleLogoIsDisplayed_By_xpath_img_id_hplogo_or_alt_Google.png"]. @22-12-2021 01:36:27.0732 AM
[ReportManager] File Action [GetAbsolutePath] successfully performed. With the following test data [Relative Folder Path: "src/main/resources/dynamicObjectRepository/tests_gui_google_B_Search_FlatTest_SHAFT_navigateToGoogleHomeAndAssertGoogleLogoIsDisplayed_By_xpath_img_id_hplogo_or_alt_Google.png"]. @22-12-2021 01:36:27.0733 AM
[ReportManager] File Action [ReadFromImageFile] successfully performed. With the following test data [File Path: "/home/runner/work/io.github.alidorgham/io.github.alidorgham/src/main/resources/dynamicObjectRepository/tests_gui_google_B_Search_FlatTest_SHAFT_navigateToGoogleHomeAndAssertGoogleLogoIsDisplayed_By_xpath_img_id_hplogo_or_alt_Google.png"]. @22-12-2021 01:36:27.0734 AM
[ReportManager] File Action [DoesFileExist] successfully performed. With the following test data [File Path: "src/main/resources/dynamicObjectRepository/tests_gui_google_B_Search_FlatTest_SHAFT_navigateToGoogleHomeAndAssertGoogleLogoIsDisplayed_By_xpath_img_id_hplogo_or_alt_Google.png"]. @22-12-2021 01:36:28.0074 AM
[ReportManager] File Action [DoesFileExist] successfully performed. With the following test data [File Path: "src/main/resources/dynamicObjectRepository/tests_gui_google_B_Search_FlatTest_SHAFT_navigateToGoogleHomeAndAssertGoogleLogoIsDisplayed_By_xpath_img_id_hplogo_or_alt_Google.png"]. @22-12-2021 01:36:28.0075 AM
[ReportManager] Loaded Shared OpenCV @22-12-2021 01:36:28.0524 AM
[ReportManager] Successfully identified the element using AI; OpenCV. @22-12-2021 01:36:28.0546 AM
[ReportManager] Assertion Passed: Asserting that the Google logo is displayed @22-12-2021 01:36:28.0548 AM
[ReportManager] Successfully created attachment [Validation Test Data - Reference Screenshot] @22-12-2021 01:36:28.0553 AM
[ReportManager] Successfully created attachment [Validation Test Data - Actual Screenshot] @22-12-2021 01:36:28.0553 AM
[ReportManager] Assertion [ValidateElementMatches] PASSED. Expected [Element should match the reference screenshot] and Actual [TRUE]. Comparison Type [EXACT_OPENCV]. Validation Type [POSITIVE]. @22-12-2021 01:36:28.0554 A
[ReportManager] Browser Action [CloseCurrentWindow] successfully performed. @22-12-2021 01:36:28.0736 AM
[ReportManager] Successfully created attachment [Browser Action Test Data - CloseCurrentWindow - Actual Value] @22-12-2021 01:36:28.0745 A
[ReportManager] File Action [GetAbsolutePath] successfully performed. With the following test data [Relative Folder Path: "target/downloadedFiles/"]. @22-12-2021 01:36:28.0758 AM
[ReportManager] Attempting to run remotely on: [Linux-64], [GoogleChrome], [http://localhost:4444/wd/hub], Headless Execution. @22-12-2021 01:36:28.0759 AM
[ReportManager] Successfully Opened [GoogleChrome]. @22-12-2021 01:36:29.0257 AM
[ReportManager] Target URL: [https://www.google.com/ncr], and after redirection: [https://www.google.com] @22-12-2021 01:36:29.0257 AM
[ReportManager] Initial URL: [data:,] @22-12-2021 01:36:29.0341 AM
[ReportManager] Browser Action [NavigateToURL] successfully performed. With the following test data [https://www.google.com/ncr]. @22-12-2021 01:36:30.0299 A

################################################################################################################################################
Starting Execution:	[2 out of 23] test cases in the current suite
Test Method:		[tests.gui.google.B_Search_FlatTest_SHAFT.navigateToGoogleHomeAndAssertPageTitle]
################################################################################################################################################
[ReportManager] Browser Action [GetCurrentWindowTitle] successfully performed. With the following test data [Google]. @22-12-2021 01:36:30.0385 AM
[ReportManager] Assertion Passed: Asserting that the page title is Google @22-12-2021 01:36:30.0953 AM
[ReportManager] Successfully created attachment [Screenshot - 1640136990627_navigateToGoogleHomeAndAssertPageTitle_ValidateBrowserAttribute_passed] @22-12-2021 01:36:30.0969 AM
[ReportManager] Assertion [ValidateBrowserAttribute] PASSED. Expected [Value Should be 'Google' for the 'Title' attribute] and Actual [Google]. Comparison Type [EQUALS]. Validation Type [POSITIVE]. @22-12-2021 01:36:30.0969 A
[ReportManager] Browser Action [CloseCurrentWindow] successfully performed. @22-12-2021 01:36:31.0109 AM
[ReportManager] Successfully created attachment [Browser Action Test Data - CloseCurrentWindow - Actual Value] @22-12-2021 01:36:31.0110 A
[ReportManager] File Action [GetAbsolutePath] successfully performed. With the following test data [Relative Folder Path: "target/downloadedFiles/"]. @22-12-2021 01:36:31.0114 AM
[ReportManager] Attempting to run remotely on: [Linux-64], [GoogleChrome], [http://localhost:4444/wd/hub], Headless Execution. @22-12-2021 01:36:31.0116 AM
[ReportManager] Successfully Opened [GoogleChrome]. @22-12-2021 01:36:31.0489 AM
[ReportManager] Target URL: [https://www.google.com/ncr], and after redirection: [https://www.google.com] @22-12-2021 01:36:31.0490 AM
[ReportManager] Initial URL: [data:,] @22-12-2021 01:36:31.0560 AM
[ReportManager] Browser Action [NavigateToURL] successfully performed. With the following test data [https://www.google.com/ncr]. @22-12-2021 01:36:32.0548 A

################################################################################################################################################
Starting Execution:	[3 out of 23] test cases in the current suite
Test Method:		[tests.gui.google.B_Search_FlatTest_SHAFT.searchForQueryAndAssertFirstResultTextIsCorrect]
################################################################################################################################################
[ReportManager] Element Action [Type] successfully performed. With the following test data [SHAFT_Engine]. @22-12-2021 01:36:32.0966 AM
[ReportManager] Element Action [KeyPress] successfully performed. With the following test data [ENTER]. @22-12-2021 01:36:34.0759 AM
[ReportManager] Element Action [GetText] successfully performed. With the following test data [SHAFT: Unified Test Automation Engine - GitHub]. @22-12-2021 01:36:34.0877 AM
[ReportManager] Loaded Shared OpenCV @22-12-2021 01:36:35.0211 AM
[ReportManager] Assertion Failed: Asserting that the correct first result is displayed @22-12-2021 01:36:35.0446 AM
[ReportManager] Successfully created attachment [Screenshot - 1640136995211_searchForQueryAndAssertFirstResultTextIsCorrect_ValidateElementAttribute_failed] @22-12-2021 01:36:35.0453 AM
[ReportManager] Assertion [ValidateElementAttribute] FAILED. Expected [Value Should be 'MohabMohie' for the 'Text' attribute, element locator 'By.xpath: (//h1[contains(text(),'Search Result')]/following-sibling::div//a/h3)[1]'] and Actual [SHAFT: Unified Test Automation Engine - GitHub]. Comparison Type [CONTAINS]. Validation Type [POSITIVE]. @22-12-2021 01:36:35.0453 A
[ReportManager] Browser Action [CloseCurrentWindow] successfully performed. @22-12-2021 01:36:35.0768 AM
[ReportManager] Successfully created attachment [Browser Action Test Data - CloseCurrentWindow - Actual Value] @22-12-2021 01:36:35.0784 A
[ReportManager] An Exception Occured with this Message: src/test/resources/testDataFiles/Google/SimpleSearch.xlsx (No such file or directory). @22-12-2021 01:36:35.0822 AM
[ReportManager] Successfully created attachment [Exception Stack Trace - java.io.FileNotFoundException] @22-12-2021 01:36:35.0823 AM
[ReportManager] Couldn't find the desired file. [src/test/resources/testDataFiles/Google/SimpleSearch.xlsx]. @22-12-2021 01:36:35.0823 A


################################################################################################################################################
Starting Execution:	[4 out of 23] test cases in the current suite
Test Method:		[tests.gui.google.G_Search_PageObjectModel_ThreadSafe.navigateToGoogleHomeAndAssertGoogleLogoIsDisplayed]
###############################################################################################################################################



################################################################################################################################################
Starting Execution:	[5 out of 23] test cases in the current suite
Test Method:		[tests.gui.google.G_Search_PageObjectModel_ThreadSafe.navigateToGoogleHomeAndAssertPageTitle]
###############################################################################################################################################



################################################################################################################################################
Starting Execution:	[6 out of 23] test cases in the current suite
Test Method:		[tests.gui.google.G_Search_PageObjectModel_ThreadSafe.searchForQueryAndAssertFirstResultTextIsCorrect]
###############################################################################################################################################

[ReportManager] File Action [GetAbsolutePath] successfully performed. With the following test data [Relative Folder Path: "target/downloadedFiles/"]. @22-12-2021 01:36:35.0867 AM
[ReportManager] Attempting to run remotely on: [Linux-64], [GoogleChrome], [http://localhost:4444/wd/hub], Headless Execution. @22-12-2021 01:36:35.0867 AM
[ReportManager] Successfully Opened [GoogleChrome]. @22-12-2021 01:36:36.0232 AM
[ReportManager] Target URL: [https://www.google.com/ncr], and after redirection: [https://www.google.com] @22-12-2021 01:36:36.0234 AM
[ReportManager] Initial URL: [data:,] @22-12-2021 01:36:36.0309 AM
[ReportManager] Browser Action [NavigateToURL] successfully performed. With the following test data [https://www.google.com/ncr]. @22-12-2021 01:36:37.0270 A

################################################################################################################################################
Starting Execution:	[7 out of 23] test cases in the current suite
Test Method:		[tests.gui.google.C_Search_PageObjectModel_Traditional.navigateToGoogleHomeAndAssertGoogleLogoIsDisplayed]
################################################################################################################################################
[ReportManager] Element Action [IsElementDisplayed] successfully performed. @22-12-2021 01:36:37.0422 AM
[ReportManager] Assertion Passed: Asserting that the Google logo is displayed @22-12-2021 01:36:37.0422 AM
[ReportManager] Assertion [ValidateTrue] PASSED. Expected [TRUE] and Actual [TRUE]. Validation Type [POSITIVE]. @22-12-2021 01:36:37.0423 A
[ReportManager] Browser Action [CloseCurrentWindow] successfully performed. @22-12-2021 01:36:37.0560 AM
[ReportManager] Successfully created attachment [Browser Action Test Data - CloseCurrentWindow - Actual Value] @22-12-2021 01:36:37.0567 A
[ReportManager] File Action [GetAbsolutePath] successfully performed. With the following test data [Relative Folder Path: "target/downloadedFiles/"]. @22-12-2021 01:36:37.0581 AM
[ReportManager] Attempting to run remotely on: [Linux-64], [GoogleChrome], [http://localhost:4444/wd/hub], Headless Execution. @22-12-2021 01:36:37.0583 AM
[ReportManager] Successfully Opened [GoogleChrome]. @22-12-2021 01:36:37.0810 AM
[ReportManager] Target URL: [https://www.google.com/ncr], and after redirection: [https://www.google.com] @22-12-2021 01:36:37.0811 AM
[ReportManager] Initial URL: [data:,] @22-12-2021 01:36:37.0888 AM
[ReportManager] Browser Action [NavigateToURL] successfully performed. With the following test data [https://www.google.com/ncr]. @22-12-2021 01:36:38.0876 A

################################################################################################################################################
Starting Execution:	[8 out of 23] test cases in the current suite
Test Method:		[tests.gui.google.C_Search_PageObjectModel_Traditional.navigateToGoogleHomeAndAssertPageTitle]
################################################################################################################################################
[ReportManager] Browser Action [GetCurrentWindowTitle] successfully performed. With the following test data [Google]. @22-12-2021 01:36:38.0919 AM
[ReportManager] Assertion Passed: Asserting that the page title is Google @22-12-2021 01:36:38.0919 AM
[ReportManager] Assertion [ValidateEquals] PASSED. Expected [Google] and Actual [Google]. Comparison Type [EQUALS]. Validation Type [POSITIVE]. @22-12-2021 01:36:38.0919 A
[ReportManager] Browser Action [CloseCurrentWindow] successfully performed. @22-12-2021 01:36:39.0145 AM
[ReportManager] Successfully created attachment [Browser Action Test Data - CloseCurrentWindow - Actual Value] @22-12-2021 01:36:39.0146 A
[ReportManager] File Action [GetAbsolutePath] successfully performed. With the following test data [Relative Folder Path: "target/downloadedFiles/"]. @22-12-2021 01:36:39.0152 AM
[ReportManager] Attempting to run remotely on: [Linux-64], [GoogleChrome], [http://localhost:4444/wd/hub], Headless Execution. @22-12-2021 01:36:39.0152 AM
[ReportManager] Successfully Opened [GoogleChrome]. @22-12-2021 01:36:39.0398 AM
[ReportManager] Target URL: [https://www.google.com/ncr], and after redirection: [https://www.google.com] @22-12-2021 01:36:39.0398 AM
[ReportManager] Initial URL: [data:,] @22-12-2021 01:36:39.0493 AM
[ReportManager] Browser Action [NavigateToURL] successfully performed. With the following test data [https://www.google.com/ncr]. @22-12-2021 01:36:40.0434 A

################################################################################################################################################
Starting Execution:	[9 out of 23] test cases in the current suite
Test Method:		[tests.gui.google.C_Search_PageObjectModel_Traditional.searchForQueryAndAssertFirstResultTextIsCorrect]
################################################################################################################################################
[ReportManager] Element Action [Type] successfully performed. With the following test data [SHAFT_Engine]. @22-12-2021 01:36:40.0880 AM
[ReportManager] Element Action [KeyPress] successfully performed. With the following test data [ENTER]. @22-12-2021 01:36:42.0373 AM
[ReportManager] Element Action [GetText] successfully performed. With the following test data [SHAFT: Unified Test Automation Engine - GitHub]. @22-12-2021 01:36:42.0495 AM
[ReportManager] Assertion Failed: Asserting that the correct first result is displayed @22-12-2021 01:36:42.0496 AM
[ReportManager] Assertion [ValidateEquals] FAILED. Expected [MohabMohie] and Actual [SHAFT: Unified Test Automation Engine - GitHub]. Comparison Type [CONTAINS]. Validation Type [POSITIVE]. @22-12-2021 01:36:42.0496 A
[ReportManager] Browser Action [CloseCurrentWindow] successfully performed. @22-12-2021 01:36:42.0744 AM
[ReportManager] Successfully created attachment [Browser Action Test Data - CloseCurrentWindow - Actual Value] @22-12-2021 01:36:42.0748 A
[ReportManager] An Exception Occured with this Message: src/test/resources/testDataFiles/Google/SimpleSearch.xlsx (No such file or directory). @22-12-2021 01:36:42.0753 AM
[ReportManager] Successfully created attachment [Exception Stack Trace - java.io.FileNotFoundException] @22-12-2021 01:36:42.0753 AM
[ReportManager] Couldn't find the desired file. [src/test/resources/testDataFiles/Google/SimpleSearch.xlsx]. @22-12-2021 01:36:42.0753 A


################################################################################################################################################
Starting Execution:	[10 out of 23] test cases in the current suite
Test Method:		[tests.gui.google.F_Search_PageObjectModel_Fluent.navigateToGoogleHomeAndAssertGoogleLogoIsDisplayed]
###############################################################################################################################################



################################################################################################################################################
Starting Execution:	[11 out of 23] test cases in the current suite
Test Method:		[tests.gui.google.F_Search_PageObjectModel_Fluent.navigateToGoogleHomeAndAssertPageTitle]
###############################################################################################################################################



################################################################################################################################################
Starting Execution:	[12 out of 23] test cases in the current suite
Test Method:		[tests.gui.google.F_Search_PageObjectModel_Fluent.searchForQueryAndAssertFirstResultTextIsCorrect]
###############################################################################################################################################

[ReportManager] An Exception Occured with this Message: src/test/resources/testDataFiles/Google/SimpleSearch.xlsx (No such file or directory). @22-12-2021 01:36:42.0782 AM
[ReportManager] Successfully created attachment [Exception Stack Trace - java.io.FileNotFoundException] @22-12-2021 01:36:42.0782 AM
[ReportManager] Couldn't find the desired file. [src/test/resources/testDataFiles/Google/SimpleSearch.xlsx]. @22-12-2021 01:36:42.0782 A


################################################################################################################################################
Starting Execution:	[13 out of 23] test cases in the current suite
Test Method:		[tests.gui.google.E_Search_PageObjectModel_Traditional_SHAFTAssertions.navigateToGoogleHomeAndAssertGoogleLogoIsDisplayed]
###############################################################################################################################################



################################################################################################################################################
Starting Execution:	[14 out of 23] test cases in the current suite
Test Method:		[tests.gui.google.E_Search_PageObjectModel_Traditional_SHAFTAssertions.navigateToGoogleHomeAndAssertPageTitle]
###############################################################################################################################################



################################################################################################################################################
Starting Execution:	[15 out of 23] test cases in the current suite
Test Method:		[tests.gui.google.E_Search_PageObjectModel_Traditional_SHAFTAssertions.searchForQueryAndAssertFirstResultTextIsCorrect]
###############################################################################################################################################

[ReportManager] An Exception Occured with this Message: src/test/resources/testDataFiles/Google/SimpleSearch.xlsx (No such file or directory). @22-12-2021 01:36:42.0812 AM
[ReportManager] Successfully created attachment [Exception Stack Trace - java.io.FileNotFoundException] @22-12-2021 01:36:42.0812 AM
[ReportManager] Couldn't find the desired file. [src/test/resources/testDataFiles/Google/SimpleSearch.xlsx]. @22-12-2021 01:36:42.0812 A


################################################################################################################################################
Starting Execution:	[16 out of 23] test cases in the current suite
Test Method:		[tests.gui.google.D_Search_PageObjectModel_Traditional_DataDriven.navigateToGoogleHomeAndAssertGoogleLogoIsDisplayed]
###############################################################################################################################################



################################################################################################################################################
Starting Execution:	[17 out of 23] test cases in the current suite
Test Method:		[tests.gui.google.D_Search_PageObjectModel_Traditional_DataDriven.navigateToGoogleHomeAndAssertPageTitle]
###############################################################################################################################################



################################################################################################################################################
Starting Execution:	[18 out of 23] test cases in the current suite
Test Method:		[tests.gui.google.D_Search_PageObjectModel_Traditional_DataDriven.searchForQueryAndAssertFirstResultTextIsCorrect]
###############################################################################################################################################




################################################################################################################################################
Starting Execution:	[19 out of 23] test cases in the current suite
Test Method:		[tests.gui.google.A_Search_FlatTest_NativeSeleniumWebDriver.navigateToGoogleHomeAndAssertGoogleLogoIsDisplayed]
###############################################################################################################################################



################################################################################################################################################
Starting Execution:	[20 out of 23] test cases in the current suite
Test Method:		[tests.gui.google.A_Search_FlatTest_NativeSeleniumWebDriver.navigateToGoogleHomeAndAssertPageTitle]
###############################################################################################################################################



################################################################################################################################################
Starting Execution:	[21 out of 23] test cases in the current suite
Test Method:		[tests.gui.google.A_Search_FlatTest_NativeSeleniumWebDriver.searchForQueryAndAssertFirstResultTextIsCorrect]
###############################################################################################################################################


################################################################################################################################################
Starting Execution:	[22 out of 23] test cases in the current suite
Test Method:		[tests.api.users.UserData.validateUserEmail]
################################################################################################################################################
[ReportManager] Response status code: [200], status line: [HTTP/1.1 200 OK] @22-12-2021 01:37:08.0597 AM
[ReportManager] Assertion Passed: Evaluating the actual response status code against the expected one... @22-12-2021 01:37:08.0601 AM
[ReportManager] Assertion [ValidateComparativeRelation] PASSED. Expected [200] and Actual [200]. Comparison Type [EQUALS]. Validation Type [POSITIVE]. @22-12-2021 01:37:08.0601 AM
[ReportManager] API Action [PerformRequest] successfully performed. With the following test data [Request Type: "GET" | Target Status Code: "200" | Service URL: "https://jsonplaceholder.typicode.com/users" | Content Type: "*/*" | Response Time: "614ms"]. @22-12-2021 01:37:09.0435 AM
[ReportManager] Successfully created attachment [API Request - Specifications] @22-12-2021 01:37:09.0435 AM
[ReportManager] Successfully created attachment [API Response - JSON Body] @22-12-2021 01:37:09.0614 AM
[ReportManager] Assertion [ValidateEquals] PASSED. Expected and Actual values are attached. Comparison Type [CONTAINS]. Validation Type [POSITIVE]. @22-12-2021 01:37:09.0615 AM
[ReportManager] Successfully created attachment [Validation Test Data - Expected Value] @22-12-2021 01:37:09.0616 AM
[ReportManager] Successfully created attachment [Validation Test Data - Actual Value] @22-12-2021 01:37:09.0616 AM
[ReportManager] API Action [GetResponseJSONValueAsList] successfully performed. With the following test data [$]. @22-12-2021 01:37:09.0696 AM
[ReportManager] API Action [GetResponseJSONValue] successfully performed. With the following test data [name]. @22-12-2021 01:37:09.0724 AM
[ReportManager] API Action [GetResponseJSONValue] successfully performed. With the following test data [email]. @22-12-2021 01:37:09.0744 AM
[ReportManager] Assertion [ValidateEquals] PASSED. Expected [Sincere@april.biz] and Actual [Sincere@april.biz]. Comparison Type [EQUALS]. Validation Type [POSITIVE]. @22-12-2021 01:37:09.0745 AM
[ReportManager] API Action [GetResponseJSONValue] successfully performed. With the following test data [name]. @22-12-2021 01:37:09.0767 AM
[ReportManager] API Action [GetResponseJSONValue] successfully performed. With the following test data [name]. @22-12-2021 01:37:09.0785 AM
[ReportManager] API Action [GetResponseJSONValue] successfully performed. With the following test data [name]. @22-12-2021 01:37:09.0800 AM
[ReportManager] API Action [GetResponseJSONValue] successfully performed. With the following test data [name]. @22-12-2021 01:37:09.0819 AM
[ReportManager] API Action [GetResponseJSONValue] successfully performed. With the following test data [name]. @22-12-2021 01:37:09.0835 AM
[ReportManager] API Action [GetResponseJSONValue] successfully performed. With the following test data [name]. @22-12-2021 01:37:09.0848 AM
[ReportManager] API Action [GetResponseJSONValue] successfully performed. With the following test data [name]. @22-12-2021 01:37:09.0861 AM
[ReportManager] API Action [GetResponseJSONValue] successfully performed. With the following test data [name]. @22-12-2021 01:37:09.0873 AM
[ReportManager] API Action [GetResponseJSONValue] successfully performed. With the following test data [name]. @22-12-2021 01:37:09.0885 A

################################################################################################################################################
Starting Execution:	[23 out of 23] test cases in the current suite
Test Method:		[tests.cli.demo.cliTest.sampleTestCase]
################################################################################################################################################
[ReportManager] Attempting to perform the following command locally. Command: [ls] @22-12-2021 01:37:09.0899 AM
[ReportManager] Terminal Action [PerformTerminalCommands] successfully performed. With the following test data [Host Name: "localHost" | Command: "ls" | Exit Status: "0"]. @22-12-2021 01:37:09.0905 AM
[ReportManager] Successfully created attachment [Terminal Action Actual Result - Command Log] @22-12-2021 01:37:09.0906 AM
[ReportManager] Assertion Passed: Demoing local terminal actions @22-12-2021 01:37:09.0907 AM
[ReportManager] Assertion [ValidateEquals] PASSED. Expected [pom.xml] and Actual [LICENSE
README.md
allure-results
docker-compose_native.yml
docker-compose_zalenium.yml
extent-reports
pom.xml
readMeImgs
src
target]. Comparison Type [CONTAINS]. Validation Type [POSITIVE]. @22-12-2021 01:37:09.0907 A
[ReportManager] Successfully created attachment [SHAFT Engine Logs - Execution log] @22-12-2021 01:37:09.0926 AM

################################################################################################################################################
This test run was powered by SHAFT Engine Version: [SHAFT Engine v5.4.20211117-BETA]
SHAFT Engine is licensed under the MIT License: [https://github.com/MohabMohie/SHAFT_ENGINE/blob/master/LICENSE].
################################################################################################################################################