################################################################################################################################################
Detected SHAFT Engine Version: [SHAFT Engine v5.4.20211117-BETA]
################################################################################################################################################
[ReportManager] File Action [GetAbsolutePath] successfully performed. With the following test data [Relative Folder Path: "target/downloadedFiles/"]. @17-12-2021 01:36:32.0026 AM
[ReportManager] Attempting to run remotely on: [Linux-64], [GoogleChrome], [http://localhost:4444/wd/hub], Headless Execution. @17-12-2021 01:36:32.0040 AM
[ReportManager] Successfully Opened [GoogleChrome]. @17-12-2021 01:36:34.0046 AM
[ReportManager] Target URL: [https://www.google.com/ncr], and after redirection: [https://www.google.com] @17-12-2021 01:36:34.0056 AM
[ReportManager] Initial URL: [data:,] @17-12-2021 01:36:34.0185 AM
[ReportManager] Browser Action [NavigateToURL] successfully performed. With the following test data [https://www.google.com/ncr]. @17-12-2021 01:36:35.0381 A

################################################################################################################################################
Starting Execution:	[1 out of 23] test cases in the current suite
Test Method:		[tests.gui.google.B_Search_FlatTest_SHAFT.navigateToGoogleHomeAndAssertGoogleLogoIsDisplayed]
################################################################################################################################################
[ReportManager] File Action [DoesFileExist] successfully performed. With the following test data [File Path: "src/main/resources/dynamicObjectRepository/tests_gui_google_B_Search_FlatTest_SHAFT_navigateToGoogleHomeAndAssertGoogleLogoIsDisplayed_By_xpath_img_id_hplogo_or_alt_Google.png"]. @17-12-2021 01:36:35.0520 AM
[ReportManager] File Action [GetAbsolutePath] successfully performed. With the following test data [Relative Folder Path: "src/main/resources/dynamicObjectRepository/tests_gui_google_B_Search_FlatTest_SHAFT_navigateToGoogleHomeAndAssertGoogleLogoIsDisplayed_By_xpath_img_id_hplogo_or_alt_Google.png"]. @17-12-2021 01:36:35.0521 AM
[ReportManager] File Action [ReadFromImageFile] successfully performed. With the following test data [File Path: "/home/runner/work/io.github.alidorgham/io.github.alidorgham/src/main/resources/dynamicObjectRepository/tests_gui_google_B_Search_FlatTest_SHAFT_navigateToGoogleHomeAndAssertGoogleLogoIsDisplayed_By_xpath_img_id_hplogo_or_alt_Google.png"]. @17-12-2021 01:36:35.0521 AM
[ReportManager] File Action [DoesFileExist] successfully performed. With the following test data [File Path: "src/main/resources/dynamicObjectRepository/tests_gui_google_B_Search_FlatTest_SHAFT_navigateToGoogleHomeAndAssertGoogleLogoIsDisplayed_By_xpath_img_id_hplogo_or_alt_Google.png"]. @17-12-2021 01:36:35.0828 AM
[ReportManager] File Action [DoesFileExist] successfully performed. With the following test data [File Path: "src/main/resources/dynamicObjectRepository/tests_gui_google_B_Search_FlatTest_SHAFT_navigateToGoogleHomeAndAssertGoogleLogoIsDisplayed_By_xpath_img_id_hplogo_or_alt_Google.png"]. @17-12-2021 01:36:35.0828 AM
[ReportManager] Loaded Shared OpenCV @17-12-2021 01:36:36.0272 AM
[ReportManager] Successfully identified the element using AI; OpenCV. @17-12-2021 01:36:36.0297 AM
[ReportManager] Assertion Passed: Asserting that the Google logo is displayed @17-12-2021 01:36:36.0299 AM
[ReportManager] Successfully created attachment [Validation Test Data - Reference Screenshot] @17-12-2021 01:36:36.0304 AM
[ReportManager] Successfully created attachment [Validation Test Data - Actual Screenshot] @17-12-2021 01:36:36.0304 AM
[ReportManager] Assertion [ValidateElementMatches] PASSED. Expected [Element should match the reference screenshot] and Actual [TRUE]. Comparison Type [EXACT_OPENCV]. Validation Type [POSITIVE]. @17-12-2021 01:36:36.0304 A
[ReportManager] Browser Action [CloseCurrentWindow] successfully performed. @17-12-2021 01:36:36.0468 AM
[ReportManager] Successfully created attachment [Browser Action Test Data - CloseCurrentWindow - Actual Value] @17-12-2021 01:36:36.0479 A
[ReportManager] File Action [GetAbsolutePath] successfully performed. With the following test data [Relative Folder Path: "target/downloadedFiles/"]. @17-12-2021 01:36:36.0491 AM
[ReportManager] Attempting to run remotely on: [Linux-64], [GoogleChrome], [http://localhost:4444/wd/hub], Headless Execution. @17-12-2021 01:36:36.0491 AM
[ReportManager] Successfully Opened [GoogleChrome]. @17-12-2021 01:36:36.0884 AM
[ReportManager] Target URL: [https://www.google.com/ncr], and after redirection: [https://www.google.com] @17-12-2021 01:36:36.0884 AM
[ReportManager] Initial URL: [data:,] @17-12-2021 01:36:36.0968 AM
[ReportManager] Browser Action [NavigateToURL] successfully performed. With the following test data [https://www.google.com/ncr]. @17-12-2021 01:36:38.0013 A

################################################################################################################################################
Starting Execution:	[2 out of 23] test cases in the current suite
Test Method:		[tests.gui.google.B_Search_FlatTest_SHAFT.navigateToGoogleHomeAndAssertPageTitle]
################################################################################################################################################
[ReportManager] Browser Action [GetCurrentWindowTitle] successfully performed. With the following test data [Google]. @17-12-2021 01:36:38.0083 AM
[ReportManager] Assertion Passed: Asserting that the page title is Google @17-12-2021 01:36:38.0801 AM
[ReportManager] Successfully created attachment [Screenshot - 1639704998311_navigateToGoogleHomeAndAssertPageTitle_ValidateBrowserAttribute_passed] @17-12-2021 01:36:38.0818 AM
[ReportManager] Assertion [ValidateBrowserAttribute] PASSED. Expected [Value Should be 'Google' for the 'Title' attribute] and Actual [Google]. Comparison Type [EQUALS]. Validation Type [POSITIVE]. @17-12-2021 01:36:38.0818 A
[ReportManager] Browser Action [CloseCurrentWindow] successfully performed. @17-12-2021 01:36:38.0967 AM
[ReportManager] Successfully created attachment [Browser Action Test Data - CloseCurrentWindow - Actual Value] @17-12-2021 01:36:38.0976 A
[ReportManager] File Action [GetAbsolutePath] successfully performed. With the following test data [Relative Folder Path: "target/downloadedFiles/"]. @17-12-2021 01:36:38.0980 AM
[ReportManager] Attempting to run remotely on: [Linux-64], [GoogleChrome], [http://localhost:4444/wd/hub], Headless Execution. @17-12-2021 01:36:38.0981 AM
[ReportManager] Successfully Opened [GoogleChrome]. @17-12-2021 01:36:39.0360 AM
[ReportManager] Target URL: [https://www.google.com/ncr], and after redirection: [https://www.google.com] @17-12-2021 01:36:39.0360 AM
[ReportManager] Initial URL: [data:,] @17-12-2021 01:36:39.0448 AM
[ReportManager] Browser Action [NavigateToURL] successfully performed. With the following test data [https://www.google.com/ncr]. @17-12-2021 01:36:40.0493 A

################################################################################################################################################
Starting Execution:	[3 out of 23] test cases in the current suite
Test Method:		[tests.gui.google.B_Search_FlatTest_SHAFT.searchForQueryAndAssertFirstResultTextIsCorrect]
################################################################################################################################################
[ReportManager] Element Action [Type] successfully performed. With the following test data [SHAFT_Engine]. @17-12-2021 01:36:40.0938 AM
[ReportManager] Element Action [KeyPress] successfully performed. With the following test data [ENTER]. @17-12-2021 01:36:42.0550 AM
[ReportManager] Element Action [GetText] successfully performed. With the following test data [SHAFT: Unified Test Automation Engine - GitHub]. @17-12-2021 01:36:42.0680 AM
[ReportManager] Loaded Shared OpenCV @17-12-2021 01:36:43.0040 AM
[ReportManager] Assertion Failed: Asserting that the correct first result is displayed @17-12-2021 01:36:43.0323 AM
[ReportManager] Successfully created attachment [Screenshot - 1639705003040_searchForQueryAndAssertFirstResultTextIsCorrect_ValidateElementAttribute_failed] @17-12-2021 01:36:43.0332 AM
[ReportManager] Assertion [ValidateElementAttribute] FAILED. Expected [Value Should be 'MohabMohie' for the 'Text' attribute, element locator 'By.xpath: (//h1[contains(text(),'Search Result')]/following-sibling::div//a/h3)[1]'] and Actual [SHAFT: Unified Test Automation Engine - GitHub]. Comparison Type [CONTAINS]. Validation Type [POSITIVE]. @17-12-2021 01:36:43.0332 A
[ReportManager] Browser Action [CloseCurrentWindow] successfully performed. @17-12-2021 01:36:43.0634 AM
[ReportManager] Successfully created attachment [Browser Action Test Data - CloseCurrentWindow - Actual Value] @17-12-2021 01:36:43.0644 A
[ReportManager] An Exception Occured with this Message: src/test/resources/testDataFiles/Google/SimpleSearch.xlsx (No such file or directory). @17-12-2021 01:36:43.0663 AM
[ReportManager] Successfully created attachment [Exception Stack Trace - java.io.FileNotFoundException] @17-12-2021 01:36:43.0663 AM
[ReportManager] Couldn't find the desired file. [src/test/resources/testDataFiles/Google/SimpleSearch.xlsx]. @17-12-2021 01:36:43.0664 A


################################################################################################################################################
Starting Execution:	[4 out of 23] test cases in the current suite
Test Method:		[tests.gui.google.G_Search_PageObjectModel_ThreadSafe.navigateToGoogleHomeAndAssertGoogleLogoIsDisplayed]
###############################################################################################################################################



################################################################################################################################################
Starting Execution:	[5 out of 23] test cases in the current suite
Test Method:		[tests.gui.google.G_Search_PageObjectModel_ThreadSafe.navigateToGoogleHomeAndAssertPageTitle]
###############################################################################################################################################



################################################################################################################################################
Starting Execution:	[6 out of 23] test cases in the current suite
Test Method:		[tests.gui.google.G_Search_PageObjectModel_ThreadSafe.searchForQueryAndAssertFirstResultTextIsCorrect]
###############################################################################################################################################

[ReportManager] File Action [GetAbsolutePath] successfully performed. With the following test data [Relative Folder Path: "target/downloadedFiles/"]. @17-12-2021 01:36:43.0735 AM
[ReportManager] Attempting to run remotely on: [Linux-64], [GoogleChrome], [http://localhost:4444/wd/hub], Headless Execution. @17-12-2021 01:36:43.0736 AM
[ReportManager] Successfully Opened [GoogleChrome]. @17-12-2021 01:36:44.0091 AM
[ReportManager] Target URL: [https://www.google.com/ncr], and after redirection: [https://www.google.com] @17-12-2021 01:36:44.0092 AM
[ReportManager] Initial URL: [data:,] @17-12-2021 01:36:44.0160 AM
[ReportManager] Browser Action [NavigateToURL] successfully performed. With the following test data [https://www.google.com/ncr]. @17-12-2021 01:36:45.0241 A

################################################################################################################################################
Starting Execution:	[7 out of 23] test cases in the current suite
Test Method:		[tests.gui.google.C_Search_PageObjectModel_Traditional.navigateToGoogleHomeAndAssertGoogleLogoIsDisplayed]
################################################################################################################################################
[ReportManager] Element Action [IsElementDisplayed] successfully performed. @17-12-2021 01:36:45.0372 AM
[ReportManager] Assertion Passed: Asserting that the Google logo is displayed @17-12-2021 01:36:45.0373 AM
[ReportManager] Assertion [ValidateTrue] PASSED. Expected [TRUE] and Actual [TRUE]. Validation Type [POSITIVE]. @17-12-2021 01:36:45.0373 A
[ReportManager] Browser Action [CloseCurrentWindow] successfully performed. @17-12-2021 01:36:45.0516 AM
[ReportManager] Successfully created attachment [Browser Action Test Data - CloseCurrentWindow - Actual Value] @17-12-2021 01:36:45.0518 A
[ReportManager] File Action [GetAbsolutePath] successfully performed. With the following test data [Relative Folder Path: "target/downloadedFiles/"]. @17-12-2021 01:36:45.0524 AM
[ReportManager] Attempting to run remotely on: [Linux-64], [GoogleChrome], [http://localhost:4444/wd/hub], Headless Execution. @17-12-2021 01:36:45.0527 AM
[ReportManager] Successfully Opened [GoogleChrome]. @17-12-2021 01:36:45.0748 AM
[ReportManager] Target URL: [https://www.google.com/ncr], and after redirection: [https://www.google.com] @17-12-2021 01:36:45.0748 AM
[ReportManager] Initial URL: [data:,] @17-12-2021 01:36:45.0830 AM
[ReportManager] Browser Action [NavigateToURL] successfully performed. With the following test data [https://www.google.com/ncr]. @17-12-2021 01:36:48.0257 A

################################################################################################################################################
Starting Execution:	[8 out of 23] test cases in the current suite
Test Method:		[tests.gui.google.C_Search_PageObjectModel_Traditional.navigateToGoogleHomeAndAssertPageTitle]
################################################################################################################################################
[ReportManager] Browser Action [GetCurrentWindowTitle] successfully performed. With the following test data [Google]. @17-12-2021 01:36:48.0306 AM
[ReportManager] Assertion Passed: Asserting that the page title is Google @17-12-2021 01:36:48.0307 AM
[ReportManager] Assertion [ValidateEquals] PASSED. Expected [Google] and Actual [Google]. Comparison Type [EQUALS]. Validation Type [POSITIVE]. @17-12-2021 01:36:48.0307 A
[ReportManager] Browser Action [CloseCurrentWindow] successfully performed. @17-12-2021 01:36:48.0474 AM
[ReportManager] Successfully created attachment [Browser Action Test Data - CloseCurrentWindow - Actual Value] @17-12-2021 01:36:48.0474 A
[ReportManager] File Action [GetAbsolutePath] successfully performed. With the following test data [Relative Folder Path: "target/downloadedFiles/"]. @17-12-2021 01:36:48.0481 AM
[ReportManager] Attempting to run remotely on: [Linux-64], [GoogleChrome], [http://localhost:4444/wd/hub], Headless Execution. @17-12-2021 01:36:48.0481 AM
[ReportManager] Successfully Opened [GoogleChrome]. @17-12-2021 01:36:48.0690 AM
[ReportManager] Target URL: [https://www.google.com/ncr], and after redirection: [https://www.google.com] @17-12-2021 01:36:48.0690 AM
[ReportManager] Initial URL: [data:,] @17-12-2021 01:36:48.0785 AM
[ReportManager] Browser Action [NavigateToURL] successfully performed. With the following test data [https://www.google.com/ncr]. @17-12-2021 01:36:49.0793 A

################################################################################################################################################
Starting Execution:	[9 out of 23] test cases in the current suite
Test Method:		[tests.gui.google.C_Search_PageObjectModel_Traditional.searchForQueryAndAssertFirstResultTextIsCorrect]
################################################################################################################################################
[ReportManager] Element Action [Type] successfully performed. With the following test data [SHAFT_Engine]. @17-12-2021 01:36:50.0236 AM
[ReportManager] Element Action [KeyPress] successfully performed. With the following test data [ENTER]. @17-12-2021 01:36:51.0620 AM
[ReportManager] Element Action [GetText] successfully performed. With the following test data [SHAFT: Unified Test Automation Engine - GitHub]. @17-12-2021 01:36:51.0737 AM
[ReportManager] Assertion Failed: Asserting that the correct first result is displayed @17-12-2021 01:36:51.0737 AM
[ReportManager] Assertion [ValidateEquals] FAILED. Expected [MohabMohie] and Actual [SHAFT: Unified Test Automation Engine - GitHub]. Comparison Type [CONTAINS]. Validation Type [POSITIVE]. @17-12-2021 01:36:51.0738 A
[ReportManager] Browser Action [CloseCurrentWindow] successfully performed. @17-12-2021 01:36:51.0980 AM
[ReportManager] Successfully created attachment [Browser Action Test Data - CloseCurrentWindow - Actual Value] @17-12-2021 01:36:51.0985 A
[ReportManager] An Exception Occured with this Message: src/test/resources/testDataFiles/Google/SimpleSearch.xlsx (No such file or directory). @17-12-2021 01:36:51.0991 AM
[ReportManager] Successfully created attachment [Exception Stack Trace - java.io.FileNotFoundException] @17-12-2021 01:36:51.0991 AM
[ReportManager] Couldn't find the desired file. [src/test/resources/testDataFiles/Google/SimpleSearch.xlsx]. @17-12-2021 01:36:51.0992 A


################################################################################################################################################
Starting Execution:	[10 out of 23] test cases in the current suite
Test Method:		[tests.gui.google.F_Search_PageObjectModel_Fluent.navigateToGoogleHomeAndAssertGoogleLogoIsDisplayed]
###############################################################################################################################################



################################################################################################################################################
Starting Execution:	[11 out of 23] test cases in the current suite
Test Method:		[tests.gui.google.F_Search_PageObjectModel_Fluent.navigateToGoogleHomeAndAssertPageTitle]
###############################################################################################################################################



################################################################################################################################################
Starting Execution:	[12 out of 23] test cases in the current suite
Test Method:		[tests.gui.google.F_Search_PageObjectModel_Fluent.searchForQueryAndAssertFirstResultTextIsCorrect]
###############################################################################################################################################

[ReportManager] An Exception Occured with this Message: src/test/resources/testDataFiles/Google/SimpleSearch.xlsx (No such file or directory). @17-12-2021 01:36:52.0028 AM
[ReportManager] Successfully created attachment [Exception Stack Trace - java.io.FileNotFoundException] @17-12-2021 01:36:52.0029 AM
[ReportManager] Couldn't find the desired file. [src/test/resources/testDataFiles/Google/SimpleSearch.xlsx]. @17-12-2021 01:36:52.0029 A


################################################################################################################################################
Starting Execution:	[13 out of 23] test cases in the current suite
Test Method:		[tests.gui.google.E_Search_PageObjectModel_Traditional_SHAFTAssertions.navigateToGoogleHomeAndAssertGoogleLogoIsDisplayed]
###############################################################################################################################################



################################################################################################################################################
Starting Execution:	[14 out of 23] test cases in the current suite
Test Method:		[tests.gui.google.E_Search_PageObjectModel_Traditional_SHAFTAssertions.navigateToGoogleHomeAndAssertPageTitle]
###############################################################################################################################################



################################################################################################################################################
Starting Execution:	[15 out of 23] test cases in the current suite
Test Method:		[tests.gui.google.E_Search_PageObjectModel_Traditional_SHAFTAssertions.searchForQueryAndAssertFirstResultTextIsCorrect]
###############################################################################################################################################

[ReportManager] An Exception Occured with this Message: src/test/resources/testDataFiles/Google/SimpleSearch.xlsx (No such file or directory). @17-12-2021 01:36:52.0049 AM
[ReportManager] Successfully created attachment [Exception Stack Trace - java.io.FileNotFoundException] @17-12-2021 01:36:52.0050 AM
[ReportManager] Couldn't find the desired file. [src/test/resources/testDataFiles/Google/SimpleSearch.xlsx]. @17-12-2021 01:36:52.0050 A


################################################################################################################################################
Starting Execution:	[16 out of 23] test cases in the current suite
Test Method:		[tests.gui.google.D_Search_PageObjectModel_Traditional_DataDriven.navigateToGoogleHomeAndAssertGoogleLogoIsDisplayed]
###############################################################################################################################################



################################################################################################################################################
Starting Execution:	[17 out of 23] test cases in the current suite
Test Method:		[tests.gui.google.D_Search_PageObjectModel_Traditional_DataDriven.navigateToGoogleHomeAndAssertPageTitle]
###############################################################################################################################################



################################################################################################################################################
Starting Execution:	[18 out of 23] test cases in the current suite
Test Method:		[tests.gui.google.D_Search_PageObjectModel_Traditional_DataDriven.searchForQueryAndAssertFirstResultTextIsCorrect]
###############################################################################################################################################




################################################################################################################################################
Starting Execution:	[19 out of 23] test cases in the current suite
Test Method:		[tests.gui.google.A_Search_FlatTest_NativeSeleniumWebDriver.navigateToGoogleHomeAndAssertGoogleLogoIsDisplayed]
###############################################################################################################################################



################################################################################################################################################
Starting Execution:	[20 out of 23] test cases in the current suite
Test Method:		[tests.gui.google.A_Search_FlatTest_NativeSeleniumWebDriver.navigateToGoogleHomeAndAssertPageTitle]
###############################################################################################################################################



################################################################################################################################################
Starting Execution:	[21 out of 23] test cases in the current suite
Test Method:		[tests.gui.google.A_Search_FlatTest_NativeSeleniumWebDriver.searchForQueryAndAssertFirstResultTextIsCorrect]
###############################################################################################################################################


################################################################################################################################################
Starting Execution:	[22 out of 23] test cases in the current suite
Test Method:		[tests.api.users.UserData.validateUserEmail]
################################################################################################################################################
[ReportManager] Response status code: [200], status line: [HTTP/1.1 200 OK] @17-12-2021 01:37:13.0592 AM
[ReportManager] Assertion Passed: Evaluating the actual response status code against the expected one... @17-12-2021 01:37:13.0596 AM
[ReportManager] Assertion [ValidateComparativeRelation] PASSED. Expected [200] and Actual [200]. Comparison Type [EQUALS]. Validation Type [POSITIVE]. @17-12-2021 01:37:13.0597 AM
[ReportManager] API Action [PerformRequest] successfully performed. With the following test data [Request Type: "GET" | Target Status Code: "200" | Service URL: "https://jsonplaceholder.typicode.com/users" | Content Type: "*/*" | Response Time: "641ms"]. @17-12-2021 01:37:14.0561 AM
[ReportManager] Successfully created attachment [API Request - Specifications] @17-12-2021 01:37:14.0562 AM
[ReportManager] Successfully created attachment [API Response - JSON Body] @17-12-2021 01:37:14.0753 AM
[ReportManager] Assertion [ValidateEquals] PASSED. Expected and Actual values are attached. Comparison Type [CONTAINS]. Validation Type [POSITIVE]. @17-12-2021 01:37:14.0754 AM
[ReportManager] Successfully created attachment [Validation Test Data - Expected Value] @17-12-2021 01:37:14.0754 AM
[ReportManager] Successfully created attachment [Validation Test Data - Actual Value] @17-12-2021 01:37:14.0754 AM
[ReportManager] API Action [GetResponseJSONValueAsList] successfully performed. With the following test data [$]. @17-12-2021 01:37:14.0762 AM
[ReportManager] API Action [GetResponseJSONValue] successfully performed. With the following test data [name]. @17-12-2021 01:37:14.0780 AM
[ReportManager] API Action [GetResponseJSONValue] successfully performed. With the following test data [email]. @17-12-2021 01:37:14.0791 AM
[ReportManager] Assertion [ValidateEquals] PASSED. Expected [Sincere@april.biz] and Actual [Sincere@april.biz]. Comparison Type [EQUALS]. Validation Type [POSITIVE]. @17-12-2021 01:37:14.0791 AM
[ReportManager] API Action [GetResponseJSONValue] successfully performed. With the following test data [name]. @17-12-2021 01:37:14.0801 AM
[ReportManager] API Action [GetResponseJSONValue] successfully performed. With the following test data [name]. @17-12-2021 01:37:14.0810 AM
[ReportManager] API Action [GetResponseJSONValue] successfully performed. With the following test data [name]. @17-12-2021 01:37:14.0819 AM
[ReportManager] API Action [GetResponseJSONValue] successfully performed. With the following test data [name]. @17-12-2021 01:37:14.0828 AM
[ReportManager] API Action [GetResponseJSONValue] successfully performed. With the following test data [name]. @17-12-2021 01:37:14.0838 AM
[ReportManager] API Action [GetResponseJSONValue] successfully performed. With the following test data [name]. @17-12-2021 01:37:14.0846 AM
[ReportManager] API Action [GetResponseJSONValue] successfully performed. With the following test data [name]. @17-12-2021 01:37:14.0855 AM
[ReportManager] API Action [GetResponseJSONValue] successfully performed. With the following test data [name]. @17-12-2021 01:37:14.0864 AM
[ReportManager] API Action [GetResponseJSONValue] successfully performed. With the following test data [name]. @17-12-2021 01:37:14.0872 A

################################################################################################################################################
Starting Execution:	[23 out of 23] test cases in the current suite
Test Method:		[tests.cli.demo.cliTest.sampleTestCase]
################################################################################################################################################
[ReportManager] Attempting to perform the following command locally. Command: [ls] @17-12-2021 01:37:14.0883 AM
[ReportManager] Terminal Action [PerformTerminalCommands] successfully performed. With the following test data [Host Name: "localHost" | Command: "ls" | Exit Status: "0"]. @17-12-2021 01:37:14.0889 AM
[ReportManager] Successfully created attachment [Terminal Action Actual Result - Command Log] @17-12-2021 01:37:14.0889 AM
[ReportManager] Assertion Passed: Demoing local terminal actions @17-12-2021 01:37:14.0890 AM
[ReportManager] Assertion [ValidateEquals] PASSED. Expected [pom.xml] and Actual [LICENSE
README.md
allure-results
docker-compose_native.yml
docker-compose_zalenium.yml
extent-reports
pom.xml
readMeImgs
src
target]. Comparison Type [CONTAINS]. Validation Type [POSITIVE]. @17-12-2021 01:37:14.0890 A
[ReportManager] Successfully created attachment [SHAFT Engine Logs - Execution log] @17-12-2021 01:37:14.0903 AM

################################################################################################################################################
This test run was powered by SHAFT Engine Version: [SHAFT Engine v5.4.20211117-BETA]
SHAFT Engine is licensed under the MIT License: [https://github.com/MohabMohie/SHAFT_ENGINE/blob/master/LICENSE].
################################################################################################################################################