{
  "uid" : "5bb779a848d19d0",
  "name" : "searchForQueryAndAssertFirstResultTextIsCorrect",
  "fullName" : "tests.gui.google.A_Search_FlatTest_NativeSeleniumWebDriver.searchForQueryAndAssertFirstResultTextIsCorrect",
  "historyId" : "fdc05655c0baedca02c68f2849cb257b",
  "time" : {
    "start" : 1640457468254,
    "stop" : 1640457468257,
    "duration" : 3
  },
  "status" : "skipped",
  "statusMessage" : "Could not start a new session. Response code 500. Message: unknown error: Chrome failed to start: crashed.\n  (unknown error: DevToolsActivePort file doesn't exist)\n  (The process started from chrome location /usr/bin/google-chrome is no longer running, so ChromeDriver is assuming that Chrome has crashed.)\nBuild info: version: '4.0.0', revision: '3a21814679'\nSystem info: host: 'fv-az74-997', ip: '10.1.0.30', os.name: 'Linux', os.arch: 'amd64', os.version: '5.11.0-1022-azure', java.version: '17.0.1'\nDriver info: org.openqa.selenium.chrome.ChromeDriver\nCommand: [null, newSession {capabilities=[Capabilities {browserName: chrome, goog:chromeOptions: {args: [], extensions: []}}], desiredCapabilities=Capabilities {browserName: chrome, goog:chromeOptions: {args: [], extensions: []}}}]",
  "statusTrace" : "org.openqa.selenium.SessionNotCreatedException: Could not start a new session. Response code 500. Message: unknown error: Chrome failed to start: crashed.\n  (unknown error: DevToolsActivePort file doesn't exist)\n  (The process started from chrome location /usr/bin/google-chrome is no longer running, so ChromeDriver is assuming that Chrome has crashed.)\nBuild info: version: '4.0.0', revision: '3a21814679'\nSystem info: host: 'fv-az74-997', ip: '10.1.0.30', os.name: 'Linux', os.arch: 'amd64', os.version: '5.11.0-1022-azure', java.version: '17.0.1'\nDriver info: org.openqa.selenium.chrome.ChromeDriver\nCommand: [null, newSession {capabilities=[Capabilities {browserName: chrome, goog:chromeOptions: {args: [], extensions: []}}], desiredCapabilities=Capabilities {browserName: chrome, goog:chromeOptions: {args: [], extensions: []}}}]\n\tat org.openqa.selenium.remote.ProtocolHandshake.createSession(ProtocolHandshake.java:126)\n\tat org.openqa.selenium.remote.ProtocolHandshake.createSession(ProtocolHandshake.java:84)\n\tat org.openqa.selenium.remote.ProtocolHandshake.createSession(ProtocolHandshake.java:62)\n\tat org.openqa.selenium.remote.HttpCommandExecutor.execute(HttpCommandExecutor.java:156)\n\tat org.openqa.selenium.remote.service.DriverCommandExecutor.invokeExecute(DriverCommandExecutor.java:164)\n\tat org.openqa.selenium.remote.service.DriverCommandExecutor.execute(DriverCommandExecutor.java:139)\n\tat org.openqa.selenium.remote.RemoteWebDriver.execute(RemoteWebDriver.java:559)\n\tat org.openqa.selenium.remote.RemoteWebDriver.startSession(RemoteWebDriver.java:246)\n\tat org.openqa.selenium.remote.RemoteWebDriver.<init>(RemoteWebDriver.java:168)\n\tat org.openqa.selenium.chromium.ChromiumDriver.<init>(ChromiumDriver.java:108)\n\tat org.openqa.selenium.chrome.ChromeDriver.<init>(ChromeDriver.java:104)\n\tat org.openqa.selenium.chrome.ChromeDriver.<init>(ChromeDriver.java:91)\n\tat org.openqa.selenium.chrome.ChromeDriver.<init>(ChromeDriver.java:46)\n\tat tests.gui.google.A_Search_FlatTest_NativeSeleniumWebDriver.beforeMethod(A_Search_FlatTest_NativeSeleniumWebDriver.java:46)\n\tat java.base/jdk.internal.reflect.NativeMethodAccessorImpl.invoke0(Native Method)\n\tat java.base/jdk.internal.reflect.NativeMethodAccessorImpl.invoke(NativeMethodAccessorImpl.java:77)\n\tat java.base/jdk.internal.reflect.DelegatingMethodAccessorImpl.invoke(DelegatingMethodAccessorImpl.java:43)\n\tat java.base/java.lang.reflect.Method.invoke(Method.java:568)\n\tat org.testng.internal.MethodInvocationHelper.invokeMethod(MethodInvocationHelper.java:133)\n\tat org.testng.internal.MethodInvocationHelper.invokeMethodConsideringTimeout(MethodInvocationHelper.java:62)\n\tat org.testng.internal.ConfigInvoker.invokeConfigurationMethod(ConfigInvoker.java:385)\n\tat org.testng.internal.ConfigInvoker.invokeConfigurations(ConfigInvoker.java:321)\n\tat org.testng.internal.TestInvoker.runConfigMethods(TestInvoker.java:700)\n\tat org.testng.internal.TestInvoker.invokeMethod(TestInvoker.java:527)\n\tat org.testng.internal.TestInvoker.invokeTestMethod(TestInvoker.java:173)\n\tat org.testng.internal.MethodRunner.runInSequence(MethodRunner.java:46)\n\tat org.testng.internal.TestInvoker$MethodInvocationAgent.invoke(TestInvoker.java:824)\n\tat org.testng.internal.TestInvoker.invokeTestMethods(TestInvoker.java:146)\n\tat org.testng.internal.TestMethodWorker.invokeTestMethods(TestMethodWorker.java:146)\n\tat org.testng.internal.TestMethodWorker.run(TestMethodWorker.java:128)\n\tat java.base/java.util.ArrayList.forEach(ArrayList.java:1511)\n\tat org.testng.TestRunner.privateRun(TestRunner.java:794)\n\tat org.testng.TestRunner.run(TestRunner.java:596)\n\tat org.testng.SuiteRunner.runTest(SuiteRunner.java:377)\n\tat org.testng.SuiteRunner.runSequentially(SuiteRunner.java:371)\n\tat org.testng.SuiteRunner.privateRun(SuiteRunner.java:332)\n\tat org.testng.SuiteRunner.run(SuiteRunner.java:276)\n\tat org.testng.SuiteRunnerWorker.runSuite(SuiteRunnerWorker.java:53)\n\tat org.testng.SuiteRunnerWorker.run(SuiteRunnerWorker.java:96)\n\tat org.testng.TestNG.runSuitesSequentially(TestNG.java:1212)\n\tat org.testng.TestNG.runSuitesLocally(TestNG.java:1134)\n\tat org.testng.TestNG.runSuites(TestNG.java:1063)\n\tat org.testng.TestNG.run(TestNG.java:1031)\n\tat org.apache.maven.surefire.testng.TestNGExecutor.run(TestNGExecutor.java:136)\n\tat org.apache.maven.surefire.testng.TestNGDirectoryTestSuite.executeMulti(TestNGDirectoryTestSuite.java:193)\n\tat org.apache.maven.surefire.testng.TestNGDirectoryTestSuite.execute(TestNGDirectoryTestSuite.java:94)\n\tat org.apache.maven.surefire.testng.TestNGProvider.invoke(TestNGProvider.java:145)\n\tat org.apache.maven.surefire.booter.ForkedBooter.runSuitesInProcess(ForkedBooter.java:428)\n\tat org.apache.maven.surefire.booter.ForkedBooter.execute(ForkedBooter.java:162)\n\tat org.apache.maven.surefire.booter.ForkedBooter.run(ForkedBooter.java:562)\n\tat org.apache.maven.surefire.booter.ForkedBooter.main(ForkedBooter.java:548)\n",
  "flaky" : false,
  "newFailed" : false,
  "beforeStages" : [ {
    "name" : "beforeMethod",
    "time" : {
      "start" : 1640457468252,
      "stop" : 1640457468253,
      "duration" : 1
    },
    "description" : "",
    "status" : "broken",
    "steps" : [ ],
    "attachments" : [ ],
    "parameters" : [ ],
    "stepsCount" : 0,
    "attachmentsCount" : 0,
    "shouldDisplayMessage" : false,
    "hasContent" : false
  }, {
    "name" : "beforeClass",
    "time" : {
      "start" : 1640457450525,
      "stop" : 1640457451982,
      "duration" : 1457
    },
    "description" : "",
    "status" : "passed",
    "steps" : [ ],
    "attachments" : [ ],
    "parameters" : [ ],
    "stepsCount" : 0,
    "attachmentsCount" : 0,
    "shouldDisplayMessage" : false,
    "hasContent" : false
  }, {
    "name" : "setupActivities",
    "time" : {
      "start" : 1640457431205,
      "stop" : 1640457431934,
      "duration" : 729
    },
    "description" : "",
    "status" : "passed",
    "steps" : [ {
      "name" : "Folder [extent-reports] was not found, it may have already been deleted.",
      "time" : {
        "start" : 1640457431332,
        "stop" : 1640457431334,
        "duration" : 2
      },
      "status" : "passed",
      "steps" : [ ],
      "attachments" : [ ],
      "parameters" : [ {
        "name" : "actionCounter",
        "value" : "1"
      }, {
        "name" : "logText",
        "value" : "Folder [extent-reports] was not found, it may have already been deleted."
      } ],
      "stepsCount" : 0,
      "attachmentsCount" : 0,
      "shouldDisplayMessage" : false,
      "hasContent" : true
    } ],
    "attachments" : [ {
      "uid" : "e4b91e0cfc72c2fd",
      "name" : "Attachment: SHAFT Links - Important",
      "source" : "e4b91e0cfc72c2fd.uri",
      "type" : "text/uri-list",
      "size" : 346
    }, {
      "uid" : "f15ee158dcfb3ed4",
      "name" : "Attachment: Properties - ExecutionPlatform",
      "source" : "f15ee158dcfb3ed4.properties",
      "type" : "text/plain",
      "size" : 394
    } ],
    "parameters" : [ ],
    "stepsCount" : 1,
    "attachmentsCount" : 2,
    "shouldDisplayMessage" : false,
    "hasContent" : true
  } ],
  "testStage" : {
    "status" : "skipped",
    "statusMessage" : "Could not start a new session. Response code 500. Message: unknown error: Chrome failed to start: crashed.\n  (unknown error: DevToolsActivePort file doesn't exist)\n  (The process started from chrome location /usr/bin/google-chrome is no longer running, so ChromeDriver is assuming that Chrome has crashed.)\nBuild info: version: '4.0.0', revision: '3a21814679'\nSystem info: host: 'fv-az74-997', ip: '10.1.0.30', os.name: 'Linux', os.arch: 'amd64', os.version: '5.11.0-1022-azure', java.version: '17.0.1'\nDriver info: org.openqa.selenium.chrome.ChromeDriver\nCommand: [null, newSession {capabilities=[Capabilities {browserName: chrome, goog:chromeOptions: {args: [], extensions: []}}], desiredCapabilities=Capabilities {browserName: chrome, goog:chromeOptions: {args: [], extensions: []}}}]",
    "statusTrace" : "org.openqa.selenium.SessionNotCreatedException: Could not start a new session. Response code 500. Message: unknown error: Chrome failed to start: crashed.\n  (unknown error: DevToolsActivePort file doesn't exist)\n  (The process started from chrome location /usr/bin/google-chrome is no longer running, so ChromeDriver is assuming that Chrome has crashed.)\nBuild info: version: '4.0.0', revision: '3a21814679'\nSystem info: host: 'fv-az74-997', ip: '10.1.0.30', os.name: 'Linux', os.arch: 'amd64', os.version: '5.11.0-1022-azure', java.version: '17.0.1'\nDriver info: org.openqa.selenium.chrome.ChromeDriver\nCommand: [null, newSession {capabilities=[Capabilities {browserName: chrome, goog:chromeOptions: {args: [], extensions: []}}], desiredCapabilities=Capabilities {browserName: chrome, goog:chromeOptions: {args: [], extensions: []}}}]\n\tat org.openqa.selenium.remote.ProtocolHandshake.createSession(ProtocolHandshake.java:126)\n\tat org.openqa.selenium.remote.ProtocolHandshake.createSession(ProtocolHandshake.java:84)\n\tat org.openqa.selenium.remote.ProtocolHandshake.createSession(ProtocolHandshake.java:62)\n\tat org.openqa.selenium.remote.HttpCommandExecutor.execute(HttpCommandExecutor.java:156)\n\tat org.openqa.selenium.remote.service.DriverCommandExecutor.invokeExecute(DriverCommandExecutor.java:164)\n\tat org.openqa.selenium.remote.service.DriverCommandExecutor.execute(DriverCommandExecutor.java:139)\n\tat org.openqa.selenium.remote.RemoteWebDriver.execute(RemoteWebDriver.java:559)\n\tat org.openqa.selenium.remote.RemoteWebDriver.startSession(RemoteWebDriver.java:246)\n\tat org.openqa.selenium.remote.RemoteWebDriver.<init>(RemoteWebDriver.java:168)\n\tat org.openqa.selenium.chromium.ChromiumDriver.<init>(ChromiumDriver.java:108)\n\tat org.openqa.selenium.chrome.ChromeDriver.<init>(ChromeDriver.java:104)\n\tat org.openqa.selenium.chrome.ChromeDriver.<init>(ChromeDriver.java:91)\n\tat org.openqa.selenium.chrome.ChromeDriver.<init>(ChromeDriver.java:46)\n\tat tests.gui.google.A_Search_FlatTest_NativeSeleniumWebDriver.beforeMethod(A_Search_FlatTest_NativeSeleniumWebDriver.java:46)\n\tat java.base/jdk.internal.reflect.NativeMethodAccessorImpl.invoke0(Native Method)\n\tat java.base/jdk.internal.reflect.NativeMethodAccessorImpl.invoke(NativeMethodAccessorImpl.java:77)\n\tat java.base/jdk.internal.reflect.DelegatingMethodAccessorImpl.invoke(DelegatingMethodAccessorImpl.java:43)\n\tat java.base/java.lang.reflect.Method.invoke(Method.java:568)\n\tat org.testng.internal.MethodInvocationHelper.invokeMethod(MethodInvocationHelper.java:133)\n\tat org.testng.internal.MethodInvocationHelper.invokeMethodConsideringTimeout(MethodInvocationHelper.java:62)\n\tat org.testng.internal.ConfigInvoker.invokeConfigurationMethod(ConfigInvoker.java:385)\n\tat org.testng.internal.ConfigInvoker.invokeConfigurations(ConfigInvoker.java:321)\n\tat org.testng.internal.TestInvoker.runConfigMethods(TestInvoker.java:700)\n\tat org.testng.internal.TestInvoker.invokeMethod(TestInvoker.java:527)\n\tat org.testng.internal.TestInvoker.invokeTestMethod(TestInvoker.java:173)\n\tat org.testng.internal.MethodRunner.runInSequence(MethodRunner.java:46)\n\tat org.testng.internal.TestInvoker$MethodInvocationAgent.invoke(TestInvoker.java:824)\n\tat org.testng.internal.TestInvoker.invokeTestMethods(TestInvoker.java:146)\n\tat org.testng.internal.TestMethodWorker.invokeTestMethods(TestMethodWorker.java:146)\n\tat org.testng.internal.TestMethodWorker.run(TestMethodWorker.java:128)\n\tat java.base/java.util.ArrayList.forEach(ArrayList.java:1511)\n\tat org.testng.TestRunner.privateRun(TestRunner.java:794)\n\tat org.testng.TestRunner.run(TestRunner.java:596)\n\tat org.testng.SuiteRunner.runTest(SuiteRunner.java:377)\n\tat org.testng.SuiteRunner.runSequentially(SuiteRunner.java:371)\n\tat org.testng.SuiteRunner.privateRun(SuiteRunner.java:332)\n\tat org.testng.SuiteRunner.run(SuiteRunner.java:276)\n\tat org.testng.SuiteRunnerWorker.runSuite(SuiteRunnerWorker.java:53)\n\tat org.testng.SuiteRunnerWorker.run(SuiteRunnerWorker.java:96)\n\tat org.testng.TestNG.runSuitesSequentially(TestNG.java:1212)\n\tat org.testng.TestNG.runSuitesLocally(TestNG.java:1134)\n\tat org.testng.TestNG.runSuites(TestNG.java:1063)\n\tat org.testng.TestNG.run(TestNG.java:1031)\n\tat org.apache.maven.surefire.testng.TestNGExecutor.run(TestNGExecutor.java:136)\n\tat org.apache.maven.surefire.testng.TestNGDirectoryTestSuite.executeMulti(TestNGDirectoryTestSuite.java:193)\n\tat org.apache.maven.surefire.testng.TestNGDirectoryTestSuite.execute(TestNGDirectoryTestSuite.java:94)\n\tat org.apache.maven.surefire.testng.TestNGProvider.invoke(TestNGProvider.java:145)\n\tat org.apache.maven.surefire.booter.ForkedBooter.runSuitesInProcess(ForkedBooter.java:428)\n\tat org.apache.maven.surefire.booter.ForkedBooter.execute(ForkedBooter.java:162)\n\tat org.apache.maven.surefire.booter.ForkedBooter.run(ForkedBooter.java:562)\n\tat org.apache.maven.surefire.booter.ForkedBooter.main(ForkedBooter.java:548)\n",
    "steps" : [ ],
    "attachments" : [ {
      "uid" : "9eed53e524006200",
      "name" : "Attachment: SHAFT Engine Logs - Current Method log: searchForQueryAndAssertFirstResultTextIsCorrect",
      "source" : "9eed53e524006200.txt",
      "type" : "text/plain",
      "size" : 479
    } ],
    "parameters" : [ ],
    "stepsCount" : 0,
    "attachmentsCount" : 1,
    "shouldDisplayMessage" : true,
    "hasContent" : true
  },
  "afterStages" : [ {
    "name" : "afterMethod",
    "time" : {
      "start" : 1640457468262,
      "stop" : 1640457468262,
      "duration" : 0
    },
    "description" : "",
    "status" : "broken",
    "steps" : [ ],
    "attachments" : [ ],
    "parameters" : [ ],
    "stepsCount" : 0,
    "attachmentsCount" : 0,
    "shouldDisplayMessage" : false,
    "hasContent" : false
  }, {
    "name" : "teardownActivities",
    "time" : {
      "start" : 1640457471678,
      "stop" : 1640457471881,
      "duration" : 203
    },
    "description" : "",
    "status" : "passed",
    "steps" : [ {
      "name" : "Successfully Closed All Drivers.",
      "time" : {
        "start" : 1640457471678,
        "stop" : 1640457471678,
        "duration" : 0
      },
      "status" : "passed",
      "steps" : [ ],
      "attachments" : [ ],
      "parameters" : [ {
        "name" : "actionCounter",
        "value" : "57"
      }, {
        "name" : "logText",
        "value" : "Successfully Closed All Drivers."
      } ],
      "stepsCount" : 0,
      "attachmentsCount" : 0,
      "shouldDisplayMessage" : false,
      "hasContent" : true
    }, {
      "name" : "Issue Summary: Total Issues = 2, New issues for Failed Tests = 2, Open issues for Passed Tests = 0, Open issues for Failed Tests = 0. Kindly check the attached Issue details.",
      "time" : {
        "start" : 1640457471696,
        "stop" : 1640457471697,
        "duration" : 1
      },
      "status" : "passed",
      "steps" : [ ],
      "attachments" : [ {
        "uid" : "118db30df78ac100",
        "name" : "Attachment: SHAFT Engine Logs - Issues log CSV: 20211225-183751",
        "source" : "118db30df78ac100.csv",
        "type" : "text/csv",
        "size" : 342
      } ],
      "parameters" : [ {
        "name" : "actionCounter",
        "value" : "58"
      }, {
        "name" : "logText",
        "value" : "Issue Summary: Total Issues = 2, New issues for Failed Tests = 2, Open issues for Passed Tests = 0, Open issues for Failed Tests = 0. Kindly check the attached Issue details."
      }, {
        "name" : "attachments",
        "value" : "[[SHAFT Engine Logs, Issues log CSV: 20211225-183751, java.io.ByteArrayInputStream@68263c3e]]"
      } ],
      "stepsCount" : 0,
      "attachmentsCount" : 1,
      "shouldDisplayMessage" : false,
      "hasContent" : true
    } ],
    "attachments" : [ {
      "uid" : "4e95883d674d7693",
      "name" : "Attachment: SHAFT Engine Logs - Execution log: 20211225-183751",
      "source" : "4e95883d674d7693.txt",
      "type" : "text/plain",
      "size" : 29497
    }, {
      "uid" : "90f2d26a8d09ae48",
      "name" : "Attachment: HTML - Extent Emailable Execution Report",
      "source" : "90f2d26a8d09ae48.html",
      "type" : "text/html",
      "size" : 726904
    } ],
    "parameters" : [ ],
    "stepsCount" : 2,
    "attachmentsCount" : 3,
    "shouldDisplayMessage" : false,
    "hasContent" : true
  } ],
  "labels" : [ {
    "name" : "package",
    "value" : "tests.gui.google.A_Search_FlatTest_NativeSeleniumWebDriver"
  }, {
    "name" : "testClass",
    "value" : "tests.gui.google.A_Search_FlatTest_NativeSeleniumWebDriver"
  }, {
    "name" : "testMethod",
    "value" : "searchForQueryAndAssertFirstResultTextIsCorrect"
  }, {
    "name" : "parentSuite",
    "value" : "SHAFT: Custom Suite"
  }, {
    "name" : "suite",
    "value" : "SHAFT: Custom Test"
  }, {
    "name" : "subSuite",
    "value" : "tests.gui.google.A_Search_FlatTest_NativeSeleniumWebDriver"
  }, {
    "name" : "host",
    "value" : "fv-az74-997"
  }, {
    "name" : "thread",
    "value" : "3742@fv-az74-997.main(1)"
  }, {
    "name" : "framework",
    "value" : "testng"
  }, {
    "name" : "language",
    "value" : "java"
  }, {
    "name" : "resultFormat",
    "value" : "allure2"
  } ],
  "parameters" : [ ],
  "links" : [ ],
  "hidden" : false,
  "retry" : false,
  "extra" : {
    "severity" : "normal",
    "retries" : [ ],
    "categories" : [ ],
    "history" : {
      "statistic" : {
        "failed" : 0,
        "broken" : 0,
        "skipped" : 120,
        "passed" : 0,
        "unknown" : 0,
        "total" : 120
      },
      "items" : [ {
        "uid" : "7f577965eb8587e7",
        "reportUrl" : "https://Dorgham4.github.io/io.github.alidorgham/allure/123//#testresult/7f577965eb8587e7",
        "status" : "skipped",
        "statusDetails" : "Could not start a new session. Response code 500. Message: unknown error: Chrome failed to start: crashed.\n  (unknown error: DevToolsActivePort file doesn't exist)\n  (The process started from chrome location /usr/bin/google-chrome is no longer running, so ChromeDriver is assuming that Chrome has crashed.)\nBuild info: version: '4.0.0', revision: '3a21814679'\nSystem info: host: 'fv-az39-403', ip: '10.1.0.63', os.name: 'Linux', os.arch: 'amd64', os.version: '5.11.0-1022-azure', java.version: '17.0.1'\nDriver info: org.openqa.selenium.chrome.ChromeDriver\nCommand: [null, newSession {capabilities=[Capabilities {browserName: chrome, goog:chromeOptions: {args: [], extensions: []}}], desiredCapabilities=Capabilities {browserName: chrome, goog:chromeOptions: {args: [], extensions: []}}}]",
        "time" : {
          "start" : 1640436615527,
          "stop" : 1640436615528,
          "duration" : 1
        }
      }, {
        "uid" : "4ae91a41615e69da",
        "reportUrl" : "https://Dorgham4.github.io/io.github.alidorgham/allure/122//#testresult/4ae91a41615e69da",
        "status" : "skipped",
        "statusDetails" : "Could not start a new session. Response code 500. Message: unknown error: Chrome failed to start: crashed.\n  (unknown error: DevToolsActivePort file doesn't exist)\n  (The process started from chrome location /usr/bin/google-chrome is no longer running, so ChromeDriver is assuming that Chrome has crashed.)\nBuild info: version: '4.0.0', revision: '3a21814679'\nSystem info: host: 'fv-az39-403', ip: '10.1.0.55', os.name: 'Linux', os.arch: 'amd64', os.version: '5.11.0-1022-azure', java.version: '17.0.1'\nDriver info: org.openqa.selenium.chrome.ChromeDriver\nCommand: [null, newSession {capabilities=[Capabilities {browserName: chrome, goog:chromeOptions: {args: [], extensions: []}}], desiredCapabilities=Capabilities {browserName: chrome, goog:chromeOptions: {args: [], extensions: []}}}]",
        "time" : {
          "start" : 1640414350549,
          "stop" : 1640414350552,
          "duration" : 3
        }
      }, {
        "uid" : "c5368c1bd5cb5368",
        "reportUrl" : "https://Dorgham4.github.io/io.github.alidorgham/allure/121//#testresult/c5368c1bd5cb5368",
        "status" : "skipped",
        "statusDetails" : "Could not start a new session. Response code 500. Message: unknown error: Chrome failed to start: crashed.\n  (unknown error: DevToolsActivePort file doesn't exist)\n  (The process started from chrome location /usr/bin/google-chrome is no longer running, so ChromeDriver is assuming that Chrome has crashed.)\nBuild info: version: '4.0.0', revision: '3a21814679'\nSystem info: host: 'fv-az83-467', ip: '10.1.0.47', os.name: 'Linux', os.arch: 'amd64', os.version: '5.11.0-1022-azure', java.version: '17.0.1'\nDriver info: org.openqa.selenium.chrome.ChromeDriver\nCommand: [null, newSession {capabilities=[Capabilities {browserName: chrome, goog:chromeOptions: {args: [], extensions: []}}], desiredCapabilities=Capabilities {browserName: chrome, goog:chromeOptions: {args: [], extensions: []}}}]",
        "time" : {
          "start" : 1640395976430,
          "stop" : 1640395976436,
          "duration" : 6
        }
      }, {
        "uid" : "dce89a57ebb29056",
        "reportUrl" : "https://Dorgham4.github.io/io.github.alidorgham/allure/120//#testresult/dce89a57ebb29056",
        "status" : "skipped",
        "statusDetails" : "Could not start a new session. Response code 500. Message: unknown error: Chrome failed to start: crashed.\n  (unknown error: DevToolsActivePort file doesn't exist)\n  (The process started from chrome location /usr/bin/google-chrome is no longer running, so ChromeDriver is assuming that Chrome has crashed.)\nBuild info: version: '4.0.0', revision: '3a21814679'\nSystem info: host: 'fv-az121-779', ip: '10.1.0.111', os.name: 'Linux', os.arch: 'amd64', os.version: '5.11.0-1022-azure', java.version: '17.0.1'\nDriver info: org.openqa.selenium.chrome.ChromeDriver\nCommand: [null, newSession {capabilities=[Capabilities {browserName: chrome, goog:chromeOptions: {args: [], extensions: []}}], desiredCapabilities=Capabilities {browserName: chrome, goog:chromeOptions: {args: [], extensions: []}}}]",
        "time" : {
          "start" : 1640371116762,
          "stop" : 1640371116763,
          "duration" : 1
        }
      }, {
        "uid" : "ff3f05df476407e5",
        "reportUrl" : "https://Dorgham4.github.io/io.github.alidorgham/allure/119//#testresult/ff3f05df476407e5",
        "status" : "skipped",
        "statusDetails" : "Could not start a new session. Response code 500. Message: unknown error: Chrome failed to start: crashed.\n  (unknown error: DevToolsActivePort file doesn't exist)\n  (The process started from chrome location /usr/bin/google-chrome is no longer running, so ChromeDriver is assuming that Chrome has crashed.)\nBuild info: version: '4.0.0', revision: '3a21814679'\nSystem info: host: 'fv-az36-988', ip: '10.1.0.85', os.name: 'Linux', os.arch: 'amd64', os.version: '5.11.0-1022-azure', java.version: '17.0.1'\nDriver info: org.openqa.selenium.chrome.ChromeDriver\nCommand: [null, newSession {capabilities=[Capabilities {browserName: chrome, goog:chromeOptions: {args: [], extensions: []}}], desiredCapabilities=Capabilities {browserName: chrome, goog:chromeOptions: {args: [], extensions: []}}}]",
        "time" : {
          "start" : 1640350295112,
          "stop" : 1640350295113,
          "duration" : 1
        }
      }, {
        "uid" : "d52b19674ba82da9",
        "reportUrl" : "https://Dorgham4.github.io/io.github.alidorgham/allure/118//#testresult/d52b19674ba82da9",
        "status" : "skipped",
        "statusDetails" : "Could not start a new session. Response code 500. Message: unknown error: Chrome failed to start: crashed.\n  (unknown error: DevToolsActivePort file doesn't exist)\n  (The process started from chrome location /usr/bin/google-chrome is no longer running, so ChromeDriver is assuming that Chrome has crashed.)\nBuild info: version: '4.0.0', revision: '3a21814679'\nSystem info: host: 'fv-az39-403', ip: '10.1.0.62', os.name: 'Linux', os.arch: 'amd64', os.version: '5.11.0-1022-azure', java.version: '17.0.1'\nDriver info: org.openqa.selenium.chrome.ChromeDriver\nCommand: [null, newSession {capabilities=[Capabilities {browserName: chrome, goog:chromeOptions: {args: [], extensions: []}}], desiredCapabilities=Capabilities {browserName: chrome, goog:chromeOptions: {args: [], extensions: []}}}]",
        "time" : {
          "start" : 1640328024394,
          "stop" : 1640328024394,
          "duration" : 0
        }
      }, {
        "uid" : "1ff27d2865974eed",
        "reportUrl" : "https://Dorgham4.github.io/io.github.alidorgham/allure/117//#testresult/1ff27d2865974eed",
        "status" : "skipped",
        "statusDetails" : "Could not start a new session. Response code 500. Message: unknown error: Chrome failed to start: crashed.\n  (unknown error: DevToolsActivePort file doesn't exist)\n  (The process started from chrome location /usr/bin/google-chrome is no longer running, so ChromeDriver is assuming that Chrome has crashed.)\nBuild info: version: '4.0.0', revision: '3a21814679'\nSystem info: host: 'fv-az77-763', ip: '10.1.0.87', os.name: 'Linux', os.arch: 'amd64', os.version: '5.11.0-1022-azure', java.version: '17.0.1'\nDriver info: org.openqa.selenium.chrome.ChromeDriver\nCommand: [null, newSession {capabilities=[Capabilities {browserName: chrome, goog:chromeOptions: {args: [], extensions: []}}], desiredCapabilities=Capabilities {browserName: chrome, goog:chromeOptions: {args: [], extensions: []}}}]",
        "time" : {
          "start" : 1640309653522,
          "stop" : 1640309653523,
          "duration" : 1
        }
      }, {
        "uid" : "d33655e37dc13818",
        "reportUrl" : "https://Dorgham4.github.io/io.github.alidorgham/allure/116//#testresult/d33655e37dc13818",
        "status" : "skipped",
        "statusDetails" : "Could not start a new session. Response code 500. Message: unknown error: Chrome failed to start: crashed.\n  (unknown error: DevToolsActivePort file doesn't exist)\n  (The process started from chrome location /usr/bin/google-chrome is no longer running, so ChromeDriver is assuming that Chrome has crashed.)\nBuild info: version: '4.0.0', revision: '3a21814679'\nSystem info: host: 'fv-az33-355', ip: '10.1.0.97', os.name: 'Linux', os.arch: 'amd64', os.version: '5.11.0-1022-azure', java.version: '17.0.1'\nDriver info: org.openqa.selenium.chrome.ChromeDriver\nCommand: [null, newSession {capabilities=[Capabilities {browserName: chrome, goog:chromeOptions: {args: [], extensions: []}}], desiredCapabilities=Capabilities {browserName: chrome, goog:chromeOptions: {args: [], extensions: []}}}]",
        "time" : {
          "start" : 1640284750376,
          "stop" : 1640284750384,
          "duration" : 8
        }
      }, {
        "uid" : "c5fcd6873958caa6",
        "reportUrl" : "https://Dorgham4.github.io/io.github.alidorgham/allure/115//#testresult/c5fcd6873958caa6",
        "status" : "skipped",
        "statusDetails" : "Could not start a new session. Response code 500. Message: unknown error: Chrome failed to start: crashed.\n  (unknown error: DevToolsActivePort file doesn't exist)\n  (The process started from chrome location /usr/bin/google-chrome is no longer running, so ChromeDriver is assuming that Chrome has crashed.)\nBuild info: version: '4.0.0', revision: '3a21814679'\nSystem info: host: 'fv-az39-403', ip: '10.1.0.141', os.name: 'Linux', os.arch: 'amd64', os.version: '5.11.0-1022-azure', java.version: '17.0.1'\nDriver info: org.openqa.selenium.chrome.ChromeDriver\nCommand: [null, newSession {capabilities=[Capabilities {browserName: chrome, goog:chromeOptions: {args: [], extensions: []}}], desiredCapabilities=Capabilities {browserName: chrome, goog:chromeOptions: {args: [], extensions: []}}}]",
        "time" : {
          "start" : 1640263942310,
          "stop" : 1640263942311,
          "duration" : 1
        }
      }, {
        "uid" : "12fabc5884bc0d0e",
        "reportUrl" : "https://Dorgham4.github.io/io.github.alidorgham/allure/114//#testresult/12fabc5884bc0d0e",
        "status" : "skipped",
        "statusDetails" : "Could not start a new session. Response code 500. Message: unknown error: Chrome failed to start: crashed.\n  (unknown error: DevToolsActivePort file doesn't exist)\n  (The process started from chrome location /usr/bin/google-chrome is no longer running, so ChromeDriver is assuming that Chrome has crashed.)\nBuild info: version: '4.0.0', revision: '3a21814679'\nSystem info: host: 'fv-az77-763', ip: '10.1.0.21', os.name: 'Linux', os.arch: 'amd64', os.version: '5.11.0-1022-azure', java.version: '17.0.1'\nDriver info: org.openqa.selenium.chrome.ChromeDriver\nCommand: [null, newSession {capabilities=[Capabilities {browserName: chrome, goog:chromeOptions: {args: [], extensions: []}}], desiredCapabilities=Capabilities {browserName: chrome, goog:chromeOptions: {args: [], extensions: []}}}]",
        "time" : {
          "start" : 1640241623271,
          "stop" : 1640241623272,
          "duration" : 1
        }
      }, {
        "uid" : "bb354201fd745e64",
        "reportUrl" : "https://Dorgham4.github.io/io.github.alidorgham/allure/113//#testresult/bb354201fd745e64",
        "status" : "skipped",
        "statusDetails" : "Could not start a new session. Response code 500. Message: unknown error: Chrome failed to start: crashed.\n  (unknown error: DevToolsActivePort file doesn't exist)\n  (The process started from chrome location /usr/bin/google-chrome is no longer running, so ChromeDriver is assuming that Chrome has crashed.)\nBuild info: version: '4.0.0', revision: '3a21814679'\nSystem info: host: 'fv-az33-355', ip: '10.1.0.112', os.name: 'Linux', os.arch: 'amd64', os.version: '5.11.0-1022-azure', java.version: '17.0.1'\nDriver info: org.openqa.selenium.chrome.ChromeDriver\nCommand: [null, newSession {capabilities=[Capabilities {browserName: chrome, goog:chromeOptions: {args: [], extensions: []}}], desiredCapabilities=Capabilities {browserName: chrome, goog:chromeOptions: {args: [], extensions: []}}}]",
        "time" : {
          "start" : 1640223321088,
          "stop" : 1640223321089,
          "duration" : 1
        }
      }, {
        "uid" : "9bce1b4a0d86f5e7",
        "reportUrl" : "https://Dorgham4.github.io/io.github.alidorgham/allure/112//#testresult/9bce1b4a0d86f5e7",
        "status" : "skipped",
        "statusDetails" : "Could not start a new session. Response code 500. Message: unknown error: Chrome failed to start: crashed.\n  (unknown error: DevToolsActivePort file doesn't exist)\n  (The process started from chrome location /usr/bin/google-chrome is no longer running, so ChromeDriver is assuming that Chrome has crashed.)\nBuild info: version: '4.0.0', revision: '3a21814679'\nSystem info: host: 'fv-az33-355', ip: '10.1.0.174', os.name: 'Linux', os.arch: 'amd64', os.version: '5.11.0-1022-azure', java.version: '17.0.1'\nDriver info: org.openqa.selenium.chrome.ChromeDriver\nCommand: [null, newSession {capabilities=[Capabilities {browserName: chrome, goog:chromeOptions: {args: [], extensions: []}}], desiredCapabilities=Capabilities {browserName: chrome, goog:chromeOptions: {args: [], extensions: []}}}]",
        "time" : {
          "start" : 1640198355428,
          "stop" : 1640198355429,
          "duration" : 1
        }
      }, {
        "uid" : "3f222ff574f6a02d",
        "reportUrl" : "https://Dorgham4.github.io/io.github.alidorgham/allure/111//#testresult/3f222ff574f6a02d",
        "status" : "skipped",
        "statusDetails" : "Could not start a new session. Response code 500. Message: unknown error: Chrome failed to start: crashed.\n  (unknown error: DevToolsActivePort file doesn't exist)\n  (The process started from chrome location /usr/bin/google-chrome is no longer running, so ChromeDriver is assuming that Chrome has crashed.)\nBuild info: version: '4.0.0', revision: '3a21814679'\nSystem info: host: 'fv-az39-609', ip: '10.1.0.63', os.name: 'Linux', os.arch: 'amd64', os.version: '5.11.0-1022-azure', java.version: '17.0.1'\nDriver info: org.openqa.selenium.chrome.ChromeDriver\nCommand: [null, newSession {capabilities=[Capabilities {browserName: chrome, goog:chromeOptions: {args: [], extensions: []}}], desiredCapabilities=Capabilities {browserName: chrome, goog:chromeOptions: {args: [], extensions: []}}}]",
        "time" : {
          "start" : 1640177535759,
          "stop" : 1640177535760,
          "duration" : 1
        }
      }, {
        "uid" : "708b612788e255a0",
        "reportUrl" : "https://Dorgham4.github.io/io.github.alidorgham/allure/110//#testresult/708b612788e255a0",
        "status" : "skipped",
        "statusDetails" : "Could not start a new session. Response code 500. Message: unknown error: Chrome failed to start: crashed.\n  (unknown error: DevToolsActivePort file doesn't exist)\n  (The process started from chrome location /usr/bin/google-chrome is no longer running, so ChromeDriver is assuming that Chrome has crashed.)\nBuild info: version: '4.0.0', revision: '3a21814679'\nSystem info: host: 'fv-az121-240', ip: '10.1.0.86', os.name: 'Linux', os.arch: 'amd64', os.version: '5.11.0-1022-azure', java.version: '17.0.1'\nDriver info: org.openqa.selenium.chrome.ChromeDriver\nCommand: [null, newSession {capabilities=[Capabilities {browserName: chrome, goog:chromeOptions: {args: [], extensions: []}}], desiredCapabilities=Capabilities {browserName: chrome, goog:chromeOptions: {args: [], extensions: []}}}]",
        "time" : {
          "start" : 1640155264212,
          "stop" : 1640155264213,
          "duration" : 1
        }
      }, {
        "uid" : "b20a4e9e04617a96",
        "reportUrl" : "https://Dorgham4.github.io/io.github.alidorgham/allure/109//#testresult/b20a4e9e04617a96",
        "status" : "skipped",
        "statusDetails" : "Could not start a new session. Response code 500. Message: unknown error: Chrome failed to start: crashed.\n  (unknown error: DevToolsActivePort file doesn't exist)\n  (The process started from chrome location /usr/bin/google-chrome is no longer running, so ChromeDriver is assuming that Chrome has crashed.)\nBuild info: version: '4.0.0', revision: '3a21814679'\nSystem info: host: 'fv-az121-240', ip: '10.1.0.205', os.name: 'Linux', os.arch: 'amd64', os.version: '5.11.0-1022-azure', java.version: '17.0.1'\nDriver info: org.openqa.selenium.chrome.ChromeDriver\nCommand: [null, newSession {capabilities=[Capabilities {browserName: chrome, goog:chromeOptions: {args: [], extensions: []}}], desiredCapabilities=Capabilities {browserName: chrome, goog:chromeOptions: {args: [], extensions: []}}}]",
        "time" : {
          "start" : 1640137026797,
          "stop" : 1640137026798,
          "duration" : 1
        }
      }, {
        "uid" : "d644245da44f835f",
        "reportUrl" : "https://Dorgham4.github.io/io.github.alidorgham/allure/108//#testresult/d644245da44f835f",
        "status" : "skipped",
        "statusDetails" : "Could not start a new session. Response code 500. Message: unknown error: Chrome failed to start: crashed.\n  (unknown error: DevToolsActivePort file doesn't exist)\n  (The process started from chrome location /usr/bin/google-chrome is no longer running, so ChromeDriver is assuming that Chrome has crashed.)\nBuild info: version: '4.0.0', revision: '3a21814679'\nSystem info: host: 'fv-az42-52', ip: '10.1.0.58', os.name: 'Linux', os.arch: 'amd64', os.version: '5.11.0-1022-azure', java.version: '17.0.1'\nDriver info: org.openqa.selenium.chrome.ChromeDriver\nCommand: [null, newSession {capabilities=[Capabilities {browserName: chrome, goog:chromeOptions: {args: [], extensions: []}}], desiredCapabilities=Capabilities {browserName: chrome, goog:chromeOptions: {args: [], extensions: []}}}]",
        "time" : {
          "start" : 1640111975452,
          "stop" : 1640111975453,
          "duration" : 1
        }
      }, {
        "uid" : "62619bfdfcee466c",
        "reportUrl" : "https://Dorgham4.github.io/io.github.alidorgham/allure/107//#testresult/62619bfdfcee466c",
        "status" : "skipped",
        "statusDetails" : "Could not start a new session. Response code 500. Message: unknown error: Chrome failed to start: crashed.\n  (unknown error: DevToolsActivePort file doesn't exist)\n  (The process started from chrome location /usr/bin/google-chrome is no longer running, so ChromeDriver is assuming that Chrome has crashed.)\nBuild info: version: '4.0.0', revision: '3a21814679'\nSystem info: host: 'fv-az83-913', ip: '10.1.0.179', os.name: 'Linux', os.arch: 'amd64', os.version: '5.11.0-1022-azure', java.version: '17.0.1'\nDriver info: org.openqa.selenium.chrome.ChromeDriver\nCommand: [null, newSession {capabilities=[Capabilities {browserName: chrome, goog:chromeOptions: {args: [], extensions: []}}], desiredCapabilities=Capabilities {browserName: chrome, goog:chromeOptions: {args: [], extensions: []}}}]",
        "time" : {
          "start" : 1640091154490,
          "stop" : 1640091154491,
          "duration" : 1
        }
      }, {
        "uid" : "31b9cda55287127d",
        "reportUrl" : "https://Dorgham4.github.io/io.github.alidorgham/allure/106//#testresult/31b9cda55287127d",
        "status" : "skipped",
        "statusDetails" : "Could not start a new session. Response code 500. Message: unknown error: Chrome failed to start: crashed.\n  (unknown error: DevToolsActivePort file doesn't exist)\n  (The process started from chrome location /usr/bin/google-chrome is no longer running, so ChromeDriver is assuming that Chrome has crashed.)\nBuild info: version: '4.0.0', revision: '3a21814679'\nSystem info: host: 'fv-az36-245', ip: '10.1.0.38', os.name: 'Linux', os.arch: 'amd64', os.version: '5.11.0-1022-azure', java.version: '17.0.1'\nDriver info: org.openqa.selenium.chrome.ChromeDriver\nCommand: [null, newSession {capabilities=[Capabilities {browserName: chrome, goog:chromeOptions: {args: [], extensions: []}}], desiredCapabilities=Capabilities {browserName: chrome, goog:chromeOptions: {args: [], extensions: []}}}]",
        "time" : {
          "start" : 1640068832548,
          "stop" : 1640068832554,
          "duration" : 6
        }
      }, {
        "uid" : "ee485d2d08d5adb1",
        "reportUrl" : "https://Dorgham4.github.io/io.github.alidorgham/allure/105//#testresult/ee485d2d08d5adb1",
        "status" : "skipped",
        "statusDetails" : "Could not start a new session. Response code 500. Message: unknown error: Chrome failed to start: crashed.\n  (unknown error: DevToolsActivePort file doesn't exist)\n  (The process started from chrome location /usr/bin/google-chrome is no longer running, so ChromeDriver is assuming that Chrome has crashed.)\nBuild info: version: '4.0.0', revision: '3a21814679'\nSystem info: host: 'fv-az36-245', ip: '10.1.0.32', os.name: 'Linux', os.arch: 'amd64', os.version: '5.11.0-1022-azure', java.version: '17.0.1'\nDriver info: org.openqa.selenium.chrome.ChromeDriver\nCommand: [null, newSession {capabilities=[Capabilities {browserName: chrome, goog:chromeOptions: {args: [], extensions: []}}], desiredCapabilities=Capabilities {browserName: chrome, goog:chromeOptions: {args: [], extensions: []}}}]",
        "time" : {
          "start" : 1640050712817,
          "stop" : 1640050712818,
          "duration" : 1
        }
      }, {
        "uid" : "a417553d70336722",
        "reportUrl" : "https://Dorgham4.github.io/io.github.alidorgham/allure/104//#testresult/a417553d70336722",
        "status" : "skipped",
        "statusDetails" : "Could not start a new session. Response code 500. Message: unknown error: Chrome failed to start: crashed.\n  (unknown error: DevToolsActivePort file doesn't exist)\n  (The process started from chrome location /usr/bin/google-chrome is no longer running, so ChromeDriver is assuming that Chrome has crashed.)\nBuild info: version: '4.0.0', revision: '3a21814679'\nSystem info: host: 'fv-az77-917', ip: '10.1.0.6', os.name: 'Linux', os.arch: 'amd64', os.version: '5.11.0-1022-azure', java.version: '17.0.1'\nDriver info: org.openqa.selenium.chrome.ChromeDriver\nCommand: [null, newSession {capabilities=[Capabilities {browserName: chrome, goog:chromeOptions: {args: [], extensions: []}}], desiredCapabilities=Capabilities {browserName: chrome, goog:chromeOptions: {args: [], extensions: []}}}]",
        "time" : {
          "start" : 1640025537543,
          "stop" : 1640025537549,
          "duration" : 6
        }
      } ]
    },
    "tags" : [ ]
  },
  "source" : "5bb779a848d19d0.json",
  "parameterValues" : [ ]
}