################################################################################################################################################
Detected SHAFT Engine Version: [SHAFT Engine v5.4.20211117-BETA]
################################################################################################################################################
[ReportManager] File Action [GetAbsolutePath] successfully performed. With the following test data [Relative Folder Path: "target/downloadedFiles/"]. @21-12-2021 01:37:53.0691 AM
[ReportManager] Attempting to run remotely on: [Linux-64], [GoogleChrome], [http://localhost:4444/wd/hub], Headless Execution. @21-12-2021 01:37:53.0703 AM
[ReportManager] Successfully Opened [GoogleChrome]. @21-12-2021 01:37:55.0616 AM
[ReportManager] Target URL: [https://www.google.com/ncr], and after redirection: [https://www.google.com] @21-12-2021 01:37:55.0628 AM
[ReportManager] Initial URL: [data:,] @21-12-2021 01:37:55.0768 AM
[ReportManager] Browser Action [NavigateToURL] successfully performed. With the following test data [https://www.google.com/ncr]. @21-12-2021 01:37:57.0156 A

################################################################################################################################################
Starting Execution:	[1 out of 23] test cases in the current suite
Test Method:		[tests.gui.google.B_Search_FlatTest_SHAFT.navigateToGoogleHomeAndAssertGoogleLogoIsDisplayed]
################################################################################################################################################
[ReportManager] File Action [DoesFileExist] successfully performed. With the following test data [File Path: "src/main/resources/dynamicObjectRepository/tests_gui_google_B_Search_FlatTest_SHAFT_navigateToGoogleHomeAndAssertGoogleLogoIsDisplayed_By_xpath_img_id_hplogo_or_alt_Google.png"]. @21-12-2021 01:37:57.0296 AM
[ReportManager] File Action [GetAbsolutePath] successfully performed. With the following test data [Relative Folder Path: "src/main/resources/dynamicObjectRepository/tests_gui_google_B_Search_FlatTest_SHAFT_navigateToGoogleHomeAndAssertGoogleLogoIsDisplayed_By_xpath_img_id_hplogo_or_alt_Google.png"]. @21-12-2021 01:37:57.0297 AM
[ReportManager] File Action [ReadFromImageFile] successfully performed. With the following test data [File Path: "/home/runner/work/io.github.alidorgham/io.github.alidorgham/src/main/resources/dynamicObjectRepository/tests_gui_google_B_Search_FlatTest_SHAFT_navigateToGoogleHomeAndAssertGoogleLogoIsDisplayed_By_xpath_img_id_hplogo_or_alt_Google.png"]. @21-12-2021 01:37:57.0297 AM
[ReportManager] File Action [DoesFileExist] successfully performed. With the following test data [File Path: "src/main/resources/dynamicObjectRepository/tests_gui_google_B_Search_FlatTest_SHAFT_navigateToGoogleHomeAndAssertGoogleLogoIsDisplayed_By_xpath_img_id_hplogo_or_alt_Google.png"]. @21-12-2021 01:37:57.0655 AM
[ReportManager] File Action [DoesFileExist] successfully performed. With the following test data [File Path: "src/main/resources/dynamicObjectRepository/tests_gui_google_B_Search_FlatTest_SHAFT_navigateToGoogleHomeAndAssertGoogleLogoIsDisplayed_By_xpath_img_id_hplogo_or_alt_Google.png"]. @21-12-2021 01:37:57.0655 AM
[ReportManager] Loaded Shared OpenCV @21-12-2021 01:37:58.0103 AM
[ReportManager] Successfully identified the element using AI; OpenCV. @21-12-2021 01:37:58.0127 AM
[ReportManager] Assertion Passed: Asserting that the Google logo is displayed @21-12-2021 01:37:58.0130 AM
[ReportManager] Successfully created attachment [Validation Test Data - Reference Screenshot] @21-12-2021 01:37:58.0135 AM
[ReportManager] Successfully created attachment [Validation Test Data - Actual Screenshot] @21-12-2021 01:37:58.0135 AM
[ReportManager] Assertion [ValidateElementMatches] PASSED. Expected [Element should match the reference screenshot] and Actual [TRUE]. Comparison Type [EXACT_OPENCV]. Validation Type [POSITIVE]. @21-12-2021 01:37:58.0135 A
[ReportManager] Browser Action [CloseCurrentWindow] successfully performed. @21-12-2021 01:37:58.0317 AM
[ReportManager] Successfully created attachment [Browser Action Test Data - CloseCurrentWindow - Actual Value] @21-12-2021 01:37:58.0323 A
[ReportManager] File Action [GetAbsolutePath] successfully performed. With the following test data [Relative Folder Path: "target/downloadedFiles/"]. @21-12-2021 01:37:58.0344 AM
[ReportManager] Attempting to run remotely on: [Linux-64], [GoogleChrome], [http://localhost:4444/wd/hub], Headless Execution. @21-12-2021 01:37:58.0344 AM
[ReportManager] Successfully Opened [GoogleChrome]. @21-12-2021 01:37:58.0733 AM
[ReportManager] Target URL: [https://www.google.com/ncr], and after redirection: [https://www.google.com] @21-12-2021 01:37:58.0733 AM
[ReportManager] Initial URL: [data:,] @21-12-2021 01:37:58.0816 AM
[ReportManager] Browser Action [NavigateToURL] successfully performed. With the following test data [https://www.google.com/ncr]. @21-12-2021 01:37:59.0861 A

################################################################################################################################################
Starting Execution:	[2 out of 23] test cases in the current suite
Test Method:		[tests.gui.google.B_Search_FlatTest_SHAFT.navigateToGoogleHomeAndAssertPageTitle]
################################################################################################################################################
[ReportManager] Browser Action [GetCurrentWindowTitle] successfully performed. With the following test data [Google]. @21-12-2021 01:37:59.0918 AM
[ReportManager] Assertion Passed: Asserting that the page title is Google @21-12-2021 01:38:00.0562 AM
[ReportManager] Successfully created attachment [Screenshot - 1640050680134_navigateToGoogleHomeAndAssertPageTitle_ValidateBrowserAttribute_passed] @21-12-2021 01:38:00.0584 AM
[ReportManager] Assertion [ValidateBrowserAttribute] PASSED. Expected [Value Should be 'Google' for the 'Title' attribute] and Actual [Google]. Comparison Type [EQUALS]. Validation Type [POSITIVE]. @21-12-2021 01:38:00.0585 A
[ReportManager] Browser Action [CloseCurrentWindow] successfully performed. @21-12-2021 01:38:00.0745 AM
[ReportManager] Successfully created attachment [Browser Action Test Data - CloseCurrentWindow - Actual Value] @21-12-2021 01:38:00.0748 A
[ReportManager] File Action [GetAbsolutePath] successfully performed. With the following test data [Relative Folder Path: "target/downloadedFiles/"]. @21-12-2021 01:38:00.0760 AM
[ReportManager] Attempting to run remotely on: [Linux-64], [GoogleChrome], [http://localhost:4444/wd/hub], Headless Execution. @21-12-2021 01:38:00.0763 AM
[ReportManager] Successfully Opened [GoogleChrome]. @21-12-2021 01:38:01.0120 AM
[ReportManager] Target URL: [https://www.google.com/ncr], and after redirection: [https://www.google.com] @21-12-2021 01:38:01.0120 AM
[ReportManager] Initial URL: [data:,] @21-12-2021 01:38:01.0234 AM
[ReportManager] Browser Action [NavigateToURL] successfully performed. With the following test data [https://www.google.com/ncr]. @21-12-2021 01:38:02.0340 A

################################################################################################################################################
Starting Execution:	[3 out of 23] test cases in the current suite
Test Method:		[tests.gui.google.B_Search_FlatTest_SHAFT.searchForQueryAndAssertFirstResultTextIsCorrect]
################################################################################################################################################
[ReportManager] Element Action [Type] successfully performed. With the following test data [SHAFT_Engine]. @21-12-2021 01:38:02.0821 AM
[ReportManager] Element Action [KeyPress] successfully performed. With the following test data [ENTER]. @21-12-2021 01:38:04.0347 AM
[ReportManager] Element Action [GetText] successfully performed. With the following test data [SHAFT: Unified Test Automation Engine - GitHub]. @21-12-2021 01:38:04.0482 AM
[ReportManager] Loaded Shared OpenCV @21-12-2021 01:38:04.0900 AM
[ReportManager] Assertion Failed: Asserting that the correct first result is displayed @21-12-2021 01:38:05.0182 AM
[ReportManager] Successfully created attachment [Screenshot - 1640050684900_searchForQueryAndAssertFirstResultTextIsCorrect_ValidateElementAttribute_failed] @21-12-2021 01:38:05.0190 AM
[ReportManager] Assertion [ValidateElementAttribute] FAILED. Expected [Value Should be 'MohabMohie' for the 'Text' attribute, element locator 'By.xpath: (//h1[contains(text(),'Search Result')]/following-sibling::div//a/h3)[1]'] and Actual [SHAFT: Unified Test Automation Engine - GitHub]. Comparison Type [CONTAINS]. Validation Type [POSITIVE]. @21-12-2021 01:38:05.0190 A
[ReportManager] Browser Action [CloseCurrentWindow] successfully performed. @21-12-2021 01:38:05.0475 AM
[ReportManager] Successfully created attachment [Browser Action Test Data - CloseCurrentWindow - Actual Value] @21-12-2021 01:38:05.0501 A
[ReportManager] An Exception Occured with this Message: src/test/resources/testDataFiles/Google/SimpleSearch.xlsx (No such file or directory). @21-12-2021 01:38:05.0519 AM
[ReportManager] Successfully created attachment [Exception Stack Trace - java.io.FileNotFoundException] @21-12-2021 01:38:05.0519 AM
[ReportManager] Couldn't find the desired file. [src/test/resources/testDataFiles/Google/SimpleSearch.xlsx]. @21-12-2021 01:38:05.0520 A


################################################################################################################################################
Starting Execution:	[4 out of 23] test cases in the current suite
Test Method:		[tests.gui.google.G_Search_PageObjectModel_ThreadSafe.navigateToGoogleHomeAndAssertGoogleLogoIsDisplayed]
###############################################################################################################################################



################################################################################################################################################
Starting Execution:	[5 out of 23] test cases in the current suite
Test Method:		[tests.gui.google.G_Search_PageObjectModel_ThreadSafe.navigateToGoogleHomeAndAssertPageTitle]
###############################################################################################################################################



################################################################################################################################################
Starting Execution:	[6 out of 23] test cases in the current suite
Test Method:		[tests.gui.google.G_Search_PageObjectModel_ThreadSafe.searchForQueryAndAssertFirstResultTextIsCorrect]
###############################################################################################################################################

[ReportManager] File Action [GetAbsolutePath] successfully performed. With the following test data [Relative Folder Path: "target/downloadedFiles/"]. @21-12-2021 01:38:05.0555 AM
[ReportManager] Attempting to run remotely on: [Linux-64], [GoogleChrome], [http://localhost:4444/wd/hub], Headless Execution. @21-12-2021 01:38:05.0556 AM
[ReportManager] Successfully Opened [GoogleChrome]. @21-12-2021 01:38:05.0924 AM
[ReportManager] Target URL: [https://www.google.com/ncr], and after redirection: [https://www.google.com] @21-12-2021 01:38:05.0927 AM
[ReportManager] Initial URL: [data:,] @21-12-2021 01:38:06.0019 AM
[ReportManager] Browser Action [NavigateToURL] successfully performed. With the following test data [https://www.google.com/ncr]. @21-12-2021 01:38:07.0062 A

################################################################################################################################################
Starting Execution:	[7 out of 23] test cases in the current suite
Test Method:		[tests.gui.google.C_Search_PageObjectModel_Traditional.navigateToGoogleHomeAndAssertGoogleLogoIsDisplayed]
################################################################################################################################################
[ReportManager] Element Action [IsElementDisplayed] successfully performed. @21-12-2021 01:38:07.0199 AM
[ReportManager] Assertion Passed: Asserting that the Google logo is displayed @21-12-2021 01:38:07.0199 AM
[ReportManager] Assertion [ValidateTrue] PASSED. Expected [TRUE] and Actual [TRUE]. Validation Type [POSITIVE]. @21-12-2021 01:38:07.0199 A
[ReportManager] Browser Action [CloseCurrentWindow] successfully performed. @21-12-2021 01:38:07.0344 AM
[ReportManager] Successfully created attachment [Browser Action Test Data - CloseCurrentWindow - Actual Value] @21-12-2021 01:38:07.0345 A
[ReportManager] File Action [GetAbsolutePath] successfully performed. With the following test data [Relative Folder Path: "target/downloadedFiles/"]. @21-12-2021 01:38:07.0349 AM
[ReportManager] Attempting to run remotely on: [Linux-64], [GoogleChrome], [http://localhost:4444/wd/hub], Headless Execution. @21-12-2021 01:38:07.0349 AM
[ReportManager] Successfully Opened [GoogleChrome]. @21-12-2021 01:38:07.0602 AM
[ReportManager] Target URL: [https://www.google.com/ncr], and after redirection: [https://www.google.com] @21-12-2021 01:38:07.0602 AM
[ReportManager] Initial URL: [data:,] @21-12-2021 01:38:07.0711 AM
[ReportManager] Browser Action [NavigateToURL] successfully performed. With the following test data [https://www.google.com/ncr]. @21-12-2021 01:38:08.0762 A

################################################################################################################################################
Starting Execution:	[8 out of 23] test cases in the current suite
Test Method:		[tests.gui.google.C_Search_PageObjectModel_Traditional.navigateToGoogleHomeAndAssertPageTitle]
################################################################################################################################################
[ReportManager] Browser Action [GetCurrentWindowTitle] successfully performed. With the following test data [Google]. @21-12-2021 01:38:08.0817 AM
[ReportManager] Assertion Passed: Asserting that the page title is Google @21-12-2021 01:38:08.0817 AM
[ReportManager] Assertion [ValidateEquals] PASSED. Expected [Google] and Actual [Google]. Comparison Type [EQUALS]. Validation Type [POSITIVE]. @21-12-2021 01:38:08.0817 A
[ReportManager] Browser Action [CloseCurrentWindow] successfully performed. @21-12-2021 01:38:08.0964 AM
[ReportManager] Successfully created attachment [Browser Action Test Data - CloseCurrentWindow - Actual Value] @21-12-2021 01:38:08.0964 A
[ReportManager] File Action [GetAbsolutePath] successfully performed. With the following test data [Relative Folder Path: "target/downloadedFiles/"]. @21-12-2021 01:38:08.0972 AM
[ReportManager] Attempting to run remotely on: [Linux-64], [GoogleChrome], [http://localhost:4444/wd/hub], Headless Execution. @21-12-2021 01:38:08.0972 AM
[ReportManager] Successfully Opened [GoogleChrome]. @21-12-2021 01:38:09.0225 AM
[ReportManager] Target URL: [https://www.google.com/ncr], and after redirection: [https://www.google.com] @21-12-2021 01:38:09.0225 AM
[ReportManager] Initial URL: [data:,] @21-12-2021 01:38:09.0308 AM
[ReportManager] Browser Action [NavigateToURL] successfully performed. With the following test data [https://www.google.com/ncr]. @21-12-2021 01:38:10.0291 A

################################################################################################################################################
Starting Execution:	[9 out of 23] test cases in the current suite
Test Method:		[tests.gui.google.C_Search_PageObjectModel_Traditional.searchForQueryAndAssertFirstResultTextIsCorrect]
################################################################################################################################################
[ReportManager] Element Action [Type] successfully performed. With the following test data [SHAFT_Engine]. @21-12-2021 01:38:10.0771 AM
[ReportManager] Element Action [KeyPress] successfully performed. With the following test data [ENTER]. @21-12-2021 01:38:12.0156 AM
[ReportManager] Element Action [GetText] successfully performed. With the following test data [SHAFT: Unified Test Automation Engine - GitHub]. @21-12-2021 01:38:12.0294 AM
[ReportManager] Assertion Failed: Asserting that the correct first result is displayed @21-12-2021 01:38:12.0294 AM
[ReportManager] Assertion [ValidateEquals] FAILED. Expected [MohabMohie] and Actual [SHAFT: Unified Test Automation Engine - GitHub]. Comparison Type [CONTAINS]. Validation Type [POSITIVE]. @21-12-2021 01:38:12.0294 A
[ReportManager] Browser Action [CloseCurrentWindow] successfully performed. @21-12-2021 01:38:12.0573 AM
[ReportManager] Successfully created attachment [Browser Action Test Data - CloseCurrentWindow - Actual Value] @21-12-2021 01:38:12.0576 A
[ReportManager] An Exception Occured with this Message: src/test/resources/testDataFiles/Google/SimpleSearch.xlsx (No such file or directory). @21-12-2021 01:38:12.0581 AM
[ReportManager] Successfully created attachment [Exception Stack Trace - java.io.FileNotFoundException] @21-12-2021 01:38:12.0582 AM
[ReportManager] Couldn't find the desired file. [src/test/resources/testDataFiles/Google/SimpleSearch.xlsx]. @21-12-2021 01:38:12.0582 A


################################################################################################################################################
Starting Execution:	[10 out of 23] test cases in the current suite
Test Method:		[tests.gui.google.F_Search_PageObjectModel_Fluent.navigateToGoogleHomeAndAssertGoogleLogoIsDisplayed]
###############################################################################################################################################



################################################################################################################################################
Starting Execution:	[11 out of 23] test cases in the current suite
Test Method:		[tests.gui.google.F_Search_PageObjectModel_Fluent.navigateToGoogleHomeAndAssertPageTitle]
###############################################################################################################################################



################################################################################################################################################
Starting Execution:	[12 out of 23] test cases in the current suite
Test Method:		[tests.gui.google.F_Search_PageObjectModel_Fluent.searchForQueryAndAssertFirstResultTextIsCorrect]
###############################################################################################################################################

[ReportManager] An Exception Occured with this Message: src/test/resources/testDataFiles/Google/SimpleSearch.xlsx (No such file or directory). @21-12-2021 01:38:12.0627 AM
[ReportManager] Successfully created attachment [Exception Stack Trace - java.io.FileNotFoundException] @21-12-2021 01:38:12.0630 AM
[ReportManager] Couldn't find the desired file. [src/test/resources/testDataFiles/Google/SimpleSearch.xlsx]. @21-12-2021 01:38:12.0630 A


################################################################################################################################################
Starting Execution:	[13 out of 23] test cases in the current suite
Test Method:		[tests.gui.google.E_Search_PageObjectModel_Traditional_SHAFTAssertions.navigateToGoogleHomeAndAssertGoogleLogoIsDisplayed]
###############################################################################################################################################



################################################################################################################################################
Starting Execution:	[14 out of 23] test cases in the current suite
Test Method:		[tests.gui.google.E_Search_PageObjectModel_Traditional_SHAFTAssertions.navigateToGoogleHomeAndAssertPageTitle]
###############################################################################################################################################



################################################################################################################################################
Starting Execution:	[15 out of 23] test cases in the current suite
Test Method:		[tests.gui.google.E_Search_PageObjectModel_Traditional_SHAFTAssertions.searchForQueryAndAssertFirstResultTextIsCorrect]
###############################################################################################################################################

[ReportManager] An Exception Occured with this Message: src/test/resources/testDataFiles/Google/SimpleSearch.xlsx (No such file or directory). @21-12-2021 01:38:12.0652 AM
[ReportManager] Successfully created attachment [Exception Stack Trace - java.io.FileNotFoundException] @21-12-2021 01:38:12.0652 AM
[ReportManager] Couldn't find the desired file. [src/test/resources/testDataFiles/Google/SimpleSearch.xlsx]. @21-12-2021 01:38:12.0652 A


################################################################################################################################################
Starting Execution:	[16 out of 23] test cases in the current suite
Test Method:		[tests.gui.google.D_Search_PageObjectModel_Traditional_DataDriven.navigateToGoogleHomeAndAssertGoogleLogoIsDisplayed]
###############################################################################################################################################



################################################################################################################################################
Starting Execution:	[17 out of 23] test cases in the current suite
Test Method:		[tests.gui.google.D_Search_PageObjectModel_Traditional_DataDriven.navigateToGoogleHomeAndAssertPageTitle]
###############################################################################################################################################



################################################################################################################################################
Starting Execution:	[18 out of 23] test cases in the current suite
Test Method:		[tests.gui.google.D_Search_PageObjectModel_Traditional_DataDriven.searchForQueryAndAssertFirstResultTextIsCorrect]
###############################################################################################################################################




################################################################################################################################################
Starting Execution:	[19 out of 23] test cases in the current suite
Test Method:		[tests.gui.google.A_Search_FlatTest_NativeSeleniumWebDriver.navigateToGoogleHomeAndAssertGoogleLogoIsDisplayed]
###############################################################################################################################################



################################################################################################################################################
Starting Execution:	[20 out of 23] test cases in the current suite
Test Method:		[tests.gui.google.A_Search_FlatTest_NativeSeleniumWebDriver.navigateToGoogleHomeAndAssertPageTitle]
###############################################################################################################################################



################################################################################################################################################
Starting Execution:	[21 out of 23] test cases in the current suite
Test Method:		[tests.gui.google.A_Search_FlatTest_NativeSeleniumWebDriver.searchForQueryAndAssertFirstResultTextIsCorrect]
###############################################################################################################################################


################################################################################################################################################
Starting Execution:	[22 out of 23] test cases in the current suite
Test Method:		[tests.api.users.UserData.validateUserEmail]
################################################################################################################################################
[ReportManager] Response status code: [200], status line: [HTTP/1.1 200 OK] @21-12-2021 01:38:34.0707 AM
[ReportManager] Assertion Passed: Evaluating the actual response status code against the expected one... @21-12-2021 01:38:34.0712 AM
[ReportManager] Assertion [ValidateComparativeRelation] PASSED. Expected [200] and Actual [200]. Comparison Type [EQUALS]. Validation Type [POSITIVE]. @21-12-2021 01:38:34.0712 AM
[ReportManager] API Action [PerformRequest] successfully performed. With the following test data [Request Type: "GET" | Target Status Code: "200" | Service URL: "https://jsonplaceholder.typicode.com/users" | Content Type: "*/*" | Response Time: "687ms"]. @21-12-2021 01:38:35.0858 AM
[ReportManager] Successfully created attachment [API Request - Specifications] @21-12-2021 01:38:35.0858 AM
[ReportManager] Successfully created attachment [API Response - JSON Body] @21-12-2021 01:38:36.0069 AM
[ReportManager] Assertion [ValidateEquals] PASSED. Expected and Actual values are attached. Comparison Type [CONTAINS]. Validation Type [POSITIVE]. @21-12-2021 01:38:36.0070 AM
[ReportManager] Successfully created attachment [Validation Test Data - Expected Value] @21-12-2021 01:38:36.0070 AM
[ReportManager] Successfully created attachment [Validation Test Data - Actual Value] @21-12-2021 01:38:36.0070 AM
[ReportManager] API Action [GetResponseJSONValueAsList] successfully performed. With the following test data [$]. @21-12-2021 01:38:36.0089 AM
[ReportManager] API Action [GetResponseJSONValue] successfully performed. With the following test data [name]. @21-12-2021 01:38:36.0119 AM
[ReportManager] API Action [GetResponseJSONValue] successfully performed. With the following test data [email]. @21-12-2021 01:38:36.0138 AM
[ReportManager] Assertion [ValidateEquals] PASSED. Expected [Sincere@april.biz] and Actual [Sincere@april.biz]. Comparison Type [EQUALS]. Validation Type [POSITIVE]. @21-12-2021 01:38:36.0138 AM
[ReportManager] API Action [GetResponseJSONValue] successfully performed. With the following test data [name]. @21-12-2021 01:38:36.0149 AM
[ReportManager] API Action [GetResponseJSONValue] successfully performed. With the following test data [name]. @21-12-2021 01:38:36.0159 AM
[ReportManager] API Action [GetResponseJSONValue] successfully performed. With the following test data [name]. @21-12-2021 01:38:36.0169 AM
[ReportManager] API Action [GetResponseJSONValue] successfully performed. With the following test data [name]. @21-12-2021 01:38:36.0180 AM
[ReportManager] API Action [GetResponseJSONValue] successfully performed. With the following test data [name]. @21-12-2021 01:38:36.0199 AM
[ReportManager] API Action [GetResponseJSONValue] successfully performed. With the following test data [name]. @21-12-2021 01:38:36.0219 AM
[ReportManager] API Action [GetResponseJSONValue] successfully performed. With the following test data [name]. @21-12-2021 01:38:36.0236 AM
[ReportManager] API Action [GetResponseJSONValue] successfully performed. With the following test data [name]. @21-12-2021 01:38:36.0253 AM
[ReportManager] API Action [GetResponseJSONValue] successfully performed. With the following test data [name]. @21-12-2021 01:38:36.0268 A

################################################################################################################################################
Starting Execution:	[23 out of 23] test cases in the current suite
Test Method:		[tests.cli.demo.cliTest.sampleTestCase]
################################################################################################################################################
[ReportManager] Attempting to perform the following command locally. Command: [ls] @21-12-2021 01:38:36.0278 AM
[ReportManager] Terminal Action [PerformTerminalCommands] successfully performed. With the following test data [Host Name: "localHost" | Command: "ls" | Exit Status: "0"]. @21-12-2021 01:38:36.0283 AM
[ReportManager] Successfully created attachment [Terminal Action Actual Result - Command Log] @21-12-2021 01:38:36.0283 AM
[ReportManager] Assertion Passed: Demoing local terminal actions @21-12-2021 01:38:36.0283 AM
[ReportManager] Assertion [ValidateEquals] PASSED. Expected [pom.xml] and Actual [LICENSE
README.md
allure-results
docker-compose_native.yml
docker-compose_zalenium.yml
extent-reports
pom.xml
readMeImgs
src
target]. Comparison Type [CONTAINS]. Validation Type [POSITIVE]. @21-12-2021 01:38:36.0283 A
[ReportManager] Successfully created attachment [SHAFT Engine Logs - Execution log] @21-12-2021 01:38:36.0313 AM

################################################################################################################################################
This test run was powered by SHAFT Engine Version: [SHAFT Engine v5.4.20211117-BETA]
SHAFT Engine is licensed under the MIT License: [https://github.com/MohabMohie/SHAFT_ENGINE/blob/master/LICENSE].
################################################################################################################################################