################################################################################################################################################
Detected SHAFT Engine Version: [SHAFT Engine v5.4.20211117-BETA]
################################################################################################################################################
[ReportManager] File Action [GetAbsolutePath] successfully performed. With the following test data [Relative Folder Path: "target/downloadedFiles/"]. @20-12-2021 01:35:27.0658 AM
[ReportManager] Attempting to run remotely on: [Linux-64], [GoogleChrome], [http://localhost:4444/wd/hub], Headless Execution. @20-12-2021 01:35:27.0673 AM
[ReportManager] Successfully Opened [GoogleChrome]. @20-12-2021 01:35:29.0692 AM
[ReportManager] Target URL: [https://www.google.com/ncr], and after redirection: [https://www.google.com] @20-12-2021 01:35:29.0704 AM
[ReportManager] Initial URL: [data:,] @20-12-2021 01:35:29.0830 AM
[ReportManager] Browser Action [NavigateToURL] successfully performed. With the following test data [https://www.google.com/ncr]. @20-12-2021 01:35:31.0127 A

################################################################################################################################################
Starting Execution:	[1 out of 23] test cases in the current suite
Test Method:		[tests.gui.google.B_Search_FlatTest_SHAFT.navigateToGoogleHomeAndAssertGoogleLogoIsDisplayed]
################################################################################################################################################
[ReportManager] File Action [DoesFileExist] successfully performed. With the following test data [File Path: "src/main/resources/dynamicObjectRepository/tests_gui_google_B_Search_FlatTest_SHAFT_navigateToGoogleHomeAndAssertGoogleLogoIsDisplayed_By_xpath_img_id_hplogo_or_alt_Google.png"]. @20-12-2021 01:35:31.0294 AM
[ReportManager] File Action [GetAbsolutePath] successfully performed. With the following test data [Relative Folder Path: "src/main/resources/dynamicObjectRepository/tests_gui_google_B_Search_FlatTest_SHAFT_navigateToGoogleHomeAndAssertGoogleLogoIsDisplayed_By_xpath_img_id_hplogo_or_alt_Google.png"]. @20-12-2021 01:35:31.0295 AM
[ReportManager] File Action [ReadFromImageFile] successfully performed. With the following test data [File Path: "/home/runner/work/io.github.alidorgham/io.github.alidorgham/src/main/resources/dynamicObjectRepository/tests_gui_google_B_Search_FlatTest_SHAFT_navigateToGoogleHomeAndAssertGoogleLogoIsDisplayed_By_xpath_img_id_hplogo_or_alt_Google.png"]. @20-12-2021 01:35:31.0296 AM
[ReportManager] File Action [DoesFileExist] successfully performed. With the following test data [File Path: "src/main/resources/dynamicObjectRepository/tests_gui_google_B_Search_FlatTest_SHAFT_navigateToGoogleHomeAndAssertGoogleLogoIsDisplayed_By_xpath_img_id_hplogo_or_alt_Google.png"]. @20-12-2021 01:35:31.0622 AM
[ReportManager] File Action [DoesFileExist] successfully performed. With the following test data [File Path: "src/main/resources/dynamicObjectRepository/tests_gui_google_B_Search_FlatTest_SHAFT_navigateToGoogleHomeAndAssertGoogleLogoIsDisplayed_By_xpath_img_id_hplogo_or_alt_Google.png"]. @20-12-2021 01:35:31.0622 AM
[ReportManager] Loaded Shared OpenCV @20-12-2021 01:35:32.0088 AM
[ReportManager] Successfully identified the element using AI; OpenCV. @20-12-2021 01:35:32.0112 AM
[ReportManager] Assertion Passed: Asserting that the Google logo is displayed @20-12-2021 01:35:32.0114 AM
[ReportManager] Successfully created attachment [Validation Test Data - Reference Screenshot] @20-12-2021 01:35:32.0119 AM
[ReportManager] Successfully created attachment [Validation Test Data - Actual Screenshot] @20-12-2021 01:35:32.0120 AM
[ReportManager] Assertion [ValidateElementMatches] PASSED. Expected [Element should match the reference screenshot] and Actual [TRUE]. Comparison Type [EXACT_OPENCV]. Validation Type [POSITIVE]. @20-12-2021 01:35:32.0120 A
[ReportManager] Browser Action [CloseCurrentWindow] successfully performed. @20-12-2021 01:35:32.0339 AM
[ReportManager] Successfully created attachment [Browser Action Test Data - CloseCurrentWindow - Actual Value] @20-12-2021 01:35:32.0347 A
[ReportManager] File Action [GetAbsolutePath] successfully performed. With the following test data [Relative Folder Path: "target/downloadedFiles/"]. @20-12-2021 01:35:32.0360 AM
[ReportManager] Attempting to run remotely on: [Linux-64], [GoogleChrome], [http://localhost:4444/wd/hub], Headless Execution. @20-12-2021 01:35:32.0360 AM
[ReportManager] Successfully Opened [GoogleChrome]. @20-12-2021 01:35:32.0859 AM
[ReportManager] Target URL: [https://www.google.com/ncr], and after redirection: [https://www.google.com] @20-12-2021 01:35:32.0860 AM
[ReportManager] Initial URL: [data:,] @20-12-2021 01:35:32.0969 AM
[ReportManager] Browser Action [NavigateToURL] successfully performed. With the following test data [https://www.google.com/ncr]. @20-12-2021 01:35:34.0061 A

################################################################################################################################################
Starting Execution:	[2 out of 23] test cases in the current suite
Test Method:		[tests.gui.google.B_Search_FlatTest_SHAFT.navigateToGoogleHomeAndAssertPageTitle]
################################################################################################################################################
[ReportManager] Browser Action [GetCurrentWindowTitle] successfully performed. With the following test data [Google]. @20-12-2021 01:35:34.0132 AM
[ReportManager] Assertion Passed: Asserting that the page title is Google @20-12-2021 01:35:34.0711 AM
[ReportManager] Successfully created attachment [Screenshot - 1639964134343_navigateToGoogleHomeAndAssertPageTitle_ValidateBrowserAttribute_passed] @20-12-2021 01:35:34.0728 AM
[ReportManager] Assertion [ValidateBrowserAttribute] PASSED. Expected [Value Should be 'Google' for the 'Title' attribute] and Actual [Google]. Comparison Type [EQUALS]. Validation Type [POSITIVE]. @20-12-2021 01:35:34.0729 A
[ReportManager] Browser Action [CloseCurrentWindow] successfully performed. @20-12-2021 01:35:34.0887 AM
[ReportManager] Successfully created attachment [Browser Action Test Data - CloseCurrentWindow - Actual Value] @20-12-2021 01:35:34.0890 A
[ReportManager] File Action [GetAbsolutePath] successfully performed. With the following test data [Relative Folder Path: "target/downloadedFiles/"]. @20-12-2021 01:35:34.0913 AM
[ReportManager] Attempting to run remotely on: [Linux-64], [GoogleChrome], [http://localhost:4444/wd/hub], Headless Execution. @20-12-2021 01:35:34.0914 AM
[ReportManager] Successfully Opened [GoogleChrome]. @20-12-2021 01:35:35.0292 AM
[ReportManager] Target URL: [https://www.google.com/ncr], and after redirection: [https://www.google.com] @20-12-2021 01:35:35.0292 AM
[ReportManager] Initial URL: [data:,] @20-12-2021 01:35:35.0369 AM
[ReportManager] Browser Action [NavigateToURL] successfully performed. With the following test data [https://www.google.com/ncr]. @20-12-2021 01:35:36.0416 A

################################################################################################################################################
Starting Execution:	[3 out of 23] test cases in the current suite
Test Method:		[tests.gui.google.B_Search_FlatTest_SHAFT.searchForQueryAndAssertFirstResultTextIsCorrect]
################################################################################################################################################
[ReportManager] Element Action [Type] successfully performed. With the following test data [SHAFT_Engine]. @20-12-2021 01:35:36.0899 AM
[ReportManager] Element Action [KeyPress] successfully performed. With the following test data [ENTER]. @20-12-2021 01:35:38.0404 AM
[ReportManager] Element Action [GetText] successfully performed. With the following test data [SHAFT: Unified Test Automation Engine - GitHub]. @20-12-2021 01:35:38.0541 AM
[ReportManager] Loaded Shared OpenCV @20-12-2021 01:35:38.0927 AM
[ReportManager] Assertion Failed: Asserting that the correct first result is displayed @20-12-2021 01:35:39.0242 AM
[ReportManager] Successfully created attachment [Screenshot - 1639964138927_searchForQueryAndAssertFirstResultTextIsCorrect_ValidateElementAttribute_failed] @20-12-2021 01:35:39.0250 AM
[ReportManager] Assertion [ValidateElementAttribute] FAILED. Expected [Value Should be 'MohabMohie' for the 'Text' attribute, element locator 'By.xpath: (//h1[contains(text(),'Search Result')]/following-sibling::div//a/h3)[1]'] and Actual [SHAFT: Unified Test Automation Engine - GitHub]. Comparison Type [CONTAINS]. Validation Type [POSITIVE]. @20-12-2021 01:35:39.0250 A
[ReportManager] Browser Action [CloseCurrentWindow] successfully performed. @20-12-2021 01:35:39.0563 AM
[ReportManager] Successfully created attachment [Browser Action Test Data - CloseCurrentWindow - Actual Value] @20-12-2021 01:35:39.0596 A
[ReportManager] An Exception Occured with this Message: src/test/resources/testDataFiles/Google/SimpleSearch.xlsx (No such file or directory). @20-12-2021 01:35:39.0608 AM
[ReportManager] Successfully created attachment [Exception Stack Trace - java.io.FileNotFoundException] @20-12-2021 01:35:39.0609 AM
[ReportManager] Couldn't find the desired file. [src/test/resources/testDataFiles/Google/SimpleSearch.xlsx]. @20-12-2021 01:35:39.0609 A


################################################################################################################################################
Starting Execution:	[4 out of 23] test cases in the current suite
Test Method:		[tests.gui.google.G_Search_PageObjectModel_ThreadSafe.navigateToGoogleHomeAndAssertGoogleLogoIsDisplayed]
###############################################################################################################################################



################################################################################################################################################
Starting Execution:	[5 out of 23] test cases in the current suite
Test Method:		[tests.gui.google.G_Search_PageObjectModel_ThreadSafe.navigateToGoogleHomeAndAssertPageTitle]
###############################################################################################################################################



################################################################################################################################################
Starting Execution:	[6 out of 23] test cases in the current suite
Test Method:		[tests.gui.google.G_Search_PageObjectModel_ThreadSafe.searchForQueryAndAssertFirstResultTextIsCorrect]
###############################################################################################################################################

[ReportManager] File Action [GetAbsolutePath] successfully performed. With the following test data [Relative Folder Path: "target/downloadedFiles/"]. @20-12-2021 01:35:39.0643 AM
[ReportManager] Attempting to run remotely on: [Linux-64], [GoogleChrome], [http://localhost:4444/wd/hub], Headless Execution. @20-12-2021 01:35:39.0644 AM
[ReportManager] Successfully Opened [GoogleChrome]. @20-12-2021 01:35:40.0059 AM
[ReportManager] Target URL: [https://www.google.com/ncr], and after redirection: [https://www.google.com] @20-12-2021 01:35:40.0061 AM
[ReportManager] Initial URL: [data:,] @20-12-2021 01:35:40.0141 AM
[ReportManager] Browser Action [NavigateToURL] successfully performed. With the following test data [https://www.google.com/ncr]. @20-12-2021 01:35:41.0167 A

################################################################################################################################################
Starting Execution:	[7 out of 23] test cases in the current suite
Test Method:		[tests.gui.google.C_Search_PageObjectModel_Traditional.navigateToGoogleHomeAndAssertGoogleLogoIsDisplayed]
################################################################################################################################################
[ReportManager] Element Action [IsElementDisplayed] successfully performed. @20-12-2021 01:35:41.0314 AM
[ReportManager] Assertion Passed: Asserting that the Google logo is displayed @20-12-2021 01:35:41.0315 AM
[ReportManager] Assertion [ValidateTrue] PASSED. Expected [TRUE] and Actual [TRUE]. Validation Type [POSITIVE]. @20-12-2021 01:35:41.0315 A
[ReportManager] Browser Action [CloseCurrentWindow] successfully performed. @20-12-2021 01:35:41.0475 AM
[ReportManager] Successfully created attachment [Browser Action Test Data - CloseCurrentWindow - Actual Value] @20-12-2021 01:35:41.0476 A
[ReportManager] File Action [GetAbsolutePath] successfully performed. With the following test data [Relative Folder Path: "target/downloadedFiles/"]. @20-12-2021 01:35:41.0479 AM
[ReportManager] Attempting to run remotely on: [Linux-64], [GoogleChrome], [http://localhost:4444/wd/hub], Headless Execution. @20-12-2021 01:35:41.0479 AM
[ReportManager] Successfully Opened [GoogleChrome]. @20-12-2021 01:35:41.0712 AM
[ReportManager] Target URL: [https://www.google.com/ncr], and after redirection: [https://www.google.com] @20-12-2021 01:35:41.0712 AM
[ReportManager] Initial URL: [data:,] @20-12-2021 01:35:41.0822 AM
[ReportManager] Browser Action [NavigateToURL] successfully performed. With the following test data [https://www.google.com/ncr]. @20-12-2021 01:35:42.0864 A

################################################################################################################################################
Starting Execution:	[8 out of 23] test cases in the current suite
Test Method:		[tests.gui.google.C_Search_PageObjectModel_Traditional.navigateToGoogleHomeAndAssertPageTitle]
################################################################################################################################################
[ReportManager] Browser Action [GetCurrentWindowTitle] successfully performed. With the following test data [Google]. @20-12-2021 01:35:42.0917 AM
[ReportManager] Assertion Passed: Asserting that the page title is Google @20-12-2021 01:35:42.0918 AM
[ReportManager] Assertion [ValidateEquals] PASSED. Expected [Google] and Actual [Google]. Comparison Type [EQUALS]. Validation Type [POSITIVE]. @20-12-2021 01:35:42.0918 A
[ReportManager] Browser Action [CloseCurrentWindow] successfully performed. @20-12-2021 01:35:43.0071 AM
[ReportManager] Successfully created attachment [Browser Action Test Data - CloseCurrentWindow - Actual Value] @20-12-2021 01:35:43.0072 A
[ReportManager] File Action [GetAbsolutePath] successfully performed. With the following test data [Relative Folder Path: "target/downloadedFiles/"]. @20-12-2021 01:35:43.0080 AM
[ReportManager] Attempting to run remotely on: [Linux-64], [GoogleChrome], [http://localhost:4444/wd/hub], Headless Execution. @20-12-2021 01:35:43.0080 AM
[ReportManager] Successfully Opened [GoogleChrome]. @20-12-2021 01:35:43.0305 AM
[ReportManager] Target URL: [https://www.google.com/ncr], and after redirection: [https://www.google.com] @20-12-2021 01:35:43.0305 AM
[ReportManager] Initial URL: [data:,] @20-12-2021 01:35:43.0393 AM
[ReportManager] Browser Action [NavigateToURL] successfully performed. With the following test data [https://www.google.com/ncr]. @20-12-2021 01:35:44.0360 A

################################################################################################################################################
Starting Execution:	[9 out of 23] test cases in the current suite
Test Method:		[tests.gui.google.C_Search_PageObjectModel_Traditional.searchForQueryAndAssertFirstResultTextIsCorrect]
################################################################################################################################################
[ReportManager] Element Action [Type] successfully performed. With the following test data [SHAFT_Engine]. @20-12-2021 01:35:44.0832 AM
[ReportManager] Element Action [KeyPress] successfully performed. With the following test data [ENTER]. @20-12-2021 01:35:46.0209 AM
[ReportManager] Element Action [GetText] successfully performed. With the following test data [SHAFT: Unified Test Automation Engine - GitHub]. @20-12-2021 01:35:46.0332 AM
[ReportManager] Assertion Failed: Asserting that the correct first result is displayed @20-12-2021 01:35:46.0333 AM
[ReportManager] Assertion [ValidateEquals] FAILED. Expected [MohabMohie] and Actual [SHAFT: Unified Test Automation Engine - GitHub]. Comparison Type [CONTAINS]. Validation Type [POSITIVE]. @20-12-2021 01:35:46.0333 A
[ReportManager] Browser Action [CloseCurrentWindow] successfully performed. @20-12-2021 01:35:46.0623 AM
[ReportManager] Successfully created attachment [Browser Action Test Data - CloseCurrentWindow - Actual Value] @20-12-2021 01:35:46.0627 A
[ReportManager] An Exception Occured with this Message: src/test/resources/testDataFiles/Google/SimpleSearch.xlsx (No such file or directory). @20-12-2021 01:35:46.0632 AM
[ReportManager] Successfully created attachment [Exception Stack Trace - java.io.FileNotFoundException] @20-12-2021 01:35:46.0633 AM
[ReportManager] Couldn't find the desired file. [src/test/resources/testDataFiles/Google/SimpleSearch.xlsx]. @20-12-2021 01:35:46.0633 A


################################################################################################################################################
Starting Execution:	[10 out of 23] test cases in the current suite
Test Method:		[tests.gui.google.F_Search_PageObjectModel_Fluent.navigateToGoogleHomeAndAssertGoogleLogoIsDisplayed]
###############################################################################################################################################



################################################################################################################################################
Starting Execution:	[11 out of 23] test cases in the current suite
Test Method:		[tests.gui.google.F_Search_PageObjectModel_Fluent.navigateToGoogleHomeAndAssertPageTitle]
###############################################################################################################################################



################################################################################################################################################
Starting Execution:	[12 out of 23] test cases in the current suite
Test Method:		[tests.gui.google.F_Search_PageObjectModel_Fluent.searchForQueryAndAssertFirstResultTextIsCorrect]
###############################################################################################################################################

[ReportManager] An Exception Occured with this Message: src/test/resources/testDataFiles/Google/SimpleSearch.xlsx (No such file or directory). @20-12-2021 01:35:46.0671 AM
[ReportManager] Successfully created attachment [Exception Stack Trace - java.io.FileNotFoundException] @20-12-2021 01:35:46.0671 AM
[ReportManager] Couldn't find the desired file. [src/test/resources/testDataFiles/Google/SimpleSearch.xlsx]. @20-12-2021 01:35:46.0674 A


################################################################################################################################################
Starting Execution:	[13 out of 23] test cases in the current suite
Test Method:		[tests.gui.google.E_Search_PageObjectModel_Traditional_SHAFTAssertions.navigateToGoogleHomeAndAssertGoogleLogoIsDisplayed]
###############################################################################################################################################



################################################################################################################################################
Starting Execution:	[14 out of 23] test cases in the current suite
Test Method:		[tests.gui.google.E_Search_PageObjectModel_Traditional_SHAFTAssertions.navigateToGoogleHomeAndAssertPageTitle]
###############################################################################################################################################



################################################################################################################################################
Starting Execution:	[15 out of 23] test cases in the current suite
Test Method:		[tests.gui.google.E_Search_PageObjectModel_Traditional_SHAFTAssertions.searchForQueryAndAssertFirstResultTextIsCorrect]
###############################################################################################################################################

[ReportManager] An Exception Occured with this Message: src/test/resources/testDataFiles/Google/SimpleSearch.xlsx (No such file or directory). @20-12-2021 01:35:46.0716 AM
[ReportManager] Successfully created attachment [Exception Stack Trace - java.io.FileNotFoundException] @20-12-2021 01:35:46.0716 AM
[ReportManager] Couldn't find the desired file. [src/test/resources/testDataFiles/Google/SimpleSearch.xlsx]. @20-12-2021 01:35:46.0716 A


################################################################################################################################################
Starting Execution:	[16 out of 23] test cases in the current suite
Test Method:		[tests.gui.google.D_Search_PageObjectModel_Traditional_DataDriven.navigateToGoogleHomeAndAssertGoogleLogoIsDisplayed]
###############################################################################################################################################



################################################################################################################################################
Starting Execution:	[17 out of 23] test cases in the current suite
Test Method:		[tests.gui.google.D_Search_PageObjectModel_Traditional_DataDriven.navigateToGoogleHomeAndAssertPageTitle]
###############################################################################################################################################



################################################################################################################################################
Starting Execution:	[18 out of 23] test cases in the current suite
Test Method:		[tests.gui.google.D_Search_PageObjectModel_Traditional_DataDriven.searchForQueryAndAssertFirstResultTextIsCorrect]
###############################################################################################################################################




################################################################################################################################################
Starting Execution:	[19 out of 23] test cases in the current suite
Test Method:		[tests.gui.google.A_Search_FlatTest_NativeSeleniumWebDriver.navigateToGoogleHomeAndAssertGoogleLogoIsDisplayed]
###############################################################################################################################################



################################################################################################################################################
Starting Execution:	[20 out of 23] test cases in the current suite
Test Method:		[tests.gui.google.A_Search_FlatTest_NativeSeleniumWebDriver.navigateToGoogleHomeAndAssertPageTitle]
###############################################################################################################################################



################################################################################################################################################
Starting Execution:	[21 out of 23] test cases in the current suite
Test Method:		[tests.gui.google.A_Search_FlatTest_NativeSeleniumWebDriver.searchForQueryAndAssertFirstResultTextIsCorrect]
###############################################################################################################################################


################################################################################################################################################
Starting Execution:	[22 out of 23] test cases in the current suite
Test Method:		[tests.api.users.UserData.validateUserEmail]
################################################################################################################################################
[ReportManager] Response status code: [200], status line: [HTTP/1.1 200 OK] @20-12-2021 01:36:08.0947 AM
[ReportManager] Assertion Passed: Evaluating the actual response status code against the expected one... @20-12-2021 01:36:08.0951 AM
[ReportManager] Assertion [ValidateComparativeRelation] PASSED. Expected [200] and Actual [200]. Comparison Type [EQUALS]. Validation Type [POSITIVE]. @20-12-2021 01:36:08.0951 AM
[ReportManager] API Action [PerformRequest] successfully performed. With the following test data [Request Type: "GET" | Target Status Code: "200" | Service URL: "https://jsonplaceholder.typicode.com/users" | Content Type: "*/*" | Response Time: "779ms"]. @20-12-2021 01:36:09.0932 AM
[ReportManager] Successfully created attachment [API Request - Specifications] @20-12-2021 01:36:09.0933 AM
[ReportManager] Successfully created attachment [API Response - JSON Body] @20-12-2021 01:36:10.0289 AM
[ReportManager] Assertion [ValidateEquals] PASSED. Expected and Actual values are attached. Comparison Type [CONTAINS]. Validation Type [POSITIVE]. @20-12-2021 01:36:10.0290 AM
[ReportManager] Successfully created attachment [Validation Test Data - Expected Value] @20-12-2021 01:36:10.0291 AM
[ReportManager] Successfully created attachment [Validation Test Data - Actual Value] @20-12-2021 01:36:10.0291 AM
[ReportManager] API Action [GetResponseJSONValueAsList] successfully performed. With the following test data [$]. @20-12-2021 01:36:10.0304 AM
[ReportManager] API Action [GetResponseJSONValue] successfully performed. With the following test data [name]. @20-12-2021 01:36:10.0334 AM
[ReportManager] API Action [GetResponseJSONValue] successfully performed. With the following test data [email]. @20-12-2021 01:36:10.0354 AM
[ReportManager] Assertion [ValidateEquals] PASSED. Expected [Sincere@april.biz] and Actual [Sincere@april.biz]. Comparison Type [EQUALS]. Validation Type [POSITIVE]. @20-12-2021 01:36:10.0355 AM
[ReportManager] API Action [GetResponseJSONValue] successfully performed. With the following test data [name]. @20-12-2021 01:36:10.0372 AM
[ReportManager] API Action [GetResponseJSONValue] successfully performed. With the following test data [name]. @20-12-2021 01:36:10.0387 AM
[ReportManager] API Action [GetResponseJSONValue] successfully performed. With the following test data [name]. @20-12-2021 01:36:10.0404 AM
[ReportManager] API Action [GetResponseJSONValue] successfully performed. With the following test data [name]. @20-12-2021 01:36:10.0422 AM
[ReportManager] API Action [GetResponseJSONValue] successfully performed. With the following test data [name]. @20-12-2021 01:36:10.0439 AM
[ReportManager] API Action [GetResponseJSONValue] successfully performed. With the following test data [name]. @20-12-2021 01:36:10.0452 AM
[ReportManager] API Action [GetResponseJSONValue] successfully performed. With the following test data [name]. @20-12-2021 01:36:10.0467 AM
[ReportManager] API Action [GetResponseJSONValue] successfully performed. With the following test data [name]. @20-12-2021 01:36:10.0480 AM
[ReportManager] API Action [GetResponseJSONValue] successfully performed. With the following test data [name]. @20-12-2021 01:36:10.0494 A

################################################################################################################################################
Starting Execution:	[23 out of 23] test cases in the current suite
Test Method:		[tests.cli.demo.cliTest.sampleTestCase]
################################################################################################################################################
[ReportManager] Attempting to perform the following command locally. Command: [ls] @20-12-2021 01:36:10.0505 AM
[ReportManager] Terminal Action [PerformTerminalCommands] successfully performed. With the following test data [Host Name: "localHost" | Command: "ls" | Exit Status: "0"]. @20-12-2021 01:36:10.0517 AM
[ReportManager] Successfully created attachment [Terminal Action Actual Result - Command Log] @20-12-2021 01:36:10.0517 AM
[ReportManager] Assertion Passed: Demoing local terminal actions @20-12-2021 01:36:10.0517 AM
[ReportManager] Assertion [ValidateEquals] PASSED. Expected [pom.xml] and Actual [LICENSE
README.md
allure-results
docker-compose_native.yml
docker-compose_zalenium.yml
extent-reports
pom.xml
readMeImgs
src
target]. Comparison Type [CONTAINS]. Validation Type [POSITIVE]. @20-12-2021 01:36:10.0517 A
[ReportManager] Successfully created attachment [SHAFT Engine Logs - Execution log] @20-12-2021 01:36:10.0536 AM

################################################################################################################################################
This test run was powered by SHAFT Engine Version: [SHAFT Engine v5.4.20211117-BETA]
SHAFT Engine is licensed under the MIT License: [https://github.com/MohabMohie/SHAFT_ENGINE/blob/master/LICENSE].
################################################################################################################################################