################################################################################################################################################
Detected SHAFT Engine Version: [SHAFT Engine v5.4.20211117-BETA]
################################################################################################################################################
[ReportManager] File Action [GetAbsolutePath] successfully performed. With the following test data [Relative Folder Path: "target/downloadedFiles/"]. @10-01-2022 12:52:51.0983 PM
[ReportManager] Attempting to run remotely on: [Linux-64], [GoogleChrome], [http://localhost:4444/wd/hub], Headless Execution. @10-01-2022 12:52:52.0001 PM
[ReportManager] Successfully Opened [GoogleChrome]. @10-01-2022 12:52:54.0334 PM
[ReportManager] Target URL: [https://www.google.com/ncr], and after redirection: [https://www.google.com] @10-01-2022 12:52:54.0350 PM
[ReportManager] Initial URL: [data:,] @10-01-2022 12:52:54.0490 PM
[ReportManager] Browser Action [NavigateToURL] successfully performed. With the following test data [https://www.google.com/ncr]. @10-01-2022 12:52:55.0873 P

################################################################################################################################################
Starting Execution:	[1 out of 23] test cases in the current suite
Test Method:		[tests.gui.google.B_Search_FlatTest_SHAFT.navigateToGoogleHomeAndAssertGoogleLogoIsDisplayed]
################################################################################################################################################
[ReportManager] File Action [DoesFileExist] successfully performed. With the following test data [File Path: "src/main/resources/dynamicObjectRepository/tests_gui_google_B_Search_FlatTest_SHAFT_navigateToGoogleHomeAndAssertGoogleLogoIsDisplayed_By_xpath_img_id_hplogo_or_alt_Google.png"]. @10-01-2022 12:52:56.0051 PM
[ReportManager] File Action [GetAbsolutePath] successfully performed. With the following test data [Relative Folder Path: "src/main/resources/dynamicObjectRepository/tests_gui_google_B_Search_FlatTest_SHAFT_navigateToGoogleHomeAndAssertGoogleLogoIsDisplayed_By_xpath_img_id_hplogo_or_alt_Google.png"]. @10-01-2022 12:52:56.0051 PM
[ReportManager] File Action [ReadFromImageFile] successfully performed. With the following test data [File Path: "/home/runner/work/io.github.alidorgham/io.github.alidorgham/src/main/resources/dynamicObjectRepository/tests_gui_google_B_Search_FlatTest_SHAFT_navigateToGoogleHomeAndAssertGoogleLogoIsDisplayed_By_xpath_img_id_hplogo_or_alt_Google.png"]. @10-01-2022 12:52:56.0052 PM
[ReportManager] File Action [DoesFileExist] successfully performed. With the following test data [File Path: "src/main/resources/dynamicObjectRepository/tests_gui_google_B_Search_FlatTest_SHAFT_navigateToGoogleHomeAndAssertGoogleLogoIsDisplayed_By_xpath_img_id_hplogo_or_alt_Google.png"]. @10-01-2022 12:52:56.0356 PM
[ReportManager] File Action [DoesFileExist] successfully performed. With the following test data [File Path: "src/main/resources/dynamicObjectRepository/tests_gui_google_B_Search_FlatTest_SHAFT_navigateToGoogleHomeAndAssertGoogleLogoIsDisplayed_By_xpath_img_id_hplogo_or_alt_Google.png"]. @10-01-2022 12:52:56.0357 PM
[ReportManager] Loaded Shared OpenCV @10-01-2022 12:52:56.0885 PM
[ReportManager] Successfully identified the element using AI; OpenCV. @10-01-2022 12:52:56.0907 PM
[ReportManager] Assertion Passed: Asserting that the Google logo is displayed @10-01-2022 12:52:56.0910 PM
[ReportManager] Successfully created attachment [Validation Test Data - Reference Screenshot] @10-01-2022 12:52:56.0918 PM
[ReportManager] Successfully created attachment [Validation Test Data - Actual Screenshot] @10-01-2022 12:52:56.0918 PM
[ReportManager] Assertion [ValidateElementMatches] PASSED. Expected [Element should match the reference screenshot] and Actual [TRUE]. Comparison Type [EXACT_OPENCV]. Validation Type [POSITIVE]. @10-01-2022 12:52:56.0919 P
[ReportManager] Browser Action [CloseCurrentWindow] successfully performed. @10-01-2022 12:52:57.0107 PM
[ReportManager] Successfully created attachment [Browser Action Test Data - CloseCurrentWindow - Actual Value] @10-01-2022 12:52:57.0117 P
[ReportManager] File Action [GetAbsolutePath] successfully performed. With the following test data [Relative Folder Path: "target/downloadedFiles/"]. @10-01-2022 12:52:57.0130 PM
[ReportManager] Attempting to run remotely on: [Linux-64], [GoogleChrome], [http://localhost:4444/wd/hub], Headless Execution. @10-01-2022 12:52:57.0131 PM
[ReportManager] Successfully Opened [GoogleChrome]. @10-01-2022 12:52:57.0550 PM
[ReportManager] Target URL: [https://www.google.com/ncr], and after redirection: [https://www.google.com] @10-01-2022 12:52:57.0556 PM
[ReportManager] Initial URL: [data:,] @10-01-2022 12:52:57.0649 PM
[ReportManager] Browser Action [NavigateToURL] successfully performed. With the following test data [https://www.google.com/ncr]. @10-01-2022 12:52:58.0742 P

################################################################################################################################################
Starting Execution:	[2 out of 23] test cases in the current suite
Test Method:		[tests.gui.google.B_Search_FlatTest_SHAFT.navigateToGoogleHomeAndAssertPageTitle]
################################################################################################################################################
[ReportManager] Browser Action [GetCurrentWindowTitle] successfully performed. With the following test data [Google]. @10-01-2022 12:52:58.0811 PM
[ReportManager] Assertion Passed: Asserting that the page title is Google @10-01-2022 12:52:59.0481 PM
[ReportManager] Successfully created attachment [Screenshot - 1641819179062_navigateToGoogleHomeAndAssertPageTitle_ValidateBrowserAttribute_passed] @10-01-2022 12:52:59.0500 PM
[ReportManager] Assertion [ValidateBrowserAttribute] PASSED. Expected [Value Should be 'Google' for the 'Title' attribute] and Actual [Google]. Comparison Type [EQUALS]. Validation Type [POSITIVE]. @10-01-2022 12:52:59.0501 P
[ReportManager] Browser Action [CloseCurrentWindow] successfully performed. @10-01-2022 12:52:59.0694 PM
[ReportManager] Successfully created attachment [Browser Action Test Data - CloseCurrentWindow - Actual Value] @10-01-2022 12:52:59.0697 P
[ReportManager] File Action [GetAbsolutePath] successfully performed. With the following test data [Relative Folder Path: "target/downloadedFiles/"]. @10-01-2022 12:52:59.0707 PM
[ReportManager] Attempting to run remotely on: [Linux-64], [GoogleChrome], [http://localhost:4444/wd/hub], Headless Execution. @10-01-2022 12:52:59.0710 PM
[ReportManager] Successfully Opened [GoogleChrome]. @10-01-2022 12:53:00.0153 PM
[ReportManager] Target URL: [https://www.google.com/ncr], and after redirection: [https://www.google.com] @10-01-2022 12:53:00.0153 PM
[ReportManager] Initial URL: [data:,] @10-01-2022 12:53:00.0247 PM
[ReportManager] Browser Action [NavigateToURL] successfully performed. With the following test data [https://www.google.com/ncr]. @10-01-2022 12:53:01.0396 P

################################################################################################################################################
Starting Execution:	[3 out of 23] test cases in the current suite
Test Method:		[tests.gui.google.B_Search_FlatTest_SHAFT.searchForQueryAndAssertFirstResultTextIsCorrect]
################################################################################################################################################
[ReportManager] Element Action [Type] successfully performed. With the following test data [SHAFT_Engine]. @10-01-2022 12:53:01.0952 PM
[ReportManager] Element Action [KeyPress] successfully performed. With the following test data [ENTER]. @10-01-2022 12:53:03.0594 PM
[ReportManager] Element Action [GetText] successfully performed. With the following test data [SHAFT_ENGINE is a Test Automation Engine that ... - GitHub]. @10-01-2022 12:53:03.0715 PM
[ReportManager] Loaded Shared OpenCV @10-01-2022 12:53:04.0185 PM
[ReportManager] Assertion Failed: Asserting that the correct first result is displayed @10-01-2022 12:53:04.0478 PM
[ReportManager] Successfully created attachment [Screenshot - 1641819184185_searchForQueryAndAssertFirstResultTextIsCorrect_ValidateElementAttribute_failed] @10-01-2022 12:53:04.0488 PM
[ReportManager] Assertion [ValidateElementAttribute] FAILED. Expected [Value Should be 'MohabMohie' for the 'Text' attribute, element locator 'By.xpath: (//h1[contains(text(),'Search Result')]/following-sibling::div//a/h3)[1]'] and Actual [SHAFT_ENGINE is a Test Automation Engine that ... - GitHub]. Comparison Type [CONTAINS]. Validation Type [POSITIVE]. @10-01-2022 12:53:04.0488 P
[ReportManager] Browser Action [CloseCurrentWindow] successfully performed. @10-01-2022 12:53:04.0783 PM
[ReportManager] Successfully created attachment [Browser Action Test Data - CloseCurrentWindow - Actual Value] @10-01-2022 12:53:04.0808 P
[ReportManager] An Exception Occured with this Message: src/test/resources/testDataFiles/Google/SimpleSearch.xlsx (No such file or directory). @10-01-2022 12:53:04.0821 PM
[ReportManager] Successfully created attachment [Exception Stack Trace - java.io.FileNotFoundException] @10-01-2022 12:53:04.0821 PM
[ReportManager] Couldn't find the desired file. [src/test/resources/testDataFiles/Google/SimpleSearch.xlsx]. @10-01-2022 12:53:04.0822 P


################################################################################################################################################
Starting Execution:	[4 out of 23] test cases in the current suite
Test Method:		[tests.gui.google.G_Search_PageObjectModel_ThreadSafe.navigateToGoogleHomeAndAssertGoogleLogoIsDisplayed]
###############################################################################################################################################



################################################################################################################################################
Starting Execution:	[5 out of 23] test cases in the current suite
Test Method:		[tests.gui.google.G_Search_PageObjectModel_ThreadSafe.navigateToGoogleHomeAndAssertPageTitle]
###############################################################################################################################################



################################################################################################################################################
Starting Execution:	[6 out of 23] test cases in the current suite
Test Method:		[tests.gui.google.G_Search_PageObjectModel_ThreadSafe.searchForQueryAndAssertFirstResultTextIsCorrect]
###############################################################################################################################################

[ReportManager] File Action [GetAbsolutePath] successfully performed. With the following test data [Relative Folder Path: "target/downloadedFiles/"]. @10-01-2022 12:53:04.0865 PM
[ReportManager] Attempting to run remotely on: [Linux-64], [GoogleChrome], [http://localhost:4444/wd/hub], Headless Execution. @10-01-2022 12:53:04.0866 PM
[ReportManager] Successfully Opened [GoogleChrome]. @10-01-2022 12:53:05.0309 PM
[ReportManager] Target URL: [https://www.google.com/ncr], and after redirection: [https://www.google.com] @10-01-2022 12:53:05.0317 PM
[ReportManager] Initial URL: [data:,] @10-01-2022 12:53:05.0400 PM
[ReportManager] Browser Action [NavigateToURL] successfully performed. With the following test data [https://www.google.com/ncr]. @10-01-2022 12:53:06.0450 P

################################################################################################################################################
Starting Execution:	[7 out of 23] test cases in the current suite
Test Method:		[tests.gui.google.C_Search_PageObjectModel_Traditional.navigateToGoogleHomeAndAssertGoogleLogoIsDisplayed]
################################################################################################################################################
[ReportManager] Element Action [IsElementDisplayed] successfully performed. @10-01-2022 12:53:06.0586 PM
[ReportManager] Assertion Passed: Asserting that the Google logo is displayed @10-01-2022 12:53:06.0587 PM
[ReportManager] Assertion [ValidateTrue] PASSED. Expected [TRUE] and Actual [TRUE]. Validation Type [POSITIVE]. @10-01-2022 12:53:06.0587 P
[ReportManager] Browser Action [CloseCurrentWindow] successfully performed. @10-01-2022 12:53:06.0735 PM
[ReportManager] Successfully created attachment [Browser Action Test Data - CloseCurrentWindow - Actual Value] @10-01-2022 12:53:06.0736 P
[ReportManager] File Action [GetAbsolutePath] successfully performed. With the following test data [Relative Folder Path: "target/downloadedFiles/"]. @10-01-2022 12:53:06.0739 PM
[ReportManager] Attempting to run remotely on: [Linux-64], [GoogleChrome], [http://localhost:4444/wd/hub], Headless Execution. @10-01-2022 12:53:06.0741 PM
[ReportManager] Successfully Opened [GoogleChrome]. @10-01-2022 12:53:07.0030 PM
[ReportManager] Target URL: [https://www.google.com/ncr], and after redirection: [https://www.google.com] @10-01-2022 12:53:07.0031 PM
[ReportManager] Initial URL: [data:,] @10-01-2022 12:53:07.0106 PM
[ReportManager] Browser Action [NavigateToURL] successfully performed. With the following test data [https://www.google.com/ncr]. @10-01-2022 12:53:08.0159 P

################################################################################################################################################
Starting Execution:	[8 out of 23] test cases in the current suite
Test Method:		[tests.gui.google.C_Search_PageObjectModel_Traditional.navigateToGoogleHomeAndAssertPageTitle]
################################################################################################################################################
[ReportManager] Browser Action [GetCurrentWindowTitle] successfully performed. With the following test data [Google]. @10-01-2022 12:53:08.0210 PM
[ReportManager] Assertion Passed: Asserting that the page title is Google @10-01-2022 12:53:08.0211 PM
[ReportManager] Assertion [ValidateEquals] PASSED. Expected [Google] and Actual [Google]. Comparison Type [EQUALS]. Validation Type [POSITIVE]. @10-01-2022 12:53:08.0211 P
[ReportManager] Browser Action [CloseCurrentWindow] successfully performed. @10-01-2022 12:53:08.0399 PM
[ReportManager] Successfully created attachment [Browser Action Test Data - CloseCurrentWindow - Actual Value] @10-01-2022 12:53:08.0400 P
[ReportManager] File Action [GetAbsolutePath] successfully performed. With the following test data [Relative Folder Path: "target/downloadedFiles/"]. @10-01-2022 12:53:08.0408 PM
[ReportManager] Attempting to run remotely on: [Linux-64], [GoogleChrome], [http://localhost:4444/wd/hub], Headless Execution. @10-01-2022 12:53:08.0409 PM
[ReportManager] Successfully Opened [GoogleChrome]. @10-01-2022 12:53:08.0645 PM
[ReportManager] Target URL: [https://www.google.com/ncr], and after redirection: [https://www.google.com] @10-01-2022 12:53:08.0645 PM
[ReportManager] Initial URL: [data:,] @10-01-2022 12:53:08.0744 PM
[ReportManager] Browser Action [NavigateToURL] successfully performed. With the following test data [https://www.google.com/ncr]. @10-01-2022 12:53:09.0727 P

################################################################################################################################################
Starting Execution:	[9 out of 23] test cases in the current suite
Test Method:		[tests.gui.google.C_Search_PageObjectModel_Traditional.searchForQueryAndAssertFirstResultTextIsCorrect]
################################################################################################################################################
[ReportManager] Element Action [Type] successfully performed. With the following test data [SHAFT_Engine]. @10-01-2022 12:53:10.0305 PM
[ReportManager] Element Action [KeyPress] successfully performed. With the following test data [ENTER]. @10-01-2022 12:53:11.0643 PM
[ReportManager] Element Action [GetText] successfully performed. With the following test data [SHAFT_ENGINE is a Test Automation Engine that ... - GitHub]. @10-01-2022 12:53:11.0768 PM
[ReportManager] Assertion Failed: Asserting that the correct first result is displayed @10-01-2022 12:53:11.0769 PM
[ReportManager] Assertion [ValidateEquals] FAILED. Expected [MohabMohie] and Actual [SHAFT_ENGINE is a Test Automation Engine that ... - GitHub]. Comparison Type [CONTAINS]. Validation Type [POSITIVE]. @10-01-2022 12:53:11.0769 P
[ReportManager] Browser Action [CloseCurrentWindow] successfully performed. @10-01-2022 12:53:12.0026 PM
[ReportManager] Successfully created attachment [Browser Action Test Data - CloseCurrentWindow - Actual Value] @10-01-2022 12:53:12.0029 P
[ReportManager] An Exception Occured with this Message: src/test/resources/testDataFiles/Google/SimpleSearch.xlsx (No such file or directory). @10-01-2022 12:53:12.0037 PM
[ReportManager] Successfully created attachment [Exception Stack Trace - java.io.FileNotFoundException] @10-01-2022 12:53:12.0037 PM
[ReportManager] Couldn't find the desired file. [src/test/resources/testDataFiles/Google/SimpleSearch.xlsx]. @10-01-2022 12:53:12.0037 P


################################################################################################################################################
Starting Execution:	[10 out of 23] test cases in the current suite
Test Method:		[tests.gui.google.F_Search_PageObjectModel_Fluent.navigateToGoogleHomeAndAssertGoogleLogoIsDisplayed]
###############################################################################################################################################



################################################################################################################################################
Starting Execution:	[11 out of 23] test cases in the current suite
Test Method:		[tests.gui.google.F_Search_PageObjectModel_Fluent.navigateToGoogleHomeAndAssertPageTitle]
###############################################################################################################################################



################################################################################################################################################
Starting Execution:	[12 out of 23] test cases in the current suite
Test Method:		[tests.gui.google.F_Search_PageObjectModel_Fluent.searchForQueryAndAssertFirstResultTextIsCorrect]
###############################################################################################################################################

[ReportManager] An Exception Occured with this Message: src/test/resources/testDataFiles/Google/SimpleSearch.xlsx (No such file or directory). @10-01-2022 12:53:12.0077 PM
[ReportManager] Successfully created attachment [Exception Stack Trace - java.io.FileNotFoundException] @10-01-2022 12:53:12.0078 PM
[ReportManager] Couldn't find the desired file. [src/test/resources/testDataFiles/Google/SimpleSearch.xlsx]. @10-01-2022 12:53:12.0078 P


################################################################################################################################################
Starting Execution:	[13 out of 23] test cases in the current suite
Test Method:		[tests.gui.google.E_Search_PageObjectModel_Traditional_SHAFTAssertions.navigateToGoogleHomeAndAssertGoogleLogoIsDisplayed]
###############################################################################################################################################



################################################################################################################################################
Starting Execution:	[14 out of 23] test cases in the current suite
Test Method:		[tests.gui.google.E_Search_PageObjectModel_Traditional_SHAFTAssertions.navigateToGoogleHomeAndAssertPageTitle]
###############################################################################################################################################



################################################################################################################################################
Starting Execution:	[15 out of 23] test cases in the current suite
Test Method:		[tests.gui.google.E_Search_PageObjectModel_Traditional_SHAFTAssertions.searchForQueryAndAssertFirstResultTextIsCorrect]
###############################################################################################################################################

[ReportManager] An Exception Occured with this Message: src/test/resources/testDataFiles/Google/SimpleSearch.xlsx (No such file or directory). @10-01-2022 12:53:12.0114 PM
[ReportManager] Successfully created attachment [Exception Stack Trace - java.io.FileNotFoundException] @10-01-2022 12:53:12.0114 PM
[ReportManager] Couldn't find the desired file. [src/test/resources/testDataFiles/Google/SimpleSearch.xlsx]. @10-01-2022 12:53:12.0115 P


################################################################################################################################################
Starting Execution:	[16 out of 23] test cases in the current suite
Test Method:		[tests.gui.google.D_Search_PageObjectModel_Traditional_DataDriven.navigateToGoogleHomeAndAssertGoogleLogoIsDisplayed]
###############################################################################################################################################



################################################################################################################################################
Starting Execution:	[17 out of 23] test cases in the current suite
Test Method:		[tests.gui.google.D_Search_PageObjectModel_Traditional_DataDriven.navigateToGoogleHomeAndAssertPageTitle]
###############################################################################################################################################



################################################################################################################################################
Starting Execution:	[18 out of 23] test cases in the current suite
Test Method:		[tests.gui.google.D_Search_PageObjectModel_Traditional_DataDriven.searchForQueryAndAssertFirstResultTextIsCorrect]
###############################################################################################################################################




################################################################################################################################################
Starting Execution:	[19 out of 23] test cases in the current suite
Test Method:		[tests.gui.google.A_Search_FlatTest_NativeSeleniumWebDriver.navigateToGoogleHomeAndAssertGoogleLogoIsDisplayed]
###############################################################################################################################################



################################################################################################################################################
Starting Execution:	[20 out of 23] test cases in the current suite
Test Method:		[tests.gui.google.A_Search_FlatTest_NativeSeleniumWebDriver.navigateToGoogleHomeAndAssertPageTitle]
###############################################################################################################################################



################################################################################################################################################
Starting Execution:	[21 out of 23] test cases in the current suite
Test Method:		[tests.gui.google.A_Search_FlatTest_NativeSeleniumWebDriver.searchForQueryAndAssertFirstResultTextIsCorrect]
###############################################################################################################################################


################################################################################################################################################
Starting Execution:	[22 out of 23] test cases in the current suite
Test Method:		[tests.api.users.UserData.validateUserEmail]
################################################################################################################################################
[ReportManager] Response status code: [200], status line: [HTTP/1.1 200 OK] @10-01-2022 12:53:38.0980 PM
[ReportManager] Assertion Passed: Evaluating the actual response status code against the expected one... @10-01-2022 12:53:38.0985 PM
[ReportManager] Assertion [ValidateComparativeRelation] PASSED. Expected [200] and Actual [200]. Comparison Type [EQUALS]. Validation Type [POSITIVE]. @10-01-2022 12:53:38.0986 PM
[ReportManager] API Action [PerformRequest] successfully performed. With the following test data [Request Type: "GET" | Target Status Code: "200" | Service URL: "https://jsonplaceholder.typicode.com/users" | Content Type: "*/*" | Response Time: "685ms"]. @10-01-2022 12:53:40.0189 PM
[ReportManager] Successfully created attachment [API Request - Specifications] @10-01-2022 12:53:40.0189 PM
[ReportManager] Successfully created attachment [API Response - JSON Body] @10-01-2022 12:53:40.0441 PM
[ReportManager] Assertion [ValidateEquals] PASSED. Expected and Actual values are attached. Comparison Type [CONTAINS]. Validation Type [POSITIVE]. @10-01-2022 12:53:40.0442 PM
[ReportManager] Successfully created attachment [Validation Test Data - Expected Value] @10-01-2022 12:53:40.0443 PM
[ReportManager] Successfully created attachment [Validation Test Data - Actual Value] @10-01-2022 12:53:40.0443 PM
[ReportManager] API Action [GetResponseJSONValueAsList] successfully performed. With the following test data [$]. @10-01-2022 12:53:40.0467 PM
[ReportManager] API Action [GetResponseJSONValue] successfully performed. With the following test data [name]. @10-01-2022 12:53:40.0502 PM
[ReportManager] API Action [GetResponseJSONValue] successfully performed. With the following test data [email]. @10-01-2022 12:53:40.0524 PM
[ReportManager] Assertion [ValidateEquals] PASSED. Expected [Sincere@april.biz] and Actual [Sincere@april.biz]. Comparison Type [EQUALS]. Validation Type [POSITIVE]. @10-01-2022 12:53:40.0524 PM
[ReportManager] API Action [GetResponseJSONValue] successfully performed. With the following test data [name]. @10-01-2022 12:53:40.0548 PM
[ReportManager] API Action [GetResponseJSONValue] successfully performed. With the following test data [name]. @10-01-2022 12:53:40.0570 PM
[ReportManager] API Action [GetResponseJSONValue] successfully performed. With the following test data [name]. @10-01-2022 12:53:40.0587 PM
[ReportManager] API Action [GetResponseJSONValue] successfully performed. With the following test data [name]. @10-01-2022 12:53:40.0608 PM
[ReportManager] API Action [GetResponseJSONValue] successfully performed. With the following test data [name]. @10-01-2022 12:53:40.0627 PM
[ReportManager] API Action [GetResponseJSONValue] successfully performed. With the following test data [name]. @10-01-2022 12:53:40.0644 PM
[ReportManager] API Action [GetResponseJSONValue] successfully performed. With the following test data [name]. @10-01-2022 12:53:40.0664 PM
[ReportManager] API Action [GetResponseJSONValue] successfully performed. With the following test data [name]. @10-01-2022 12:53:40.0686 PM
[ReportManager] API Action [GetResponseJSONValue] successfully performed. With the following test data [name]. @10-01-2022 12:53:40.0701 P

################################################################################################################################################
Starting Execution:	[23 out of 23] test cases in the current suite
Test Method:		[tests.cli.demo.cliTest.sampleTestCase]
################################################################################################################################################
[ReportManager] Attempting to perform the following command locally. Command: [ls] @10-01-2022 12:53:40.0728 PM
[ReportManager] Terminal Action [PerformTerminalCommands] successfully performed. With the following test data [Host Name: "localHost" | Command: "ls" | Exit Status: "0"]. @10-01-2022 12:53:40.0734 PM
[ReportManager] Successfully created attachment [Terminal Action Actual Result - Command Log] @10-01-2022 12:53:40.0735 PM
[ReportManager] Assertion Passed: Demoing local terminal actions @10-01-2022 12:53:40.0735 PM
[ReportManager] Assertion [ValidateEquals] PASSED. Expected [pom.xml] and Actual [LICENSE
README.md
allure-results
docker-compose_native.yml
docker-compose_zalenium.yml
extent-reports
pom.xml
readMeImgs
src
target]. Comparison Type [CONTAINS]. Validation Type [POSITIVE]. @10-01-2022 12:53:40.0735 P
[ReportManager] Successfully created attachment [SHAFT Engine Logs - Execution log] @10-01-2022 12:53:40.0768 PM

################################################################################################################################################
This test run was powered by SHAFT Engine Version: [SHAFT Engine v5.4.20211117-BETA]
SHAFT Engine is licensed under the MIT License: [https://github.com/MohabMohie/SHAFT_ENGINE/blob/master/LICENSE].
################################################################################################################################################