{
  "uid" : "b4f71d936e8166f0",
  "name" : "beforeClass",
  "fullName" : "tests.gui.google.F_Search_PageObjectModel_Fluent.beforeClass",
  "historyId" : "cf27456c68b7ce5e1fff35cfeef54ed6",
  "time" : {
    "start" : 1641062351924,
    "stop" : 1641062351924,
    "duration" : 0
  },
  "status" : "failed",
  "statusMessage" : "Couldn't find the desired file. [src/test/resources/testDataFiles/Google/SimpleSearch.xlsx].",
  "statusTrace" : "java.lang.AssertionError: Couldn't find the desired file. [src/test/resources/testDataFiles/Google/SimpleSearch.xlsx].\n\tat org.testng.Assert.fail(Assert.java:99)\n\tat com.shaft.tools.io.ExcelFileManager.<init>(ExcelFileManager.java:48)\n\tat tests.gui.google.F_Search_PageObjectModel_Fluent.beforeClass(F_Search_PageObjectModel_Fluent.java:44)\n\tat java.base/jdk.internal.reflect.NativeMethodAccessorImpl.invoke0(Native Method)\n\tat java.base/jdk.internal.reflect.NativeMethodAccessorImpl.invoke(NativeMethodAccessorImpl.java:77)\n\tat java.base/jdk.internal.reflect.DelegatingMethodAccessorImpl.invoke(DelegatingMethodAccessorImpl.java:43)\n\tat java.base/java.lang.reflect.Method.invoke(Method.java:568)\n\tat org.testng.internal.MethodInvocationHelper.invokeMethod(MethodInvocationHelper.java:133)\n\tat org.testng.internal.MethodInvocationHelper.invokeMethodConsideringTimeout(MethodInvocationHelper.java:62)\n\tat org.testng.internal.ConfigInvoker.invokeConfigurationMethod(ConfigInvoker.java:385)\n\tat org.testng.internal.ConfigInvoker.invokeConfigurations(ConfigInvoker.java:321)\n\tat org.testng.internal.TestMethodWorker.invokeBeforeClassMethods(TestMethodWorker.java:176)\n\tat org.testng.internal.TestMethodWorker.run(TestMethodWorker.java:122)\n\tat java.base/java.util.ArrayList.forEach(ArrayList.java:1511)\n\tat org.testng.TestRunner.privateRun(TestRunner.java:794)\n\tat org.testng.TestRunner.run(TestRunner.java:596)\n\tat org.testng.SuiteRunner.runTest(SuiteRunner.java:377)\n\tat org.testng.SuiteRunner.runSequentially(SuiteRunner.java:371)\n\tat org.testng.SuiteRunner.privateRun(SuiteRunner.java:332)\n\tat org.testng.SuiteRunner.run(SuiteRunner.java:276)\n\tat org.testng.SuiteRunnerWorker.runSuite(SuiteRunnerWorker.java:53)\n\tat org.testng.SuiteRunnerWorker.run(SuiteRunnerWorker.java:96)\n\tat org.testng.TestNG.runSuitesSequentially(TestNG.java:1212)\n\tat org.testng.TestNG.runSuitesLocally(TestNG.java:1134)\n\tat org.testng.TestNG.runSuites(TestNG.java:1063)\n\tat org.testng.TestNG.run(TestNG.java:1031)\n\tat org.apache.maven.surefire.testng.TestNGExecutor.run(TestNGExecutor.java:136)\n\tat org.apache.maven.surefire.testng.TestNGDirectoryTestSuite.executeMulti(TestNGDirectoryTestSuite.java:193)\n\tat org.apache.maven.surefire.testng.TestNGDirectoryTestSuite.execute(TestNGDirectoryTestSuite.java:94)\n\tat org.apache.maven.surefire.testng.TestNGProvider.invoke(TestNGProvider.java:145)\n\tat org.apache.maven.surefire.booter.ForkedBooter.runSuitesInProcess(ForkedBooter.java:428)\n\tat org.apache.maven.surefire.booter.ForkedBooter.execute(ForkedBooter.java:162)\n\tat org.apache.maven.surefire.booter.ForkedBooter.run(ForkedBooter.java:562)\n\tat org.apache.maven.surefire.booter.ForkedBooter.main(ForkedBooter.java:548)\n",
  "flaky" : false,
  "newFailed" : false,
  "beforeStages" : [ {
    "name" : "setupActivities",
    "time" : {
      "start" : 1641062332449,
      "stop" : 1641062333187,
      "duration" : 738
    },
    "description" : "",
    "status" : "passed",
    "steps" : [ {
      "name" : "Folder [extent-reports] was not found, it may have already been deleted.",
      "time" : {
        "start" : 1641062332573,
        "stop" : 1641062332574,
        "duration" : 1
      },
      "status" : "passed",
      "steps" : [ ],
      "attachments" : [ ],
      "parameters" : [ {
        "name" : "actionCounter",
        "value" : "1"
      }, {
        "name" : "logText",
        "value" : "Folder [extent-reports] was not found, it may have already been deleted."
      } ],
      "stepsCount" : 0,
      "attachmentsCount" : 0,
      "shouldDisplayMessage" : false,
      "hasContent" : true
    } ],
    "attachments" : [ {
      "uid" : "f54a6f7ca41baadd",
      "name" : "Attachment: SHAFT Links - Important",
      "source" : "f54a6f7ca41baadd.uri",
      "type" : "text/uri-list",
      "size" : 346
    }, {
      "uid" : "ed653d00703e0410",
      "name" : "Attachment: Properties - ExecutionPlatform",
      "source" : "ed653d00703e0410.properties",
      "type" : "text/plain",
      "size" : 394
    } ],
    "parameters" : [ ],
    "stepsCount" : 1,
    "attachmentsCount" : 2,
    "shouldDisplayMessage" : false,
    "hasContent" : true
  }, {
    "name" : "beforeClass",
    "time" : {
      "start" : 1641062351906,
      "stop" : 1641062351907,
      "duration" : 1
    },
    "description" : "",
    "status" : "failed",
    "statusMessage" : "Couldn't find the desired file. [src/test/resources/testDataFiles/Google/SimpleSearch.xlsx].",
    "statusTrace" : "java.lang.AssertionError: Couldn't find the desired file. [src/test/resources/testDataFiles/Google/SimpleSearch.xlsx].\n\tat org.testng.Assert.fail(Assert.java:99)\n\tat com.shaft.tools.io.ExcelFileManager.<init>(ExcelFileManager.java:48)\n\tat tests.gui.google.F_Search_PageObjectModel_Fluent.beforeClass(F_Search_PageObjectModel_Fluent.java:44)\n\tat java.base/jdk.internal.reflect.NativeMethodAccessorImpl.invoke0(Native Method)\n\tat java.base/jdk.internal.reflect.NativeMethodAccessorImpl.invoke(NativeMethodAccessorImpl.java:77)\n\tat java.base/jdk.internal.reflect.DelegatingMethodAccessorImpl.invoke(DelegatingMethodAccessorImpl.java:43)\n\tat java.base/java.lang.reflect.Method.invoke(Method.java:568)\n\tat org.testng.internal.MethodInvocationHelper.invokeMethod(MethodInvocationHelper.java:133)\n\tat org.testng.internal.MethodInvocationHelper.invokeMethodConsideringTimeout(MethodInvocationHelper.java:62)\n\tat org.testng.internal.ConfigInvoker.invokeConfigurationMethod(ConfigInvoker.java:385)\n\tat org.testng.internal.ConfigInvoker.invokeConfigurations(ConfigInvoker.java:321)\n\tat org.testng.internal.TestMethodWorker.invokeBeforeClassMethods(TestMethodWorker.java:176)\n\tat org.testng.internal.TestMethodWorker.run(TestMethodWorker.java:122)\n\tat java.base/java.util.ArrayList.forEach(ArrayList.java:1511)\n\tat org.testng.TestRunner.privateRun(TestRunner.java:794)\n\tat org.testng.TestRunner.run(TestRunner.java:596)\n\tat org.testng.SuiteRunner.runTest(SuiteRunner.java:377)\n\tat org.testng.SuiteRunner.runSequentially(SuiteRunner.java:371)\n\tat org.testng.SuiteRunner.privateRun(SuiteRunner.java:332)\n\tat org.testng.SuiteRunner.run(SuiteRunner.java:276)\n\tat org.testng.SuiteRunnerWorker.runSuite(SuiteRunnerWorker.java:53)\n\tat org.testng.SuiteRunnerWorker.run(SuiteRunnerWorker.java:96)\n\tat org.testng.TestNG.runSuitesSequentially(TestNG.java:1212)\n\tat org.testng.TestNG.runSuitesLocally(TestNG.java:1134)\n\tat org.testng.TestNG.runSuites(TestNG.java:1063)\n\tat org.testng.TestNG.run(TestNG.java:1031)\n\tat org.apache.maven.surefire.testng.TestNGExecutor.run(TestNGExecutor.java:136)\n\tat org.apache.maven.surefire.testng.TestNGDirectoryTestSuite.executeMulti(TestNGDirectoryTestSuite.java:193)\n\tat org.apache.maven.surefire.testng.TestNGDirectoryTestSuite.execute(TestNGDirectoryTestSuite.java:94)\n\tat org.apache.maven.surefire.testng.TestNGProvider.invoke(TestNGProvider.java:145)\n\tat org.apache.maven.surefire.booter.ForkedBooter.runSuitesInProcess(ForkedBooter.java:428)\n\tat org.apache.maven.surefire.booter.ForkedBooter.execute(ForkedBooter.java:162)\n\tat org.apache.maven.surefire.booter.ForkedBooter.run(ForkedBooter.java:562)\n\tat org.apache.maven.surefire.booter.ForkedBooter.main(ForkedBooter.java:548)\n",
    "steps" : [ {
      "name" : "An Exception Occured with this Message: src/test/resources/testDataFiles/Google/SimpleSearch.xlsx (No such file or directory).",
      "time" : {
        "start" : 1641062351906,
        "stop" : 1641062351907,
        "duration" : 1
      },
      "status" : "passed",
      "steps" : [ ],
      "attachments" : [ {
        "uid" : "e97eca1c984d7193",
        "name" : "Attachment: Exception Stack Trace - java.io.FileNotFoundException",
        "source" : "e97eca1c984d7193.txt",
        "type" : "text/plain",
        "size" : 2773
      } ],
      "parameters" : [ {
        "name" : "actionCounter",
        "value" : "42"
      }, {
        "name" : "logText",
        "value" : "An Exception Occured with this Message: src/test/resources/testDataFiles/Google/SimpleSearch.xlsx (No such file or directory)."
      }, {
        "name" : "attachments",
        "value" : "[[Exception Stack Trace, java.io.FileNotFoundException, java.io.FileNotFoundException:\nsrc/test/resources/testDataFiles/Google/SimpleSearch.xlsx (No such file or directory)\njava.base/java.io.FileInputStream.open0(Native Method)\njava.base/java.io.FileInputStream.open(FileInputStream.java:216)\njava.base/java.io.FileInputStream.<init>(FileInputStream.java:157)\njava.base/java.io.FileInputStream.<init>(FileInputStream.java:111)\ncom.shaft.tools.io.ExcelFileManager.<init>(ExcelFileManager.java:41)\ntests.gui.google.F_Search_PageObjectModel_Fluent.beforeClass(F_Search_PageObjectModel_Fluent.java:44)\njava.base/jdk.internal.reflect.NativeMethodAccessorImpl.invoke0(Native Method)\njava.base/jdk.internal.reflect.NativeMethodAccessorImpl.invoke(NativeMethodAccessorImpl.java:77)\njava.base/jdk.internal.reflect.DelegatingMethodAccessorImpl.invoke(DelegatingMethodAccessorImpl.java:43)\njava.base/java.lang.reflect.Method.invoke(Method.java:568)\norg.testng.internal.MethodInvocationHelper.invokeMethod(MethodInvocationHelper.java:133)\norg.testng.internal.MethodInvocationHelper.invokeMethodConsideringTimeout(MethodInvocationHelper.java:62)\norg.testng.internal.ConfigInvoker.invokeConfigurationMethod(ConfigInvoker.java:385)\norg.testng.internal.ConfigInvoker.invokeConfigurations(ConfigInvoker.java:321)\norg.testng.internal.TestMethodWorker.invokeBeforeClassMethods(TestMethodWorker.java:176)\norg.testng.internal.TestMethodWorker.run(TestMethodWorker.java:122)\njava.base/java.util.ArrayList.forEach(ArrayList.java:1511)\norg.testng.TestRunner.privateRun(TestRunner.java:794)\norg.testng.TestRunner.run(TestRunner.java:596)\norg.testng.SuiteRunner.runTest(SuiteRunner.java:377)\norg.testng.SuiteRunner.runSequentially(SuiteRunner.java:371)\norg.testng.SuiteRunner.privateRun(SuiteRunner.java:332)\norg.testng.SuiteRunner.run(SuiteRunner.java:276)\norg.testng.SuiteRunnerWorker.runSuite(SuiteRunnerWorker.java:53)\norg.testng.SuiteRunnerWorker.run(SuiteRunnerWorker.java:96)\norg.testng.TestNG.runSuitesSequentially(TestNG.java:1212)\norg.testng.TestNG.runSuitesLocally(TestNG.java:1134)\norg.testng.TestNG.runSuites(TestNG.java:1063)\norg.testng.TestNG.run(TestNG.java:1031)\norg.apache.maven.surefire.testng.TestNGExecutor.run(TestNGExecutor.java:136)\norg.apache.maven.surefire.testng.TestNGDirectoryTestSuite.executeMulti(TestNGDirectoryTestSuite.java:193)\norg.apache.maven.surefire.testng.TestNGDirectoryTestSuite.execute(TestNGDirectoryTestSuite.java:94)\norg.apache.maven.surefire.testng.TestNGProvider.invoke(TestNGProvider.java:145)\norg.apache.maven.surefire.booter.ForkedBooter.runSuitesInProcess(ForkedBooter.java:428)\norg.apache.maven.surefire.booter.ForkedBooter.execute(ForkedBooter.java:162)\norg.apache.maven.surefire.booter.ForkedBooter.run(ForkedBooter.java:562)\norg.apache.maven.surefire.booter.ForkedBooter.main(ForkedBooter.java:548)\n]]"
      } ],
      "stepsCount" : 0,
      "attachmentsCount" : 1,
      "shouldDisplayMessage" : false,
      "hasContent" : true
    }, {
      "name" : "Couldn't find the desired file. [src/test/resources/testDataFiles/Google/SimpleSearch.xlsx].",
      "time" : {
        "start" : 1641062351907,
        "stop" : 1641062351907,
        "duration" : 0
      },
      "status" : "passed",
      "steps" : [ ],
      "attachments" : [ ],
      "parameters" : [ {
        "name" : "actionCounter",
        "value" : "44"
      }, {
        "name" : "logText",
        "value" : "Couldn't find the desired file. [src/test/resources/testDataFiles/Google/SimpleSearch.xlsx]."
      } ],
      "stepsCount" : 0,
      "attachmentsCount" : 0,
      "shouldDisplayMessage" : false,
      "hasContent" : true
    } ],
    "attachments" : [ ],
    "parameters" : [ ],
    "stepsCount" : 2,
    "attachmentsCount" : 1,
    "shouldDisplayMessage" : true,
    "hasContent" : true
  }, {
    "name" : "setupActivities",
    "time" : {
      "start" : 1641062332449,
      "stop" : 1641062333187,
      "duration" : 738
    },
    "description" : "",
    "status" : "passed",
    "steps" : [ {
      "name" : "Folder [extent-reports] was not found, it may have already been deleted.",
      "time" : {
        "start" : 1641062332573,
        "stop" : 1641062332574,
        "duration" : 1
      },
      "status" : "passed",
      "steps" : [ ],
      "attachments" : [ ],
      "parameters" : [ {
        "name" : "actionCounter",
        "value" : "1"
      }, {
        "name" : "logText",
        "value" : "Folder [extent-reports] was not found, it may have already been deleted."
      } ],
      "stepsCount" : 0,
      "attachmentsCount" : 0,
      "shouldDisplayMessage" : false,
      "hasContent" : true
    } ],
    "attachments" : [ {
      "uid" : "f54a6f7ca41baadd",
      "name" : "Attachment: SHAFT Links - Important",
      "source" : "f54a6f7ca41baadd.uri",
      "type" : "text/uri-list",
      "size" : 346
    }, {
      "uid" : "ed653d00703e0410",
      "name" : "Attachment: Properties - ExecutionPlatform",
      "source" : "ed653d00703e0410.properties",
      "type" : "text/plain",
      "size" : 394
    } ],
    "parameters" : [ ],
    "stepsCount" : 1,
    "attachmentsCount" : 2,
    "shouldDisplayMessage" : false,
    "hasContent" : true
  } ],
  "afterStages" : [ {
    "name" : "teardownActivities",
    "time" : {
      "start" : 1641062382469,
      "stop" : 1641062382656,
      "duration" : 187
    },
    "description" : "",
    "status" : "passed",
    "steps" : [ {
      "name" : "Successfully Closed All Drivers.",
      "time" : {
        "start" : 1641062382469,
        "stop" : 1641062382469,
        "duration" : 0
      },
      "status" : "passed",
      "steps" : [ ],
      "attachments" : [ ],
      "parameters" : [ {
        "name" : "actionCounter",
        "value" : "57"
      }, {
        "name" : "logText",
        "value" : "Successfully Closed All Drivers."
      } ],
      "stepsCount" : 0,
      "attachmentsCount" : 0,
      "shouldDisplayMessage" : false,
      "hasContent" : true
    }, {
      "name" : "Issue Summary: Total Issues = 2, New issues for Failed Tests = 2, Open issues for Passed Tests = 0, Open issues for Failed Tests = 0. Kindly check the attached Issue details.",
      "time" : {
        "start" : 1641062382486,
        "stop" : 1641062382487,
        "duration" : 1
      },
      "status" : "passed",
      "steps" : [ ],
      "attachments" : [ {
        "uid" : "9d9d9d630462cdd7",
        "name" : "Attachment: SHAFT Engine Logs - Issues log CSV: 20220101-183942",
        "source" : "9d9d9d630462cdd7.csv",
        "type" : "text/csv",
        "size" : 342
      } ],
      "parameters" : [ {
        "name" : "actionCounter",
        "value" : "58"
      }, {
        "name" : "logText",
        "value" : "Issue Summary: Total Issues = 2, New issues for Failed Tests = 2, Open issues for Passed Tests = 0, Open issues for Failed Tests = 0. Kindly check the attached Issue details."
      }, {
        "name" : "attachments",
        "value" : "[[SHAFT Engine Logs, Issues log CSV: 20220101-183942, java.io.ByteArrayInputStream@2142b70d]]"
      } ],
      "stepsCount" : 0,
      "attachmentsCount" : 1,
      "shouldDisplayMessage" : false,
      "hasContent" : true
    } ],
    "attachments" : [ {
      "uid" : "93f1f716ec846a1b",
      "name" : "Attachment: SHAFT Engine Logs - Execution log: 20220101-183942",
      "source" : "93f1f716ec846a1b.txt",
      "type" : "text/plain",
      "size" : 29497
    }, {
      "uid" : "257e0ad9efbba52b",
      "name" : "Attachment: HTML - Extent Emailable Execution Report",
      "source" : "257e0ad9efbba52b.html",
      "type" : "text/html",
      "size" : 758908
    } ],
    "parameters" : [ ],
    "stepsCount" : 2,
    "attachmentsCount" : 3,
    "shouldDisplayMessage" : false,
    "hasContent" : true
  }, {
    "name" : "teardownActivities",
    "time" : {
      "start" : 1641062382469,
      "stop" : 1641062382656,
      "duration" : 187
    },
    "description" : "",
    "status" : "passed",
    "steps" : [ {
      "name" : "Successfully Closed All Drivers.",
      "time" : {
        "start" : 1641062382469,
        "stop" : 1641062382469,
        "duration" : 0
      },
      "status" : "passed",
      "steps" : [ ],
      "attachments" : [ ],
      "parameters" : [ {
        "name" : "actionCounter",
        "value" : "57"
      }, {
        "name" : "logText",
        "value" : "Successfully Closed All Drivers."
      } ],
      "stepsCount" : 0,
      "attachmentsCount" : 0,
      "shouldDisplayMessage" : false,
      "hasContent" : true
    }, {
      "name" : "Issue Summary: Total Issues = 2, New issues for Failed Tests = 2, Open issues for Passed Tests = 0, Open issues for Failed Tests = 0. Kindly check the attached Issue details.",
      "time" : {
        "start" : 1641062382486,
        "stop" : 1641062382487,
        "duration" : 1
      },
      "status" : "passed",
      "steps" : [ ],
      "attachments" : [ {
        "uid" : "9d9d9d630462cdd7",
        "name" : "Attachment: SHAFT Engine Logs - Issues log CSV: 20220101-183942",
        "source" : "9d9d9d630462cdd7.csv",
        "type" : "text/csv",
        "size" : 342
      } ],
      "parameters" : [ {
        "name" : "actionCounter",
        "value" : "58"
      }, {
        "name" : "logText",
        "value" : "Issue Summary: Total Issues = 2, New issues for Failed Tests = 2, Open issues for Passed Tests = 0, Open issues for Failed Tests = 0. Kindly check the attached Issue details."
      }, {
        "name" : "attachments",
        "value" : "[[SHAFT Engine Logs, Issues log CSV: 20220101-183942, java.io.ByteArrayInputStream@2142b70d]]"
      } ],
      "stepsCount" : 0,
      "attachmentsCount" : 1,
      "shouldDisplayMessage" : false,
      "hasContent" : true
    } ],
    "attachments" : [ {
      "uid" : "93f1f716ec846a1b",
      "name" : "Attachment: SHAFT Engine Logs - Execution log: 20220101-183942",
      "source" : "93f1f716ec846a1b.txt",
      "type" : "text/plain",
      "size" : 29497
    }, {
      "uid" : "257e0ad9efbba52b",
      "name" : "Attachment: HTML - Extent Emailable Execution Report",
      "source" : "257e0ad9efbba52b.html",
      "type" : "text/html",
      "size" : 758908
    } ],
    "parameters" : [ ],
    "stepsCount" : 2,
    "attachmentsCount" : 3,
    "shouldDisplayMessage" : false,
    "hasContent" : true
  } ],
  "labels" : [ {
    "name" : "package",
    "value" : "tests.gui.google.F_Search_PageObjectModel_Fluent"
  }, {
    "name" : "testClass",
    "value" : "tests.gui.google.F_Search_PageObjectModel_Fluent"
  }, {
    "name" : "testMethod",
    "value" : "beforeClass"
  }, {
    "name" : "parentSuite",
    "value" : "SHAFT: Custom Suite"
  }, {
    "name" : "suite",
    "value" : "SHAFT: Custom Test"
  }, {
    "name" : "subSuite",
    "value" : "tests.gui.google.F_Search_PageObjectModel_Fluent"
  }, {
    "name" : "host",
    "value" : "fv-az39-403"
  }, {
    "name" : "thread",
    "value" : "3786@fv-az39-403.main(1)"
  }, {
    "name" : "framework",
    "value" : "testng"
  }, {
    "name" : "language",
    "value" : "java"
  }, {
    "name" : "AS_ID",
    "value" : "-1"
  }, {
    "name" : "resultFormat",
    "value" : "allure2"
  } ],
  "parameters" : [ ],
  "links" : [ ],
  "hidden" : false,
  "retry" : false,
  "extra" : {
    "severity" : "normal",
    "retries" : [ ],
    "categories" : [ {
      "name" : "Product defects",
      "matchedStatuses" : [ ],
      "flaky" : false
    } ],
    "history" : {
      "statistic" : {
        "failed" : 147,
        "broken" : 0,
        "skipped" : 0,
        "passed" : 0,
        "unknown" : 0,
        "total" : 147
      },
      "items" : [ {
        "uid" : "cc96ae43afc277d",
        "reportUrl" : "https://Dorgham4.github.io/io.github.alidorgham/allure/151//#testresult/cc96ae43afc277d",
        "status" : "failed",
        "statusDetails" : "Couldn't find the desired file. [src/test/resources/testDataFiles/Google/SimpleSearch.xlsx].",
        "time" : {
          "start" : 1641041411687,
          "stop" : 1641041411687,
          "duration" : 0
        }
      }, {
        "uid" : "3d60075fac86cd0",
        "reportUrl" : "https://Dorgham4.github.io/io.github.alidorgham/allure/150//#testresult/3d60075fac86cd0",
        "status" : "failed",
        "statusDetails" : "Couldn't find the desired file. [src/test/resources/testDataFiles/Google/SimpleSearch.xlsx].",
        "time" : {
          "start" : 1641019163047,
          "stop" : 1641019163047,
          "duration" : 0
        }
      }, {
        "uid" : "ed036ee2fcd08bf5",
        "reportUrl" : "https://Dorgham4.github.io/io.github.alidorgham/allure/149//#testresult/ed036ee2fcd08bf5",
        "status" : "failed",
        "statusDetails" : "Couldn't find the desired file. [src/test/resources/testDataFiles/Google/SimpleSearch.xlsx].",
        "time" : {
          "start" : 1641001100716,
          "stop" : 1641001100716,
          "duration" : 0
        }
      }, {
        "uid" : "33f7037e6631eb69",
        "reportUrl" : "https://Dorgham4.github.io/io.github.alidorgham/allure/148//#testresult/33f7037e6631eb69",
        "status" : "failed",
        "statusDetails" : "Couldn't find the desired file. [src/test/resources/testDataFiles/Google/SimpleSearch.xlsx].",
        "time" : {
          "start" : 1640975890941,
          "stop" : 1640975890941,
          "duration" : 0
        }
      }, {
        "uid" : "86976fb29341c149",
        "reportUrl" : "https://Dorgham4.github.io/io.github.alidorgham/allure/147//#testresult/86976fb29341c149",
        "status" : "failed",
        "statusDetails" : "Couldn't find the desired file. [src/test/resources/testDataFiles/Google/SimpleSearch.xlsx].",
        "time" : {
          "start" : 1640955078193,
          "stop" : 1640955078193,
          "duration" : 0
        }
      }, {
        "uid" : "58427e456871631",
        "reportUrl" : "https://Dorgham4.github.io/io.github.alidorgham/allure/146//#testresult/58427e456871631",
        "status" : "failed",
        "statusDetails" : "Couldn't find the desired file. [src/test/resources/testDataFiles/Google/SimpleSearch.xlsx].",
        "time" : {
          "start" : 1640932796793,
          "stop" : 1640932796793,
          "duration" : 0
        }
      }, {
        "uid" : "aacd7b2043de006f",
        "reportUrl" : "https://Dorgham4.github.io/io.github.alidorgham/allure/145//#testresult/aacd7b2043de006f",
        "status" : "failed",
        "statusDetails" : "Couldn't find the desired file. [src/test/resources/testDataFiles/Google/SimpleSearch.xlsx].",
        "time" : {
          "start" : 1640914612471,
          "stop" : 1640914612471,
          "duration" : 0
        }
      }, {
        "uid" : "ddc7c2b52cc05b9d",
        "reportUrl" : "https://Dorgham4.github.io/io.github.alidorgham/allure/144//#testresult/ddc7c2b52cc05b9d",
        "status" : "failed",
        "statusDetails" : "Couldn't find the desired file. [src/test/resources/testDataFiles/Google/SimpleSearch.xlsx].",
        "time" : {
          "start" : 1640889501307,
          "stop" : 1640889501308,
          "duration" : 1
        }
      }, {
        "uid" : "4b8544528e0558c9",
        "reportUrl" : "https://Dorgham4.github.io/io.github.alidorgham/allure/143//#testresult/4b8544528e0558c9",
        "status" : "failed",
        "statusDetails" : "Couldn't find the desired file. [src/test/resources/testDataFiles/Google/SimpleSearch.xlsx].",
        "time" : {
          "start" : 1640868687081,
          "stop" : 1640868687081,
          "duration" : 0
        }
      }, {
        "uid" : "e2f85efa32ac7dc3",
        "reportUrl" : "https://Dorgham4.github.io/io.github.alidorgham/allure/142//#testresult/e2f85efa32ac7dc3",
        "status" : "failed",
        "statusDetails" : "Couldn't find the desired file. [src/test/resources/testDataFiles/Google/SimpleSearch.xlsx].",
        "time" : {
          "start" : 1640846395825,
          "stop" : 1640846395825,
          "duration" : 0
        }
      }, {
        "uid" : "482c0ae6bcf453a4",
        "reportUrl" : "https://Dorgham4.github.io/io.github.alidorgham/allure/141//#testresult/482c0ae6bcf453a4",
        "status" : "failed",
        "statusDetails" : "Couldn't find the desired file. [src/test/resources/testDataFiles/Google/SimpleSearch.xlsx].",
        "time" : {
          "start" : 1640828050910,
          "stop" : 1640828050910,
          "duration" : 0
        }
      }, {
        "uid" : "c0516a068318ca3c",
        "reportUrl" : "https://Dorgham4.github.io/io.github.alidorgham/allure/140//#testresult/c0516a068318ca3c",
        "status" : "failed",
        "statusDetails" : "Couldn't find the desired file. [src/test/resources/testDataFiles/Google/SimpleSearch.xlsx].",
        "time" : {
          "start" : 1640803113753,
          "stop" : 1640803113753,
          "duration" : 0
        }
      }, {
        "uid" : "b85257024cdddf77",
        "reportUrl" : "https://Dorgham4.github.io/io.github.alidorgham/allure/139//#testresult/b85257024cdddf77",
        "status" : "failed",
        "statusDetails" : "Couldn't find the desired file. [src/test/resources/testDataFiles/Google/SimpleSearch.xlsx].",
        "time" : {
          "start" : 1640782322614,
          "stop" : 1640782322614,
          "duration" : 0
        }
      }, {
        "uid" : "8ad3c910b557ea2f",
        "reportUrl" : "https://Dorgham4.github.io/io.github.alidorgham/allure/138//#testresult/8ad3c910b557ea2f",
        "status" : "failed",
        "statusDetails" : "Couldn't find the desired file. [src/test/resources/testDataFiles/Google/SimpleSearch.xlsx].",
        "time" : {
          "start" : 1640760022475,
          "stop" : 1640760022475,
          "duration" : 0
        }
      }, {
        "uid" : "94d8d40d3301a17",
        "reportUrl" : "https://Dorgham4.github.io/io.github.alidorgham/allure/137//#testresult/94d8d40d3301a17",
        "status" : "failed",
        "statusDetails" : "Couldn't find the desired file. [src/test/resources/testDataFiles/Google/SimpleSearch.xlsx].",
        "time" : {
          "start" : 1640741697267,
          "stop" : 1640741697268,
          "duration" : 1
        }
      }, {
        "uid" : "be51df023c836a23",
        "reportUrl" : "https://Dorgham4.github.io/io.github.alidorgham/allure/136//#testresult/be51df023c836a23",
        "status" : "failed",
        "statusDetails" : "Couldn't find the desired file. [src/test/resources/testDataFiles/Google/SimpleSearch.xlsx].",
        "time" : {
          "start" : 1640716689870,
          "stop" : 1640716689870,
          "duration" : 0
        }
      }, {
        "uid" : "ce66b489d4969b80",
        "reportUrl" : "https://Dorgham4.github.io/io.github.alidorgham/allure/135//#testresult/ce66b489d4969b80",
        "status" : "failed",
        "statusDetails" : "Couldn't find the desired file. [src/test/resources/testDataFiles/Google/SimpleSearch.xlsx].",
        "time" : {
          "start" : 1640695967435,
          "stop" : 1640695967435,
          "duration" : 0
        }
      }, {
        "uid" : "766515e94b0ffa77",
        "reportUrl" : "https://Dorgham4.github.io/io.github.alidorgham/allure/134//#testresult/766515e94b0ffa77",
        "status" : "failed",
        "statusDetails" : "Couldn't find the desired file. [src/test/resources/testDataFiles/Google/SimpleSearch.xlsx].",
        "time" : {
          "start" : 1640673691269,
          "stop" : 1640673691269,
          "duration" : 0
        }
      }, {
        "uid" : "a67a4b84cf670046",
        "reportUrl" : "https://Dorgham4.github.io/io.github.alidorgham/allure/133//#testresult/a67a4b84cf670046",
        "status" : "failed",
        "statusDetails" : "Couldn't find the desired file. [src/test/resources/testDataFiles/Google/SimpleSearch.xlsx].",
        "time" : {
          "start" : 1640655362628,
          "stop" : 1640655362628,
          "duration" : 0
        }
      }, {
        "uid" : "a4817e9f9a08fd26",
        "reportUrl" : "https://Dorgham4.github.io/io.github.alidorgham/allure/132//#testresult/a4817e9f9a08fd26",
        "status" : "failed",
        "statusDetails" : "Couldn't find the desired file. [src/test/resources/testDataFiles/Google/SimpleSearch.xlsx].",
        "time" : {
          "start" : 1640630383633,
          "stop" : 1640630383633,
          "duration" : 0
        }
      } ]
    },
    "tags" : [ ]
  },
  "source" : "b4f71d936e8166f0.json",
  "parameterValues" : [ ]
}