################################################################################################################################################
Detected SHAFT Engine Version: [SHAFT Engine v5.4.20211117-BETA]
################################################################################################################################################
[ReportManager] File Action [GetAbsolutePath] successfully performed. With the following test data [Relative Folder Path: "target/downloadedFiles/"]. @26-12-2021 12:49:40.0437 PM
[ReportManager] Attempting to run remotely on: [Linux-64], [GoogleChrome], [http://localhost:4444/wd/hub], Headless Execution. @26-12-2021 12:49:40.0456 PM
[ReportManager] Successfully Opened [GoogleChrome]. @26-12-2021 12:49:42.0534 PM
[ReportManager] Target URL: [https://www.google.com/ncr], and after redirection: [https://www.google.com] @26-12-2021 12:49:42.0543 PM
[ReportManager] Initial URL: [data:,] @26-12-2021 12:49:42.0668 PM
[ReportManager] Browser Action [NavigateToURL] successfully performed. With the following test data [https://www.google.com/ncr]. @26-12-2021 12:49:44.0117 P

################################################################################################################################################
Starting Execution:	[1 out of 23] test cases in the current suite
Test Method:		[tests.gui.google.B_Search_FlatTest_SHAFT.navigateToGoogleHomeAndAssertGoogleLogoIsDisplayed]
################################################################################################################################################
[ReportManager] File Action [DoesFileExist] successfully performed. With the following test data [File Path: "src/main/resources/dynamicObjectRepository/tests_gui_google_B_Search_FlatTest_SHAFT_navigateToGoogleHomeAndAssertGoogleLogoIsDisplayed_By_xpath_img_id_hplogo_or_alt_Google.png"]. @26-12-2021 12:49:44.0244 PM
[ReportManager] File Action [GetAbsolutePath] successfully performed. With the following test data [Relative Folder Path: "src/main/resources/dynamicObjectRepository/tests_gui_google_B_Search_FlatTest_SHAFT_navigateToGoogleHomeAndAssertGoogleLogoIsDisplayed_By_xpath_img_id_hplogo_or_alt_Google.png"]. @26-12-2021 12:49:44.0245 PM
[ReportManager] File Action [ReadFromImageFile] successfully performed. With the following test data [File Path: "/home/runner/work/io.github.alidorgham/io.github.alidorgham/src/main/resources/dynamicObjectRepository/tests_gui_google_B_Search_FlatTest_SHAFT_navigateToGoogleHomeAndAssertGoogleLogoIsDisplayed_By_xpath_img_id_hplogo_or_alt_Google.png"]. @26-12-2021 12:49:44.0245 PM
[ReportManager] File Action [DoesFileExist] successfully performed. With the following test data [File Path: "src/main/resources/dynamicObjectRepository/tests_gui_google_B_Search_FlatTest_SHAFT_navigateToGoogleHomeAndAssertGoogleLogoIsDisplayed_By_xpath_img_id_hplogo_or_alt_Google.png"]. @26-12-2021 12:49:44.0560 PM
[ReportManager] File Action [DoesFileExist] successfully performed. With the following test data [File Path: "src/main/resources/dynamicObjectRepository/tests_gui_google_B_Search_FlatTest_SHAFT_navigateToGoogleHomeAndAssertGoogleLogoIsDisplayed_By_xpath_img_id_hplogo_or_alt_Google.png"]. @26-12-2021 12:49:44.0560 PM
[ReportManager] Loaded Shared OpenCV @26-12-2021 12:49:45.0005 PM
[ReportManager] Successfully identified the element using AI; OpenCV. @26-12-2021 12:49:45.0043 PM
[ReportManager] Assertion Passed: Asserting that the Google logo is displayed @26-12-2021 12:49:45.0056 PM
[ReportManager] Successfully created attachment [Validation Test Data - Reference Screenshot] @26-12-2021 12:49:45.0075 PM
[ReportManager] Successfully created attachment [Validation Test Data - Actual Screenshot] @26-12-2021 12:49:45.0075 PM
[ReportManager] Assertion [ValidateElementMatches] PASSED. Expected [Element should match the reference screenshot] and Actual [TRUE]. Comparison Type [EXACT_OPENCV]. Validation Type [POSITIVE]. @26-12-2021 12:49:45.0076 P
[ReportManager] Browser Action [CloseCurrentWindow] successfully performed. @26-12-2021 12:49:45.0343 PM
[ReportManager] Successfully created attachment [Browser Action Test Data - CloseCurrentWindow - Actual Value] @26-12-2021 12:49:45.0349 P
[ReportManager] File Action [GetAbsolutePath] successfully performed. With the following test data [Relative Folder Path: "target/downloadedFiles/"]. @26-12-2021 12:49:45.0366 PM
[ReportManager] Attempting to run remotely on: [Linux-64], [GoogleChrome], [http://localhost:4444/wd/hub], Headless Execution. @26-12-2021 12:49:45.0367 PM
[ReportManager] Successfully Opened [GoogleChrome]. @26-12-2021 12:49:45.0780 PM
[ReportManager] Target URL: [https://www.google.com/ncr], and after redirection: [https://www.google.com] @26-12-2021 12:49:45.0781 PM
[ReportManager] Initial URL: [data:,] @26-12-2021 12:49:45.0875 PM
[ReportManager] Browser Action [NavigateToURL] successfully performed. With the following test data [https://www.google.com/ncr]. @26-12-2021 12:49:46.0963 P

################################################################################################################################################
Starting Execution:	[2 out of 23] test cases in the current suite
Test Method:		[tests.gui.google.B_Search_FlatTest_SHAFT.navigateToGoogleHomeAndAssertPageTitle]
################################################################################################################################################
[ReportManager] Browser Action [GetCurrentWindowTitle] successfully performed. With the following test data [Google]. @26-12-2021 12:49:47.0038 PM
[ReportManager] Assertion Passed: Asserting that the page title is Google @26-12-2021 12:49:47.0648 PM
[ReportManager] Successfully created attachment [Screenshot - 1640522987259_navigateToGoogleHomeAndAssertPageTitle_ValidateBrowserAttribute_passed] @26-12-2021 12:49:47.0669 PM
[ReportManager] Assertion [ValidateBrowserAttribute] PASSED. Expected [Value Should be 'Google' for the 'Title' attribute] and Actual [Google]. Comparison Type [EQUALS]. Validation Type [POSITIVE]. @26-12-2021 12:49:47.0669 P
[ReportManager] Browser Action [CloseCurrentWindow] successfully performed. @26-12-2021 12:49:47.0830 PM
[ReportManager] Successfully created attachment [Browser Action Test Data - CloseCurrentWindow - Actual Value] @26-12-2021 12:49:47.0832 P
[ReportManager] File Action [GetAbsolutePath] successfully performed. With the following test data [Relative Folder Path: "target/downloadedFiles/"]. @26-12-2021 12:49:47.0855 PM
[ReportManager] Attempting to run remotely on: [Linux-64], [GoogleChrome], [http://localhost:4444/wd/hub], Headless Execution. @26-12-2021 12:49:47.0855 PM
[ReportManager] Successfully Opened [GoogleChrome]. @26-12-2021 12:49:48.0235 PM
[ReportManager] Target URL: [https://www.google.com/ncr], and after redirection: [https://www.google.com] @26-12-2021 12:49:48.0235 PM
[ReportManager] Initial URL: [data:,] @26-12-2021 12:49:48.0314 PM
[ReportManager] Browser Action [NavigateToURL] successfully performed. With the following test data [https://www.google.com/ncr]. @26-12-2021 12:49:49.0409 P

################################################################################################################################################
Starting Execution:	[3 out of 23] test cases in the current suite
Test Method:		[tests.gui.google.B_Search_FlatTest_SHAFT.searchForQueryAndAssertFirstResultTextIsCorrect]
################################################################################################################################################
[ReportManager] Element Action [Type] successfully performed. With the following test data [SHAFT_Engine]. @26-12-2021 12:49:49.0902 PM
[ReportManager] Element Action [KeyPress] successfully performed. With the following test data [ENTER]. @26-12-2021 12:49:51.0579 PM
[ReportManager] Element Action [GetText] successfully performed. With the following test data [SHAFT: Unified Test Automation Engine - GitHub]. @26-12-2021 12:49:51.0705 PM
[ReportManager] Loaded Shared OpenCV @26-12-2021 12:49:52.0086 PM
[ReportManager] Assertion Failed: Asserting that the correct first result is displayed @26-12-2021 12:49:52.0328 PM
[ReportManager] Successfully created attachment [Screenshot - 1640522992086_searchForQueryAndAssertFirstResultTextIsCorrect_ValidateElementAttribute_failed] @26-12-2021 12:49:52.0337 PM
[ReportManager] Assertion [ValidateElementAttribute] FAILED. Expected [Value Should be 'MohabMohie' for the 'Text' attribute, element locator 'By.xpath: (//h1[contains(text(),'Search Result')]/following-sibling::div//a/h3)[1]'] and Actual [SHAFT: Unified Test Automation Engine - GitHub]. Comparison Type [CONTAINS]. Validation Type [POSITIVE]. @26-12-2021 12:49:52.0337 P
[ReportManager] Browser Action [CloseCurrentWindow] successfully performed. @26-12-2021 12:49:52.0714 PM
[ReportManager] Successfully created attachment [Browser Action Test Data - CloseCurrentWindow - Actual Value] @26-12-2021 12:49:52.0722 P
[ReportManager] An Exception Occured with this Message: src/test/resources/testDataFiles/Google/SimpleSearch.xlsx (No such file or directory). @26-12-2021 12:49:52.0742 PM
[ReportManager] Successfully created attachment [Exception Stack Trace - java.io.FileNotFoundException] @26-12-2021 12:49:52.0743 PM
[ReportManager] Couldn't find the desired file. [src/test/resources/testDataFiles/Google/SimpleSearch.xlsx]. @26-12-2021 12:49:52.0743 P


################################################################################################################################################
Starting Execution:	[4 out of 23] test cases in the current suite
Test Method:		[tests.gui.google.G_Search_PageObjectModel_ThreadSafe.navigateToGoogleHomeAndAssertGoogleLogoIsDisplayed]
###############################################################################################################################################



################################################################################################################################################
Starting Execution:	[5 out of 23] test cases in the current suite
Test Method:		[tests.gui.google.G_Search_PageObjectModel_ThreadSafe.navigateToGoogleHomeAndAssertPageTitle]
###############################################################################################################################################



################################################################################################################################################
Starting Execution:	[6 out of 23] test cases in the current suite
Test Method:		[tests.gui.google.G_Search_PageObjectModel_ThreadSafe.searchForQueryAndAssertFirstResultTextIsCorrect]
###############################################################################################################################################

[ReportManager] File Action [GetAbsolutePath] successfully performed. With the following test data [Relative Folder Path: "target/downloadedFiles/"]. @26-12-2021 12:49:52.0785 PM
[ReportManager] Attempting to run remotely on: [Linux-64], [GoogleChrome], [http://localhost:4444/wd/hub], Headless Execution. @26-12-2021 12:49:52.0786 PM
[ReportManager] Successfully Opened [GoogleChrome]. @26-12-2021 12:49:53.0167 PM
[ReportManager] Target URL: [https://www.google.com/ncr], and after redirection: [https://www.google.com] @26-12-2021 12:49:53.0171 PM
[ReportManager] Initial URL: [data:,] @26-12-2021 12:49:53.0258 PM
[ReportManager] Browser Action [NavigateToURL] successfully performed. With the following test data [https://www.google.com/ncr]. @26-12-2021 12:49:54.0314 P

################################################################################################################################################
Starting Execution:	[7 out of 23] test cases in the current suite
Test Method:		[tests.gui.google.C_Search_PageObjectModel_Traditional.navigateToGoogleHomeAndAssertGoogleLogoIsDisplayed]
################################################################################################################################################
[ReportManager] Element Action [IsElementDisplayed] successfully performed. @26-12-2021 12:49:54.0449 PM
[ReportManager] Assertion Passed: Asserting that the Google logo is displayed @26-12-2021 12:49:54.0450 PM
[ReportManager] Assertion [ValidateTrue] PASSED. Expected [TRUE] and Actual [TRUE]. Validation Type [POSITIVE]. @26-12-2021 12:49:54.0450 P
[ReportManager] Browser Action [CloseCurrentWindow] successfully performed. @26-12-2021 12:49:54.0596 PM
[ReportManager] Successfully created attachment [Browser Action Test Data - CloseCurrentWindow - Actual Value] @26-12-2021 12:49:54.0598 P
[ReportManager] File Action [GetAbsolutePath] successfully performed. With the following test data [Relative Folder Path: "target/downloadedFiles/"]. @26-12-2021 12:49:54.0618 PM
[ReportManager] Attempting to run remotely on: [Linux-64], [GoogleChrome], [http://localhost:4444/wd/hub], Headless Execution. @26-12-2021 12:49:54.0620 PM
[ReportManager] Successfully Opened [GoogleChrome]. @26-12-2021 12:49:54.0854 PM
[ReportManager] Target URL: [https://www.google.com/ncr], and after redirection: [https://www.google.com] @26-12-2021 12:49:54.0854 PM
[ReportManager] Initial URL: [data:,] @26-12-2021 12:49:54.0925 PM
[ReportManager] Browser Action [NavigateToURL] successfully performed. With the following test data [https://www.google.com/ncr]. @26-12-2021 12:49:56.0025 P

################################################################################################################################################
Starting Execution:	[8 out of 23] test cases in the current suite
Test Method:		[tests.gui.google.C_Search_PageObjectModel_Traditional.navigateToGoogleHomeAndAssertPageTitle]
################################################################################################################################################
[ReportManager] Browser Action [GetCurrentWindowTitle] successfully performed. With the following test data [Google]. @26-12-2021 12:49:56.0076 PM
[ReportManager] Assertion Passed: Asserting that the page title is Google @26-12-2021 12:49:56.0076 PM
[ReportManager] Assertion [ValidateEquals] PASSED. Expected [Google] and Actual [Google]. Comparison Type [EQUALS]. Validation Type [POSITIVE]. @26-12-2021 12:49:56.0076 P
[ReportManager] Browser Action [CloseCurrentWindow] successfully performed. @26-12-2021 12:49:56.0264 PM
[ReportManager] Successfully created attachment [Browser Action Test Data - CloseCurrentWindow - Actual Value] @26-12-2021 12:49:56.0265 P
[ReportManager] File Action [GetAbsolutePath] successfully performed. With the following test data [Relative Folder Path: "target/downloadedFiles/"]. @26-12-2021 12:49:56.0274 PM
[ReportManager] Attempting to run remotely on: [Linux-64], [GoogleChrome], [http://localhost:4444/wd/hub], Headless Execution. @26-12-2021 12:49:56.0274 PM
[ReportManager] Successfully Opened [GoogleChrome]. @26-12-2021 12:49:56.0490 PM
[ReportManager] Target URL: [https://www.google.com/ncr], and after redirection: [https://www.google.com] @26-12-2021 12:49:56.0491 PM
[ReportManager] Initial URL: [data:,] @26-12-2021 12:49:56.0577 PM
[ReportManager] Browser Action [NavigateToURL] successfully performed. With the following test data [https://www.google.com/ncr]. @26-12-2021 12:49:58.0292 P

################################################################################################################################################
Starting Execution:	[9 out of 23] test cases in the current suite
Test Method:		[tests.gui.google.C_Search_PageObjectModel_Traditional.searchForQueryAndAssertFirstResultTextIsCorrect]
################################################################################################################################################
[ReportManager] Element Action [Type] successfully performed. With the following test data [SHAFT_Engine]. @26-12-2021 12:49:58.0754 PM
[ReportManager] Element Action [KeyPress] successfully performed. With the following test data [ENTER]. @26-12-2021 12:50:00.0220 PM
[ReportManager] Element Action [GetText] successfully performed. With the following test data [SHAFT: Unified Test Automation Engine - GitHub]. @26-12-2021 12:50:00.0364 PM
[ReportManager] Assertion Failed: Asserting that the correct first result is displayed @26-12-2021 12:50:00.0364 PM
[ReportManager] Assertion [ValidateEquals] FAILED. Expected [MohabMohie] and Actual [SHAFT: Unified Test Automation Engine - GitHub]. Comparison Type [CONTAINS]. Validation Type [POSITIVE]. @26-12-2021 12:50:00.0364 P
[ReportManager] Browser Action [CloseCurrentWindow] successfully performed. @26-12-2021 12:50:00.0597 PM
[ReportManager] Successfully created attachment [Browser Action Test Data - CloseCurrentWindow - Actual Value] @26-12-2021 12:50:00.0604 P
[ReportManager] An Exception Occured with this Message: src/test/resources/testDataFiles/Google/SimpleSearch.xlsx (No such file or directory). @26-12-2021 12:50:00.0611 PM
[ReportManager] Successfully created attachment [Exception Stack Trace - java.io.FileNotFoundException] @26-12-2021 12:50:00.0612 PM
[ReportManager] Couldn't find the desired file. [src/test/resources/testDataFiles/Google/SimpleSearch.xlsx]. @26-12-2021 12:50:00.0612 P


################################################################################################################################################
Starting Execution:	[10 out of 23] test cases in the current suite
Test Method:		[tests.gui.google.F_Search_PageObjectModel_Fluent.navigateToGoogleHomeAndAssertGoogleLogoIsDisplayed]
###############################################################################################################################################



################################################################################################################################################
Starting Execution:	[11 out of 23] test cases in the current suite
Test Method:		[tests.gui.google.F_Search_PageObjectModel_Fluent.navigateToGoogleHomeAndAssertPageTitle]
###############################################################################################################################################



################################################################################################################################################
Starting Execution:	[12 out of 23] test cases in the current suite
Test Method:		[tests.gui.google.F_Search_PageObjectModel_Fluent.searchForQueryAndAssertFirstResultTextIsCorrect]
###############################################################################################################################################

[ReportManager] An Exception Occured with this Message: src/test/resources/testDataFiles/Google/SimpleSearch.xlsx (No such file or directory). @26-12-2021 12:50:00.0644 PM
[ReportManager] Successfully created attachment [Exception Stack Trace - java.io.FileNotFoundException] @26-12-2021 12:50:00.0645 PM
[ReportManager] Couldn't find the desired file. [src/test/resources/testDataFiles/Google/SimpleSearch.xlsx]. @26-12-2021 12:50:00.0645 P


################################################################################################################################################
Starting Execution:	[13 out of 23] test cases in the current suite
Test Method:		[tests.gui.google.E_Search_PageObjectModel_Traditional_SHAFTAssertions.navigateToGoogleHomeAndAssertGoogleLogoIsDisplayed]
###############################################################################################################################################



################################################################################################################################################
Starting Execution:	[14 out of 23] test cases in the current suite
Test Method:		[tests.gui.google.E_Search_PageObjectModel_Traditional_SHAFTAssertions.navigateToGoogleHomeAndAssertPageTitle]
###############################################################################################################################################



################################################################################################################################################
Starting Execution:	[15 out of 23] test cases in the current suite
Test Method:		[tests.gui.google.E_Search_PageObjectModel_Traditional_SHAFTAssertions.searchForQueryAndAssertFirstResultTextIsCorrect]
###############################################################################################################################################

[ReportManager] An Exception Occured with this Message: src/test/resources/testDataFiles/Google/SimpleSearch.xlsx (No such file or directory). @26-12-2021 12:50:00.0674 PM
[ReportManager] Successfully created attachment [Exception Stack Trace - java.io.FileNotFoundException] @26-12-2021 12:50:00.0674 PM
[ReportManager] Couldn't find the desired file. [src/test/resources/testDataFiles/Google/SimpleSearch.xlsx]. @26-12-2021 12:50:00.0674 P


################################################################################################################################################
Starting Execution:	[16 out of 23] test cases in the current suite
Test Method:		[tests.gui.google.D_Search_PageObjectModel_Traditional_DataDriven.navigateToGoogleHomeAndAssertGoogleLogoIsDisplayed]
###############################################################################################################################################



################################################################################################################################################
Starting Execution:	[17 out of 23] test cases in the current suite
Test Method:		[tests.gui.google.D_Search_PageObjectModel_Traditional_DataDriven.navigateToGoogleHomeAndAssertPageTitle]
###############################################################################################################################################



################################################################################################################################################
Starting Execution:	[18 out of 23] test cases in the current suite
Test Method:		[tests.gui.google.D_Search_PageObjectModel_Traditional_DataDriven.searchForQueryAndAssertFirstResultTextIsCorrect]
###############################################################################################################################################




################################################################################################################################################
Starting Execution:	[19 out of 23] test cases in the current suite
Test Method:		[tests.gui.google.A_Search_FlatTest_NativeSeleniumWebDriver.navigateToGoogleHomeAndAssertGoogleLogoIsDisplayed]
###############################################################################################################################################



################################################################################################################################################
Starting Execution:	[20 out of 23] test cases in the current suite
Test Method:		[tests.gui.google.A_Search_FlatTest_NativeSeleniumWebDriver.navigateToGoogleHomeAndAssertPageTitle]
###############################################################################################################################################



################################################################################################################################################
Starting Execution:	[21 out of 23] test cases in the current suite
Test Method:		[tests.gui.google.A_Search_FlatTest_NativeSeleniumWebDriver.searchForQueryAndAssertFirstResultTextIsCorrect]
###############################################################################################################################################


################################################################################################################################################
Starting Execution:	[22 out of 23] test cases in the current suite
Test Method:		[tests.api.users.UserData.validateUserEmail]
################################################################################################################################################
[ReportManager] Response status code: [200], status line: [HTTP/1.1 200 OK] @26-12-2021 12:50:21.0823 PM
[ReportManager] Assertion Passed: Evaluating the actual response status code against the expected one... @26-12-2021 12:50:21.0828 PM
[ReportManager] Assertion [ValidateComparativeRelation] PASSED. Expected [200] and Actual [200]. Comparison Type [EQUALS]. Validation Type [POSITIVE]. @26-12-2021 12:50:21.0828 PM
[ReportManager] API Action [PerformRequest] successfully performed. With the following test data [Request Type: "GET" | Target Status Code: "200" | Service URL: "https://jsonplaceholder.typicode.com/users" | Content Type: "*/*" | Response Time: "697ms"]. @26-12-2021 12:50:22.0886 PM
[ReportManager] Successfully created attachment [API Request - Specifications] @26-12-2021 12:50:22.0887 PM
[ReportManager] Successfully created attachment [API Response - JSON Body] @26-12-2021 12:50:23.0273 PM
[ReportManager] Assertion [ValidateEquals] PASSED. Expected and Actual values are attached. Comparison Type [CONTAINS]. Validation Type [POSITIVE]. @26-12-2021 12:50:23.0274 PM
[ReportManager] Successfully created attachment [Validation Test Data - Expected Value] @26-12-2021 12:50:23.0274 PM
[ReportManager] Successfully created attachment [Validation Test Data - Actual Value] @26-12-2021 12:50:23.0275 PM
[ReportManager] API Action [GetResponseJSONValueAsList] successfully performed. With the following test data [$]. @26-12-2021 12:50:23.0283 PM
[ReportManager] API Action [GetResponseJSONValue] successfully performed. With the following test data [name]. @26-12-2021 12:50:23.0303 PM
[ReportManager] API Action [GetResponseJSONValue] successfully performed. With the following test data [email]. @26-12-2021 12:50:23.0315 PM
[ReportManager] Assertion [ValidateEquals] PASSED. Expected [Sincere@april.biz] and Actual [Sincere@april.biz]. Comparison Type [EQUALS]. Validation Type [POSITIVE]. @26-12-2021 12:50:23.0315 PM
[ReportManager] API Action [GetResponseJSONValue] successfully performed. With the following test data [name]. @26-12-2021 12:50:23.0326 PM
[ReportManager] API Action [GetResponseJSONValue] successfully performed. With the following test data [name]. @26-12-2021 12:50:23.0337 PM
[ReportManager] API Action [GetResponseJSONValue] successfully performed. With the following test data [name]. @26-12-2021 12:50:23.0347 PM
[ReportManager] API Action [GetResponseJSONValue] successfully performed. With the following test data [name]. @26-12-2021 12:50:23.0358 PM
[ReportManager] API Action [GetResponseJSONValue] successfully performed. With the following test data [name]. @26-12-2021 12:50:23.0369 PM
[ReportManager] API Action [GetResponseJSONValue] successfully performed. With the following test data [name]. @26-12-2021 12:50:23.0379 PM
[ReportManager] API Action [GetResponseJSONValue] successfully performed. With the following test data [name]. @26-12-2021 12:50:23.0389 PM
[ReportManager] API Action [GetResponseJSONValue] successfully performed. With the following test data [name]. @26-12-2021 12:50:23.0400 PM
[ReportManager] API Action [GetResponseJSONValue] successfully performed. With the following test data [name]. @26-12-2021 12:50:23.0411 P

################################################################################################################################################
Starting Execution:	[23 out of 23] test cases in the current suite
Test Method:		[tests.cli.demo.cliTest.sampleTestCase]
################################################################################################################################################
[ReportManager] Attempting to perform the following command locally. Command: [ls] @26-12-2021 12:50:23.0427 PM
[ReportManager] Terminal Action [PerformTerminalCommands] successfully performed. With the following test data [Host Name: "localHost" | Command: "ls" | Exit Status: "0"]. @26-12-2021 12:50:23.0431 PM
[ReportManager] Successfully created attachment [Terminal Action Actual Result - Command Log] @26-12-2021 12:50:23.0432 PM
[ReportManager] Assertion Passed: Demoing local terminal actions @26-12-2021 12:50:23.0432 PM
[ReportManager] Assertion [ValidateEquals] PASSED. Expected [pom.xml] and Actual [LICENSE
README.md
allure-results
docker-compose_native.yml
docker-compose_zalenium.yml
extent-reports
pom.xml
readMeImgs
src
target]. Comparison Type [CONTAINS]. Validation Type [POSITIVE]. @26-12-2021 12:50:23.0432 P
[ReportManager] Successfully created attachment [SHAFT Engine Logs - Execution log] @26-12-2021 12:50:23.0448 PM

################################################################################################################################################
This test run was powered by SHAFT Engine Version: [SHAFT Engine v5.4.20211117-BETA]
SHAFT Engine is licensed under the MIT License: [https://github.com/MohabMohie/SHAFT_ENGINE/blob/master/LICENSE].
################################################################################################################################################