################################################################################################################################################
Detected SHAFT Engine Version: [SHAFT Engine v5.4.20211117-BETA]
################################################################################################################################################
[ReportManager] File Action [GetAbsolutePath] successfully performed. With the following test data [Relative Folder Path: "target/downloadedFiles/"]. @04-01-2022 18:38:39.0289 PM
[ReportManager] Attempting to run remotely on: [Linux-64], [GoogleChrome], [http://localhost:4444/wd/hub], Headless Execution. @04-01-2022 18:38:39.0304 PM
[ReportManager] Successfully Opened [GoogleChrome]. @04-01-2022 18:38:41.0227 PM
[ReportManager] Target URL: [https://www.google.com/ncr], and after redirection: [https://www.google.com] @04-01-2022 18:38:41.0236 PM
[ReportManager] Initial URL: [data:,] @04-01-2022 18:38:41.0345 PM
[ReportManager] Browser Action [NavigateToURL] successfully performed. With the following test data [https://www.google.com/ncr]. @04-01-2022 18:38:42.0531 P

################################################################################################################################################
Starting Execution:	[1 out of 23] test cases in the current suite
Test Method:		[tests.gui.google.B_Search_FlatTest_SHAFT.navigateToGoogleHomeAndAssertGoogleLogoIsDisplayed]
################################################################################################################################################
[ReportManager] File Action [DoesFileExist] successfully performed. With the following test data [File Path: "src/main/resources/dynamicObjectRepository/tests_gui_google_B_Search_FlatTest_SHAFT_navigateToGoogleHomeAndAssertGoogleLogoIsDisplayed_By_xpath_img_id_hplogo_or_alt_Google.png"]. @04-01-2022 18:38:42.0644 PM
[ReportManager] File Action [GetAbsolutePath] successfully performed. With the following test data [Relative Folder Path: "src/main/resources/dynamicObjectRepository/tests_gui_google_B_Search_FlatTest_SHAFT_navigateToGoogleHomeAndAssertGoogleLogoIsDisplayed_By_xpath_img_id_hplogo_or_alt_Google.png"]. @04-01-2022 18:38:42.0645 PM
[ReportManager] File Action [ReadFromImageFile] successfully performed. With the following test data [File Path: "/home/runner/work/io.github.alidorgham/io.github.alidorgham/src/main/resources/dynamicObjectRepository/tests_gui_google_B_Search_FlatTest_SHAFT_navigateToGoogleHomeAndAssertGoogleLogoIsDisplayed_By_xpath_img_id_hplogo_or_alt_Google.png"]. @04-01-2022 18:38:42.0645 PM
[ReportManager] File Action [DoesFileExist] successfully performed. With the following test data [File Path: "src/main/resources/dynamicObjectRepository/tests_gui_google_B_Search_FlatTest_SHAFT_navigateToGoogleHomeAndAssertGoogleLogoIsDisplayed_By_xpath_img_id_hplogo_or_alt_Google.png"]. @04-01-2022 18:38:42.0878 PM
[ReportManager] File Action [DoesFileExist] successfully performed. With the following test data [File Path: "src/main/resources/dynamicObjectRepository/tests_gui_google_B_Search_FlatTest_SHAFT_navigateToGoogleHomeAndAssertGoogleLogoIsDisplayed_By_xpath_img_id_hplogo_or_alt_Google.png"]. @04-01-2022 18:38:42.0879 PM
[ReportManager] Loaded Shared OpenCV @04-01-2022 18:38:43.0275 PM
[ReportManager] Successfully identified the element using AI; OpenCV. @04-01-2022 18:38:43.0292 PM
[ReportManager] Assertion Passed: Asserting that the Google logo is displayed @04-01-2022 18:38:43.0294 PM
[ReportManager] Successfully created attachment [Validation Test Data - Reference Screenshot] @04-01-2022 18:38:43.0298 PM
[ReportManager] Successfully created attachment [Validation Test Data - Actual Screenshot] @04-01-2022 18:38:43.0298 PM
[ReportManager] Assertion [ValidateElementMatches] PASSED. Expected [Element should match the reference screenshot] and Actual [TRUE]. Comparison Type [EXACT_OPENCV]. Validation Type [POSITIVE]. @04-01-2022 18:38:43.0298 P
[ReportManager] Browser Action [CloseCurrentWindow] successfully performed. @04-01-2022 18:38:43.0483 PM
[ReportManager] Successfully created attachment [Browser Action Test Data - CloseCurrentWindow - Actual Value] @04-01-2022 18:38:43.0487 P
[ReportManager] File Action [GetAbsolutePath] successfully performed. With the following test data [Relative Folder Path: "target/downloadedFiles/"]. @04-01-2022 18:38:43.0498 PM
[ReportManager] Attempting to run remotely on: [Linux-64], [GoogleChrome], [http://localhost:4444/wd/hub], Headless Execution. @04-01-2022 18:38:43.0498 PM
[ReportManager] Successfully Opened [GoogleChrome]. @04-01-2022 18:38:43.0805 PM
[ReportManager] Target URL: [https://www.google.com/ncr], and after redirection: [https://www.google.com] @04-01-2022 18:38:43.0805 PM
[ReportManager] Initial URL: [data:,] @04-01-2022 18:38:43.0885 PM
[ReportManager] Browser Action [NavigateToURL] successfully performed. With the following test data [https://www.google.com/ncr]. @04-01-2022 18:38:44.0865 P

################################################################################################################################################
Starting Execution:	[2 out of 23] test cases in the current suite
Test Method:		[tests.gui.google.B_Search_FlatTest_SHAFT.navigateToGoogleHomeAndAssertPageTitle]
################################################################################################################################################
[ReportManager] Browser Action [GetCurrentWindowTitle] successfully performed. With the following test data [Google]. @04-01-2022 18:38:44.0913 PM
[ReportManager] Assertion Passed: Asserting that the page title is Google @04-01-2022 18:38:45.0462 PM
[ReportManager] Successfully created attachment [Screenshot - 1641321525153_navigateToGoogleHomeAndAssertPageTitle_ValidateBrowserAttribute_passed] @04-01-2022 18:38:45.0477 PM
[ReportManager] Assertion [ValidateBrowserAttribute] PASSED. Expected [Value Should be 'Google' for the 'Title' attribute] and Actual [Google]. Comparison Type [EQUALS]. Validation Type [POSITIVE]. @04-01-2022 18:38:45.0477 P
[ReportManager] Browser Action [CloseCurrentWindow] successfully performed. @04-01-2022 18:38:45.0633 PM
[ReportManager] Successfully created attachment [Browser Action Test Data - CloseCurrentWindow - Actual Value] @04-01-2022 18:38:45.0635 P
[ReportManager] File Action [GetAbsolutePath] successfully performed. With the following test data [Relative Folder Path: "target/downloadedFiles/"]. @04-01-2022 18:38:45.0643 PM
[ReportManager] Attempting to run remotely on: [Linux-64], [GoogleChrome], [http://localhost:4444/wd/hub], Headless Execution. @04-01-2022 18:38:45.0644 PM
[ReportManager] Successfully Opened [GoogleChrome]. @04-01-2022 18:38:46.0036 PM
[ReportManager] Target URL: [https://www.google.com/ncr], and after redirection: [https://www.google.com] @04-01-2022 18:38:46.0036 PM
[ReportManager] Initial URL: [data:,] @04-01-2022 18:38:46.0134 PM
[ReportManager] Browser Action [NavigateToURL] successfully performed. With the following test data [https://www.google.com/ncr]. @04-01-2022 18:38:47.0105 P

################################################################################################################################################
Starting Execution:	[3 out of 23] test cases in the current suite
Test Method:		[tests.gui.google.B_Search_FlatTest_SHAFT.searchForQueryAndAssertFirstResultTextIsCorrect]
################################################################################################################################################
[ReportManager] Element Action [Type] successfully performed. With the following test data [SHAFT_Engine]. @04-01-2022 18:38:47.0511 PM
[ReportManager] Element Action [KeyPress] successfully performed. With the following test data [ENTER]. @04-01-2022 18:38:49.0168 PM
[ReportManager] Element Action [GetText] successfully performed. With the following test data [SHAFT: Unified Test Automation Engine - GitHub]. @04-01-2022 18:38:49.0275 PM
[ReportManager] Loaded Shared OpenCV @04-01-2022 18:38:49.0603 PM
[ReportManager] Assertion Failed: Asserting that the correct first result is displayed @04-01-2022 18:38:49.0855 PM
[ReportManager] Successfully created attachment [Screenshot - 1641321529603_searchForQueryAndAssertFirstResultTextIsCorrect_ValidateElementAttribute_failed] @04-01-2022 18:38:49.0862 PM
[ReportManager] Assertion [ValidateElementAttribute] FAILED. Expected [Value Should be 'MohabMohie' for the 'Text' attribute, element locator 'By.xpath: (//h1[contains(text(),'Search Result')]/following-sibling::div//a/h3)[1]'] and Actual [SHAFT: Unified Test Automation Engine - GitHub]. Comparison Type [CONTAINS]. Validation Type [POSITIVE]. @04-01-2022 18:38:49.0862 P
[ReportManager] Browser Action [CloseCurrentWindow] successfully performed. @04-01-2022 18:38:50.0089 PM
[ReportManager] Successfully created attachment [Browser Action Test Data - CloseCurrentWindow - Actual Value] @04-01-2022 18:38:50.0101 P
[ReportManager] An Exception Occured with this Message: src/test/resources/testDataFiles/Google/SimpleSearch.xlsx (No such file or directory). @04-01-2022 18:38:50.0123 PM
[ReportManager] Successfully created attachment [Exception Stack Trace - java.io.FileNotFoundException] @04-01-2022 18:38:50.0124 PM
[ReportManager] Couldn't find the desired file. [src/test/resources/testDataFiles/Google/SimpleSearch.xlsx]. @04-01-2022 18:38:50.0124 P


################################################################################################################################################
Starting Execution:	[4 out of 23] test cases in the current suite
Test Method:		[tests.gui.google.G_Search_PageObjectModel_ThreadSafe.navigateToGoogleHomeAndAssertGoogleLogoIsDisplayed]
###############################################################################################################################################



################################################################################################################################################
Starting Execution:	[5 out of 23] test cases in the current suite
Test Method:		[tests.gui.google.G_Search_PageObjectModel_ThreadSafe.navigateToGoogleHomeAndAssertPageTitle]
###############################################################################################################################################



################################################################################################################################################
Starting Execution:	[6 out of 23] test cases in the current suite
Test Method:		[tests.gui.google.G_Search_PageObjectModel_ThreadSafe.searchForQueryAndAssertFirstResultTextIsCorrect]
###############################################################################################################################################

[ReportManager] File Action [GetAbsolutePath] successfully performed. With the following test data [Relative Folder Path: "target/downloadedFiles/"]. @04-01-2022 18:38:50.0165 PM
[ReportManager] Attempting to run remotely on: [Linux-64], [GoogleChrome], [http://localhost:4444/wd/hub], Headless Execution. @04-01-2022 18:38:50.0165 PM
[ReportManager] Successfully Opened [GoogleChrome]. @04-01-2022 18:38:50.0539 PM
[ReportManager] Target URL: [https://www.google.com/ncr], and after redirection: [https://www.google.com] @04-01-2022 18:38:50.0542 PM
[ReportManager] Initial URL: [data:,] @04-01-2022 18:38:50.0608 PM
[ReportManager] Browser Action [NavigateToURL] successfully performed. With the following test data [https://www.google.com/ncr]. @04-01-2022 18:38:51.0522 P

################################################################################################################################################
Starting Execution:	[7 out of 23] test cases in the current suite
Test Method:		[tests.gui.google.C_Search_PageObjectModel_Traditional.navigateToGoogleHomeAndAssertGoogleLogoIsDisplayed]
################################################################################################################################################
[ReportManager] Element Action [IsElementDisplayed] successfully performed. @04-01-2022 18:38:51.0630 PM
[ReportManager] Assertion Passed: Asserting that the Google logo is displayed @04-01-2022 18:38:51.0630 PM
[ReportManager] Assertion [ValidateTrue] PASSED. Expected [TRUE] and Actual [TRUE]. Validation Type [POSITIVE]. @04-01-2022 18:38:51.0631 P
[ReportManager] Browser Action [CloseCurrentWindow] successfully performed. @04-01-2022 18:38:51.0760 PM
[ReportManager] Successfully created attachment [Browser Action Test Data - CloseCurrentWindow - Actual Value] @04-01-2022 18:38:51.0761 P
[ReportManager] File Action [GetAbsolutePath] successfully performed. With the following test data [Relative Folder Path: "target/downloadedFiles/"]. @04-01-2022 18:38:51.0765 PM
[ReportManager] Attempting to run remotely on: [Linux-64], [GoogleChrome], [http://localhost:4444/wd/hub], Headless Execution. @04-01-2022 18:38:51.0765 PM
[ReportManager] Successfully Opened [GoogleChrome]. @04-01-2022 18:38:51.0958 PM
[ReportManager] Target URL: [https://www.google.com/ncr], and after redirection: [https://www.google.com] @04-01-2022 18:38:51.0958 PM
[ReportManager] Initial URL: [data:,] @04-01-2022 18:38:52.0034 PM
[ReportManager] Browser Action [NavigateToURL] successfully performed. With the following test data [https://www.google.com/ncr]. @04-01-2022 18:38:53.0029 P

################################################################################################################################################
Starting Execution:	[8 out of 23] test cases in the current suite
Test Method:		[tests.gui.google.C_Search_PageObjectModel_Traditional.navigateToGoogleHomeAndAssertPageTitle]
################################################################################################################################################
[ReportManager] Browser Action [GetCurrentWindowTitle] successfully performed. With the following test data [Google]. @04-01-2022 18:38:53.0083 PM
[ReportManager] Assertion Passed: Asserting that the page title is Google @04-01-2022 18:38:53.0084 PM
[ReportManager] Assertion [ValidateEquals] PASSED. Expected [Google] and Actual [Google]. Comparison Type [EQUALS]. Validation Type [POSITIVE]. @04-01-2022 18:38:53.0084 P
[ReportManager] Browser Action [CloseCurrentWindow] successfully performed. @04-01-2022 18:38:53.0223 PM
[ReportManager] Successfully created attachment [Browser Action Test Data - CloseCurrentWindow - Actual Value] @04-01-2022 18:38:53.0225 P
[ReportManager] File Action [GetAbsolutePath] successfully performed. With the following test data [Relative Folder Path: "target/downloadedFiles/"]. @04-01-2022 18:38:53.0234 PM
[ReportManager] Attempting to run remotely on: [Linux-64], [GoogleChrome], [http://localhost:4444/wd/hub], Headless Execution. @04-01-2022 18:38:53.0234 PM
[ReportManager] Successfully Opened [GoogleChrome]. @04-01-2022 18:38:53.0457 PM
[ReportManager] Target URL: [https://www.google.com/ncr], and after redirection: [https://www.google.com] @04-01-2022 18:38:53.0458 PM
[ReportManager] Initial URL: [data:,] @04-01-2022 18:38:53.0530 PM
[ReportManager] Browser Action [NavigateToURL] successfully performed. With the following test data [https://www.google.com/ncr]. @04-01-2022 18:38:56.0637 P

################################################################################################################################################
Starting Execution:	[9 out of 23] test cases in the current suite
Test Method:		[tests.gui.google.C_Search_PageObjectModel_Traditional.searchForQueryAndAssertFirstResultTextIsCorrect]
################################################################################################################################################
[ReportManager] Element Action [Type] successfully performed. With the following test data [SHAFT_Engine]. @04-01-2022 18:38:56.0989 PM
[ReportManager] Element Action [KeyPress] successfully performed. With the following test data [ENTER]. @04-01-2022 18:38:58.0448 PM
[ReportManager] Element Action [GetText] successfully performed. With the following test data [SHAFT: Unified Test Automation Engine - GitHub]. @04-01-2022 18:38:58.0549 PM
[ReportManager] Assertion Failed: Asserting that the correct first result is displayed @04-01-2022 18:38:58.0550 PM
[ReportManager] Assertion [ValidateEquals] FAILED. Expected [MohabMohie] and Actual [SHAFT: Unified Test Automation Engine - GitHub]. Comparison Type [CONTAINS]. Validation Type [POSITIVE]. @04-01-2022 18:38:58.0550 P
[ReportManager] Browser Action [CloseCurrentWindow] successfully performed. @04-01-2022 18:38:58.0743 PM
[ReportManager] Successfully created attachment [Browser Action Test Data - CloseCurrentWindow - Actual Value] @04-01-2022 18:38:58.0747 P
[ReportManager] An Exception Occured with this Message: src/test/resources/testDataFiles/Google/SimpleSearch.xlsx (No such file or directory). @04-01-2022 18:38:58.0752 PM
[ReportManager] Successfully created attachment [Exception Stack Trace - java.io.FileNotFoundException] @04-01-2022 18:38:58.0753 PM
[ReportManager] Couldn't find the desired file. [src/test/resources/testDataFiles/Google/SimpleSearch.xlsx]. @04-01-2022 18:38:58.0759 P


################################################################################################################################################
Starting Execution:	[10 out of 23] test cases in the current suite
Test Method:		[tests.gui.google.F_Search_PageObjectModel_Fluent.navigateToGoogleHomeAndAssertGoogleLogoIsDisplayed]
###############################################################################################################################################



################################################################################################################################################
Starting Execution:	[11 out of 23] test cases in the current suite
Test Method:		[tests.gui.google.F_Search_PageObjectModel_Fluent.navigateToGoogleHomeAndAssertPageTitle]
###############################################################################################################################################



################################################################################################################################################
Starting Execution:	[12 out of 23] test cases in the current suite
Test Method:		[tests.gui.google.F_Search_PageObjectModel_Fluent.searchForQueryAndAssertFirstResultTextIsCorrect]
###############################################################################################################################################

[ReportManager] An Exception Occured with this Message: src/test/resources/testDataFiles/Google/SimpleSearch.xlsx (No such file or directory). @04-01-2022 18:38:58.0781 PM
[ReportManager] Successfully created attachment [Exception Stack Trace - java.io.FileNotFoundException] @04-01-2022 18:38:58.0781 PM
[ReportManager] Couldn't find the desired file. [src/test/resources/testDataFiles/Google/SimpleSearch.xlsx]. @04-01-2022 18:38:58.0781 P


################################################################################################################################################
Starting Execution:	[13 out of 23] test cases in the current suite
Test Method:		[tests.gui.google.E_Search_PageObjectModel_Traditional_SHAFTAssertions.navigateToGoogleHomeAndAssertGoogleLogoIsDisplayed]
###############################################################################################################################################



################################################################################################################################################
Starting Execution:	[14 out of 23] test cases in the current suite
Test Method:		[tests.gui.google.E_Search_PageObjectModel_Traditional_SHAFTAssertions.navigateToGoogleHomeAndAssertPageTitle]
###############################################################################################################################################



################################################################################################################################################
Starting Execution:	[15 out of 23] test cases in the current suite
Test Method:		[tests.gui.google.E_Search_PageObjectModel_Traditional_SHAFTAssertions.searchForQueryAndAssertFirstResultTextIsCorrect]
###############################################################################################################################################

[ReportManager] An Exception Occured with this Message: src/test/resources/testDataFiles/Google/SimpleSearch.xlsx (No such file or directory). @04-01-2022 18:38:58.0811 PM
[ReportManager] Successfully created attachment [Exception Stack Trace - java.io.FileNotFoundException] @04-01-2022 18:38:58.0811 PM
[ReportManager] Couldn't find the desired file. [src/test/resources/testDataFiles/Google/SimpleSearch.xlsx]. @04-01-2022 18:38:58.0811 P


################################################################################################################################################
Starting Execution:	[16 out of 23] test cases in the current suite
Test Method:		[tests.gui.google.D_Search_PageObjectModel_Traditional_DataDriven.navigateToGoogleHomeAndAssertGoogleLogoIsDisplayed]
###############################################################################################################################################



################################################################################################################################################
Starting Execution:	[17 out of 23] test cases in the current suite
Test Method:		[tests.gui.google.D_Search_PageObjectModel_Traditional_DataDriven.navigateToGoogleHomeAndAssertPageTitle]
###############################################################################################################################################



################################################################################################################################################
Starting Execution:	[18 out of 23] test cases in the current suite
Test Method:		[tests.gui.google.D_Search_PageObjectModel_Traditional_DataDriven.searchForQueryAndAssertFirstResultTextIsCorrect]
###############################################################################################################################################




################################################################################################################################################
Starting Execution:	[19 out of 23] test cases in the current suite
Test Method:		[tests.gui.google.A_Search_FlatTest_NativeSeleniumWebDriver.navigateToGoogleHomeAndAssertGoogleLogoIsDisplayed]
###############################################################################################################################################



################################################################################################################################################
Starting Execution:	[20 out of 23] test cases in the current suite
Test Method:		[tests.gui.google.A_Search_FlatTest_NativeSeleniumWebDriver.navigateToGoogleHomeAndAssertPageTitle]
###############################################################################################################################################



################################################################################################################################################
Starting Execution:	[21 out of 23] test cases in the current suite
Test Method:		[tests.gui.google.A_Search_FlatTest_NativeSeleniumWebDriver.searchForQueryAndAssertFirstResultTextIsCorrect]
###############################################################################################################################################


################################################################################################################################################
Starting Execution:	[22 out of 23] test cases in the current suite
Test Method:		[tests.api.users.UserData.validateUserEmail]
################################################################################################################################################
[ReportManager] Response status code: [200], status line: [HTTP/1.1 200 OK] @04-01-2022 18:39:18.0184 PM
[ReportManager] Assertion Passed: Evaluating the actual response status code against the expected one... @04-01-2022 18:39:18.0188 PM
[ReportManager] Assertion [ValidateComparativeRelation] PASSED. Expected [200] and Actual [200]. Comparison Type [EQUALS]. Validation Type [POSITIVE]. @04-01-2022 18:39:18.0188 PM
[ReportManager] API Action [PerformRequest] successfully performed. With the following test data [Request Type: "GET" | Target Status Code: "200" | Service URL: "https://jsonplaceholder.typicode.com/users" | Content Type: "*/*" | Response Time: "583ms"]. @04-01-2022 18:39:19.0050 PM
[ReportManager] Successfully created attachment [API Request - Specifications] @04-01-2022 18:39:19.0051 PM
[ReportManager] Successfully created attachment [API Response - JSON Body] @04-01-2022 18:39:19.0210 PM
[ReportManager] Assertion [ValidateEquals] PASSED. Expected and Actual values are attached. Comparison Type [CONTAINS]. Validation Type [POSITIVE]. @04-01-2022 18:39:19.0211 PM
[ReportManager] Successfully created attachment [Validation Test Data - Expected Value] @04-01-2022 18:39:19.0211 PM
[ReportManager] Successfully created attachment [Validation Test Data - Actual Value] @04-01-2022 18:39:19.0212 PM
[ReportManager] API Action [GetResponseJSONValueAsList] successfully performed. With the following test data [$]. @04-01-2022 18:39:19.0225 PM
[ReportManager] API Action [GetResponseJSONValue] successfully performed. With the following test data [name]. @04-01-2022 18:39:19.0248 PM
[ReportManager] API Action [GetResponseJSONValue] successfully performed. With the following test data [email]. @04-01-2022 18:39:19.0266 PM
[ReportManager] Assertion [ValidateEquals] PASSED. Expected [Sincere@april.biz] and Actual [Sincere@april.biz]. Comparison Type [EQUALS]. Validation Type [POSITIVE]. @04-01-2022 18:39:19.0266 PM
[ReportManager] API Action [GetResponseJSONValue] successfully performed. With the following test data [name]. @04-01-2022 18:39:19.0283 PM
[ReportManager] API Action [GetResponseJSONValue] successfully performed. With the following test data [name]. @04-01-2022 18:39:19.0298 PM
[ReportManager] API Action [GetResponseJSONValue] successfully performed. With the following test data [name]. @04-01-2022 18:39:19.0305 PM
[ReportManager] API Action [GetResponseJSONValue] successfully performed. With the following test data [name]. @04-01-2022 18:39:19.0312 PM
[ReportManager] API Action [GetResponseJSONValue] successfully performed. With the following test data [name]. @04-01-2022 18:39:19.0319 PM
[ReportManager] API Action [GetResponseJSONValue] successfully performed. With the following test data [name]. @04-01-2022 18:39:19.0326 PM
[ReportManager] API Action [GetResponseJSONValue] successfully performed. With the following test data [name]. @04-01-2022 18:39:19.0333 PM
[ReportManager] API Action [GetResponseJSONValue] successfully performed. With the following test data [name]. @04-01-2022 18:39:19.0339 PM
[ReportManager] API Action [GetResponseJSONValue] successfully performed. With the following test data [name]. @04-01-2022 18:39:19.0346 P

################################################################################################################################################
Starting Execution:	[23 out of 23] test cases in the current suite
Test Method:		[tests.cli.demo.cliTest.sampleTestCase]
################################################################################################################################################
[ReportManager] Attempting to perform the following command locally. Command: [ls] @04-01-2022 18:39:19.0358 PM
[ReportManager] Terminal Action [PerformTerminalCommands] successfully performed. With the following test data [Host Name: "localHost" | Command: "ls" | Exit Status: "0"]. @04-01-2022 18:39:19.0362 PM
[ReportManager] Successfully created attachment [Terminal Action Actual Result - Command Log] @04-01-2022 18:39:19.0362 PM
[ReportManager] Assertion Passed: Demoing local terminal actions @04-01-2022 18:39:19.0363 PM
[ReportManager] Assertion [ValidateEquals] PASSED. Expected [pom.xml] and Actual [LICENSE
README.md
allure-results
docker-compose_native.yml
docker-compose_zalenium.yml
extent-reports
pom.xml
readMeImgs
src
target]. Comparison Type [CONTAINS]. Validation Type [POSITIVE]. @04-01-2022 18:39:19.0363 P
[ReportManager] Successfully created attachment [SHAFT Engine Logs - Execution log] @04-01-2022 18:39:19.0377 PM

################################################################################################################################################
This test run was powered by SHAFT Engine Version: [SHAFT Engine v5.4.20211117-BETA]
SHAFT Engine is licensed under the MIT License: [https://github.com/MohabMohie/SHAFT_ENGINE/blob/master/LICENSE].
################################################################################################################################################