################################################################################################################################################
Detected SHAFT Engine Version: [SHAFT Engine v5.4.20211117-BETA]
################################################################################################################################################
[ReportManager] File Action [GetAbsolutePath] successfully performed. With the following test data [Relative Folder Path: "target/downloadedFiles/"]. @28-12-2021 18:37:51.0230 PM
[ReportManager] Attempting to run remotely on: [Linux-64], [GoogleChrome], [http://localhost:4444/wd/hub], Headless Execution. @28-12-2021 18:37:51.0246 PM
[ReportManager] Successfully Opened [GoogleChrome]. @28-12-2021 18:37:53.0171 PM
[ReportManager] Target URL: [https://www.google.com/ncr], and after redirection: [https://www.google.com] @28-12-2021 18:37:53.0182 PM
[ReportManager] Initial URL: [data:,] @28-12-2021 18:37:53.0308 PM
[ReportManager] Browser Action [NavigateToURL] successfully performed. With the following test data [https://www.google.com/ncr]. @28-12-2021 18:37:54.0494 P

################################################################################################################################################
Starting Execution:	[1 out of 23] test cases in the current suite
Test Method:		[tests.gui.google.B_Search_FlatTest_SHAFT.navigateToGoogleHomeAndAssertGoogleLogoIsDisplayed]
################################################################################################################################################
[ReportManager] File Action [DoesFileExist] successfully performed. With the following test data [File Path: "src/main/resources/dynamicObjectRepository/tests_gui_google_B_Search_FlatTest_SHAFT_navigateToGoogleHomeAndAssertGoogleLogoIsDisplayed_By_xpath_img_id_hplogo_or_alt_Google.png"]. @28-12-2021 18:37:54.0610 PM
[ReportManager] File Action [GetAbsolutePath] successfully performed. With the following test data [Relative Folder Path: "src/main/resources/dynamicObjectRepository/tests_gui_google_B_Search_FlatTest_SHAFT_navigateToGoogleHomeAndAssertGoogleLogoIsDisplayed_By_xpath_img_id_hplogo_or_alt_Google.png"]. @28-12-2021 18:37:54.0610 PM
[ReportManager] File Action [ReadFromImageFile] successfully performed. With the following test data [File Path: "/home/runner/work/io.github.alidorgham/io.github.alidorgham/src/main/resources/dynamicObjectRepository/tests_gui_google_B_Search_FlatTest_SHAFT_navigateToGoogleHomeAndAssertGoogleLogoIsDisplayed_By_xpath_img_id_hplogo_or_alt_Google.png"]. @28-12-2021 18:37:54.0611 PM
[ReportManager] File Action [DoesFileExist] successfully performed. With the following test data [File Path: "src/main/resources/dynamicObjectRepository/tests_gui_google_B_Search_FlatTest_SHAFT_navigateToGoogleHomeAndAssertGoogleLogoIsDisplayed_By_xpath_img_id_hplogo_or_alt_Google.png"]. @28-12-2021 18:37:54.0914 PM
[ReportManager] File Action [DoesFileExist] successfully performed. With the following test data [File Path: "src/main/resources/dynamicObjectRepository/tests_gui_google_B_Search_FlatTest_SHAFT_navigateToGoogleHomeAndAssertGoogleLogoIsDisplayed_By_xpath_img_id_hplogo_or_alt_Google.png"]. @28-12-2021 18:37:54.0914 PM
[ReportManager] Loaded Shared OpenCV @28-12-2021 18:37:55.0355 PM
[ReportManager] Successfully identified the element using AI; OpenCV. @28-12-2021 18:37:55.0379 PM
[ReportManager] Assertion Passed: Asserting that the Google logo is displayed @28-12-2021 18:37:55.0381 PM
[ReportManager] Successfully created attachment [Validation Test Data - Reference Screenshot] @28-12-2021 18:37:55.0385 PM
[ReportManager] Successfully created attachment [Validation Test Data - Actual Screenshot] @28-12-2021 18:37:55.0386 PM
[ReportManager] Assertion [ValidateElementMatches] PASSED. Expected [Element should match the reference screenshot] and Actual [TRUE]. Comparison Type [EXACT_OPENCV]. Validation Type [POSITIVE]. @28-12-2021 18:37:55.0386 P
[ReportManager] Browser Action [CloseCurrentWindow] successfully performed. @28-12-2021 18:37:55.0577 PM
[ReportManager] Successfully created attachment [Browser Action Test Data - CloseCurrentWindow - Actual Value] @28-12-2021 18:37:55.0580 P
[ReportManager] File Action [GetAbsolutePath] successfully performed. With the following test data [Relative Folder Path: "target/downloadedFiles/"]. @28-12-2021 18:37:55.0605 PM
[ReportManager] Attempting to run remotely on: [Linux-64], [GoogleChrome], [http://localhost:4444/wd/hub], Headless Execution. @28-12-2021 18:37:55.0606 PM
[ReportManager] Successfully Opened [GoogleChrome]. @28-12-2021 18:37:56.0095 PM
[ReportManager] Target URL: [https://www.google.com/ncr], and after redirection: [https://www.google.com] @28-12-2021 18:37:56.0096 PM
[ReportManager] Initial URL: [data:,] @28-12-2021 18:37:56.0187 PM
[ReportManager] Browser Action [NavigateToURL] successfully performed. With the following test data [https://www.google.com/ncr]. @28-12-2021 18:37:57.0240 P

################################################################################################################################################
Starting Execution:	[2 out of 23] test cases in the current suite
Test Method:		[tests.gui.google.B_Search_FlatTest_SHAFT.navigateToGoogleHomeAndAssertPageTitle]
################################################################################################################################################
[ReportManager] Browser Action [GetCurrentWindowTitle] successfully performed. With the following test data [Google]. @28-12-2021 18:37:57.0317 PM
[ReportManager] Assertion Passed: Asserting that the page title is Google @28-12-2021 18:37:57.0972 PM
[ReportManager] Successfully created attachment [Screenshot - 1640716677533_navigateToGoogleHomeAndAssertPageTitle_ValidateBrowserAttribute_passed] @28-12-2021 18:37:57.0995 PM
[ReportManager] Assertion [ValidateBrowserAttribute] PASSED. Expected [Value Should be 'Google' for the 'Title' attribute] and Actual [Google]. Comparison Type [EQUALS]. Validation Type [POSITIVE]. @28-12-2021 18:37:57.0995 P
[ReportManager] Browser Action [CloseCurrentWindow] successfully performed. @28-12-2021 18:37:58.0145 PM
[ReportManager] Successfully created attachment [Browser Action Test Data - CloseCurrentWindow - Actual Value] @28-12-2021 18:37:58.0153 P
[ReportManager] File Action [GetAbsolutePath] successfully performed. With the following test data [Relative Folder Path: "target/downloadedFiles/"]. @28-12-2021 18:37:58.0161 PM
[ReportManager] Attempting to run remotely on: [Linux-64], [GoogleChrome], [http://localhost:4444/wd/hub], Headless Execution. @28-12-2021 18:37:58.0162 PM
[ReportManager] Successfully Opened [GoogleChrome]. @28-12-2021 18:37:58.0544 PM
[ReportManager] Target URL: [https://www.google.com/ncr], and after redirection: [https://www.google.com] @28-12-2021 18:37:58.0544 PM
[ReportManager] Initial URL: [data:,] @28-12-2021 18:37:58.0623 PM
[ReportManager] Browser Action [NavigateToURL] successfully performed. With the following test data [https://www.google.com/ncr]. @28-12-2021 18:37:59.0645 P

################################################################################################################################################
Starting Execution:	[3 out of 23] test cases in the current suite
Test Method:		[tests.gui.google.B_Search_FlatTest_SHAFT.searchForQueryAndAssertFirstResultTextIsCorrect]
################################################################################################################################################
[ReportManager] Element Action [Type] successfully performed. With the following test data [SHAFT_Engine]. @28-12-2021 18:38:00.0118 PM
[ReportManager] Element Action [KeyPress] successfully performed. With the following test data [ENTER]. @28-12-2021 18:38:01.0699 PM
[ReportManager] Element Action [GetText] successfully performed. With the following test data [SHAFT: Unified Test Automation Engine - GitHub]. @28-12-2021 18:38:01.0835 PM
[ReportManager] Loaded Shared OpenCV @28-12-2021 18:38:02.0212 PM
[ReportManager] Assertion Failed: Asserting that the correct first result is displayed @28-12-2021 18:38:02.0581 PM
[ReportManager] Successfully created attachment [Screenshot - 1640716682211_searchForQueryAndAssertFirstResultTextIsCorrect_ValidateElementAttribute_failed] @28-12-2021 18:38:02.0589 PM
[ReportManager] Assertion [ValidateElementAttribute] FAILED. Expected [Value Should be 'MohabMohie' for the 'Text' attribute, element locator 'By.xpath: (//h1[contains(text(),'Search Result')]/following-sibling::div//a/h3)[1]'] and Actual [SHAFT: Unified Test Automation Engine - GitHub]. Comparison Type [CONTAINS]. Validation Type [POSITIVE]. @28-12-2021 18:38:02.0590 P
[ReportManager] Browser Action [CloseCurrentWindow] successfully performed. @28-12-2021 18:38:02.0900 PM
[ReportManager] Successfully created attachment [Browser Action Test Data - CloseCurrentWindow - Actual Value] @28-12-2021 18:38:02.0942 P
[ReportManager] An Exception Occured with this Message: src/test/resources/testDataFiles/Google/SimpleSearch.xlsx (No such file or directory). @28-12-2021 18:38:02.0958 PM
[ReportManager] Successfully created attachment [Exception Stack Trace - java.io.FileNotFoundException] @28-12-2021 18:38:02.0958 PM
[ReportManager] Couldn't find the desired file. [src/test/resources/testDataFiles/Google/SimpleSearch.xlsx]. @28-12-2021 18:38:02.0958 P


################################################################################################################################################
Starting Execution:	[4 out of 23] test cases in the current suite
Test Method:		[tests.gui.google.G_Search_PageObjectModel_ThreadSafe.navigateToGoogleHomeAndAssertGoogleLogoIsDisplayed]
###############################################################################################################################################



################################################################################################################################################
Starting Execution:	[5 out of 23] test cases in the current suite
Test Method:		[tests.gui.google.G_Search_PageObjectModel_ThreadSafe.navigateToGoogleHomeAndAssertPageTitle]
###############################################################################################################################################



################################################################################################################################################
Starting Execution:	[6 out of 23] test cases in the current suite
Test Method:		[tests.gui.google.G_Search_PageObjectModel_ThreadSafe.searchForQueryAndAssertFirstResultTextIsCorrect]
###############################################################################################################################################

[ReportManager] File Action [GetAbsolutePath] successfully performed. With the following test data [Relative Folder Path: "target/downloadedFiles/"]. @28-12-2021 18:38:03.0006 PM
[ReportManager] Attempting to run remotely on: [Linux-64], [GoogleChrome], [http://localhost:4444/wd/hub], Headless Execution. @28-12-2021 18:38:03.0006 PM
[ReportManager] Successfully Opened [GoogleChrome]. @28-12-2021 18:38:03.0474 PM
[ReportManager] Target URL: [https://www.google.com/ncr], and after redirection: [https://www.google.com] @28-12-2021 18:38:03.0476 PM
[ReportManager] Initial URL: [data:,] @28-12-2021 18:38:03.0557 PM
[ReportManager] Browser Action [NavigateToURL] successfully performed. With the following test data [https://www.google.com/ncr]. @28-12-2021 18:38:04.0476 P

################################################################################################################################################
Starting Execution:	[7 out of 23] test cases in the current suite
Test Method:		[tests.gui.google.C_Search_PageObjectModel_Traditional.navigateToGoogleHomeAndAssertGoogleLogoIsDisplayed]
################################################################################################################################################
[ReportManager] Element Action [IsElementDisplayed] successfully performed. @28-12-2021 18:38:04.0601 PM
[ReportManager] Assertion Passed: Asserting that the Google logo is displayed @28-12-2021 18:38:04.0601 PM
[ReportManager] Assertion [ValidateTrue] PASSED. Expected [TRUE] and Actual [TRUE]. Validation Type [POSITIVE]. @28-12-2021 18:38:04.0602 P
[ReportManager] Browser Action [CloseCurrentWindow] successfully performed. @28-12-2021 18:38:04.0740 PM
[ReportManager] Successfully created attachment [Browser Action Test Data - CloseCurrentWindow - Actual Value] @28-12-2021 18:38:04.0748 P
[ReportManager] File Action [GetAbsolutePath] successfully performed. With the following test data [Relative Folder Path: "target/downloadedFiles/"]. @28-12-2021 18:38:04.0751 PM
[ReportManager] Attempting to run remotely on: [Linux-64], [GoogleChrome], [http://localhost:4444/wd/hub], Headless Execution. @28-12-2021 18:38:04.0751 PM
[ReportManager] Successfully Opened [GoogleChrome]. @28-12-2021 18:38:04.0974 PM
[ReportManager] Target URL: [https://www.google.com/ncr], and after redirection: [https://www.google.com] @28-12-2021 18:38:04.0974 PM
[ReportManager] Initial URL: [data:,] @28-12-2021 18:38:05.0060 PM
[ReportManager] Browser Action [NavigateToURL] successfully performed. With the following test data [https://www.google.com/ncr]. @28-12-2021 18:38:06.0035 P

################################################################################################################################################
Starting Execution:	[8 out of 23] test cases in the current suite
Test Method:		[tests.gui.google.C_Search_PageObjectModel_Traditional.navigateToGoogleHomeAndAssertPageTitle]
################################################################################################################################################
[ReportManager] Browser Action [GetCurrentWindowTitle] successfully performed. With the following test data [Google]. @28-12-2021 18:38:06.0081 PM
[ReportManager] Assertion Passed: Asserting that the page title is Google @28-12-2021 18:38:06.0082 PM
[ReportManager] Assertion [ValidateEquals] PASSED. Expected [Google] and Actual [Google]. Comparison Type [EQUALS]. Validation Type [POSITIVE]. @28-12-2021 18:38:06.0082 P
[ReportManager] Browser Action [CloseCurrentWindow] successfully performed. @28-12-2021 18:38:06.0218 PM
[ReportManager] Successfully created attachment [Browser Action Test Data - CloseCurrentWindow - Actual Value] @28-12-2021 18:38:06.0219 P
[ReportManager] File Action [GetAbsolutePath] successfully performed. With the following test data [Relative Folder Path: "target/downloadedFiles/"]. @28-12-2021 18:38:06.0234 PM
[ReportManager] Attempting to run remotely on: [Linux-64], [GoogleChrome], [http://localhost:4444/wd/hub], Headless Execution. @28-12-2021 18:38:06.0235 PM
[ReportManager] Successfully Opened [GoogleChrome]. @28-12-2021 18:38:06.0454 PM
[ReportManager] Target URL: [https://www.google.com/ncr], and after redirection: [https://www.google.com] @28-12-2021 18:38:06.0454 PM
[ReportManager] Initial URL: [data:,] @28-12-2021 18:38:06.0528 PM
[ReportManager] Browser Action [NavigateToURL] successfully performed. With the following test data [https://www.google.com/ncr]. @28-12-2021 18:38:07.0429 P

################################################################################################################################################
Starting Execution:	[9 out of 23] test cases in the current suite
Test Method:		[tests.gui.google.C_Search_PageObjectModel_Traditional.searchForQueryAndAssertFirstResultTextIsCorrect]
################################################################################################################################################
[ReportManager] Element Action [Type] successfully performed. With the following test data [SHAFT_Engine]. @28-12-2021 18:38:07.0873 PM
[ReportManager] Element Action [KeyPress] successfully performed. With the following test data [ENTER]. @28-12-2021 18:38:09.0476 PM
[ReportManager] Element Action [GetText] successfully performed. With the following test data [SHAFT: Unified Test Automation Engine - GitHub]. @28-12-2021 18:38:09.0598 PM
[ReportManager] Assertion Failed: Asserting that the correct first result is displayed @28-12-2021 18:38:09.0599 PM
[ReportManager] Assertion [ValidateEquals] FAILED. Expected [MohabMohie] and Actual [SHAFT: Unified Test Automation Engine - GitHub]. Comparison Type [CONTAINS]. Validation Type [POSITIVE]. @28-12-2021 18:38:09.0599 P
[ReportManager] Browser Action [CloseCurrentWindow] successfully performed. @28-12-2021 18:38:09.0853 PM
[ReportManager] Successfully created attachment [Browser Action Test Data - CloseCurrentWindow - Actual Value] @28-12-2021 18:38:09.0856 P
[ReportManager] An Exception Occured with this Message: src/test/resources/testDataFiles/Google/SimpleSearch.xlsx (No such file or directory). @28-12-2021 18:38:09.0860 PM
[ReportManager] Successfully created attachment [Exception Stack Trace - java.io.FileNotFoundException] @28-12-2021 18:38:09.0861 PM
[ReportManager] Couldn't find the desired file. [src/test/resources/testDataFiles/Google/SimpleSearch.xlsx]. @28-12-2021 18:38:09.0861 P


################################################################################################################################################
Starting Execution:	[10 out of 23] test cases in the current suite
Test Method:		[tests.gui.google.F_Search_PageObjectModel_Fluent.navigateToGoogleHomeAndAssertGoogleLogoIsDisplayed]
###############################################################################################################################################



################################################################################################################################################
Starting Execution:	[11 out of 23] test cases in the current suite
Test Method:		[tests.gui.google.F_Search_PageObjectModel_Fluent.navigateToGoogleHomeAndAssertPageTitle]
###############################################################################################################################################



################################################################################################################################################
Starting Execution:	[12 out of 23] test cases in the current suite
Test Method:		[tests.gui.google.F_Search_PageObjectModel_Fluent.searchForQueryAndAssertFirstResultTextIsCorrect]
###############################################################################################################################################

[ReportManager] An Exception Occured with this Message: src/test/resources/testDataFiles/Google/SimpleSearch.xlsx (No such file or directory). @28-12-2021 18:38:09.0895 PM
[ReportManager] Successfully created attachment [Exception Stack Trace - java.io.FileNotFoundException] @28-12-2021 18:38:09.0895 PM
[ReportManager] Couldn't find the desired file. [src/test/resources/testDataFiles/Google/SimpleSearch.xlsx]. @28-12-2021 18:38:09.0896 P


################################################################################################################################################
Starting Execution:	[13 out of 23] test cases in the current suite
Test Method:		[tests.gui.google.E_Search_PageObjectModel_Traditional_SHAFTAssertions.navigateToGoogleHomeAndAssertGoogleLogoIsDisplayed]
###############################################################################################################################################



################################################################################################################################################
Starting Execution:	[14 out of 23] test cases in the current suite
Test Method:		[tests.gui.google.E_Search_PageObjectModel_Traditional_SHAFTAssertions.navigateToGoogleHomeAndAssertPageTitle]
###############################################################################################################################################



################################################################################################################################################
Starting Execution:	[15 out of 23] test cases in the current suite
Test Method:		[tests.gui.google.E_Search_PageObjectModel_Traditional_SHAFTAssertions.searchForQueryAndAssertFirstResultTextIsCorrect]
###############################################################################################################################################

[ReportManager] An Exception Occured with this Message: src/test/resources/testDataFiles/Google/SimpleSearch.xlsx (No such file or directory). @28-12-2021 18:38:09.0916 PM
[ReportManager] Successfully created attachment [Exception Stack Trace - java.io.FileNotFoundException] @28-12-2021 18:38:09.0916 PM
[ReportManager] Couldn't find the desired file. [src/test/resources/testDataFiles/Google/SimpleSearch.xlsx]. @28-12-2021 18:38:09.0917 P


################################################################################################################################################
Starting Execution:	[16 out of 23] test cases in the current suite
Test Method:		[tests.gui.google.D_Search_PageObjectModel_Traditional_DataDriven.navigateToGoogleHomeAndAssertGoogleLogoIsDisplayed]
###############################################################################################################################################



################################################################################################################################################
Starting Execution:	[17 out of 23] test cases in the current suite
Test Method:		[tests.gui.google.D_Search_PageObjectModel_Traditional_DataDriven.navigateToGoogleHomeAndAssertPageTitle]
###############################################################################################################################################



################################################################################################################################################
Starting Execution:	[18 out of 23] test cases in the current suite
Test Method:		[tests.gui.google.D_Search_PageObjectModel_Traditional_DataDriven.searchForQueryAndAssertFirstResultTextIsCorrect]
###############################################################################################################################################




################################################################################################################################################
Starting Execution:	[19 out of 23] test cases in the current suite
Test Method:		[tests.gui.google.A_Search_FlatTest_NativeSeleniumWebDriver.navigateToGoogleHomeAndAssertGoogleLogoIsDisplayed]
###############################################################################################################################################



################################################################################################################################################
Starting Execution:	[20 out of 23] test cases in the current suite
Test Method:		[tests.gui.google.A_Search_FlatTest_NativeSeleniumWebDriver.navigateToGoogleHomeAndAssertPageTitle]
###############################################################################################################################################



################################################################################################################################################
Starting Execution:	[21 out of 23] test cases in the current suite
Test Method:		[tests.gui.google.A_Search_FlatTest_NativeSeleniumWebDriver.searchForQueryAndAssertFirstResultTextIsCorrect]
###############################################################################################################################################


################################################################################################################################################
Starting Execution:	[22 out of 23] test cases in the current suite
Test Method:		[tests.api.users.UserData.validateUserEmail]
################################################################################################################################################
[ReportManager] Response status code: [200], status line: [HTTP/1.1 200 OK] @28-12-2021 18:38:38.0926 PM
[ReportManager] Assertion Passed: Evaluating the actual response status code against the expected one... @28-12-2021 18:38:38.0930 PM
[ReportManager] Assertion [ValidateComparativeRelation] PASSED. Expected [200] and Actual [200]. Comparison Type [EQUALS]. Validation Type [POSITIVE]. @28-12-2021 18:38:38.0931 PM
[ReportManager] API Action [PerformRequest] successfully performed. With the following test data [Request Type: "GET" | Target Status Code: "200" | Service URL: "https://jsonplaceholder.typicode.com/users" | Content Type: "*/*" | Response Time: "680ms"]. @28-12-2021 18:38:39.0904 PM
[ReportManager] Successfully created attachment [API Request - Specifications] @28-12-2021 18:38:39.0905 PM
[ReportManager] Successfully created attachment [API Response - JSON Body] @28-12-2021 18:38:40.0207 PM
[ReportManager] Assertion [ValidateEquals] PASSED. Expected and Actual values are attached. Comparison Type [CONTAINS]. Validation Type [POSITIVE]. @28-12-2021 18:38:40.0208 PM
[ReportManager] Successfully created attachment [Validation Test Data - Expected Value] @28-12-2021 18:38:40.0209 PM
[ReportManager] Successfully created attachment [Validation Test Data - Actual Value] @28-12-2021 18:38:40.0209 PM
[ReportManager] API Action [GetResponseJSONValueAsList] successfully performed. With the following test data [$]. @28-12-2021 18:38:40.0225 PM
[ReportManager] API Action [GetResponseJSONValue] successfully performed. With the following test data [name]. @28-12-2021 18:38:40.0251 PM
[ReportManager] API Action [GetResponseJSONValue] successfully performed. With the following test data [email]. @28-12-2021 18:38:40.0273 PM
[ReportManager] Assertion [ValidateEquals] PASSED. Expected [Sincere@april.biz] and Actual [Sincere@april.biz]. Comparison Type [EQUALS]. Validation Type [POSITIVE]. @28-12-2021 18:38:40.0274 PM
[ReportManager] API Action [GetResponseJSONValue] successfully performed. With the following test data [name]. @28-12-2021 18:38:40.0297 PM
[ReportManager] API Action [GetResponseJSONValue] successfully performed. With the following test data [name]. @28-12-2021 18:38:40.0312 PM
[ReportManager] API Action [GetResponseJSONValue] successfully performed. With the following test data [name]. @28-12-2021 18:38:40.0328 PM
[ReportManager] API Action [GetResponseJSONValue] successfully performed. With the following test data [name]. @28-12-2021 18:38:40.0347 PM
[ReportManager] API Action [GetResponseJSONValue] successfully performed. With the following test data [name]. @28-12-2021 18:38:40.0378 PM
[ReportManager] API Action [GetResponseJSONValue] successfully performed. With the following test data [name]. @28-12-2021 18:38:40.0391 PM
[ReportManager] API Action [GetResponseJSONValue] successfully performed. With the following test data [name]. @28-12-2021 18:38:40.0406 PM
[ReportManager] API Action [GetResponseJSONValue] successfully performed. With the following test data [name]. @28-12-2021 18:38:40.0420 PM
[ReportManager] API Action [GetResponseJSONValue] successfully performed. With the following test data [name]. @28-12-2021 18:38:40.0435 P

################################################################################################################################################
Starting Execution:	[23 out of 23] test cases in the current suite
Test Method:		[tests.cli.demo.cliTest.sampleTestCase]
################################################################################################################################################
[ReportManager] Attempting to perform the following command locally. Command: [ls] @28-12-2021 18:38:40.0447 PM
[ReportManager] Terminal Action [PerformTerminalCommands] successfully performed. With the following test data [Host Name: "localHost" | Command: "ls" | Exit Status: "0"]. @28-12-2021 18:38:40.0454 PM
[ReportManager] Successfully created attachment [Terminal Action Actual Result - Command Log] @28-12-2021 18:38:40.0454 PM
[ReportManager] Assertion Passed: Demoing local terminal actions @28-12-2021 18:38:40.0454 PM
[ReportManager] Assertion [ValidateEquals] PASSED. Expected [pom.xml] and Actual [LICENSE
README.md
allure-results
docker-compose_native.yml
docker-compose_zalenium.yml
extent-reports
pom.xml
readMeImgs
src
target]. Comparison Type [CONTAINS]. Validation Type [POSITIVE]. @28-12-2021 18:38:40.0454 P
[ReportManager] Successfully created attachment [SHAFT Engine Logs - Execution log] @28-12-2021 18:38:40.0480 PM

################################################################################################################################################
This test run was powered by SHAFT Engine Version: [SHAFT Engine v5.4.20211117-BETA]
SHAFT Engine is licensed under the MIT License: [https://github.com/MohabMohie/SHAFT_ENGINE/blob/master/LICENSE].
################################################################################################################################################