################################################################################################################################################
Detected SHAFT Engine Version: [SHAFT Engine v5.4.20211117-BETA]
################################################################################################################################################

################################################################################################################################################
Starting Execution:	[1 out of 23] test cases in the current suite
Test Method:		[tests.api.users.UserData.validateUserEmail]
################################################################################################################################################
[ReportManager] Response status code: [200], status line: [HTTP/1.1 200 OK] @19-01-2022 18:35:32.0743 PM
[ReportManager] Assertion Passed: Evaluating the actual response status code against the expected one... @19-01-2022 18:35:32.0751 PM
[ReportManager] Assertion [ValidateComparativeRelation] PASSED. Expected [200] and Actual [200]. Comparison Type [EQUALS]. Validation Type [POSITIVE]. @19-01-2022 18:35:32.0755 PM
[ReportManager] API Action [PerformRequest] successfully performed. With the following test data [Request Type: "GET" | Target Status Code: "200" | Service URL: "https://jsonplaceholder.typicode.com/users" | Content Type: "*/*" | Response Time: "861ms"]. @19-01-2022 18:35:33.0732 PM
[ReportManager] Successfully created attachment [API Request - Specifications] @19-01-2022 18:35:33.0733 PM
[ReportManager] Successfully created attachment [API Response - JSON Body] @19-01-2022 18:35:34.0060 PM
[ReportManager] Assertion [ValidateEquals] PASSED. Expected and Actual values are attached. Comparison Type [CONTAINS]. Validation Type [POSITIVE]. @19-01-2022 18:35:34.0067 PM
[ReportManager] Successfully created attachment [Validation Test Data - Expected Value] @19-01-2022 18:35:34.0068 PM
[ReportManager] Successfully created attachment [Validation Test Data - Actual Value] @19-01-2022 18:35:34.0068 PM
[ReportManager] API Action [GetResponseJSONValueAsList] successfully performed. With the following test data [$]. @19-01-2022 18:35:34.0077 PM
[ReportManager] API Action [GetResponseJSONValue] successfully performed. With the following test data [name]. @19-01-2022 18:35:34.0095 PM
[ReportManager] API Action [GetResponseJSONValue] successfully performed. With the following test data [email]. @19-01-2022 18:35:34.0113 PM
[ReportManager] Assertion [ValidateEquals] PASSED. Expected [Sincere@april.biz] and Actual [Sincere@april.biz]. Comparison Type [EQUALS]. Validation Type [POSITIVE]. @19-01-2022 18:35:34.0114 PM
[ReportManager] API Action [GetResponseJSONValue] successfully performed. With the following test data [name]. @19-01-2022 18:35:34.0138 PM
[ReportManager] API Action [GetResponseJSONValue] successfully performed. With the following test data [name]. @19-01-2022 18:35:34.0157 PM
[ReportManager] API Action [GetResponseJSONValue] successfully performed. With the following test data [name]. @19-01-2022 18:35:34.0172 PM
[ReportManager] API Action [GetResponseJSONValue] successfully performed. With the following test data [name]. @19-01-2022 18:35:34.0188 PM
[ReportManager] API Action [GetResponseJSONValue] successfully performed. With the following test data [name]. @19-01-2022 18:35:34.0204 PM
[ReportManager] API Action [GetResponseJSONValue] successfully performed. With the following test data [name]. @19-01-2022 18:35:34.0218 PM
[ReportManager] API Action [GetResponseJSONValue] successfully performed. With the following test data [name]. @19-01-2022 18:35:34.0232 PM
[ReportManager] API Action [GetResponseJSONValue] successfully performed. With the following test data [name]. @19-01-2022 18:35:34.0246 PM
[ReportManager] API Action [GetResponseJSONValue] successfully performed. With the following test data [name]. @19-01-2022 18:35:34.0259 P

################################################################################################################################################
Starting Execution:	[2 out of 23] test cases in the current suite
Test Method:		[tests.cli.demo.cliTest.sampleTestCase]
################################################################################################################################################
[ReportManager] Attempting to perform the following command locally. Command: [ls] @19-01-2022 18:35:34.0374 PM
[ReportManager] Terminal Action [PerformTerminalCommands] successfully performed. With the following test data [Host Name: "localHost" | Command: "ls" | Exit Status: "0"]. @19-01-2022 18:35:34.0386 PM
[ReportManager] Successfully created attachment [Terminal Action Actual Result - Command Log] @19-01-2022 18:35:34.0387 PM
[ReportManager] Assertion Passed: Demoing local terminal actions @19-01-2022 18:35:34.0387 PM
[ReportManager] Assertion [ValidateEquals] PASSED. Expected [pom.xml] and Actual [LICENSE
README.md
allure-results
docker-compose_native.yml
docker-compose_zalenium.yml
extent-reports
pom.xml
readMeImgs
src
target]. Comparison Type [CONTAINS]. Validation Type [POSITIVE]. @19-01-2022 18:35:34.0387 P
[ReportManager] File Action [GetAbsolutePath] successfully performed. With the following test data [Relative Folder Path: "target/downloadedFiles/"]. @19-01-2022 18:35:34.0398 PM
[ReportManager] Attempting to run remotely on: [Linux-64], [GoogleChrome], [http://localhost:4444/wd/hub], Headless Execution. @19-01-2022 18:35:34.0409 PM
[ReportManager] Successfully Opened [GoogleChrome]. @19-01-2022 18:35:35.0931 PM
[ReportManager] Target URL: [https://www.google.com/ncr], and after redirection: [https://www.google.com] @19-01-2022 18:35:35.0940 PM
[ReportManager] Initial URL: [data:,] @19-01-2022 18:35:36.0058 PM
[ReportManager] Browser Action [NavigateToURL] successfully performed. With the following test data [https://www.google.com/ncr]. @19-01-2022 18:35:37.0361 P

################################################################################################################################################
Starting Execution:	[3 out of 23] test cases in the current suite
Test Method:		[tests.gui.google.B_Search_FlatTest_SHAFT.navigateToGoogleHomeAndAssertGoogleLogoIsDisplayed]
################################################################################################################################################
[ReportManager] File Action [DoesFileExist] successfully performed. With the following test data [File Path: "src/main/resources/dynamicObjectRepository/tests_gui_google_B_Search_FlatTest_SHAFT_navigateToGoogleHomeAndAssertGoogleLogoIsDisplayed_By_xpath_img_id_hplogo_or_alt_Google.png"]. @19-01-2022 18:35:37.0394 PM
[ReportManager] File Action [GetAbsolutePath] successfully performed. With the following test data [Relative Folder Path: "src/main/resources/dynamicObjectRepository/tests_gui_google_B_Search_FlatTest_SHAFT_navigateToGoogleHomeAndAssertGoogleLogoIsDisplayed_By_xpath_img_id_hplogo_or_alt_Google.png"]. @19-01-2022 18:35:37.0395 PM
[ReportManager] File Action [ReadFromImageFile] successfully performed. With the following test data [File Path: "/home/runner/work/io.github.alidorgham/io.github.alidorgham/src/main/resources/dynamicObjectRepository/tests_gui_google_B_Search_FlatTest_SHAFT_navigateToGoogleHomeAndAssertGoogleLogoIsDisplayed_By_xpath_img_id_hplogo_or_alt_Google.png"]. @19-01-2022 18:35:37.0395 PM
[ReportManager] File Action [DoesFileExist] successfully performed. With the following test data [File Path: "src/main/resources/dynamicObjectRepository/tests_gui_google_B_Search_FlatTest_SHAFT_navigateToGoogleHomeAndAssertGoogleLogoIsDisplayed_By_xpath_img_id_hplogo_or_alt_Google.png"]. @19-01-2022 18:35:37.0672 PM
[ReportManager] File Action [DoesFileExist] successfully performed. With the following test data [File Path: "src/main/resources/dynamicObjectRepository/tests_gui_google_B_Search_FlatTest_SHAFT_navigateToGoogleHomeAndAssertGoogleLogoIsDisplayed_By_xpath_img_id_hplogo_or_alt_Google.png"]. @19-01-2022 18:35:37.0675 PM
[ReportManager] Loaded Shared OpenCV @19-01-2022 18:35:38.0122 PM
[ReportManager] Successfully identified the element using AI; OpenCV. @19-01-2022 18:35:38.0146 PM
[ReportManager] Assertion Passed: Asserting that the Google logo is displayed @19-01-2022 18:35:38.0147 PM
[ReportManager] Successfully created attachment [Validation Test Data - Reference Screenshot] @19-01-2022 18:35:38.0148 PM
[ReportManager] Successfully created attachment [Validation Test Data - Actual Screenshot] @19-01-2022 18:35:38.0149 PM
[ReportManager] Assertion [ValidateElementMatches] PASSED. Expected [Element should match the reference screenshot] and Actual [TRUE]. Comparison Type [EXACT_OPENCV]. Validation Type [POSITIVE]. @19-01-2022 18:35:38.0149 P
[ReportManager] Browser Action [CloseCurrentWindow] successfully performed. @19-01-2022 18:35:38.0317 PM
[ReportManager] Successfully created attachment [Browser Action Test Data - CloseCurrentWindow - Actual Value] @19-01-2022 18:35:38.0326 P
[ReportManager] File Action [GetAbsolutePath] successfully performed. With the following test data [Relative Folder Path: "target/downloadedFiles/"]. @19-01-2022 18:35:38.0341 PM
[ReportManager] Attempting to run remotely on: [Linux-64], [GoogleChrome], [http://localhost:4444/wd/hub], Headless Execution. @19-01-2022 18:35:38.0341 PM
[ReportManager] Successfully Opened [GoogleChrome]. @19-01-2022 18:35:38.0692 PM
[ReportManager] Target URL: [https://www.google.com/ncr], and after redirection: [https://www.google.com] @19-01-2022 18:35:38.0692 PM
[ReportManager] Initial URL: [data:,] @19-01-2022 18:35:38.0792 PM
[ReportManager] Browser Action [NavigateToURL] successfully performed. With the following test data [https://www.google.com/ncr]. @19-01-2022 18:35:42.0570 P

################################################################################################################################################
Starting Execution:	[4 out of 23] test cases in the current suite
Test Method:		[tests.gui.google.B_Search_FlatTest_SHAFT.navigateToGoogleHomeAndAssertPageTitle]
################################################################################################################################################
[ReportManager] Browser Action [GetCurrentWindowTitle] successfully performed. With the following test data [Google]. @19-01-2022 18:35:42.0630 PM
[ReportManager] Assertion Passed: Asserting that the page title is Google @19-01-2022 18:35:43.0208 PM
[ReportManager] Successfully created attachment [Screenshot - 1642617342831_navigateToGoogleHomeAndAssertPageTitle_ValidateBrowserAttribute_passed] @19-01-2022 18:35:43.0216 PM
[ReportManager] Assertion [ValidateBrowserAttribute] PASSED. Expected [Value Should be 'Google' for the 'Title' attribute] and Actual [Google]. Comparison Type [EQUALS]. Validation Type [POSITIVE]. @19-01-2022 18:35:43.0216 P
[ReportManager] Browser Action [CloseCurrentWindow] successfully performed. @19-01-2022 18:35:43.0363 PM
[ReportManager] Successfully created attachment [Browser Action Test Data - CloseCurrentWindow - Actual Value] @19-01-2022 18:35:43.0364 P
[ReportManager] File Action [GetAbsolutePath] successfully performed. With the following test data [Relative Folder Path: "target/downloadedFiles/"]. @19-01-2022 18:35:43.0383 PM
[ReportManager] Attempting to run remotely on: [Linux-64], [GoogleChrome], [http://localhost:4444/wd/hub], Headless Execution. @19-01-2022 18:35:43.0385 PM
[ReportManager] Successfully Opened [GoogleChrome]. @19-01-2022 18:35:43.0763 PM
[ReportManager] Target URL: [https://www.google.com/ncr], and after redirection: [https://www.google.com] @19-01-2022 18:35:43.0763 PM
[ReportManager] Initial URL: [data:,] @19-01-2022 18:35:43.0838 PM
[ReportManager] Browser Action [NavigateToURL] successfully performed. With the following test data [https://www.google.com/ncr]. @19-01-2022 18:35:44.0913 P

################################################################################################################################################
Starting Execution:	[5 out of 23] test cases in the current suite
Test Method:		[tests.gui.google.B_Search_FlatTest_SHAFT.searchForQueryAndAssertFirstResultTextIsCorrect]
################################################################################################################################################
[ReportManager] Element Action [Type] successfully performed. With the following test data [SHAFT_Engine]. @19-01-2022 18:35:45.0404 PM
[ReportManager] Element Action [KeyPress] successfully performed. With the following test data [ENTER]. @19-01-2022 18:35:47.0077 PM
[ReportManager] Element Action [GetText] successfully performed. With the following test data [SHAFT_ENGINE is a Test Automation Engine that ... - GitHub]. @19-01-2022 18:35:47.0203 PM
[ReportManager] Loaded Shared OpenCV @19-01-2022 18:35:47.0593 PM
[ReportManager] Assertion Failed: Asserting that the correct first result is displayed @19-01-2022 18:35:47.0937 PM
[ReportManager] Successfully created attachment [Screenshot - 1642617347593_searchForQueryAndAssertFirstResultTextIsCorrect_ValidateElementAttribute_failed] @19-01-2022 18:35:47.0945 PM
[ReportManager] Assertion [ValidateElementAttribute] FAILED. Expected [Value Should be 'MohabMohie' for the 'Text' attribute, element locator 'By.xpath: (//h1[contains(text(),'Search Result')]/following-sibling::div//a/h3)[1]'] and Actual [SHAFT_ENGINE is a Test Automation Engine that ... - GitHub]. Comparison Type [CONTAINS]. Validation Type [POSITIVE]. @19-01-2022 18:35:47.0946 P
[ReportManager] Browser Action [CloseCurrentWindow] successfully performed. @19-01-2022 18:35:48.0272 PM
[ReportManager] Successfully created attachment [Browser Action Test Data - CloseCurrentWindow - Actual Value] @19-01-2022 18:35:48.0302 P
[ReportManager] An Exception Occured with this Message: src/test/resources/testDataFiles/Google/SimpleSearch.xlsx (No such file or directory). @19-01-2022 18:35:48.0315 PM
[ReportManager] Successfully created attachment [Exception Stack Trace - java.io.FileNotFoundException] @19-01-2022 18:35:48.0315 PM
[ReportManager] Couldn't find the desired file. [src/test/resources/testDataFiles/Google/SimpleSearch.xlsx]. @19-01-2022 18:35:48.0316 P


################################################################################################################################################
Starting Execution:	[6 out of 23] test cases in the current suite
Test Method:		[tests.gui.google.F_Search_PageObjectModel_Fluent.navigateToGoogleHomeAndAssertGoogleLogoIsDisplayed]
###############################################################################################################################################



################################################################################################################################################
Starting Execution:	[7 out of 23] test cases in the current suite
Test Method:		[tests.gui.google.F_Search_PageObjectModel_Fluent.navigateToGoogleHomeAndAssertPageTitle]
###############################################################################################################################################



################################################################################################################################################
Starting Execution:	[8 out of 23] test cases in the current suite
Test Method:		[tests.gui.google.F_Search_PageObjectModel_Fluent.searchForQueryAndAssertFirstResultTextIsCorrect]
###############################################################################################################################################

[ReportManager] File Action [GetAbsolutePath] successfully performed. With the following test data [Relative Folder Path: "target/downloadedFiles/"]. @19-01-2022 18:35:48.0340 PM
[ReportManager] Attempting to run remotely on: [Linux-64], [GoogleChrome], [http://localhost:4444/wd/hub], Headless Execution. @19-01-2022 18:35:48.0342 PM
[ReportManager] Successfully Opened [GoogleChrome]. @19-01-2022 18:35:48.0718 PM
[ReportManager] Target URL: [https://www.google.com/ncr], and after redirection: [https://www.google.com] @19-01-2022 18:35:48.0729 PM
[ReportManager] Initial URL: [data:,] @19-01-2022 18:35:48.0807 PM
[ReportManager] Browser Action [NavigateToURL] successfully performed. With the following test data [https://www.google.com/ncr]. @19-01-2022 18:35:49.0848 P

################################################################################################################################################
Starting Execution:	[9 out of 23] test cases in the current suite
Test Method:		[tests.gui.google.C_Search_PageObjectModel_Traditional.navigateToGoogleHomeAndAssertGoogleLogoIsDisplayed]
################################################################################################################################################
[ReportManager] Element Action [IsElementDisplayed] successfully performed. @19-01-2022 18:35:49.0986 PM
[ReportManager] Assertion Passed: Asserting that the Google logo is displayed @19-01-2022 18:35:49.0987 PM
[ReportManager] Assertion [ValidateTrue] PASSED. Expected [TRUE] and Actual [TRUE]. Validation Type [POSITIVE]. @19-01-2022 18:35:49.0987 P
[ReportManager] Browser Action [CloseCurrentWindow] successfully performed. @19-01-2022 18:35:50.0168 PM
[ReportManager] Successfully created attachment [Browser Action Test Data - CloseCurrentWindow - Actual Value] @19-01-2022 18:35:50.0169 P
[ReportManager] File Action [GetAbsolutePath] successfully performed. With the following test data [Relative Folder Path: "target/downloadedFiles/"]. @19-01-2022 18:35:50.0172 PM
[ReportManager] Attempting to run remotely on: [Linux-64], [GoogleChrome], [http://localhost:4444/wd/hub], Headless Execution. @19-01-2022 18:35:50.0172 PM
[ReportManager] Successfully Opened [GoogleChrome]. @19-01-2022 18:35:50.0392 PM
[ReportManager] Target URL: [https://www.google.com/ncr], and after redirection: [https://www.google.com] @19-01-2022 18:35:50.0392 PM
[ReportManager] Initial URL: [data:,] @19-01-2022 18:35:50.0482 PM
[ReportManager] Browser Action [NavigateToURL] successfully performed. With the following test data [https://www.google.com/ncr]. @19-01-2022 18:35:51.0561 P

################################################################################################################################################
Starting Execution:	[10 out of 23] test cases in the current suite
Test Method:		[tests.gui.google.C_Search_PageObjectModel_Traditional.navigateToGoogleHomeAndAssertPageTitle]
################################################################################################################################################
[ReportManager] Browser Action [GetCurrentWindowTitle] successfully performed. With the following test data [Google]. @19-01-2022 18:35:51.0601 PM
[ReportManager] Assertion Passed: Asserting that the page title is Google @19-01-2022 18:35:51.0601 PM
[ReportManager] Assertion [ValidateEquals] PASSED. Expected [Google] and Actual [Google]. Comparison Type [EQUALS]. Validation Type [POSITIVE]. @19-01-2022 18:35:51.0601 P
[ReportManager] Browser Action [CloseCurrentWindow] successfully performed. @19-01-2022 18:35:51.0743 PM
[ReportManager] Successfully created attachment [Browser Action Test Data - CloseCurrentWindow - Actual Value] @19-01-2022 18:35:51.0744 P
[ReportManager] File Action [GetAbsolutePath] successfully performed. With the following test data [Relative Folder Path: "target/downloadedFiles/"]. @19-01-2022 18:35:51.0755 PM
[ReportManager] Attempting to run remotely on: [Linux-64], [GoogleChrome], [http://localhost:4444/wd/hub], Headless Execution. @19-01-2022 18:35:51.0755 PM
[ReportManager] Successfully Opened [GoogleChrome]. @19-01-2022 18:35:51.0982 PM
[ReportManager] Target URL: [https://www.google.com/ncr], and after redirection: [https://www.google.com] @19-01-2022 18:35:51.0982 PM
[ReportManager] Initial URL: [data:,] @19-01-2022 18:35:52.0070 PM
[ReportManager] Browser Action [NavigateToURL] successfully performed. With the following test data [https://www.google.com/ncr]. @19-01-2022 18:35:53.0107 P

################################################################################################################################################
Starting Execution:	[11 out of 23] test cases in the current suite
Test Method:		[tests.gui.google.C_Search_PageObjectModel_Traditional.searchForQueryAndAssertFirstResultTextIsCorrect]
################################################################################################################################################
[ReportManager] Element Action [Type] successfully performed. With the following test data [SHAFT_Engine]. @19-01-2022 18:35:53.0535 PM
[ReportManager] Element Action [KeyPress] successfully performed. With the following test data [ENTER]. @19-01-2022 18:35:55.0176 PM
[ReportManager] Element Action [GetText] successfully performed. With the following test data [SHAFT_ENGINE is a Test Automation Engine that ... - GitHub]. @19-01-2022 18:35:55.0308 PM
[ReportManager] Assertion Failed: Asserting that the correct first result is displayed @19-01-2022 18:35:55.0308 PM
[ReportManager] Assertion [ValidateEquals] FAILED. Expected [MohabMohie] and Actual [SHAFT_ENGINE is a Test Automation Engine that ... - GitHub]. Comparison Type [CONTAINS]. Validation Type [POSITIVE]. @19-01-2022 18:35:55.0308 P
[ReportManager] Browser Action [CloseCurrentWindow] successfully performed. @19-01-2022 18:35:55.0567 PM
[ReportManager] Successfully created attachment [Browser Action Test Data - CloseCurrentWindow - Actual Value] @19-01-2022 18:35:55.0570 P
[ReportManager] An Exception Occured with this Message: src/test/resources/testDataFiles/Google/SimpleSearch.xlsx (No such file or directory). @19-01-2022 18:35:55.0576 PM
[ReportManager] Successfully created attachment [Exception Stack Trace - java.io.FileNotFoundException] @19-01-2022 18:35:55.0577 PM
[ReportManager] Couldn't find the desired file. [src/test/resources/testDataFiles/Google/SimpleSearch.xlsx]. @19-01-2022 18:35:55.0577 P


################################################################################################################################################
Starting Execution:	[12 out of 23] test cases in the current suite
Test Method:		[tests.gui.google.E_Search_PageObjectModel_Traditional_SHAFTAssertions.navigateToGoogleHomeAndAssertGoogleLogoIsDisplayed]
###############################################################################################################################################



################################################################################################################################################
Starting Execution:	[13 out of 23] test cases in the current suite
Test Method:		[tests.gui.google.E_Search_PageObjectModel_Traditional_SHAFTAssertions.navigateToGoogleHomeAndAssertPageTitle]
###############################################################################################################################################



################################################################################################################################################
Starting Execution:	[14 out of 23] test cases in the current suite
Test Method:		[tests.gui.google.E_Search_PageObjectModel_Traditional_SHAFTAssertions.searchForQueryAndAssertFirstResultTextIsCorrect]
###############################################################################################################################################

[ReportManager] An Exception Occured with this Message: src/test/resources/testDataFiles/Google/SimpleSearch.xlsx (No such file or directory). @19-01-2022 18:35:55.0591 PM
[ReportManager] Successfully created attachment [Exception Stack Trace - java.io.FileNotFoundException] @19-01-2022 18:35:55.0592 PM
[ReportManager] Couldn't find the desired file. [src/test/resources/testDataFiles/Google/SimpleSearch.xlsx]. @19-01-2022 18:35:55.0592 P


################################################################################################################################################
Starting Execution:	[15 out of 23] test cases in the current suite
Test Method:		[tests.gui.google.G_Search_PageObjectModel_ThreadSafe.navigateToGoogleHomeAndAssertGoogleLogoIsDisplayed]
###############################################################################################################################################



################################################################################################################################################
Starting Execution:	[16 out of 23] test cases in the current suite
Test Method:		[tests.gui.google.G_Search_PageObjectModel_ThreadSafe.navigateToGoogleHomeAndAssertPageTitle]
###############################################################################################################################################



################################################################################################################################################
Starting Execution:	[17 out of 23] test cases in the current suite
Test Method:		[tests.gui.google.G_Search_PageObjectModel_ThreadSafe.searchForQueryAndAssertFirstResultTextIsCorrect]
###############################################################################################################################################

[ReportManager] An Exception Occured with this Message: src/test/resources/testDataFiles/Google/SimpleSearch.xlsx (No such file or directory). @19-01-2022 18:35:55.0605 PM
[ReportManager] Successfully created attachment [Exception Stack Trace - java.io.FileNotFoundException] @19-01-2022 18:35:55.0605 PM
[ReportManager] Couldn't find the desired file. [src/test/resources/testDataFiles/Google/SimpleSearch.xlsx]. @19-01-2022 18:35:55.0605 P


################################################################################################################################################
Starting Execution:	[18 out of 23] test cases in the current suite
Test Method:		[tests.gui.google.D_Search_PageObjectModel_Traditional_DataDriven.navigateToGoogleHomeAndAssertGoogleLogoIsDisplayed]
###############################################################################################################################################



################################################################################################################################################
Starting Execution:	[19 out of 23] test cases in the current suite
Test Method:		[tests.gui.google.D_Search_PageObjectModel_Traditional_DataDriven.navigateToGoogleHomeAndAssertPageTitle]
###############################################################################################################################################



################################################################################################################################################
Starting Execution:	[20 out of 23] test cases in the current suite
Test Method:		[tests.gui.google.D_Search_PageObjectModel_Traditional_DataDriven.searchForQueryAndAssertFirstResultTextIsCorrect]
###############################################################################################################################################




################################################################################################################################################
Starting Execution:	[21 out of 23] test cases in the current suite
Test Method:		[tests.gui.google.A_Search_FlatTest_NativeSeleniumWebDriver.navigateToGoogleHomeAndAssertGoogleLogoIsDisplayed]
###############################################################################################################################################



################################################################################################################################################
Starting Execution:	[22 out of 23] test cases in the current suite
Test Method:		[tests.gui.google.A_Search_FlatTest_NativeSeleniumWebDriver.navigateToGoogleHomeAndAssertPageTitle]
###############################################################################################################################################



################################################################################################################################################
Starting Execution:	[23 out of 23] test cases in the current suite
Test Method:		[tests.gui.google.A_Search_FlatTest_NativeSeleniumWebDriver.searchForQueryAndAssertFirstResultTextIsCorrect]
###############################################################################################################################################

[ReportManager] Successfully created attachment [SHAFT Engine Logs - Execution log] @19-01-2022 18:36:16.0190 PM

################################################################################################################################################
This test run was powered by SHAFT Engine Version: [SHAFT Engine v5.4.20211117-BETA]
SHAFT Engine is licensed under the MIT License: [https://github.com/MohabMohie/SHAFT_ENGINE/blob/master/LICENSE].
################################################################################################################################################