################################################################################################################################################
Detected SHAFT Engine Version: [SHAFT Engine v5.4.20211117-BETA]
################################################################################################################################################
[ReportManager] File Action [GetAbsolutePath] successfully performed. With the following test data [Relative Folder Path: "target/downloadedFiles/"]. @13-01-2022 06:40:35.0717 AM
[ReportManager] Attempting to run remotely on: [Linux-64], [GoogleChrome], [http://localhost:4444/wd/hub], Headless Execution. @13-01-2022 06:40:35.0731 AM
[ReportManager] Successfully Opened [GoogleChrome]. @13-01-2022 06:40:37.0632 AM
[ReportManager] Target URL: [https://www.google.com/ncr], and after redirection: [https://www.google.com] @13-01-2022 06:40:37.0641 AM
[ReportManager] Initial URL: [data:,] @13-01-2022 06:40:37.0757 AM
[ReportManager] Browser Action [NavigateToURL] successfully performed. With the following test data [https://www.google.com/ncr]. @13-01-2022 06:40:39.0050 A

################################################################################################################################################
Starting Execution:	[1 out of 23] test cases in the current suite
Test Method:		[tests.gui.google.B_Search_FlatTest_SHAFT.navigateToGoogleHomeAndAssertGoogleLogoIsDisplayed]
################################################################################################################################################
[ReportManager] File Action [DoesFileExist] successfully performed. With the following test data [File Path: "src/main/resources/dynamicObjectRepository/tests_gui_google_B_Search_FlatTest_SHAFT_navigateToGoogleHomeAndAssertGoogleLogoIsDisplayed_By_xpath_img_id_hplogo_or_alt_Google.png"]. @13-01-2022 06:40:39.0234 AM
[ReportManager] File Action [GetAbsolutePath] successfully performed. With the following test data [Relative Folder Path: "src/main/resources/dynamicObjectRepository/tests_gui_google_B_Search_FlatTest_SHAFT_navigateToGoogleHomeAndAssertGoogleLogoIsDisplayed_By_xpath_img_id_hplogo_or_alt_Google.png"]. @13-01-2022 06:40:39.0234 AM
[ReportManager] File Action [ReadFromImageFile] successfully performed. With the following test data [File Path: "/home/runner/work/io.github.alidorgham/io.github.alidorgham/src/main/resources/dynamicObjectRepository/tests_gui_google_B_Search_FlatTest_SHAFT_navigateToGoogleHomeAndAssertGoogleLogoIsDisplayed_By_xpath_img_id_hplogo_or_alt_Google.png"]. @13-01-2022 06:40:39.0234 AM
[ReportManager] File Action [DoesFileExist] successfully performed. With the following test data [File Path: "src/main/resources/dynamicObjectRepository/tests_gui_google_B_Search_FlatTest_SHAFT_navigateToGoogleHomeAndAssertGoogleLogoIsDisplayed_By_xpath_img_id_hplogo_or_alt_Google.png"]. @13-01-2022 06:40:39.0480 AM
[ReportManager] File Action [DoesFileExist] successfully performed. With the following test data [File Path: "src/main/resources/dynamicObjectRepository/tests_gui_google_B_Search_FlatTest_SHAFT_navigateToGoogleHomeAndAssertGoogleLogoIsDisplayed_By_xpath_img_id_hplogo_or_alt_Google.png"]. @13-01-2022 06:40:39.0481 AM
[ReportManager] Loaded Shared OpenCV @13-01-2022 06:40:39.0928 AM
[ReportManager] Successfully identified the element using AI; OpenCV. @13-01-2022 06:40:39.0949 AM
[ReportManager] Assertion Passed: Asserting that the Google logo is displayed @13-01-2022 06:40:39.0951 AM
[ReportManager] Successfully created attachment [Validation Test Data - Reference Screenshot] @13-01-2022 06:40:39.0956 AM
[ReportManager] Successfully created attachment [Validation Test Data - Actual Screenshot] @13-01-2022 06:40:39.0956 AM
[ReportManager] Assertion [ValidateElementMatches] PASSED. Expected [Element should match the reference screenshot] and Actual [TRUE]. Comparison Type [EXACT_OPENCV]. Validation Type [POSITIVE]. @13-01-2022 06:40:39.0957 A
[ReportManager] Browser Action [CloseCurrentWindow] successfully performed. @13-01-2022 06:40:40.0133 AM
[ReportManager] Successfully created attachment [Browser Action Test Data - CloseCurrentWindow - Actual Value] @13-01-2022 06:40:40.0136 A
[ReportManager] File Action [GetAbsolutePath] successfully performed. With the following test data [Relative Folder Path: "target/downloadedFiles/"]. @13-01-2022 06:40:40.0155 AM
[ReportManager] Attempting to run remotely on: [Linux-64], [GoogleChrome], [http://localhost:4444/wd/hub], Headless Execution. @13-01-2022 06:40:40.0156 AM
[ReportManager] Successfully Opened [GoogleChrome]. @13-01-2022 06:40:40.0587 AM
[ReportManager] Target URL: [https://www.google.com/ncr], and after redirection: [https://www.google.com] @13-01-2022 06:40:40.0587 AM
[ReportManager] Initial URL: [data:,] @13-01-2022 06:40:40.0689 AM
[ReportManager] Browser Action [NavigateToURL] successfully performed. With the following test data [https://www.google.com/ncr]. @13-01-2022 06:40:41.0648 A

################################################################################################################################################
Starting Execution:	[2 out of 23] test cases in the current suite
Test Method:		[tests.gui.google.B_Search_FlatTest_SHAFT.navigateToGoogleHomeAndAssertPageTitle]
################################################################################################################################################
[ReportManager] Browser Action [GetCurrentWindowTitle] successfully performed. With the following test data [Google]. @13-01-2022 06:40:41.0706 AM
[ReportManager] Assertion Passed: Asserting that the page title is Google @13-01-2022 06:40:42.0386 AM
[ReportManager] Successfully created attachment [Screenshot - 1642056041924_navigateToGoogleHomeAndAssertPageTitle_ValidateBrowserAttribute_passed] @13-01-2022 06:40:42.0400 AM
[ReportManager] Assertion [ValidateBrowserAttribute] PASSED. Expected [Value Should be 'Google' for the 'Title' attribute] and Actual [Google]. Comparison Type [EQUALS]. Validation Type [POSITIVE]. @13-01-2022 06:40:42.0400 A
[ReportManager] Browser Action [CloseCurrentWindow] successfully performed. @13-01-2022 06:40:42.0543 AM
[ReportManager] Successfully created attachment [Browser Action Test Data - CloseCurrentWindow - Actual Value] @13-01-2022 06:40:42.0544 A
[ReportManager] File Action [GetAbsolutePath] successfully performed. With the following test data [Relative Folder Path: "target/downloadedFiles/"]. @13-01-2022 06:40:42.0548 AM
[ReportManager] Attempting to run remotely on: [Linux-64], [GoogleChrome], [http://localhost:4444/wd/hub], Headless Execution. @13-01-2022 06:40:42.0549 AM
[ReportManager] Successfully Opened [GoogleChrome]. @13-01-2022 06:40:42.0905 AM
[ReportManager] Target URL: [https://www.google.com/ncr], and after redirection: [https://www.google.com] @13-01-2022 06:40:42.0909 AM
[ReportManager] Initial URL: [data:,] @13-01-2022 06:40:42.0986 AM
[ReportManager] Browser Action [NavigateToURL] successfully performed. With the following test data [https://www.google.com/ncr]. @13-01-2022 06:40:43.0984 A

################################################################################################################################################
Starting Execution:	[3 out of 23] test cases in the current suite
Test Method:		[tests.gui.google.B_Search_FlatTest_SHAFT.searchForQueryAndAssertFirstResultTextIsCorrect]
################################################################################################################################################
[ReportManager] Element Action [Type] successfully performed. With the following test data [SHAFT_Engine]. @13-01-2022 06:40:44.0448 AM
[ReportManager] Element Action [KeyPress] successfully performed. With the following test data [ENTER]. @13-01-2022 06:40:45.0969 AM
[ReportManager] Element Action [GetText] successfully performed. With the following test data [SHAFT_ENGINE is a Test Automation Engine that ... - GitHub]. @13-01-2022 06:40:46.0086 AM
[ReportManager] Loaded Shared OpenCV @13-01-2022 06:40:46.0455 AM
[ReportManager] Assertion Failed: Asserting that the correct first result is displayed @13-01-2022 06:40:46.0698 AM
[ReportManager] Successfully created attachment [Screenshot - 1642056046455_searchForQueryAndAssertFirstResultTextIsCorrect_ValidateElementAttribute_failed] @13-01-2022 06:40:46.0706 AM
[ReportManager] Assertion [ValidateElementAttribute] FAILED. Expected [Value Should be 'MohabMohie' for the 'Text' attribute, element locator 'By.xpath: (//h1[contains(text(),'Search Result')]/following-sibling::div//a/h3)[1]'] and Actual [SHAFT_ENGINE is a Test Automation Engine that ... - GitHub]. Comparison Type [CONTAINS]. Validation Type [POSITIVE]. @13-01-2022 06:40:46.0706 A
[ReportManager] Browser Action [CloseCurrentWindow] successfully performed. @13-01-2022 06:40:46.0932 AM
[ReportManager] Successfully created attachment [Browser Action Test Data - CloseCurrentWindow - Actual Value] @13-01-2022 06:40:46.0943 A
[ReportManager] An Exception Occured with this Message: src/test/resources/testDataFiles/Google/SimpleSearch.xlsx (No such file or directory). @13-01-2022 06:40:46.0954 AM
[ReportManager] Successfully created attachment [Exception Stack Trace - java.io.FileNotFoundException] @13-01-2022 06:40:46.0954 AM
[ReportManager] Couldn't find the desired file. [src/test/resources/testDataFiles/Google/SimpleSearch.xlsx]. @13-01-2022 06:40:46.0955 A


################################################################################################################################################
Starting Execution:	[4 out of 23] test cases in the current suite
Test Method:		[tests.gui.google.G_Search_PageObjectModel_ThreadSafe.navigateToGoogleHomeAndAssertGoogleLogoIsDisplayed]
###############################################################################################################################################



################################################################################################################################################
Starting Execution:	[5 out of 23] test cases in the current suite
Test Method:		[tests.gui.google.G_Search_PageObjectModel_ThreadSafe.navigateToGoogleHomeAndAssertPageTitle]
###############################################################################################################################################



################################################################################################################################################
Starting Execution:	[6 out of 23] test cases in the current suite
Test Method:		[tests.gui.google.G_Search_PageObjectModel_ThreadSafe.searchForQueryAndAssertFirstResultTextIsCorrect]
###############################################################################################################################################

[ReportManager] File Action [GetAbsolutePath] successfully performed. With the following test data [Relative Folder Path: "target/downloadedFiles/"]. @13-01-2022 06:40:46.0988 AM
[ReportManager] Attempting to run remotely on: [Linux-64], [GoogleChrome], [http://localhost:4444/wd/hub], Headless Execution. @13-01-2022 06:40:46.0988 AM
[ReportManager] Successfully Opened [GoogleChrome]. @13-01-2022 06:40:47.0348 AM
[ReportManager] Target URL: [https://www.google.com/ncr], and after redirection: [https://www.google.com] @13-01-2022 06:40:47.0349 AM
[ReportManager] Initial URL: [data:,] @13-01-2022 06:40:47.0425 AM
[ReportManager] Browser Action [NavigateToURL] successfully performed. With the following test data [https://www.google.com/ncr]. @13-01-2022 06:40:48.0379 A

################################################################################################################################################
Starting Execution:	[7 out of 23] test cases in the current suite
Test Method:		[tests.gui.google.C_Search_PageObjectModel_Traditional.navigateToGoogleHomeAndAssertGoogleLogoIsDisplayed]
################################################################################################################################################
[ReportManager] Element Action [IsElementDisplayed] successfully performed. @13-01-2022 06:40:48.0519 AM
[ReportManager] Assertion Passed: Asserting that the Google logo is displayed @13-01-2022 06:40:48.0519 AM
[ReportManager] Assertion [ValidateTrue] PASSED. Expected [TRUE] and Actual [TRUE]. Validation Type [POSITIVE]. @13-01-2022 06:40:48.0519 A
[ReportManager] Browser Action [CloseCurrentWindow] successfully performed. @13-01-2022 06:40:48.0683 AM
[ReportManager] Successfully created attachment [Browser Action Test Data - CloseCurrentWindow - Actual Value] @13-01-2022 06:40:48.0684 A
[ReportManager] File Action [GetAbsolutePath] successfully performed. With the following test data [Relative Folder Path: "target/downloadedFiles/"]. @13-01-2022 06:40:48.0689 AM
[ReportManager] Attempting to run remotely on: [Linux-64], [GoogleChrome], [http://localhost:4444/wd/hub], Headless Execution. @13-01-2022 06:40:48.0689 AM
[ReportManager] Successfully Opened [GoogleChrome]. @13-01-2022 06:40:48.0934 AM
[ReportManager] Target URL: [https://www.google.com/ncr], and after redirection: [https://www.google.com] @13-01-2022 06:40:48.0938 AM
[ReportManager] Initial URL: [data:,] @13-01-2022 06:40:49.0017 AM
[ReportManager] Browser Action [NavigateToURL] successfully performed. With the following test data [https://www.google.com/ncr]. @13-01-2022 06:40:49.0956 A

################################################################################################################################################
Starting Execution:	[8 out of 23] test cases in the current suite
Test Method:		[tests.gui.google.C_Search_PageObjectModel_Traditional.navigateToGoogleHomeAndAssertPageTitle]
################################################################################################################################################
[ReportManager] Browser Action [GetCurrentWindowTitle] successfully performed. With the following test data [Google]. @13-01-2022 06:40:50.0001 AM
[ReportManager] Assertion Passed: Asserting that the page title is Google @13-01-2022 06:40:50.0002 AM
[ReportManager] Assertion [ValidateEquals] PASSED. Expected [Google] and Actual [Google]. Comparison Type [EQUALS]. Validation Type [POSITIVE]. @13-01-2022 06:40:50.0002 A
[ReportManager] Browser Action [CloseCurrentWindow] successfully performed. @13-01-2022 06:40:50.0148 AM
[ReportManager] Successfully created attachment [Browser Action Test Data - CloseCurrentWindow - Actual Value] @13-01-2022 06:40:50.0149 A
[ReportManager] File Action [GetAbsolutePath] successfully performed. With the following test data [Relative Folder Path: "target/downloadedFiles/"]. @13-01-2022 06:40:50.0156 AM
[ReportManager] Attempting to run remotely on: [Linux-64], [GoogleChrome], [http://localhost:4444/wd/hub], Headless Execution. @13-01-2022 06:40:50.0157 AM
[ReportManager] Successfully Opened [GoogleChrome]. @13-01-2022 06:40:50.0383 AM
[ReportManager] Target URL: [https://www.google.com/ncr], and after redirection: [https://www.google.com] @13-01-2022 06:40:50.0383 AM
[ReportManager] Initial URL: [data:,] @13-01-2022 06:40:50.0472 AM
[ReportManager] Browser Action [NavigateToURL] successfully performed. With the following test data [https://www.google.com/ncr]. @13-01-2022 06:40:51.0699 A

################################################################################################################################################
Starting Execution:	[9 out of 23] test cases in the current suite
Test Method:		[tests.gui.google.C_Search_PageObjectModel_Traditional.searchForQueryAndAssertFirstResultTextIsCorrect]
################################################################################################################################################
[ReportManager] Element Action [Type] successfully performed. With the following test data [SHAFT_Engine]. @13-01-2022 06:40:52.0155 AM
[ReportManager] Element Action [KeyPress] successfully performed. With the following test data [ENTER]. @13-01-2022 06:40:53.0515 AM
[ReportManager] Element Action [GetText] successfully performed. With the following test data [SHAFT_ENGINE is a Test Automation Engine that ... - GitHub]. @13-01-2022 06:40:53.0634 AM
[ReportManager] Assertion Failed: Asserting that the correct first result is displayed @13-01-2022 06:40:53.0635 AM
[ReportManager] Assertion [ValidateEquals] FAILED. Expected [MohabMohie] and Actual [SHAFT_ENGINE is a Test Automation Engine that ... - GitHub]. Comparison Type [CONTAINS]. Validation Type [POSITIVE]. @13-01-2022 06:40:53.0635 A
[ReportManager] Browser Action [CloseCurrentWindow] successfully performed. @13-01-2022 06:40:53.0882 AM
[ReportManager] Successfully created attachment [Browser Action Test Data - CloseCurrentWindow - Actual Value] @13-01-2022 06:40:53.0886 A
[ReportManager] An Exception Occured with this Message: src/test/resources/testDataFiles/Google/SimpleSearch.xlsx (No such file or directory). @13-01-2022 06:40:53.0890 AM
[ReportManager] Successfully created attachment [Exception Stack Trace - java.io.FileNotFoundException] @13-01-2022 06:40:53.0890 AM
[ReportManager] Couldn't find the desired file. [src/test/resources/testDataFiles/Google/SimpleSearch.xlsx]. @13-01-2022 06:40:53.0890 A


################################################################################################################################################
Starting Execution:	[10 out of 23] test cases in the current suite
Test Method:		[tests.gui.google.F_Search_PageObjectModel_Fluent.navigateToGoogleHomeAndAssertGoogleLogoIsDisplayed]
###############################################################################################################################################



################################################################################################################################################
Starting Execution:	[11 out of 23] test cases in the current suite
Test Method:		[tests.gui.google.F_Search_PageObjectModel_Fluent.navigateToGoogleHomeAndAssertPageTitle]
###############################################################################################################################################



################################################################################################################################################
Starting Execution:	[12 out of 23] test cases in the current suite
Test Method:		[tests.gui.google.F_Search_PageObjectModel_Fluent.searchForQueryAndAssertFirstResultTextIsCorrect]
###############################################################################################################################################

[ReportManager] An Exception Occured with this Message: src/test/resources/testDataFiles/Google/SimpleSearch.xlsx (No such file or directory). @13-01-2022 06:40:53.0931 AM
[ReportManager] Successfully created attachment [Exception Stack Trace - java.io.FileNotFoundException] @13-01-2022 06:40:53.0931 AM
[ReportManager] Couldn't find the desired file. [src/test/resources/testDataFiles/Google/SimpleSearch.xlsx]. @13-01-2022 06:40:53.0933 A


################################################################################################################################################
Starting Execution:	[13 out of 23] test cases in the current suite
Test Method:		[tests.gui.google.E_Search_PageObjectModel_Traditional_SHAFTAssertions.navigateToGoogleHomeAndAssertGoogleLogoIsDisplayed]
###############################################################################################################################################



################################################################################################################################################
Starting Execution:	[14 out of 23] test cases in the current suite
Test Method:		[tests.gui.google.E_Search_PageObjectModel_Traditional_SHAFTAssertions.navigateToGoogleHomeAndAssertPageTitle]
###############################################################################################################################################



################################################################################################################################################
Starting Execution:	[15 out of 23] test cases in the current suite
Test Method:		[tests.gui.google.E_Search_PageObjectModel_Traditional_SHAFTAssertions.searchForQueryAndAssertFirstResultTextIsCorrect]
###############################################################################################################################################

[ReportManager] An Exception Occured with this Message: src/test/resources/testDataFiles/Google/SimpleSearch.xlsx (No such file or directory). @13-01-2022 06:40:53.0953 AM
[ReportManager] Successfully created attachment [Exception Stack Trace - java.io.FileNotFoundException] @13-01-2022 06:40:53.0953 AM
[ReportManager] Couldn't find the desired file. [src/test/resources/testDataFiles/Google/SimpleSearch.xlsx]. @13-01-2022 06:40:53.0953 A


################################################################################################################################################
Starting Execution:	[16 out of 23] test cases in the current suite
Test Method:		[tests.gui.google.D_Search_PageObjectModel_Traditional_DataDriven.navigateToGoogleHomeAndAssertGoogleLogoIsDisplayed]
###############################################################################################################################################



################################################################################################################################################
Starting Execution:	[17 out of 23] test cases in the current suite
Test Method:		[tests.gui.google.D_Search_PageObjectModel_Traditional_DataDriven.navigateToGoogleHomeAndAssertPageTitle]
###############################################################################################################################################



################################################################################################################################################
Starting Execution:	[18 out of 23] test cases in the current suite
Test Method:		[tests.gui.google.D_Search_PageObjectModel_Traditional_DataDriven.searchForQueryAndAssertFirstResultTextIsCorrect]
###############################################################################################################################################




################################################################################################################################################
Starting Execution:	[19 out of 23] test cases in the current suite
Test Method:		[tests.gui.google.A_Search_FlatTest_NativeSeleniumWebDriver.navigateToGoogleHomeAndAssertGoogleLogoIsDisplayed]
###############################################################################################################################################



################################################################################################################################################
Starting Execution:	[20 out of 23] test cases in the current suite
Test Method:		[tests.gui.google.A_Search_FlatTest_NativeSeleniumWebDriver.navigateToGoogleHomeAndAssertPageTitle]
###############################################################################################################################################



################################################################################################################################################
Starting Execution:	[21 out of 23] test cases in the current suite
Test Method:		[tests.gui.google.A_Search_FlatTest_NativeSeleniumWebDriver.searchForQueryAndAssertFirstResultTextIsCorrect]
###############################################################################################################################################


################################################################################################################################################
Starting Execution:	[22 out of 23] test cases in the current suite
Test Method:		[tests.api.users.UserData.validateUserEmail]
################################################################################################################################################
[ReportManager] Response status code: [200], status line: [HTTP/1.1 200 OK] @13-01-2022 06:41:19.0726 AM
[ReportManager] Assertion Passed: Evaluating the actual response status code against the expected one... @13-01-2022 06:41:19.0731 AM
[ReportManager] Assertion [ValidateComparativeRelation] PASSED. Expected [200] and Actual [200]. Comparison Type [EQUALS]. Validation Type [POSITIVE]. @13-01-2022 06:41:19.0731 AM
[ReportManager] API Action [PerformRequest] successfully performed. With the following test data [Request Type: "GET" | Target Status Code: "200" | Service URL: "https://jsonplaceholder.typicode.com/users" | Content Type: "*/*" | Response Time: "669ms"]. @13-01-2022 06:41:20.0701 AM
[ReportManager] Successfully created attachment [API Request - Specifications] @13-01-2022 06:41:20.0702 AM
[ReportManager] Successfully created attachment [API Response - JSON Body] @13-01-2022 06:41:20.0927 AM
[ReportManager] Assertion [ValidateEquals] PASSED. Expected and Actual values are attached. Comparison Type [CONTAINS]. Validation Type [POSITIVE]. @13-01-2022 06:41:20.0927 AM
[ReportManager] Successfully created attachment [Validation Test Data - Expected Value] @13-01-2022 06:41:20.0928 AM
[ReportManager] Successfully created attachment [Validation Test Data - Actual Value] @13-01-2022 06:41:20.0928 AM
[ReportManager] API Action [GetResponseJSONValueAsList] successfully performed. With the following test data [$]. @13-01-2022 06:41:20.0937 AM
[ReportManager] API Action [GetResponseJSONValue] successfully performed. With the following test data [name]. @13-01-2022 06:41:20.0957 AM
[ReportManager] API Action [GetResponseJSONValue] successfully performed. With the following test data [email]. @13-01-2022 06:41:20.0970 AM
[ReportManager] Assertion [ValidateEquals] PASSED. Expected [Sincere@april.biz] and Actual [Sincere@april.biz]. Comparison Type [EQUALS]. Validation Type [POSITIVE]. @13-01-2022 06:41:20.0970 AM
[ReportManager] API Action [GetResponseJSONValue] successfully performed. With the following test data [name]. @13-01-2022 06:41:20.0990 AM
[ReportManager] API Action [GetResponseJSONValue] successfully performed. With the following test data [name]. @13-01-2022 06:41:21.0003 AM
[ReportManager] API Action [GetResponseJSONValue] successfully performed. With the following test data [name]. @13-01-2022 06:41:21.0015 AM
[ReportManager] API Action [GetResponseJSONValue] successfully performed. With the following test data [name]. @13-01-2022 06:41:21.0026 AM
[ReportManager] API Action [GetResponseJSONValue] successfully performed. With the following test data [name]. @13-01-2022 06:41:21.0038 AM
[ReportManager] API Action [GetResponseJSONValue] successfully performed. With the following test data [name]. @13-01-2022 06:41:21.0049 AM
[ReportManager] API Action [GetResponseJSONValue] successfully performed. With the following test data [name]. @13-01-2022 06:41:21.0061 AM
[ReportManager] API Action [GetResponseJSONValue] successfully performed. With the following test data [name]. @13-01-2022 06:41:21.0074 AM
[ReportManager] API Action [GetResponseJSONValue] successfully performed. With the following test data [name]. @13-01-2022 06:41:21.0090 A

################################################################################################################################################
Starting Execution:	[23 out of 23] test cases in the current suite
Test Method:		[tests.cli.demo.cliTest.sampleTestCase]
################################################################################################################################################
[ReportManager] Attempting to perform the following command locally. Command: [ls] @13-01-2022 06:41:21.0111 AM
[ReportManager] Terminal Action [PerformTerminalCommands] successfully performed. With the following test data [Host Name: "localHost" | Command: "ls" | Exit Status: "0"]. @13-01-2022 06:41:21.0119 AM
[ReportManager] Successfully created attachment [Terminal Action Actual Result - Command Log] @13-01-2022 06:41:21.0120 AM
[ReportManager] Assertion Passed: Demoing local terminal actions @13-01-2022 06:41:21.0120 AM
[ReportManager] Assertion [ValidateEquals] PASSED. Expected [pom.xml] and Actual [LICENSE
README.md
allure-results
docker-compose_native.yml
docker-compose_zalenium.yml
extent-reports
pom.xml
readMeImgs
src
target]. Comparison Type [CONTAINS]. Validation Type [POSITIVE]. @13-01-2022 06:41:21.0120 A
[ReportManager] Successfully created attachment [SHAFT Engine Logs - Execution log] @13-01-2022 06:41:21.0137 AM

################################################################################################################################################
This test run was powered by SHAFT Engine Version: [SHAFT Engine v5.4.20211117-BETA]
SHAFT Engine is licensed under the MIT License: [https://github.com/MohabMohie/SHAFT_ENGINE/blob/master/LICENSE].
################################################################################################################################################