################################################################################################################################################
Detected SHAFT Engine Version: [SHAFT Engine v5.4.20211117-BETA]
################################################################################################################################################

################################################################################################################################################
Starting Execution:	[1 out of 23] test cases in the current suite
Test Method:		[tests.api.users.UserData.validateUserEmail]
################################################################################################################################################
[ReportManager] Response status code: [200], status line: [HTTP/1.1 200 OK] @23-01-2022 01:31:01.0083 AM
[ReportManager] Assertion Passed: Evaluating the actual response status code against the expected one... @23-01-2022 01:31:01.0091 AM
[ReportManager] Assertion [ValidateComparativeRelation] PASSED. Expected [200] and Actual [200]. Comparison Type [EQUALS]. Validation Type [POSITIVE]. @23-01-2022 01:31:01.0096 AM
[ReportManager] API Action [PerformRequest] successfully performed. With the following test data [Request Type: "GET" | Target Status Code: "200" | Service URL: "https://jsonplaceholder.typicode.com/users" | Content Type: "*/*" | Response Time: "833ms"]. @23-01-2022 01:31:02.0186 AM
[ReportManager] Successfully created attachment [API Request - Specifications] @23-01-2022 01:31:02.0187 AM
[ReportManager] Successfully created attachment [API Response - JSON Body] @23-01-2022 01:31:02.0391 AM
[ReportManager] Assertion [ValidateEquals] PASSED. Expected and Actual values are attached. Comparison Type [CONTAINS]. Validation Type [POSITIVE]. @23-01-2022 01:31:02.0399 AM
[ReportManager] Successfully created attachment [Validation Test Data - Expected Value] @23-01-2022 01:31:02.0399 AM
[ReportManager] Successfully created attachment [Validation Test Data - Actual Value] @23-01-2022 01:31:02.0400 AM
[ReportManager] API Action [GetResponseJSONValueAsList] successfully performed. With the following test data [$]. @23-01-2022 01:31:02.0409 AM
[ReportManager] API Action [GetResponseJSONValue] successfully performed. With the following test data [name]. @23-01-2022 01:31:02.0428 AM
[ReportManager] API Action [GetResponseJSONValue] successfully performed. With the following test data [email]. @23-01-2022 01:31:02.0439 AM
[ReportManager] Assertion [ValidateEquals] PASSED. Expected [Sincere@april.biz] and Actual [Sincere@april.biz]. Comparison Type [EQUALS]. Validation Type [POSITIVE]. @23-01-2022 01:31:02.0440 AM
[ReportManager] API Action [GetResponseJSONValue] successfully performed. With the following test data [name]. @23-01-2022 01:31:02.0449 AM
[ReportManager] API Action [GetResponseJSONValue] successfully performed. With the following test data [name]. @23-01-2022 01:31:02.0459 AM
[ReportManager] API Action [GetResponseJSONValue] successfully performed. With the following test data [name]. @23-01-2022 01:31:02.0468 AM
[ReportManager] API Action [GetResponseJSONValue] successfully performed. With the following test data [name]. @23-01-2022 01:31:02.0477 AM
[ReportManager] API Action [GetResponseJSONValue] successfully performed. With the following test data [name]. @23-01-2022 01:31:02.0486 AM
[ReportManager] API Action [GetResponseJSONValue] successfully performed. With the following test data [name]. @23-01-2022 01:31:02.0496 AM
[ReportManager] API Action [GetResponseJSONValue] successfully performed. With the following test data [name]. @23-01-2022 01:31:02.0529 AM
[ReportManager] API Action [GetResponseJSONValue] successfully performed. With the following test data [name]. @23-01-2022 01:31:02.0561 AM
[ReportManager] API Action [GetResponseJSONValue] successfully performed. With the following test data [name]. @23-01-2022 01:31:02.0570 A

################################################################################################################################################
Starting Execution:	[2 out of 23] test cases in the current suite
Test Method:		[tests.cli.demo.cliTest.sampleTestCase]
################################################################################################################################################
[ReportManager] Attempting to perform the following command locally. Command: [ls] @23-01-2022 01:31:02.0663 AM
[ReportManager] Terminal Action [PerformTerminalCommands] successfully performed. With the following test data [Host Name: "localHost" | Command: "ls" | Exit Status: "0"]. @23-01-2022 01:31:02.0677 AM
[ReportManager] Successfully created attachment [Terminal Action Actual Result - Command Log] @23-01-2022 01:31:02.0678 AM
[ReportManager] Assertion Passed: Demoing local terminal actions @23-01-2022 01:31:02.0678 AM
[ReportManager] Assertion [ValidateEquals] PASSED. Expected [pom.xml] and Actual [LICENSE
README.md
allure-results
docker-compose_native.yml
docker-compose_zalenium.yml
extent-reports
pom.xml
readMeImgs
src
target]. Comparison Type [CONTAINS]. Validation Type [POSITIVE]. @23-01-2022 01:31:02.0679 A
[ReportManager] File Action [GetAbsolutePath] successfully performed. With the following test data [Relative Folder Path: "target/downloadedFiles/"]. @23-01-2022 01:31:02.0695 AM
[ReportManager] Attempting to run remotely on: [Linux-64], [GoogleChrome], [http://localhost:4444/wd/hub], Headless Execution. @23-01-2022 01:31:02.0706 AM
[ReportManager] Successfully Opened [GoogleChrome]. @23-01-2022 01:31:04.0304 AM
[ReportManager] Target URL: [https://www.google.com/ncr], and after redirection: [https://www.google.com] @23-01-2022 01:31:04.0314 AM
[ReportManager] Initial URL: [data:,] @23-01-2022 01:31:04.0436 AM
[ReportManager] Browser Action [NavigateToURL] successfully performed. With the following test data [https://www.google.com/ncr]. @23-01-2022 01:31:06.0050 A

################################################################################################################################################
Starting Execution:	[3 out of 23] test cases in the current suite
Test Method:		[tests.gui.google.B_Search_FlatTest_SHAFT.navigateToGoogleHomeAndAssertGoogleLogoIsDisplayed]
################################################################################################################################################
[ReportManager] File Action [DoesFileExist] successfully performed. With the following test data [File Path: "src/main/resources/dynamicObjectRepository/tests_gui_google_B_Search_FlatTest_SHAFT_navigateToGoogleHomeAndAssertGoogleLogoIsDisplayed_By_xpath_img_id_hplogo_or_alt_Google.png"]. @23-01-2022 01:31:06.0078 AM
[ReportManager] File Action [GetAbsolutePath] successfully performed. With the following test data [Relative Folder Path: "src/main/resources/dynamicObjectRepository/tests_gui_google_B_Search_FlatTest_SHAFT_navigateToGoogleHomeAndAssertGoogleLogoIsDisplayed_By_xpath_img_id_hplogo_or_alt_Google.png"]. @23-01-2022 01:31:06.0078 AM
[ReportManager] File Action [ReadFromImageFile] successfully performed. With the following test data [File Path: "/home/runner/work/io.github.alidorgham/io.github.alidorgham/src/main/resources/dynamicObjectRepository/tests_gui_google_B_Search_FlatTest_SHAFT_navigateToGoogleHomeAndAssertGoogleLogoIsDisplayed_By_xpath_img_id_hplogo_or_alt_Google.png"]. @23-01-2022 01:31:06.0078 AM
[ReportManager] File Action [DoesFileExist] successfully performed. With the following test data [File Path: "src/main/resources/dynamicObjectRepository/tests_gui_google_B_Search_FlatTest_SHAFT_navigateToGoogleHomeAndAssertGoogleLogoIsDisplayed_By_xpath_img_id_hplogo_or_alt_Google.png"]. @23-01-2022 01:31:06.0336 AM
[ReportManager] File Action [DoesFileExist] successfully performed. With the following test data [File Path: "src/main/resources/dynamicObjectRepository/tests_gui_google_B_Search_FlatTest_SHAFT_navigateToGoogleHomeAndAssertGoogleLogoIsDisplayed_By_xpath_img_id_hplogo_or_alt_Google.png"]. @23-01-2022 01:31:06.0337 AM
[ReportManager] Loaded Shared OpenCV @23-01-2022 01:31:06.0784 AM
[ReportManager] Successfully identified the element using AI; OpenCV. @23-01-2022 01:31:06.0803 AM
[ReportManager] Assertion Passed: Asserting that the Google logo is displayed @23-01-2022 01:31:06.0805 AM
[ReportManager] Successfully created attachment [Validation Test Data - Reference Screenshot] @23-01-2022 01:31:06.0806 AM
[ReportManager] Successfully created attachment [Validation Test Data - Actual Screenshot] @23-01-2022 01:31:06.0806 AM
[ReportManager] Assertion [ValidateElementMatches] PASSED. Expected [Element should match the reference screenshot] and Actual [TRUE]. Comparison Type [EXACT_OPENCV]. Validation Type [POSITIVE]. @23-01-2022 01:31:06.0806 A
[ReportManager] Browser Action [CloseCurrentWindow] successfully performed. @23-01-2022 01:31:06.0974 AM
[ReportManager] Successfully created attachment [Browser Action Test Data - CloseCurrentWindow - Actual Value] @23-01-2022 01:31:06.0982 A
[ReportManager] File Action [GetAbsolutePath] successfully performed. With the following test data [Relative Folder Path: "target/downloadedFiles/"]. @23-01-2022 01:31:06.0994 AM
[ReportManager] Attempting to run remotely on: [Linux-64], [GoogleChrome], [http://localhost:4444/wd/hub], Headless Execution. @23-01-2022 01:31:06.0996 AM
[ReportManager] Successfully Opened [GoogleChrome]. @23-01-2022 01:31:07.0375 AM
[ReportManager] Target URL: [https://www.google.com/ncr], and after redirection: [https://www.google.com] @23-01-2022 01:31:07.0375 AM
[ReportManager] Initial URL: [data:,] @23-01-2022 01:31:07.0458 AM
[ReportManager] Browser Action [NavigateToURL] successfully performed. With the following test data [https://www.google.com/ncr]. @23-01-2022 01:31:11.0100 A

################################################################################################################################################
Starting Execution:	[4 out of 23] test cases in the current suite
Test Method:		[tests.gui.google.B_Search_FlatTest_SHAFT.navigateToGoogleHomeAndAssertPageTitle]
################################################################################################################################################
[ReportManager] Browser Action [GetCurrentWindowTitle] successfully performed. With the following test data [Google]. @23-01-2022 01:31:11.0154 AM
[ReportManager] Assertion Passed: Asserting that the page title is Google @23-01-2022 01:31:11.0703 AM
[ReportManager] Successfully created attachment [Screenshot - 1642901471349_navigateToGoogleHomeAndAssertPageTitle_ValidateBrowserAttribute_passed] @23-01-2022 01:31:11.0712 AM
[ReportManager] Assertion [ValidateBrowserAttribute] PASSED. Expected [Value Should be 'Google' for the 'Title' attribute] and Actual [Google]. Comparison Type [EQUALS]. Validation Type [POSITIVE]. @23-01-2022 01:31:11.0712 A
[ReportManager] Browser Action [CloseCurrentWindow] successfully performed. @23-01-2022 01:31:11.0877 AM
[ReportManager] Successfully created attachment [Browser Action Test Data - CloseCurrentWindow - Actual Value] @23-01-2022 01:31:11.0880 A
[ReportManager] File Action [GetAbsolutePath] successfully performed. With the following test data [Relative Folder Path: "target/downloadedFiles/"]. @23-01-2022 01:31:11.0892 AM
[ReportManager] Attempting to run remotely on: [Linux-64], [GoogleChrome], [http://localhost:4444/wd/hub], Headless Execution. @23-01-2022 01:31:11.0893 AM
[ReportManager] Successfully Opened [GoogleChrome]. @23-01-2022 01:31:12.0270 AM
[ReportManager] Target URL: [https://www.google.com/ncr], and after redirection: [https://www.google.com] @23-01-2022 01:31:12.0271 AM
[ReportManager] Initial URL: [data:,] @23-01-2022 01:31:12.0362 AM
[ReportManager] Browser Action [NavigateToURL] successfully performed. With the following test data [https://www.google.com/ncr]. @23-01-2022 01:31:15.0195 A

################################################################################################################################################
Starting Execution:	[5 out of 23] test cases in the current suite
Test Method:		[tests.gui.google.B_Search_FlatTest_SHAFT.searchForQueryAndAssertFirstResultTextIsCorrect]
################################################################################################################################################
[ReportManager] Element Action [Type] successfully performed. With the following test data [SHAFT_Engine]. @23-01-2022 01:31:15.0666 AM
[ReportManager] Element Action [KeyPress] successfully performed. With the following test data [ENTER]. @23-01-2022 01:31:17.0240 AM
[ReportManager] Element Action [GetText] successfully performed. With the following test data [SHAFT_ENGINE is a Test Automation Engine that ... - GitHub]. @23-01-2022 01:31:17.0370 AM
[ReportManager] Loaded Shared OpenCV @23-01-2022 01:31:17.0759 AM
[ReportManager] Assertion Failed: Asserting that the correct first result is displayed @23-01-2022 01:31:18.0004 AM
[ReportManager] Successfully created attachment [Screenshot - 1642901477759_searchForQueryAndAssertFirstResultTextIsCorrect_ValidateElementAttribute_failed] @23-01-2022 01:31:18.0013 AM
[ReportManager] Assertion [ValidateElementAttribute] FAILED. Expected [Value Should be 'MohabMohie' for the 'Text' attribute, element locator 'By.xpath: (//h1[contains(text(),'Search Result')]/following-sibling::div//a/h3)[1]'] and Actual [SHAFT_ENGINE is a Test Automation Engine that ... - GitHub]. Comparison Type [CONTAINS]. Validation Type [POSITIVE]. @23-01-2022 01:31:18.0013 A
[ReportManager] Browser Action [CloseCurrentWindow] successfully performed. @23-01-2022 01:31:18.0337 AM
[ReportManager] Successfully created attachment [Browser Action Test Data - CloseCurrentWindow - Actual Value] @23-01-2022 01:31:18.0354 A
[ReportManager] An Exception Occured with this Message: src/test/resources/testDataFiles/Google/SimpleSearch.xlsx (No such file or directory). @23-01-2022 01:31:18.0367 AM
[ReportManager] Successfully created attachment [Exception Stack Trace - java.io.FileNotFoundException] @23-01-2022 01:31:18.0367 AM
[ReportManager] Couldn't find the desired file. [src/test/resources/testDataFiles/Google/SimpleSearch.xlsx]. @23-01-2022 01:31:18.0368 A


################################################################################################################################################
Starting Execution:	[6 out of 23] test cases in the current suite
Test Method:		[tests.gui.google.F_Search_PageObjectModel_Fluent.navigateToGoogleHomeAndAssertGoogleLogoIsDisplayed]
###############################################################################################################################################



################################################################################################################################################
Starting Execution:	[7 out of 23] test cases in the current suite
Test Method:		[tests.gui.google.F_Search_PageObjectModel_Fluent.navigateToGoogleHomeAndAssertPageTitle]
###############################################################################################################################################



################################################################################################################################################
Starting Execution:	[8 out of 23] test cases in the current suite
Test Method:		[tests.gui.google.F_Search_PageObjectModel_Fluent.searchForQueryAndAssertFirstResultTextIsCorrect]
###############################################################################################################################################

[ReportManager] File Action [GetAbsolutePath] successfully performed. With the following test data [Relative Folder Path: "target/downloadedFiles/"]. @23-01-2022 01:31:18.0392 AM
[ReportManager] Attempting to run remotely on: [Linux-64], [GoogleChrome], [http://localhost:4444/wd/hub], Headless Execution. @23-01-2022 01:31:18.0392 AM
[ReportManager] Successfully Opened [GoogleChrome]. @23-01-2022 01:31:18.0732 AM
[ReportManager] Target URL: [https://www.google.com/ncr], and after redirection: [https://www.google.com] @23-01-2022 01:31:18.0734 AM
[ReportManager] Initial URL: [data:,] @23-01-2022 01:31:18.0857 AM
[ReportManager] Browser Action [NavigateToURL] successfully performed. With the following test data [https://www.google.com/ncr]. @23-01-2022 01:31:22.0589 A

################################################################################################################################################
Starting Execution:	[9 out of 23] test cases in the current suite
Test Method:		[tests.gui.google.C_Search_PageObjectModel_Traditional.navigateToGoogleHomeAndAssertGoogleLogoIsDisplayed]
################################################################################################################################################
[ReportManager] Element Action [IsElementDisplayed] successfully performed. @23-01-2022 01:31:22.0727 AM
[ReportManager] Assertion Passed: Asserting that the Google logo is displayed @23-01-2022 01:31:22.0731 AM
[ReportManager] Assertion [ValidateTrue] PASSED. Expected [TRUE] and Actual [TRUE]. Validation Type [POSITIVE]. @23-01-2022 01:31:22.0731 A
[ReportManager] Browser Action [CloseCurrentWindow] successfully performed. @23-01-2022 01:31:22.0830 AM
[ReportManager] Successfully created attachment [Browser Action Test Data - CloseCurrentWindow - Actual Value] @23-01-2022 01:31:22.0831 A
[ReportManager] File Action [GetAbsolutePath] successfully performed. With the following test data [Relative Folder Path: "target/downloadedFiles/"]. @23-01-2022 01:31:22.0834 AM
[ReportManager] Attempting to run remotely on: [Linux-64], [GoogleChrome], [http://localhost:4444/wd/hub], Headless Execution. @23-01-2022 01:31:22.0834 AM
[ReportManager] Successfully Opened [GoogleChrome]. @23-01-2022 01:31:23.0049 AM
[ReportManager] Target URL: [https://www.google.com/ncr], and after redirection: [https://www.google.com] @23-01-2022 01:31:23.0049 AM
[ReportManager] Initial URL: [data:,] @23-01-2022 01:31:23.0130 AM
[ReportManager] Browser Action [NavigateToURL] successfully performed. With the following test data [https://www.google.com/ncr]. @23-01-2022 01:31:24.0246 A

################################################################################################################################################
Starting Execution:	[10 out of 23] test cases in the current suite
Test Method:		[tests.gui.google.C_Search_PageObjectModel_Traditional.navigateToGoogleHomeAndAssertPageTitle]
################################################################################################################################################
[ReportManager] Browser Action [GetCurrentWindowTitle] successfully performed. With the following test data [Google]. @23-01-2022 01:31:24.0301 AM
[ReportManager] Assertion Passed: Asserting that the page title is Google @23-01-2022 01:31:24.0301 AM
[ReportManager] Assertion [ValidateEquals] PASSED. Expected [Google] and Actual [Google]. Comparison Type [EQUALS]. Validation Type [POSITIVE]. @23-01-2022 01:31:24.0301 A
[ReportManager] Browser Action [CloseCurrentWindow] successfully performed. @23-01-2022 01:31:24.0439 AM
[ReportManager] Successfully created attachment [Browser Action Test Data - CloseCurrentWindow - Actual Value] @23-01-2022 01:31:24.0448 A
[ReportManager] File Action [GetAbsolutePath] successfully performed. With the following test data [Relative Folder Path: "target/downloadedFiles/"]. @23-01-2022 01:31:24.0454 AM
[ReportManager] Attempting to run remotely on: [Linux-64], [GoogleChrome], [http://localhost:4444/wd/hub], Headless Execution. @23-01-2022 01:31:24.0454 AM
[ReportManager] Successfully Opened [GoogleChrome]. @23-01-2022 01:31:24.0650 AM
[ReportManager] Target URL: [https://www.google.com/ncr], and after redirection: [https://www.google.com] @23-01-2022 01:31:24.0650 AM
[ReportManager] Initial URL: [data:,] @23-01-2022 01:31:24.0754 AM
[ReportManager] Browser Action [NavigateToURL] successfully performed. With the following test data [https://www.google.com/ncr]. @23-01-2022 01:31:25.0846 A

################################################################################################################################################
Starting Execution:	[11 out of 23] test cases in the current suite
Test Method:		[tests.gui.google.C_Search_PageObjectModel_Traditional.searchForQueryAndAssertFirstResultTextIsCorrect]
################################################################################################################################################
[ReportManager] Element Action [Type] successfully performed. With the following test data [SHAFT_Engine]. @23-01-2022 01:31:26.0275 AM
[ReportManager] Element Action [KeyPress] successfully performed. With the following test data [ENTER]. @23-01-2022 01:31:28.0194 AM
[ReportManager] Element Action [GetText] successfully performed. With the following test data [SHAFT_ENGINE is a Test Automation Engine that ... - GitHub]. @23-01-2022 01:31:28.0326 AM
[ReportManager] Assertion Failed: Asserting that the correct first result is displayed @23-01-2022 01:31:28.0326 AM
[ReportManager] Assertion [ValidateEquals] FAILED. Expected [MohabMohie] and Actual [SHAFT_ENGINE is a Test Automation Engine that ... - GitHub]. Comparison Type [CONTAINS]. Validation Type [POSITIVE]. @23-01-2022 01:31:28.0326 A
[ReportManager] Browser Action [CloseCurrentWindow] successfully performed. @23-01-2022 01:31:28.0584 AM
[ReportManager] Successfully created attachment [Browser Action Test Data - CloseCurrentWindow - Actual Value] @23-01-2022 01:31:28.0587 A
[ReportManager] An Exception Occured with this Message: src/test/resources/testDataFiles/Google/SimpleSearch.xlsx (No such file or directory). @23-01-2022 01:31:28.0591 AM
[ReportManager] Successfully created attachment [Exception Stack Trace - java.io.FileNotFoundException] @23-01-2022 01:31:28.0592 AM
[ReportManager] Couldn't find the desired file. [src/test/resources/testDataFiles/Google/SimpleSearch.xlsx]. @23-01-2022 01:31:28.0592 A


################################################################################################################################################
Starting Execution:	[12 out of 23] test cases in the current suite
Test Method:		[tests.gui.google.E_Search_PageObjectModel_Traditional_SHAFTAssertions.navigateToGoogleHomeAndAssertGoogleLogoIsDisplayed]
###############################################################################################################################################



################################################################################################################################################
Starting Execution:	[13 out of 23] test cases in the current suite
Test Method:		[tests.gui.google.E_Search_PageObjectModel_Traditional_SHAFTAssertions.navigateToGoogleHomeAndAssertPageTitle]
###############################################################################################################################################



################################################################################################################################################
Starting Execution:	[14 out of 23] test cases in the current suite
Test Method:		[tests.gui.google.E_Search_PageObjectModel_Traditional_SHAFTAssertions.searchForQueryAndAssertFirstResultTextIsCorrect]
###############################################################################################################################################

[ReportManager] An Exception Occured with this Message: src/test/resources/testDataFiles/Google/SimpleSearch.xlsx (No such file or directory). @23-01-2022 01:31:28.0632 AM
[ReportManager] Successfully created attachment [Exception Stack Trace - java.io.FileNotFoundException] @23-01-2022 01:31:28.0632 AM
[ReportManager] Couldn't find the desired file. [src/test/resources/testDataFiles/Google/SimpleSearch.xlsx]. @23-01-2022 01:31:28.0633 A


################################################################################################################################################
Starting Execution:	[15 out of 23] test cases in the current suite
Test Method:		[tests.gui.google.G_Search_PageObjectModel_ThreadSafe.navigateToGoogleHomeAndAssertGoogleLogoIsDisplayed]
###############################################################################################################################################



################################################################################################################################################
Starting Execution:	[16 out of 23] test cases in the current suite
Test Method:		[tests.gui.google.G_Search_PageObjectModel_ThreadSafe.navigateToGoogleHomeAndAssertPageTitle]
###############################################################################################################################################



################################################################################################################################################
Starting Execution:	[17 out of 23] test cases in the current suite
Test Method:		[tests.gui.google.G_Search_PageObjectModel_ThreadSafe.searchForQueryAndAssertFirstResultTextIsCorrect]
###############################################################################################################################################

[ReportManager] An Exception Occured with this Message: src/test/resources/testDataFiles/Google/SimpleSearch.xlsx (No such file or directory). @23-01-2022 01:31:28.0668 AM
[ReportManager] Successfully created attachment [Exception Stack Trace - java.io.FileNotFoundException] @23-01-2022 01:31:28.0669 AM
[ReportManager] Couldn't find the desired file. [src/test/resources/testDataFiles/Google/SimpleSearch.xlsx]. @23-01-2022 01:31:28.0669 A


################################################################################################################################################
Starting Execution:	[18 out of 23] test cases in the current suite
Test Method:		[tests.gui.google.D_Search_PageObjectModel_Traditional_DataDriven.navigateToGoogleHomeAndAssertGoogleLogoIsDisplayed]
###############################################################################################################################################



################################################################################################################################################
Starting Execution:	[19 out of 23] test cases in the current suite
Test Method:		[tests.gui.google.D_Search_PageObjectModel_Traditional_DataDriven.navigateToGoogleHomeAndAssertPageTitle]
###############################################################################################################################################



################################################################################################################################################
Starting Execution:	[20 out of 23] test cases in the current suite
Test Method:		[tests.gui.google.D_Search_PageObjectModel_Traditional_DataDriven.searchForQueryAndAssertFirstResultTextIsCorrect]
###############################################################################################################################################




################################################################################################################################################
Starting Execution:	[21 out of 23] test cases in the current suite
Test Method:		[tests.gui.google.A_Search_FlatTest_NativeSeleniumWebDriver.navigateToGoogleHomeAndAssertGoogleLogoIsDisplayed]
###############################################################################################################################################



################################################################################################################################################
Starting Execution:	[22 out of 23] test cases in the current suite
Test Method:		[tests.gui.google.A_Search_FlatTest_NativeSeleniumWebDriver.navigateToGoogleHomeAndAssertPageTitle]
###############################################################################################################################################



################################################################################################################################################
Starting Execution:	[23 out of 23] test cases in the current suite
Test Method:		[tests.gui.google.A_Search_FlatTest_NativeSeleniumWebDriver.searchForQueryAndAssertFirstResultTextIsCorrect]
###############################################################################################################################################

[ReportManager] Successfully created attachment [SHAFT Engine Logs - Execution log] @23-01-2022 01:31:55.0132 AM

################################################################################################################################################
This test run was powered by SHAFT Engine Version: [SHAFT Engine v5.4.20211117-BETA]
SHAFT Engine is licensed under the MIT License: [https://github.com/MohabMohie/SHAFT_ENGINE/blob/master/LICENSE].
################################################################################################################################################