################################################################################################################################################
Detected SHAFT Engine Version: [SHAFT Engine v5.4.20211117-BETA]
################################################################################################################################################
[ReportManager] File Action [GetAbsolutePath] successfully performed. With the following test data [Relative Folder Path: "target/downloadedFiles/"]. @04-01-2022 01:39:32.0645 AM
[ReportManager] Attempting to run remotely on: [Linux-64], [GoogleChrome], [http://localhost:4444/wd/hub], Headless Execution. @04-01-2022 01:39:32.0658 AM
[ReportManager] Successfully Opened [GoogleChrome]. @04-01-2022 01:39:34.0623 AM
[ReportManager] Target URL: [https://www.google.com/ncr], and after redirection: [https://www.google.com] @04-01-2022 01:39:34.0633 AM
[ReportManager] Initial URL: [data:,] @04-01-2022 01:39:34.0766 AM
[ReportManager] Browser Action [NavigateToURL] successfully performed. With the following test data [https://www.google.com/ncr]. @04-01-2022 01:39:36.0136 A

################################################################################################################################################
Starting Execution:	[1 out of 23] test cases in the current suite
Test Method:		[tests.gui.google.B_Search_FlatTest_SHAFT.navigateToGoogleHomeAndAssertGoogleLogoIsDisplayed]
################################################################################################################################################
[ReportManager] File Action [DoesFileExist] successfully performed. With the following test data [File Path: "src/main/resources/dynamicObjectRepository/tests_gui_google_B_Search_FlatTest_SHAFT_navigateToGoogleHomeAndAssertGoogleLogoIsDisplayed_By_xpath_img_id_hplogo_or_alt_Google.png"]. @04-01-2022 01:39:36.0264 AM
[ReportManager] File Action [GetAbsolutePath] successfully performed. With the following test data [Relative Folder Path: "src/main/resources/dynamicObjectRepository/tests_gui_google_B_Search_FlatTest_SHAFT_navigateToGoogleHomeAndAssertGoogleLogoIsDisplayed_By_xpath_img_id_hplogo_or_alt_Google.png"]. @04-01-2022 01:39:36.0264 AM
[ReportManager] File Action [ReadFromImageFile] successfully performed. With the following test data [File Path: "/home/runner/work/io.github.alidorgham/io.github.alidorgham/src/main/resources/dynamicObjectRepository/tests_gui_google_B_Search_FlatTest_SHAFT_navigateToGoogleHomeAndAssertGoogleLogoIsDisplayed_By_xpath_img_id_hplogo_or_alt_Google.png"]. @04-01-2022 01:39:36.0264 AM
[ReportManager] File Action [DoesFileExist] successfully performed. With the following test data [File Path: "src/main/resources/dynamicObjectRepository/tests_gui_google_B_Search_FlatTest_SHAFT_navigateToGoogleHomeAndAssertGoogleLogoIsDisplayed_By_xpath_img_id_hplogo_or_alt_Google.png"]. @04-01-2022 01:39:36.0552 AM
[ReportManager] File Action [DoesFileExist] successfully performed. With the following test data [File Path: "src/main/resources/dynamicObjectRepository/tests_gui_google_B_Search_FlatTest_SHAFT_navigateToGoogleHomeAndAssertGoogleLogoIsDisplayed_By_xpath_img_id_hplogo_or_alt_Google.png"]. @04-01-2022 01:39:36.0553 AM
[ReportManager] Loaded Shared OpenCV @04-01-2022 01:39:36.0967 AM
[ReportManager] Successfully identified the element using AI; OpenCV. @04-01-2022 01:39:36.0984 AM
[ReportManager] Assertion Passed: Asserting that the Google logo is displayed @04-01-2022 01:39:36.0986 AM
[ReportManager] Successfully created attachment [Validation Test Data - Reference Screenshot] @04-01-2022 01:39:36.0990 AM
[ReportManager] Successfully created attachment [Validation Test Data - Actual Screenshot] @04-01-2022 01:39:36.0991 AM
[ReportManager] Assertion [ValidateElementMatches] PASSED. Expected [Element should match the reference screenshot] and Actual [TRUE]. Comparison Type [EXACT_OPENCV]. Validation Type [POSITIVE]. @04-01-2022 01:39:36.0991 A
[ReportManager] Browser Action [CloseCurrentWindow] successfully performed. @04-01-2022 01:39:37.0205 AM
[ReportManager] Successfully created attachment [Browser Action Test Data - CloseCurrentWindow - Actual Value] @04-01-2022 01:39:37.0210 A
[ReportManager] File Action [GetAbsolutePath] successfully performed. With the following test data [Relative Folder Path: "target/downloadedFiles/"]. @04-01-2022 01:39:37.0225 AM
[ReportManager] Attempting to run remotely on: [Linux-64], [GoogleChrome], [http://localhost:4444/wd/hub], Headless Execution. @04-01-2022 01:39:37.0225 AM
[ReportManager] Successfully Opened [GoogleChrome]. @04-01-2022 01:39:37.0564 AM
[ReportManager] Target URL: [https://www.google.com/ncr], and after redirection: [https://www.google.com] @04-01-2022 01:39:37.0575 AM
[ReportManager] Initial URL: [data:,] @04-01-2022 01:39:37.0678 AM
[ReportManager] Browser Action [NavigateToURL] successfully performed. With the following test data [https://www.google.com/ncr]. @04-01-2022 01:39:38.0755 A

################################################################################################################################################
Starting Execution:	[2 out of 23] test cases in the current suite
Test Method:		[tests.gui.google.B_Search_FlatTest_SHAFT.navigateToGoogleHomeAndAssertPageTitle]
################################################################################################################################################
[ReportManager] Browser Action [GetCurrentWindowTitle] successfully performed. With the following test data [Google]. @04-01-2022 01:39:38.0821 AM
[ReportManager] Assertion Passed: Asserting that the page title is Google @04-01-2022 01:39:39.0374 AM
[ReportManager] Successfully created attachment [Screenshot - 1641260379006_navigateToGoogleHomeAndAssertPageTitle_ValidateBrowserAttribute_passed] @04-01-2022 01:39:39.0390 AM
[ReportManager] Assertion [ValidateBrowserAttribute] PASSED. Expected [Value Should be 'Google' for the 'Title' attribute] and Actual [Google]. Comparison Type [EQUALS]. Validation Type [POSITIVE]. @04-01-2022 01:39:39.0390 A
[ReportManager] Browser Action [CloseCurrentWindow] successfully performed. @04-01-2022 01:39:39.0554 AM
[ReportManager] Successfully created attachment [Browser Action Test Data - CloseCurrentWindow - Actual Value] @04-01-2022 01:39:39.0559 A
[ReportManager] File Action [GetAbsolutePath] successfully performed. With the following test data [Relative Folder Path: "target/downloadedFiles/"]. @04-01-2022 01:39:39.0567 AM
[ReportManager] Attempting to run remotely on: [Linux-64], [GoogleChrome], [http://localhost:4444/wd/hub], Headless Execution. @04-01-2022 01:39:39.0569 AM
[ReportManager] Successfully Opened [GoogleChrome]. @04-01-2022 01:39:39.0979 AM
[ReportManager] Target URL: [https://www.google.com/ncr], and after redirection: [https://www.google.com] @04-01-2022 01:39:39.0979 AM
[ReportManager] Initial URL: [data:,] @04-01-2022 01:39:40.0074 AM
[ReportManager] Browser Action [NavigateToURL] successfully performed. With the following test data [https://www.google.com/ncr]. @04-01-2022 01:39:41.0093 A

################################################################################################################################################
Starting Execution:	[3 out of 23] test cases in the current suite
Test Method:		[tests.gui.google.B_Search_FlatTest_SHAFT.searchForQueryAndAssertFirstResultTextIsCorrect]
################################################################################################################################################
[ReportManager] Element Action [Type] successfully performed. With the following test data [SHAFT_Engine]. @04-01-2022 01:39:41.0534 AM
[ReportManager] Element Action [KeyPress] successfully performed. With the following test data [ENTER]. @04-01-2022 01:39:43.0372 AM
[ReportManager] Element Action [GetText] successfully performed. With the following test data [SHAFT: Unified Test Automation Engine - GitHub]. @04-01-2022 01:39:43.0541 AM
[ReportManager] Loaded Shared OpenCV @04-01-2022 01:39:43.0904 AM
[ReportManager] Assertion Failed: Asserting that the correct first result is displayed @04-01-2022 01:39:44.0143 AM
[ReportManager] Successfully created attachment [Screenshot - 1641260383904_searchForQueryAndAssertFirstResultTextIsCorrect_ValidateElementAttribute_failed] @04-01-2022 01:39:44.0153 AM
[ReportManager] Assertion [ValidateElementAttribute] FAILED. Expected [Value Should be 'MohabMohie' for the 'Text' attribute, element locator 'By.xpath: (//h1[contains(text(),'Search Result')]/following-sibling::div//a/h3)[1]'] and Actual [SHAFT: Unified Test Automation Engine - GitHub]. Comparison Type [CONTAINS]. Validation Type [POSITIVE]. @04-01-2022 01:39:44.0153 A
[ReportManager] Browser Action [CloseCurrentWindow] successfully performed. @04-01-2022 01:39:44.0465 AM
[ReportManager] Successfully created attachment [Browser Action Test Data - CloseCurrentWindow - Actual Value] @04-01-2022 01:39:44.0487 A
[ReportManager] An Exception Occured with this Message: src/test/resources/testDataFiles/Google/SimpleSearch.xlsx (No such file or directory). @04-01-2022 01:39:44.0498 AM
[ReportManager] Successfully created attachment [Exception Stack Trace - java.io.FileNotFoundException] @04-01-2022 01:39:44.0498 AM
[ReportManager] Couldn't find the desired file. [src/test/resources/testDataFiles/Google/SimpleSearch.xlsx]. @04-01-2022 01:39:44.0498 A


################################################################################################################################################
Starting Execution:	[4 out of 23] test cases in the current suite
Test Method:		[tests.gui.google.G_Search_PageObjectModel_ThreadSafe.navigateToGoogleHomeAndAssertGoogleLogoIsDisplayed]
###############################################################################################################################################



################################################################################################################################################
Starting Execution:	[5 out of 23] test cases in the current suite
Test Method:		[tests.gui.google.G_Search_PageObjectModel_ThreadSafe.navigateToGoogleHomeAndAssertPageTitle]
###############################################################################################################################################



################################################################################################################################################
Starting Execution:	[6 out of 23] test cases in the current suite
Test Method:		[tests.gui.google.G_Search_PageObjectModel_ThreadSafe.searchForQueryAndAssertFirstResultTextIsCorrect]
###############################################################################################################################################

[ReportManager] File Action [GetAbsolutePath] successfully performed. With the following test data [Relative Folder Path: "target/downloadedFiles/"]. @04-01-2022 01:39:44.0532 AM
[ReportManager] Attempting to run remotely on: [Linux-64], [GoogleChrome], [http://localhost:4444/wd/hub], Headless Execution. @04-01-2022 01:39:44.0532 AM
[ReportManager] Successfully Opened [GoogleChrome]. @04-01-2022 01:39:44.0898 AM
[ReportManager] Target URL: [https://www.google.com/ncr], and after redirection: [https://www.google.com] @04-01-2022 01:39:44.0899 AM
[ReportManager] Initial URL: [data:,] @04-01-2022 01:39:44.0972 AM
[ReportManager] Browser Action [NavigateToURL] successfully performed. With the following test data [https://www.google.com/ncr]. @04-01-2022 01:39:46.0013 A

################################################################################################################################################
Starting Execution:	[7 out of 23] test cases in the current suite
Test Method:		[tests.gui.google.C_Search_PageObjectModel_Traditional.navigateToGoogleHomeAndAssertGoogleLogoIsDisplayed]
################################################################################################################################################
[ReportManager] Element Action [IsElementDisplayed] successfully performed. @04-01-2022 01:39:46.0167 AM
[ReportManager] Assertion Passed: Asserting that the Google logo is displayed @04-01-2022 01:39:46.0167 AM
[ReportManager] Assertion [ValidateTrue] PASSED. Expected [TRUE] and Actual [TRUE]. Validation Type [POSITIVE]. @04-01-2022 01:39:46.0167 A
[ReportManager] Browser Action [CloseCurrentWindow] successfully performed. @04-01-2022 01:39:46.0335 AM
[ReportManager] Successfully created attachment [Browser Action Test Data - CloseCurrentWindow - Actual Value] @04-01-2022 01:39:46.0337 A
[ReportManager] File Action [GetAbsolutePath] successfully performed. With the following test data [Relative Folder Path: "target/downloadedFiles/"]. @04-01-2022 01:39:46.0339 AM
[ReportManager] Attempting to run remotely on: [Linux-64], [GoogleChrome], [http://localhost:4444/wd/hub], Headless Execution. @04-01-2022 01:39:46.0340 AM
[ReportManager] Successfully Opened [GoogleChrome]. @04-01-2022 01:39:46.0567 AM
[ReportManager] Target URL: [https://www.google.com/ncr], and after redirection: [https://www.google.com] @04-01-2022 01:39:46.0568 AM
[ReportManager] Initial URL: [data:,] @04-01-2022 01:39:46.0649 AM
[ReportManager] Browser Action [NavigateToURL] successfully performed. With the following test data [https://www.google.com/ncr]. @04-01-2022 01:39:47.0641 A

################################################################################################################################################
Starting Execution:	[8 out of 23] test cases in the current suite
Test Method:		[tests.gui.google.C_Search_PageObjectModel_Traditional.navigateToGoogleHomeAndAssertPageTitle]
################################################################################################################################################
[ReportManager] Browser Action [GetCurrentWindowTitle] successfully performed. With the following test data [Google]. @04-01-2022 01:39:47.0707 AM
[ReportManager] Assertion Passed: Asserting that the page title is Google @04-01-2022 01:39:47.0708 AM
[ReportManager] Assertion [ValidateEquals] PASSED. Expected [Google] and Actual [Google]. Comparison Type [EQUALS]. Validation Type [POSITIVE]. @04-01-2022 01:39:47.0708 A
[ReportManager] Browser Action [CloseCurrentWindow] successfully performed. @04-01-2022 01:39:47.0870 AM
[ReportManager] Successfully created attachment [Browser Action Test Data - CloseCurrentWindow - Actual Value] @04-01-2022 01:39:47.0871 A
[ReportManager] File Action [GetAbsolutePath] successfully performed. With the following test data [Relative Folder Path: "target/downloadedFiles/"]. @04-01-2022 01:39:47.0882 AM
[ReportManager] Attempting to run remotely on: [Linux-64], [GoogleChrome], [http://localhost:4444/wd/hub], Headless Execution. @04-01-2022 01:39:47.0882 AM
[ReportManager] Successfully Opened [GoogleChrome]. @04-01-2022 01:39:48.0077 AM
[ReportManager] Target URL: [https://www.google.com/ncr], and after redirection: [https://www.google.com] @04-01-2022 01:39:48.0077 AM
[ReportManager] Initial URL: [data:,] @04-01-2022 01:39:48.0203 AM
[ReportManager] Browser Action [NavigateToURL] successfully performed. With the following test data [https://www.google.com/ncr]. @04-01-2022 01:39:49.0150 A

################################################################################################################################################
Starting Execution:	[9 out of 23] test cases in the current suite
Test Method:		[tests.gui.google.C_Search_PageObjectModel_Traditional.searchForQueryAndAssertFirstResultTextIsCorrect]
################################################################################################################################################
[ReportManager] Element Action [Type] successfully performed. With the following test data [SHAFT_Engine]. @04-01-2022 01:39:49.0565 AM
[ReportManager] Element Action [KeyPress] successfully performed. With the following test data [ENTER]. @04-01-2022 01:39:50.0860 AM
[ReportManager] Element Action [GetText] successfully performed. With the following test data [SHAFT: Unified Test Automation Engine - GitHub]. @04-01-2022 01:39:51.0113 AM
[ReportManager] Assertion Failed: Asserting that the correct first result is displayed @04-01-2022 01:39:51.0113 AM
[ReportManager] Assertion [ValidateEquals] FAILED. Expected [MohabMohie] and Actual [SHAFT: Unified Test Automation Engine - GitHub]. Comparison Type [CONTAINS]. Validation Type [POSITIVE]. @04-01-2022 01:39:51.0114 A
[ReportManager] Browser Action [CloseCurrentWindow] successfully performed. @04-01-2022 01:39:51.0480 AM
[ReportManager] Successfully created attachment [Browser Action Test Data - CloseCurrentWindow - Actual Value] @04-01-2022 01:39:51.0482 A
[ReportManager] An Exception Occured with this Message: src/test/resources/testDataFiles/Google/SimpleSearch.xlsx (No such file or directory). @04-01-2022 01:39:51.0490 AM
[ReportManager] Successfully created attachment [Exception Stack Trace - java.io.FileNotFoundException] @04-01-2022 01:39:51.0490 AM
[ReportManager] Couldn't find the desired file. [src/test/resources/testDataFiles/Google/SimpleSearch.xlsx]. @04-01-2022 01:39:51.0490 A


################################################################################################################################################
Starting Execution:	[10 out of 23] test cases in the current suite
Test Method:		[tests.gui.google.F_Search_PageObjectModel_Fluent.navigateToGoogleHomeAndAssertGoogleLogoIsDisplayed]
###############################################################################################################################################



################################################################################################################################################
Starting Execution:	[11 out of 23] test cases in the current suite
Test Method:		[tests.gui.google.F_Search_PageObjectModel_Fluent.navigateToGoogleHomeAndAssertPageTitle]
###############################################################################################################################################



################################################################################################################################################
Starting Execution:	[12 out of 23] test cases in the current suite
Test Method:		[tests.gui.google.F_Search_PageObjectModel_Fluent.searchForQueryAndAssertFirstResultTextIsCorrect]
###############################################################################################################################################

[ReportManager] An Exception Occured with this Message: src/test/resources/testDataFiles/Google/SimpleSearch.xlsx (No such file or directory). @04-01-2022 01:39:51.0518 AM
[ReportManager] Successfully created attachment [Exception Stack Trace - java.io.FileNotFoundException] @04-01-2022 01:39:51.0518 AM
[ReportManager] Couldn't find the desired file. [src/test/resources/testDataFiles/Google/SimpleSearch.xlsx]. @04-01-2022 01:39:51.0519 A


################################################################################################################################################
Starting Execution:	[13 out of 23] test cases in the current suite
Test Method:		[tests.gui.google.E_Search_PageObjectModel_Traditional_SHAFTAssertions.navigateToGoogleHomeAndAssertGoogleLogoIsDisplayed]
###############################################################################################################################################



################################################################################################################################################
Starting Execution:	[14 out of 23] test cases in the current suite
Test Method:		[tests.gui.google.E_Search_PageObjectModel_Traditional_SHAFTAssertions.navigateToGoogleHomeAndAssertPageTitle]
###############################################################################################################################################



################################################################################################################################################
Starting Execution:	[15 out of 23] test cases in the current suite
Test Method:		[tests.gui.google.E_Search_PageObjectModel_Traditional_SHAFTAssertions.searchForQueryAndAssertFirstResultTextIsCorrect]
###############################################################################################################################################

[ReportManager] An Exception Occured with this Message: src/test/resources/testDataFiles/Google/SimpleSearch.xlsx (No such file or directory). @04-01-2022 01:39:51.0547 AM
[ReportManager] Successfully created attachment [Exception Stack Trace - java.io.FileNotFoundException] @04-01-2022 01:39:51.0547 AM
[ReportManager] Couldn't find the desired file. [src/test/resources/testDataFiles/Google/SimpleSearch.xlsx]. @04-01-2022 01:39:51.0548 A


################################################################################################################################################
Starting Execution:	[16 out of 23] test cases in the current suite
Test Method:		[tests.gui.google.D_Search_PageObjectModel_Traditional_DataDriven.navigateToGoogleHomeAndAssertGoogleLogoIsDisplayed]
###############################################################################################################################################



################################################################################################################################################
Starting Execution:	[17 out of 23] test cases in the current suite
Test Method:		[tests.gui.google.D_Search_PageObjectModel_Traditional_DataDriven.navigateToGoogleHomeAndAssertPageTitle]
###############################################################################################################################################



################################################################################################################################################
Starting Execution:	[18 out of 23] test cases in the current suite
Test Method:		[tests.gui.google.D_Search_PageObjectModel_Traditional_DataDriven.searchForQueryAndAssertFirstResultTextIsCorrect]
###############################################################################################################################################




################################################################################################################################################
Starting Execution:	[19 out of 23] test cases in the current suite
Test Method:		[tests.gui.google.A_Search_FlatTest_NativeSeleniumWebDriver.navigateToGoogleHomeAndAssertGoogleLogoIsDisplayed]
###############################################################################################################################################



################################################################################################################################################
Starting Execution:	[20 out of 23] test cases in the current suite
Test Method:		[tests.gui.google.A_Search_FlatTest_NativeSeleniumWebDriver.navigateToGoogleHomeAndAssertPageTitle]
###############################################################################################################################################



################################################################################################################################################
Starting Execution:	[21 out of 23] test cases in the current suite
Test Method:		[tests.gui.google.A_Search_FlatTest_NativeSeleniumWebDriver.searchForQueryAndAssertFirstResultTextIsCorrect]
###############################################################################################################################################


################################################################################################################################################
Starting Execution:	[22 out of 23] test cases in the current suite
Test Method:		[tests.api.users.UserData.validateUserEmail]
################################################################################################################################################
[ReportManager] Response status code: [200], status line: [HTTP/1.1 200 OK] @04-01-2022 01:40:17.0034 AM
[ReportManager] Assertion Passed: Evaluating the actual response status code against the expected one... @04-01-2022 01:40:17.0039 AM
[ReportManager] Assertion [ValidateComparativeRelation] PASSED. Expected [200] and Actual [200]. Comparison Type [EQUALS]. Validation Type [POSITIVE]. @04-01-2022 01:40:17.0039 AM
[ReportManager] API Action [PerformRequest] successfully performed. With the following test data [Request Type: "GET" | Target Status Code: "200" | Service URL: "https://jsonplaceholder.typicode.com/users" | Content Type: "*/*" | Response Time: "603ms"]. @04-01-2022 01:40:18.0085 AM
[ReportManager] Successfully created attachment [API Request - Specifications] @04-01-2022 01:40:18.0086 AM
[ReportManager] Successfully created attachment [API Response - JSON Body] @04-01-2022 01:40:18.0295 AM
[ReportManager] Assertion [ValidateEquals] PASSED. Expected and Actual values are attached. Comparison Type [CONTAINS]. Validation Type [POSITIVE]. @04-01-2022 01:40:18.0296 AM
[ReportManager] Successfully created attachment [Validation Test Data - Expected Value] @04-01-2022 01:40:18.0296 AM
[ReportManager] Successfully created attachment [Validation Test Data - Actual Value] @04-01-2022 01:40:18.0297 AM
[ReportManager] API Action [GetResponseJSONValueAsList] successfully performed. With the following test data [$]. @04-01-2022 01:40:18.0305 AM
[ReportManager] API Action [GetResponseJSONValue] successfully performed. With the following test data [name]. @04-01-2022 01:40:18.0326 AM
[ReportManager] API Action [GetResponseJSONValue] successfully performed. With the following test data [email]. @04-01-2022 01:40:18.0338 AM
[ReportManager] Assertion [ValidateEquals] PASSED. Expected [Sincere@april.biz] and Actual [Sincere@april.biz]. Comparison Type [EQUALS]. Validation Type [POSITIVE]. @04-01-2022 01:40:18.0338 AM
[ReportManager] API Action [GetResponseJSONValue] successfully performed. With the following test data [name]. @04-01-2022 01:40:18.0349 AM
[ReportManager] API Action [GetResponseJSONValue] successfully performed. With the following test data [name]. @04-01-2022 01:40:18.0361 AM
[ReportManager] API Action [GetResponseJSONValue] successfully performed. With the following test data [name]. @04-01-2022 01:40:18.0371 AM
[ReportManager] API Action [GetResponseJSONValue] successfully performed. With the following test data [name]. @04-01-2022 01:40:18.0382 AM
[ReportManager] API Action [GetResponseJSONValue] successfully performed. With the following test data [name]. @04-01-2022 01:40:18.0393 AM
[ReportManager] API Action [GetResponseJSONValue] successfully performed. With the following test data [name]. @04-01-2022 01:40:18.0404 AM
[ReportManager] API Action [GetResponseJSONValue] successfully performed. With the following test data [name]. @04-01-2022 01:40:18.0415 AM
[ReportManager] API Action [GetResponseJSONValue] successfully performed. With the following test data [name]. @04-01-2022 01:40:18.0426 AM
[ReportManager] API Action [GetResponseJSONValue] successfully performed. With the following test data [name]. @04-01-2022 01:40:18.0436 A

################################################################################################################################################
Starting Execution:	[23 out of 23] test cases in the current suite
Test Method:		[tests.cli.demo.cliTest.sampleTestCase]
################################################################################################################################################
[ReportManager] Attempting to perform the following command locally. Command: [ls] @04-01-2022 01:40:18.0454 AM
[ReportManager] Terminal Action [PerformTerminalCommands] successfully performed. With the following test data [Host Name: "localHost" | Command: "ls" | Exit Status: "0"]. @04-01-2022 01:40:18.0461 AM
[ReportManager] Successfully created attachment [Terminal Action Actual Result - Command Log] @04-01-2022 01:40:18.0462 AM
[ReportManager] Assertion Passed: Demoing local terminal actions @04-01-2022 01:40:18.0462 AM
[ReportManager] Assertion [ValidateEquals] PASSED. Expected [pom.xml] and Actual [LICENSE
README.md
allure-results
docker-compose_native.yml
docker-compose_zalenium.yml
extent-reports
pom.xml
readMeImgs
src
target]. Comparison Type [CONTAINS]. Validation Type [POSITIVE]. @04-01-2022 01:40:18.0462 A
[ReportManager] Successfully created attachment [SHAFT Engine Logs - Execution log] @04-01-2022 01:40:18.0480 AM

################################################################################################################################################
This test run was powered by SHAFT Engine Version: [SHAFT Engine v5.4.20211117-BETA]
SHAFT Engine is licensed under the MIT License: [https://github.com/MohabMohie/SHAFT_ENGINE/blob/master/LICENSE].
################################################################################################################################################