################################################################################################################################################
Detected SHAFT Engine Version: [SHAFT Engine v5.4.20211117-BETA]
################################################################################################################################################

################################################################################################################################################
Starting Execution:	[1 out of 23] test cases in the current suite
Test Method:		[tests.api.users.UserData.validateUserEmail]
################################################################################################################################################
[ReportManager] Response status code: [200], status line: [HTTP/1.1 200 OK] @09-12-2021 01:32:36.0117 AM
[ReportManager] Assertion Passed: Evaluating the actual response status code against the expected one... @09-12-2021 01:32:36.0126 AM
[ReportManager] Assertion [ValidateComparativeRelation] PASSED. Expected [200] and Actual [200]. Comparison Type [EQUALS]. Validation Type [POSITIVE]. @09-12-2021 01:32:36.0131 AM
[ReportManager] API Action [PerformRequest] successfully performed. With the following test data [Request Type: "GET" | Target Status Code: "200" | Service URL: "https://jsonplaceholder.typicode.com/users" | Content Type: "*/*" | Response Time: "827ms"]. @09-12-2021 01:32:37.0152 AM
[ReportManager] Successfully created attachment [API Request - Specifications] @09-12-2021 01:32:37.0153 AM
[ReportManager] Successfully created attachment [API Response - JSON Body] @09-12-2021 01:32:37.0357 AM
[ReportManager] Assertion [ValidateEquals] PASSED. Expected and Actual values are attached. Comparison Type [CONTAINS]. Validation Type [POSITIVE]. @09-12-2021 01:32:37.0364 AM
[ReportManager] Successfully created attachment [Validation Test Data - Expected Value] @09-12-2021 01:32:37.0364 AM
[ReportManager] Successfully created attachment [Validation Test Data - Actual Value] @09-12-2021 01:32:37.0365 AM
[ReportManager] API Action [GetResponseJSONValueAsList] successfully performed. With the following test data [$]. @09-12-2021 01:32:37.0384 AM
[ReportManager] API Action [GetResponseJSONValue] successfully performed. With the following test data [name]. @09-12-2021 01:32:37.0410 AM
[ReportManager] API Action [GetResponseJSONValue] successfully performed. With the following test data [email]. @09-12-2021 01:32:37.0433 AM
[ReportManager] Assertion [ValidateEquals] PASSED. Expected [Sincere@april.biz] and Actual [Sincere@april.biz]. Comparison Type [EQUALS]. Validation Type [POSITIVE]. @09-12-2021 01:32:37.0434 AM
[ReportManager] API Action [GetResponseJSONValue] successfully performed. With the following test data [name]. @09-12-2021 01:32:37.0457 AM
[ReportManager] API Action [GetResponseJSONValue] successfully performed. With the following test data [name]. @09-12-2021 01:32:37.0475 AM
[ReportManager] API Action [GetResponseJSONValue] successfully performed. With the following test data [name]. @09-12-2021 01:32:37.0498 AM
[ReportManager] API Action [GetResponseJSONValue] successfully performed. With the following test data [name]. @09-12-2021 01:32:37.0510 AM
[ReportManager] API Action [GetResponseJSONValue] successfully performed. With the following test data [name]. @09-12-2021 01:32:37.0520 AM
[ReportManager] API Action [GetResponseJSONValue] successfully performed. With the following test data [name]. @09-12-2021 01:32:37.0530 AM
[ReportManager] API Action [GetResponseJSONValue] successfully performed. With the following test data [name]. @09-12-2021 01:32:37.0539 AM
[ReportManager] API Action [GetResponseJSONValue] successfully performed. With the following test data [name]. @09-12-2021 01:32:37.0549 AM
[ReportManager] API Action [GetResponseJSONValue] successfully performed. With the following test data [name]. @09-12-2021 01:32:37.0558 A
[ReportManager] File Action [GetAbsolutePath] successfully performed. With the following test data [Relative Folder Path: "target/downloadedFiles/"]. @09-12-2021 01:32:37.0658 AM
[ReportManager] Attempting to run remotely on: [Linux-64], [GoogleChrome], [http://localhost:4444/wd/hub], Headless Execution. @09-12-2021 01:32:37.0669 AM
[ReportManager] Successfully Opened [GoogleChrome]. @09-12-2021 01:32:39.0255 AM
[ReportManager] Target URL: [https://www.google.com/ncr], and after redirection: [https://www.google.com] @09-12-2021 01:32:39.0267 AM
[ReportManager] Initial URL: [data:,] @09-12-2021 01:32:39.0405 AM
[ReportManager] Browser Action [NavigateToURL] successfully performed. With the following test data [https://www.google.com/ncr]. @09-12-2021 01:32:42.0267 A

################################################################################################################################################
Starting Execution:	[2 out of 23] test cases in the current suite
Test Method:		[tests.gui.google.B_Search_FlatTest_SHAFT.navigateToGoogleHomeAndAssertGoogleLogoIsDisplayed]
################################################################################################################################################
[ReportManager] File Action [DoesFileExist] successfully performed. With the following test data [File Path: "src/main/resources/dynamicObjectRepository/tests_gui_google_B_Search_FlatTest_SHAFT_navigateToGoogleHomeAndAssertGoogleLogoIsDisplayed_By_xpath_img_id_hplogo_or_alt_Google.png"]. @09-12-2021 01:32:42.0294 AM
[ReportManager] File Action [GetAbsolutePath] successfully performed. With the following test data [Relative Folder Path: "src/main/resources/dynamicObjectRepository/tests_gui_google_B_Search_FlatTest_SHAFT_navigateToGoogleHomeAndAssertGoogleLogoIsDisplayed_By_xpath_img_id_hplogo_or_alt_Google.png"]. @09-12-2021 01:32:42.0294 AM
[ReportManager] File Action [ReadFromImageFile] successfully performed. With the following test data [File Path: "/home/runner/work/io.github.alidorgham/io.github.alidorgham/src/main/resources/dynamicObjectRepository/tests_gui_google_B_Search_FlatTest_SHAFT_navigateToGoogleHomeAndAssertGoogleLogoIsDisplayed_By_xpath_img_id_hplogo_or_alt_Google.png"]. @09-12-2021 01:32:42.0294 AM
[ReportManager] File Action [DoesFileExist] successfully performed. With the following test data [File Path: "src/main/resources/dynamicObjectRepository/tests_gui_google_B_Search_FlatTest_SHAFT_navigateToGoogleHomeAndAssertGoogleLogoIsDisplayed_By_xpath_img_id_hplogo_or_alt_Google.png"]. @09-12-2021 01:32:42.0610 AM
[ReportManager] File Action [DoesFileExist] successfully performed. With the following test data [File Path: "src/main/resources/dynamicObjectRepository/tests_gui_google_B_Search_FlatTest_SHAFT_navigateToGoogleHomeAndAssertGoogleLogoIsDisplayed_By_xpath_img_id_hplogo_or_alt_Google.png"]. @09-12-2021 01:32:42.0611 AM
[ReportManager] Loaded Shared OpenCV @09-12-2021 01:32:43.0162 AM
[ReportManager] Successfully identified the element using AI; OpenCV. @09-12-2021 01:32:43.0185 AM
[ReportManager] Assertion Passed: Asserting that the Google logo is displayed @09-12-2021 01:32:43.0186 AM
[ReportManager] Successfully created attachment [Validation Test Data - Reference Screenshot] @09-12-2021 01:32:43.0187 AM
[ReportManager] Successfully created attachment [Validation Test Data - Actual Screenshot] @09-12-2021 01:32:43.0187 AM
[ReportManager] Assertion [ValidateElementMatches] PASSED. Expected [Element should match the reference screenshot] and Actual [TRUE]. Comparison Type [EXACT_OPENCV]. Validation Type [POSITIVE]. @09-12-2021 01:32:43.0187 A
[ReportManager] Browser Action [CloseCurrentWindow] successfully performed. @09-12-2021 01:32:43.0415 AM
[ReportManager] Successfully created attachment [Browser Action Test Data - CloseCurrentWindow - Actual Value] @09-12-2021 01:32:43.0427 A
[ReportManager] File Action [GetAbsolutePath] successfully performed. With the following test data [Relative Folder Path: "target/downloadedFiles/"]. @09-12-2021 01:32:43.0460 AM
[ReportManager] Attempting to run remotely on: [Linux-64], [GoogleChrome], [http://localhost:4444/wd/hub], Headless Execution. @09-12-2021 01:32:43.0460 AM
[ReportManager] Successfully Opened [GoogleChrome]. @09-12-2021 01:32:43.0803 AM
[ReportManager] Target URL: [https://www.google.com/ncr], and after redirection: [https://www.google.com] @09-12-2021 01:32:43.0804 AM
[ReportManager] Initial URL: [data:,] @09-12-2021 01:32:43.0905 AM
[ReportManager] Browser Action [NavigateToURL] successfully performed. With the following test data [https://www.google.com/ncr]. @09-12-2021 01:32:45.0417 A

################################################################################################################################################
Starting Execution:	[3 out of 23] test cases in the current suite
Test Method:		[tests.gui.google.B_Search_FlatTest_SHAFT.navigateToGoogleHomeAndAssertPageTitle]
################################################################################################################################################
[ReportManager] Browser Action [GetCurrentWindowTitle] successfully performed. With the following test data [Google]. @09-12-2021 01:32:45.0473 AM
[ReportManager] Assertion Passed: Asserting that the page title is Google @09-12-2021 01:32:46.0056 AM
[ReportManager] Successfully created attachment [Screenshot - 1639013565673_navigateToGoogleHomeAndAssertPageTitle_ValidateBrowserAttribute_passed] @09-12-2021 01:32:46.0064 AM
[ReportManager] Assertion [ValidateBrowserAttribute] PASSED. Expected [Value Should be 'Google' for the 'Title' attribute] and Actual [Google]. Comparison Type [EQUALS]. Validation Type [POSITIVE]. @09-12-2021 01:32:46.0064 A
[ReportManager] Browser Action [CloseCurrentWindow] successfully performed. @09-12-2021 01:32:46.0263 AM
[ReportManager] Successfully created attachment [Browser Action Test Data - CloseCurrentWindow - Actual Value] @09-12-2021 01:32:46.0267 A
[ReportManager] File Action [GetAbsolutePath] successfully performed. With the following test data [Relative Folder Path: "target/downloadedFiles/"]. @09-12-2021 01:32:46.0272 AM
[ReportManager] Attempting to run remotely on: [Linux-64], [GoogleChrome], [http://localhost:4444/wd/hub], Headless Execution. @09-12-2021 01:32:46.0272 AM
[ReportManager] Successfully Opened [GoogleChrome]. @09-12-2021 01:32:46.0631 AM
[ReportManager] Target URL: [https://www.google.com/ncr], and after redirection: [https://www.google.com] @09-12-2021 01:32:46.0632 AM
[ReportManager] Initial URL: [data:,] @09-12-2021 01:32:46.0725 AM
[ReportManager] Browser Action [NavigateToURL] successfully performed. With the following test data [https://www.google.com/ncr]. @09-12-2021 01:32:49.0949 A

################################################################################################################################################
Starting Execution:	[4 out of 23] test cases in the current suite
Test Method:		[tests.gui.google.B_Search_FlatTest_SHAFT.searchForQueryAndAssertFirstResultTextIsCorrect]
################################################################################################################################################
[ReportManager] Element Action [Type] successfully performed. With the following test data [SHAFT_Engine]. @09-12-2021 01:32:50.0400 AM
[ReportManager] Element Action [KeyPress] successfully performed. With the following test data [ENTER]. @09-12-2021 01:32:52.0057 AM
[ReportManager] Element Action [GetText] successfully performed. With the following test data [SHAFT: Unified Test Automation Engine - GitHub]. @09-12-2021 01:32:52.0174 AM
[ReportManager] Loaded Shared OpenCV @09-12-2021 01:32:52.0542 AM
[ReportManager] Assertion Failed: Asserting that the correct first result is displayed @09-12-2021 01:32:52.0805 AM
[ReportManager] Successfully created attachment [Screenshot - 1639013572541_searchForQueryAndAssertFirstResultTextIsCorrect_ValidateElementAttribute_failed] @09-12-2021 01:32:52.0812 AM
[ReportManager] Assertion [ValidateElementAttribute] FAILED. Expected [Value Should be 'MohabMohie' for the 'Text' attribute, element locator 'By.xpath: (//h1[contains(text(),'Search Result')]/following-sibling::div//a/h3)[1]'] and Actual [SHAFT: Unified Test Automation Engine - GitHub]. Comparison Type [CONTAINS]. Validation Type [POSITIVE]. @09-12-2021 01:32:52.0812 A
[ReportManager] Browser Action [CloseCurrentWindow] successfully performed. @09-12-2021 01:32:53.0179 AM
[ReportManager] Successfully created attachment [Browser Action Test Data - CloseCurrentWindow - Actual Value] @09-12-2021 01:32:53.0189 A
[ReportManager] File Action [GetAbsolutePath] successfully performed. With the following test data [Relative Folder Path: "target/downloadedFiles/"]. @09-12-2021 01:32:53.0195 AM
[ReportManager] Attempting to run remotely on: [Linux-64], [GoogleChrome], [http://localhost:4444/wd/hub], Headless Execution. @09-12-2021 01:32:53.0195 AM
[ReportManager] Successfully Opened [GoogleChrome]. @09-12-2021 01:32:53.0524 AM
[ReportManager] Target URL: [https://www.google.com/ncr], and after redirection: [https://www.google.com] @09-12-2021 01:32:53.0526 AM
[ReportManager] Initial URL: [data:,] @09-12-2021 01:32:53.0606 AM
[ReportManager] Browser Action [NavigateToURL] successfully performed. With the following test data [https://www.google.com/ncr]. @09-12-2021 01:32:57.0122 A

################################################################################################################################################
Starting Execution:	[5 out of 23] test cases in the current suite
Test Method:		[tests.gui.google.C_Search_PageObjectModel_Traditional.navigateToGoogleHomeAndAssertGoogleLogoIsDisplayed]
################################################################################################################################################
[ReportManager] Element Action [IsElementDisplayed] successfully performed. @09-12-2021 01:32:57.0257 AM
[ReportManager] Assertion Passed: Asserting that the Google logo is displayed @09-12-2021 01:32:57.0258 AM
[ReportManager] Assertion [ValidateTrue] PASSED. Expected [TRUE] and Actual [TRUE]. Validation Type [POSITIVE]. @09-12-2021 01:32:57.0258 A
[ReportManager] Browser Action [CloseCurrentWindow] successfully performed. @09-12-2021 01:32:57.0455 AM
[ReportManager] Successfully created attachment [Browser Action Test Data - CloseCurrentWindow - Actual Value] @09-12-2021 01:32:57.0457 A
[ReportManager] File Action [GetAbsolutePath] successfully performed. With the following test data [Relative Folder Path: "target/downloadedFiles/"]. @09-12-2021 01:32:57.0463 AM
[ReportManager] Attempting to run remotely on: [Linux-64], [GoogleChrome], [http://localhost:4444/wd/hub], Headless Execution. @09-12-2021 01:32:57.0463 AM
[ReportManager] Successfully Opened [GoogleChrome]. @09-12-2021 01:32:57.0649 AM
[ReportManager] Target URL: [https://www.google.com/ncr], and after redirection: [https://www.google.com] @09-12-2021 01:32:57.0649 AM
[ReportManager] Initial URL: [data:,] @09-12-2021 01:32:57.0742 AM
[ReportManager] Browser Action [NavigateToURL] successfully performed. With the following test data [https://www.google.com/ncr]. @09-12-2021 01:32:59.0183 A

################################################################################################################################################
Starting Execution:	[6 out of 23] test cases in the current suite
Test Method:		[tests.gui.google.C_Search_PageObjectModel_Traditional.navigateToGoogleHomeAndAssertPageTitle]
################################################################################################################################################
[ReportManager] Browser Action [GetCurrentWindowTitle] successfully performed. With the following test data [Google]. @09-12-2021 01:32:59.0240 AM
[ReportManager] Assertion Passed: Asserting that the page title is Google @09-12-2021 01:32:59.0240 AM
[ReportManager] Assertion [ValidateEquals] PASSED. Expected [Google] and Actual [Google]. Comparison Type [EQUALS]. Validation Type [POSITIVE]. @09-12-2021 01:32:59.0240 A
[ReportManager] Browser Action [CloseCurrentWindow] successfully performed. @09-12-2021 01:32:59.0436 AM
[ReportManager] Successfully created attachment [Browser Action Test Data - CloseCurrentWindow - Actual Value] @09-12-2021 01:32:59.0439 A
[ReportManager] File Action [GetAbsolutePath] successfully performed. With the following test data [Relative Folder Path: "target/downloadedFiles/"]. @09-12-2021 01:32:59.0443 AM
[ReportManager] Attempting to run remotely on: [Linux-64], [GoogleChrome], [http://localhost:4444/wd/hub], Headless Execution. @09-12-2021 01:32:59.0443 AM
[ReportManager] Successfully Opened [GoogleChrome]. @09-12-2021 01:32:59.0634 AM
[ReportManager] Target URL: [https://www.google.com/ncr], and after redirection: [https://www.google.com] @09-12-2021 01:32:59.0634 AM
[ReportManager] Initial URL: [data:,] @09-12-2021 01:32:59.0714 AM
[ReportManager] Browser Action [NavigateToURL] successfully performed. With the following test data [https://www.google.com/ncr]. @09-12-2021 01:33:01.0188 A

################################################################################################################################################
Starting Execution:	[7 out of 23] test cases in the current suite
Test Method:		[tests.gui.google.C_Search_PageObjectModel_Traditional.searchForQueryAndAssertFirstResultTextIsCorrect]
################################################################################################################################################
[ReportManager] Element Action [Type] successfully performed. With the following test data [SHAFT_Engine]. @09-12-2021 01:33:01.0572 AM
[ReportManager] Element Action [KeyPress] successfully performed. With the following test data [ENTER]. @09-12-2021 01:33:03.0280 AM
[ReportManager] Element Action [GetText] successfully performed. With the following test data [SHAFT: Unified Test Automation Engine - GitHub]. @09-12-2021 01:33:03.0416 AM
[ReportManager] Assertion Failed: Asserting that the correct first result is displayed @09-12-2021 01:33:03.0417 AM
[ReportManager] Assertion [ValidateEquals] FAILED. Expected [MohabMohie] and Actual [SHAFT: Unified Test Automation Engine - GitHub]. Comparison Type [CONTAINS]. Validation Type [POSITIVE]. @09-12-2021 01:33:03.0417 A
[ReportManager] Browser Action [CloseCurrentWindow] successfully performed. @09-12-2021 01:33:03.0698 AM
[ReportManager] Successfully created attachment [Browser Action Test Data - CloseCurrentWindow - Actual Value] @09-12-2021 01:33:03.0702 A



################################################################################################################################################
Starting Execution:	[8 out of 23] test cases in the current suite
Test Method:		[tests.gui.google.A_Search_FlatTest_NativeSeleniumWebDriver.navigateToGoogleHomeAndAssertGoogleLogoIsDisplayed]
###############################################################################################################################################



################################################################################################################################################
Starting Execution:	[9 out of 23] test cases in the current suite
Test Method:		[tests.gui.google.A_Search_FlatTest_NativeSeleniumWebDriver.navigateToGoogleHomeAndAssertPageTitle]
###############################################################################################################################################



################################################################################################################################################
Starting Execution:	[10 out of 23] test cases in the current suite
Test Method:		[tests.gui.google.A_Search_FlatTest_NativeSeleniumWebDriver.searchForQueryAndAssertFirstResultTextIsCorrect]
###############################################################################################################################################

[ReportManager] An Exception Occured with this Message: src/test/resources/testDataFiles/Google/SimpleSearch.xlsx (No such file or directory). @09-12-2021 01:33:23.0933 AM
[ReportManager] Successfully created attachment [Exception Stack Trace - java.io.FileNotFoundException] @09-12-2021 01:33:23.0933 AM
[ReportManager] Couldn't find the desired file. [src/test/resources/testDataFiles/Google/SimpleSearch.xlsx]. @09-12-2021 01:33:23.0934 A


################################################################################################################################################
Starting Execution:	[11 out of 23] test cases in the current suite
Test Method:		[tests.gui.google.E_Search_PageObjectModel_Traditional_SHAFTAssertions.navigateToGoogleHomeAndAssertGoogleLogoIsDisplayed]
###############################################################################################################################################



################################################################################################################################################
Starting Execution:	[12 out of 23] test cases in the current suite
Test Method:		[tests.gui.google.E_Search_PageObjectModel_Traditional_SHAFTAssertions.navigateToGoogleHomeAndAssertPageTitle]
###############################################################################################################################################



################################################################################################################################################
Starting Execution:	[13 out of 23] test cases in the current suite
Test Method:		[tests.gui.google.E_Search_PageObjectModel_Traditional_SHAFTAssertions.searchForQueryAndAssertFirstResultTextIsCorrect]
###############################################################################################################################################

[ReportManager] An Exception Occured with this Message: src/test/resources/testDataFiles/Google/SimpleSearch.xlsx (No such file or directory). @09-12-2021 01:33:23.0966 AM
[ReportManager] Successfully created attachment [Exception Stack Trace - java.io.FileNotFoundException] @09-12-2021 01:33:23.0966 AM
[ReportManager] Couldn't find the desired file. [src/test/resources/testDataFiles/Google/SimpleSearch.xlsx]. @09-12-2021 01:33:23.0967 A


################################################################################################################################################
Starting Execution:	[14 out of 23] test cases in the current suite
Test Method:		[tests.gui.google.D_Search_PageObjectModel_Traditional_DataDriven.navigateToGoogleHomeAndAssertGoogleLogoIsDisplayed]
###############################################################################################################################################



################################################################################################################################################
Starting Execution:	[15 out of 23] test cases in the current suite
Test Method:		[tests.gui.google.D_Search_PageObjectModel_Traditional_DataDriven.navigateToGoogleHomeAndAssertPageTitle]
###############################################################################################################################################



################################################################################################################################################
Starting Execution:	[16 out of 23] test cases in the current suite
Test Method:		[tests.gui.google.D_Search_PageObjectModel_Traditional_DataDriven.searchForQueryAndAssertFirstResultTextIsCorrect]
###############################################################################################################################################

[ReportManager] An Exception Occured with this Message: src/test/resources/testDataFiles/Google/SimpleSearch.xlsx (No such file or directory). @09-12-2021 01:33:24.0013 AM
[ReportManager] Successfully created attachment [Exception Stack Trace - java.io.FileNotFoundException] @09-12-2021 01:33:24.0013 AM
[ReportManager] Couldn't find the desired file. [src/test/resources/testDataFiles/Google/SimpleSearch.xlsx]. @09-12-2021 01:33:24.0013 A


################################################################################################################################################
Starting Execution:	[17 out of 23] test cases in the current suite
Test Method:		[tests.gui.google.G_Search_PageObjectModel_ThreadSafe.navigateToGoogleHomeAndAssertGoogleLogoIsDisplayed]
###############################################################################################################################################



################################################################################################################################################
Starting Execution:	[18 out of 23] test cases in the current suite
Test Method:		[tests.gui.google.G_Search_PageObjectModel_ThreadSafe.navigateToGoogleHomeAndAssertPageTitle]
###############################################################################################################################################



################################################################################################################################################
Starting Execution:	[19 out of 23] test cases in the current suite
Test Method:		[tests.gui.google.G_Search_PageObjectModel_ThreadSafe.searchForQueryAndAssertFirstResultTextIsCorrect]
###############################################################################################################################################

[ReportManager] An Exception Occured with this Message: src/test/resources/testDataFiles/Google/SimpleSearch.xlsx (No such file or directory). @09-12-2021 01:33:24.0065 AM
[ReportManager] Successfully created attachment [Exception Stack Trace - java.io.FileNotFoundException] @09-12-2021 01:33:24.0065 AM
[ReportManager] Couldn't find the desired file. [src/test/resources/testDataFiles/Google/SimpleSearch.xlsx]. @09-12-2021 01:33:24.0067 A


################################################################################################################################################
Starting Execution:	[20 out of 23] test cases in the current suite
Test Method:		[tests.gui.google.F_Search_PageObjectModel_Fluent.navigateToGoogleHomeAndAssertGoogleLogoIsDisplayed]
###############################################################################################################################################



################################################################################################################################################
Starting Execution:	[21 out of 23] test cases in the current suite
Test Method:		[tests.gui.google.F_Search_PageObjectModel_Fluent.navigateToGoogleHomeAndAssertPageTitle]
###############################################################################################################################################



################################################################################################################################################
Starting Execution:	[22 out of 23] test cases in the current suite
Test Method:		[tests.gui.google.F_Search_PageObjectModel_Fluent.searchForQueryAndAssertFirstResultTextIsCorrect]
###############################################################################################################################################


################################################################################################################################################
Starting Execution:	[23 out of 23] test cases in the current suite
Test Method:		[tests.cli.demo.cliTest.sampleTestCase]
################################################################################################################################################
[ReportManager] Attempting to perform the following command locally. Command: [ls] @09-12-2021 01:33:24.0114 AM
[ReportManager] Terminal Action [PerformTerminalCommands] successfully performed. With the following test data [Host Name: "localHost" | Command: "ls" | Exit Status: "0"]. @09-12-2021 01:33:24.0121 AM
[ReportManager] Successfully created attachment [Terminal Action Actual Result - Command Log] @09-12-2021 01:33:24.0121 AM
[ReportManager] Assertion Passed: Demoing local terminal actions @09-12-2021 01:33:24.0122 AM
[ReportManager] Assertion [ValidateEquals] PASSED. Expected [pom.xml] and Actual [LICENSE
README.md
allure-results
docker-compose_native.yml
docker-compose_zalenium.yml
extent-reports
pom.xml
readMeImgs
src
target]. Comparison Type [CONTAINS]. Validation Type [POSITIVE]. @09-12-2021 01:33:24.0122 A
[ReportManager] Successfully created attachment [SHAFT Engine Logs - Execution log] @09-12-2021 01:33:24.0135 AM

################################################################################################################################################
This test run was powered by SHAFT Engine Version: [SHAFT Engine v5.4.20211117-BETA]
SHAFT Engine is licensed under the MIT License: [https://github.com/MohabMohie/SHAFT_ENGINE/blob/master/LICENSE].
################################################################################################################################################