{
  "uid" : "f0e628843430d58a",
  "name" : "beforeClass",
  "fullName" : "tests.gui.google.G_Search_PageObjectModel_ThreadSafe.beforeClass",
  "historyId" : "f345be2a9dbe95e695c662df2f8647e5",
  "time" : {
    "start" : 1641321530138,
    "stop" : 1641321530139,
    "duration" : 1
  },
  "status" : "failed",
  "statusMessage" : "Couldn't find the desired file. [src/test/resources/testDataFiles/Google/SimpleSearch.xlsx].",
  "statusTrace" : "java.lang.AssertionError: Couldn't find the desired file. [src/test/resources/testDataFiles/Google/SimpleSearch.xlsx].\n\tat org.testng.Assert.fail(Assert.java:99)\n\tat com.shaft.tools.io.ExcelFileManager.<init>(ExcelFileManager.java:48)\n\tat tests.gui.google.G_Search_PageObjectModel_ThreadSafe.beforeClass(G_Search_PageObjectModel_ThreadSafe.java:45)\n\tat java.base/jdk.internal.reflect.NativeMethodAccessorImpl.invoke0(Native Method)\n\tat java.base/jdk.internal.reflect.NativeMethodAccessorImpl.invoke(NativeMethodAccessorImpl.java:77)\n\tat java.base/jdk.internal.reflect.DelegatingMethodAccessorImpl.invoke(DelegatingMethodAccessorImpl.java:43)\n\tat java.base/java.lang.reflect.Method.invoke(Method.java:568)\n\tat org.testng.internal.MethodInvocationHelper.invokeMethod(MethodInvocationHelper.java:133)\n\tat org.testng.internal.MethodInvocationHelper.invokeMethodConsideringTimeout(MethodInvocationHelper.java:62)\n\tat org.testng.internal.ConfigInvoker.invokeConfigurationMethod(ConfigInvoker.java:385)\n\tat org.testng.internal.ConfigInvoker.invokeConfigurations(ConfigInvoker.java:321)\n\tat org.testng.internal.TestMethodWorker.invokeBeforeClassMethods(TestMethodWorker.java:176)\n\tat org.testng.internal.TestMethodWorker.run(TestMethodWorker.java:122)\n\tat java.base/java.util.ArrayList.forEach(ArrayList.java:1511)\n\tat org.testng.TestRunner.privateRun(TestRunner.java:794)\n\tat org.testng.TestRunner.run(TestRunner.java:596)\n\tat org.testng.SuiteRunner.runTest(SuiteRunner.java:377)\n\tat org.testng.SuiteRunner.runSequentially(SuiteRunner.java:371)\n\tat org.testng.SuiteRunner.privateRun(SuiteRunner.java:332)\n\tat org.testng.SuiteRunner.run(SuiteRunner.java:276)\n\tat org.testng.SuiteRunnerWorker.runSuite(SuiteRunnerWorker.java:53)\n\tat org.testng.SuiteRunnerWorker.run(SuiteRunnerWorker.java:96)\n\tat org.testng.TestNG.runSuitesSequentially(TestNG.java:1212)\n\tat org.testng.TestNG.runSuitesLocally(TestNG.java:1134)\n\tat org.testng.TestNG.runSuites(TestNG.java:1063)\n\tat org.testng.TestNG.run(TestNG.java:1031)\n\tat org.apache.maven.surefire.testng.TestNGExecutor.run(TestNGExecutor.java:136)\n\tat org.apache.maven.surefire.testng.TestNGDirectoryTestSuite.executeMulti(TestNGDirectoryTestSuite.java:193)\n\tat org.apache.maven.surefire.testng.TestNGDirectoryTestSuite.execute(TestNGDirectoryTestSuite.java:94)\n\tat org.apache.maven.surefire.testng.TestNGProvider.invoke(TestNGProvider.java:145)\n\tat org.apache.maven.surefire.booter.ForkedBooter.runSuitesInProcess(ForkedBooter.java:428)\n\tat org.apache.maven.surefire.booter.ForkedBooter.execute(ForkedBooter.java:162)\n\tat org.apache.maven.surefire.booter.ForkedBooter.run(ForkedBooter.java:562)\n\tat org.apache.maven.surefire.booter.ForkedBooter.main(ForkedBooter.java:548)\n",
  "flaky" : false,
  "newFailed" : false,
  "beforeStages" : [ {
    "name" : "setupActivities",
    "time" : {
      "start" : 1641321518391,
      "stop" : 1641321519241,
      "duration" : 850
    },
    "description" : "",
    "status" : "passed",
    "steps" : [ {
      "name" : "Folder [extent-reports] was not found, it may have already been deleted.",
      "time" : {
        "start" : 1641321518613,
        "stop" : 1641321518615,
        "duration" : 2
      },
      "status" : "passed",
      "steps" : [ ],
      "attachments" : [ ],
      "parameters" : [ {
        "name" : "actionCounter",
        "value" : "1"
      }, {
        "name" : "logText",
        "value" : "Folder [extent-reports] was not found, it may have already been deleted."
      } ],
      "stepsCount" : 0,
      "attachmentsCount" : 0,
      "shouldDisplayMessage" : false,
      "hasContent" : true
    } ],
    "attachments" : [ {
      "uid" : "1a00975e307f8f64",
      "name" : "Attachment: SHAFT Links - Important",
      "source" : "1a00975e307f8f64.uri",
      "type" : "text/uri-list",
      "size" : 346
    }, {
      "uid" : "21c59c37f180bf2a",
      "name" : "Attachment: Properties - ExecutionPlatform",
      "source" : "21c59c37f180bf2a.properties",
      "type" : "text/plain",
      "size" : 394
    } ],
    "parameters" : [ ],
    "stepsCount" : 1,
    "attachmentsCount" : 2,
    "shouldDisplayMessage" : false,
    "hasContent" : true
  }, {
    "name" : "beforeClass",
    "time" : {
      "start" : 1641321530119,
      "stop" : 1641321530134,
      "duration" : 15
    },
    "description" : "",
    "status" : "failed",
    "statusMessage" : "Couldn't find the desired file. [src/test/resources/testDataFiles/Google/SimpleSearch.xlsx].",
    "statusTrace" : "java.lang.AssertionError: Couldn't find the desired file. [src/test/resources/testDataFiles/Google/SimpleSearch.xlsx].\n\tat org.testng.Assert.fail(Assert.java:99)\n\tat com.shaft.tools.io.ExcelFileManager.<init>(ExcelFileManager.java:48)\n\tat tests.gui.google.G_Search_PageObjectModel_ThreadSafe.beforeClass(G_Search_PageObjectModel_ThreadSafe.java:45)\n\tat java.base/jdk.internal.reflect.NativeMethodAccessorImpl.invoke0(Native Method)\n\tat java.base/jdk.internal.reflect.NativeMethodAccessorImpl.invoke(NativeMethodAccessorImpl.java:77)\n\tat java.base/jdk.internal.reflect.DelegatingMethodAccessorImpl.invoke(DelegatingMethodAccessorImpl.java:43)\n\tat java.base/java.lang.reflect.Method.invoke(Method.java:568)\n\tat org.testng.internal.MethodInvocationHelper.invokeMethod(MethodInvocationHelper.java:133)\n\tat org.testng.internal.MethodInvocationHelper.invokeMethodConsideringTimeout(MethodInvocationHelper.java:62)\n\tat org.testng.internal.ConfigInvoker.invokeConfigurationMethod(ConfigInvoker.java:385)\n\tat org.testng.internal.ConfigInvoker.invokeConfigurations(ConfigInvoker.java:321)\n\tat org.testng.internal.TestMethodWorker.invokeBeforeClassMethods(TestMethodWorker.java:176)\n\tat org.testng.internal.TestMethodWorker.run(TestMethodWorker.java:122)\n\tat java.base/java.util.ArrayList.forEach(ArrayList.java:1511)\n\tat org.testng.TestRunner.privateRun(TestRunner.java:794)\n\tat org.testng.TestRunner.run(TestRunner.java:596)\n\tat org.testng.SuiteRunner.runTest(SuiteRunner.java:377)\n\tat org.testng.SuiteRunner.runSequentially(SuiteRunner.java:371)\n\tat org.testng.SuiteRunner.privateRun(SuiteRunner.java:332)\n\tat org.testng.SuiteRunner.run(SuiteRunner.java:276)\n\tat org.testng.SuiteRunnerWorker.runSuite(SuiteRunnerWorker.java:53)\n\tat org.testng.SuiteRunnerWorker.run(SuiteRunnerWorker.java:96)\n\tat org.testng.TestNG.runSuitesSequentially(TestNG.java:1212)\n\tat org.testng.TestNG.runSuitesLocally(TestNG.java:1134)\n\tat org.testng.TestNG.runSuites(TestNG.java:1063)\n\tat org.testng.TestNG.run(TestNG.java:1031)\n\tat org.apache.maven.surefire.testng.TestNGExecutor.run(TestNGExecutor.java:136)\n\tat org.apache.maven.surefire.testng.TestNGDirectoryTestSuite.executeMulti(TestNGDirectoryTestSuite.java:193)\n\tat org.apache.maven.surefire.testng.TestNGDirectoryTestSuite.execute(TestNGDirectoryTestSuite.java:94)\n\tat org.apache.maven.surefire.testng.TestNGProvider.invoke(TestNGProvider.java:145)\n\tat org.apache.maven.surefire.booter.ForkedBooter.runSuitesInProcess(ForkedBooter.java:428)\n\tat org.apache.maven.surefire.booter.ForkedBooter.execute(ForkedBooter.java:162)\n\tat org.apache.maven.surefire.booter.ForkedBooter.run(ForkedBooter.java:562)\n\tat org.apache.maven.surefire.booter.ForkedBooter.main(ForkedBooter.java:548)\n",
    "steps" : [ {
      "name" : "An Exception Occured with this Message: src/test/resources/testDataFiles/Google/SimpleSearch.xlsx (No such file or directory).",
      "time" : {
        "start" : 1641321530123,
        "stop" : 1641321530124,
        "duration" : 1
      },
      "status" : "passed",
      "steps" : [ ],
      "attachments" : [ {
        "uid" : "2573278e6486921",
        "name" : "Attachment: Exception Stack Trace - java.io.FileNotFoundException",
        "source" : "2573278e6486921.txt",
        "type" : "text/plain",
        "size" : 2781
      } ],
      "parameters" : [ {
        "name" : "actionCounter",
        "value" : "19"
      }, {
        "name" : "logText",
        "value" : "An Exception Occured with this Message: src/test/resources/testDataFiles/Google/SimpleSearch.xlsx (No such file or directory)."
      }, {
        "name" : "attachments",
        "value" : "[[Exception Stack Trace, java.io.FileNotFoundException, java.io.FileNotFoundException:\nsrc/test/resources/testDataFiles/Google/SimpleSearch.xlsx (No such file or directory)\njava.base/java.io.FileInputStream.open0(Native Method)\njava.base/java.io.FileInputStream.open(FileInputStream.java:216)\njava.base/java.io.FileInputStream.<init>(FileInputStream.java:157)\njava.base/java.io.FileInputStream.<init>(FileInputStream.java:111)\ncom.shaft.tools.io.ExcelFileManager.<init>(ExcelFileManager.java:41)\ntests.gui.google.G_Search_PageObjectModel_ThreadSafe.beforeClass(G_Search_PageObjectModel_ThreadSafe.java:45)\njava.base/jdk.internal.reflect.NativeMethodAccessorImpl.invoke0(Native Method)\njava.base/jdk.internal.reflect.NativeMethodAccessorImpl.invoke(NativeMethodAccessorImpl.java:77)\njava.base/jdk.internal.reflect.DelegatingMethodAccessorImpl.invoke(DelegatingMethodAccessorImpl.java:43)\njava.base/java.lang.reflect.Method.invoke(Method.java:568)\norg.testng.internal.MethodInvocationHelper.invokeMethod(MethodInvocationHelper.java:133)\norg.testng.internal.MethodInvocationHelper.invokeMethodConsideringTimeout(MethodInvocationHelper.java:62)\norg.testng.internal.ConfigInvoker.invokeConfigurationMethod(ConfigInvoker.java:385)\norg.testng.internal.ConfigInvoker.invokeConfigurations(ConfigInvoker.java:321)\norg.testng.internal.TestMethodWorker.invokeBeforeClassMethods(TestMethodWorker.java:176)\norg.testng.internal.TestMethodWorker.run(TestMethodWorker.java:122)\njava.base/java.util.ArrayList.forEach(ArrayList.java:1511)\norg.testng.TestRunner.privateRun(TestRunner.java:794)\norg.testng.TestRunner.run(TestRunner.java:596)\norg.testng.SuiteRunner.runTest(SuiteRunner.java:377)\norg.testng.SuiteRunner.runSequentially(SuiteRunner.java:371)\norg.testng.SuiteRunner.privateRun(SuiteRunner.java:332)\norg.testng.SuiteRunner.run(SuiteRunner.java:276)\norg.testng.SuiteRunnerWorker.runSuite(SuiteRunnerWorker.java:53)\norg.testng.SuiteRunnerWorker.run(SuiteRunnerWorker.java:96)\norg.testng.TestNG.runSuitesSequentially(TestNG.java:1212)\norg.testng.TestNG.runSuitesLocally(TestNG.java:1134)\norg.testng.TestNG.runSuites(TestNG.java:1063)\norg.testng.TestNG.run(TestNG.java:1031)\norg.apache.maven.surefire.testng.TestNGExecutor.run(TestNGExecutor.java:136)\norg.apache.maven.surefire.testng.TestNGDirectoryTestSuite.executeMulti(TestNGDirectoryTestSuite.java:193)\norg.apache.maven.surefire.testng.TestNGDirectoryTestSuite.execute(TestNGDirectoryTestSuite.java:94)\norg.apache.maven.surefire.testng.TestNGProvider.invoke(TestNGProvider.java:145)\norg.apache.maven.surefire.booter.ForkedBooter.runSuitesInProcess(ForkedBooter.java:428)\norg.apache.maven.surefire.booter.ForkedBooter.execute(ForkedBooter.java:162)\norg.apache.maven.surefire.booter.ForkedBooter.run(ForkedBooter.java:562)\norg.apache.maven.surefire.booter.ForkedBooter.main(ForkedBooter.java:548)\n]]"
      } ],
      "stepsCount" : 0,
      "attachmentsCount" : 1,
      "shouldDisplayMessage" : false,
      "hasContent" : true
    }, {
      "name" : "Couldn't find the desired file. [src/test/resources/testDataFiles/Google/SimpleSearch.xlsx].",
      "time" : {
        "start" : 1641321530124,
        "stop" : 1641321530124,
        "duration" : 0
      },
      "status" : "passed",
      "steps" : [ ],
      "attachments" : [ ],
      "parameters" : [ {
        "name" : "actionCounter",
        "value" : "21"
      }, {
        "name" : "logText",
        "value" : "Couldn't find the desired file. [src/test/resources/testDataFiles/Google/SimpleSearch.xlsx]."
      } ],
      "stepsCount" : 0,
      "attachmentsCount" : 0,
      "shouldDisplayMessage" : false,
      "hasContent" : true
    } ],
    "attachments" : [ ],
    "parameters" : [ ],
    "stepsCount" : 2,
    "attachmentsCount" : 1,
    "shouldDisplayMessage" : true,
    "hasContent" : true
  }, {
    "name" : "setupActivities",
    "time" : {
      "start" : 1641321518391,
      "stop" : 1641321519241,
      "duration" : 850
    },
    "description" : "",
    "status" : "passed",
    "steps" : [ {
      "name" : "Folder [extent-reports] was not found, it may have already been deleted.",
      "time" : {
        "start" : 1641321518613,
        "stop" : 1641321518615,
        "duration" : 2
      },
      "status" : "passed",
      "steps" : [ ],
      "attachments" : [ ],
      "parameters" : [ {
        "name" : "actionCounter",
        "value" : "1"
      }, {
        "name" : "logText",
        "value" : "Folder [extent-reports] was not found, it may have already been deleted."
      } ],
      "stepsCount" : 0,
      "attachmentsCount" : 0,
      "shouldDisplayMessage" : false,
      "hasContent" : true
    } ],
    "attachments" : [ {
      "uid" : "1a00975e307f8f64",
      "name" : "Attachment: SHAFT Links - Important",
      "source" : "1a00975e307f8f64.uri",
      "type" : "text/uri-list",
      "size" : 346
    }, {
      "uid" : "21c59c37f180bf2a",
      "name" : "Attachment: Properties - ExecutionPlatform",
      "source" : "21c59c37f180bf2a.properties",
      "type" : "text/plain",
      "size" : 394
    } ],
    "parameters" : [ ],
    "stepsCount" : 1,
    "attachmentsCount" : 2,
    "shouldDisplayMessage" : false,
    "hasContent" : true
  } ],
  "afterStages" : [ {
    "name" : "teardownActivities",
    "time" : {
      "start" : 1641321559370,
      "stop" : 1641321559565,
      "duration" : 195
    },
    "description" : "",
    "status" : "passed",
    "steps" : [ {
      "name" : "Successfully Closed All Drivers.",
      "time" : {
        "start" : 1641321559370,
        "stop" : 1641321559370,
        "duration" : 0
      },
      "status" : "passed",
      "steps" : [ ],
      "attachments" : [ ],
      "parameters" : [ {
        "name" : "actionCounter",
        "value" : "57"
      }, {
        "name" : "logText",
        "value" : "Successfully Closed All Drivers."
      } ],
      "stepsCount" : 0,
      "attachmentsCount" : 0,
      "shouldDisplayMessage" : false,
      "hasContent" : true
    }, {
      "name" : "Issue Summary: Total Issues = 2, New issues for Failed Tests = 2, Open issues for Passed Tests = 0, Open issues for Failed Tests = 0. Kindly check the attached Issue details.",
      "time" : {
        "start" : 1641321559377,
        "stop" : 1641321559377,
        "duration" : 0
      },
      "status" : "passed",
      "steps" : [ ],
      "attachments" : [ {
        "uid" : "7f029e7c6bacaef5",
        "name" : "Attachment: SHAFT Engine Logs - Issues log CSV: 20220104-183919",
        "source" : "7f029e7c6bacaef5.csv",
        "type" : "text/csv",
        "size" : 342
      } ],
      "parameters" : [ {
        "name" : "actionCounter",
        "value" : "58"
      }, {
        "name" : "logText",
        "value" : "Issue Summary: Total Issues = 2, New issues for Failed Tests = 2, Open issues for Passed Tests = 0, Open issues for Failed Tests = 0. Kindly check the attached Issue details."
      }, {
        "name" : "attachments",
        "value" : "[[SHAFT Engine Logs, Issues log CSV: 20220104-183919, java.io.ByteArrayInputStream@354e6aaa]]"
      } ],
      "stepsCount" : 0,
      "attachmentsCount" : 1,
      "shouldDisplayMessage" : false,
      "hasContent" : true
    } ],
    "attachments" : [ {
      "uid" : "822a29ecc7bb6b2",
      "name" : "Attachment: SHAFT Engine Logs - Execution log: 20220104-183919",
      "source" : "822a29ecc7bb6b2.txt",
      "type" : "text/plain",
      "size" : 29497
    }, {
      "uid" : "aac78947aadb4b97",
      "name" : "Attachment: HTML - Extent Emailable Execution Report",
      "source" : "aac78947aadb4b97.html",
      "type" : "text/html",
      "size" : 682296
    } ],
    "parameters" : [ ],
    "stepsCount" : 2,
    "attachmentsCount" : 3,
    "shouldDisplayMessage" : false,
    "hasContent" : true
  }, {
    "name" : "teardownActivities",
    "time" : {
      "start" : 1641321559370,
      "stop" : 1641321559565,
      "duration" : 195
    },
    "description" : "",
    "status" : "passed",
    "steps" : [ {
      "name" : "Successfully Closed All Drivers.",
      "time" : {
        "start" : 1641321559370,
        "stop" : 1641321559370,
        "duration" : 0
      },
      "status" : "passed",
      "steps" : [ ],
      "attachments" : [ ],
      "parameters" : [ {
        "name" : "actionCounter",
        "value" : "57"
      }, {
        "name" : "logText",
        "value" : "Successfully Closed All Drivers."
      } ],
      "stepsCount" : 0,
      "attachmentsCount" : 0,
      "shouldDisplayMessage" : false,
      "hasContent" : true
    }, {
      "name" : "Issue Summary: Total Issues = 2, New issues for Failed Tests = 2, Open issues for Passed Tests = 0, Open issues for Failed Tests = 0. Kindly check the attached Issue details.",
      "time" : {
        "start" : 1641321559377,
        "stop" : 1641321559377,
        "duration" : 0
      },
      "status" : "passed",
      "steps" : [ ],
      "attachments" : [ {
        "uid" : "7f029e7c6bacaef5",
        "name" : "Attachment: SHAFT Engine Logs - Issues log CSV: 20220104-183919",
        "source" : "7f029e7c6bacaef5.csv",
        "type" : "text/csv",
        "size" : 342
      } ],
      "parameters" : [ {
        "name" : "actionCounter",
        "value" : "58"
      }, {
        "name" : "logText",
        "value" : "Issue Summary: Total Issues = 2, New issues for Failed Tests = 2, Open issues for Passed Tests = 0, Open issues for Failed Tests = 0. Kindly check the attached Issue details."
      }, {
        "name" : "attachments",
        "value" : "[[SHAFT Engine Logs, Issues log CSV: 20220104-183919, java.io.ByteArrayInputStream@354e6aaa]]"
      } ],
      "stepsCount" : 0,
      "attachmentsCount" : 1,
      "shouldDisplayMessage" : false,
      "hasContent" : true
    } ],
    "attachments" : [ {
      "uid" : "822a29ecc7bb6b2",
      "name" : "Attachment: SHAFT Engine Logs - Execution log: 20220104-183919",
      "source" : "822a29ecc7bb6b2.txt",
      "type" : "text/plain",
      "size" : 29497
    }, {
      "uid" : "aac78947aadb4b97",
      "name" : "Attachment: HTML - Extent Emailable Execution Report",
      "source" : "aac78947aadb4b97.html",
      "type" : "text/html",
      "size" : 682296
    } ],
    "parameters" : [ ],
    "stepsCount" : 2,
    "attachmentsCount" : 3,
    "shouldDisplayMessage" : false,
    "hasContent" : true
  } ],
  "labels" : [ {
    "name" : "package",
    "value" : "tests.gui.google.G_Search_PageObjectModel_ThreadSafe"
  }, {
    "name" : "testClass",
    "value" : "tests.gui.google.G_Search_PageObjectModel_ThreadSafe"
  }, {
    "name" : "testMethod",
    "value" : "beforeClass"
  }, {
    "name" : "parentSuite",
    "value" : "SHAFT: Custom Suite"
  }, {
    "name" : "suite",
    "value" : "SHAFT: Custom Test"
  }, {
    "name" : "subSuite",
    "value" : "tests.gui.google.G_Search_PageObjectModel_ThreadSafe"
  }, {
    "name" : "host",
    "value" : "fv-az36-988"
  }, {
    "name" : "thread",
    "value" : "3734@fv-az36-988.main(1)"
  }, {
    "name" : "framework",
    "value" : "testng"
  }, {
    "name" : "language",
    "value" : "java"
  }, {
    "name" : "AS_ID",
    "value" : "-1"
  }, {
    "name" : "resultFormat",
    "value" : "allure2"
  } ],
  "parameters" : [ ],
  "links" : [ ],
  "hidden" : false,
  "retry" : false,
  "extra" : {
    "severity" : "normal",
    "retries" : [ ],
    "categories" : [ {
      "name" : "Product defects",
      "matchedStatuses" : [ ],
      "flaky" : false
    } ],
    "history" : {
      "statistic" : {
        "failed" : 159,
        "broken" : 0,
        "skipped" : 0,
        "passed" : 0,
        "unknown" : 0,
        "total" : 159
      },
      "items" : [ {
        "uid" : "44e2e04da58d9a5f",
        "reportUrl" : "https://Dorgham4.github.io/io.github.alidorgham/allure/163//#testresult/44e2e04da58d9a5f",
        "status" : "failed",
        "statusDetails" : "Couldn't find the desired file. [src/test/resources/testDataFiles/Google/SimpleSearch.xlsx].",
        "time" : {
          "start" : 1641300699848,
          "stop" : 1641300699848,
          "duration" : 0
        }
      }, {
        "uid" : "adabe680bda411b6",
        "reportUrl" : "https://Dorgham4.github.io/io.github.alidorgham/allure/162//#testresult/adabe680bda411b6",
        "status" : "failed",
        "statusDetails" : "Couldn't find the desired file. [src/test/resources/testDataFiles/Google/SimpleSearch.xlsx].",
        "time" : {
          "start" : 1641278415224,
          "stop" : 1641278415225,
          "duration" : 1
        }
      }, {
        "uid" : "1676f4f36baadf94",
        "reportUrl" : "https://Dorgham4.github.io/io.github.alidorgham/allure/161//#testresult/1676f4f36baadf94",
        "status" : "failed",
        "statusDetails" : "Couldn't find the desired file. [src/test/resources/testDataFiles/Google/SimpleSearch.xlsx].",
        "time" : {
          "start" : 1641260384503,
          "stop" : 1641260384504,
          "duration" : 1
        }
      }, {
        "uid" : "cbca36ce5ad60e7c",
        "reportUrl" : "https://Dorgham4.github.io/io.github.alidorgham/allure/160//#testresult/cbca36ce5ad60e7c",
        "status" : "failed",
        "statusDetails" : "Couldn't find the desired file. [src/test/resources/testDataFiles/Google/SimpleSearch.xlsx].",
        "time" : {
          "start" : 1641235286102,
          "stop" : 1641235286102,
          "duration" : 0
        }
      }, {
        "uid" : "e4be4df50c814cc5",
        "reportUrl" : "https://Dorgham4.github.io/io.github.alidorgham/allure/159//#testresult/e4be4df50c814cc5",
        "status" : "failed",
        "statusDetails" : "Couldn't find the desired file. [src/test/resources/testDataFiles/Google/SimpleSearch.xlsx].",
        "time" : {
          "start" : 1641214389116,
          "stop" : 1641214389116,
          "duration" : 0
        }
      }, {
        "uid" : "b4068096d2398f0c",
        "reportUrl" : "https://Dorgham4.github.io/io.github.alidorgham/allure/158//#testresult/b4068096d2398f0c",
        "status" : "failed",
        "statusDetails" : "Couldn't find the desired file. [src/test/resources/testDataFiles/Google/SimpleSearch.xlsx].",
        "time" : {
          "start" : 1641192245595,
          "stop" : 1641192245595,
          "duration" : 0
        }
      }, {
        "uid" : "623d75e775950f92",
        "reportUrl" : "https://Dorgham4.github.io/io.github.alidorgham/allure/157//#testresult/623d75e775950f92",
        "status" : "failed",
        "statusDetails" : "Couldn't find the desired file. [src/test/resources/testDataFiles/Google/SimpleSearch.xlsx].",
        "time" : {
          "start" : 1641173820939,
          "stop" : 1641173820940,
          "duration" : 1
        }
      }, {
        "uid" : "e0c7e53f1c3cdcd6",
        "reportUrl" : "https://Dorgham4.github.io/io.github.alidorgham/allure/156//#testresult/e0c7e53f1c3cdcd6",
        "status" : "failed",
        "statusDetails" : "Couldn't find the desired file. [src/test/resources/testDataFiles/Google/SimpleSearch.xlsx].",
        "time" : {
          "start" : 1641148732048,
          "stop" : 1641148732048,
          "duration" : 0
        }
      }, {
        "uid" : "bbd0f86a8db7a5f7",
        "reportUrl" : "https://Dorgham4.github.io/io.github.alidorgham/allure/155//#testresult/bbd0f86a8db7a5f7",
        "status" : "failed",
        "statusDetails" : "Couldn't find the desired file. [src/test/resources/testDataFiles/Google/SimpleSearch.xlsx].",
        "time" : {
          "start" : 1641127971777,
          "stop" : 1641127971778,
          "duration" : 1
        }
      }, {
        "uid" : "b46c270a959897d5",
        "reportUrl" : "https://Dorgham4.github.io/io.github.alidorgham/allure/154//#testresult/b46c270a959897d5",
        "status" : "failed",
        "statusDetails" : "Couldn't find the desired file. [src/test/resources/testDataFiles/Google/SimpleSearch.xlsx].",
        "time" : {
          "start" : 1641105692283,
          "stop" : 1641105692283,
          "duration" : 0
        }
      }, {
        "uid" : "c8643e5b0267966a",
        "reportUrl" : "https://Dorgham4.github.io/io.github.alidorgham/allure/153//#testresult/c8643e5b0267966a",
        "status" : "failed",
        "statusDetails" : "Couldn't find the desired file. [src/test/resources/testDataFiles/Google/SimpleSearch.xlsx].",
        "time" : {
          "start" : 1641087624180,
          "stop" : 1641087624183,
          "duration" : 3
        }
      }, {
        "uid" : "9ab75dd0da59aed8",
        "reportUrl" : "https://Dorgham4.github.io/io.github.alidorgham/allure/152//#testresult/9ab75dd0da59aed8",
        "status" : "failed",
        "statusDetails" : "Couldn't find the desired file. [src/test/resources/testDataFiles/Google/SimpleSearch.xlsx].",
        "time" : {
          "start" : 1641062344855,
          "stop" : 1641062344855,
          "duration" : 0
        }
      }, {
        "uid" : "107f1ec2bd7af076",
        "reportUrl" : "https://Dorgham4.github.io/io.github.alidorgham/allure/151//#testresult/107f1ec2bd7af076",
        "status" : "failed",
        "statusDetails" : "Couldn't find the desired file. [src/test/resources/testDataFiles/Google/SimpleSearch.xlsx].",
        "time" : {
          "start" : 1641041405391,
          "stop" : 1641041405392,
          "duration" : 1
        }
      }, {
        "uid" : "9cb9c5673cf80222",
        "reportUrl" : "https://Dorgham4.github.io/io.github.alidorgham/allure/150//#testresult/9cb9c5673cf80222",
        "status" : "failed",
        "statusDetails" : "Couldn't find the desired file. [src/test/resources/testDataFiles/Google/SimpleSearch.xlsx].",
        "time" : {
          "start" : 1641019156290,
          "stop" : 1641019156290,
          "duration" : 0
        }
      }, {
        "uid" : "283c1162ea406f5a",
        "reportUrl" : "https://Dorgham4.github.io/io.github.alidorgham/allure/149//#testresult/283c1162ea406f5a",
        "status" : "failed",
        "statusDetails" : "Couldn't find the desired file. [src/test/resources/testDataFiles/Google/SimpleSearch.xlsx].",
        "time" : {
          "start" : 1641001093111,
          "stop" : 1641001093112,
          "duration" : 1
        }
      }, {
        "uid" : "23f75c1f6c9e5762",
        "reportUrl" : "https://Dorgham4.github.io/io.github.alidorgham/allure/148//#testresult/23f75c1f6c9e5762",
        "status" : "failed",
        "statusDetails" : "Couldn't find the desired file. [src/test/resources/testDataFiles/Google/SimpleSearch.xlsx].",
        "time" : {
          "start" : 1640975884006,
          "stop" : 1640975884006,
          "duration" : 0
        }
      }, {
        "uid" : "fccef38e4af67e67",
        "reportUrl" : "https://Dorgham4.github.io/io.github.alidorgham/allure/147//#testresult/fccef38e4af67e67",
        "status" : "failed",
        "statusDetails" : "Couldn't find the desired file. [src/test/resources/testDataFiles/Google/SimpleSearch.xlsx].",
        "time" : {
          "start" : 1640955071312,
          "stop" : 1640955071312,
          "duration" : 0
        }
      }, {
        "uid" : "90fa0482c2ac6c53",
        "reportUrl" : "https://Dorgham4.github.io/io.github.alidorgham/allure/146//#testresult/90fa0482c2ac6c53",
        "status" : "failed",
        "statusDetails" : "Couldn't find the desired file. [src/test/resources/testDataFiles/Google/SimpleSearch.xlsx].",
        "time" : {
          "start" : 1640932789904,
          "stop" : 1640932789904,
          "duration" : 0
        }
      }, {
        "uid" : "1874961c76a1dd3a",
        "reportUrl" : "https://Dorgham4.github.io/io.github.alidorgham/allure/145//#testresult/1874961c76a1dd3a",
        "status" : "failed",
        "statusDetails" : "Couldn't find the desired file. [src/test/resources/testDataFiles/Google/SimpleSearch.xlsx].",
        "time" : {
          "start" : 1640914605181,
          "stop" : 1640914605182,
          "duration" : 1
        }
      }, {
        "uid" : "4d8d0e5b7fff1b06",
        "reportUrl" : "https://Dorgham4.github.io/io.github.alidorgham/allure/144//#testresult/4d8d0e5b7fff1b06",
        "status" : "failed",
        "statusDetails" : "Couldn't find the desired file. [src/test/resources/testDataFiles/Google/SimpleSearch.xlsx].",
        "time" : {
          "start" : 1640889494224,
          "stop" : 1640889494225,
          "duration" : 1
        }
      } ]
    },
    "tags" : [ ]
  },
  "source" : "f0e628843430d58a.json",
  "parameterValues" : [ ]
}