################################################################################################################################################
Detected SHAFT Engine Version: [SHAFT Engine v5.4.20211117-BETA]
################################################################################################################################################
[ReportManager] File Action [GetAbsolutePath] successfully performed. With the following test data [Relative Folder Path: "target/downloadedFiles/"]. @18-12-2021 18:37:32.0360 PM
[ReportManager] Attempting to run remotely on: [Linux-64], [GoogleChrome], [http://localhost:4444/wd/hub], Headless Execution. @18-12-2021 18:37:32.0374 PM
[ReportManager] Successfully Opened [GoogleChrome]. @18-12-2021 18:37:34.0225 PM
[ReportManager] Target URL: [https://www.google.com/ncr], and after redirection: [https://www.google.com] @18-12-2021 18:37:34.0234 PM
[ReportManager] Initial URL: [data:,] @18-12-2021 18:37:34.0359 PM
[ReportManager] Browser Action [NavigateToURL] successfully performed. With the following test data [https://www.google.com/ncr]. @18-12-2021 18:37:35.0707 P

################################################################################################################################################
Starting Execution:	[1 out of 23] test cases in the current suite
Test Method:		[tests.gui.google.B_Search_FlatTest_SHAFT.navigateToGoogleHomeAndAssertGoogleLogoIsDisplayed]
################################################################################################################################################
[ReportManager] File Action [DoesFileExist] successfully performed. With the following test data [File Path: "src/main/resources/dynamicObjectRepository/tests_gui_google_B_Search_FlatTest_SHAFT_navigateToGoogleHomeAndAssertGoogleLogoIsDisplayed_By_xpath_img_id_hplogo_or_alt_Google.png"]. @18-12-2021 18:37:35.0832 PM
[ReportManager] File Action [GetAbsolutePath] successfully performed. With the following test data [Relative Folder Path: "src/main/resources/dynamicObjectRepository/tests_gui_google_B_Search_FlatTest_SHAFT_navigateToGoogleHomeAndAssertGoogleLogoIsDisplayed_By_xpath_img_id_hplogo_or_alt_Google.png"]. @18-12-2021 18:37:35.0832 PM
[ReportManager] File Action [ReadFromImageFile] successfully performed. With the following test data [File Path: "/home/runner/work/io.github.alidorgham/io.github.alidorgham/src/main/resources/dynamicObjectRepository/tests_gui_google_B_Search_FlatTest_SHAFT_navigateToGoogleHomeAndAssertGoogleLogoIsDisplayed_By_xpath_img_id_hplogo_or_alt_Google.png"]. @18-12-2021 18:37:35.0833 PM
[ReportManager] File Action [DoesFileExist] successfully performed. With the following test data [File Path: "src/main/resources/dynamicObjectRepository/tests_gui_google_B_Search_FlatTest_SHAFT_navigateToGoogleHomeAndAssertGoogleLogoIsDisplayed_By_xpath_img_id_hplogo_or_alt_Google.png"]. @18-12-2021 18:37:36.0129 PM
[ReportManager] File Action [DoesFileExist] successfully performed. With the following test data [File Path: "src/main/resources/dynamicObjectRepository/tests_gui_google_B_Search_FlatTest_SHAFT_navigateToGoogleHomeAndAssertGoogleLogoIsDisplayed_By_xpath_img_id_hplogo_or_alt_Google.png"]. @18-12-2021 18:37:36.0130 PM
[ReportManager] Loaded Shared OpenCV @18-12-2021 18:37:36.0566 PM
[ReportManager] Successfully identified the element using AI; OpenCV. @18-12-2021 18:37:36.0591 PM
[ReportManager] Assertion Passed: Asserting that the Google logo is displayed @18-12-2021 18:37:36.0593 PM
[ReportManager] Successfully created attachment [Validation Test Data - Reference Screenshot] @18-12-2021 18:37:36.0597 PM
[ReportManager] Successfully created attachment [Validation Test Data - Actual Screenshot] @18-12-2021 18:37:36.0598 PM
[ReportManager] Assertion [ValidateElementMatches] PASSED. Expected [Element should match the reference screenshot] and Actual [TRUE]. Comparison Type [EXACT_OPENCV]. Validation Type [POSITIVE]. @18-12-2021 18:37:36.0598 P
[ReportManager] Browser Action [CloseCurrentWindow] successfully performed. @18-12-2021 18:37:36.0770 PM
[ReportManager] Successfully created attachment [Browser Action Test Data - CloseCurrentWindow - Actual Value] @18-12-2021 18:37:36.0781 P
[ReportManager] File Action [GetAbsolutePath] successfully performed. With the following test data [Relative Folder Path: "target/downloadedFiles/"]. @18-12-2021 18:37:36.0800 PM
[ReportManager] Attempting to run remotely on: [Linux-64], [GoogleChrome], [http://localhost:4444/wd/hub], Headless Execution. @18-12-2021 18:37:36.0800 PM
[ReportManager] Successfully Opened [GoogleChrome]. @18-12-2021 18:37:37.0178 PM
[ReportManager] Target URL: [https://www.google.com/ncr], and after redirection: [https://www.google.com] @18-12-2021 18:37:37.0178 PM
[ReportManager] Initial URL: [data:,] @18-12-2021 18:37:37.0265 PM
[ReportManager] Browser Action [NavigateToURL] successfully performed. With the following test data [https://www.google.com/ncr]. @18-12-2021 18:37:38.0339 P

################################################################################################################################################
Starting Execution:	[2 out of 23] test cases in the current suite
Test Method:		[tests.gui.google.B_Search_FlatTest_SHAFT.navigateToGoogleHomeAndAssertPageTitle]
################################################################################################################################################
[ReportManager] Browser Action [GetCurrentWindowTitle] successfully performed. With the following test data [Google]. @18-12-2021 18:37:38.0400 PM
[ReportManager] Assertion Passed: Asserting that the page title is Google @18-12-2021 18:37:38.0967 PM
[ReportManager] Successfully created attachment [Screenshot - 1639852658613_navigateToGoogleHomeAndAssertPageTitle_ValidateBrowserAttribute_passed] @18-12-2021 18:37:38.0984 PM
[ReportManager] Assertion [ValidateBrowserAttribute] PASSED. Expected [Value Should be 'Google' for the 'Title' attribute] and Actual [Google]. Comparison Type [EQUALS]. Validation Type [POSITIVE]. @18-12-2021 18:37:38.0984 P
[ReportManager] Browser Action [CloseCurrentWindow] successfully performed. @18-12-2021 18:37:39.0138 PM
[ReportManager] Successfully created attachment [Browser Action Test Data - CloseCurrentWindow - Actual Value] @18-12-2021 18:37:39.0140 P
[ReportManager] File Action [GetAbsolutePath] successfully performed. With the following test data [Relative Folder Path: "target/downloadedFiles/"]. @18-12-2021 18:37:39.0150 PM
[ReportManager] Attempting to run remotely on: [Linux-64], [GoogleChrome], [http://localhost:4444/wd/hub], Headless Execution. @18-12-2021 18:37:39.0150 PM
[ReportManager] Successfully Opened [GoogleChrome]. @18-12-2021 18:37:39.0524 PM
[ReportManager] Target URL: [https://www.google.com/ncr], and after redirection: [https://www.google.com] @18-12-2021 18:37:39.0524 PM
[ReportManager] Initial URL: [data:,] @18-12-2021 18:37:39.0606 PM
[ReportManager] Browser Action [NavigateToURL] successfully performed. With the following test data [https://www.google.com/ncr]. @18-12-2021 18:37:40.0631 P

################################################################################################################################################
Starting Execution:	[3 out of 23] test cases in the current suite
Test Method:		[tests.gui.google.B_Search_FlatTest_SHAFT.searchForQueryAndAssertFirstResultTextIsCorrect]
################################################################################################################################################
[ReportManager] Element Action [Type] successfully performed. With the following test data [SHAFT_Engine]. @18-12-2021 18:37:41.0095 PM
[ReportManager] Element Action [KeyPress] successfully performed. With the following test data [ENTER]. @18-12-2021 18:37:43.0572 PM
[ReportManager] Element Action [GetText] successfully performed. With the following test data [SHAFT: Unified Test Automation Engine - GitHub]. @18-12-2021 18:37:43.0694 PM
[ReportManager] Loaded Shared OpenCV @18-12-2021 18:37:44.0072 PM
[ReportManager] Assertion Failed: Asserting that the correct first result is displayed @18-12-2021 18:37:44.0318 PM
[ReportManager] Successfully created attachment [Screenshot - 1639852664071_searchForQueryAndAssertFirstResultTextIsCorrect_ValidateElementAttribute_failed] @18-12-2021 18:37:44.0326 PM
[ReportManager] Assertion [ValidateElementAttribute] FAILED. Expected [Value Should be 'MohabMohie' for the 'Text' attribute, element locator 'By.xpath: (//h1[contains(text(),'Search Result')]/following-sibling::div//a/h3)[1]'] and Actual [SHAFT: Unified Test Automation Engine - GitHub]. Comparison Type [CONTAINS]. Validation Type [POSITIVE]. @18-12-2021 18:37:44.0326 P
[ReportManager] Browser Action [CloseCurrentWindow] successfully performed. @18-12-2021 18:37:44.0603 PM
[ReportManager] Successfully created attachment [Browser Action Test Data - CloseCurrentWindow - Actual Value] @18-12-2021 18:37:44.0611 P
[ReportManager] An Exception Occured with this Message: src/test/resources/testDataFiles/Google/SimpleSearch.xlsx (No such file or directory). @18-12-2021 18:37:44.0622 PM
[ReportManager] Successfully created attachment [Exception Stack Trace - java.io.FileNotFoundException] @18-12-2021 18:37:44.0622 PM
[ReportManager] Couldn't find the desired file. [src/test/resources/testDataFiles/Google/SimpleSearch.xlsx]. @18-12-2021 18:37:44.0623 P


################################################################################################################################################
Starting Execution:	[4 out of 23] test cases in the current suite
Test Method:		[tests.gui.google.G_Search_PageObjectModel_ThreadSafe.navigateToGoogleHomeAndAssertGoogleLogoIsDisplayed]
###############################################################################################################################################



################################################################################################################################################
Starting Execution:	[5 out of 23] test cases in the current suite
Test Method:		[tests.gui.google.G_Search_PageObjectModel_ThreadSafe.navigateToGoogleHomeAndAssertPageTitle]
###############################################################################################################################################



################################################################################################################################################
Starting Execution:	[6 out of 23] test cases in the current suite
Test Method:		[tests.gui.google.G_Search_PageObjectModel_ThreadSafe.searchForQueryAndAssertFirstResultTextIsCorrect]
###############################################################################################################################################

[ReportManager] File Action [GetAbsolutePath] successfully performed. With the following test data [Relative Folder Path: "target/downloadedFiles/"]. @18-12-2021 18:37:44.0645 PM
[ReportManager] Attempting to run remotely on: [Linux-64], [GoogleChrome], [http://localhost:4444/wd/hub], Headless Execution. @18-12-2021 18:37:44.0646 PM
[ReportManager] Successfully Opened [GoogleChrome]. @18-12-2021 18:37:45.0044 PM
[ReportManager] Target URL: [https://www.google.com/ncr], and after redirection: [https://www.google.com] @18-12-2021 18:37:45.0048 PM
[ReportManager] Initial URL: [data:,] @18-12-2021 18:37:45.0116 PM
[ReportManager] Browser Action [NavigateToURL] successfully performed. With the following test data [https://www.google.com/ncr]. @18-12-2021 18:37:46.0125 P

################################################################################################################################################
Starting Execution:	[7 out of 23] test cases in the current suite
Test Method:		[tests.gui.google.C_Search_PageObjectModel_Traditional.navigateToGoogleHomeAndAssertGoogleLogoIsDisplayed]
################################################################################################################################################
[ReportManager] Element Action [IsElementDisplayed] successfully performed. @18-12-2021 18:37:46.0256 PM
[ReportManager] Assertion Passed: Asserting that the Google logo is displayed @18-12-2021 18:37:46.0257 PM
[ReportManager] Assertion [ValidateTrue] PASSED. Expected [TRUE] and Actual [TRUE]. Validation Type [POSITIVE]. @18-12-2021 18:37:46.0257 P
[ReportManager] Browser Action [CloseCurrentWindow] successfully performed. @18-12-2021 18:37:46.0394 PM
[ReportManager] Successfully created attachment [Browser Action Test Data - CloseCurrentWindow - Actual Value] @18-12-2021 18:37:46.0397 P
[ReportManager] File Action [GetAbsolutePath] successfully performed. With the following test data [Relative Folder Path: "target/downloadedFiles/"]. @18-12-2021 18:37:46.0400 PM
[ReportManager] Attempting to run remotely on: [Linux-64], [GoogleChrome], [http://localhost:4444/wd/hub], Headless Execution. @18-12-2021 18:37:46.0400 PM
[ReportManager] Successfully Opened [GoogleChrome]. @18-12-2021 18:37:46.0604 PM
[ReportManager] Target URL: [https://www.google.com/ncr], and after redirection: [https://www.google.com] @18-12-2021 18:37:46.0605 PM
[ReportManager] Initial URL: [data:,] @18-12-2021 18:37:46.0675 PM
[ReportManager] Browser Action [NavigateToURL] successfully performed. With the following test data [https://www.google.com/ncr]. @18-12-2021 18:37:47.0675 P

################################################################################################################################################
Starting Execution:	[8 out of 23] test cases in the current suite
Test Method:		[tests.gui.google.C_Search_PageObjectModel_Traditional.navigateToGoogleHomeAndAssertPageTitle]
################################################################################################################################################
[ReportManager] Browser Action [GetCurrentWindowTitle] successfully performed. With the following test data [Google]. @18-12-2021 18:37:47.0722 PM
[ReportManager] Assertion Passed: Asserting that the page title is Google @18-12-2021 18:37:47.0723 PM
[ReportManager] Assertion [ValidateEquals] PASSED. Expected [Google] and Actual [Google]. Comparison Type [EQUALS]. Validation Type [POSITIVE]. @18-12-2021 18:37:47.0723 P
[ReportManager] Browser Action [CloseCurrentWindow] successfully performed. @18-12-2021 18:37:47.0868 PM
[ReportManager] Successfully created attachment [Browser Action Test Data - CloseCurrentWindow - Actual Value] @18-12-2021 18:37:47.0869 P
[ReportManager] File Action [GetAbsolutePath] successfully performed. With the following test data [Relative Folder Path: "target/downloadedFiles/"]. @18-12-2021 18:37:47.0876 PM
[ReportManager] Attempting to run remotely on: [Linux-64], [GoogleChrome], [http://localhost:4444/wd/hub], Headless Execution. @18-12-2021 18:37:47.0876 PM
[ReportManager] Successfully Opened [GoogleChrome]. @18-12-2021 18:37:48.0065 PM
[ReportManager] Target URL: [https://www.google.com/ncr], and after redirection: [https://www.google.com] @18-12-2021 18:37:48.0065 PM
[ReportManager] Initial URL: [data:,] @18-12-2021 18:37:48.0146 PM
[ReportManager] Browser Action [NavigateToURL] successfully performed. With the following test data [https://www.google.com/ncr]. @18-12-2021 18:37:49.0156 P

################################################################################################################################################
Starting Execution:	[9 out of 23] test cases in the current suite
Test Method:		[tests.gui.google.C_Search_PageObjectModel_Traditional.searchForQueryAndAssertFirstResultTextIsCorrect]
################################################################################################################################################
[ReportManager] Element Action [Type] successfully performed. With the following test data [SHAFT_Engine]. @18-12-2021 18:37:49.0561 PM
[ReportManager] Element Action [KeyPress] successfully performed. With the following test data [ENTER]. @18-12-2021 18:37:50.0975 PM
[ReportManager] Element Action [GetText] successfully performed. With the following test data [SHAFT: Unified Test Automation Engine - GitHub]. @18-12-2021 18:37:51.0085 PM
[ReportManager] Assertion Failed: Asserting that the correct first result is displayed @18-12-2021 18:37:51.0085 PM
[ReportManager] Assertion [ValidateEquals] FAILED. Expected [MohabMohie] and Actual [SHAFT: Unified Test Automation Engine - GitHub]. Comparison Type [CONTAINS]. Validation Type [POSITIVE]. @18-12-2021 18:37:51.0086 P
[ReportManager] Browser Action [CloseCurrentWindow] successfully performed. @18-12-2021 18:37:51.0335 PM
[ReportManager] Successfully created attachment [Browser Action Test Data - CloseCurrentWindow - Actual Value] @18-12-2021 18:37:51.0337 P
[ReportManager] An Exception Occured with this Message: src/test/resources/testDataFiles/Google/SimpleSearch.xlsx (No such file or directory). @18-12-2021 18:37:51.0346 PM
[ReportManager] Successfully created attachment [Exception Stack Trace - java.io.FileNotFoundException] @18-12-2021 18:37:51.0347 PM
[ReportManager] Couldn't find the desired file. [src/test/resources/testDataFiles/Google/SimpleSearch.xlsx]. @18-12-2021 18:37:51.0347 P


################################################################################################################################################
Starting Execution:	[10 out of 23] test cases in the current suite
Test Method:		[tests.gui.google.F_Search_PageObjectModel_Fluent.navigateToGoogleHomeAndAssertGoogleLogoIsDisplayed]
###############################################################################################################################################



################################################################################################################################################
Starting Execution:	[11 out of 23] test cases in the current suite
Test Method:		[tests.gui.google.F_Search_PageObjectModel_Fluent.navigateToGoogleHomeAndAssertPageTitle]
###############################################################################################################################################



################################################################################################################################################
Starting Execution:	[12 out of 23] test cases in the current suite
Test Method:		[tests.gui.google.F_Search_PageObjectModel_Fluent.searchForQueryAndAssertFirstResultTextIsCorrect]
###############################################################################################################################################

[ReportManager] An Exception Occured with this Message: src/test/resources/testDataFiles/Google/SimpleSearch.xlsx (No such file or directory). @18-12-2021 18:37:51.0377 PM
[ReportManager] Successfully created attachment [Exception Stack Trace - java.io.FileNotFoundException] @18-12-2021 18:37:51.0378 PM
[ReportManager] Couldn't find the desired file. [src/test/resources/testDataFiles/Google/SimpleSearch.xlsx]. @18-12-2021 18:37:51.0378 P


################################################################################################################################################
Starting Execution:	[13 out of 23] test cases in the current suite
Test Method:		[tests.gui.google.E_Search_PageObjectModel_Traditional_SHAFTAssertions.navigateToGoogleHomeAndAssertGoogleLogoIsDisplayed]
###############################################################################################################################################



################################################################################################################################################
Starting Execution:	[14 out of 23] test cases in the current suite
Test Method:		[tests.gui.google.E_Search_PageObjectModel_Traditional_SHAFTAssertions.navigateToGoogleHomeAndAssertPageTitle]
###############################################################################################################################################



################################################################################################################################################
Starting Execution:	[15 out of 23] test cases in the current suite
Test Method:		[tests.gui.google.E_Search_PageObjectModel_Traditional_SHAFTAssertions.searchForQueryAndAssertFirstResultTextIsCorrect]
###############################################################################################################################################

[ReportManager] An Exception Occured with this Message: src/test/resources/testDataFiles/Google/SimpleSearch.xlsx (No such file or directory). @18-12-2021 18:37:51.0413 PM
[ReportManager] Successfully created attachment [Exception Stack Trace - java.io.FileNotFoundException] @18-12-2021 18:37:51.0413 PM
[ReportManager] Couldn't find the desired file. [src/test/resources/testDataFiles/Google/SimpleSearch.xlsx]. @18-12-2021 18:37:51.0413 P


################################################################################################################################################
Starting Execution:	[16 out of 23] test cases in the current suite
Test Method:		[tests.gui.google.D_Search_PageObjectModel_Traditional_DataDriven.navigateToGoogleHomeAndAssertGoogleLogoIsDisplayed]
###############################################################################################################################################



################################################################################################################################################
Starting Execution:	[17 out of 23] test cases in the current suite
Test Method:		[tests.gui.google.D_Search_PageObjectModel_Traditional_DataDriven.navigateToGoogleHomeAndAssertPageTitle]
###############################################################################################################################################



################################################################################################################################################
Starting Execution:	[18 out of 23] test cases in the current suite
Test Method:		[tests.gui.google.D_Search_PageObjectModel_Traditional_DataDriven.searchForQueryAndAssertFirstResultTextIsCorrect]
###############################################################################################################################################




################################################################################################################################################
Starting Execution:	[19 out of 23] test cases in the current suite
Test Method:		[tests.gui.google.A_Search_FlatTest_NativeSeleniumWebDriver.navigateToGoogleHomeAndAssertGoogleLogoIsDisplayed]
###############################################################################################################################################



################################################################################################################################################
Starting Execution:	[20 out of 23] test cases in the current suite
Test Method:		[tests.gui.google.A_Search_FlatTest_NativeSeleniumWebDriver.navigateToGoogleHomeAndAssertPageTitle]
###############################################################################################################################################



################################################################################################################################################
Starting Execution:	[21 out of 23] test cases in the current suite
Test Method:		[tests.gui.google.A_Search_FlatTest_NativeSeleniumWebDriver.searchForQueryAndAssertFirstResultTextIsCorrect]
###############################################################################################################################################


################################################################################################################################################
Starting Execution:	[22 out of 23] test cases in the current suite
Test Method:		[tests.api.users.UserData.validateUserEmail]
################################################################################################################################################
[ReportManager] Response status code: [200], status line: [HTTP/1.1 200 OK] @18-12-2021 18:38:11.0685 PM
[ReportManager] Assertion Passed: Evaluating the actual response status code against the expected one... @18-12-2021 18:38:11.0690 PM
[ReportManager] Assertion [ValidateComparativeRelation] PASSED. Expected [200] and Actual [200]. Comparison Type [EQUALS]. Validation Type [POSITIVE]. @18-12-2021 18:38:11.0690 PM
[ReportManager] API Action [PerformRequest] successfully performed. With the following test data [Request Type: "GET" | Target Status Code: "200" | Service URL: "https://jsonplaceholder.typicode.com/users" | Content Type: "*/*" | Response Time: "581ms"]. @18-12-2021 18:38:12.0670 PM
[ReportManager] Successfully created attachment [API Request - Specifications] @18-12-2021 18:38:12.0670 PM
[ReportManager] Successfully created attachment [API Response - JSON Body] @18-12-2021 18:38:12.0997 PM
[ReportManager] Assertion [ValidateEquals] PASSED. Expected and Actual values are attached. Comparison Type [CONTAINS]. Validation Type [POSITIVE]. @18-12-2021 18:38:12.0997 PM
[ReportManager] Successfully created attachment [Validation Test Data - Expected Value] @18-12-2021 18:38:12.0998 PM
[ReportManager] Successfully created attachment [Validation Test Data - Actual Value] @18-12-2021 18:38:12.0998 PM
[ReportManager] API Action [GetResponseJSONValueAsList] successfully performed. With the following test data [$]. @18-12-2021 18:38:13.0006 PM
[ReportManager] API Action [GetResponseJSONValue] successfully performed. With the following test data [name]. @18-12-2021 18:38:13.0024 PM
[ReportManager] API Action [GetResponseJSONValue] successfully performed. With the following test data [email]. @18-12-2021 18:38:13.0034 PM
[ReportManager] Assertion [ValidateEquals] PASSED. Expected [Sincere@april.biz] and Actual [Sincere@april.biz]. Comparison Type [EQUALS]. Validation Type [POSITIVE]. @18-12-2021 18:38:13.0034 PM
[ReportManager] API Action [GetResponseJSONValue] successfully performed. With the following test data [name]. @18-12-2021 18:38:13.0044 PM
[ReportManager] API Action [GetResponseJSONValue] successfully performed. With the following test data [name]. @18-12-2021 18:38:13.0053 PM
[ReportManager] API Action [GetResponseJSONValue] successfully performed. With the following test data [name]. @18-12-2021 18:38:13.0062 PM
[ReportManager] API Action [GetResponseJSONValue] successfully performed. With the following test data [name]. @18-12-2021 18:38:13.0071 PM
[ReportManager] API Action [GetResponseJSONValue] successfully performed. With the following test data [name]. @18-12-2021 18:38:13.0081 PM
[ReportManager] API Action [GetResponseJSONValue] successfully performed. With the following test data [name]. @18-12-2021 18:38:13.0089 PM
[ReportManager] API Action [GetResponseJSONValue] successfully performed. With the following test data [name]. @18-12-2021 18:38:13.0098 PM
[ReportManager] API Action [GetResponseJSONValue] successfully performed. With the following test data [name]. @18-12-2021 18:38:13.0107 PM
[ReportManager] API Action [GetResponseJSONValue] successfully performed. With the following test data [name]. @18-12-2021 18:38:13.0115 P

################################################################################################################################################
Starting Execution:	[23 out of 23] test cases in the current suite
Test Method:		[tests.cli.demo.cliTest.sampleTestCase]
################################################################################################################################################
[ReportManager] Attempting to perform the following command locally. Command: [ls] @18-12-2021 18:38:13.0128 PM
[ReportManager] Terminal Action [PerformTerminalCommands] successfully performed. With the following test data [Host Name: "localHost" | Command: "ls" | Exit Status: "0"]. @18-12-2021 18:38:13.0134 PM
[ReportManager] Successfully created attachment [Terminal Action Actual Result - Command Log] @18-12-2021 18:38:13.0135 PM
[ReportManager] Assertion Passed: Demoing local terminal actions @18-12-2021 18:38:13.0135 PM
[ReportManager] Assertion [ValidateEquals] PASSED. Expected [pom.xml] and Actual [LICENSE
README.md
allure-results
docker-compose_native.yml
docker-compose_zalenium.yml
extent-reports
pom.xml
readMeImgs
src
target]. Comparison Type [CONTAINS]. Validation Type [POSITIVE]. @18-12-2021 18:38:13.0135 P
[ReportManager] Successfully created attachment [SHAFT Engine Logs - Execution log] @18-12-2021 18:38:13.0149 PM

################################################################################################################################################
This test run was powered by SHAFT Engine Version: [SHAFT Engine v5.4.20211117-BETA]
SHAFT Engine is licensed under the MIT License: [https://github.com/MohabMohie/SHAFT_ENGINE/blob/master/LICENSE].
################################################################################################################################################