################################################################################################################################################
Detected SHAFT Engine Version: [SHAFT Engine v5.4.20211117-BETA]
################################################################################################################################################
[ReportManager] File Action [GetAbsolutePath] successfully performed. With the following test data [Relative Folder Path: "target/downloadedFiles/"]. @23-12-2021 01:34:36.0052 AM
[ReportManager] Attempting to run remotely on: [Linux-64], [GoogleChrome], [http://localhost:4444/wd/hub], Headless Execution. @23-12-2021 01:34:36.0070 AM
[ReportManager] Successfully Opened [GoogleChrome]. @23-12-2021 01:34:38.0555 AM
[ReportManager] Target URL: [https://www.google.com/ncr], and after redirection: [https://www.google.com] @23-12-2021 01:34:38.0565 AM
[ReportManager] Initial URL: [data:,] @23-12-2021 01:34:38.0711 AM
[ReportManager] Browser Action [NavigateToURL] successfully performed. With the following test data [https://www.google.com/ncr]. @23-12-2021 01:34:40.0230 A

################################################################################################################################################
Starting Execution:	[1 out of 23] test cases in the current suite
Test Method:		[tests.gui.google.B_Search_FlatTest_SHAFT.navigateToGoogleHomeAndAssertGoogleLogoIsDisplayed]
################################################################################################################################################
[ReportManager] File Action [DoesFileExist] successfully performed. With the following test data [File Path: "src/main/resources/dynamicObjectRepository/tests_gui_google_B_Search_FlatTest_SHAFT_navigateToGoogleHomeAndAssertGoogleLogoIsDisplayed_By_xpath_img_id_hplogo_or_alt_Google.png"]. @23-12-2021 01:34:40.0412 AM
[ReportManager] File Action [GetAbsolutePath] successfully performed. With the following test data [Relative Folder Path: "src/main/resources/dynamicObjectRepository/tests_gui_google_B_Search_FlatTest_SHAFT_navigateToGoogleHomeAndAssertGoogleLogoIsDisplayed_By_xpath_img_id_hplogo_or_alt_Google.png"]. @23-12-2021 01:34:40.0413 AM
[ReportManager] File Action [ReadFromImageFile] successfully performed. With the following test data [File Path: "/home/runner/work/io.github.alidorgham/io.github.alidorgham/src/main/resources/dynamicObjectRepository/tests_gui_google_B_Search_FlatTest_SHAFT_navigateToGoogleHomeAndAssertGoogleLogoIsDisplayed_By_xpath_img_id_hplogo_or_alt_Google.png"]. @23-12-2021 01:34:40.0414 AM
[ReportManager] File Action [DoesFileExist] successfully performed. With the following test data [File Path: "src/main/resources/dynamicObjectRepository/tests_gui_google_B_Search_FlatTest_SHAFT_navigateToGoogleHomeAndAssertGoogleLogoIsDisplayed_By_xpath_img_id_hplogo_or_alt_Google.png"]. @23-12-2021 01:34:40.0716 AM
[ReportManager] File Action [DoesFileExist] successfully performed. With the following test data [File Path: "src/main/resources/dynamicObjectRepository/tests_gui_google_B_Search_FlatTest_SHAFT_navigateToGoogleHomeAndAssertGoogleLogoIsDisplayed_By_xpath_img_id_hplogo_or_alt_Google.png"]. @23-12-2021 01:34:40.0716 AM
[ReportManager] Loaded Shared OpenCV @23-12-2021 01:34:41.0244 AM
[ReportManager] Successfully identified the element using AI; OpenCV. @23-12-2021 01:34:41.0279 AM
[ReportManager] Assertion Passed: Asserting that the Google logo is displayed @23-12-2021 01:34:41.0282 AM
[ReportManager] Successfully created attachment [Validation Test Data - Reference Screenshot] @23-12-2021 01:34:41.0289 AM
[ReportManager] Successfully created attachment [Validation Test Data - Actual Screenshot] @23-12-2021 01:34:41.0289 AM
[ReportManager] Assertion [ValidateElementMatches] PASSED. Expected [Element should match the reference screenshot] and Actual [TRUE]. Comparison Type [EXACT_OPENCV]. Validation Type [POSITIVE]. @23-12-2021 01:34:41.0290 A
[ReportManager] Browser Action [CloseCurrentWindow] successfully performed. @23-12-2021 01:34:41.0524 AM
[ReportManager] Successfully created attachment [Browser Action Test Data - CloseCurrentWindow - Actual Value] @23-12-2021 01:34:41.0530 A
[ReportManager] File Action [GetAbsolutePath] successfully performed. With the following test data [Relative Folder Path: "target/downloadedFiles/"]. @23-12-2021 01:34:41.0543 AM
[ReportManager] Attempting to run remotely on: [Linux-64], [GoogleChrome], [http://localhost:4444/wd/hub], Headless Execution. @23-12-2021 01:34:41.0543 AM
[ReportManager] Successfully Opened [GoogleChrome]. @23-12-2021 01:34:42.0018 AM
[ReportManager] Target URL: [https://www.google.com/ncr], and after redirection: [https://www.google.com] @23-12-2021 01:34:42.0018 AM
[ReportManager] Initial URL: [data:,] @23-12-2021 01:34:42.0125 AM
[ReportManager] Browser Action [NavigateToURL] successfully performed. With the following test data [https://www.google.com/ncr]. @23-12-2021 01:34:43.0347 A

################################################################################################################################################
Starting Execution:	[2 out of 23] test cases in the current suite
Test Method:		[tests.gui.google.B_Search_FlatTest_SHAFT.navigateToGoogleHomeAndAssertPageTitle]
################################################################################################################################################
[ReportManager] Browser Action [GetCurrentWindowTitle] successfully performed. With the following test data [Google]. @23-12-2021 01:34:43.0427 AM
[ReportManager] Assertion Passed: Asserting that the page title is Google @23-12-2021 01:34:44.0133 AM
[ReportManager] Successfully created attachment [Screenshot - 1640223283690_navigateToGoogleHomeAndAssertPageTitle_ValidateBrowserAttribute_passed] @23-12-2021 01:34:44.0153 AM
[ReportManager] Assertion [ValidateBrowserAttribute] PASSED. Expected [Value Should be 'Google' for the 'Title' attribute] and Actual [Google]. Comparison Type [EQUALS]. Validation Type [POSITIVE]. @23-12-2021 01:34:44.0153 A
[ReportManager] Browser Action [CloseCurrentWindow] successfully performed. @23-12-2021 01:34:44.0337 AM
[ReportManager] Successfully created attachment [Browser Action Test Data - CloseCurrentWindow - Actual Value] @23-12-2021 01:34:44.0338 A
[ReportManager] File Action [GetAbsolutePath] successfully performed. With the following test data [Relative Folder Path: "target/downloadedFiles/"]. @23-12-2021 01:34:44.0346 AM
[ReportManager] Attempting to run remotely on: [Linux-64], [GoogleChrome], [http://localhost:4444/wd/hub], Headless Execution. @23-12-2021 01:34:44.0347 AM
[ReportManager] Successfully Opened [GoogleChrome]. @23-12-2021 01:34:44.0784 AM
[ReportManager] Target URL: [https://www.google.com/ncr], and after redirection: [https://www.google.com] @23-12-2021 01:34:44.0784 AM
[ReportManager] Initial URL: [data:,] @23-12-2021 01:34:44.0895 AM
[ReportManager] Browser Action [NavigateToURL] successfully performed. With the following test data [https://www.google.com/ncr]. @23-12-2021 01:34:46.0081 A

################################################################################################################################################
Starting Execution:	[3 out of 23] test cases in the current suite
Test Method:		[tests.gui.google.B_Search_FlatTest_SHAFT.searchForQueryAndAssertFirstResultTextIsCorrect]
################################################################################################################################################
[ReportManager] Element Action [Type] successfully performed. With the following test data [SHAFT_Engine]. @23-12-2021 01:34:46.0611 AM
[ReportManager] Element Action [KeyPress] successfully performed. With the following test data [ENTER]. @23-12-2021 01:34:48.0428 AM
[ReportManager] Element Action [GetText] successfully performed. With the following test data [SHAFT: Unified Test Automation Engine - GitHub]. @23-12-2021 01:34:48.0588 AM
[ReportManager] Loaded Shared OpenCV @23-12-2021 01:34:49.0027 AM
[ReportManager] Assertion Failed: Asserting that the correct first result is displayed @23-12-2021 01:34:49.0349 AM
[ReportManager] Successfully created attachment [Screenshot - 1640223289027_searchForQueryAndAssertFirstResultTextIsCorrect_ValidateElementAttribute_failed] @23-12-2021 01:34:49.0358 AM
[ReportManager] Assertion [ValidateElementAttribute] FAILED. Expected [Value Should be 'MohabMohie' for the 'Text' attribute, element locator 'By.xpath: (//h1[contains(text(),'Search Result')]/following-sibling::div//a/h3)[1]'] and Actual [SHAFT: Unified Test Automation Engine - GitHub]. Comparison Type [CONTAINS]. Validation Type [POSITIVE]. @23-12-2021 01:34:49.0358 A
[ReportManager] Browser Action [CloseCurrentWindow] successfully performed. @23-12-2021 01:34:49.0680 AM
[ReportManager] Successfully created attachment [Browser Action Test Data - CloseCurrentWindow - Actual Value] @23-12-2021 01:34:49.0704 A
[ReportManager] An Exception Occured with this Message: src/test/resources/testDataFiles/Google/SimpleSearch.xlsx (No such file or directory). @23-12-2021 01:34:49.0722 AM
[ReportManager] Successfully created attachment [Exception Stack Trace - java.io.FileNotFoundException] @23-12-2021 01:34:49.0723 AM
[ReportManager] Couldn't find the desired file. [src/test/resources/testDataFiles/Google/SimpleSearch.xlsx]. @23-12-2021 01:34:49.0724 A


################################################################################################################################################
Starting Execution:	[4 out of 23] test cases in the current suite
Test Method:		[tests.gui.google.G_Search_PageObjectModel_ThreadSafe.navigateToGoogleHomeAndAssertGoogleLogoIsDisplayed]
###############################################################################################################################################



################################################################################################################################################
Starting Execution:	[5 out of 23] test cases in the current suite
Test Method:		[tests.gui.google.G_Search_PageObjectModel_ThreadSafe.navigateToGoogleHomeAndAssertPageTitle]
###############################################################################################################################################



################################################################################################################################################
Starting Execution:	[6 out of 23] test cases in the current suite
Test Method:		[tests.gui.google.G_Search_PageObjectModel_ThreadSafe.searchForQueryAndAssertFirstResultTextIsCorrect]
###############################################################################################################################################

[ReportManager] File Action [GetAbsolutePath] successfully performed. With the following test data [Relative Folder Path: "target/downloadedFiles/"]. @23-12-2021 01:34:49.0769 AM
[ReportManager] Attempting to run remotely on: [Linux-64], [GoogleChrome], [http://localhost:4444/wd/hub], Headless Execution. @23-12-2021 01:34:49.0770 AM
[ReportManager] Successfully Opened [GoogleChrome]. @23-12-2021 01:34:50.0258 AM
[ReportManager] Target URL: [https://www.google.com/ncr], and after redirection: [https://www.google.com] @23-12-2021 01:34:50.0261 AM
[ReportManager] Initial URL: [data:,] @23-12-2021 01:34:50.0352 AM
[ReportManager] Browser Action [NavigateToURL] successfully performed. With the following test data [https://www.google.com/ncr]. @23-12-2021 01:34:51.0487 A

################################################################################################################################################
Starting Execution:	[7 out of 23] test cases in the current suite
Test Method:		[tests.gui.google.C_Search_PageObjectModel_Traditional.navigateToGoogleHomeAndAssertGoogleLogoIsDisplayed]
################################################################################################################################################
[ReportManager] Element Action [IsElementDisplayed] successfully performed. @23-12-2021 01:34:51.0651 AM
[ReportManager] Assertion Passed: Asserting that the Google logo is displayed @23-12-2021 01:34:51.0651 AM
[ReportManager] Assertion [ValidateTrue] PASSED. Expected [TRUE] and Actual [TRUE]. Validation Type [POSITIVE]. @23-12-2021 01:34:51.0652 A
[ReportManager] Browser Action [CloseCurrentWindow] successfully performed. @23-12-2021 01:34:51.0805 AM
[ReportManager] Successfully created attachment [Browser Action Test Data - CloseCurrentWindow - Actual Value] @23-12-2021 01:34:51.0816 A
[ReportManager] File Action [GetAbsolutePath] successfully performed. With the following test data [Relative Folder Path: "target/downloadedFiles/"]. @23-12-2021 01:34:51.0826 AM
[ReportManager] Attempting to run remotely on: [Linux-64], [GoogleChrome], [http://localhost:4444/wd/hub], Headless Execution. @23-12-2021 01:34:51.0826 AM
[ReportManager] Successfully Opened [GoogleChrome]. @23-12-2021 01:34:52.0082 AM
[ReportManager] Target URL: [https://www.google.com/ncr], and after redirection: [https://www.google.com] @23-12-2021 01:34:52.0082 AM
[ReportManager] Initial URL: [data:,] @23-12-2021 01:34:52.0169 AM
[ReportManager] Browser Action [NavigateToURL] successfully performed. With the following test data [https://www.google.com/ncr]. @23-12-2021 01:34:53.0328 A

################################################################################################################################################
Starting Execution:	[8 out of 23] test cases in the current suite
Test Method:		[tests.gui.google.C_Search_PageObjectModel_Traditional.navigateToGoogleHomeAndAssertPageTitle]
################################################################################################################################################
[ReportManager] Browser Action [GetCurrentWindowTitle] successfully performed. With the following test data [Google]. @23-12-2021 01:34:53.0377 AM
[ReportManager] Assertion Passed: Asserting that the page title is Google @23-12-2021 01:34:53.0378 AM
[ReportManager] Assertion [ValidateEquals] PASSED. Expected [Google] and Actual [Google]. Comparison Type [EQUALS]. Validation Type [POSITIVE]. @23-12-2021 01:34:53.0378 A
[ReportManager] Browser Action [CloseCurrentWindow] successfully performed. @23-12-2021 01:34:53.0533 AM
[ReportManager] Successfully created attachment [Browser Action Test Data - CloseCurrentWindow - Actual Value] @23-12-2021 01:34:53.0534 A
[ReportManager] File Action [GetAbsolutePath] successfully performed. With the following test data [Relative Folder Path: "target/downloadedFiles/"]. @23-12-2021 01:34:53.0549 AM
[ReportManager] Attempting to run remotely on: [Linux-64], [GoogleChrome], [http://localhost:4444/wd/hub], Headless Execution. @23-12-2021 01:34:53.0550 AM
[ReportManager] Successfully Opened [GoogleChrome]. @23-12-2021 01:34:53.0792 AM
[ReportManager] Target URL: [https://www.google.com/ncr], and after redirection: [https://www.google.com] @23-12-2021 01:34:53.0792 AM
[ReportManager] Initial URL: [data:,] @23-12-2021 01:34:53.0894 AM
[ReportManager] Browser Action [NavigateToURL] successfully performed. With the following test data [https://www.google.com/ncr]. @23-12-2021 01:34:55.0008 A

################################################################################################################################################
Starting Execution:	[9 out of 23] test cases in the current suite
Test Method:		[tests.gui.google.C_Search_PageObjectModel_Traditional.searchForQueryAndAssertFirstResultTextIsCorrect]
################################################################################################################################################
[ReportManager] Element Action [Type] successfully performed. With the following test data [SHAFT_Engine]. @23-12-2021 01:34:55.0482 AM
[ReportManager] Element Action [KeyPress] successfully performed. With the following test data [ENTER]. @23-12-2021 01:34:57.0033 AM
[ReportManager] Element Action [GetText] successfully performed. With the following test data [SHAFT: Unified Test Automation Engine - GitHub]. @23-12-2021 01:34:57.0182 AM
[ReportManager] Assertion Failed: Asserting that the correct first result is displayed @23-12-2021 01:34:57.0182 AM
[ReportManager] Assertion [ValidateEquals] FAILED. Expected [MohabMohie] and Actual [SHAFT: Unified Test Automation Engine - GitHub]. Comparison Type [CONTAINS]. Validation Type [POSITIVE]. @23-12-2021 01:34:57.0182 A
[ReportManager] Browser Action [CloseCurrentWindow] successfully performed. @23-12-2021 01:34:57.0434 AM
[ReportManager] Successfully created attachment [Browser Action Test Data - CloseCurrentWindow - Actual Value] @23-12-2021 01:34:57.0439 A
[ReportManager] An Exception Occured with this Message: src/test/resources/testDataFiles/Google/SimpleSearch.xlsx (No such file or directory). @23-12-2021 01:34:57.0447 AM
[ReportManager] Successfully created attachment [Exception Stack Trace - java.io.FileNotFoundException] @23-12-2021 01:34:57.0448 AM
[ReportManager] Couldn't find the desired file. [src/test/resources/testDataFiles/Google/SimpleSearch.xlsx]. @23-12-2021 01:34:57.0448 A


################################################################################################################################################
Starting Execution:	[10 out of 23] test cases in the current suite
Test Method:		[tests.gui.google.F_Search_PageObjectModel_Fluent.navigateToGoogleHomeAndAssertGoogleLogoIsDisplayed]
###############################################################################################################################################



################################################################################################################################################
Starting Execution:	[11 out of 23] test cases in the current suite
Test Method:		[tests.gui.google.F_Search_PageObjectModel_Fluent.navigateToGoogleHomeAndAssertPageTitle]
###############################################################################################################################################



################################################################################################################################################
Starting Execution:	[12 out of 23] test cases in the current suite
Test Method:		[tests.gui.google.F_Search_PageObjectModel_Fluent.searchForQueryAndAssertFirstResultTextIsCorrect]
###############################################################################################################################################

[ReportManager] An Exception Occured with this Message: src/test/resources/testDataFiles/Google/SimpleSearch.xlsx (No such file or directory). @23-12-2021 01:34:57.0511 AM
[ReportManager] Successfully created attachment [Exception Stack Trace - java.io.FileNotFoundException] @23-12-2021 01:34:57.0511 AM
[ReportManager] Couldn't find the desired file. [src/test/resources/testDataFiles/Google/SimpleSearch.xlsx]. @23-12-2021 01:34:57.0511 A


################################################################################################################################################
Starting Execution:	[13 out of 23] test cases in the current suite
Test Method:		[tests.gui.google.E_Search_PageObjectModel_Traditional_SHAFTAssertions.navigateToGoogleHomeAndAssertGoogleLogoIsDisplayed]
###############################################################################################################################################



################################################################################################################################################
Starting Execution:	[14 out of 23] test cases in the current suite
Test Method:		[tests.gui.google.E_Search_PageObjectModel_Traditional_SHAFTAssertions.navigateToGoogleHomeAndAssertPageTitle]
###############################################################################################################################################



################################################################################################################################################
Starting Execution:	[15 out of 23] test cases in the current suite
Test Method:		[tests.gui.google.E_Search_PageObjectModel_Traditional_SHAFTAssertions.searchForQueryAndAssertFirstResultTextIsCorrect]
###############################################################################################################################################

[ReportManager] An Exception Occured with this Message: src/test/resources/testDataFiles/Google/SimpleSearch.xlsx (No such file or directory). @23-12-2021 01:34:57.0547 AM
[ReportManager] Successfully created attachment [Exception Stack Trace - java.io.FileNotFoundException] @23-12-2021 01:34:57.0547 AM
[ReportManager] Couldn't find the desired file. [src/test/resources/testDataFiles/Google/SimpleSearch.xlsx]. @23-12-2021 01:34:57.0547 A


################################################################################################################################################
Starting Execution:	[16 out of 23] test cases in the current suite
Test Method:		[tests.gui.google.D_Search_PageObjectModel_Traditional_DataDriven.navigateToGoogleHomeAndAssertGoogleLogoIsDisplayed]
###############################################################################################################################################



################################################################################################################################################
Starting Execution:	[17 out of 23] test cases in the current suite
Test Method:		[tests.gui.google.D_Search_PageObjectModel_Traditional_DataDriven.navigateToGoogleHomeAndAssertPageTitle]
###############################################################################################################################################



################################################################################################################################################
Starting Execution:	[18 out of 23] test cases in the current suite
Test Method:		[tests.gui.google.D_Search_PageObjectModel_Traditional_DataDriven.searchForQueryAndAssertFirstResultTextIsCorrect]
###############################################################################################################################################




################################################################################################################################################
Starting Execution:	[19 out of 23] test cases in the current suite
Test Method:		[tests.gui.google.A_Search_FlatTest_NativeSeleniumWebDriver.navigateToGoogleHomeAndAssertGoogleLogoIsDisplayed]
###############################################################################################################################################



################################################################################################################################################
Starting Execution:	[20 out of 23] test cases in the current suite
Test Method:		[tests.gui.google.A_Search_FlatTest_NativeSeleniumWebDriver.navigateToGoogleHomeAndAssertPageTitle]
###############################################################################################################################################



################################################################################################################################################
Starting Execution:	[21 out of 23] test cases in the current suite
Test Method:		[tests.gui.google.A_Search_FlatTest_NativeSeleniumWebDriver.searchForQueryAndAssertFirstResultTextIsCorrect]
###############################################################################################################################################


################################################################################################################################################
Starting Execution:	[22 out of 23] test cases in the current suite
Test Method:		[tests.api.users.UserData.validateUserEmail]
################################################################################################################################################
[ReportManager] Response status code: [200], status line: [HTTP/1.1 200 OK] @23-12-2021 01:35:23.0272 AM
[ReportManager] Assertion Passed: Evaluating the actual response status code against the expected one... @23-12-2021 01:35:23.0277 AM
[ReportManager] Assertion [ValidateComparativeRelation] PASSED. Expected [200] and Actual [200]. Comparison Type [EQUALS]. Validation Type [POSITIVE]. @23-12-2021 01:35:23.0277 AM
[ReportManager] API Action [PerformRequest] successfully performed. With the following test data [Request Type: "GET" | Target Status Code: "200" | Service URL: "https://jsonplaceholder.typicode.com/users" | Content Type: "*/*" | Response Time: "819ms"]. @23-12-2021 01:35:24.0478 AM
[ReportManager] Successfully created attachment [API Request - Specifications] @23-12-2021 01:35:24.0479 AM
[ReportManager] Successfully created attachment [API Response - JSON Body] @23-12-2021 01:35:24.0858 AM
[ReportManager] Assertion [ValidateEquals] PASSED. Expected and Actual values are attached. Comparison Type [CONTAINS]. Validation Type [POSITIVE]. @23-12-2021 01:35:24.0859 AM
[ReportManager] Successfully created attachment [Validation Test Data - Expected Value] @23-12-2021 01:35:24.0859 AM
[ReportManager] Successfully created attachment [Validation Test Data - Actual Value] @23-12-2021 01:35:24.0860 AM
[ReportManager] API Action [GetResponseJSONValueAsList] successfully performed. With the following test data [$]. @23-12-2021 01:35:24.0868 AM
[ReportManager] API Action [GetResponseJSONValue] successfully performed. With the following test data [name]. @23-12-2021 01:35:24.0927 AM
[ReportManager] API Action [GetResponseJSONValue] successfully performed. With the following test data [email]. @23-12-2021 01:35:24.0950 AM
[ReportManager] Assertion [ValidateEquals] PASSED. Expected [Sincere@april.biz] and Actual [Sincere@april.biz]. Comparison Type [EQUALS]. Validation Type [POSITIVE]. @23-12-2021 01:35:24.0950 AM
[ReportManager] API Action [GetResponseJSONValue] successfully performed. With the following test data [name]. @23-12-2021 01:35:24.0962 AM
[ReportManager] API Action [GetResponseJSONValue] successfully performed. With the following test data [name]. @23-12-2021 01:35:24.0973 AM
[ReportManager] API Action [GetResponseJSONValue] successfully performed. With the following test data [name]. @23-12-2021 01:35:24.0985 AM
[ReportManager] API Action [GetResponseJSONValue] successfully performed. With the following test data [name]. @23-12-2021 01:35:25.0009 AM
[ReportManager] API Action [GetResponseJSONValue] successfully performed. With the following test data [name]. @23-12-2021 01:35:25.0020 AM
[ReportManager] API Action [GetResponseJSONValue] successfully performed. With the following test data [name]. @23-12-2021 01:35:25.0031 AM
[ReportManager] API Action [GetResponseJSONValue] successfully performed. With the following test data [name]. @23-12-2021 01:35:25.0042 AM
[ReportManager] API Action [GetResponseJSONValue] successfully performed. With the following test data [name]. @23-12-2021 01:35:25.0053 AM
[ReportManager] API Action [GetResponseJSONValue] successfully performed. With the following test data [name]. @23-12-2021 01:35:25.0063 A

################################################################################################################################################
Starting Execution:	[23 out of 23] test cases in the current suite
Test Method:		[tests.cli.demo.cliTest.sampleTestCase]
################################################################################################################################################
[ReportManager] Attempting to perform the following command locally. Command: [ls] @23-12-2021 01:35:25.0078 AM
[ReportManager] Terminal Action [PerformTerminalCommands] successfully performed. With the following test data [Host Name: "localHost" | Command: "ls" | Exit Status: "0"]. @23-12-2021 01:35:25.0084 AM
[ReportManager] Successfully created attachment [Terminal Action Actual Result - Command Log] @23-12-2021 01:35:25.0084 AM
[ReportManager] Assertion Passed: Demoing local terminal actions @23-12-2021 01:35:25.0084 AM
[ReportManager] Assertion [ValidateEquals] PASSED. Expected [pom.xml] and Actual [LICENSE
README.md
allure-results
docker-compose_native.yml
docker-compose_zalenium.yml
extent-reports
pom.xml
readMeImgs
src
target]. Comparison Type [CONTAINS]. Validation Type [POSITIVE]. @23-12-2021 01:35:25.0084 A
[ReportManager] Successfully created attachment [SHAFT Engine Logs - Execution log] @23-12-2021 01:35:25.0102 AM

################################################################################################################################################
This test run was powered by SHAFT Engine Version: [SHAFT Engine v5.4.20211117-BETA]
SHAFT Engine is licensed under the MIT License: [https://github.com/MohabMohie/SHAFT_ENGINE/blob/master/LICENSE].
################################################################################################################################################