################################################################################################################################################
Detected SHAFT Engine Version: [SHAFT Engine v5.4.20211117-BETA]
################################################################################################################################################
[ReportManager] File Action [GetAbsolutePath] successfully performed. With the following test data [Relative Folder Path: "target/downloadedFiles/"]. @14-12-2021 01:35:46.0261 AM
[ReportManager] Attempting to run remotely on: [Linux-64], [GoogleChrome], [http://localhost:4444/wd/hub], Headless Execution. @14-12-2021 01:35:46.0276 AM
[ReportManager] Successfully Opened [GoogleChrome]. @14-12-2021 01:35:48.0162 AM
[ReportManager] Target URL: [https://www.google.com/ncr], and after redirection: [https://www.google.com] @14-12-2021 01:35:48.0172 AM
[ReportManager] Initial URL: [data:,] @14-12-2021 01:35:48.0288 AM
[ReportManager] Browser Action [NavigateToURL] successfully performed. With the following test data [https://www.google.com/ncr]. @14-12-2021 01:35:50.0343 A

################################################################################################################################################
Starting Execution:	[1 out of 23] test cases in the current suite
Test Method:		[tests.gui.google.B_Search_FlatTest_SHAFT.navigateToGoogleHomeAndAssertGoogleLogoIsDisplayed]
################################################################################################################################################
[ReportManager] File Action [DoesFileExist] successfully performed. With the following test data [File Path: "src/main/resources/dynamicObjectRepository/tests_gui_google_B_Search_FlatTest_SHAFT_navigateToGoogleHomeAndAssertGoogleLogoIsDisplayed_By_xpath_img_id_hplogo_or_alt_Google.png"]. @14-12-2021 01:35:50.0544 AM
[ReportManager] File Action [GetAbsolutePath] successfully performed. With the following test data [Relative Folder Path: "src/main/resources/dynamicObjectRepository/tests_gui_google_B_Search_FlatTest_SHAFT_navigateToGoogleHomeAndAssertGoogleLogoIsDisplayed_By_xpath_img_id_hplogo_or_alt_Google.png"]. @14-12-2021 01:35:50.0544 AM
[ReportManager] File Action [ReadFromImageFile] successfully performed. With the following test data [File Path: "/home/runner/work/io.github.alidorgham/io.github.alidorgham/src/main/resources/dynamicObjectRepository/tests_gui_google_B_Search_FlatTest_SHAFT_navigateToGoogleHomeAndAssertGoogleLogoIsDisplayed_By_xpath_img_id_hplogo_or_alt_Google.png"]. @14-12-2021 01:35:50.0545 AM
[ReportManager] File Action [DoesFileExist] successfully performed. With the following test data [File Path: "src/main/resources/dynamicObjectRepository/tests_gui_google_B_Search_FlatTest_SHAFT_navigateToGoogleHomeAndAssertGoogleLogoIsDisplayed_By_xpath_img_id_hplogo_or_alt_Google.png"]. @14-12-2021 01:35:50.0840 AM
[ReportManager] File Action [DoesFileExist] successfully performed. With the following test data [File Path: "src/main/resources/dynamicObjectRepository/tests_gui_google_B_Search_FlatTest_SHAFT_navigateToGoogleHomeAndAssertGoogleLogoIsDisplayed_By_xpath_img_id_hplogo_or_alt_Google.png"]. @14-12-2021 01:35:50.0841 AM
[ReportManager] Loaded Shared OpenCV @14-12-2021 01:35:51.0326 AM
[ReportManager] Successfully identified the element using AI; OpenCV. @14-12-2021 01:35:51.0349 AM
[ReportManager] Assertion Passed: Asserting that the Google logo is displayed @14-12-2021 01:35:51.0351 AM
[ReportManager] Successfully created attachment [Validation Test Data - Reference Screenshot] @14-12-2021 01:35:51.0355 AM
[ReportManager] Successfully created attachment [Validation Test Data - Actual Screenshot] @14-12-2021 01:35:51.0356 AM
[ReportManager] Assertion [ValidateElementMatches] PASSED. Expected [Element should match the reference screenshot] and Actual [TRUE]. Comparison Type [EXACT_OPENCV]. Validation Type [POSITIVE]. @14-12-2021 01:35:51.0356 A
[ReportManager] Browser Action [CloseCurrentWindow] successfully performed. @14-12-2021 01:35:51.0607 AM
[ReportManager] Successfully created attachment [Browser Action Test Data - CloseCurrentWindow - Actual Value] @14-12-2021 01:35:51.0642 A
[ReportManager] File Action [GetAbsolutePath] successfully performed. With the following test data [Relative Folder Path: "target/downloadedFiles/"]. @14-12-2021 01:35:51.0685 AM
[ReportManager] Attempting to run remotely on: [Linux-64], [GoogleChrome], [http://localhost:4444/wd/hub], Headless Execution. @14-12-2021 01:35:51.0685 AM
[ReportManager] Successfully Opened [GoogleChrome]. @14-12-2021 01:35:52.0076 AM
[ReportManager] Target URL: [https://www.google.com/ncr], and after redirection: [https://www.google.com] @14-12-2021 01:35:52.0076 AM
[ReportManager] Initial URL: [data:,] @14-12-2021 01:35:52.0178 AM
[ReportManager] Browser Action [NavigateToURL] successfully performed. With the following test data [https://www.google.com/ncr]. @14-12-2021 01:35:53.0709 A

################################################################################################################################################
Starting Execution:	[2 out of 23] test cases in the current suite
Test Method:		[tests.gui.google.B_Search_FlatTest_SHAFT.navigateToGoogleHomeAndAssertPageTitle]
################################################################################################################################################
[ReportManager] Browser Action [GetCurrentWindowTitle] successfully performed. With the following test data [Google]. @14-12-2021 01:35:53.0775 AM
[ReportManager] Assertion Passed: Asserting that the page title is Google @14-12-2021 01:35:54.0382 AM
[ReportManager] Successfully created attachment [Screenshot - 1639445753987_navigateToGoogleHomeAndAssertPageTitle_ValidateBrowserAttribute_passed] @14-12-2021 01:35:54.0410 AM
[ReportManager] Assertion [ValidateBrowserAttribute] PASSED. Expected [Value Should be 'Google' for the 'Title' attribute] and Actual [Google]. Comparison Type [EQUALS]. Validation Type [POSITIVE]. @14-12-2021 01:35:54.0411 A
[ReportManager] Browser Action [CloseCurrentWindow] successfully performed. @14-12-2021 01:35:54.0659 AM
[ReportManager] Successfully created attachment [Browser Action Test Data - CloseCurrentWindow - Actual Value] @14-12-2021 01:35:54.0669 A
[ReportManager] File Action [GetAbsolutePath] successfully performed. With the following test data [Relative Folder Path: "target/downloadedFiles/"]. @14-12-2021 01:35:54.0678 AM
[ReportManager] Attempting to run remotely on: [Linux-64], [GoogleChrome], [http://localhost:4444/wd/hub], Headless Execution. @14-12-2021 01:35:54.0680 AM
[ReportManager] Successfully Opened [GoogleChrome]. @14-12-2021 01:35:55.0076 AM
[ReportManager] Target URL: [https://www.google.com/ncr], and after redirection: [https://www.google.com] @14-12-2021 01:35:55.0084 AM
[ReportManager] Initial URL: [data:,] @14-12-2021 01:35:55.0175 AM
[ReportManager] Browser Action [NavigateToURL] successfully performed. With the following test data [https://www.google.com/ncr]. @14-12-2021 01:35:56.0616 A

################################################################################################################################################
Starting Execution:	[3 out of 23] test cases in the current suite
Test Method:		[tests.gui.google.B_Search_FlatTest_SHAFT.searchForQueryAndAssertFirstResultTextIsCorrect]
################################################################################################################################################
[ReportManager] Element Action [Type] successfully performed. With the following test data [SHAFT_Engine]. @14-12-2021 01:35:57.0076 AM
[ReportManager] Element Action [KeyPress] successfully performed. With the following test data [ENTER]. @14-12-2021 01:35:58.0884 AM
[ReportManager] Element Action [GetText] successfully performed. With the following test data [SHAFT: Unified Test Automation Engine - GitHub]. @14-12-2021 01:35:59.0017 AM
[ReportManager] Loaded Shared OpenCV @14-12-2021 01:35:59.0426 AM
[ReportManager] Assertion Failed: Asserting that the correct first result is displayed @14-12-2021 01:35:59.0673 AM
[ReportManager] Successfully created attachment [Screenshot - 1639445759426_searchForQueryAndAssertFirstResultTextIsCorrect_ValidateElementAttribute_failed] @14-12-2021 01:35:59.0682 AM
[ReportManager] Assertion [ValidateElementAttribute] FAILED. Expected [Value Should be 'MohabMohie' for the 'Text' attribute, element locator 'By.xpath: (//h1[contains(text(),'Search Result')]/following-sibling::div//a/h3)[1]'] and Actual [SHAFT: Unified Test Automation Engine - GitHub]. Comparison Type [CONTAINS]. Validation Type [POSITIVE]. @14-12-2021 01:35:59.0682 A
[ReportManager] Browser Action [CloseCurrentWindow] successfully performed. @14-12-2021 01:35:59.0962 AM
[ReportManager] Successfully created attachment [Browser Action Test Data - CloseCurrentWindow - Actual Value] @14-12-2021 01:35:59.0976 A
[ReportManager] An Exception Occured with this Message: src/test/resources/testDataFiles/Google/SimpleSearch.xlsx (No such file or directory). @14-12-2021 01:35:59.0987 AM
[ReportManager] Successfully created attachment [Exception Stack Trace - java.io.FileNotFoundException] @14-12-2021 01:35:59.0987 AM
[ReportManager] Couldn't find the desired file. [src/test/resources/testDataFiles/Google/SimpleSearch.xlsx]. @14-12-2021 01:35:59.0988 A


################################################################################################################################################
Starting Execution:	[4 out of 23] test cases in the current suite
Test Method:		[tests.gui.google.G_Search_PageObjectModel_ThreadSafe.navigateToGoogleHomeAndAssertGoogleLogoIsDisplayed]
###############################################################################################################################################



################################################################################################################################################
Starting Execution:	[5 out of 23] test cases in the current suite
Test Method:		[tests.gui.google.G_Search_PageObjectModel_ThreadSafe.navigateToGoogleHomeAndAssertPageTitle]
###############################################################################################################################################



################################################################################################################################################
Starting Execution:	[6 out of 23] test cases in the current suite
Test Method:		[tests.gui.google.G_Search_PageObjectModel_ThreadSafe.searchForQueryAndAssertFirstResultTextIsCorrect]
###############################################################################################################################################

[ReportManager] File Action [GetAbsolutePath] successfully performed. With the following test data [Relative Folder Path: "target/downloadedFiles/"]. @14-12-2021 01:36:00.0005 AM
[ReportManager] Attempting to run remotely on: [Linux-64], [GoogleChrome], [http://localhost:4444/wd/hub], Headless Execution. @14-12-2021 01:36:00.0006 AM
[ReportManager] Successfully Opened [GoogleChrome]. @14-12-2021 01:36:00.0375 AM
[ReportManager] Target URL: [https://www.google.com/ncr], and after redirection: [https://www.google.com] @14-12-2021 01:36:00.0377 AM
[ReportManager] Initial URL: [data:,] @14-12-2021 01:36:00.0477 AM
[ReportManager] Browser Action [NavigateToURL] successfully performed. With the following test data [https://www.google.com/ncr]. @14-12-2021 01:36:01.0941 A

################################################################################################################################################
Starting Execution:	[7 out of 23] test cases in the current suite
Test Method:		[tests.gui.google.C_Search_PageObjectModel_Traditional.navigateToGoogleHomeAndAssertGoogleLogoIsDisplayed]
################################################################################################################################################
[ReportManager] Element Action [IsElementDisplayed] successfully performed. @14-12-2021 01:36:02.0078 AM
[ReportManager] Assertion Passed: Asserting that the Google logo is displayed @14-12-2021 01:36:02.0080 AM
[ReportManager] Assertion [ValidateTrue] PASSED. Expected [TRUE] and Actual [TRUE]. Validation Type [POSITIVE]. @14-12-2021 01:36:02.0081 A
[ReportManager] Browser Action [CloseCurrentWindow] successfully performed. @14-12-2021 01:36:02.0252 AM
[ReportManager] Successfully created attachment [Browser Action Test Data - CloseCurrentWindow - Actual Value] @14-12-2021 01:36:02.0259 A
[ReportManager] File Action [GetAbsolutePath] successfully performed. With the following test data [Relative Folder Path: "target/downloadedFiles/"]. @14-12-2021 01:36:02.0268 AM
[ReportManager] Attempting to run remotely on: [Linux-64], [GoogleChrome], [http://localhost:4444/wd/hub], Headless Execution. @14-12-2021 01:36:02.0269 AM
[ReportManager] Successfully Opened [GoogleChrome]. @14-12-2021 01:36:02.0499 AM
[ReportManager] Target URL: [https://www.google.com/ncr], and after redirection: [https://www.google.com] @14-12-2021 01:36:02.0500 AM
[ReportManager] Initial URL: [data:,] @14-12-2021 01:36:02.0585 AM
[ReportManager] Browser Action [NavigateToURL] successfully performed. With the following test data [https://www.google.com/ncr]. @14-12-2021 01:36:04.0003 A

################################################################################################################################################
Starting Execution:	[8 out of 23] test cases in the current suite
Test Method:		[tests.gui.google.C_Search_PageObjectModel_Traditional.navigateToGoogleHomeAndAssertPageTitle]
################################################################################################################################################
[ReportManager] Browser Action [GetCurrentWindowTitle] successfully performed. With the following test data [Google]. @14-12-2021 01:36:04.0062 AM
[ReportManager] Assertion Passed: Asserting that the page title is Google @14-12-2021 01:36:04.0063 AM
[ReportManager] Assertion [ValidateEquals] PASSED. Expected [Google] and Actual [Google]. Comparison Type [EQUALS]. Validation Type [POSITIVE]. @14-12-2021 01:36:04.0063 A
[ReportManager] Browser Action [CloseCurrentWindow] successfully performed. @14-12-2021 01:36:04.0277 AM
[ReportManager] Successfully created attachment [Browser Action Test Data - CloseCurrentWindow - Actual Value] @14-12-2021 01:36:04.0279 A
[ReportManager] File Action [GetAbsolutePath] successfully performed. With the following test data [Relative Folder Path: "target/downloadedFiles/"]. @14-12-2021 01:36:04.0291 AM
[ReportManager] Attempting to run remotely on: [Linux-64], [GoogleChrome], [http://localhost:4444/wd/hub], Headless Execution. @14-12-2021 01:36:04.0292 AM
[ReportManager] Successfully Opened [GoogleChrome]. @14-12-2021 01:36:04.0522 AM
[ReportManager] Target URL: [https://www.google.com/ncr], and after redirection: [https://www.google.com] @14-12-2021 01:36:04.0522 AM
[ReportManager] Initial URL: [data:,] @14-12-2021 01:36:04.0598 AM
[ReportManager] Browser Action [NavigateToURL] successfully performed. With the following test data [https://www.google.com/ncr]. @14-12-2021 01:36:06.0045 A

################################################################################################################################################
Starting Execution:	[9 out of 23] test cases in the current suite
Test Method:		[tests.gui.google.C_Search_PageObjectModel_Traditional.searchForQueryAndAssertFirstResultTextIsCorrect]
################################################################################################################################################
[ReportManager] Element Action [Type] successfully performed. With the following test data [SHAFT_Engine]. @14-12-2021 01:36:06.0478 AM
[ReportManager] Element Action [KeyPress] successfully performed. With the following test data [ENTER]. @14-12-2021 01:36:08.0345 AM
[ReportManager] Element Action [GetText] successfully performed. With the following test data [SHAFT: Unified Test Automation Engine - GitHub]. @14-12-2021 01:36:08.0468 AM
[ReportManager] Assertion Failed: Asserting that the correct first result is displayed @14-12-2021 01:36:08.0469 AM
[ReportManager] Assertion [ValidateEquals] FAILED. Expected [MohabMohie] and Actual [SHAFT: Unified Test Automation Engine - GitHub]. Comparison Type [CONTAINS]. Validation Type [POSITIVE]. @14-12-2021 01:36:08.0469 A
[ReportManager] Browser Action [CloseCurrentWindow] successfully performed. @14-12-2021 01:36:08.0792 AM
[ReportManager] Successfully created attachment [Browser Action Test Data - CloseCurrentWindow - Actual Value] @14-12-2021 01:36:08.0795 A
[ReportManager] An Exception Occured with this Message: src/test/resources/testDataFiles/Google/SimpleSearch.xlsx (No such file or directory). @14-12-2021 01:36:08.0802 AM
[ReportManager] Successfully created attachment [Exception Stack Trace - java.io.FileNotFoundException] @14-12-2021 01:36:08.0802 AM
[ReportManager] Couldn't find the desired file. [src/test/resources/testDataFiles/Google/SimpleSearch.xlsx]. @14-12-2021 01:36:08.0803 A


################################################################################################################################################
Starting Execution:	[10 out of 23] test cases in the current suite
Test Method:		[tests.gui.google.F_Search_PageObjectModel_Fluent.navigateToGoogleHomeAndAssertGoogleLogoIsDisplayed]
###############################################################################################################################################



################################################################################################################################################
Starting Execution:	[11 out of 23] test cases in the current suite
Test Method:		[tests.gui.google.F_Search_PageObjectModel_Fluent.navigateToGoogleHomeAndAssertPageTitle]
###############################################################################################################################################



################################################################################################################################################
Starting Execution:	[12 out of 23] test cases in the current suite
Test Method:		[tests.gui.google.F_Search_PageObjectModel_Fluent.searchForQueryAndAssertFirstResultTextIsCorrect]
###############################################################################################################################################

[ReportManager] An Exception Occured with this Message: src/test/resources/testDataFiles/Google/SimpleSearch.xlsx (No such file or directory). @14-12-2021 01:36:08.0817 AM
[ReportManager] Successfully created attachment [Exception Stack Trace - java.io.FileNotFoundException] @14-12-2021 01:36:08.0817 AM
[ReportManager] Couldn't find the desired file. [src/test/resources/testDataFiles/Google/SimpleSearch.xlsx]. @14-12-2021 01:36:08.0817 A


################################################################################################################################################
Starting Execution:	[13 out of 23] test cases in the current suite
Test Method:		[tests.gui.google.E_Search_PageObjectModel_Traditional_SHAFTAssertions.navigateToGoogleHomeAndAssertGoogleLogoIsDisplayed]
###############################################################################################################################################



################################################################################################################################################
Starting Execution:	[14 out of 23] test cases in the current suite
Test Method:		[tests.gui.google.E_Search_PageObjectModel_Traditional_SHAFTAssertions.navigateToGoogleHomeAndAssertPageTitle]
###############################################################################################################################################



################################################################################################################################################
Starting Execution:	[15 out of 23] test cases in the current suite
Test Method:		[tests.gui.google.E_Search_PageObjectModel_Traditional_SHAFTAssertions.searchForQueryAndAssertFirstResultTextIsCorrect]
###############################################################################################################################################

[ReportManager] An Exception Occured with this Message: src/test/resources/testDataFiles/Google/SimpleSearch.xlsx (No such file or directory). @14-12-2021 01:36:08.0832 AM
[ReportManager] Successfully created attachment [Exception Stack Trace - java.io.FileNotFoundException] @14-12-2021 01:36:08.0832 AM
[ReportManager] Couldn't find the desired file. [src/test/resources/testDataFiles/Google/SimpleSearch.xlsx]. @14-12-2021 01:36:08.0833 A


################################################################################################################################################
Starting Execution:	[16 out of 23] test cases in the current suite
Test Method:		[tests.gui.google.D_Search_PageObjectModel_Traditional_DataDriven.navigateToGoogleHomeAndAssertGoogleLogoIsDisplayed]
###############################################################################################################################################



################################################################################################################################################
Starting Execution:	[17 out of 23] test cases in the current suite
Test Method:		[tests.gui.google.D_Search_PageObjectModel_Traditional_DataDriven.navigateToGoogleHomeAndAssertPageTitle]
###############################################################################################################################################



################################################################################################################################################
Starting Execution:	[18 out of 23] test cases in the current suite
Test Method:		[tests.gui.google.D_Search_PageObjectModel_Traditional_DataDriven.searchForQueryAndAssertFirstResultTextIsCorrect]
###############################################################################################################################################




################################################################################################################################################
Starting Execution:	[19 out of 23] test cases in the current suite
Test Method:		[tests.gui.google.A_Search_FlatTest_NativeSeleniumWebDriver.navigateToGoogleHomeAndAssertGoogleLogoIsDisplayed]
###############################################################################################################################################



################################################################################################################################################
Starting Execution:	[20 out of 23] test cases in the current suite
Test Method:		[tests.gui.google.A_Search_FlatTest_NativeSeleniumWebDriver.navigateToGoogleHomeAndAssertPageTitle]
###############################################################################################################################################



################################################################################################################################################
Starting Execution:	[21 out of 23] test cases in the current suite
Test Method:		[tests.gui.google.A_Search_FlatTest_NativeSeleniumWebDriver.searchForQueryAndAssertFirstResultTextIsCorrect]
###############################################################################################################################################


################################################################################################################################################
Starting Execution:	[22 out of 23] test cases in the current suite
Test Method:		[tests.api.users.UserData.validateUserEmail]
################################################################################################################################################
[ReportManager] Response status code: [200], status line: [HTTP/1.1 200 OK] @14-12-2021 01:36:39.0272 AM
[ReportManager] Assertion Passed: Evaluating the actual response status code against the expected one... @14-12-2021 01:36:39.0277 AM
[ReportManager] Assertion [ValidateComparativeRelation] PASSED. Expected [200] and Actual [200]. Comparison Type [EQUALS]. Validation Type [POSITIVE]. @14-12-2021 01:36:39.0277 AM
[ReportManager] API Action [PerformRequest] successfully performed. With the following test data [Request Type: "GET" | Target Status Code: "200" | Service URL: "https://jsonplaceholder.typicode.com/users" | Content Type: "*/*" | Response Time: "735ms"]. @14-12-2021 01:36:40.0303 AM
[ReportManager] Successfully created attachment [API Request - Specifications] @14-12-2021 01:36:40.0304 AM
[ReportManager] Successfully created attachment [API Response - JSON Body] @14-12-2021 01:36:40.0505 AM
[ReportManager] Assertion [ValidateEquals] PASSED. Expected and Actual values are attached. Comparison Type [CONTAINS]. Validation Type [POSITIVE]. @14-12-2021 01:36:40.0506 AM
[ReportManager] Successfully created attachment [Validation Test Data - Expected Value] @14-12-2021 01:36:40.0507 AM
[ReportManager] Successfully created attachment [Validation Test Data - Actual Value] @14-12-2021 01:36:40.0507 AM
[ReportManager] API Action [GetResponseJSONValueAsList] successfully performed. With the following test data [$]. @14-12-2021 01:36:40.0527 AM
[ReportManager] API Action [GetResponseJSONValue] successfully performed. With the following test data [name]. @14-12-2021 01:36:40.0554 AM
[ReportManager] API Action [GetResponseJSONValue] successfully performed. With the following test data [email]. @14-12-2021 01:36:40.0573 AM
[ReportManager] Assertion [ValidateEquals] PASSED. Expected [Sincere@april.biz] and Actual [Sincere@april.biz]. Comparison Type [EQUALS]. Validation Type [POSITIVE]. @14-12-2021 01:36:40.0574 AM
[ReportManager] API Action [GetResponseJSONValue] successfully performed. With the following test data [name]. @14-12-2021 01:36:40.0595 AM
[ReportManager] API Action [GetResponseJSONValue] successfully performed. With the following test data [name]. @14-12-2021 01:36:40.0608 AM
[ReportManager] API Action [GetResponseJSONValue] successfully performed. With the following test data [name]. @14-12-2021 01:36:40.0621 AM
[ReportManager] API Action [GetResponseJSONValue] successfully performed. With the following test data [name]. @14-12-2021 01:36:40.0639 AM
[ReportManager] API Action [GetResponseJSONValue] successfully performed. With the following test data [name]. @14-12-2021 01:36:40.0655 AM
[ReportManager] API Action [GetResponseJSONValue] successfully performed. With the following test data [name]. @14-12-2021 01:36:40.0667 AM
[ReportManager] API Action [GetResponseJSONValue] successfully performed. With the following test data [name]. @14-12-2021 01:36:40.0681 AM
[ReportManager] API Action [GetResponseJSONValue] successfully performed. With the following test data [name]. @14-12-2021 01:36:40.0694 AM
[ReportManager] API Action [GetResponseJSONValue] successfully performed. With the following test data [name]. @14-12-2021 01:36:40.0708 A

################################################################################################################################################
Starting Execution:	[23 out of 23] test cases in the current suite
Test Method:		[tests.cli.demo.cliTest.sampleTestCase]
################################################################################################################################################
[ReportManager] Attempting to perform the following command locally. Command: [ls] @14-12-2021 01:36:40.0721 AM
[ReportManager] Terminal Action [PerformTerminalCommands] successfully performed. With the following test data [Host Name: "localHost" | Command: "ls" | Exit Status: "0"]. @14-12-2021 01:36:40.0726 AM
[ReportManager] Successfully created attachment [Terminal Action Actual Result - Command Log] @14-12-2021 01:36:40.0726 AM
[ReportManager] Assertion Passed: Demoing local terminal actions @14-12-2021 01:36:40.0727 AM
[ReportManager] Assertion [ValidateEquals] PASSED. Expected [pom.xml] and Actual [LICENSE
README.md
allure-results
docker-compose_native.yml
docker-compose_zalenium.yml
extent-reports
pom.xml
readMeImgs
src
target]. Comparison Type [CONTAINS]. Validation Type [POSITIVE]. @14-12-2021 01:36:40.0727 A
[ReportManager] Successfully created attachment [SHAFT Engine Logs - Execution log] @14-12-2021 01:36:40.0754 AM

################################################################################################################################################
This test run was powered by SHAFT Engine Version: [SHAFT Engine v5.4.20211117-BETA]
SHAFT Engine is licensed under the MIT License: [https://github.com/MohabMohie/SHAFT_ENGINE/blob/master/LICENSE].
################################################################################################################################################