################################################################################################################################################
Detected SHAFT Engine Version: [SHAFT Engine v5.4.20211117-BETA]
################################################################################################################################################

################################################################################################################################################
Starting Execution:	[1 out of 23] test cases in the current suite
Test Method:		[tests.api.users.UserData.validateUserEmail]
################################################################################################################################################
[ReportManager] Response status code: [200], status line: [HTTP/1.1 200 OK] @11-12-2021 06:37:51.0680 AM
[ReportManager] Assertion Passed: Evaluating the actual response status code against the expected one... @11-12-2021 06:37:51.0689 AM
[ReportManager] Assertion [ValidateComparativeRelation] PASSED. Expected [200] and Actual [200]. Comparison Type [EQUALS]. Validation Type [POSITIVE]. @11-12-2021 06:37:51.0693 AM
[ReportManager] API Action [PerformRequest] successfully performed. With the following test data [Request Type: "GET" | Target Status Code: "200" | Service URL: "https://jsonplaceholder.typicode.com/users" | Content Type: "*/*" | Response Time: "902ms"]. @11-12-2021 06:37:52.0558 AM
[ReportManager] Successfully created attachment [API Request - Specifications] @11-12-2021 06:37:52.0559 AM
[ReportManager] Successfully created attachment [API Response - JSON Body] @11-12-2021 06:37:52.0743 AM
[ReportManager] Assertion [ValidateEquals] PASSED. Expected and Actual values are attached. Comparison Type [CONTAINS]. Validation Type [POSITIVE]. @11-12-2021 06:37:52.0750 AM
[ReportManager] Successfully created attachment [Validation Test Data - Expected Value] @11-12-2021 06:37:52.0752 AM
[ReportManager] Successfully created attachment [Validation Test Data - Actual Value] @11-12-2021 06:37:52.0752 AM
[ReportManager] API Action [GetResponseJSONValueAsList] successfully performed. With the following test data [$]. @11-12-2021 06:37:52.0770 AM
[ReportManager] API Action [GetResponseJSONValue] successfully performed. With the following test data [name]. @11-12-2021 06:37:52.0796 AM
[ReportManager] API Action [GetResponseJSONValue] successfully performed. With the following test data [email]. @11-12-2021 06:37:52.0817 AM
[ReportManager] Assertion [ValidateEquals] PASSED. Expected [Sincere@april.biz] and Actual [Sincere@april.biz]. Comparison Type [EQUALS]. Validation Type [POSITIVE]. @11-12-2021 06:37:52.0818 AM
[ReportManager] API Action [GetResponseJSONValue] successfully performed. With the following test data [name]. @11-12-2021 06:37:52.0843 AM
[ReportManager] API Action [GetResponseJSONValue] successfully performed. With the following test data [name]. @11-12-2021 06:37:52.0860 AM
[ReportManager] API Action [GetResponseJSONValue] successfully performed. With the following test data [name]. @11-12-2021 06:37:52.0873 AM
[ReportManager] API Action [GetResponseJSONValue] successfully performed. With the following test data [name]. @11-12-2021 06:37:52.0886 AM
[ReportManager] API Action [GetResponseJSONValue] successfully performed. With the following test data [name]. @11-12-2021 06:37:52.0900 AM
[ReportManager] API Action [GetResponseJSONValue] successfully performed. With the following test data [name]. @11-12-2021 06:37:52.0912 AM
[ReportManager] API Action [GetResponseJSONValue] successfully performed. With the following test data [name]. @11-12-2021 06:37:52.0927 AM
[ReportManager] API Action [GetResponseJSONValue] successfully performed. With the following test data [name]. @11-12-2021 06:37:52.0939 AM
[ReportManager] API Action [GetResponseJSONValue] successfully performed. With the following test data [name]. @11-12-2021 06:37:52.0951 A
[ReportManager] File Action [GetAbsolutePath] successfully performed. With the following test data [Relative Folder Path: "target/downloadedFiles/"]. @11-12-2021 06:37:53.0061 AM
[ReportManager] Attempting to run remotely on: [Linux-64], [GoogleChrome], [http://localhost:4444/wd/hub], Headless Execution. @11-12-2021 06:37:53.0072 AM
[ReportManager] Successfully Opened [GoogleChrome]. @11-12-2021 06:37:54.0738 AM
[ReportManager] Target URL: [https://www.google.com/ncr], and after redirection: [https://www.google.com] @11-12-2021 06:37:54.0749 AM
[ReportManager] Initial URL: [data:,] @11-12-2021 06:37:54.0872 AM
[ReportManager] Browser Action [NavigateToURL] successfully performed. With the following test data [https://www.google.com/ncr]. @11-12-2021 06:37:56.0580 A

################################################################################################################################################
Starting Execution:	[2 out of 23] test cases in the current suite
Test Method:		[tests.gui.google.B_Search_FlatTest_SHAFT.navigateToGoogleHomeAndAssertGoogleLogoIsDisplayed]
################################################################################################################################################
[ReportManager] File Action [DoesFileExist] successfully performed. With the following test data [File Path: "src/main/resources/dynamicObjectRepository/tests_gui_google_B_Search_FlatTest_SHAFT_navigateToGoogleHomeAndAssertGoogleLogoIsDisplayed_By_xpath_img_id_hplogo_or_alt_Google.png"]. @11-12-2021 06:37:56.0612 AM
[ReportManager] File Action [GetAbsolutePath] successfully performed. With the following test data [Relative Folder Path: "src/main/resources/dynamicObjectRepository/tests_gui_google_B_Search_FlatTest_SHAFT_navigateToGoogleHomeAndAssertGoogleLogoIsDisplayed_By_xpath_img_id_hplogo_or_alt_Google.png"]. @11-12-2021 06:37:56.0612 AM
[ReportManager] File Action [ReadFromImageFile] successfully performed. With the following test data [File Path: "/home/runner/work/io.github.alidorgham/io.github.alidorgham/src/main/resources/dynamicObjectRepository/tests_gui_google_B_Search_FlatTest_SHAFT_navigateToGoogleHomeAndAssertGoogleLogoIsDisplayed_By_xpath_img_id_hplogo_or_alt_Google.png"]. @11-12-2021 06:37:56.0613 AM
[ReportManager] File Action [DoesFileExist] successfully performed. With the following test data [File Path: "src/main/resources/dynamicObjectRepository/tests_gui_google_B_Search_FlatTest_SHAFT_navigateToGoogleHomeAndAssertGoogleLogoIsDisplayed_By_xpath_img_id_hplogo_or_alt_Google.png"]. @11-12-2021 06:37:56.0928 AM
[ReportManager] File Action [DoesFileExist] successfully performed. With the following test data [File Path: "src/main/resources/dynamicObjectRepository/tests_gui_google_B_Search_FlatTest_SHAFT_navigateToGoogleHomeAndAssertGoogleLogoIsDisplayed_By_xpath_img_id_hplogo_or_alt_Google.png"]. @11-12-2021 06:37:56.0929 AM
[ReportManager] Loaded Shared OpenCV @11-12-2021 06:37:57.0360 AM
[ReportManager] Successfully identified the element using AI; OpenCV. @11-12-2021 06:37:57.0386 AM
[ReportManager] Assertion Passed: Asserting that the Google logo is displayed @11-12-2021 06:37:57.0388 AM
[ReportManager] Successfully created attachment [Validation Test Data - Reference Screenshot] @11-12-2021 06:37:57.0389 AM
[ReportManager] Successfully created attachment [Validation Test Data - Actual Screenshot] @11-12-2021 06:37:57.0390 AM
[ReportManager] Assertion [ValidateElementMatches] PASSED. Expected [Element should match the reference screenshot] and Actual [TRUE]. Comparison Type [EXACT_OPENCV]. Validation Type [POSITIVE]. @11-12-2021 06:37:57.0390 A
[ReportManager] Browser Action [CloseCurrentWindow] successfully performed. @11-12-2021 06:37:57.0668 AM
[ReportManager] Successfully created attachment [Browser Action Test Data - CloseCurrentWindow - Actual Value] @11-12-2021 06:37:57.0676 A
[ReportManager] File Action [GetAbsolutePath] successfully performed. With the following test data [Relative Folder Path: "target/downloadedFiles/"]. @11-12-2021 06:37:57.0695 AM
[ReportManager] Attempting to run remotely on: [Linux-64], [GoogleChrome], [http://localhost:4444/wd/hub], Headless Execution. @11-12-2021 06:37:57.0696 AM
[ReportManager] Successfully Opened [GoogleChrome]. @11-12-2021 06:37:58.0073 AM
[ReportManager] Target URL: [https://www.google.com/ncr], and after redirection: [https://www.google.com] @11-12-2021 06:37:58.0073 AM
[ReportManager] Initial URL: [data:,] @11-12-2021 06:37:58.0175 AM
[ReportManager] Browser Action [NavigateToURL] successfully performed. With the following test data [https://www.google.com/ncr]. @11-12-2021 06:37:59.0762 A

################################################################################################################################################
Starting Execution:	[3 out of 23] test cases in the current suite
Test Method:		[tests.gui.google.B_Search_FlatTest_SHAFT.navigateToGoogleHomeAndAssertPageTitle]
################################################################################################################################################
[ReportManager] Browser Action [GetCurrentWindowTitle] successfully performed. With the following test data [Google]. @11-12-2021 06:37:59.0823 AM
[ReportManager] Assertion Passed: Asserting that the page title is Google @11-12-2021 06:38:00.0371 AM
[ReportManager] Successfully created attachment [Screenshot - 1639204680019_navigateToGoogleHomeAndAssertPageTitle_ValidateBrowserAttribute_passed] @11-12-2021 06:38:00.0380 AM
[ReportManager] Assertion [ValidateBrowserAttribute] PASSED. Expected [Value Should be 'Google' for the 'Title' attribute] and Actual [Google]. Comparison Type [EQUALS]. Validation Type [POSITIVE]. @11-12-2021 06:38:00.0380 A
[ReportManager] Browser Action [CloseCurrentWindow] successfully performed. @11-12-2021 06:38:00.0585 AM
[ReportManager] Successfully created attachment [Browser Action Test Data - CloseCurrentWindow - Actual Value] @11-12-2021 06:38:00.0587 A
[ReportManager] File Action [GetAbsolutePath] successfully performed. With the following test data [Relative Folder Path: "target/downloadedFiles/"]. @11-12-2021 06:38:00.0603 AM
[ReportManager] Attempting to run remotely on: [Linux-64], [GoogleChrome], [http://localhost:4444/wd/hub], Headless Execution. @11-12-2021 06:38:00.0604 AM
[ReportManager] Successfully Opened [GoogleChrome]. @11-12-2021 06:38:00.0957 AM
[ReportManager] Target URL: [https://www.google.com/ncr], and after redirection: [https://www.google.com] @11-12-2021 06:38:00.0957 AM
[ReportManager] Initial URL: [data:,] @11-12-2021 06:38:01.0038 AM
[ReportManager] Browser Action [NavigateToURL] successfully performed. With the following test data [https://www.google.com/ncr]. @11-12-2021 06:38:02.0596 A

################################################################################################################################################
Starting Execution:	[4 out of 23] test cases in the current suite
Test Method:		[tests.gui.google.B_Search_FlatTest_SHAFT.searchForQueryAndAssertFirstResultTextIsCorrect]
################################################################################################################################################
[ReportManager] Element Action [Type] successfully performed. With the following test data [SHAFT_Engine]. @11-12-2021 06:38:03.0019 AM
[ReportManager] Element Action [KeyPress] successfully performed. With the following test data [ENTER]. @11-12-2021 06:38:04.0574 AM
[ReportManager] Element Action [GetText] successfully performed. With the following test data [SHAFT: Unified Test Automation Engine - GitHub]. @11-12-2021 06:38:04.0693 AM
[ReportManager] Loaded Shared OpenCV @11-12-2021 06:38:05.0059 AM
[ReportManager] Assertion Failed: Asserting that the correct first result is displayed @11-12-2021 06:38:05.0267 AM
[ReportManager] Successfully created attachment [Screenshot - 1639204685058_searchForQueryAndAssertFirstResultTextIsCorrect_ValidateElementAttribute_failed] @11-12-2021 06:38:05.0274 AM
[ReportManager] Assertion [ValidateElementAttribute] FAILED. Expected [Value Should be 'MohabMohie' for the 'Text' attribute, element locator 'By.xpath: (//h1[contains(text(),'Search Result')]/following-sibling::div//a/h3)[1]'] and Actual [SHAFT: Unified Test Automation Engine - GitHub]. Comparison Type [CONTAINS]. Validation Type [POSITIVE]. @11-12-2021 06:38:05.0274 A
[ReportManager] Browser Action [CloseCurrentWindow] successfully performed. @11-12-2021 06:38:05.0624 AM
[ReportManager] Successfully created attachment [Browser Action Test Data - CloseCurrentWindow - Actual Value] @11-12-2021 06:38:05.0629 A
[ReportManager] File Action [GetAbsolutePath] successfully performed. With the following test data [Relative Folder Path: "target/downloadedFiles/"]. @11-12-2021 06:38:05.0635 AM
[ReportManager] Attempting to run remotely on: [Linux-64], [GoogleChrome], [http://localhost:4444/wd/hub], Headless Execution. @11-12-2021 06:38:05.0635 AM
[ReportManager] Successfully Opened [GoogleChrome]. @11-12-2021 06:38:05.0974 AM
[ReportManager] Target URL: [https://www.google.com/ncr], and after redirection: [https://www.google.com] @11-12-2021 06:38:05.0977 AM
[ReportManager] Initial URL: [data:,] @11-12-2021 06:38:06.0049 AM
[ReportManager] Browser Action [NavigateToURL] successfully performed. With the following test data [https://www.google.com/ncr]. @11-12-2021 06:38:07.0531 A

################################################################################################################################################
Starting Execution:	[5 out of 23] test cases in the current suite
Test Method:		[tests.gui.google.C_Search_PageObjectModel_Traditional.navigateToGoogleHomeAndAssertGoogleLogoIsDisplayed]
################################################################################################################################################
[ReportManager] Element Action [IsElementDisplayed] successfully performed. @11-12-2021 06:38:07.0662 AM
[ReportManager] Assertion Passed: Asserting that the Google logo is displayed @11-12-2021 06:38:07.0663 AM
[ReportManager] Assertion [ValidateTrue] PASSED. Expected [TRUE] and Actual [TRUE]. Validation Type [POSITIVE]. @11-12-2021 06:38:07.0663 A
[ReportManager] Browser Action [CloseCurrentWindow] successfully performed. @11-12-2021 06:38:07.0867 AM
[ReportManager] Successfully created attachment [Browser Action Test Data - CloseCurrentWindow - Actual Value] @11-12-2021 06:38:07.0869 A
[ReportManager] File Action [GetAbsolutePath] successfully performed. With the following test data [Relative Folder Path: "target/downloadedFiles/"]. @11-12-2021 06:38:07.0880 AM
[ReportManager] Attempting to run remotely on: [Linux-64], [GoogleChrome], [http://localhost:4444/wd/hub], Headless Execution. @11-12-2021 06:38:07.0880 AM
[ReportManager] Successfully Opened [GoogleChrome]. @11-12-2021 06:38:08.0080 AM
[ReportManager] Target URL: [https://www.google.com/ncr], and after redirection: [https://www.google.com] @11-12-2021 06:38:08.0080 AM
[ReportManager] Initial URL: [data:,] @11-12-2021 06:38:08.0174 AM
[ReportManager] Browser Action [NavigateToURL] successfully performed. With the following test data [https://www.google.com/ncr]. @11-12-2021 06:38:09.0687 A

################################################################################################################################################
Starting Execution:	[6 out of 23] test cases in the current suite
Test Method:		[tests.gui.google.C_Search_PageObjectModel_Traditional.navigateToGoogleHomeAndAssertPageTitle]
################################################################################################################################################
[ReportManager] Browser Action [GetCurrentWindowTitle] successfully performed. With the following test data [Google]. @11-12-2021 06:38:09.0740 AM
[ReportManager] Assertion Passed: Asserting that the page title is Google @11-12-2021 06:38:09.0740 AM
[ReportManager] Assertion [ValidateEquals] PASSED. Expected [Google] and Actual [Google]. Comparison Type [EQUALS]. Validation Type [POSITIVE]. @11-12-2021 06:38:09.0741 A
[ReportManager] Browser Action [CloseCurrentWindow] successfully performed. @11-12-2021 06:38:09.0940 AM
[ReportManager] Successfully created attachment [Browser Action Test Data - CloseCurrentWindow - Actual Value] @11-12-2021 06:38:09.0947 A
[ReportManager] File Action [GetAbsolutePath] successfully performed. With the following test data [Relative Folder Path: "target/downloadedFiles/"]. @11-12-2021 06:38:09.0951 AM
[ReportManager] Attempting to run remotely on: [Linux-64], [GoogleChrome], [http://localhost:4444/wd/hub], Headless Execution. @11-12-2021 06:38:09.0952 AM
[ReportManager] Successfully Opened [GoogleChrome]. @11-12-2021 06:38:10.0171 AM
[ReportManager] Target URL: [https://www.google.com/ncr], and after redirection: [https://www.google.com] @11-12-2021 06:38:10.0171 AM
[ReportManager] Initial URL: [data:,] @11-12-2021 06:38:10.0242 AM
[ReportManager] Browser Action [NavigateToURL] successfully performed. With the following test data [https://www.google.com/ncr]. @11-12-2021 06:38:11.0698 A

################################################################################################################################################
Starting Execution:	[7 out of 23] test cases in the current suite
Test Method:		[tests.gui.google.C_Search_PageObjectModel_Traditional.searchForQueryAndAssertFirstResultTextIsCorrect]
################################################################################################################################################
[ReportManager] Element Action [Type] successfully performed. With the following test data [SHAFT_Engine]. @11-12-2021 06:38:12.0081 AM
[ReportManager] Element Action [KeyPress] successfully performed. With the following test data [ENTER]. @11-12-2021 06:38:13.0563 AM
[ReportManager] Element Action [GetText] successfully performed. With the following test data [SHAFT: Unified Test Automation Engine - GitHub]. @11-12-2021 06:38:13.0689 AM
[ReportManager] Assertion Failed: Asserting that the correct first result is displayed @11-12-2021 06:38:13.0689 AM
[ReportManager] Assertion [ValidateEquals] FAILED. Expected [MohabMohie] and Actual [SHAFT: Unified Test Automation Engine - GitHub]. Comparison Type [CONTAINS]. Validation Type [POSITIVE]. @11-12-2021 06:38:13.0689 A
[ReportManager] Browser Action [CloseCurrentWindow] successfully performed. @11-12-2021 06:38:13.0975 AM
[ReportManager] Successfully created attachment [Browser Action Test Data - CloseCurrentWindow - Actual Value] @11-12-2021 06:38:13.0984 A



################################################################################################################################################
Starting Execution:	[8 out of 23] test cases in the current suite
Test Method:		[tests.gui.google.A_Search_FlatTest_NativeSeleniumWebDriver.navigateToGoogleHomeAndAssertGoogleLogoIsDisplayed]
###############################################################################################################################################



################################################################################################################################################
Starting Execution:	[9 out of 23] test cases in the current suite
Test Method:		[tests.gui.google.A_Search_FlatTest_NativeSeleniumWebDriver.navigateToGoogleHomeAndAssertPageTitle]
###############################################################################################################################################



################################################################################################################################################
Starting Execution:	[10 out of 23] test cases in the current suite
Test Method:		[tests.gui.google.A_Search_FlatTest_NativeSeleniumWebDriver.searchForQueryAndAssertFirstResultTextIsCorrect]
###############################################################################################################################################

[ReportManager] An Exception Occured with this Message: src/test/resources/testDataFiles/Google/SimpleSearch.xlsx (No such file or directory). @11-12-2021 06:38:38.0313 AM
[ReportManager] Successfully created attachment [Exception Stack Trace - java.io.FileNotFoundException] @11-12-2021 06:38:38.0313 AM
[ReportManager] Couldn't find the desired file. [src/test/resources/testDataFiles/Google/SimpleSearch.xlsx]. @11-12-2021 06:38:38.0313 A


################################################################################################################################################
Starting Execution:	[11 out of 23] test cases in the current suite
Test Method:		[tests.gui.google.E_Search_PageObjectModel_Traditional_SHAFTAssertions.navigateToGoogleHomeAndAssertGoogleLogoIsDisplayed]
###############################################################################################################################################



################################################################################################################################################
Starting Execution:	[12 out of 23] test cases in the current suite
Test Method:		[tests.gui.google.E_Search_PageObjectModel_Traditional_SHAFTAssertions.navigateToGoogleHomeAndAssertPageTitle]
###############################################################################################################################################



################################################################################################################################################
Starting Execution:	[13 out of 23] test cases in the current suite
Test Method:		[tests.gui.google.E_Search_PageObjectModel_Traditional_SHAFTAssertions.searchForQueryAndAssertFirstResultTextIsCorrect]
###############################################################################################################################################

[ReportManager] An Exception Occured with this Message: src/test/resources/testDataFiles/Google/SimpleSearch.xlsx (No such file or directory). @11-12-2021 06:38:38.0344 AM
[ReportManager] Successfully created attachment [Exception Stack Trace - java.io.FileNotFoundException] @11-12-2021 06:38:38.0347 AM
[ReportManager] Couldn't find the desired file. [src/test/resources/testDataFiles/Google/SimpleSearch.xlsx]. @11-12-2021 06:38:38.0347 A


################################################################################################################################################
Starting Execution:	[14 out of 23] test cases in the current suite
Test Method:		[tests.gui.google.D_Search_PageObjectModel_Traditional_DataDriven.navigateToGoogleHomeAndAssertGoogleLogoIsDisplayed]
###############################################################################################################################################



################################################################################################################################################
Starting Execution:	[15 out of 23] test cases in the current suite
Test Method:		[tests.gui.google.D_Search_PageObjectModel_Traditional_DataDriven.navigateToGoogleHomeAndAssertPageTitle]
###############################################################################################################################################



################################################################################################################################################
Starting Execution:	[16 out of 23] test cases in the current suite
Test Method:		[tests.gui.google.D_Search_PageObjectModel_Traditional_DataDriven.searchForQueryAndAssertFirstResultTextIsCorrect]
###############################################################################################################################################

[ReportManager] An Exception Occured with this Message: src/test/resources/testDataFiles/Google/SimpleSearch.xlsx (No such file or directory). @11-12-2021 06:38:38.0372 AM
[ReportManager] Successfully created attachment [Exception Stack Trace - java.io.FileNotFoundException] @11-12-2021 06:38:38.0372 AM
[ReportManager] Couldn't find the desired file. [src/test/resources/testDataFiles/Google/SimpleSearch.xlsx]. @11-12-2021 06:38:38.0372 A


################################################################################################################################################
Starting Execution:	[17 out of 23] test cases in the current suite
Test Method:		[tests.gui.google.G_Search_PageObjectModel_ThreadSafe.navigateToGoogleHomeAndAssertGoogleLogoIsDisplayed]
###############################################################################################################################################



################################################################################################################################################
Starting Execution:	[18 out of 23] test cases in the current suite
Test Method:		[tests.gui.google.G_Search_PageObjectModel_ThreadSafe.navigateToGoogleHomeAndAssertPageTitle]
###############################################################################################################################################



################################################################################################################################################
Starting Execution:	[19 out of 23] test cases in the current suite
Test Method:		[tests.gui.google.G_Search_PageObjectModel_ThreadSafe.searchForQueryAndAssertFirstResultTextIsCorrect]
###############################################################################################################################################

[ReportManager] An Exception Occured with this Message: src/test/resources/testDataFiles/Google/SimpleSearch.xlsx (No such file or directory). @11-12-2021 06:38:38.0396 AM
[ReportManager] Successfully created attachment [Exception Stack Trace - java.io.FileNotFoundException] @11-12-2021 06:38:38.0396 AM
[ReportManager] Couldn't find the desired file. [src/test/resources/testDataFiles/Google/SimpleSearch.xlsx]. @11-12-2021 06:38:38.0396 A


################################################################################################################################################
Starting Execution:	[20 out of 23] test cases in the current suite
Test Method:		[tests.gui.google.F_Search_PageObjectModel_Fluent.navigateToGoogleHomeAndAssertGoogleLogoIsDisplayed]
###############################################################################################################################################



################################################################################################################################################
Starting Execution:	[21 out of 23] test cases in the current suite
Test Method:		[tests.gui.google.F_Search_PageObjectModel_Fluent.navigateToGoogleHomeAndAssertPageTitle]
###############################################################################################################################################



################################################################################################################################################
Starting Execution:	[22 out of 23] test cases in the current suite
Test Method:		[tests.gui.google.F_Search_PageObjectModel_Fluent.searchForQueryAndAssertFirstResultTextIsCorrect]
###############################################################################################################################################


################################################################################################################################################
Starting Execution:	[23 out of 23] test cases in the current suite
Test Method:		[tests.cli.demo.cliTest.sampleTestCase]
################################################################################################################################################
[ReportManager] Attempting to perform the following command locally. Command: [ls] @11-12-2021 06:38:38.0429 AM
[ReportManager] Terminal Action [PerformTerminalCommands] successfully performed. With the following test data [Host Name: "localHost" | Command: "ls" | Exit Status: "0"]. @11-12-2021 06:38:38.0455 AM
[ReportManager] Successfully created attachment [Terminal Action Actual Result - Command Log] @11-12-2021 06:38:38.0455 AM
[ReportManager] Assertion Passed: Demoing local terminal actions @11-12-2021 06:38:38.0456 AM
[ReportManager] Assertion [ValidateEquals] PASSED. Expected [pom.xml] and Actual [LICENSE
README.md
allure-results
docker-compose_native.yml
docker-compose_zalenium.yml
extent-reports
pom.xml
readMeImgs
src
target]. Comparison Type [CONTAINS]. Validation Type [POSITIVE]. @11-12-2021 06:38:38.0456 A
[ReportManager] Successfully created attachment [SHAFT Engine Logs - Execution log] @11-12-2021 06:38:38.0497 AM

################################################################################################################################################
This test run was powered by SHAFT Engine Version: [SHAFT Engine v5.4.20211117-BETA]
SHAFT Engine is licensed under the MIT License: [https://github.com/MohabMohie/SHAFT_ENGINE/blob/master/LICENSE].
################################################################################################################################################