################################################################################################################################################
Detected SHAFT Engine Version: [SHAFT Engine v5.4.20211117-BETA]
################################################################################################################################################
[ReportManager] File Action [GetAbsolutePath] successfully performed. With the following test data [Relative Folder Path: "target/downloadedFiles/"]. @11-01-2022 12:51:24.0953 PM
[ReportManager] Attempting to run remotely on: [Linux-64], [GoogleChrome], [http://localhost:4444/wd/hub], Headless Execution. @11-01-2022 12:51:24.0970 PM
[ReportManager] Successfully Opened [GoogleChrome]. @11-01-2022 12:51:26.0964 PM
[ReportManager] Target URL: [https://www.google.com/ncr], and after redirection: [https://www.google.com] @11-01-2022 12:51:26.0974 PM
[ReportManager] Initial URL: [data:,] @11-01-2022 12:51:27.0120 PM
[ReportManager] Browser Action [NavigateToURL] successfully performed. With the following test data [https://www.google.com/ncr]. @11-01-2022 12:51:28.0417 P

################################################################################################################################################
Starting Execution:	[1 out of 23] test cases in the current suite
Test Method:		[tests.gui.google.B_Search_FlatTest_SHAFT.navigateToGoogleHomeAndAssertGoogleLogoIsDisplayed]
################################################################################################################################################
[ReportManager] File Action [DoesFileExist] successfully performed. With the following test data [File Path: "src/main/resources/dynamicObjectRepository/tests_gui_google_B_Search_FlatTest_SHAFT_navigateToGoogleHomeAndAssertGoogleLogoIsDisplayed_By_xpath_img_id_hplogo_or_alt_Google.png"]. @11-01-2022 12:51:28.0542 PM
[ReportManager] File Action [GetAbsolutePath] successfully performed. With the following test data [Relative Folder Path: "src/main/resources/dynamicObjectRepository/tests_gui_google_B_Search_FlatTest_SHAFT_navigateToGoogleHomeAndAssertGoogleLogoIsDisplayed_By_xpath_img_id_hplogo_or_alt_Google.png"]. @11-01-2022 12:51:28.0543 PM
[ReportManager] File Action [ReadFromImageFile] successfully performed. With the following test data [File Path: "/home/runner/work/io.github.alidorgham/io.github.alidorgham/src/main/resources/dynamicObjectRepository/tests_gui_google_B_Search_FlatTest_SHAFT_navigateToGoogleHomeAndAssertGoogleLogoIsDisplayed_By_xpath_img_id_hplogo_or_alt_Google.png"]. @11-01-2022 12:51:28.0543 PM
[ReportManager] File Action [DoesFileExist] successfully performed. With the following test data [File Path: "src/main/resources/dynamicObjectRepository/tests_gui_google_B_Search_FlatTest_SHAFT_navigateToGoogleHomeAndAssertGoogleLogoIsDisplayed_By_xpath_img_id_hplogo_or_alt_Google.png"]. @11-01-2022 12:51:28.0817 PM
[ReportManager] File Action [DoesFileExist] successfully performed. With the following test data [File Path: "src/main/resources/dynamicObjectRepository/tests_gui_google_B_Search_FlatTest_SHAFT_navigateToGoogleHomeAndAssertGoogleLogoIsDisplayed_By_xpath_img_id_hplogo_or_alt_Google.png"]. @11-01-2022 12:51:28.0818 PM
[ReportManager] Loaded Shared OpenCV @11-01-2022 12:51:29.0263 PM
[ReportManager] Successfully identified the element using AI; OpenCV. @11-01-2022 12:51:29.0281 PM
[ReportManager] Assertion Passed: Asserting that the Google logo is displayed @11-01-2022 12:51:29.0284 PM
[ReportManager] Successfully created attachment [Validation Test Data - Reference Screenshot] @11-01-2022 12:51:29.0289 PM
[ReportManager] Successfully created attachment [Validation Test Data - Actual Screenshot] @11-01-2022 12:51:29.0290 PM
[ReportManager] Assertion [ValidateElementMatches] PASSED. Expected [Element should match the reference screenshot] and Actual [TRUE]. Comparison Type [EXACT_OPENCV]. Validation Type [POSITIVE]. @11-01-2022 12:51:29.0290 P
[ReportManager] Browser Action [CloseCurrentWindow] successfully performed. @11-01-2022 12:51:29.0509 PM
[ReportManager] Successfully created attachment [Browser Action Test Data - CloseCurrentWindow - Actual Value] @11-01-2022 12:51:29.0532 P
[ReportManager] File Action [GetAbsolutePath] successfully performed. With the following test data [Relative Folder Path: "target/downloadedFiles/"]. @11-01-2022 12:51:29.0560 PM
[ReportManager] Attempting to run remotely on: [Linux-64], [GoogleChrome], [http://localhost:4444/wd/hub], Headless Execution. @11-01-2022 12:51:29.0561 PM
[ReportManager] Successfully Opened [GoogleChrome]. @11-01-2022 12:51:30.0054 PM
[ReportManager] Target URL: [https://www.google.com/ncr], and after redirection: [https://www.google.com] @11-01-2022 12:51:30.0054 PM
[ReportManager] Initial URL: [data:,] @11-01-2022 12:51:30.0148 PM
[ReportManager] Browser Action [NavigateToURL] successfully performed. With the following test data [https://www.google.com/ncr]. @11-01-2022 12:51:31.0467 P

################################################################################################################################################
Starting Execution:	[2 out of 23] test cases in the current suite
Test Method:		[tests.gui.google.B_Search_FlatTest_SHAFT.navigateToGoogleHomeAndAssertPageTitle]
################################################################################################################################################
[ReportManager] Browser Action [GetCurrentWindowTitle] successfully performed. With the following test data [Google]. @11-01-2022 12:51:31.0568 PM
[ReportManager] Assertion Passed: Asserting that the page title is Google @11-01-2022 12:51:32.0161 PM
[ReportManager] Successfully created attachment [Screenshot - 1641905491791_navigateToGoogleHomeAndAssertPageTitle_ValidateBrowserAttribute_passed] @11-01-2022 12:51:32.0182 PM
[ReportManager] Assertion [ValidateBrowserAttribute] PASSED. Expected [Value Should be 'Google' for the 'Title' attribute] and Actual [Google]. Comparison Type [EQUALS]. Validation Type [POSITIVE]. @11-01-2022 12:51:32.0182 P
[ReportManager] Browser Action [CloseCurrentWindow] successfully performed. @11-01-2022 12:51:32.0339 PM
[ReportManager] Successfully created attachment [Browser Action Test Data - CloseCurrentWindow - Actual Value] @11-01-2022 12:51:32.0340 P
[ReportManager] File Action [GetAbsolutePath] successfully performed. With the following test data [Relative Folder Path: "target/downloadedFiles/"]. @11-01-2022 12:51:32.0344 PM
[ReportManager] Attempting to run remotely on: [Linux-64], [GoogleChrome], [http://localhost:4444/wd/hub], Headless Execution. @11-01-2022 12:51:32.0344 PM
[ReportManager] Successfully Opened [GoogleChrome]. @11-01-2022 12:51:32.0745 PM
[ReportManager] Target URL: [https://www.google.com/ncr], and after redirection: [https://www.google.com] @11-01-2022 12:51:32.0745 PM
[ReportManager] Initial URL: [data:,] @11-01-2022 12:51:32.0827 PM
[ReportManager] Browser Action [NavigateToURL] successfully performed. With the following test data [https://www.google.com/ncr]. @11-01-2022 12:51:33.0771 P

################################################################################################################################################
Starting Execution:	[3 out of 23] test cases in the current suite
Test Method:		[tests.gui.google.B_Search_FlatTest_SHAFT.searchForQueryAndAssertFirstResultTextIsCorrect]
################################################################################################################################################
[ReportManager] Element Action [Type] successfully performed. With the following test data [SHAFT_Engine]. @11-01-2022 12:51:34.0246 PM
[ReportManager] Element Action [KeyPress] successfully performed. With the following test data [ENTER]. @11-01-2022 12:51:35.0865 PM
[ReportManager] Element Action [GetText] successfully performed. With the following test data [SHAFT_ENGINE is a Test Automation Engine that ... - GitHub]. @11-01-2022 12:51:36.0011 PM
[ReportManager] Loaded Shared OpenCV @11-01-2022 12:51:36.0403 PM
[ReportManager] Assertion Failed: Asserting that the correct first result is displayed @11-01-2022 12:51:36.0720 PM
[ReportManager] Successfully created attachment [Screenshot - 1641905496403_searchForQueryAndAssertFirstResultTextIsCorrect_ValidateElementAttribute_failed] @11-01-2022 12:51:36.0746 PM
[ReportManager] Assertion [ValidateElementAttribute] FAILED. Expected [Value Should be 'MohabMohie' for the 'Text' attribute, element locator 'By.xpath: (//h1[contains(text(),'Search Result')]/following-sibling::div//a/h3)[1]'] and Actual [SHAFT_ENGINE is a Test Automation Engine that ... - GitHub]. Comparison Type [CONTAINS]. Validation Type [POSITIVE]. @11-01-2022 12:51:36.0746 P
[ReportManager] Browser Action [CloseCurrentWindow] successfully performed. @11-01-2022 12:51:37.0115 PM
[ReportManager] Successfully created attachment [Browser Action Test Data - CloseCurrentWindow - Actual Value] @11-01-2022 12:51:37.0131 P
[ReportManager] An Exception Occured with this Message: src/test/resources/testDataFiles/Google/SimpleSearch.xlsx (No such file or directory). @11-01-2022 12:51:37.0144 PM
[ReportManager] Successfully created attachment [Exception Stack Trace - java.io.FileNotFoundException] @11-01-2022 12:51:37.0144 PM
[ReportManager] Couldn't find the desired file. [src/test/resources/testDataFiles/Google/SimpleSearch.xlsx]. @11-01-2022 12:51:37.0145 P


################################################################################################################################################
Starting Execution:	[4 out of 23] test cases in the current suite
Test Method:		[tests.gui.google.G_Search_PageObjectModel_ThreadSafe.navigateToGoogleHomeAndAssertGoogleLogoIsDisplayed]
###############################################################################################################################################



################################################################################################################################################
Starting Execution:	[5 out of 23] test cases in the current suite
Test Method:		[tests.gui.google.G_Search_PageObjectModel_ThreadSafe.navigateToGoogleHomeAndAssertPageTitle]
###############################################################################################################################################



################################################################################################################################################
Starting Execution:	[6 out of 23] test cases in the current suite
Test Method:		[tests.gui.google.G_Search_PageObjectModel_ThreadSafe.searchForQueryAndAssertFirstResultTextIsCorrect]
###############################################################################################################################################

[ReportManager] File Action [GetAbsolutePath] successfully performed. With the following test data [Relative Folder Path: "target/downloadedFiles/"]. @11-01-2022 12:51:37.0177 PM
[ReportManager] Attempting to run remotely on: [Linux-64], [GoogleChrome], [http://localhost:4444/wd/hub], Headless Execution. @11-01-2022 12:51:37.0178 PM
[ReportManager] Successfully Opened [GoogleChrome]. @11-01-2022 12:51:37.0567 PM
[ReportManager] Target URL: [https://www.google.com/ncr], and after redirection: [https://www.google.com] @11-01-2022 12:51:37.0569 PM
[ReportManager] Initial URL: [data:,] @11-01-2022 12:51:37.0666 PM
[ReportManager] Browser Action [NavigateToURL] successfully performed. With the following test data [https://www.google.com/ncr]. @11-01-2022 12:51:38.0596 P

################################################################################################################################################
Starting Execution:	[7 out of 23] test cases in the current suite
Test Method:		[tests.gui.google.C_Search_PageObjectModel_Traditional.navigateToGoogleHomeAndAssertGoogleLogoIsDisplayed]
################################################################################################################################################
[ReportManager] Element Action [IsElementDisplayed] successfully performed. @11-01-2022 12:51:38.0735 PM
[ReportManager] Assertion Passed: Asserting that the Google logo is displayed @11-01-2022 12:51:38.0736 PM
[ReportManager] Assertion [ValidateTrue] PASSED. Expected [TRUE] and Actual [TRUE]. Validation Type [POSITIVE]. @11-01-2022 12:51:38.0736 P
[ReportManager] Browser Action [CloseCurrentWindow] successfully performed. @11-01-2022 12:51:38.0884 PM
[ReportManager] Successfully created attachment [Browser Action Test Data - CloseCurrentWindow - Actual Value] @11-01-2022 12:51:38.0885 P
[ReportManager] File Action [GetAbsolutePath] successfully performed. With the following test data [Relative Folder Path: "target/downloadedFiles/"]. @11-01-2022 12:51:38.0893 PM
[ReportManager] Attempting to run remotely on: [Linux-64], [GoogleChrome], [http://localhost:4444/wd/hub], Headless Execution. @11-01-2022 12:51:38.0893 PM
[ReportManager] Successfully Opened [GoogleChrome]. @11-01-2022 12:51:39.0123 PM
[ReportManager] Target URL: [https://www.google.com/ncr], and after redirection: [https://www.google.com] @11-01-2022 12:51:39.0124 PM
[ReportManager] Initial URL: [data:,] @11-01-2022 12:51:39.0212 PM
[ReportManager] Browser Action [NavigateToURL] successfully performed. With the following test data [https://www.google.com/ncr]. @11-01-2022 12:51:40.0220 P

################################################################################################################################################
Starting Execution:	[8 out of 23] test cases in the current suite
Test Method:		[tests.gui.google.C_Search_PageObjectModel_Traditional.navigateToGoogleHomeAndAssertPageTitle]
################################################################################################################################################
[ReportManager] Browser Action [GetCurrentWindowTitle] successfully performed. With the following test data [Google]. @11-01-2022 12:51:40.0279 PM
[ReportManager] Assertion Passed: Asserting that the page title is Google @11-01-2022 12:51:40.0280 PM
[ReportManager] Assertion [ValidateEquals] PASSED. Expected [Google] and Actual [Google]. Comparison Type [EQUALS]. Validation Type [POSITIVE]. @11-01-2022 12:51:40.0280 P
[ReportManager] Browser Action [CloseCurrentWindow] successfully performed. @11-01-2022 12:51:40.0431 PM
[ReportManager] Successfully created attachment [Browser Action Test Data - CloseCurrentWindow - Actual Value] @11-01-2022 12:51:40.0432 P
[ReportManager] File Action [GetAbsolutePath] successfully performed. With the following test data [Relative Folder Path: "target/downloadedFiles/"]. @11-01-2022 12:51:40.0438 PM
[ReportManager] Attempting to run remotely on: [Linux-64], [GoogleChrome], [http://localhost:4444/wd/hub], Headless Execution. @11-01-2022 12:51:40.0439 PM
[ReportManager] Successfully Opened [GoogleChrome]. @11-01-2022 12:51:40.0666 PM
[ReportManager] Target URL: [https://www.google.com/ncr], and after redirection: [https://www.google.com] @11-01-2022 12:51:40.0668 PM
[ReportManager] Initial URL: [data:,] @11-01-2022 12:51:40.0756 PM
[ReportManager] Browser Action [NavigateToURL] successfully performed. With the following test data [https://www.google.com/ncr]. @11-01-2022 12:51:41.0727 P

################################################################################################################################################
Starting Execution:	[9 out of 23] test cases in the current suite
Test Method:		[tests.gui.google.C_Search_PageObjectModel_Traditional.searchForQueryAndAssertFirstResultTextIsCorrect]
################################################################################################################################################
[ReportManager] Element Action [Type] successfully performed. With the following test data [SHAFT_Engine]. @11-01-2022 12:51:42.0203 PM
[ReportManager] Element Action [KeyPress] successfully performed. With the following test data [ENTER]. @11-01-2022 12:51:43.0650 PM
[ReportManager] Element Action [GetText] successfully performed. With the following test data [SHAFT_ENGINE is a Test Automation Engine that ... - GitHub]. @11-01-2022 12:51:43.0782 PM
[ReportManager] Assertion Failed: Asserting that the correct first result is displayed @11-01-2022 12:51:43.0782 PM
[ReportManager] Assertion [ValidateEquals] FAILED. Expected [MohabMohie] and Actual [SHAFT_ENGINE is a Test Automation Engine that ... - GitHub]. Comparison Type [CONTAINS]. Validation Type [POSITIVE]. @11-01-2022 12:51:43.0782 P
[ReportManager] Browser Action [CloseCurrentWindow] successfully performed. @11-01-2022 12:51:44.0010 PM
[ReportManager] Successfully created attachment [Browser Action Test Data - CloseCurrentWindow - Actual Value] @11-01-2022 12:51:44.0013 P
[ReportManager] An Exception Occured with this Message: src/test/resources/testDataFiles/Google/SimpleSearch.xlsx (No such file or directory). @11-01-2022 12:51:44.0021 PM
[ReportManager] Successfully created attachment [Exception Stack Trace - java.io.FileNotFoundException] @11-01-2022 12:51:44.0026 PM
[ReportManager] Couldn't find the desired file. [src/test/resources/testDataFiles/Google/SimpleSearch.xlsx]. @11-01-2022 12:51:44.0026 P


################################################################################################################################################
Starting Execution:	[10 out of 23] test cases in the current suite
Test Method:		[tests.gui.google.F_Search_PageObjectModel_Fluent.navigateToGoogleHomeAndAssertGoogleLogoIsDisplayed]
###############################################################################################################################################



################################################################################################################################################
Starting Execution:	[11 out of 23] test cases in the current suite
Test Method:		[tests.gui.google.F_Search_PageObjectModel_Fluent.navigateToGoogleHomeAndAssertPageTitle]
###############################################################################################################################################



################################################################################################################################################
Starting Execution:	[12 out of 23] test cases in the current suite
Test Method:		[tests.gui.google.F_Search_PageObjectModel_Fluent.searchForQueryAndAssertFirstResultTextIsCorrect]
###############################################################################################################################################

[ReportManager] An Exception Occured with this Message: src/test/resources/testDataFiles/Google/SimpleSearch.xlsx (No such file or directory). @11-01-2022 12:51:44.0075 PM
[ReportManager] Successfully created attachment [Exception Stack Trace - java.io.FileNotFoundException] @11-01-2022 12:51:44.0075 PM
[ReportManager] Couldn't find the desired file. [src/test/resources/testDataFiles/Google/SimpleSearch.xlsx]. @11-01-2022 12:51:44.0079 P


################################################################################################################################################
Starting Execution:	[13 out of 23] test cases in the current suite
Test Method:		[tests.gui.google.E_Search_PageObjectModel_Traditional_SHAFTAssertions.navigateToGoogleHomeAndAssertGoogleLogoIsDisplayed]
###############################################################################################################################################



################################################################################################################################################
Starting Execution:	[14 out of 23] test cases in the current suite
Test Method:		[tests.gui.google.E_Search_PageObjectModel_Traditional_SHAFTAssertions.navigateToGoogleHomeAndAssertPageTitle]
###############################################################################################################################################



################################################################################################################################################
Starting Execution:	[15 out of 23] test cases in the current suite
Test Method:		[tests.gui.google.E_Search_PageObjectModel_Traditional_SHAFTAssertions.searchForQueryAndAssertFirstResultTextIsCorrect]
###############################################################################################################################################

[ReportManager] An Exception Occured with this Message: src/test/resources/testDataFiles/Google/SimpleSearch.xlsx (No such file or directory). @11-01-2022 12:51:44.0106 PM
[ReportManager] Successfully created attachment [Exception Stack Trace - java.io.FileNotFoundException] @11-01-2022 12:51:44.0107 PM
[ReportManager] Couldn't find the desired file. [src/test/resources/testDataFiles/Google/SimpleSearch.xlsx]. @11-01-2022 12:51:44.0107 P


################################################################################################################################################
Starting Execution:	[16 out of 23] test cases in the current suite
Test Method:		[tests.gui.google.D_Search_PageObjectModel_Traditional_DataDriven.navigateToGoogleHomeAndAssertGoogleLogoIsDisplayed]
###############################################################################################################################################



################################################################################################################################################
Starting Execution:	[17 out of 23] test cases in the current suite
Test Method:		[tests.gui.google.D_Search_PageObjectModel_Traditional_DataDriven.navigateToGoogleHomeAndAssertPageTitle]
###############################################################################################################################################



################################################################################################################################################
Starting Execution:	[18 out of 23] test cases in the current suite
Test Method:		[tests.gui.google.D_Search_PageObjectModel_Traditional_DataDriven.searchForQueryAndAssertFirstResultTextIsCorrect]
###############################################################################################################################################




################################################################################################################################################
Starting Execution:	[19 out of 23] test cases in the current suite
Test Method:		[tests.gui.google.A_Search_FlatTest_NativeSeleniumWebDriver.navigateToGoogleHomeAndAssertGoogleLogoIsDisplayed]
###############################################################################################################################################



################################################################################################################################################
Starting Execution:	[20 out of 23] test cases in the current suite
Test Method:		[tests.gui.google.A_Search_FlatTest_NativeSeleniumWebDriver.navigateToGoogleHomeAndAssertPageTitle]
###############################################################################################################################################



################################################################################################################################################
Starting Execution:	[21 out of 23] test cases in the current suite
Test Method:		[tests.gui.google.A_Search_FlatTest_NativeSeleniumWebDriver.searchForQueryAndAssertFirstResultTextIsCorrect]
###############################################################################################################################################


################################################################################################################################################
Starting Execution:	[22 out of 23] test cases in the current suite
Test Method:		[tests.api.users.UserData.validateUserEmail]
################################################################################################################################################
[ReportManager] Response status code: [200], status line: [HTTP/1.1 200 OK] @11-01-2022 12:52:04.0852 PM
[ReportManager] Assertion Passed: Evaluating the actual response status code against the expected one... @11-01-2022 12:52:04.0858 PM
[ReportManager] Assertion [ValidateComparativeRelation] PASSED. Expected [200] and Actual [200]. Comparison Type [EQUALS]. Validation Type [POSITIVE]. @11-01-2022 12:52:04.0858 PM
[ReportManager] API Action [PerformRequest] successfully performed. With the following test data [Request Type: "GET" | Target Status Code: "200" | Service URL: "https://jsonplaceholder.typicode.com/users" | Content Type: "*/*" | Response Time: "670ms"]. @11-01-2022 12:52:05.0811 PM
[ReportManager] Successfully created attachment [API Request - Specifications] @11-01-2022 12:52:05.0812 PM
[ReportManager] Successfully created attachment [API Response - JSON Body] @11-01-2022 12:52:06.0049 PM
[ReportManager] Assertion [ValidateEquals] PASSED. Expected and Actual values are attached. Comparison Type [CONTAINS]. Validation Type [POSITIVE]. @11-01-2022 12:52:06.0050 PM
[ReportManager] Successfully created attachment [Validation Test Data - Expected Value] @11-01-2022 12:52:06.0050 PM
[ReportManager] Successfully created attachment [Validation Test Data - Actual Value] @11-01-2022 12:52:06.0050 PM
[ReportManager] API Action [GetResponseJSONValueAsList] successfully performed. With the following test data [$]. @11-01-2022 12:52:06.0068 PM
[ReportManager] API Action [GetResponseJSONValue] successfully performed. With the following test data [name]. @11-01-2022 12:52:06.0092 PM
[ReportManager] API Action [GetResponseJSONValue] successfully performed. With the following test data [email]. @11-01-2022 12:52:06.0115 PM
[ReportManager] Assertion [ValidateEquals] PASSED. Expected [Sincere@april.biz] and Actual [Sincere@april.biz]. Comparison Type [EQUALS]. Validation Type [POSITIVE]. @11-01-2022 12:52:06.0116 PM
[ReportManager] API Action [GetResponseJSONValue] successfully performed. With the following test data [name]. @11-01-2022 12:52:06.0142 PM
[ReportManager] API Action [GetResponseJSONValue] successfully performed. With the following test data [name]. @11-01-2022 12:52:06.0157 PM
[ReportManager] API Action [GetResponseJSONValue] successfully performed. With the following test data [name]. @11-01-2022 12:52:06.0173 PM
[ReportManager] API Action [GetResponseJSONValue] successfully performed. With the following test data [name]. @11-01-2022 12:52:06.0190 PM
[ReportManager] API Action [GetResponseJSONValue] successfully performed. With the following test data [name]. @11-01-2022 12:52:06.0208 PM
[ReportManager] API Action [GetResponseJSONValue] successfully performed. With the following test data [name]. @11-01-2022 12:52:06.0223 PM
[ReportManager] API Action [GetResponseJSONValue] successfully performed. With the following test data [name]. @11-01-2022 12:52:06.0238 PM
[ReportManager] API Action [GetResponseJSONValue] successfully performed. With the following test data [name]. @11-01-2022 12:52:06.0255 PM
[ReportManager] API Action [GetResponseJSONValue] successfully performed. With the following test data [name]. @11-01-2022 12:52:06.0270 P

################################################################################################################################################
Starting Execution:	[23 out of 23] test cases in the current suite
Test Method:		[tests.cli.demo.cliTest.sampleTestCase]
################################################################################################################################################
[ReportManager] Attempting to perform the following command locally. Command: [ls] @11-01-2022 12:52:06.0283 PM
[ReportManager] Terminal Action [PerformTerminalCommands] successfully performed. With the following test data [Host Name: "localHost" | Command: "ls" | Exit Status: "0"]. @11-01-2022 12:52:06.0288 PM
[ReportManager] Successfully created attachment [Terminal Action Actual Result - Command Log] @11-01-2022 12:52:06.0288 PM
[ReportManager] Assertion Passed: Demoing local terminal actions @11-01-2022 12:52:06.0288 PM
[ReportManager] Assertion [ValidateEquals] PASSED. Expected [pom.xml] and Actual [LICENSE
README.md
allure-results
docker-compose_native.yml
docker-compose_zalenium.yml
extent-reports
pom.xml
readMeImgs
src
target]. Comparison Type [CONTAINS]. Validation Type [POSITIVE]. @11-01-2022 12:52:06.0288 P
[ReportManager] Successfully created attachment [SHAFT Engine Logs - Execution log] @11-01-2022 12:52:06.0324 PM

################################################################################################################################################
This test run was powered by SHAFT Engine Version: [SHAFT Engine v5.4.20211117-BETA]
SHAFT Engine is licensed under the MIT License: [https://github.com/MohabMohie/SHAFT_ENGINE/blob/master/LICENSE].
################################################################################################################################################