################################################################################################################################################
Detected SHAFT Engine Version: [SHAFT Engine v5.4.20211117-BETA]
################################################################################################################################################

################################################################################################################################################
Starting Execution:	[1 out of 23] test cases in the current suite
Test Method:		[tests.api.users.UserData.validateUserEmail]
################################################################################################################################################
[ReportManager] Response status code: [200], status line: [HTTP/1.1 200 OK] @23-01-2022 18:34:08.0623 PM
[ReportManager] Assertion Passed: Evaluating the actual response status code against the expected one... @23-01-2022 18:34:08.0631 PM
[ReportManager] Assertion [ValidateComparativeRelation] PASSED. Expected [200] and Actual [200]. Comparison Type [EQUALS]. Validation Type [POSITIVE]. @23-01-2022 18:34:08.0637 PM
[ReportManager] API Action [PerformRequest] successfully performed. With the following test data [Request Type: "GET" | Target Status Code: "200" | Service URL: "https://jsonplaceholder.typicode.com/users" | Content Type: "*/*" | Response Time: "891ms"]. @23-01-2022 18:34:09.0694 PM
[ReportManager] Successfully created attachment [API Request - Specifications] @23-01-2022 18:34:09.0695 PM
[ReportManager] Successfully created attachment [API Response - JSON Body] @23-01-2022 18:34:09.0881 PM
[ReportManager] Assertion [ValidateEquals] PASSED. Expected and Actual values are attached. Comparison Type [CONTAINS]. Validation Type [POSITIVE]. @23-01-2022 18:34:09.0888 PM
[ReportManager] Successfully created attachment [Validation Test Data - Expected Value] @23-01-2022 18:34:09.0888 PM
[ReportManager] Successfully created attachment [Validation Test Data - Actual Value] @23-01-2022 18:34:09.0888 PM
[ReportManager] API Action [GetResponseJSONValueAsList] successfully performed. With the following test data [$]. @23-01-2022 18:34:09.0897 PM
[ReportManager] API Action [GetResponseJSONValue] successfully performed. With the following test data [name]. @23-01-2022 18:34:09.0917 PM
[ReportManager] API Action [GetResponseJSONValue] successfully performed. With the following test data [email]. @23-01-2022 18:34:09.0938 PM
[ReportManager] Assertion [ValidateEquals] PASSED. Expected [Sincere@april.biz] and Actual [Sincere@april.biz]. Comparison Type [EQUALS]. Validation Type [POSITIVE]. @23-01-2022 18:34:09.0939 PM
[ReportManager] API Action [GetResponseJSONValue] successfully performed. With the following test data [name]. @23-01-2022 18:34:09.0959 PM
[ReportManager] API Action [GetResponseJSONValue] successfully performed. With the following test data [name]. @23-01-2022 18:34:09.0977 PM
[ReportManager] API Action [GetResponseJSONValue] successfully performed. With the following test data [name]. @23-01-2022 18:34:09.0991 PM
[ReportManager] API Action [GetResponseJSONValue] successfully performed. With the following test data [name]. @23-01-2022 18:34:10.0008 PM
[ReportManager] API Action [GetResponseJSONValue] successfully performed. With the following test data [name]. @23-01-2022 18:34:10.0024 PM
[ReportManager] API Action [GetResponseJSONValue] successfully performed. With the following test data [name]. @23-01-2022 18:34:10.0038 PM
[ReportManager] API Action [GetResponseJSONValue] successfully performed. With the following test data [name]. @23-01-2022 18:34:10.0053 PM
[ReportManager] API Action [GetResponseJSONValue] successfully performed. With the following test data [name]. @23-01-2022 18:34:10.0084 PM
[ReportManager] API Action [GetResponseJSONValue] successfully performed. With the following test data [name]. @23-01-2022 18:34:10.0096 P

################################################################################################################################################
Starting Execution:	[2 out of 23] test cases in the current suite
Test Method:		[tests.cli.demo.cliTest.sampleTestCase]
################################################################################################################################################
[ReportManager] Attempting to perform the following command locally. Command: [ls] @23-01-2022 18:34:10.0221 PM
[ReportManager] Terminal Action [PerformTerminalCommands] successfully performed. With the following test data [Host Name: "localHost" | Command: "ls" | Exit Status: "0"]. @23-01-2022 18:34:10.0231 PM
[ReportManager] Successfully created attachment [Terminal Action Actual Result - Command Log] @23-01-2022 18:34:10.0231 PM
[ReportManager] Assertion Passed: Demoing local terminal actions @23-01-2022 18:34:10.0231 PM
[ReportManager] Assertion [ValidateEquals] PASSED. Expected [pom.xml] and Actual [LICENSE
README.md
allure-results
docker-compose_native.yml
docker-compose_zalenium.yml
extent-reports
pom.xml
readMeImgs
src
target]. Comparison Type [CONTAINS]. Validation Type [POSITIVE]. @23-01-2022 18:34:10.0232 P
[ReportManager] File Action [GetAbsolutePath] successfully performed. With the following test data [Relative Folder Path: "target/downloadedFiles/"]. @23-01-2022 18:34:10.0247 PM
[ReportManager] Attempting to run remotely on: [Linux-64], [GoogleChrome], [http://localhost:4444/wd/hub], Headless Execution. @23-01-2022 18:34:10.0259 PM
[ReportManager] Successfully Opened [GoogleChrome]. @23-01-2022 18:34:11.0738 PM
[ReportManager] Target URL: [https://www.google.com/ncr], and after redirection: [https://www.google.com] @23-01-2022 18:34:11.0747 PM
[ReportManager] Initial URL: [data:,] @23-01-2022 18:34:11.0867 PM
[ReportManager] Browser Action [NavigateToURL] successfully performed. With the following test data [https://www.google.com/ncr]. @23-01-2022 18:34:13.0135 P

################################################################################################################################################
Starting Execution:	[3 out of 23] test cases in the current suite
Test Method:		[tests.gui.google.B_Search_FlatTest_SHAFT.navigateToGoogleHomeAndAssertGoogleLogoIsDisplayed]
################################################################################################################################################
[ReportManager] File Action [DoesFileExist] successfully performed. With the following test data [File Path: "src/main/resources/dynamicObjectRepository/tests_gui_google_B_Search_FlatTest_SHAFT_navigateToGoogleHomeAndAssertGoogleLogoIsDisplayed_By_xpath_img_id_hplogo_or_alt_Google.png"]. @23-01-2022 18:34:13.0159 PM
[ReportManager] File Action [GetAbsolutePath] successfully performed. With the following test data [Relative Folder Path: "src/main/resources/dynamicObjectRepository/tests_gui_google_B_Search_FlatTest_SHAFT_navigateToGoogleHomeAndAssertGoogleLogoIsDisplayed_By_xpath_img_id_hplogo_or_alt_Google.png"]. @23-01-2022 18:34:13.0159 PM
[ReportManager] File Action [ReadFromImageFile] successfully performed. With the following test data [File Path: "/home/runner/work/io.github.alidorgham/io.github.alidorgham/src/main/resources/dynamicObjectRepository/tests_gui_google_B_Search_FlatTest_SHAFT_navigateToGoogleHomeAndAssertGoogleLogoIsDisplayed_By_xpath_img_id_hplogo_or_alt_Google.png"]. @23-01-2022 18:34:13.0159 PM
[ReportManager] File Action [DoesFileExist] successfully performed. With the following test data [File Path: "src/main/resources/dynamicObjectRepository/tests_gui_google_B_Search_FlatTest_SHAFT_navigateToGoogleHomeAndAssertGoogleLogoIsDisplayed_By_xpath_img_id_hplogo_or_alt_Google.png"]. @23-01-2022 18:34:13.0394 PM
[ReportManager] File Action [DoesFileExist] successfully performed. With the following test data [File Path: "src/main/resources/dynamicObjectRepository/tests_gui_google_B_Search_FlatTest_SHAFT_navigateToGoogleHomeAndAssertGoogleLogoIsDisplayed_By_xpath_img_id_hplogo_or_alt_Google.png"]. @23-01-2022 18:34:13.0394 PM
[ReportManager] Loaded Shared OpenCV @23-01-2022 18:34:13.0818 PM
[ReportManager] Successfully identified the element using AI; OpenCV. @23-01-2022 18:34:13.0836 PM
[ReportManager] Assertion Passed: Asserting that the Google logo is displayed @23-01-2022 18:34:13.0837 PM
[ReportManager] Successfully created attachment [Validation Test Data - Reference Screenshot] @23-01-2022 18:34:13.0838 PM
[ReportManager] Successfully created attachment [Validation Test Data - Actual Screenshot] @23-01-2022 18:34:13.0838 PM
[ReportManager] Assertion [ValidateElementMatches] PASSED. Expected [Element should match the reference screenshot] and Actual [TRUE]. Comparison Type [EXACT_OPENCV]. Validation Type [POSITIVE]. @23-01-2022 18:34:13.0838 P
[ReportManager] Browser Action [CloseCurrentWindow] successfully performed. @23-01-2022 18:34:14.0007 PM
[ReportManager] Successfully created attachment [Browser Action Test Data - CloseCurrentWindow - Actual Value] @23-01-2022 18:34:14.0013 P
[ReportManager] File Action [GetAbsolutePath] successfully performed. With the following test data [Relative Folder Path: "target/downloadedFiles/"]. @23-01-2022 18:34:14.0027 PM
[ReportManager] Attempting to run remotely on: [Linux-64], [GoogleChrome], [http://localhost:4444/wd/hub], Headless Execution. @23-01-2022 18:34:14.0028 PM
[ReportManager] Successfully Opened [GoogleChrome]. @23-01-2022 18:34:14.0387 PM
[ReportManager] Target URL: [https://www.google.com/ncr], and after redirection: [https://www.google.com] @23-01-2022 18:34:14.0388 PM
[ReportManager] Initial URL: [data:,] @23-01-2022 18:34:14.0476 PM
[ReportManager] Browser Action [NavigateToURL] successfully performed. With the following test data [https://www.google.com/ncr]. @23-01-2022 18:34:15.0506 P

################################################################################################################################################
Starting Execution:	[4 out of 23] test cases in the current suite
Test Method:		[tests.gui.google.B_Search_FlatTest_SHAFT.navigateToGoogleHomeAndAssertPageTitle]
################################################################################################################################################
[ReportManager] Browser Action [GetCurrentWindowTitle] successfully performed. With the following test data [Google]. @23-01-2022 18:34:15.0565 PM
[ReportManager] Assertion Passed: Asserting that the page title is Google @23-01-2022 18:34:16.0108 PM
[ReportManager] Successfully created attachment [Screenshot - 1642962855758_navigateToGoogleHomeAndAssertPageTitle_ValidateBrowserAttribute_passed] @23-01-2022 18:34:16.0116 PM
[ReportManager] Assertion [ValidateBrowserAttribute] PASSED. Expected [Value Should be 'Google' for the 'Title' attribute] and Actual [Google]. Comparison Type [EQUALS]. Validation Type [POSITIVE]. @23-01-2022 18:34:16.0116 P
[ReportManager] Browser Action [CloseCurrentWindow] successfully performed. @23-01-2022 18:34:16.0265 PM
[ReportManager] Successfully created attachment [Browser Action Test Data - CloseCurrentWindow - Actual Value] @23-01-2022 18:34:16.0268 P
[ReportManager] File Action [GetAbsolutePath] successfully performed. With the following test data [Relative Folder Path: "target/downloadedFiles/"]. @23-01-2022 18:34:16.0285 PM
[ReportManager] Attempting to run remotely on: [Linux-64], [GoogleChrome], [http://localhost:4444/wd/hub], Headless Execution. @23-01-2022 18:34:16.0285 PM
[ReportManager] Successfully Opened [GoogleChrome]. @23-01-2022 18:34:16.0625 PM
[ReportManager] Target URL: [https://www.google.com/ncr], and after redirection: [https://www.google.com] @23-01-2022 18:34:16.0625 PM
[ReportManager] Initial URL: [data:,] @23-01-2022 18:34:16.0709 PM
[ReportManager] Browser Action [NavigateToURL] successfully performed. With the following test data [https://www.google.com/ncr]. @23-01-2022 18:34:17.0743 P

################################################################################################################################################
Starting Execution:	[5 out of 23] test cases in the current suite
Test Method:		[tests.gui.google.B_Search_FlatTest_SHAFT.searchForQueryAndAssertFirstResultTextIsCorrect]
################################################################################################################################################
[ReportManager] Element Action [Type] successfully performed. With the following test data [SHAFT_Engine]. @23-01-2022 18:34:18.0245 PM
[ReportManager] Element Action [KeyPress] successfully performed. With the following test data [ENTER]. @23-01-2022 18:34:20.0143 PM
[ReportManager] Element Action [GetText] successfully performed. With the following test data [SHAFT_ENGINE is a Test Automation Engine that ... - GitHub]. @23-01-2022 18:34:20.0263 PM
[ReportManager] Loaded Shared OpenCV @23-01-2022 18:34:20.0705 PM
[ReportManager] Assertion Failed: Asserting that the correct first result is displayed @23-01-2022 18:34:20.0982 PM
[ReportManager] Successfully created attachment [Screenshot - 1642962860705_searchForQueryAndAssertFirstResultTextIsCorrect_ValidateElementAttribute_failed] @23-01-2022 18:34:20.0990 PM
[ReportManager] Assertion [ValidateElementAttribute] FAILED. Expected [Value Should be 'MohabMohie' for the 'Text' attribute, element locator 'By.xpath: (//h1[contains(text(),'Search Result')]/following-sibling::div//a/h3)[1]'] and Actual [SHAFT_ENGINE is a Test Automation Engine that ... - GitHub]. Comparison Type [CONTAINS]. Validation Type [POSITIVE]. @23-01-2022 18:34:20.0991 P
[ReportManager] Browser Action [CloseCurrentWindow] successfully performed. @23-01-2022 18:34:21.0221 PM
[ReportManager] Successfully created attachment [Browser Action Test Data - CloseCurrentWindow - Actual Value] @23-01-2022 18:34:21.0231 P
[ReportManager] An Exception Occured with this Message: src/test/resources/testDataFiles/Google/SimpleSearch.xlsx (No such file or directory). @23-01-2022 18:34:21.0246 PM
[ReportManager] Successfully created attachment [Exception Stack Trace - java.io.FileNotFoundException] @23-01-2022 18:34:21.0246 PM
[ReportManager] Couldn't find the desired file. [src/test/resources/testDataFiles/Google/SimpleSearch.xlsx]. @23-01-2022 18:34:21.0246 P


################################################################################################################################################
Starting Execution:	[6 out of 23] test cases in the current suite
Test Method:		[tests.gui.google.F_Search_PageObjectModel_Fluent.navigateToGoogleHomeAndAssertGoogleLogoIsDisplayed]
###############################################################################################################################################



################################################################################################################################################
Starting Execution:	[7 out of 23] test cases in the current suite
Test Method:		[tests.gui.google.F_Search_PageObjectModel_Fluent.navigateToGoogleHomeAndAssertPageTitle]
###############################################################################################################################################



################################################################################################################################################
Starting Execution:	[8 out of 23] test cases in the current suite
Test Method:		[tests.gui.google.F_Search_PageObjectModel_Fluent.searchForQueryAndAssertFirstResultTextIsCorrect]
###############################################################################################################################################

[ReportManager] File Action [GetAbsolutePath] successfully performed. With the following test data [Relative Folder Path: "target/downloadedFiles/"]. @23-01-2022 18:34:21.0292 PM
[ReportManager] Attempting to run remotely on: [Linux-64], [GoogleChrome], [http://localhost:4444/wd/hub], Headless Execution. @23-01-2022 18:34:21.0294 PM
[ReportManager] Successfully Opened [GoogleChrome]. @23-01-2022 18:34:21.0656 PM
[ReportManager] Target URL: [https://www.google.com/ncr], and after redirection: [https://www.google.com] @23-01-2022 18:34:21.0658 PM
[ReportManager] Initial URL: [data:,] @23-01-2022 18:34:21.0737 PM
[ReportManager] Browser Action [NavigateToURL] successfully performed. With the following test data [https://www.google.com/ncr]. @23-01-2022 18:34:22.0943 P

################################################################################################################################################
Starting Execution:	[9 out of 23] test cases in the current suite
Test Method:		[tests.gui.google.C_Search_PageObjectModel_Traditional.navigateToGoogleHomeAndAssertGoogleLogoIsDisplayed]
################################################################################################################################################
[ReportManager] Element Action [IsElementDisplayed] successfully performed. @23-01-2022 18:34:23.0059 PM
[ReportManager] Assertion Passed: Asserting that the Google logo is displayed @23-01-2022 18:34:23.0063 PM
[ReportManager] Assertion [ValidateTrue] PASSED. Expected [TRUE] and Actual [TRUE]. Validation Type [POSITIVE]. @23-01-2022 18:34:23.0063 P
[ReportManager] Browser Action [CloseCurrentWindow] successfully performed. @23-01-2022 18:34:23.0203 PM
[ReportManager] Successfully created attachment [Browser Action Test Data - CloseCurrentWindow - Actual Value] @23-01-2022 18:34:23.0212 P
[ReportManager] File Action [GetAbsolutePath] successfully performed. With the following test data [Relative Folder Path: "target/downloadedFiles/"]. @23-01-2022 18:34:23.0214 PM
[ReportManager] Attempting to run remotely on: [Linux-64], [GoogleChrome], [http://localhost:4444/wd/hub], Headless Execution. @23-01-2022 18:34:23.0215 PM
[ReportManager] Successfully Opened [GoogleChrome]. @23-01-2022 18:34:23.0427 PM
[ReportManager] Target URL: [https://www.google.com/ncr], and after redirection: [https://www.google.com] @23-01-2022 18:34:23.0427 PM
[ReportManager] Initial URL: [data:,] @23-01-2022 18:34:23.0515 PM
[ReportManager] Browser Action [NavigateToURL] successfully performed. With the following test data [https://www.google.com/ncr]. @23-01-2022 18:34:24.0508 P

################################################################################################################################################
Starting Execution:	[10 out of 23] test cases in the current suite
Test Method:		[tests.gui.google.C_Search_PageObjectModel_Traditional.navigateToGoogleHomeAndAssertPageTitle]
################################################################################################################################################
[ReportManager] Browser Action [GetCurrentWindowTitle] successfully performed. With the following test data [Google]. @23-01-2022 18:34:24.0556 PM
[ReportManager] Assertion Passed: Asserting that the page title is Google @23-01-2022 18:34:24.0556 PM
[ReportManager] Assertion [ValidateEquals] PASSED. Expected [Google] and Actual [Google]. Comparison Type [EQUALS]. Validation Type [POSITIVE]. @23-01-2022 18:34:24.0556 P
[ReportManager] Browser Action [CloseCurrentWindow] successfully performed. @23-01-2022 18:34:24.0687 PM
[ReportManager] Successfully created attachment [Browser Action Test Data - CloseCurrentWindow - Actual Value] @23-01-2022 18:34:24.0688 P
[ReportManager] File Action [GetAbsolutePath] successfully performed. With the following test data [Relative Folder Path: "target/downloadedFiles/"]. @23-01-2022 18:34:24.0694 PM
[ReportManager] Attempting to run remotely on: [Linux-64], [GoogleChrome], [http://localhost:4444/wd/hub], Headless Execution. @23-01-2022 18:34:24.0695 PM
[ReportManager] Successfully Opened [GoogleChrome]. @23-01-2022 18:34:24.0908 PM
[ReportManager] Target URL: [https://www.google.com/ncr], and after redirection: [https://www.google.com] @23-01-2022 18:34:24.0908 PM
[ReportManager] Initial URL: [data:,] @23-01-2022 18:34:25.0006 PM
[ReportManager] Browser Action [NavigateToURL] successfully performed. With the following test data [https://www.google.com/ncr]. @23-01-2022 18:34:25.0951 P

################################################################################################################################################
Starting Execution:	[11 out of 23] test cases in the current suite
Test Method:		[tests.gui.google.C_Search_PageObjectModel_Traditional.searchForQueryAndAssertFirstResultTextIsCorrect]
################################################################################################################################################
[ReportManager] Element Action [Type] successfully performed. With the following test data [SHAFT_Engine]. @23-01-2022 18:34:26.0396 PM
[ReportManager] Element Action [KeyPress] successfully performed. With the following test data [ENTER]. @23-01-2022 18:34:27.0692 PM
[ReportManager] Element Action [GetText] successfully performed. With the following test data [SHAFT_ENGINE is a Test Automation Engine that ... - GitHub]. @23-01-2022 18:34:27.0823 PM
[ReportManager] Assertion Failed: Asserting that the correct first result is displayed @23-01-2022 18:34:27.0824 PM
[ReportManager] Assertion [ValidateEquals] FAILED. Expected [MohabMohie] and Actual [SHAFT_ENGINE is a Test Automation Engine that ... - GitHub]. Comparison Type [CONTAINS]. Validation Type [POSITIVE]. @23-01-2022 18:34:27.0825 P
[ReportManager] Browser Action [CloseCurrentWindow] successfully performed. @23-01-2022 18:34:28.0112 PM
[ReportManager] Successfully created attachment [Browser Action Test Data - CloseCurrentWindow - Actual Value] @23-01-2022 18:34:28.0115 P
[ReportManager] An Exception Occured with this Message: src/test/resources/testDataFiles/Google/SimpleSearch.xlsx (No such file or directory). @23-01-2022 18:34:28.0119 PM
[ReportManager] Successfully created attachment [Exception Stack Trace - java.io.FileNotFoundException] @23-01-2022 18:34:28.0120 PM
[ReportManager] Couldn't find the desired file. [src/test/resources/testDataFiles/Google/SimpleSearch.xlsx]. @23-01-2022 18:34:28.0120 P


################################################################################################################################################
Starting Execution:	[12 out of 23] test cases in the current suite
Test Method:		[tests.gui.google.E_Search_PageObjectModel_Traditional_SHAFTAssertions.navigateToGoogleHomeAndAssertGoogleLogoIsDisplayed]
###############################################################################################################################################



################################################################################################################################################
Starting Execution:	[13 out of 23] test cases in the current suite
Test Method:		[tests.gui.google.E_Search_PageObjectModel_Traditional_SHAFTAssertions.navigateToGoogleHomeAndAssertPageTitle]
###############################################################################################################################################



################################################################################################################################################
Starting Execution:	[14 out of 23] test cases in the current suite
Test Method:		[tests.gui.google.E_Search_PageObjectModel_Traditional_SHAFTAssertions.searchForQueryAndAssertFirstResultTextIsCorrect]
###############################################################################################################################################

[ReportManager] An Exception Occured with this Message: src/test/resources/testDataFiles/Google/SimpleSearch.xlsx (No such file or directory). @23-01-2022 18:34:28.0145 PM
[ReportManager] Successfully created attachment [Exception Stack Trace - java.io.FileNotFoundException] @23-01-2022 18:34:28.0145 PM
[ReportManager] Couldn't find the desired file. [src/test/resources/testDataFiles/Google/SimpleSearch.xlsx]. @23-01-2022 18:34:28.0145 P


################################################################################################################################################
Starting Execution:	[15 out of 23] test cases in the current suite
Test Method:		[tests.gui.google.G_Search_PageObjectModel_ThreadSafe.navigateToGoogleHomeAndAssertGoogleLogoIsDisplayed]
###############################################################################################################################################



################################################################################################################################################
Starting Execution:	[16 out of 23] test cases in the current suite
Test Method:		[tests.gui.google.G_Search_PageObjectModel_ThreadSafe.navigateToGoogleHomeAndAssertPageTitle]
###############################################################################################################################################



################################################################################################################################################
Starting Execution:	[17 out of 23] test cases in the current suite
Test Method:		[tests.gui.google.G_Search_PageObjectModel_ThreadSafe.searchForQueryAndAssertFirstResultTextIsCorrect]
###############################################################################################################################################

[ReportManager] An Exception Occured with this Message: src/test/resources/testDataFiles/Google/SimpleSearch.xlsx (No such file or directory). @23-01-2022 18:34:28.0163 PM
[ReportManager] Successfully created attachment [Exception Stack Trace - java.io.FileNotFoundException] @23-01-2022 18:34:28.0163 PM
[ReportManager] Couldn't find the desired file. [src/test/resources/testDataFiles/Google/SimpleSearch.xlsx]. @23-01-2022 18:34:28.0163 P


################################################################################################################################################
Starting Execution:	[18 out of 23] test cases in the current suite
Test Method:		[tests.gui.google.D_Search_PageObjectModel_Traditional_DataDriven.navigateToGoogleHomeAndAssertGoogleLogoIsDisplayed]
###############################################################################################################################################



################################################################################################################################################
Starting Execution:	[19 out of 23] test cases in the current suite
Test Method:		[tests.gui.google.D_Search_PageObjectModel_Traditional_DataDriven.navigateToGoogleHomeAndAssertPageTitle]
###############################################################################################################################################



################################################################################################################################################
Starting Execution:	[20 out of 23] test cases in the current suite
Test Method:		[tests.gui.google.D_Search_PageObjectModel_Traditional_DataDriven.searchForQueryAndAssertFirstResultTextIsCorrect]
###############################################################################################################################################




################################################################################################################################################
Starting Execution:	[21 out of 23] test cases in the current suite
Test Method:		[tests.gui.google.A_Search_FlatTest_NativeSeleniumWebDriver.navigateToGoogleHomeAndAssertGoogleLogoIsDisplayed]
###############################################################################################################################################



################################################################################################################################################
Starting Execution:	[22 out of 23] test cases in the current suite
Test Method:		[tests.gui.google.A_Search_FlatTest_NativeSeleniumWebDriver.navigateToGoogleHomeAndAssertPageTitle]
###############################################################################################################################################



################################################################################################################################################
Starting Execution:	[23 out of 23] test cases in the current suite
Test Method:		[tests.gui.google.A_Search_FlatTest_NativeSeleniumWebDriver.searchForQueryAndAssertFirstResultTextIsCorrect]
###############################################################################################################################################

[ReportManager] Successfully created attachment [SHAFT Engine Logs - Execution log] @23-01-2022 18:34:47.0324 PM

################################################################################################################################################
This test run was powered by SHAFT Engine Version: [SHAFT Engine v5.4.20211117-BETA]
SHAFT Engine is licensed under the MIT License: [https://github.com/MohabMohie/SHAFT_ENGINE/blob/master/LICENSE].
################################################################################################################################################