################################################################################################################################################
Detected SHAFT Engine Version: [SHAFT Engine v5.4.20211117-BETA]
################################################################################################################################################

################################################################################################################################################
Starting Execution:	[1 out of 23] test cases in the current suite
Test Method:		[tests.api.users.UserData.validateUserEmail]
################################################################################################################################################
[ReportManager] Response status code: [200], status line: [HTTP/1.1 200 OK] @07-12-2021 18:38:32.0630 PM
[ReportManager] Assertion Passed: Evaluating the actual response status code against the expected one... @07-12-2021 18:38:32.0640 PM
[ReportManager] Assertion [ValidateComparativeRelation] PASSED. Expected [200] and Actual [200]. Comparison Type [EQUALS]. Validation Type [POSITIVE]. @07-12-2021 18:38:32.0644 PM
[ReportManager] API Action [PerformRequest] successfully performed. With the following test data [Request Type: "GET" | Target Status Code: "200" | Service URL: "https://jsonplaceholder.typicode.com/users" | Content Type: "*/*" | Response Time: "841ms"]. @07-12-2021 18:38:33.0688 PM
[ReportManager] Successfully created attachment [API Request - Specifications] @07-12-2021 18:38:33.0689 PM
[ReportManager] Successfully created attachment [API Response - JSON Body] @07-12-2021 18:38:33.0955 PM
[ReportManager] Assertion [ValidateEquals] PASSED. Expected and Actual values are attached. Comparison Type [CONTAINS]. Validation Type [POSITIVE]. @07-12-2021 18:38:33.0962 PM
[ReportManager] Successfully created attachment [Validation Test Data - Expected Value] @07-12-2021 18:38:33.0962 PM
[ReportManager] Successfully created attachment [Validation Test Data - Actual Value] @07-12-2021 18:38:33.0963 PM
[ReportManager] API Action [GetResponseJSONValueAsList] successfully performed. With the following test data [$]. @07-12-2021 18:38:33.0970 PM
[ReportManager] API Action [GetResponseJSONValue] successfully performed. With the following test data [name]. @07-12-2021 18:38:33.0989 PM
[ReportManager] API Action [GetResponseJSONValue] successfully performed. With the following test data [email]. @07-12-2021 18:38:33.0999 PM
[ReportManager] Assertion [ValidateEquals] PASSED. Expected [Sincere@april.biz] and Actual [Sincere@april.biz]. Comparison Type [EQUALS]. Validation Type [POSITIVE]. @07-12-2021 18:38:34.0000 PM
[ReportManager] API Action [GetResponseJSONValue] successfully performed. With the following test data [name]. @07-12-2021 18:38:34.0010 PM
[ReportManager] API Action [GetResponseJSONValue] successfully performed. With the following test data [name]. @07-12-2021 18:38:34.0020 PM
[ReportManager] API Action [GetResponseJSONValue] successfully performed. With the following test data [name]. @07-12-2021 18:38:34.0030 PM
[ReportManager] API Action [GetResponseJSONValue] successfully performed. With the following test data [name]. @07-12-2021 18:38:34.0039 PM
[ReportManager] API Action [GetResponseJSONValue] successfully performed. With the following test data [name]. @07-12-2021 18:38:34.0048 PM
[ReportManager] API Action [GetResponseJSONValue] successfully performed. With the following test data [name]. @07-12-2021 18:38:34.0058 PM
[ReportManager] API Action [GetResponseJSONValue] successfully performed. With the following test data [name]. @07-12-2021 18:38:34.0066 PM
[ReportManager] API Action [GetResponseJSONValue] successfully performed. With the following test data [name]. @07-12-2021 18:38:34.0076 PM
[ReportManager] API Action [GetResponseJSONValue] successfully performed. With the following test data [name]. @07-12-2021 18:38:34.0085 P
[ReportManager] File Action [GetAbsolutePath] successfully performed. With the following test data [Relative Folder Path: "target/downloadedFiles/"]. @07-12-2021 18:38:34.0197 PM
[ReportManager] Attempting to run remotely on: [Linux-64], [GoogleChrome], [http://localhost:4444/wd/hub], Headless Execution. @07-12-2021 18:38:34.0210 PM
[ReportManager] Successfully Opened [GoogleChrome]. @07-12-2021 18:38:35.0777 PM
[ReportManager] Target URL: [https://www.google.com/ncr], and after redirection: [https://www.google.com] @07-12-2021 18:38:35.0788 PM
[ReportManager] Initial URL: [data:,] @07-12-2021 18:38:35.0904 PM
[ReportManager] Browser Action [NavigateToURL] successfully performed. With the following test data [https://www.google.com/ncr]. @07-12-2021 18:38:39.0683 P

################################################################################################################################################
Starting Execution:	[2 out of 23] test cases in the current suite
Test Method:		[tests.gui.google.B_Search_FlatTest_SHAFT.navigateToGoogleHomeAndAssertGoogleLogoIsDisplayed]
################################################################################################################################################
[ReportManager] File Action [DoesFileExist] successfully performed. With the following test data [File Path: "src/main/resources/dynamicObjectRepository/tests_gui_google_B_Search_FlatTest_SHAFT_navigateToGoogleHomeAndAssertGoogleLogoIsDisplayed_By_xpath_img_id_hplogo_or_alt_Google.png"]. @07-12-2021 18:38:39.0719 PM
[ReportManager] File Action [GetAbsolutePath] successfully performed. With the following test data [Relative Folder Path: "src/main/resources/dynamicObjectRepository/tests_gui_google_B_Search_FlatTest_SHAFT_navigateToGoogleHomeAndAssertGoogleLogoIsDisplayed_By_xpath_img_id_hplogo_or_alt_Google.png"]. @07-12-2021 18:38:39.0719 PM
[ReportManager] File Action [ReadFromImageFile] successfully performed. With the following test data [File Path: "/home/runner/work/io.github.alidorgham/io.github.alidorgham/src/main/resources/dynamicObjectRepository/tests_gui_google_B_Search_FlatTest_SHAFT_navigateToGoogleHomeAndAssertGoogleLogoIsDisplayed_By_xpath_img_id_hplogo_or_alt_Google.png"]. @07-12-2021 18:38:39.0719 PM
[ReportManager] File Action [DoesFileExist] successfully performed. With the following test data [File Path: "src/main/resources/dynamicObjectRepository/tests_gui_google_B_Search_FlatTest_SHAFT_navigateToGoogleHomeAndAssertGoogleLogoIsDisplayed_By_xpath_img_id_hplogo_or_alt_Google.png"]. @07-12-2021 18:38:39.0990 PM
[ReportManager] File Action [DoesFileExist] successfully performed. With the following test data [File Path: "src/main/resources/dynamicObjectRepository/tests_gui_google_B_Search_FlatTest_SHAFT_navigateToGoogleHomeAndAssertGoogleLogoIsDisplayed_By_xpath_img_id_hplogo_or_alt_Google.png"]. @07-12-2021 18:38:39.0990 PM
[ReportManager] Loaded Shared OpenCV @07-12-2021 18:38:40.0420 PM
[ReportManager] Successfully identified the element using AI; OpenCV. @07-12-2021 18:38:40.0442 PM
[ReportManager] Assertion Passed: Asserting that the Google logo is displayed @07-12-2021 18:38:40.0443 PM
[ReportManager] Successfully created attachment [Validation Test Data - Reference Screenshot] @07-12-2021 18:38:40.0444 PM
[ReportManager] Successfully created attachment [Validation Test Data - Actual Screenshot] @07-12-2021 18:38:40.0444 PM
[ReportManager] Assertion [ValidateElementMatches] PASSED. Expected [Element should match the reference screenshot] and Actual [TRUE]. Comparison Type [EXACT_OPENCV]. Validation Type [POSITIVE]. @07-12-2021 18:38:40.0444 P
[ReportManager] Browser Action [CloseCurrentWindow] successfully performed. @07-12-2021 18:38:40.0674 PM
[ReportManager] Successfully created attachment [Browser Action Test Data - CloseCurrentWindow - Actual Value] @07-12-2021 18:38:40.0686 P
[ReportManager] File Action [GetAbsolutePath] successfully performed. With the following test data [Relative Folder Path: "target/downloadedFiles/"]. @07-12-2021 18:38:40.0713 PM
[ReportManager] Attempting to run remotely on: [Linux-64], [GoogleChrome], [http://localhost:4444/wd/hub], Headless Execution. @07-12-2021 18:38:40.0714 PM
[ReportManager] Successfully Opened [GoogleChrome]. @07-12-2021 18:38:41.0054 PM
[ReportManager] Target URL: [https://www.google.com/ncr], and after redirection: [https://www.google.com] @07-12-2021 18:38:41.0054 PM
[ReportManager] Initial URL: [data:,] @07-12-2021 18:38:41.0132 PM
[ReportManager] Browser Action [NavigateToURL] successfully performed. With the following test data [https://www.google.com/ncr]. @07-12-2021 18:38:42.0515 P

################################################################################################################################################
Starting Execution:	[3 out of 23] test cases in the current suite
Test Method:		[tests.gui.google.B_Search_FlatTest_SHAFT.navigateToGoogleHomeAndAssertPageTitle]
################################################################################################################################################
[ReportManager] Browser Action [GetCurrentWindowTitle] successfully performed. With the following test data [Google]. @07-12-2021 18:38:42.0567 PM
[ReportManager] Assertion Passed: Asserting that the page title is Google @07-12-2021 18:38:43.0132 PM
[ReportManager] Successfully created attachment [Screenshot - 1638902322767_navigateToGoogleHomeAndAssertPageTitle_ValidateBrowserAttribute_passed] @07-12-2021 18:38:43.0141 PM
[ReportManager] Assertion [ValidateBrowserAttribute] PASSED. Expected [Value Should be 'Google' for the 'Title' attribute] and Actual [Google]. Comparison Type [EQUALS]. Validation Type [POSITIVE]. @07-12-2021 18:38:43.0141 P
[ReportManager] Browser Action [CloseCurrentWindow] successfully performed. @07-12-2021 18:38:43.0393 PM
[ReportManager] Successfully created attachment [Browser Action Test Data - CloseCurrentWindow - Actual Value] @07-12-2021 18:38:43.0396 P
[ReportManager] File Action [GetAbsolutePath] successfully performed. With the following test data [Relative Folder Path: "target/downloadedFiles/"]. @07-12-2021 18:38:43.0419 PM
[ReportManager] Attempting to run remotely on: [Linux-64], [GoogleChrome], [http://localhost:4444/wd/hub], Headless Execution. @07-12-2021 18:38:43.0419 PM
[ReportManager] Successfully Opened [GoogleChrome]. @07-12-2021 18:38:43.0857 PM
[ReportManager] Target URL: [https://www.google.com/ncr], and after redirection: [https://www.google.com] @07-12-2021 18:38:43.0857 PM
[ReportManager] Initial URL: [data:,] @07-12-2021 18:38:43.0954 PM
[ReportManager] Browser Action [NavigateToURL] successfully performed. With the following test data [https://www.google.com/ncr]. @07-12-2021 18:38:45.0277 P

################################################################################################################################################
Starting Execution:	[4 out of 23] test cases in the current suite
Test Method:		[tests.gui.google.B_Search_FlatTest_SHAFT.searchForQueryAndAssertFirstResultTextIsCorrect]
################################################################################################################################################
[ReportManager] Element Action [Type] successfully performed. With the following test data [SHAFT_Engine]. @07-12-2021 18:38:45.0710 PM
[ReportManager] Element Action [KeyPress] successfully performed. With the following test data [ENTER]. @07-12-2021 18:38:47.0316 PM
[ReportManager] Element Action [GetText] successfully performed. With the following test data [SHAFT: Unified Test Automation Engine - GitHub]. @07-12-2021 18:38:47.0427 PM
[ReportManager] Loaded Shared OpenCV @07-12-2021 18:38:47.0806 PM
[ReportManager] Assertion Failed: Asserting that the correct first result is displayed @07-12-2021 18:38:48.0038 PM
[ReportManager] Successfully created attachment [Screenshot - 1638902327806_searchForQueryAndAssertFirstResultTextIsCorrect_ValidateElementAttribute_failed] @07-12-2021 18:38:48.0045 PM
[ReportManager] Assertion [ValidateElementAttribute] FAILED. Expected [Value Should be 'MohabMohie' for the 'Text' attribute, element locator 'By.xpath: (//h1[contains(text(),'Search Result')]/following-sibling::div//a/h3)[1]'] and Actual [SHAFT: Unified Test Automation Engine - GitHub]. Comparison Type [CONTAINS]. Validation Type [POSITIVE]. @07-12-2021 18:38:48.0045 P
[ReportManager] Browser Action [CloseCurrentWindow] successfully performed. @07-12-2021 18:38:48.0477 PM
[ReportManager] Successfully created attachment [Browser Action Test Data - CloseCurrentWindow - Actual Value] @07-12-2021 18:38:48.0482 P
[ReportManager] File Action [GetAbsolutePath] successfully performed. With the following test data [Relative Folder Path: "target/downloadedFiles/"]. @07-12-2021 18:38:48.0490 PM
[ReportManager] Attempting to run remotely on: [Linux-64], [GoogleChrome], [http://localhost:4444/wd/hub], Headless Execution. @07-12-2021 18:38:48.0490 PM
[ReportManager] Successfully Opened [GoogleChrome]. @07-12-2021 18:38:48.0845 PM
[ReportManager] Target URL: [https://www.google.com/ncr], and after redirection: [https://www.google.com] @07-12-2021 18:38:48.0847 PM
[ReportManager] Initial URL: [data:,] @07-12-2021 18:38:48.0932 PM
[ReportManager] Browser Action [NavigateToURL] successfully performed. With the following test data [https://www.google.com/ncr]. @07-12-2021 18:38:50.0220 P

################################################################################################################################################
Starting Execution:	[5 out of 23] test cases in the current suite
Test Method:		[tests.gui.google.C_Search_PageObjectModel_Traditional.navigateToGoogleHomeAndAssertGoogleLogoIsDisplayed]
################################################################################################################################################
[ReportManager] Element Action [IsElementDisplayed] successfully performed. @07-12-2021 18:38:50.0335 PM
[ReportManager] Assertion Passed: Asserting that the Google logo is displayed @07-12-2021 18:38:50.0335 PM
[ReportManager] Assertion [ValidateTrue] PASSED. Expected [TRUE] and Actual [TRUE]. Validation Type [POSITIVE]. @07-12-2021 18:38:50.0335 P
[ReportManager] Browser Action [CloseCurrentWindow] successfully performed. @07-12-2021 18:38:50.0546 PM
[ReportManager] Successfully created attachment [Browser Action Test Data - CloseCurrentWindow - Actual Value] @07-12-2021 18:38:50.0549 P
[ReportManager] File Action [GetAbsolutePath] successfully performed. With the following test data [Relative Folder Path: "target/downloadedFiles/"]. @07-12-2021 18:38:50.0554 PM
[ReportManager] Attempting to run remotely on: [Linux-64], [GoogleChrome], [http://localhost:4444/wd/hub], Headless Execution. @07-12-2021 18:38:50.0554 PM
[ReportManager] Successfully Opened [GoogleChrome]. @07-12-2021 18:38:50.0762 PM
[ReportManager] Target URL: [https://www.google.com/ncr], and after redirection: [https://www.google.com] @07-12-2021 18:38:50.0762 PM
[ReportManager] Initial URL: [data:,] @07-12-2021 18:38:50.0826 PM
[ReportManager] Browser Action [NavigateToURL] successfully performed. With the following test data [https://www.google.com/ncr]. @07-12-2021 18:38:52.0139 P

################################################################################################################################################
Starting Execution:	[6 out of 23] test cases in the current suite
Test Method:		[tests.gui.google.C_Search_PageObjectModel_Traditional.navigateToGoogleHomeAndAssertPageTitle]
################################################################################################################################################
[ReportManager] Browser Action [GetCurrentWindowTitle] successfully performed. With the following test data [Google]. @07-12-2021 18:38:52.0187 PM
[ReportManager] Assertion Passed: Asserting that the page title is Google @07-12-2021 18:38:52.0187 PM
[ReportManager] Assertion [ValidateEquals] PASSED. Expected [Google] and Actual [Google]. Comparison Type [EQUALS]. Validation Type [POSITIVE]. @07-12-2021 18:38:52.0187 P
[ReportManager] Browser Action [CloseCurrentWindow] successfully performed. @07-12-2021 18:38:52.0396 PM
[ReportManager] Successfully created attachment [Browser Action Test Data - CloseCurrentWindow - Actual Value] @07-12-2021 18:38:52.0399 P
[ReportManager] File Action [GetAbsolutePath] successfully performed. With the following test data [Relative Folder Path: "target/downloadedFiles/"]. @07-12-2021 18:38:52.0403 PM
[ReportManager] Attempting to run remotely on: [Linux-64], [GoogleChrome], [http://localhost:4444/wd/hub], Headless Execution. @07-12-2021 18:38:52.0403 PM
[ReportManager] Successfully Opened [GoogleChrome]. @07-12-2021 18:38:52.0627 PM
[ReportManager] Target URL: [https://www.google.com/ncr], and after redirection: [https://www.google.com] @07-12-2021 18:38:52.0627 PM
[ReportManager] Initial URL: [data:,] @07-12-2021 18:38:52.0702 PM
[ReportManager] Browser Action [NavigateToURL] successfully performed. With the following test data [https://www.google.com/ncr]. @07-12-2021 18:38:54.0011 P

################################################################################################################################################
Starting Execution:	[7 out of 23] test cases in the current suite
Test Method:		[tests.gui.google.C_Search_PageObjectModel_Traditional.searchForQueryAndAssertFirstResultTextIsCorrect]
################################################################################################################################################
[ReportManager] Element Action [Type] successfully performed. With the following test data [SHAFT_Engine]. @07-12-2021 18:38:54.0454 PM
[ReportManager] Element Action [KeyPress] successfully performed. With the following test data [ENTER]. @07-12-2021 18:38:55.0917 PM
[ReportManager] Element Action [GetText] successfully performed. With the following test data [SHAFT: Unified Test Automation Engine - GitHub]. @07-12-2021 18:38:56.0032 PM
[ReportManager] Assertion Failed: Asserting that the correct first result is displayed @07-12-2021 18:38:56.0033 PM
[ReportManager] Assertion [ValidateEquals] FAILED. Expected [MohabMohie] and Actual [SHAFT: Unified Test Automation Engine - GitHub]. Comparison Type [CONTAINS]. Validation Type [POSITIVE]. @07-12-2021 18:38:56.0033 P
[ReportManager] Browser Action [CloseCurrentWindow] successfully performed. @07-12-2021 18:38:56.0327 PM
[ReportManager] Successfully created attachment [Browser Action Test Data - CloseCurrentWindow - Actual Value] @07-12-2021 18:38:56.0332 P



################################################################################################################################################
Starting Execution:	[8 out of 23] test cases in the current suite
Test Method:		[tests.gui.google.A_Search_FlatTest_NativeSeleniumWebDriver.navigateToGoogleHomeAndAssertGoogleLogoIsDisplayed]
###############################################################################################################################################



################################################################################################################################################
Starting Execution:	[9 out of 23] test cases in the current suite
Test Method:		[tests.gui.google.A_Search_FlatTest_NativeSeleniumWebDriver.navigateToGoogleHomeAndAssertPageTitle]
###############################################################################################################################################



################################################################################################################################################
Starting Execution:	[10 out of 23] test cases in the current suite
Test Method:		[tests.gui.google.A_Search_FlatTest_NativeSeleniumWebDriver.searchForQueryAndAssertFirstResultTextIsCorrect]
###############################################################################################################################################

[ReportManager] An Exception Occured with this Message: src/test/resources/testDataFiles/Google/SimpleSearch.xlsx (No such file or directory). @07-12-2021 18:39:15.0199 PM
[ReportManager] Successfully created attachment [Exception Stack Trace - java.io.FileNotFoundException] @07-12-2021 18:39:15.0200 PM
[ReportManager] Couldn't find the desired file. [src/test/resources/testDataFiles/Google/SimpleSearch.xlsx]. @07-12-2021 18:39:15.0201 P


################################################################################################################################################
Starting Execution:	[11 out of 23] test cases in the current suite
Test Method:		[tests.gui.google.E_Search_PageObjectModel_Traditional_SHAFTAssertions.navigateToGoogleHomeAndAssertGoogleLogoIsDisplayed]
###############################################################################################################################################



################################################################################################################################################
Starting Execution:	[12 out of 23] test cases in the current suite
Test Method:		[tests.gui.google.E_Search_PageObjectModel_Traditional_SHAFTAssertions.navigateToGoogleHomeAndAssertPageTitle]
###############################################################################################################################################



################################################################################################################################################
Starting Execution:	[13 out of 23] test cases in the current suite
Test Method:		[tests.gui.google.E_Search_PageObjectModel_Traditional_SHAFTAssertions.searchForQueryAndAssertFirstResultTextIsCorrect]
###############################################################################################################################################

[ReportManager] An Exception Occured with this Message: src/test/resources/testDataFiles/Google/SimpleSearch.xlsx (No such file or directory). @07-12-2021 18:39:15.0221 PM
[ReportManager] Successfully created attachment [Exception Stack Trace - java.io.FileNotFoundException] @07-12-2021 18:39:15.0224 PM
[ReportManager] Couldn't find the desired file. [src/test/resources/testDataFiles/Google/SimpleSearch.xlsx]. @07-12-2021 18:39:15.0224 P


################################################################################################################################################
Starting Execution:	[14 out of 23] test cases in the current suite
Test Method:		[tests.gui.google.D_Search_PageObjectModel_Traditional_DataDriven.navigateToGoogleHomeAndAssertGoogleLogoIsDisplayed]
###############################################################################################################################################



################################################################################################################################################
Starting Execution:	[15 out of 23] test cases in the current suite
Test Method:		[tests.gui.google.D_Search_PageObjectModel_Traditional_DataDriven.navigateToGoogleHomeAndAssertPageTitle]
###############################################################################################################################################



################################################################################################################################################
Starting Execution:	[16 out of 23] test cases in the current suite
Test Method:		[tests.gui.google.D_Search_PageObjectModel_Traditional_DataDriven.searchForQueryAndAssertFirstResultTextIsCorrect]
###############################################################################################################################################

[ReportManager] An Exception Occured with this Message: src/test/resources/testDataFiles/Google/SimpleSearch.xlsx (No such file or directory). @07-12-2021 18:39:15.0248 PM
[ReportManager] Successfully created attachment [Exception Stack Trace - java.io.FileNotFoundException] @07-12-2021 18:39:15.0250 PM
[ReportManager] Couldn't find the desired file. [src/test/resources/testDataFiles/Google/SimpleSearch.xlsx]. @07-12-2021 18:39:15.0250 P


################################################################################################################################################
Starting Execution:	[17 out of 23] test cases in the current suite
Test Method:		[tests.gui.google.G_Search_PageObjectModel_ThreadSafe.navigateToGoogleHomeAndAssertGoogleLogoIsDisplayed]
###############################################################################################################################################



################################################################################################################################################
Starting Execution:	[18 out of 23] test cases in the current suite
Test Method:		[tests.gui.google.G_Search_PageObjectModel_ThreadSafe.navigateToGoogleHomeAndAssertPageTitle]
###############################################################################################################################################



################################################################################################################################################
Starting Execution:	[19 out of 23] test cases in the current suite
Test Method:		[tests.gui.google.G_Search_PageObjectModel_ThreadSafe.searchForQueryAndAssertFirstResultTextIsCorrect]
###############################################################################################################################################

[ReportManager] An Exception Occured with this Message: src/test/resources/testDataFiles/Google/SimpleSearch.xlsx (No such file or directory). @07-12-2021 18:39:15.0274 PM
[ReportManager] Successfully created attachment [Exception Stack Trace - java.io.FileNotFoundException] @07-12-2021 18:39:15.0274 PM
[ReportManager] Couldn't find the desired file. [src/test/resources/testDataFiles/Google/SimpleSearch.xlsx]. @07-12-2021 18:39:15.0276 P


################################################################################################################################################
Starting Execution:	[20 out of 23] test cases in the current suite
Test Method:		[tests.gui.google.F_Search_PageObjectModel_Fluent.navigateToGoogleHomeAndAssertGoogleLogoIsDisplayed]
###############################################################################################################################################



################################################################################################################################################
Starting Execution:	[21 out of 23] test cases in the current suite
Test Method:		[tests.gui.google.F_Search_PageObjectModel_Fluent.navigateToGoogleHomeAndAssertPageTitle]
###############################################################################################################################################



################################################################################################################################################
Starting Execution:	[22 out of 23] test cases in the current suite
Test Method:		[tests.gui.google.F_Search_PageObjectModel_Fluent.searchForQueryAndAssertFirstResultTextIsCorrect]
###############################################################################################################################################


################################################################################################################################################
Starting Execution:	[23 out of 23] test cases in the current suite
Test Method:		[tests.cli.demo.cliTest.sampleTestCase]
################################################################################################################################################
[ReportManager] Attempting to perform the following command locally. Command: [ls] @07-12-2021 18:39:15.0307 PM
[ReportManager] Terminal Action [PerformTerminalCommands] successfully performed. With the following test data [Host Name: "localHost" | Command: "ls" | Exit Status: "0"]. @07-12-2021 18:39:15.0324 PM
[ReportManager] Successfully created attachment [Terminal Action Actual Result - Command Log] @07-12-2021 18:39:15.0325 PM
[ReportManager] Assertion Passed: Demoing local terminal actions @07-12-2021 18:39:15.0325 PM
[ReportManager] Assertion [ValidateEquals] PASSED. Expected [pom.xml] and Actual [LICENSE
README.md
allure-results
docker-compose_native.yml
docker-compose_zalenium.yml
extent-reports
pom.xml
readMeImgs
src
target]. Comparison Type [CONTAINS]. Validation Type [POSITIVE]. @07-12-2021 18:39:15.0325 P
[ReportManager] Successfully created attachment [SHAFT Engine Logs - Execution log] @07-12-2021 18:39:15.0364 PM

################################################################################################################################################
This test run was powered by SHAFT Engine Version: [SHAFT Engine v5.4.20211117-BETA]
SHAFT Engine is licensed under the MIT License: [https://github.com/MohabMohie/SHAFT_ENGINE/blob/master/LICENSE].
################################################################################################################################################