################################################################################################################################################
Detected SHAFT Engine Version: [SHAFT Engine v5.4.20211117-BETA]
################################################################################################################################################

################################################################################################################################################
Starting Execution:	[1 out of 23] test cases in the current suite
Test Method:		[tests.api.users.UserData.validateUserEmail]
################################################################################################################################################
[ReportManager] Response status code: [200], status line: [HTTP/1.1 200 OK] @21-01-2022 01:29:21.0343 AM
[ReportManager] Assertion Passed: Evaluating the actual response status code against the expected one... @21-01-2022 01:29:21.0350 AM
[ReportManager] Assertion [ValidateComparativeRelation] PASSED. Expected [200] and Actual [200]. Comparison Type [EQUALS]. Validation Type [POSITIVE]. @21-01-2022 01:29:21.0354 AM
[ReportManager] API Action [PerformRequest] successfully performed. With the following test data [Request Type: "GET" | Target Status Code: "200" | Service URL: "https://jsonplaceholder.typicode.com/users" | Content Type: "*/*" | Response Time: "699ms"]. @21-01-2022 01:29:22.0256 AM
[ReportManager] Successfully created attachment [API Request - Specifications] @21-01-2022 01:29:22.0257 AM
[ReportManager] Successfully created attachment [API Response - JSON Body] @21-01-2022 01:29:22.0497 AM
[ReportManager] Assertion [ValidateEquals] PASSED. Expected and Actual values are attached. Comparison Type [CONTAINS]. Validation Type [POSITIVE]. @21-01-2022 01:29:22.0504 AM
[ReportManager] Successfully created attachment [Validation Test Data - Expected Value] @21-01-2022 01:29:22.0504 AM
[ReportManager] Successfully created attachment [Validation Test Data - Actual Value] @21-01-2022 01:29:22.0505 AM
[ReportManager] API Action [GetResponseJSONValueAsList] successfully performed. With the following test data [$]. @21-01-2022 01:29:22.0524 AM
[ReportManager] API Action [GetResponseJSONValue] successfully performed. With the following test data [name]. @21-01-2022 01:29:22.0550 AM
[ReportManager] API Action [GetResponseJSONValue] successfully performed. With the following test data [email]. @21-01-2022 01:29:22.0569 AM
[ReportManager] Assertion [ValidateEquals] PASSED. Expected [Sincere@april.biz] and Actual [Sincere@april.biz]. Comparison Type [EQUALS]. Validation Type [POSITIVE]. @21-01-2022 01:29:22.0570 AM
[ReportManager] API Action [GetResponseJSONValue] successfully performed. With the following test data [name]. @21-01-2022 01:29:22.0597 AM
[ReportManager] API Action [GetResponseJSONValue] successfully performed. With the following test data [name]. @21-01-2022 01:29:22.0616 AM
[ReportManager] API Action [GetResponseJSONValue] successfully performed. With the following test data [name]. @21-01-2022 01:29:22.0629 AM
[ReportManager] API Action [GetResponseJSONValue] successfully performed. With the following test data [name]. @21-01-2022 01:29:22.0646 AM
[ReportManager] API Action [GetResponseJSONValue] successfully performed. With the following test data [name]. @21-01-2022 01:29:22.0663 AM
[ReportManager] API Action [GetResponseJSONValue] successfully performed. With the following test data [name]. @21-01-2022 01:29:22.0676 AM
[ReportManager] API Action [GetResponseJSONValue] successfully performed. With the following test data [name]. @21-01-2022 01:29:22.0690 AM
[ReportManager] API Action [GetResponseJSONValue] successfully performed. With the following test data [name]. @21-01-2022 01:29:22.0703 AM
[ReportManager] API Action [GetResponseJSONValue] successfully performed. With the following test data [name]. @21-01-2022 01:29:22.0716 A

################################################################################################################################################
Starting Execution:	[2 out of 23] test cases in the current suite
Test Method:		[tests.cli.demo.cliTest.sampleTestCase]
################################################################################################################################################
[ReportManager] Attempting to perform the following command locally. Command: [ls] @21-01-2022 01:29:22.0823 AM
[ReportManager] Terminal Action [PerformTerminalCommands] successfully performed. With the following test data [Host Name: "localHost" | Command: "ls" | Exit Status: "0"]. @21-01-2022 01:29:22.0837 AM
[ReportManager] Successfully created attachment [Terminal Action Actual Result - Command Log] @21-01-2022 01:29:22.0838 AM
[ReportManager] Assertion Passed: Demoing local terminal actions @21-01-2022 01:29:22.0838 AM
[ReportManager] Assertion [ValidateEquals] PASSED. Expected [pom.xml] and Actual [LICENSE
README.md
allure-results
docker-compose_native.yml
docker-compose_zalenium.yml
extent-reports
pom.xml
readMeImgs
src
target]. Comparison Type [CONTAINS]. Validation Type [POSITIVE]. @21-01-2022 01:29:22.0838 A
[ReportManager] File Action [GetAbsolutePath] successfully performed. With the following test data [Relative Folder Path: "target/downloadedFiles/"]. @21-01-2022 01:29:22.0857 AM
[ReportManager] Attempting to run remotely on: [Linux-64], [GoogleChrome], [http://localhost:4444/wd/hub], Headless Execution. @21-01-2022 01:29:22.0871 AM
[ReportManager] Successfully Opened [GoogleChrome]. @21-01-2022 01:29:24.0374 AM
[ReportManager] Target URL: [https://www.google.com/ncr], and after redirection: [https://www.google.com] @21-01-2022 01:29:24.0383 AM
[ReportManager] Initial URL: [data:,] @21-01-2022 01:29:24.0500 AM
[ReportManager] Browser Action [NavigateToURL] successfully performed. With the following test data [https://www.google.com/ncr]. @21-01-2022 01:29:25.0749 A

################################################################################################################################################
Starting Execution:	[3 out of 23] test cases in the current suite
Test Method:		[tests.gui.google.B_Search_FlatTest_SHAFT.navigateToGoogleHomeAndAssertGoogleLogoIsDisplayed]
################################################################################################################################################
[ReportManager] File Action [DoesFileExist] successfully performed. With the following test data [File Path: "src/main/resources/dynamicObjectRepository/tests_gui_google_B_Search_FlatTest_SHAFT_navigateToGoogleHomeAndAssertGoogleLogoIsDisplayed_By_xpath_img_id_hplogo_or_alt_Google.png"]. @21-01-2022 01:29:25.0772 AM
[ReportManager] File Action [GetAbsolutePath] successfully performed. With the following test data [Relative Folder Path: "src/main/resources/dynamicObjectRepository/tests_gui_google_B_Search_FlatTest_SHAFT_navigateToGoogleHomeAndAssertGoogleLogoIsDisplayed_By_xpath_img_id_hplogo_or_alt_Google.png"]. @21-01-2022 01:29:25.0773 AM
[ReportManager] File Action [ReadFromImageFile] successfully performed. With the following test data [File Path: "/home/runner/work/io.github.alidorgham/io.github.alidorgham/src/main/resources/dynamicObjectRepository/tests_gui_google_B_Search_FlatTest_SHAFT_navigateToGoogleHomeAndAssertGoogleLogoIsDisplayed_By_xpath_img_id_hplogo_or_alt_Google.png"]. @21-01-2022 01:29:25.0773 AM
[ReportManager] File Action [DoesFileExist] successfully performed. With the following test data [File Path: "src/main/resources/dynamicObjectRepository/tests_gui_google_B_Search_FlatTest_SHAFT_navigateToGoogleHomeAndAssertGoogleLogoIsDisplayed_By_xpath_img_id_hplogo_or_alt_Google.png"]. @21-01-2022 01:29:26.0020 AM
[ReportManager] File Action [DoesFileExist] successfully performed. With the following test data [File Path: "src/main/resources/dynamicObjectRepository/tests_gui_google_B_Search_FlatTest_SHAFT_navigateToGoogleHomeAndAssertGoogleLogoIsDisplayed_By_xpath_img_id_hplogo_or_alt_Google.png"]. @21-01-2022 01:29:26.0020 AM
[ReportManager] Loaded Shared OpenCV @21-01-2022 01:29:26.0478 AM
[ReportManager] Successfully identified the element using AI; OpenCV. @21-01-2022 01:29:26.0502 AM
[ReportManager] Assertion Passed: Asserting that the Google logo is displayed @21-01-2022 01:29:26.0504 AM
[ReportManager] Successfully created attachment [Validation Test Data - Reference Screenshot] @21-01-2022 01:29:26.0505 AM
[ReportManager] Successfully created attachment [Validation Test Data - Actual Screenshot] @21-01-2022 01:29:26.0505 AM
[ReportManager] Assertion [ValidateElementMatches] PASSED. Expected [Element should match the reference screenshot] and Actual [TRUE]. Comparison Type [EXACT_OPENCV]. Validation Type [POSITIVE]. @21-01-2022 01:29:26.0505 A
[ReportManager] Browser Action [CloseCurrentWindow] successfully performed. @21-01-2022 01:29:26.0655 AM
[ReportManager] Successfully created attachment [Browser Action Test Data - CloseCurrentWindow - Actual Value] @21-01-2022 01:29:26.0662 A
[ReportManager] File Action [GetAbsolutePath] successfully performed. With the following test data [Relative Folder Path: "target/downloadedFiles/"]. @21-01-2022 01:29:26.0674 AM
[ReportManager] Attempting to run remotely on: [Linux-64], [GoogleChrome], [http://localhost:4444/wd/hub], Headless Execution. @21-01-2022 01:29:26.0674 AM
[ReportManager] Successfully Opened [GoogleChrome]. @21-01-2022 01:29:27.0047 AM
[ReportManager] Target URL: [https://www.google.com/ncr], and after redirection: [https://www.google.com] @21-01-2022 01:29:27.0047 AM
[ReportManager] Initial URL: [data:,] @21-01-2022 01:29:27.0136 AM
[ReportManager] Browser Action [NavigateToURL] successfully performed. With the following test data [https://www.google.com/ncr]. @21-01-2022 01:29:28.0243 A

################################################################################################################################################
Starting Execution:	[4 out of 23] test cases in the current suite
Test Method:		[tests.gui.google.B_Search_FlatTest_SHAFT.navigateToGoogleHomeAndAssertPageTitle]
################################################################################################################################################
[ReportManager] Browser Action [GetCurrentWindowTitle] successfully performed. With the following test data [Google]. @21-01-2022 01:29:28.0312 AM
[ReportManager] Assertion Passed: Asserting that the page title is Google @21-01-2022 01:29:28.0938 AM
[ReportManager] Successfully created attachment [Screenshot - 1642728568532_navigateToGoogleHomeAndAssertPageTitle_ValidateBrowserAttribute_passed] @21-01-2022 01:29:28.0946 AM
[ReportManager] Assertion [ValidateBrowserAttribute] PASSED. Expected [Value Should be 'Google' for the 'Title' attribute] and Actual [Google]. Comparison Type [EQUALS]. Validation Type [POSITIVE]. @21-01-2022 01:29:28.0946 A
[ReportManager] Browser Action [CloseCurrentWindow] successfully performed. @21-01-2022 01:29:29.0094 AM
[ReportManager] Successfully created attachment [Browser Action Test Data - CloseCurrentWindow - Actual Value] @21-01-2022 01:29:29.0097 A
[ReportManager] File Action [GetAbsolutePath] successfully performed. With the following test data [Relative Folder Path: "target/downloadedFiles/"]. @21-01-2022 01:29:29.0104 AM
[ReportManager] Attempting to run remotely on: [Linux-64], [GoogleChrome], [http://localhost:4444/wd/hub], Headless Execution. @21-01-2022 01:29:29.0104 AM
[ReportManager] Successfully Opened [GoogleChrome]. @21-01-2022 01:29:29.0455 AM
[ReportManager] Target URL: [https://www.google.com/ncr], and after redirection: [https://www.google.com] @21-01-2022 01:29:29.0455 AM
[ReportManager] Initial URL: [data:,] @21-01-2022 01:29:29.0538 AM
[ReportManager] Browser Action [NavigateToURL] successfully performed. With the following test data [https://www.google.com/ncr]. @21-01-2022 01:29:30.0561 A

################################################################################################################################################
Starting Execution:	[5 out of 23] test cases in the current suite
Test Method:		[tests.gui.google.B_Search_FlatTest_SHAFT.searchForQueryAndAssertFirstResultTextIsCorrect]
################################################################################################################################################
[ReportManager] Element Action [Type] successfully performed. With the following test data [SHAFT_Engine]. @21-01-2022 01:29:31.0074 AM
[ReportManager] Element Action [KeyPress] successfully performed. With the following test data [ENTER]. @21-01-2022 01:29:32.0580 AM
[ReportManager] Element Action [GetText] successfully performed. With the following test data [SHAFT_ENGINE is a Test Automation Engine that ... - GitHub]. @21-01-2022 01:29:32.0697 AM
[ReportManager] Loaded Shared OpenCV @21-01-2022 01:29:33.0074 AM
[ReportManager] Assertion Failed: Asserting that the correct first result is displayed @21-01-2022 01:29:33.0314 AM
[ReportManager] Successfully created attachment [Screenshot - 1642728573074_searchForQueryAndAssertFirstResultTextIsCorrect_ValidateElementAttribute_failed] @21-01-2022 01:29:33.0323 AM
[ReportManager] Assertion [ValidateElementAttribute] FAILED. Expected [Value Should be 'MohabMohie' for the 'Text' attribute, element locator 'By.xpath: (//h1[contains(text(),'Search Result')]/following-sibling::div//a/h3)[1]'] and Actual [SHAFT_ENGINE is a Test Automation Engine that ... - GitHub]. Comparison Type [CONTAINS]. Validation Type [POSITIVE]. @21-01-2022 01:29:33.0323 A
[ReportManager] Browser Action [CloseCurrentWindow] successfully performed. @21-01-2022 01:29:33.0596 AM
[ReportManager] Successfully created attachment [Browser Action Test Data - CloseCurrentWindow - Actual Value] @21-01-2022 01:29:33.0624 A
[ReportManager] An Exception Occured with this Message: src/test/resources/testDataFiles/Google/SimpleSearch.xlsx (No such file or directory). @21-01-2022 01:29:33.0636 AM
[ReportManager] Successfully created attachment [Exception Stack Trace - java.io.FileNotFoundException] @21-01-2022 01:29:33.0636 AM
[ReportManager] Couldn't find the desired file. [src/test/resources/testDataFiles/Google/SimpleSearch.xlsx]. @21-01-2022 01:29:33.0637 A


################################################################################################################################################
Starting Execution:	[6 out of 23] test cases in the current suite
Test Method:		[tests.gui.google.F_Search_PageObjectModel_Fluent.navigateToGoogleHomeAndAssertGoogleLogoIsDisplayed]
###############################################################################################################################################



################################################################################################################################################
Starting Execution:	[7 out of 23] test cases in the current suite
Test Method:		[tests.gui.google.F_Search_PageObjectModel_Fluent.navigateToGoogleHomeAndAssertPageTitle]
###############################################################################################################################################



################################################################################################################################################
Starting Execution:	[8 out of 23] test cases in the current suite
Test Method:		[tests.gui.google.F_Search_PageObjectModel_Fluent.searchForQueryAndAssertFirstResultTextIsCorrect]
###############################################################################################################################################

[ReportManager] File Action [GetAbsolutePath] successfully performed. With the following test data [Relative Folder Path: "target/downloadedFiles/"]. @21-01-2022 01:29:33.0665 AM
[ReportManager] Attempting to run remotely on: [Linux-64], [GoogleChrome], [http://localhost:4444/wd/hub], Headless Execution. @21-01-2022 01:29:33.0665 AM
[ReportManager] Successfully Opened [GoogleChrome]. @21-01-2022 01:29:34.0013 AM
[ReportManager] Target URL: [https://www.google.com/ncr], and after redirection: [https://www.google.com] @21-01-2022 01:29:34.0015 AM
[ReportManager] Initial URL: [data:,] @21-01-2022 01:29:34.0097 AM
[ReportManager] Browser Action [NavigateToURL] successfully performed. With the following test data [https://www.google.com/ncr]. @21-01-2022 01:29:35.0184 A

################################################################################################################################################
Starting Execution:	[9 out of 23] test cases in the current suite
Test Method:		[tests.gui.google.C_Search_PageObjectModel_Traditional.navigateToGoogleHomeAndAssertGoogleLogoIsDisplayed]
################################################################################################################################################
[ReportManager] Element Action [IsElementDisplayed] successfully performed. @21-01-2022 01:29:35.0309 AM
[ReportManager] Assertion Passed: Asserting that the Google logo is displayed @21-01-2022 01:29:35.0310 AM
[ReportManager] Assertion [ValidateTrue] PASSED. Expected [TRUE] and Actual [TRUE]. Validation Type [POSITIVE]. @21-01-2022 01:29:35.0310 A
[ReportManager] Browser Action [CloseCurrentWindow] successfully performed. @21-01-2022 01:29:35.0452 AM
[ReportManager] Successfully created attachment [Browser Action Test Data - CloseCurrentWindow - Actual Value] @21-01-2022 01:29:35.0454 A
[ReportManager] File Action [GetAbsolutePath] successfully performed. With the following test data [Relative Folder Path: "target/downloadedFiles/"]. @21-01-2022 01:29:35.0456 AM
[ReportManager] Attempting to run remotely on: [Linux-64], [GoogleChrome], [http://localhost:4444/wd/hub], Headless Execution. @21-01-2022 01:29:35.0457 AM
[ReportManager] Successfully Opened [GoogleChrome]. @21-01-2022 01:29:35.0665 AM
[ReportManager] Target URL: [https://www.google.com/ncr], and after redirection: [https://www.google.com] @21-01-2022 01:29:35.0665 AM
[ReportManager] Initial URL: [data:,] @21-01-2022 01:29:35.0763 AM
[ReportManager] Browser Action [NavigateToURL] successfully performed. With the following test data [https://www.google.com/ncr]. @21-01-2022 01:29:36.0778 A

################################################################################################################################################
Starting Execution:	[10 out of 23] test cases in the current suite
Test Method:		[tests.gui.google.C_Search_PageObjectModel_Traditional.navigateToGoogleHomeAndAssertPageTitle]
################################################################################################################################################
[ReportManager] Browser Action [GetCurrentWindowTitle] successfully performed. With the following test data [Google]. @21-01-2022 01:29:36.0824 AM
[ReportManager] Assertion Passed: Asserting that the page title is Google @21-01-2022 01:29:36.0824 AM
[ReportManager] Assertion [ValidateEquals] PASSED. Expected [Google] and Actual [Google]. Comparison Type [EQUALS]. Validation Type [POSITIVE]. @21-01-2022 01:29:36.0824 A
[ReportManager] Browser Action [CloseCurrentWindow] successfully performed. @21-01-2022 01:29:36.0961 AM
[ReportManager] Successfully created attachment [Browser Action Test Data - CloseCurrentWindow - Actual Value] @21-01-2022 01:29:36.0964 A
[ReportManager] File Action [GetAbsolutePath] successfully performed. With the following test data [Relative Folder Path: "target/downloadedFiles/"]. @21-01-2022 01:29:36.0970 AM
[ReportManager] Attempting to run remotely on: [Linux-64], [GoogleChrome], [http://localhost:4444/wd/hub], Headless Execution. @21-01-2022 01:29:36.0970 AM
[ReportManager] Successfully Opened [GoogleChrome]. @21-01-2022 01:29:37.0167 AM
[ReportManager] Target URL: [https://www.google.com/ncr], and after redirection: [https://www.google.com] @21-01-2022 01:29:37.0167 AM
[ReportManager] Initial URL: [data:,] @21-01-2022 01:29:37.0239 AM
[ReportManager] Browser Action [NavigateToURL] successfully performed. With the following test data [https://www.google.com/ncr]. @21-01-2022 01:29:38.0236 A

################################################################################################################################################
Starting Execution:	[11 out of 23] test cases in the current suite
Test Method:		[tests.gui.google.C_Search_PageObjectModel_Traditional.searchForQueryAndAssertFirstResultTextIsCorrect]
################################################################################################################################################
[ReportManager] Element Action [Type] successfully performed. With the following test data [SHAFT_Engine]. @21-01-2022 01:29:38.0642 AM
[ReportManager] Element Action [KeyPress] successfully performed. With the following test data [ENTER]. @21-01-2022 01:29:39.0985 AM
[ReportManager] Element Action [GetText] successfully performed. With the following test data [SHAFT_ENGINE is a Test Automation Engine that ... - GitHub]. @21-01-2022 01:29:40.0124 AM
[ReportManager] Assertion Failed: Asserting that the correct first result is displayed @21-01-2022 01:29:40.0124 AM
[ReportManager] Assertion [ValidateEquals] FAILED. Expected [MohabMohie] and Actual [SHAFT_ENGINE is a Test Automation Engine that ... - GitHub]. Comparison Type [CONTAINS]. Validation Type [POSITIVE]. @21-01-2022 01:29:40.0125 A
[ReportManager] Browser Action [CloseCurrentWindow] successfully performed. @21-01-2022 01:29:40.0405 AM
[ReportManager] Successfully created attachment [Browser Action Test Data - CloseCurrentWindow - Actual Value] @21-01-2022 01:29:40.0407 A
[ReportManager] An Exception Occured with this Message: src/test/resources/testDataFiles/Google/SimpleSearch.xlsx (No such file or directory). @21-01-2022 01:29:40.0413 AM
[ReportManager] Successfully created attachment [Exception Stack Trace - java.io.FileNotFoundException] @21-01-2022 01:29:40.0413 AM
[ReportManager] Couldn't find the desired file. [src/test/resources/testDataFiles/Google/SimpleSearch.xlsx]. @21-01-2022 01:29:40.0415 A


################################################################################################################################################
Starting Execution:	[12 out of 23] test cases in the current suite
Test Method:		[tests.gui.google.E_Search_PageObjectModel_Traditional_SHAFTAssertions.navigateToGoogleHomeAndAssertGoogleLogoIsDisplayed]
###############################################################################################################################################



################################################################################################################################################
Starting Execution:	[13 out of 23] test cases in the current suite
Test Method:		[tests.gui.google.E_Search_PageObjectModel_Traditional_SHAFTAssertions.navigateToGoogleHomeAndAssertPageTitle]
###############################################################################################################################################



################################################################################################################################################
Starting Execution:	[14 out of 23] test cases in the current suite
Test Method:		[tests.gui.google.E_Search_PageObjectModel_Traditional_SHAFTAssertions.searchForQueryAndAssertFirstResultTextIsCorrect]
###############################################################################################################################################

[ReportManager] An Exception Occured with this Message: src/test/resources/testDataFiles/Google/SimpleSearch.xlsx (No such file or directory). @21-01-2022 01:29:40.0463 AM
[ReportManager] Successfully created attachment [Exception Stack Trace - java.io.FileNotFoundException] @21-01-2022 01:29:40.0463 AM
[ReportManager] Couldn't find the desired file. [src/test/resources/testDataFiles/Google/SimpleSearch.xlsx]. @21-01-2022 01:29:40.0464 A


################################################################################################################################################
Starting Execution:	[15 out of 23] test cases in the current suite
Test Method:		[tests.gui.google.G_Search_PageObjectModel_ThreadSafe.navigateToGoogleHomeAndAssertGoogleLogoIsDisplayed]
###############################################################################################################################################



################################################################################################################################################
Starting Execution:	[16 out of 23] test cases in the current suite
Test Method:		[tests.gui.google.G_Search_PageObjectModel_ThreadSafe.navigateToGoogleHomeAndAssertPageTitle]
###############################################################################################################################################



################################################################################################################################################
Starting Execution:	[17 out of 23] test cases in the current suite
Test Method:		[tests.gui.google.G_Search_PageObjectModel_ThreadSafe.searchForQueryAndAssertFirstResultTextIsCorrect]
###############################################################################################################################################

[ReportManager] An Exception Occured with this Message: src/test/resources/testDataFiles/Google/SimpleSearch.xlsx (No such file or directory). @21-01-2022 01:29:40.0500 AM
[ReportManager] Successfully created attachment [Exception Stack Trace - java.io.FileNotFoundException] @21-01-2022 01:29:40.0500 AM
[ReportManager] Couldn't find the desired file. [src/test/resources/testDataFiles/Google/SimpleSearch.xlsx]. @21-01-2022 01:29:40.0501 A


################################################################################################################################################
Starting Execution:	[18 out of 23] test cases in the current suite
Test Method:		[tests.gui.google.D_Search_PageObjectModel_Traditional_DataDriven.navigateToGoogleHomeAndAssertGoogleLogoIsDisplayed]
###############################################################################################################################################



################################################################################################################################################
Starting Execution:	[19 out of 23] test cases in the current suite
Test Method:		[tests.gui.google.D_Search_PageObjectModel_Traditional_DataDriven.navigateToGoogleHomeAndAssertPageTitle]
###############################################################################################################################################



################################################################################################################################################
Starting Execution:	[20 out of 23] test cases in the current suite
Test Method:		[tests.gui.google.D_Search_PageObjectModel_Traditional_DataDriven.searchForQueryAndAssertFirstResultTextIsCorrect]
###############################################################################################################################################




################################################################################################################################################
Starting Execution:	[21 out of 23] test cases in the current suite
Test Method:		[tests.gui.google.A_Search_FlatTest_NativeSeleniumWebDriver.navigateToGoogleHomeAndAssertGoogleLogoIsDisplayed]
###############################################################################################################################################



################################################################################################################################################
Starting Execution:	[22 out of 23] test cases in the current suite
Test Method:		[tests.gui.google.A_Search_FlatTest_NativeSeleniumWebDriver.navigateToGoogleHomeAndAssertPageTitle]
###############################################################################################################################################



################################################################################################################################################
Starting Execution:	[23 out of 23] test cases in the current suite
Test Method:		[tests.gui.google.A_Search_FlatTest_NativeSeleniumWebDriver.searchForQueryAndAssertFirstResultTextIsCorrect]
###############################################################################################################################################

[ReportManager] Successfully created attachment [SHAFT Engine Logs - Execution log] @21-01-2022 01:29:58.0870 AM

################################################################################################################################################
This test run was powered by SHAFT Engine Version: [SHAFT Engine v5.4.20211117-BETA]
SHAFT Engine is licensed under the MIT License: [https://github.com/MohabMohie/SHAFT_ENGINE/blob/master/LICENSE].
################################################################################################################################################