################################################################################################################################################
Detected SHAFT Engine Version: [SHAFT Engine v5.4.20211117-BETA]
################################################################################################################################################
[ReportManager] File Action [GetAbsolutePath] successfully performed. With the following test data [Relative Folder Path: "target/downloadedFiles/"]. @24-12-2021 06:39:47.0972 AM
[ReportManager] Attempting to run remotely on: [Linux-64], [GoogleChrome], [http://localhost:4444/wd/hub], Headless Execution. @24-12-2021 06:39:47.0986 AM
[ReportManager] Successfully Opened [GoogleChrome]. @24-12-2021 06:39:49.0916 AM
[ReportManager] Target URL: [https://www.google.com/ncr], and after redirection: [https://www.google.com] @24-12-2021 06:39:49.0925 AM
[ReportManager] Initial URL: [data:,] @24-12-2021 06:39:50.0074 AM
[ReportManager] Browser Action [NavigateToURL] successfully performed. With the following test data [https://www.google.com/ncr]. @24-12-2021 06:39:51.0453 A

################################################################################################################################################
Starting Execution:	[1 out of 23] test cases in the current suite
Test Method:		[tests.gui.google.B_Search_FlatTest_SHAFT.navigateToGoogleHomeAndAssertGoogleLogoIsDisplayed]
################################################################################################################################################
[ReportManager] File Action [DoesFileExist] successfully performed. With the following test data [File Path: "src/main/resources/dynamicObjectRepository/tests_gui_google_B_Search_FlatTest_SHAFT_navigateToGoogleHomeAndAssertGoogleLogoIsDisplayed_By_xpath_img_id_hplogo_or_alt_Google.png"]. @24-12-2021 06:39:51.0612 AM
[ReportManager] File Action [GetAbsolutePath] successfully performed. With the following test data [Relative Folder Path: "src/main/resources/dynamicObjectRepository/tests_gui_google_B_Search_FlatTest_SHAFT_navigateToGoogleHomeAndAssertGoogleLogoIsDisplayed_By_xpath_img_id_hplogo_or_alt_Google.png"]. @24-12-2021 06:39:51.0613 AM
[ReportManager] File Action [ReadFromImageFile] successfully performed. With the following test data [File Path: "/home/runner/work/io.github.alidorgham/io.github.alidorgham/src/main/resources/dynamicObjectRepository/tests_gui_google_B_Search_FlatTest_SHAFT_navigateToGoogleHomeAndAssertGoogleLogoIsDisplayed_By_xpath_img_id_hplogo_or_alt_Google.png"]. @24-12-2021 06:39:51.0613 AM
[ReportManager] File Action [DoesFileExist] successfully performed. With the following test data [File Path: "src/main/resources/dynamicObjectRepository/tests_gui_google_B_Search_FlatTest_SHAFT_navigateToGoogleHomeAndAssertGoogleLogoIsDisplayed_By_xpath_img_id_hplogo_or_alt_Google.png"]. @24-12-2021 06:39:51.0954 AM
[ReportManager] File Action [DoesFileExist] successfully performed. With the following test data [File Path: "src/main/resources/dynamicObjectRepository/tests_gui_google_B_Search_FlatTest_SHAFT_navigateToGoogleHomeAndAssertGoogleLogoIsDisplayed_By_xpath_img_id_hplogo_or_alt_Google.png"]. @24-12-2021 06:39:51.0955 AM
[ReportManager] Loaded Shared OpenCV @24-12-2021 06:39:52.0397 AM
[ReportManager] Successfully identified the element using AI; OpenCV. @24-12-2021 06:39:52.0421 AM
[ReportManager] Assertion Passed: Asserting that the Google logo is displayed @24-12-2021 06:39:52.0423 AM
[ReportManager] Successfully created attachment [Validation Test Data - Reference Screenshot] @24-12-2021 06:39:52.0428 AM
[ReportManager] Successfully created attachment [Validation Test Data - Actual Screenshot] @24-12-2021 06:39:52.0428 AM
[ReportManager] Assertion [ValidateElementMatches] PASSED. Expected [Element should match the reference screenshot] and Actual [TRUE]. Comparison Type [EXACT_OPENCV]. Validation Type [POSITIVE]. @24-12-2021 06:39:52.0429 A
[ReportManager] Browser Action [CloseCurrentWindow] successfully performed. @24-12-2021 06:39:52.0617 AM
[ReportManager] Successfully created attachment [Browser Action Test Data - CloseCurrentWindow - Actual Value] @24-12-2021 06:39:52.0632 A
[ReportManager] File Action [GetAbsolutePath] successfully performed. With the following test data [Relative Folder Path: "target/downloadedFiles/"]. @24-12-2021 06:39:52.0644 AM
[ReportManager] Attempting to run remotely on: [Linux-64], [GoogleChrome], [http://localhost:4444/wd/hub], Headless Execution. @24-12-2021 06:39:52.0644 AM
[ReportManager] Successfully Opened [GoogleChrome]. @24-12-2021 06:39:53.0016 AM
[ReportManager] Target URL: [https://www.google.com/ncr], and after redirection: [https://www.google.com] @24-12-2021 06:39:53.0016 AM
[ReportManager] Initial URL: [data:,] @24-12-2021 06:39:53.0104 AM
[ReportManager] Browser Action [NavigateToURL] successfully performed. With the following test data [https://www.google.com/ncr]. @24-12-2021 06:39:54.0185 A

################################################################################################################################################
Starting Execution:	[2 out of 23] test cases in the current suite
Test Method:		[tests.gui.google.B_Search_FlatTest_SHAFT.navigateToGoogleHomeAndAssertPageTitle]
################################################################################################################################################
[ReportManager] Browser Action [GetCurrentWindowTitle] successfully performed. With the following test data [Google]. @24-12-2021 06:39:54.0249 AM
[ReportManager] Assertion Passed: Asserting that the page title is Google @24-12-2021 06:39:54.0883 AM
[ReportManager] Successfully created attachment [Screenshot - 1640327994473_navigateToGoogleHomeAndAssertPageTitle_ValidateBrowserAttribute_passed] @24-12-2021 06:39:54.0905 AM
[ReportManager] Assertion [ValidateBrowserAttribute] PASSED. Expected [Value Should be 'Google' for the 'Title' attribute] and Actual [Google]. Comparison Type [EQUALS]. Validation Type [POSITIVE]. @24-12-2021 06:39:54.0905 A
[ReportManager] Browser Action [CloseCurrentWindow] successfully performed. @24-12-2021 06:39:55.0079 AM
[ReportManager] Successfully created attachment [Browser Action Test Data - CloseCurrentWindow - Actual Value] @24-12-2021 06:39:55.0080 A
[ReportManager] File Action [GetAbsolutePath] successfully performed. With the following test data [Relative Folder Path: "target/downloadedFiles/"]. @24-12-2021 06:39:55.0090 AM
[ReportManager] Attempting to run remotely on: [Linux-64], [GoogleChrome], [http://localhost:4444/wd/hub], Headless Execution. @24-12-2021 06:39:55.0090 AM
[ReportManager] Successfully Opened [GoogleChrome]. @24-12-2021 06:39:55.0465 AM
[ReportManager] Target URL: [https://www.google.com/ncr], and after redirection: [https://www.google.com] @24-12-2021 06:39:55.0465 AM
[ReportManager] Initial URL: [data:,] @24-12-2021 06:39:55.0556 AM
[ReportManager] Browser Action [NavigateToURL] successfully performed. With the following test data [https://www.google.com/ncr]. @24-12-2021 06:39:56.0666 A

################################################################################################################################################
Starting Execution:	[3 out of 23] test cases in the current suite
Test Method:		[tests.gui.google.B_Search_FlatTest_SHAFT.searchForQueryAndAssertFirstResultTextIsCorrect]
################################################################################################################################################
[ReportManager] Element Action [Type] successfully performed. With the following test data [SHAFT_Engine]. @24-12-2021 06:39:57.0132 AM
[ReportManager] Element Action [KeyPress] successfully performed. With the following test data [ENTER]. @24-12-2021 06:39:58.0415 AM
[ReportManager] Element Action [GetText] successfully performed. With the following test data [SHAFT: Unified Test Automation Engine - GitHub]. @24-12-2021 06:39:58.0536 AM
[ReportManager] Loaded Shared OpenCV @24-12-2021 06:39:58.0918 AM
[ReportManager] Assertion Failed: Asserting that the correct first result is displayed @24-12-2021 06:39:59.0189 AM
[ReportManager] Successfully created attachment [Screenshot - 1640327998918_searchForQueryAndAssertFirstResultTextIsCorrect_ValidateElementAttribute_failed] @24-12-2021 06:39:59.0197 AM
[ReportManager] Assertion [ValidateElementAttribute] FAILED. Expected [Value Should be 'MohabMohie' for the 'Text' attribute, element locator 'By.xpath: (//h1[contains(text(),'Search Result')]/following-sibling::div//a/h3)[1]'] and Actual [SHAFT: Unified Test Automation Engine - GitHub]. Comparison Type [CONTAINS]. Validation Type [POSITIVE]. @24-12-2021 06:39:59.0197 A
[ReportManager] Browser Action [CloseCurrentWindow] successfully performed. @24-12-2021 06:39:59.0451 AM
[ReportManager] Successfully created attachment [Browser Action Test Data - CloseCurrentWindow - Actual Value] @24-12-2021 06:39:59.0476 A
[ReportManager] An Exception Occured with this Message: src/test/resources/testDataFiles/Google/SimpleSearch.xlsx (No such file or directory). @24-12-2021 06:39:59.0487 AM
[ReportManager] Successfully created attachment [Exception Stack Trace - java.io.FileNotFoundException] @24-12-2021 06:39:59.0487 AM
[ReportManager] Couldn't find the desired file. [src/test/resources/testDataFiles/Google/SimpleSearch.xlsx]. @24-12-2021 06:39:59.0488 A


################################################################################################################################################
Starting Execution:	[4 out of 23] test cases in the current suite
Test Method:		[tests.gui.google.G_Search_PageObjectModel_ThreadSafe.navigateToGoogleHomeAndAssertGoogleLogoIsDisplayed]
###############################################################################################################################################



################################################################################################################################################
Starting Execution:	[5 out of 23] test cases in the current suite
Test Method:		[tests.gui.google.G_Search_PageObjectModel_ThreadSafe.navigateToGoogleHomeAndAssertPageTitle]
###############################################################################################################################################



################################################################################################################################################
Starting Execution:	[6 out of 23] test cases in the current suite
Test Method:		[tests.gui.google.G_Search_PageObjectModel_ThreadSafe.searchForQueryAndAssertFirstResultTextIsCorrect]
###############################################################################################################################################

[ReportManager] File Action [GetAbsolutePath] successfully performed. With the following test data [Relative Folder Path: "target/downloadedFiles/"]. @24-12-2021 06:39:59.0519 AM
[ReportManager] Attempting to run remotely on: [Linux-64], [GoogleChrome], [http://localhost:4444/wd/hub], Headless Execution. @24-12-2021 06:39:59.0520 AM
[ReportManager] Successfully Opened [GoogleChrome]. @24-12-2021 06:39:59.0896 AM
[ReportManager] Target URL: [https://www.google.com/ncr], and after redirection: [https://www.google.com] @24-12-2021 06:39:59.0897 AM
[ReportManager] Initial URL: [data:,] @24-12-2021 06:39:59.0985 AM
[ReportManager] Browser Action [NavigateToURL] successfully performed. With the following test data [https://www.google.com/ncr]. @24-12-2021 06:40:00.0972 A

################################################################################################################################################
Starting Execution:	[7 out of 23] test cases in the current suite
Test Method:		[tests.gui.google.C_Search_PageObjectModel_Traditional.navigateToGoogleHomeAndAssertGoogleLogoIsDisplayed]
################################################################################################################################################
[ReportManager] Element Action [IsElementDisplayed] successfully performed. @24-12-2021 06:40:01.0099 AM
[ReportManager] Assertion Passed: Asserting that the Google logo is displayed @24-12-2021 06:40:01.0100 AM
[ReportManager] Assertion [ValidateTrue] PASSED. Expected [TRUE] and Actual [TRUE]. Validation Type [POSITIVE]. @24-12-2021 06:40:01.0100 A
[ReportManager] Browser Action [CloseCurrentWindow] successfully performed. @24-12-2021 06:40:01.0237 AM
[ReportManager] Successfully created attachment [Browser Action Test Data - CloseCurrentWindow - Actual Value] @24-12-2021 06:40:01.0238 A
[ReportManager] File Action [GetAbsolutePath] successfully performed. With the following test data [Relative Folder Path: "target/downloadedFiles/"]. @24-12-2021 06:40:01.0240 AM
[ReportManager] Attempting to run remotely on: [Linux-64], [GoogleChrome], [http://localhost:4444/wd/hub], Headless Execution. @24-12-2021 06:40:01.0241 AM
[ReportManager] Successfully Opened [GoogleChrome]. @24-12-2021 06:40:01.0451 AM
[ReportManager] Target URL: [https://www.google.com/ncr], and after redirection: [https://www.google.com] @24-12-2021 06:40:01.0451 AM
[ReportManager] Initial URL: [data:,] @24-12-2021 06:40:01.0523 AM
[ReportManager] Browser Action [NavigateToURL] successfully performed. With the following test data [https://www.google.com/ncr]. @24-12-2021 06:40:02.0596 A

################################################################################################################################################
Starting Execution:	[8 out of 23] test cases in the current suite
Test Method:		[tests.gui.google.C_Search_PageObjectModel_Traditional.navigateToGoogleHomeAndAssertPageTitle]
################################################################################################################################################
[ReportManager] Browser Action [GetCurrentWindowTitle] successfully performed. With the following test data [Google]. @24-12-2021 06:40:02.0641 AM
[ReportManager] Assertion Passed: Asserting that the page title is Google @24-12-2021 06:40:02.0642 AM
[ReportManager] Assertion [ValidateEquals] PASSED. Expected [Google] and Actual [Google]. Comparison Type [EQUALS]. Validation Type [POSITIVE]. @24-12-2021 06:40:02.0642 A
[ReportManager] Browser Action [CloseCurrentWindow] successfully performed. @24-12-2021 06:40:02.0789 AM
[ReportManager] Successfully created attachment [Browser Action Test Data - CloseCurrentWindow - Actual Value] @24-12-2021 06:40:02.0792 A
[ReportManager] File Action [GetAbsolutePath] successfully performed. With the following test data [Relative Folder Path: "target/downloadedFiles/"]. @24-12-2021 06:40:02.0799 AM
[ReportManager] Attempting to run remotely on: [Linux-64], [GoogleChrome], [http://localhost:4444/wd/hub], Headless Execution. @24-12-2021 06:40:02.0799 AM
[ReportManager] Successfully Opened [GoogleChrome]. @24-12-2021 06:40:03.0000 AM
[ReportManager] Target URL: [https://www.google.com/ncr], and after redirection: [https://www.google.com] @24-12-2021 06:40:03.0000 AM
[ReportManager] Initial URL: [data:,] @24-12-2021 06:40:03.0092 AM
[ReportManager] Browser Action [NavigateToURL] successfully performed. With the following test data [https://www.google.com/ncr]. @24-12-2021 06:40:04.0091 A

################################################################################################################################################
Starting Execution:	[9 out of 23] test cases in the current suite
Test Method:		[tests.gui.google.C_Search_PageObjectModel_Traditional.searchForQueryAndAssertFirstResultTextIsCorrect]
################################################################################################################################################
[ReportManager] Element Action [Type] successfully performed. With the following test data [SHAFT_Engine]. @24-12-2021 06:40:04.0505 AM
[ReportManager] Element Action [KeyPress] successfully performed. With the following test data [ENTER]. @24-12-2021 06:40:05.0720 AM
[ReportManager] Element Action [GetText] successfully performed. With the following test data [SHAFT: Unified Test Automation Engine - GitHub]. @24-12-2021 06:40:05.0844 AM
[ReportManager] Assertion Failed: Asserting that the correct first result is displayed @24-12-2021 06:40:05.0845 AM
[ReportManager] Assertion [ValidateEquals] FAILED. Expected [MohabMohie] and Actual [SHAFT: Unified Test Automation Engine - GitHub]. Comparison Type [CONTAINS]. Validation Type [POSITIVE]. @24-12-2021 06:40:05.0845 A
[ReportManager] Browser Action [CloseCurrentWindow] successfully performed. @24-12-2021 06:40:06.0083 AM
[ReportManager] Successfully created attachment [Browser Action Test Data - CloseCurrentWindow - Actual Value] @24-12-2021 06:40:06.0085 A
[ReportManager] An Exception Occured with this Message: src/test/resources/testDataFiles/Google/SimpleSearch.xlsx (No such file or directory). @24-12-2021 06:40:06.0094 AM
[ReportManager] Successfully created attachment [Exception Stack Trace - java.io.FileNotFoundException] @24-12-2021 06:40:06.0095 AM
[ReportManager] Couldn't find the desired file. [src/test/resources/testDataFiles/Google/SimpleSearch.xlsx]. @24-12-2021 06:40:06.0095 A


################################################################################################################################################
Starting Execution:	[10 out of 23] test cases in the current suite
Test Method:		[tests.gui.google.F_Search_PageObjectModel_Fluent.navigateToGoogleHomeAndAssertGoogleLogoIsDisplayed]
###############################################################################################################################################



################################################################################################################################################
Starting Execution:	[11 out of 23] test cases in the current suite
Test Method:		[tests.gui.google.F_Search_PageObjectModel_Fluent.navigateToGoogleHomeAndAssertPageTitle]
###############################################################################################################################################



################################################################################################################################################
Starting Execution:	[12 out of 23] test cases in the current suite
Test Method:		[tests.gui.google.F_Search_PageObjectModel_Fluent.searchForQueryAndAssertFirstResultTextIsCorrect]
###############################################################################################################################################

[ReportManager] An Exception Occured with this Message: src/test/resources/testDataFiles/Google/SimpleSearch.xlsx (No such file or directory). @24-12-2021 06:40:06.0116 AM
[ReportManager] Successfully created attachment [Exception Stack Trace - java.io.FileNotFoundException] @24-12-2021 06:40:06.0116 AM
[ReportManager] Couldn't find the desired file. [src/test/resources/testDataFiles/Google/SimpleSearch.xlsx]. @24-12-2021 06:40:06.0116 A


################################################################################################################################################
Starting Execution:	[13 out of 23] test cases in the current suite
Test Method:		[tests.gui.google.E_Search_PageObjectModel_Traditional_SHAFTAssertions.navigateToGoogleHomeAndAssertGoogleLogoIsDisplayed]
###############################################################################################################################################



################################################################################################################################################
Starting Execution:	[14 out of 23] test cases in the current suite
Test Method:		[tests.gui.google.E_Search_PageObjectModel_Traditional_SHAFTAssertions.navigateToGoogleHomeAndAssertPageTitle]
###############################################################################################################################################



################################################################################################################################################
Starting Execution:	[15 out of 23] test cases in the current suite
Test Method:		[tests.gui.google.E_Search_PageObjectModel_Traditional_SHAFTAssertions.searchForQueryAndAssertFirstResultTextIsCorrect]
###############################################################################################################################################

[ReportManager] An Exception Occured with this Message: src/test/resources/testDataFiles/Google/SimpleSearch.xlsx (No such file or directory). @24-12-2021 06:40:06.0137 AM
[ReportManager] Successfully created attachment [Exception Stack Trace - java.io.FileNotFoundException] @24-12-2021 06:40:06.0138 AM
[ReportManager] Couldn't find the desired file. [src/test/resources/testDataFiles/Google/SimpleSearch.xlsx]. @24-12-2021 06:40:06.0138 A


################################################################################################################################################
Starting Execution:	[16 out of 23] test cases in the current suite
Test Method:		[tests.gui.google.D_Search_PageObjectModel_Traditional_DataDriven.navigateToGoogleHomeAndAssertGoogleLogoIsDisplayed]
###############################################################################################################################################



################################################################################################################################################
Starting Execution:	[17 out of 23] test cases in the current suite
Test Method:		[tests.gui.google.D_Search_PageObjectModel_Traditional_DataDriven.navigateToGoogleHomeAndAssertPageTitle]
###############################################################################################################################################



################################################################################################################################################
Starting Execution:	[18 out of 23] test cases in the current suite
Test Method:		[tests.gui.google.D_Search_PageObjectModel_Traditional_DataDriven.searchForQueryAndAssertFirstResultTextIsCorrect]
###############################################################################################################################################




################################################################################################################################################
Starting Execution:	[19 out of 23] test cases in the current suite
Test Method:		[tests.gui.google.A_Search_FlatTest_NativeSeleniumWebDriver.navigateToGoogleHomeAndAssertGoogleLogoIsDisplayed]
###############################################################################################################################################



################################################################################################################################################
Starting Execution:	[20 out of 23] test cases in the current suite
Test Method:		[tests.gui.google.A_Search_FlatTest_NativeSeleniumWebDriver.navigateToGoogleHomeAndAssertPageTitle]
###############################################################################################################################################



################################################################################################################################################
Starting Execution:	[21 out of 23] test cases in the current suite
Test Method:		[tests.gui.google.A_Search_FlatTest_NativeSeleniumWebDriver.searchForQueryAndAssertFirstResultTextIsCorrect]
###############################################################################################################################################


################################################################################################################################################
Starting Execution:	[22 out of 23] test cases in the current suite
Test Method:		[tests.api.users.UserData.validateUserEmail]
################################################################################################################################################
[ReportManager] Response status code: [200], status line: [HTTP/1.1 200 OK] @24-12-2021 06:40:26.0308 AM
[ReportManager] Assertion Passed: Evaluating the actual response status code against the expected one... @24-12-2021 06:40:26.0312 AM
[ReportManager] Assertion [ValidateComparativeRelation] PASSED. Expected [200] and Actual [200]. Comparison Type [EQUALS]. Validation Type [POSITIVE]. @24-12-2021 06:40:26.0312 AM
[ReportManager] API Action [PerformRequest] successfully performed. With the following test data [Request Type: "GET" | Target Status Code: "200" | Service URL: "https://jsonplaceholder.typicode.com/users" | Content Type: "*/*" | Response Time: "712ms"]. @24-12-2021 06:40:27.0221 AM
[ReportManager] Successfully created attachment [API Request - Specifications] @24-12-2021 06:40:27.0221 AM
[ReportManager] Successfully created attachment [API Response - JSON Body] @24-12-2021 06:40:27.0424 AM
[ReportManager] Assertion [ValidateEquals] PASSED. Expected and Actual values are attached. Comparison Type [CONTAINS]. Validation Type [POSITIVE]. @24-12-2021 06:40:27.0424 AM
[ReportManager] Successfully created attachment [Validation Test Data - Expected Value] @24-12-2021 06:40:27.0425 AM
[ReportManager] Successfully created attachment [Validation Test Data - Actual Value] @24-12-2021 06:40:27.0425 AM
[ReportManager] API Action [GetResponseJSONValueAsList] successfully performed. With the following test data [$]. @24-12-2021 06:40:27.0445 AM
[ReportManager] API Action [GetResponseJSONValue] successfully performed. With the following test data [name]. @24-12-2021 06:40:27.0472 AM
[ReportManager] API Action [GetResponseJSONValue] successfully performed. With the following test data [email]. @24-12-2021 06:40:27.0491 AM
[ReportManager] Assertion [ValidateEquals] PASSED. Expected [Sincere@april.biz] and Actual [Sincere@april.biz]. Comparison Type [EQUALS]. Validation Type [POSITIVE]. @24-12-2021 06:40:27.0491 AM
[ReportManager] API Action [GetResponseJSONValue] successfully performed. With the following test data [name]. @24-12-2021 06:40:27.0515 AM
[ReportManager] API Action [GetResponseJSONValue] successfully performed. With the following test data [name]. @24-12-2021 06:40:27.0530 AM
[ReportManager] API Action [GetResponseJSONValue] successfully performed. With the following test data [name]. @24-12-2021 06:40:27.0546 AM
[ReportManager] API Action [GetResponseJSONValue] successfully performed. With the following test data [name]. @24-12-2021 06:40:27.0563 AM
[ReportManager] API Action [GetResponseJSONValue] successfully performed. With the following test data [name]. @24-12-2021 06:40:27.0580 AM
[ReportManager] API Action [GetResponseJSONValue] successfully performed. With the following test data [name]. @24-12-2021 06:40:27.0589 AM
[ReportManager] API Action [GetResponseJSONValue] successfully performed. With the following test data [name]. @24-12-2021 06:40:27.0598 AM
[ReportManager] API Action [GetResponseJSONValue] successfully performed. With the following test data [name]. @24-12-2021 06:40:27.0613 AM
[ReportManager] API Action [GetResponseJSONValue] successfully performed. With the following test data [name]. @24-12-2021 06:40:27.0627 A

################################################################################################################################################
Starting Execution:	[23 out of 23] test cases in the current suite
Test Method:		[tests.cli.demo.cliTest.sampleTestCase]
################################################################################################################################################
[ReportManager] Attempting to perform the following command locally. Command: [ls] @24-12-2021 06:40:27.0641 AM
[ReportManager] Terminal Action [PerformTerminalCommands] successfully performed. With the following test data [Host Name: "localHost" | Command: "ls" | Exit Status: "0"]. @24-12-2021 06:40:27.0646 AM
[ReportManager] Successfully created attachment [Terminal Action Actual Result - Command Log] @24-12-2021 06:40:27.0646 AM
[ReportManager] Assertion Passed: Demoing local terminal actions @24-12-2021 06:40:27.0647 AM
[ReportManager] Assertion [ValidateEquals] PASSED. Expected [pom.xml] and Actual [LICENSE
README.md
allure-results
docker-compose_native.yml
docker-compose_zalenium.yml
extent-reports
pom.xml
readMeImgs
src
target]. Comparison Type [CONTAINS]. Validation Type [POSITIVE]. @24-12-2021 06:40:27.0647 A
[ReportManager] Successfully created attachment [SHAFT Engine Logs - Execution log] @24-12-2021 06:40:27.0671 AM

################################################################################################################################################
This test run was powered by SHAFT Engine Version: [SHAFT Engine v5.4.20211117-BETA]
SHAFT Engine is licensed under the MIT License: [https://github.com/MohabMohie/SHAFT_ENGINE/blob/master/LICENSE].
################################################################################################################################################