################################################################################################################################################
Detected SHAFT Engine Version: [SHAFT Engine v5.4.20211117-BETA]
################################################################################################################################################
[ReportManager] File Action [GetAbsolutePath] successfully performed. With the following test data [Relative Folder Path: "target/downloadedFiles/"]. @18-12-2021 06:39:24.0021 AM
[ReportManager] Attempting to run remotely on: [Linux-64], [GoogleChrome], [http://localhost:4444/wd/hub], Headless Execution. @18-12-2021 06:39:24.0035 AM
[ReportManager] Successfully Opened [GoogleChrome]. @18-12-2021 06:39:25.0938 AM
[ReportManager] Target URL: [https://www.google.com/ncr], and after redirection: [https://www.google.com] @18-12-2021 06:39:25.0947 AM
[ReportManager] Initial URL: [data:,] @18-12-2021 06:39:26.0053 AM
[ReportManager] Browser Action [NavigateToURL] successfully performed. With the following test data [https://www.google.com/ncr]. @18-12-2021 06:39:27.0500 A

################################################################################################################################################
Starting Execution:	[1 out of 23] test cases in the current suite
Test Method:		[tests.gui.google.B_Search_FlatTest_SHAFT.navigateToGoogleHomeAndAssertGoogleLogoIsDisplayed]
################################################################################################################################################
[ReportManager] File Action [DoesFileExist] successfully performed. With the following test data [File Path: "src/main/resources/dynamicObjectRepository/tests_gui_google_B_Search_FlatTest_SHAFT_navigateToGoogleHomeAndAssertGoogleLogoIsDisplayed_By_xpath_img_id_hplogo_or_alt_Google.png"]. @18-12-2021 06:39:27.0730 AM
[ReportManager] File Action [GetAbsolutePath] successfully performed. With the following test data [Relative Folder Path: "src/main/resources/dynamicObjectRepository/tests_gui_google_B_Search_FlatTest_SHAFT_navigateToGoogleHomeAndAssertGoogleLogoIsDisplayed_By_xpath_img_id_hplogo_or_alt_Google.png"]. @18-12-2021 06:39:27.0730 AM
[ReportManager] File Action [ReadFromImageFile] successfully performed. With the following test data [File Path: "/home/runner/work/io.github.alidorgham/io.github.alidorgham/src/main/resources/dynamicObjectRepository/tests_gui_google_B_Search_FlatTest_SHAFT_navigateToGoogleHomeAndAssertGoogleLogoIsDisplayed_By_xpath_img_id_hplogo_or_alt_Google.png"]. @18-12-2021 06:39:27.0731 AM
[ReportManager] File Action [DoesFileExist] successfully performed. With the following test data [File Path: "src/main/resources/dynamicObjectRepository/tests_gui_google_B_Search_FlatTest_SHAFT_navigateToGoogleHomeAndAssertGoogleLogoIsDisplayed_By_xpath_img_id_hplogo_or_alt_Google.png"]. @18-12-2021 06:39:27.0994 AM
[ReportManager] File Action [DoesFileExist] successfully performed. With the following test data [File Path: "src/main/resources/dynamicObjectRepository/tests_gui_google_B_Search_FlatTest_SHAFT_navigateToGoogleHomeAndAssertGoogleLogoIsDisplayed_By_xpath_img_id_hplogo_or_alt_Google.png"]. @18-12-2021 06:39:27.0994 AM
[ReportManager] Loaded Shared OpenCV @18-12-2021 06:39:28.0410 AM
[ReportManager] Successfully identified the element using AI; OpenCV. @18-12-2021 06:39:28.0439 AM
[ReportManager] Assertion Passed: Asserting that the Google logo is displayed @18-12-2021 06:39:28.0442 AM
[ReportManager] Successfully created attachment [Validation Test Data - Reference Screenshot] @18-12-2021 06:39:28.0447 AM
[ReportManager] Successfully created attachment [Validation Test Data - Actual Screenshot] @18-12-2021 06:39:28.0448 AM
[ReportManager] Assertion [ValidateElementMatches] PASSED. Expected [Element should match the reference screenshot] and Actual [TRUE]. Comparison Type [EXACT_OPENCV]. Validation Type [POSITIVE]. @18-12-2021 06:39:28.0448 A
[ReportManager] Browser Action [CloseCurrentWindow] successfully performed. @18-12-2021 06:39:28.0637 AM
[ReportManager] Successfully created attachment [Browser Action Test Data - CloseCurrentWindow - Actual Value] @18-12-2021 06:39:28.0640 A
[ReportManager] File Action [GetAbsolutePath] successfully performed. With the following test data [Relative Folder Path: "target/downloadedFiles/"]. @18-12-2021 06:39:28.0658 AM
[ReportManager] Attempting to run remotely on: [Linux-64], [GoogleChrome], [http://localhost:4444/wd/hub], Headless Execution. @18-12-2021 06:39:28.0659 AM
[ReportManager] Successfully Opened [GoogleChrome]. @18-12-2021 06:39:29.0080 AM
[ReportManager] Target URL: [https://www.google.com/ncr], and after redirection: [https://www.google.com] @18-12-2021 06:39:29.0082 AM
[ReportManager] Initial URL: [data:,] @18-12-2021 06:39:29.0175 AM
[ReportManager] Browser Action [NavigateToURL] successfully performed. With the following test data [https://www.google.com/ncr]. @18-12-2021 06:39:30.0277 A

################################################################################################################################################
Starting Execution:	[2 out of 23] test cases in the current suite
Test Method:		[tests.gui.google.B_Search_FlatTest_SHAFT.navigateToGoogleHomeAndAssertPageTitle]
################################################################################################################################################
[ReportManager] Browser Action [GetCurrentWindowTitle] successfully performed. With the following test data [Google]. @18-12-2021 06:39:30.0340 AM
[ReportManager] Assertion Passed: Asserting that the page title is Google @18-12-2021 06:39:31.0034 AM
[ReportManager] Successfully created attachment [Screenshot - 1639809570588_navigateToGoogleHomeAndAssertPageTitle_ValidateBrowserAttribute_passed] @18-12-2021 06:39:31.0050 AM
[ReportManager] Assertion [ValidateBrowserAttribute] PASSED. Expected [Value Should be 'Google' for the 'Title' attribute] and Actual [Google]. Comparison Type [EQUALS]. Validation Type [POSITIVE]. @18-12-2021 06:39:31.0050 A
[ReportManager] Browser Action [CloseCurrentWindow] successfully performed. @18-12-2021 06:39:31.0202 AM
[ReportManager] Successfully created attachment [Browser Action Test Data - CloseCurrentWindow - Actual Value] @18-12-2021 06:39:31.0203 A
[ReportManager] File Action [GetAbsolutePath] successfully performed. With the following test data [Relative Folder Path: "target/downloadedFiles/"]. @18-12-2021 06:39:31.0210 AM
[ReportManager] Attempting to run remotely on: [Linux-64], [GoogleChrome], [http://localhost:4444/wd/hub], Headless Execution. @18-12-2021 06:39:31.0215 AM
[ReportManager] Successfully Opened [GoogleChrome]. @18-12-2021 06:39:31.0637 AM
[ReportManager] Target URL: [https://www.google.com/ncr], and after redirection: [https://www.google.com] @18-12-2021 06:39:31.0638 AM
[ReportManager] Initial URL: [data:,] @18-12-2021 06:39:31.0713 AM
[ReportManager] Browser Action [NavigateToURL] successfully performed. With the following test data [https://www.google.com/ncr]. @18-12-2021 06:39:32.0837 A

################################################################################################################################################
Starting Execution:	[3 out of 23] test cases in the current suite
Test Method:		[tests.gui.google.B_Search_FlatTest_SHAFT.searchForQueryAndAssertFirstResultTextIsCorrect]
################################################################################################################################################
[ReportManager] Element Action [Type] successfully performed. With the following test data [SHAFT_Engine]. @18-12-2021 06:39:33.0385 AM
[ReportManager] Element Action [KeyPress] successfully performed. With the following test data [ENTER]. @18-12-2021 06:39:34.0838 AM
[ReportManager] Element Action [GetText] successfully performed. With the following test data [SHAFT: Unified Test Automation Engine - GitHub]. @18-12-2021 06:39:34.0959 AM
[ReportManager] Loaded Shared OpenCV @18-12-2021 06:39:35.0367 AM
[ReportManager] Assertion Failed: Asserting that the correct first result is displayed @18-12-2021 06:39:35.0580 AM
[ReportManager] Successfully created attachment [Screenshot - 1639809575367_searchForQueryAndAssertFirstResultTextIsCorrect_ValidateElementAttribute_failed] @18-12-2021 06:39:35.0588 AM
[ReportManager] Assertion [ValidateElementAttribute] FAILED. Expected [Value Should be 'MohabMohie' for the 'Text' attribute, element locator 'By.xpath: (//h1[contains(text(),'Search Result')]/following-sibling::div//a/h3)[1]'] and Actual [SHAFT: Unified Test Automation Engine - GitHub]. Comparison Type [CONTAINS]. Validation Type [POSITIVE]. @18-12-2021 06:39:35.0588 A
[ReportManager] Browser Action [CloseCurrentWindow] successfully performed. @18-12-2021 06:39:35.0853 AM
[ReportManager] Successfully created attachment [Browser Action Test Data - CloseCurrentWindow - Actual Value] @18-12-2021 06:39:35.0875 A
[ReportManager] An Exception Occured with this Message: src/test/resources/testDataFiles/Google/SimpleSearch.xlsx (No such file or directory). @18-12-2021 06:39:35.0887 AM
[ReportManager] Successfully created attachment [Exception Stack Trace - java.io.FileNotFoundException] @18-12-2021 06:39:35.0887 AM
[ReportManager] Couldn't find the desired file. [src/test/resources/testDataFiles/Google/SimpleSearch.xlsx]. @18-12-2021 06:39:35.0888 A


################################################################################################################################################
Starting Execution:	[4 out of 23] test cases in the current suite
Test Method:		[tests.gui.google.G_Search_PageObjectModel_ThreadSafe.navigateToGoogleHomeAndAssertGoogleLogoIsDisplayed]
###############################################################################################################################################



################################################################################################################################################
Starting Execution:	[5 out of 23] test cases in the current suite
Test Method:		[tests.gui.google.G_Search_PageObjectModel_ThreadSafe.navigateToGoogleHomeAndAssertPageTitle]
###############################################################################################################################################



################################################################################################################################################
Starting Execution:	[6 out of 23] test cases in the current suite
Test Method:		[tests.gui.google.G_Search_PageObjectModel_ThreadSafe.searchForQueryAndAssertFirstResultTextIsCorrect]
###############################################################################################################################################

[ReportManager] File Action [GetAbsolutePath] successfully performed. With the following test data [Relative Folder Path: "target/downloadedFiles/"]. @18-12-2021 06:39:35.0904 AM
[ReportManager] Attempting to run remotely on: [Linux-64], [GoogleChrome], [http://localhost:4444/wd/hub], Headless Execution. @18-12-2021 06:39:35.0906 AM
[ReportManager] Successfully Opened [GoogleChrome]. @18-12-2021 06:39:36.0308 AM
[ReportManager] Target URL: [https://www.google.com/ncr], and after redirection: [https://www.google.com] @18-12-2021 06:39:36.0313 AM
[ReportManager] Initial URL: [data:,] @18-12-2021 06:39:36.0411 AM
[ReportManager] Browser Action [NavigateToURL] successfully performed. With the following test data [https://www.google.com/ncr]. @18-12-2021 06:39:37.0451 A

################################################################################################################################################
Starting Execution:	[7 out of 23] test cases in the current suite
Test Method:		[tests.gui.google.C_Search_PageObjectModel_Traditional.navigateToGoogleHomeAndAssertGoogleLogoIsDisplayed]
################################################################################################################################################
[ReportManager] Element Action [IsElementDisplayed] successfully performed. @18-12-2021 06:39:37.0586 AM
[ReportManager] Assertion Passed: Asserting that the Google logo is displayed @18-12-2021 06:39:37.0586 AM
[ReportManager] Assertion [ValidateTrue] PASSED. Expected [TRUE] and Actual [TRUE]. Validation Type [POSITIVE]. @18-12-2021 06:39:37.0586 A
[ReportManager] Browser Action [CloseCurrentWindow] successfully performed. @18-12-2021 06:39:37.0707 AM
[ReportManager] Successfully created attachment [Browser Action Test Data - CloseCurrentWindow - Actual Value] @18-12-2021 06:39:37.0708 A
[ReportManager] File Action [GetAbsolutePath] successfully performed. With the following test data [Relative Folder Path: "target/downloadedFiles/"]. @18-12-2021 06:39:37.0712 AM
[ReportManager] Attempting to run remotely on: [Linux-64], [GoogleChrome], [http://localhost:4444/wd/hub], Headless Execution. @18-12-2021 06:39:37.0712 AM
[ReportManager] Successfully Opened [GoogleChrome]. @18-12-2021 06:39:37.0976 AM
[ReportManager] Target URL: [https://www.google.com/ncr], and after redirection: [https://www.google.com] @18-12-2021 06:39:37.0977 AM
[ReportManager] Initial URL: [data:,] @18-12-2021 06:39:38.0045 AM
[ReportManager] Browser Action [NavigateToURL] successfully performed. With the following test data [https://www.google.com/ncr]. @18-12-2021 06:39:39.0132 A

################################################################################################################################################
Starting Execution:	[8 out of 23] test cases in the current suite
Test Method:		[tests.gui.google.C_Search_PageObjectModel_Traditional.navigateToGoogleHomeAndAssertPageTitle]
################################################################################################################################################
[ReportManager] Browser Action [GetCurrentWindowTitle] successfully performed. With the following test data [Google]. @18-12-2021 06:39:39.0180 AM
[ReportManager] Assertion Passed: Asserting that the page title is Google @18-12-2021 06:39:39.0181 AM
[ReportManager] Assertion [ValidateEquals] PASSED. Expected [Google] and Actual [Google]. Comparison Type [EQUALS]. Validation Type [POSITIVE]. @18-12-2021 06:39:39.0181 A
[ReportManager] Browser Action [CloseCurrentWindow] successfully performed. @18-12-2021 06:39:39.0321 AM
[ReportManager] Successfully created attachment [Browser Action Test Data - CloseCurrentWindow - Actual Value] @18-12-2021 06:39:39.0322 A
[ReportManager] File Action [GetAbsolutePath] successfully performed. With the following test data [Relative Folder Path: "target/downloadedFiles/"]. @18-12-2021 06:39:39.0328 AM
[ReportManager] Attempting to run remotely on: [Linux-64], [GoogleChrome], [http://localhost:4444/wd/hub], Headless Execution. @18-12-2021 06:39:39.0329 AM
[ReportManager] Successfully Opened [GoogleChrome]. @18-12-2021 06:39:39.0547 AM
[ReportManager] Target URL: [https://www.google.com/ncr], and after redirection: [https://www.google.com] @18-12-2021 06:39:39.0548 AM
[ReportManager] Initial URL: [data:,] @18-12-2021 06:39:39.0640 AM
[ReportManager] Browser Action [NavigateToURL] successfully performed. With the following test data [https://www.google.com/ncr]. @18-12-2021 06:39:40.0607 A

################################################################################################################################################
Starting Execution:	[9 out of 23] test cases in the current suite
Test Method:		[tests.gui.google.C_Search_PageObjectModel_Traditional.searchForQueryAndAssertFirstResultTextIsCorrect]
################################################################################################################################################
[ReportManager] Element Action [Type] successfully performed. With the following test data [SHAFT_Engine]. @18-12-2021 06:39:41.0123 AM
[ReportManager] Element Action [KeyPress] successfully performed. With the following test data [ENTER]. @18-12-2021 06:39:42.0458 AM
[ReportManager] Element Action [GetText] successfully performed. With the following test data [SHAFT: Unified Test Automation Engine - GitHub]. @18-12-2021 06:39:42.0570 AM
[ReportManager] Assertion Failed: Asserting that the correct first result is displayed @18-12-2021 06:39:42.0570 AM
[ReportManager] Assertion [ValidateEquals] FAILED. Expected [MohabMohie] and Actual [SHAFT: Unified Test Automation Engine - GitHub]. Comparison Type [CONTAINS]. Validation Type [POSITIVE]. @18-12-2021 06:39:42.0570 A
[ReportManager] Browser Action [CloseCurrentWindow] successfully performed. @18-12-2021 06:39:42.0809 AM
[ReportManager] Successfully created attachment [Browser Action Test Data - CloseCurrentWindow - Actual Value] @18-12-2021 06:39:42.0811 A
[ReportManager] An Exception Occured with this Message: src/test/resources/testDataFiles/Google/SimpleSearch.xlsx (No such file or directory). @18-12-2021 06:39:42.0817 AM
[ReportManager] Successfully created attachment [Exception Stack Trace - java.io.FileNotFoundException] @18-12-2021 06:39:42.0817 AM
[ReportManager] Couldn't find the desired file. [src/test/resources/testDataFiles/Google/SimpleSearch.xlsx]. @18-12-2021 06:39:42.0817 A


################################################################################################################################################
Starting Execution:	[10 out of 23] test cases in the current suite
Test Method:		[tests.gui.google.F_Search_PageObjectModel_Fluent.navigateToGoogleHomeAndAssertGoogleLogoIsDisplayed]
###############################################################################################################################################



################################################################################################################################################
Starting Execution:	[11 out of 23] test cases in the current suite
Test Method:		[tests.gui.google.F_Search_PageObjectModel_Fluent.navigateToGoogleHomeAndAssertPageTitle]
###############################################################################################################################################



################################################################################################################################################
Starting Execution:	[12 out of 23] test cases in the current suite
Test Method:		[tests.gui.google.F_Search_PageObjectModel_Fluent.searchForQueryAndAssertFirstResultTextIsCorrect]
###############################################################################################################################################

[ReportManager] An Exception Occured with this Message: src/test/resources/testDataFiles/Google/SimpleSearch.xlsx (No such file or directory). @18-12-2021 06:39:42.0843 AM
[ReportManager] Successfully created attachment [Exception Stack Trace - java.io.FileNotFoundException] @18-12-2021 06:39:42.0843 AM
[ReportManager] Couldn't find the desired file. [src/test/resources/testDataFiles/Google/SimpleSearch.xlsx]. @18-12-2021 06:39:42.0843 A


################################################################################################################################################
Starting Execution:	[13 out of 23] test cases in the current suite
Test Method:		[tests.gui.google.E_Search_PageObjectModel_Traditional_SHAFTAssertions.navigateToGoogleHomeAndAssertGoogleLogoIsDisplayed]
###############################################################################################################################################



################################################################################################################################################
Starting Execution:	[14 out of 23] test cases in the current suite
Test Method:		[tests.gui.google.E_Search_PageObjectModel_Traditional_SHAFTAssertions.navigateToGoogleHomeAndAssertPageTitle]
###############################################################################################################################################



################################################################################################################################################
Starting Execution:	[15 out of 23] test cases in the current suite
Test Method:		[tests.gui.google.E_Search_PageObjectModel_Traditional_SHAFTAssertions.searchForQueryAndAssertFirstResultTextIsCorrect]
###############################################################################################################################################

[ReportManager] An Exception Occured with this Message: src/test/resources/testDataFiles/Google/SimpleSearch.xlsx (No such file or directory). @18-12-2021 06:39:42.0876 AM
[ReportManager] Successfully created attachment [Exception Stack Trace - java.io.FileNotFoundException] @18-12-2021 06:39:42.0876 AM
[ReportManager] Couldn't find the desired file. [src/test/resources/testDataFiles/Google/SimpleSearch.xlsx]. @18-12-2021 06:39:42.0879 A


################################################################################################################################################
Starting Execution:	[16 out of 23] test cases in the current suite
Test Method:		[tests.gui.google.D_Search_PageObjectModel_Traditional_DataDriven.navigateToGoogleHomeAndAssertGoogleLogoIsDisplayed]
###############################################################################################################################################



################################################################################################################################################
Starting Execution:	[17 out of 23] test cases in the current suite
Test Method:		[tests.gui.google.D_Search_PageObjectModel_Traditional_DataDriven.navigateToGoogleHomeAndAssertPageTitle]
###############################################################################################################################################



################################################################################################################################################
Starting Execution:	[18 out of 23] test cases in the current suite
Test Method:		[tests.gui.google.D_Search_PageObjectModel_Traditional_DataDriven.searchForQueryAndAssertFirstResultTextIsCorrect]
###############################################################################################################################################




################################################################################################################################################
Starting Execution:	[19 out of 23] test cases in the current suite
Test Method:		[tests.gui.google.A_Search_FlatTest_NativeSeleniumWebDriver.navigateToGoogleHomeAndAssertGoogleLogoIsDisplayed]
###############################################################################################################################################



################################################################################################################################################
Starting Execution:	[20 out of 23] test cases in the current suite
Test Method:		[tests.gui.google.A_Search_FlatTest_NativeSeleniumWebDriver.navigateToGoogleHomeAndAssertPageTitle]
###############################################################################################################################################



################################################################################################################################################
Starting Execution:	[21 out of 23] test cases in the current suite
Test Method:		[tests.gui.google.A_Search_FlatTest_NativeSeleniumWebDriver.searchForQueryAndAssertFirstResultTextIsCorrect]
###############################################################################################################################################


################################################################################################################################################
Starting Execution:	[22 out of 23] test cases in the current suite
Test Method:		[tests.api.users.UserData.validateUserEmail]
################################################################################################################################################
[ReportManager] Response status code: [200], status line: [HTTP/1.1 200 OK] @18-12-2021 06:40:09.0864 AM
[ReportManager] Assertion Passed: Evaluating the actual response status code against the expected one... @18-12-2021 06:40:09.0869 AM
[ReportManager] Assertion [ValidateComparativeRelation] PASSED. Expected [200] and Actual [200]. Comparison Type [EQUALS]. Validation Type [POSITIVE]. @18-12-2021 06:40:09.0869 AM
[ReportManager] API Action [PerformRequest] successfully performed. With the following test data [Request Type: "GET" | Target Status Code: "200" | Service URL: "https://jsonplaceholder.typicode.com/users" | Content Type: "*/*" | Response Time: "576ms"]. @18-12-2021 06:40:10.0906 AM
[ReportManager] Successfully created attachment [API Request - Specifications] @18-12-2021 06:40:10.0909 AM
[ReportManager] Successfully created attachment [API Response - JSON Body] @18-12-2021 06:40:11.0175 AM
[ReportManager] Assertion [ValidateEquals] PASSED. Expected and Actual values are attached. Comparison Type [CONTAINS]. Validation Type [POSITIVE]. @18-12-2021 06:40:11.0176 AM
[ReportManager] Successfully created attachment [Validation Test Data - Expected Value] @18-12-2021 06:40:11.0176 AM
[ReportManager] Successfully created attachment [Validation Test Data - Actual Value] @18-12-2021 06:40:11.0176 AM
[ReportManager] API Action [GetResponseJSONValueAsList] successfully performed. With the following test data [$]. @18-12-2021 06:40:11.0201 AM
[ReportManager] API Action [GetResponseJSONValue] successfully performed. With the following test data [name]. @18-12-2021 06:40:11.0233 AM
[ReportManager] API Action [GetResponseJSONValue] successfully performed. With the following test data [email]. @18-12-2021 06:40:11.0261 AM
[ReportManager] Assertion [ValidateEquals] PASSED. Expected [Sincere@april.biz] and Actual [Sincere@april.biz]. Comparison Type [EQUALS]. Validation Type [POSITIVE]. @18-12-2021 06:40:11.0261 AM
[ReportManager] API Action [GetResponseJSONValue] successfully performed. With the following test data [name]. @18-12-2021 06:40:11.0283 AM
[ReportManager] API Action [GetResponseJSONValue] successfully performed. With the following test data [name]. @18-12-2021 06:40:11.0308 AM
[ReportManager] API Action [GetResponseJSONValue] successfully performed. With the following test data [name]. @18-12-2021 06:40:11.0322 AM
[ReportManager] API Action [GetResponseJSONValue] successfully performed. With the following test data [name]. @18-12-2021 06:40:11.0343 AM
[ReportManager] API Action [GetResponseJSONValue] successfully performed. With the following test data [name]. @18-12-2021 06:40:11.0363 AM
[ReportManager] API Action [GetResponseJSONValue] successfully performed. With the following test data [name]. @18-12-2021 06:40:11.0384 AM
[ReportManager] API Action [GetResponseJSONValue] successfully performed. With the following test data [name]. @18-12-2021 06:40:11.0413 AM
[ReportManager] API Action [GetResponseJSONValue] successfully performed. With the following test data [name]. @18-12-2021 06:40:11.0428 AM
[ReportManager] API Action [GetResponseJSONValue] successfully performed. With the following test data [name]. @18-12-2021 06:40:11.0441 A

################################################################################################################################################
Starting Execution:	[23 out of 23] test cases in the current suite
Test Method:		[tests.cli.demo.cliTest.sampleTestCase]
################################################################################################################################################
[ReportManager] Attempting to perform the following command locally. Command: [ls] @18-12-2021 06:40:11.0454 AM
[ReportManager] Terminal Action [PerformTerminalCommands] successfully performed. With the following test data [Host Name: "localHost" | Command: "ls" | Exit Status: "0"]. @18-12-2021 06:40:11.0458 AM
[ReportManager] Successfully created attachment [Terminal Action Actual Result - Command Log] @18-12-2021 06:40:11.0458 AM
[ReportManager] Assertion Passed: Demoing local terminal actions @18-12-2021 06:40:11.0458 AM
[ReportManager] Assertion [ValidateEquals] PASSED. Expected [pom.xml] and Actual [LICENSE
README.md
allure-results
docker-compose_native.yml
docker-compose_zalenium.yml
extent-reports
pom.xml
readMeImgs
src
target]. Comparison Type [CONTAINS]. Validation Type [POSITIVE]. @18-12-2021 06:40:11.0459 A
[ReportManager] Successfully created attachment [SHAFT Engine Logs - Execution log] @18-12-2021 06:40:11.0483 AM

################################################################################################################################################
This test run was powered by SHAFT Engine Version: [SHAFT Engine v5.4.20211117-BETA]
SHAFT Engine is licensed under the MIT License: [https://github.com/MohabMohie/SHAFT_ENGINE/blob/master/LICENSE].
################################################################################################################################################