################################################################################################################################################
Detected SHAFT Engine Version: [SHAFT Engine v5.4.20211117-BETA]
################################################################################################################################################
[ReportManager] File Action [GetAbsolutePath] successfully performed. With the following test data [Relative Folder Path: "target/downloadedFiles/"]. @05-01-2022 06:40:05.0983 AM
[ReportManager] Attempting to run remotely on: [Linux-64], [GoogleChrome], [http://localhost:4444/wd/hub], Headless Execution. @05-01-2022 06:40:05.0994 AM
[ReportManager] Successfully Opened [GoogleChrome]. @05-01-2022 06:40:07.0644 AM
[ReportManager] Target URL: [https://www.google.com/ncr], and after redirection: [https://www.google.com] @05-01-2022 06:40:07.0653 AM
[ReportManager] Initial URL: [data:,] @05-01-2022 06:40:07.0779 AM
[ReportManager] Browser Action [NavigateToURL] successfully performed. With the following test data [https://www.google.com/ncr]. @05-01-2022 06:40:09.0062 A

################################################################################################################################################
Starting Execution:	[1 out of 23] test cases in the current suite
Test Method:		[tests.gui.google.B_Search_FlatTest_SHAFT.navigateToGoogleHomeAndAssertGoogleLogoIsDisplayed]
################################################################################################################################################
[ReportManager] File Action [DoesFileExist] successfully performed. With the following test data [File Path: "src/main/resources/dynamicObjectRepository/tests_gui_google_B_Search_FlatTest_SHAFT_navigateToGoogleHomeAndAssertGoogleLogoIsDisplayed_By_xpath_img_id_hplogo_or_alt_Google.png"]. @05-01-2022 06:40:09.0210 AM
[ReportManager] File Action [GetAbsolutePath] successfully performed. With the following test data [Relative Folder Path: "src/main/resources/dynamicObjectRepository/tests_gui_google_B_Search_FlatTest_SHAFT_navigateToGoogleHomeAndAssertGoogleLogoIsDisplayed_By_xpath_img_id_hplogo_or_alt_Google.png"]. @05-01-2022 06:40:09.0210 AM
[ReportManager] File Action [ReadFromImageFile] successfully performed. With the following test data [File Path: "/home/runner/work/io.github.alidorgham/io.github.alidorgham/src/main/resources/dynamicObjectRepository/tests_gui_google_B_Search_FlatTest_SHAFT_navigateToGoogleHomeAndAssertGoogleLogoIsDisplayed_By_xpath_img_id_hplogo_or_alt_Google.png"]. @05-01-2022 06:40:09.0211 AM
[ReportManager] File Action [DoesFileExist] successfully performed. With the following test data [File Path: "src/main/resources/dynamicObjectRepository/tests_gui_google_B_Search_FlatTest_SHAFT_navigateToGoogleHomeAndAssertGoogleLogoIsDisplayed_By_xpath_img_id_hplogo_or_alt_Google.png"]. @05-01-2022 06:40:09.0485 AM
[ReportManager] File Action [DoesFileExist] successfully performed. With the following test data [File Path: "src/main/resources/dynamicObjectRepository/tests_gui_google_B_Search_FlatTest_SHAFT_navigateToGoogleHomeAndAssertGoogleLogoIsDisplayed_By_xpath_img_id_hplogo_or_alt_Google.png"]. @05-01-2022 06:40:09.0485 AM
[ReportManager] Loaded Shared OpenCV @05-01-2022 06:40:09.0918 AM
[ReportManager] Successfully identified the element using AI; OpenCV. @05-01-2022 06:40:09.0934 AM
[ReportManager] Assertion Passed: Asserting that the Google logo is displayed @05-01-2022 06:40:09.0936 AM
[ReportManager] Successfully created attachment [Validation Test Data - Reference Screenshot] @05-01-2022 06:40:09.0941 AM
[ReportManager] Successfully created attachment [Validation Test Data - Actual Screenshot] @05-01-2022 06:40:09.0941 AM
[ReportManager] Assertion [ValidateElementMatches] PASSED. Expected [Element should match the reference screenshot] and Actual [TRUE]. Comparison Type [EXACT_OPENCV]. Validation Type [POSITIVE]. @05-01-2022 06:40:09.0941 A
[ReportManager] Browser Action [CloseCurrentWindow] successfully performed. @05-01-2022 06:40:10.0144 AM
[ReportManager] Successfully created attachment [Browser Action Test Data - CloseCurrentWindow - Actual Value] @05-01-2022 06:40:10.0153 A
[ReportManager] File Action [GetAbsolutePath] successfully performed. With the following test data [Relative Folder Path: "target/downloadedFiles/"]. @05-01-2022 06:40:10.0165 AM
[ReportManager] Attempting to run remotely on: [Linux-64], [GoogleChrome], [http://localhost:4444/wd/hub], Headless Execution. @05-01-2022 06:40:10.0166 AM
[ReportManager] Successfully Opened [GoogleChrome]. @05-01-2022 06:40:10.0615 AM
[ReportManager] Target URL: [https://www.google.com/ncr], and after redirection: [https://www.google.com] @05-01-2022 06:40:10.0616 AM
[ReportManager] Initial URL: [data:,] @05-01-2022 06:40:10.0700 AM
[ReportManager] Browser Action [NavigateToURL] successfully performed. With the following test data [https://www.google.com/ncr]. @05-01-2022 06:40:11.0655 A

################################################################################################################################################
Starting Execution:	[2 out of 23] test cases in the current suite
Test Method:		[tests.gui.google.B_Search_FlatTest_SHAFT.navigateToGoogleHomeAndAssertPageTitle]
################################################################################################################################################
[ReportManager] Browser Action [GetCurrentWindowTitle] successfully performed. With the following test data [Google]. @05-01-2022 06:40:11.0715 AM
[ReportManager] Assertion Passed: Asserting that the page title is Google @05-01-2022 06:40:12.0367 AM
[ReportManager] Successfully created attachment [Screenshot - 1641364811910_navigateToGoogleHomeAndAssertPageTitle_ValidateBrowserAttribute_passed] @05-01-2022 06:40:12.0382 AM
[ReportManager] Assertion [ValidateBrowserAttribute] PASSED. Expected [Value Should be 'Google' for the 'Title' attribute] and Actual [Google]. Comparison Type [EQUALS]. Validation Type [POSITIVE]. @05-01-2022 06:40:12.0382 A
[ReportManager] Browser Action [CloseCurrentWindow] successfully performed. @05-01-2022 06:40:12.0535 AM
[ReportManager] Successfully created attachment [Browser Action Test Data - CloseCurrentWindow - Actual Value] @05-01-2022 06:40:12.0536 A
[ReportManager] File Action [GetAbsolutePath] successfully performed. With the following test data [Relative Folder Path: "target/downloadedFiles/"]. @05-01-2022 06:40:12.0549 AM
[ReportManager] Attempting to run remotely on: [Linux-64], [GoogleChrome], [http://localhost:4444/wd/hub], Headless Execution. @05-01-2022 06:40:12.0550 AM
[ReportManager] Successfully Opened [GoogleChrome]. @05-01-2022 06:40:12.0978 AM
[ReportManager] Target URL: [https://www.google.com/ncr], and after redirection: [https://www.google.com] @05-01-2022 06:40:12.0978 AM
[ReportManager] Initial URL: [data:,] @05-01-2022 06:40:13.0060 AM
[ReportManager] Browser Action [NavigateToURL] successfully performed. With the following test data [https://www.google.com/ncr]. @05-01-2022 06:40:14.0126 A

################################################################################################################################################
Starting Execution:	[3 out of 23] test cases in the current suite
Test Method:		[tests.gui.google.B_Search_FlatTest_SHAFT.searchForQueryAndAssertFirstResultTextIsCorrect]
################################################################################################################################################
[ReportManager] Element Action [Type] successfully performed. With the following test data [SHAFT_Engine]. @05-01-2022 06:40:14.0576 AM
[ReportManager] Element Action [KeyPress] successfully performed. With the following test data [ENTER]. @05-01-2022 06:40:16.0281 AM
[ReportManager] Element Action [GetText] successfully performed. With the following test data [SHAFT: Unified Test Automation Engine - GitHub]. @05-01-2022 06:40:16.0400 AM
[ReportManager] Loaded Shared OpenCV @05-01-2022 06:40:16.0740 AM
[ReportManager] Assertion Failed: Asserting that the correct first result is displayed @05-01-2022 06:40:16.0979 AM
[ReportManager] Successfully created attachment [Screenshot - 1641364816740_searchForQueryAndAssertFirstResultTextIsCorrect_ValidateElementAttribute_failed] @05-01-2022 06:40:16.0988 AM
[ReportManager] Assertion [ValidateElementAttribute] FAILED. Expected [Value Should be 'MohabMohie' for the 'Text' attribute, element locator 'By.xpath: (//h1[contains(text(),'Search Result')]/following-sibling::div//a/h3)[1]'] and Actual [SHAFT: Unified Test Automation Engine - GitHub]. Comparison Type [CONTAINS]. Validation Type [POSITIVE]. @05-01-2022 06:40:16.0988 A
[ReportManager] Browser Action [CloseCurrentWindow] successfully performed. @05-01-2022 06:40:17.0231 AM
[ReportManager] Successfully created attachment [Browser Action Test Data - CloseCurrentWindow - Actual Value] @05-01-2022 06:40:17.0256 A
[ReportManager] An Exception Occured with this Message: src/test/resources/testDataFiles/Google/SimpleSearch.xlsx (No such file or directory). @05-01-2022 06:40:17.0272 AM
[ReportManager] Successfully created attachment [Exception Stack Trace - java.io.FileNotFoundException] @05-01-2022 06:40:17.0273 AM
[ReportManager] Couldn't find the desired file. [src/test/resources/testDataFiles/Google/SimpleSearch.xlsx]. @05-01-2022 06:40:17.0273 A


################################################################################################################################################
Starting Execution:	[4 out of 23] test cases in the current suite
Test Method:		[tests.gui.google.G_Search_PageObjectModel_ThreadSafe.navigateToGoogleHomeAndAssertGoogleLogoIsDisplayed]
###############################################################################################################################################



################################################################################################################################################
Starting Execution:	[5 out of 23] test cases in the current suite
Test Method:		[tests.gui.google.G_Search_PageObjectModel_ThreadSafe.navigateToGoogleHomeAndAssertPageTitle]
###############################################################################################################################################



################################################################################################################################################
Starting Execution:	[6 out of 23] test cases in the current suite
Test Method:		[tests.gui.google.G_Search_PageObjectModel_ThreadSafe.searchForQueryAndAssertFirstResultTextIsCorrect]
###############################################################################################################################################

[ReportManager] File Action [GetAbsolutePath] successfully performed. With the following test data [Relative Folder Path: "target/downloadedFiles/"]. @05-01-2022 06:40:17.0315 AM
[ReportManager] Attempting to run remotely on: [Linux-64], [GoogleChrome], [http://localhost:4444/wd/hub], Headless Execution. @05-01-2022 06:40:17.0316 AM
[ReportManager] Successfully Opened [GoogleChrome]. @05-01-2022 06:40:17.0685 AM
[ReportManager] Target URL: [https://www.google.com/ncr], and after redirection: [https://www.google.com] @05-01-2022 06:40:17.0686 AM
[ReportManager] Initial URL: [data:,] @05-01-2022 06:40:17.0764 AM
[ReportManager] Browser Action [NavigateToURL] successfully performed. With the following test data [https://www.google.com/ncr]. @05-01-2022 06:40:18.0675 A

################################################################################################################################################
Starting Execution:	[7 out of 23] test cases in the current suite
Test Method:		[tests.gui.google.C_Search_PageObjectModel_Traditional.navigateToGoogleHomeAndAssertGoogleLogoIsDisplayed]
################################################################################################################################################
[ReportManager] Element Action [IsElementDisplayed] successfully performed. @05-01-2022 06:40:18.0818 AM
[ReportManager] Assertion Passed: Asserting that the Google logo is displayed @05-01-2022 06:40:18.0818 AM
[ReportManager] Assertion [ValidateTrue] PASSED. Expected [TRUE] and Actual [TRUE]. Validation Type [POSITIVE]. @05-01-2022 06:40:18.0818 A
[ReportManager] Browser Action [CloseCurrentWindow] successfully performed. @05-01-2022 06:40:18.0955 AM
[ReportManager] Successfully created attachment [Browser Action Test Data - CloseCurrentWindow - Actual Value] @05-01-2022 06:40:18.0955 A
[ReportManager] File Action [GetAbsolutePath] successfully performed. With the following test data [Relative Folder Path: "target/downloadedFiles/"]. @05-01-2022 06:40:18.0965 AM
[ReportManager] Attempting to run remotely on: [Linux-64], [GoogleChrome], [http://localhost:4444/wd/hub], Headless Execution. @05-01-2022 06:40:18.0966 AM
[ReportManager] Successfully Opened [GoogleChrome]. @05-01-2022 06:40:19.0207 AM
[ReportManager] Target URL: [https://www.google.com/ncr], and after redirection: [https://www.google.com] @05-01-2022 06:40:19.0207 AM
[ReportManager] Initial URL: [data:,] @05-01-2022 06:40:19.0278 AM
[ReportManager] Browser Action [NavigateToURL] successfully performed. With the following test data [https://www.google.com/ncr]. @05-01-2022 06:40:20.0187 A

################################################################################################################################################
Starting Execution:	[8 out of 23] test cases in the current suite
Test Method:		[tests.gui.google.C_Search_PageObjectModel_Traditional.navigateToGoogleHomeAndAssertPageTitle]
################################################################################################################################################
[ReportManager] Browser Action [GetCurrentWindowTitle] successfully performed. With the following test data [Google]. @05-01-2022 06:40:20.0246 AM
[ReportManager] Assertion Passed: Asserting that the page title is Google @05-01-2022 06:40:20.0246 AM
[ReportManager] Assertion [ValidateEquals] PASSED. Expected [Google] and Actual [Google]. Comparison Type [EQUALS]. Validation Type [POSITIVE]. @05-01-2022 06:40:20.0246 A
[ReportManager] Browser Action [CloseCurrentWindow] successfully performed. @05-01-2022 06:40:20.0391 AM
[ReportManager] Successfully created attachment [Browser Action Test Data - CloseCurrentWindow - Actual Value] @05-01-2022 06:40:20.0392 A
[ReportManager] File Action [GetAbsolutePath] successfully performed. With the following test data [Relative Folder Path: "target/downloadedFiles/"]. @05-01-2022 06:40:20.0398 AM
[ReportManager] Attempting to run remotely on: [Linux-64], [GoogleChrome], [http://localhost:4444/wd/hub], Headless Execution. @05-01-2022 06:40:20.0398 AM
[ReportManager] Successfully Opened [GoogleChrome]. @05-01-2022 06:40:20.0598 AM
[ReportManager] Target URL: [https://www.google.com/ncr], and after redirection: [https://www.google.com] @05-01-2022 06:40:20.0598 AM
[ReportManager] Initial URL: [data:,] @05-01-2022 06:40:20.0675 AM
[ReportManager] Browser Action [NavigateToURL] successfully performed. With the following test data [https://www.google.com/ncr]. @05-01-2022 06:40:21.0529 A

################################################################################################################################################
Starting Execution:	[9 out of 23] test cases in the current suite
Test Method:		[tests.gui.google.C_Search_PageObjectModel_Traditional.searchForQueryAndAssertFirstResultTextIsCorrect]
################################################################################################################################################
[ReportManager] Element Action [Type] successfully performed. With the following test data [SHAFT_Engine]. @05-01-2022 06:40:21.0978 AM
[ReportManager] Element Action [KeyPress] successfully performed. With the following test data [ENTER]. @05-01-2022 06:40:23.0404 AM
[ReportManager] Element Action [GetText] successfully performed. With the following test data [SHAFT: Unified Test Automation Engine - GitHub]. @05-01-2022 06:40:23.0523 AM
[ReportManager] Assertion Failed: Asserting that the correct first result is displayed @05-01-2022 06:40:23.0524 AM
[ReportManager] Assertion [ValidateEquals] FAILED. Expected [MohabMohie] and Actual [SHAFT: Unified Test Automation Engine - GitHub]. Comparison Type [CONTAINS]. Validation Type [POSITIVE]. @05-01-2022 06:40:23.0524 A
[ReportManager] Browser Action [CloseCurrentWindow] successfully performed. @05-01-2022 06:40:23.0749 AM
[ReportManager] Successfully created attachment [Browser Action Test Data - CloseCurrentWindow - Actual Value] @05-01-2022 06:40:23.0752 A
[ReportManager] An Exception Occured with this Message: src/test/resources/testDataFiles/Google/SimpleSearch.xlsx (No such file or directory). @05-01-2022 06:40:23.0756 AM
[ReportManager] Successfully created attachment [Exception Stack Trace - java.io.FileNotFoundException] @05-01-2022 06:40:23.0756 AM
[ReportManager] Couldn't find the desired file. [src/test/resources/testDataFiles/Google/SimpleSearch.xlsx]. @05-01-2022 06:40:23.0757 A


################################################################################################################################################
Starting Execution:	[10 out of 23] test cases in the current suite
Test Method:		[tests.gui.google.F_Search_PageObjectModel_Fluent.navigateToGoogleHomeAndAssertGoogleLogoIsDisplayed]
###############################################################################################################################################



################################################################################################################################################
Starting Execution:	[11 out of 23] test cases in the current suite
Test Method:		[tests.gui.google.F_Search_PageObjectModel_Fluent.navigateToGoogleHomeAndAssertPageTitle]
###############################################################################################################################################



################################################################################################################################################
Starting Execution:	[12 out of 23] test cases in the current suite
Test Method:		[tests.gui.google.F_Search_PageObjectModel_Fluent.searchForQueryAndAssertFirstResultTextIsCorrect]
###############################################################################################################################################

[ReportManager] An Exception Occured with this Message: src/test/resources/testDataFiles/Google/SimpleSearch.xlsx (No such file or directory). @05-01-2022 06:40:23.0784 AM
[ReportManager] Successfully created attachment [Exception Stack Trace - java.io.FileNotFoundException] @05-01-2022 06:40:23.0784 AM
[ReportManager] Couldn't find the desired file. [src/test/resources/testDataFiles/Google/SimpleSearch.xlsx]. @05-01-2022 06:40:23.0785 A


################################################################################################################################################
Starting Execution:	[13 out of 23] test cases in the current suite
Test Method:		[tests.gui.google.E_Search_PageObjectModel_Traditional_SHAFTAssertions.navigateToGoogleHomeAndAssertGoogleLogoIsDisplayed]
###############################################################################################################################################



################################################################################################################################################
Starting Execution:	[14 out of 23] test cases in the current suite
Test Method:		[tests.gui.google.E_Search_PageObjectModel_Traditional_SHAFTAssertions.navigateToGoogleHomeAndAssertPageTitle]
###############################################################################################################################################



################################################################################################################################################
Starting Execution:	[15 out of 23] test cases in the current suite
Test Method:		[tests.gui.google.E_Search_PageObjectModel_Traditional_SHAFTAssertions.searchForQueryAndAssertFirstResultTextIsCorrect]
###############################################################################################################################################

[ReportManager] An Exception Occured with this Message: src/test/resources/testDataFiles/Google/SimpleSearch.xlsx (No such file or directory). @05-01-2022 06:40:23.0813 AM
[ReportManager] Successfully created attachment [Exception Stack Trace - java.io.FileNotFoundException] @05-01-2022 06:40:23.0813 AM
[ReportManager] Couldn't find the desired file. [src/test/resources/testDataFiles/Google/SimpleSearch.xlsx]. @05-01-2022 06:40:23.0813 A


################################################################################################################################################
Starting Execution:	[16 out of 23] test cases in the current suite
Test Method:		[tests.gui.google.D_Search_PageObjectModel_Traditional_DataDriven.navigateToGoogleHomeAndAssertGoogleLogoIsDisplayed]
###############################################################################################################################################



################################################################################################################################################
Starting Execution:	[17 out of 23] test cases in the current suite
Test Method:		[tests.gui.google.D_Search_PageObjectModel_Traditional_DataDriven.navigateToGoogleHomeAndAssertPageTitle]
###############################################################################################################################################



################################################################################################################################################
Starting Execution:	[18 out of 23] test cases in the current suite
Test Method:		[tests.gui.google.D_Search_PageObjectModel_Traditional_DataDriven.searchForQueryAndAssertFirstResultTextIsCorrect]
###############################################################################################################################################




################################################################################################################################################
Starting Execution:	[19 out of 23] test cases in the current suite
Test Method:		[tests.gui.google.A_Search_FlatTest_NativeSeleniumWebDriver.navigateToGoogleHomeAndAssertGoogleLogoIsDisplayed]
###############################################################################################################################################



################################################################################################################################################
Starting Execution:	[20 out of 23] test cases in the current suite
Test Method:		[tests.gui.google.A_Search_FlatTest_NativeSeleniumWebDriver.navigateToGoogleHomeAndAssertPageTitle]
###############################################################################################################################################



################################################################################################################################################
Starting Execution:	[21 out of 23] test cases in the current suite
Test Method:		[tests.gui.google.A_Search_FlatTest_NativeSeleniumWebDriver.searchForQueryAndAssertFirstResultTextIsCorrect]
###############################################################################################################################################


################################################################################################################################################
Starting Execution:	[22 out of 23] test cases in the current suite
Test Method:		[tests.api.users.UserData.validateUserEmail]
################################################################################################################################################
[ReportManager] Response status code: [200], status line: [HTTP/1.1 200 OK] @05-01-2022 06:40:47.0219 AM
[ReportManager] Assertion Passed: Evaluating the actual response status code against the expected one... @05-01-2022 06:40:47.0223 AM
[ReportManager] Assertion [ValidateComparativeRelation] PASSED. Expected [200] and Actual [200]. Comparison Type [EQUALS]. Validation Type [POSITIVE]. @05-01-2022 06:40:47.0223 AM
[ReportManager] API Action [PerformRequest] successfully performed. With the following test data [Request Type: "GET" | Target Status Code: "200" | Service URL: "https://jsonplaceholder.typicode.com/users" | Content Type: "*/*" | Response Time: "653ms"]. @05-01-2022 06:40:48.0104 AM
[ReportManager] Successfully created attachment [API Request - Specifications] @05-01-2022 06:40:48.0104 AM
[ReportManager] Successfully created attachment [API Response - JSON Body] @05-01-2022 06:40:48.0331 AM
[ReportManager] Assertion [ValidateEquals] PASSED. Expected and Actual values are attached. Comparison Type [CONTAINS]. Validation Type [POSITIVE]. @05-01-2022 06:40:48.0331 AM
[ReportManager] Successfully created attachment [Validation Test Data - Expected Value] @05-01-2022 06:40:48.0332 AM
[ReportManager] Successfully created attachment [Validation Test Data - Actual Value] @05-01-2022 06:40:48.0332 AM
[ReportManager] API Action [GetResponseJSONValueAsList] successfully performed. With the following test data [$]. @05-01-2022 06:40:48.0345 AM
[ReportManager] API Action [GetResponseJSONValue] successfully performed. With the following test data [name]. @05-01-2022 06:40:48.0371 AM
[ReportManager] API Action [GetResponseJSONValue] successfully performed. With the following test data [email]. @05-01-2022 06:40:48.0392 AM
[ReportManager] Assertion [ValidateEquals] PASSED. Expected [Sincere@april.biz] and Actual [Sincere@april.biz]. Comparison Type [EQUALS]. Validation Type [POSITIVE]. @05-01-2022 06:40:48.0392 AM
[ReportManager] API Action [GetResponseJSONValue] successfully performed. With the following test data [name]. @05-01-2022 06:40:48.0412 AM
[ReportManager] API Action [GetResponseJSONValue] successfully performed. With the following test data [name]. @05-01-2022 06:40:48.0428 AM
[ReportManager] API Action [GetResponseJSONValue] successfully performed. With the following test data [name]. @05-01-2022 06:40:48.0442 AM
[ReportManager] API Action [GetResponseJSONValue] successfully performed. With the following test data [name]. @05-01-2022 06:40:48.0458 AM
[ReportManager] API Action [GetResponseJSONValue] successfully performed. With the following test data [name]. @05-01-2022 06:40:48.0473 AM
[ReportManager] API Action [GetResponseJSONValue] successfully performed. With the following test data [name]. @05-01-2022 06:40:48.0484 AM
[ReportManager] API Action [GetResponseJSONValue] successfully performed. With the following test data [name]. @05-01-2022 06:40:48.0554 AM
[ReportManager] API Action [GetResponseJSONValue] successfully performed. With the following test data [name]. @05-01-2022 06:40:48.0565 AM
[ReportManager] API Action [GetResponseJSONValue] successfully performed. With the following test data [name]. @05-01-2022 06:40:48.0581 A

################################################################################################################################################
Starting Execution:	[23 out of 23] test cases in the current suite
Test Method:		[tests.cli.demo.cliTest.sampleTestCase]
################################################################################################################################################
[ReportManager] Attempting to perform the following command locally. Command: [ls] @05-01-2022 06:40:48.0594 AM
[ReportManager] Terminal Action [PerformTerminalCommands] successfully performed. With the following test data [Host Name: "localHost" | Command: "ls" | Exit Status: "0"]. @05-01-2022 06:40:48.0598 AM
[ReportManager] Successfully created attachment [Terminal Action Actual Result - Command Log] @05-01-2022 06:40:48.0598 AM
[ReportManager] Assertion Passed: Demoing local terminal actions @05-01-2022 06:40:48.0599 AM
[ReportManager] Assertion [ValidateEquals] PASSED. Expected [pom.xml] and Actual [LICENSE
README.md
allure-results
docker-compose_native.yml
docker-compose_zalenium.yml
extent-reports
pom.xml
readMeImgs
src
target]. Comparison Type [CONTAINS]. Validation Type [POSITIVE]. @05-01-2022 06:40:48.0599 A
[ReportManager] Successfully created attachment [SHAFT Engine Logs - Execution log] @05-01-2022 06:40:48.0624 AM

################################################################################################################################################
This test run was powered by SHAFT Engine Version: [SHAFT Engine v5.4.20211117-BETA]
SHAFT Engine is licensed under the MIT License: [https://github.com/MohabMohie/SHAFT_ENGINE/blob/master/LICENSE].
################################################################################################################################################