################################################################################################################################################
Detected SHAFT Engine Version: [SHAFT Engine v5.4.20211117-BETA]
################################################################################################################################################
[ReportManager] File Action [GetAbsolutePath] successfully performed. With the following test data [Relative Folder Path: "target/downloadedFiles/"]. @27-12-2021 06:42:11.0939 AM
[ReportManager] Attempting to run remotely on: [Linux-64], [GoogleChrome], [http://localhost:4444/wd/hub], Headless Execution. @27-12-2021 06:42:11.0957 AM
[ReportManager] Successfully Opened [GoogleChrome]. @27-12-2021 06:42:13.0901 AM
[ReportManager] Target URL: [https://www.google.com/ncr], and after redirection: [https://www.google.com] @27-12-2021 06:42:13.0912 AM
[ReportManager] Initial URL: [data:,] @27-12-2021 06:42:14.0060 AM
[ReportManager] Browser Action [NavigateToURL] successfully performed. With the following test data [https://www.google.com/ncr]. @27-12-2021 06:42:15.0448 A

################################################################################################################################################
Starting Execution:	[1 out of 23] test cases in the current suite
Test Method:		[tests.gui.google.B_Search_FlatTest_SHAFT.navigateToGoogleHomeAndAssertGoogleLogoIsDisplayed]
################################################################################################################################################
[ReportManager] File Action [DoesFileExist] successfully performed. With the following test data [File Path: "src/main/resources/dynamicObjectRepository/tests_gui_google_B_Search_FlatTest_SHAFT_navigateToGoogleHomeAndAssertGoogleLogoIsDisplayed_By_xpath_img_id_hplogo_or_alt_Google.png"]. @27-12-2021 06:42:15.0678 AM
[ReportManager] File Action [GetAbsolutePath] successfully performed. With the following test data [Relative Folder Path: "src/main/resources/dynamicObjectRepository/tests_gui_google_B_Search_FlatTest_SHAFT_navigateToGoogleHomeAndAssertGoogleLogoIsDisplayed_By_xpath_img_id_hplogo_or_alt_Google.png"]. @27-12-2021 06:42:15.0679 AM
[ReportManager] File Action [ReadFromImageFile] successfully performed. With the following test data [File Path: "/home/runner/work/io.github.alidorgham/io.github.alidorgham/src/main/resources/dynamicObjectRepository/tests_gui_google_B_Search_FlatTest_SHAFT_navigateToGoogleHomeAndAssertGoogleLogoIsDisplayed_By_xpath_img_id_hplogo_or_alt_Google.png"]. @27-12-2021 06:42:15.0680 AM
[ReportManager] File Action [DoesFileExist] successfully performed. With the following test data [File Path: "src/main/resources/dynamicObjectRepository/tests_gui_google_B_Search_FlatTest_SHAFT_navigateToGoogleHomeAndAssertGoogleLogoIsDisplayed_By_xpath_img_id_hplogo_or_alt_Google.png"]. @27-12-2021 06:42:16.0047 AM
[ReportManager] File Action [DoesFileExist] successfully performed. With the following test data [File Path: "src/main/resources/dynamicObjectRepository/tests_gui_google_B_Search_FlatTest_SHAFT_navigateToGoogleHomeAndAssertGoogleLogoIsDisplayed_By_xpath_img_id_hplogo_or_alt_Google.png"]. @27-12-2021 06:42:16.0047 AM
[ReportManager] Loaded Shared OpenCV @27-12-2021 06:42:16.0559 AM
[ReportManager] Successfully identified the element using AI; OpenCV. @27-12-2021 06:42:16.0588 AM
[ReportManager] Assertion Passed: Asserting that the Google logo is displayed @27-12-2021 06:42:16.0590 AM
[ReportManager] Successfully created attachment [Validation Test Data - Reference Screenshot] @27-12-2021 06:42:16.0595 AM
[ReportManager] Successfully created attachment [Validation Test Data - Actual Screenshot] @27-12-2021 06:42:16.0596 AM
[ReportManager] Assertion [ValidateElementMatches] PASSED. Expected [Element should match the reference screenshot] and Actual [TRUE]. Comparison Type [EXACT_OPENCV]. Validation Type [POSITIVE]. @27-12-2021 06:42:16.0596 A
[ReportManager] Browser Action [CloseCurrentWindow] successfully performed. @27-12-2021 06:42:16.0816 AM
[ReportManager] Successfully created attachment [Browser Action Test Data - CloseCurrentWindow - Actual Value] @27-12-2021 06:42:16.0821 A
[ReportManager] File Action [GetAbsolutePath] successfully performed. With the following test data [Relative Folder Path: "target/downloadedFiles/"]. @27-12-2021 06:42:16.0842 AM
[ReportManager] Attempting to run remotely on: [Linux-64], [GoogleChrome], [http://localhost:4444/wd/hub], Headless Execution. @27-12-2021 06:42:16.0843 AM
[ReportManager] Successfully Opened [GoogleChrome]. @27-12-2021 06:42:17.0356 AM
[ReportManager] Target URL: [https://www.google.com/ncr], and after redirection: [https://www.google.com] @27-12-2021 06:42:17.0357 AM
[ReportManager] Initial URL: [data:,] @27-12-2021 06:42:17.0462 AM
[ReportManager] Browser Action [NavigateToURL] successfully performed. With the following test data [https://www.google.com/ncr]. @27-12-2021 06:42:18.0625 A

################################################################################################################################################
Starting Execution:	[2 out of 23] test cases in the current suite
Test Method:		[tests.gui.google.B_Search_FlatTest_SHAFT.navigateToGoogleHomeAndAssertPageTitle]
################################################################################################################################################
[ReportManager] Browser Action [GetCurrentWindowTitle] successfully performed. With the following test data [Google]. @27-12-2021 06:42:18.0702 AM
[ReportManager] Assertion Passed: Asserting that the page title is Google @27-12-2021 06:42:19.0464 AM
[ReportManager] Successfully created attachment [Screenshot - 1640587338967_navigateToGoogleHomeAndAssertPageTitle_ValidateBrowserAttribute_passed] @27-12-2021 06:42:19.0483 AM
[ReportManager] Assertion [ValidateBrowserAttribute] PASSED. Expected [Value Should be 'Google' for the 'Title' attribute] and Actual [Google]. Comparison Type [EQUALS]. Validation Type [POSITIVE]. @27-12-2021 06:42:19.0484 A
[ReportManager] Browser Action [CloseCurrentWindow] successfully performed. @27-12-2021 06:42:19.0655 AM
[ReportManager] Successfully created attachment [Browser Action Test Data - CloseCurrentWindow - Actual Value] @27-12-2021 06:42:19.0656 A
[ReportManager] File Action [GetAbsolutePath] successfully performed. With the following test data [Relative Folder Path: "target/downloadedFiles/"]. @27-12-2021 06:42:19.0663 AM
[ReportManager] Attempting to run remotely on: [Linux-64], [GoogleChrome], [http://localhost:4444/wd/hub], Headless Execution. @27-12-2021 06:42:19.0665 AM
[ReportManager] Successfully Opened [GoogleChrome]. @27-12-2021 06:42:20.0078 AM
[ReportManager] Target URL: [https://www.google.com/ncr], and after redirection: [https://www.google.com] @27-12-2021 06:42:20.0078 AM
[ReportManager] Initial URL: [data:,] @27-12-2021 06:42:20.0184 AM
[ReportManager] Browser Action [NavigateToURL] successfully performed. With the following test data [https://www.google.com/ncr]. @27-12-2021 06:42:21.0286 A

################################################################################################################################################
Starting Execution:	[3 out of 23] test cases in the current suite
Test Method:		[tests.gui.google.B_Search_FlatTest_SHAFT.searchForQueryAndAssertFirstResultTextIsCorrect]
################################################################################################################################################
[ReportManager] Element Action [Type] successfully performed. With the following test data [SHAFT_Engine]. @27-12-2021 06:42:21.0776 AM
[ReportManager] Element Action [KeyPress] successfully performed. With the following test data [ENTER]. @27-12-2021 06:42:23.0268 AM
[ReportManager] Element Action [GetText] successfully performed. With the following test data [SHAFT: Unified Test Automation Engine - GitHub]. @27-12-2021 06:42:23.0395 AM
[ReportManager] Loaded Shared OpenCV @27-12-2021 06:42:23.0826 AM
[ReportManager] Assertion Failed: Asserting that the correct first result is displayed @27-12-2021 06:42:24.0121 AM
[ReportManager] Successfully created attachment [Screenshot - 1640587343826_searchForQueryAndAssertFirstResultTextIsCorrect_ValidateElementAttribute_failed] @27-12-2021 06:42:24.0130 AM
[ReportManager] Assertion [ValidateElementAttribute] FAILED. Expected [Value Should be 'MohabMohie' for the 'Text' attribute, element locator 'By.xpath: (//h1[contains(text(),'Search Result')]/following-sibling::div//a/h3)[1]'] and Actual [SHAFT: Unified Test Automation Engine - GitHub]. Comparison Type [CONTAINS]. Validation Type [POSITIVE]. @27-12-2021 06:42:24.0130 A
[ReportManager] Browser Action [CloseCurrentWindow] successfully performed. @27-12-2021 06:42:24.0474 AM
[ReportManager] Successfully created attachment [Browser Action Test Data - CloseCurrentWindow - Actual Value] @27-12-2021 06:42:24.0494 A
[ReportManager] An Exception Occured with this Message: src/test/resources/testDataFiles/Google/SimpleSearch.xlsx (No such file or directory). @27-12-2021 06:42:24.0509 AM
[ReportManager] Successfully created attachment [Exception Stack Trace - java.io.FileNotFoundException] @27-12-2021 06:42:24.0510 AM
[ReportManager] Couldn't find the desired file. [src/test/resources/testDataFiles/Google/SimpleSearch.xlsx]. @27-12-2021 06:42:24.0510 A


################################################################################################################################################
Starting Execution:	[4 out of 23] test cases in the current suite
Test Method:		[tests.gui.google.G_Search_PageObjectModel_ThreadSafe.navigateToGoogleHomeAndAssertGoogleLogoIsDisplayed]
###############################################################################################################################################



################################################################################################################################################
Starting Execution:	[5 out of 23] test cases in the current suite
Test Method:		[tests.gui.google.G_Search_PageObjectModel_ThreadSafe.navigateToGoogleHomeAndAssertPageTitle]
###############################################################################################################################################



################################################################################################################################################
Starting Execution:	[6 out of 23] test cases in the current suite
Test Method:		[tests.gui.google.G_Search_PageObjectModel_ThreadSafe.searchForQueryAndAssertFirstResultTextIsCorrect]
###############################################################################################################################################

[ReportManager] File Action [GetAbsolutePath] successfully performed. With the following test data [Relative Folder Path: "target/downloadedFiles/"]. @27-12-2021 06:42:24.0540 AM
[ReportManager] Attempting to run remotely on: [Linux-64], [GoogleChrome], [http://localhost:4444/wd/hub], Headless Execution. @27-12-2021 06:42:24.0540 AM
[ReportManager] Successfully Opened [GoogleChrome]. @27-12-2021 06:42:24.0991 AM
[ReportManager] Target URL: [https://www.google.com/ncr], and after redirection: [https://www.google.com] @27-12-2021 06:42:24.0992 AM
[ReportManager] Initial URL: [data:,] @27-12-2021 06:42:25.0090 AM
[ReportManager] Browser Action [NavigateToURL] successfully performed. With the following test data [https://www.google.com/ncr]. @27-12-2021 06:42:26.0182 A

################################################################################################################################################
Starting Execution:	[7 out of 23] test cases in the current suite
Test Method:		[tests.gui.google.C_Search_PageObjectModel_Traditional.navigateToGoogleHomeAndAssertGoogleLogoIsDisplayed]
################################################################################################################################################
[ReportManager] Element Action [IsElementDisplayed] successfully performed. @27-12-2021 06:42:26.0333 AM
[ReportManager] Assertion Passed: Asserting that the Google logo is displayed @27-12-2021 06:42:26.0334 AM
[ReportManager] Assertion [ValidateTrue] PASSED. Expected [TRUE] and Actual [TRUE]. Validation Type [POSITIVE]. @27-12-2021 06:42:26.0334 A
[ReportManager] Browser Action [CloseCurrentWindow] successfully performed. @27-12-2021 06:42:26.0483 AM
[ReportManager] Successfully created attachment [Browser Action Test Data - CloseCurrentWindow - Actual Value] @27-12-2021 06:42:26.0484 A
[ReportManager] File Action [GetAbsolutePath] successfully performed. With the following test data [Relative Folder Path: "target/downloadedFiles/"]. @27-12-2021 06:42:26.0488 AM
[ReportManager] Attempting to run remotely on: [Linux-64], [GoogleChrome], [http://localhost:4444/wd/hub], Headless Execution. @27-12-2021 06:42:26.0489 AM
[ReportManager] Successfully Opened [GoogleChrome]. @27-12-2021 06:42:26.0773 AM
[ReportManager] Target URL: [https://www.google.com/ncr], and after redirection: [https://www.google.com] @27-12-2021 06:42:26.0774 AM
[ReportManager] Initial URL: [data:,] @27-12-2021 06:42:26.0872 AM
[ReportManager] Browser Action [NavigateToURL] successfully performed. With the following test data [https://www.google.com/ncr]. @27-12-2021 06:42:28.0717 A

################################################################################################################################################
Starting Execution:	[8 out of 23] test cases in the current suite
Test Method:		[tests.gui.google.C_Search_PageObjectModel_Traditional.navigateToGoogleHomeAndAssertPageTitle]
################################################################################################################################################
[ReportManager] Browser Action [GetCurrentWindowTitle] successfully performed. With the following test data [Google]. @27-12-2021 06:42:28.0811 AM
[ReportManager] Assertion Passed: Asserting that the page title is Google @27-12-2021 06:42:28.0812 AM
[ReportManager] Assertion [ValidateEquals] PASSED. Expected [Google] and Actual [Google]. Comparison Type [EQUALS]. Validation Type [POSITIVE]. @27-12-2021 06:42:28.0812 A
[ReportManager] Browser Action [CloseCurrentWindow] successfully performed. @27-12-2021 06:42:28.0957 AM
[ReportManager] Successfully created attachment [Browser Action Test Data - CloseCurrentWindow - Actual Value] @27-12-2021 06:42:28.0958 A
[ReportManager] File Action [GetAbsolutePath] successfully performed. With the following test data [Relative Folder Path: "target/downloadedFiles/"]. @27-12-2021 06:42:28.0967 AM
[ReportManager] Attempting to run remotely on: [Linux-64], [GoogleChrome], [http://localhost:4444/wd/hub], Headless Execution. @27-12-2021 06:42:28.0968 AM
[ReportManager] Successfully Opened [GoogleChrome]. @27-12-2021 06:42:29.0214 AM
[ReportManager] Target URL: [https://www.google.com/ncr], and after redirection: [https://www.google.com] @27-12-2021 06:42:29.0214 AM
[ReportManager] Initial URL: [data:,] @27-12-2021 06:42:29.0316 AM
[ReportManager] Browser Action [NavigateToURL] successfully performed. With the following test data [https://www.google.com/ncr]. @27-12-2021 06:42:30.0404 A

################################################################################################################################################
Starting Execution:	[9 out of 23] test cases in the current suite
Test Method:		[tests.gui.google.C_Search_PageObjectModel_Traditional.searchForQueryAndAssertFirstResultTextIsCorrect]
################################################################################################################################################
[ReportManager] Element Action [Type] successfully performed. With the following test data [SHAFT_Engine]. @27-12-2021 06:42:30.0847 AM
[ReportManager] Element Action [KeyPress] successfully performed. With the following test data [ENTER]. @27-12-2021 06:42:32.0190 AM
[ReportManager] Element Action [GetText] successfully performed. With the following test data [SHAFT: Unified Test Automation Engine - GitHub]. @27-12-2021 06:42:32.0331 AM
[ReportManager] Assertion Failed: Asserting that the correct first result is displayed @27-12-2021 06:42:32.0332 AM
[ReportManager] Assertion [ValidateEquals] FAILED. Expected [MohabMohie] and Actual [SHAFT: Unified Test Automation Engine - GitHub]. Comparison Type [CONTAINS]. Validation Type [POSITIVE]. @27-12-2021 06:42:32.0332 A
[ReportManager] Browser Action [CloseCurrentWindow] successfully performed. @27-12-2021 06:42:32.0618 AM
[ReportManager] Successfully created attachment [Browser Action Test Data - CloseCurrentWindow - Actual Value] @27-12-2021 06:42:32.0623 A
[ReportManager] An Exception Occured with this Message: src/test/resources/testDataFiles/Google/SimpleSearch.xlsx (No such file or directory). @27-12-2021 06:42:32.0629 AM
[ReportManager] Successfully created attachment [Exception Stack Trace - java.io.FileNotFoundException] @27-12-2021 06:42:32.0630 AM
[ReportManager] Couldn't find the desired file. [src/test/resources/testDataFiles/Google/SimpleSearch.xlsx]. @27-12-2021 06:42:32.0630 A


################################################################################################################################################
Starting Execution:	[10 out of 23] test cases in the current suite
Test Method:		[tests.gui.google.F_Search_PageObjectModel_Fluent.navigateToGoogleHomeAndAssertGoogleLogoIsDisplayed]
###############################################################################################################################################



################################################################################################################################################
Starting Execution:	[11 out of 23] test cases in the current suite
Test Method:		[tests.gui.google.F_Search_PageObjectModel_Fluent.navigateToGoogleHomeAndAssertPageTitle]
###############################################################################################################################################



################################################################################################################################################
Starting Execution:	[12 out of 23] test cases in the current suite
Test Method:		[tests.gui.google.F_Search_PageObjectModel_Fluent.searchForQueryAndAssertFirstResultTextIsCorrect]
###############################################################################################################################################

[ReportManager] An Exception Occured with this Message: src/test/resources/testDataFiles/Google/SimpleSearch.xlsx (No such file or directory). @27-12-2021 06:42:32.0660 AM
[ReportManager] Successfully created attachment [Exception Stack Trace - java.io.FileNotFoundException] @27-12-2021 06:42:32.0660 AM
[ReportManager] Couldn't find the desired file. [src/test/resources/testDataFiles/Google/SimpleSearch.xlsx]. @27-12-2021 06:42:32.0660 A


################################################################################################################################################
Starting Execution:	[13 out of 23] test cases in the current suite
Test Method:		[tests.gui.google.E_Search_PageObjectModel_Traditional_SHAFTAssertions.navigateToGoogleHomeAndAssertGoogleLogoIsDisplayed]
###############################################################################################################################################



################################################################################################################################################
Starting Execution:	[14 out of 23] test cases in the current suite
Test Method:		[tests.gui.google.E_Search_PageObjectModel_Traditional_SHAFTAssertions.navigateToGoogleHomeAndAssertPageTitle]
###############################################################################################################################################



################################################################################################################################################
Starting Execution:	[15 out of 23] test cases in the current suite
Test Method:		[tests.gui.google.E_Search_PageObjectModel_Traditional_SHAFTAssertions.searchForQueryAndAssertFirstResultTextIsCorrect]
###############################################################################################################################################

[ReportManager] An Exception Occured with this Message: src/test/resources/testDataFiles/Google/SimpleSearch.xlsx (No such file or directory). @27-12-2021 06:42:32.0691 AM
[ReportManager] Successfully created attachment [Exception Stack Trace - java.io.FileNotFoundException] @27-12-2021 06:42:32.0692 AM
[ReportManager] Couldn't find the desired file. [src/test/resources/testDataFiles/Google/SimpleSearch.xlsx]. @27-12-2021 06:42:32.0692 A


################################################################################################################################################
Starting Execution:	[16 out of 23] test cases in the current suite
Test Method:		[tests.gui.google.D_Search_PageObjectModel_Traditional_DataDriven.navigateToGoogleHomeAndAssertGoogleLogoIsDisplayed]
###############################################################################################################################################



################################################################################################################################################
Starting Execution:	[17 out of 23] test cases in the current suite
Test Method:		[tests.gui.google.D_Search_PageObjectModel_Traditional_DataDriven.navigateToGoogleHomeAndAssertPageTitle]
###############################################################################################################################################



################################################################################################################################################
Starting Execution:	[18 out of 23] test cases in the current suite
Test Method:		[tests.gui.google.D_Search_PageObjectModel_Traditional_DataDriven.searchForQueryAndAssertFirstResultTextIsCorrect]
###############################################################################################################################################




################################################################################################################################################
Starting Execution:	[19 out of 23] test cases in the current suite
Test Method:		[tests.gui.google.A_Search_FlatTest_NativeSeleniumWebDriver.navigateToGoogleHomeAndAssertGoogleLogoIsDisplayed]
###############################################################################################################################################



################################################################################################################################################
Starting Execution:	[20 out of 23] test cases in the current suite
Test Method:		[tests.gui.google.A_Search_FlatTest_NativeSeleniumWebDriver.navigateToGoogleHomeAndAssertPageTitle]
###############################################################################################################################################



################################################################################################################################################
Starting Execution:	[21 out of 23] test cases in the current suite
Test Method:		[tests.gui.google.A_Search_FlatTest_NativeSeleniumWebDriver.searchForQueryAndAssertFirstResultTextIsCorrect]
###############################################################################################################################################


################################################################################################################################################
Starting Execution:	[22 out of 23] test cases in the current suite
Test Method:		[tests.api.users.UserData.validateUserEmail]
################################################################################################################################################
[ReportManager] Response status code: [200], status line: [HTTP/1.1 200 OK] @27-12-2021 06:43:03.0407 AM
[ReportManager] Assertion Passed: Evaluating the actual response status code against the expected one... @27-12-2021 06:43:03.0412 AM
[ReportManager] Assertion [ValidateComparativeRelation] PASSED. Expected [200] and Actual [200]. Comparison Type [EQUALS]. Validation Type [POSITIVE]. @27-12-2021 06:43:03.0412 AM
[ReportManager] API Action [PerformRequest] successfully performed. With the following test data [Request Type: "GET" | Target Status Code: "200" | Service URL: "https://jsonplaceholder.typicode.com/users" | Content Type: "*/*" | Response Time: "745ms"]. @27-12-2021 06:43:04.0603 AM
[ReportManager] Successfully created attachment [API Request - Specifications] @27-12-2021 06:43:04.0604 AM
[ReportManager] Successfully created attachment [API Response - JSON Body] @27-12-2021 06:43:04.0823 AM
[ReportManager] Assertion [ValidateEquals] PASSED. Expected and Actual values are attached. Comparison Type [CONTAINS]. Validation Type [POSITIVE]. @27-12-2021 06:43:04.0824 AM
[ReportManager] Successfully created attachment [Validation Test Data - Expected Value] @27-12-2021 06:43:04.0824 AM
[ReportManager] Successfully created attachment [Validation Test Data - Actual Value] @27-12-2021 06:43:04.0825 AM
[ReportManager] API Action [GetResponseJSONValueAsList] successfully performed. With the following test data [$]. @27-12-2021 06:43:04.0849 AM
[ReportManager] API Action [GetResponseJSONValue] successfully performed. With the following test data [name]. @27-12-2021 06:43:04.0882 AM
[ReportManager] API Action [GetResponseJSONValue] successfully performed. With the following test data [email]. @27-12-2021 06:43:04.0906 AM
[ReportManager] Assertion [ValidateEquals] PASSED. Expected [Sincere@april.biz] and Actual [Sincere@april.biz]. Comparison Type [EQUALS]. Validation Type [POSITIVE]. @27-12-2021 06:43:04.0906 AM
[ReportManager] API Action [GetResponseJSONValue] successfully performed. With the following test data [name]. @27-12-2021 06:43:04.0927 AM
[ReportManager] API Action [GetResponseJSONValue] successfully performed. With the following test data [name]. @27-12-2021 06:43:04.0943 AM
[ReportManager] API Action [GetResponseJSONValue] successfully performed. With the following test data [name]. @27-12-2021 06:43:04.0958 AM
[ReportManager] API Action [GetResponseJSONValue] successfully performed. With the following test data [name]. @27-12-2021 06:43:04.0976 AM
[ReportManager] API Action [GetResponseJSONValue] successfully performed. With the following test data [name]. @27-12-2021 06:43:04.0992 AM
[ReportManager] API Action [GetResponseJSONValue] successfully performed. With the following test data [name]. @27-12-2021 06:43:05.0004 AM
[ReportManager] API Action [GetResponseJSONValue] successfully performed. With the following test data [name]. @27-12-2021 06:43:05.0033 AM
[ReportManager] API Action [GetResponseJSONValue] successfully performed. With the following test data [name]. @27-12-2021 06:43:05.0045 AM
[ReportManager] API Action [GetResponseJSONValue] successfully performed. With the following test data [name]. @27-12-2021 06:43:05.0061 A

################################################################################################################################################
Starting Execution:	[23 out of 23] test cases in the current suite
Test Method:		[tests.cli.demo.cliTest.sampleTestCase]
################################################################################################################################################
[ReportManager] Attempting to perform the following command locally. Command: [ls] @27-12-2021 06:43:05.0073 AM
[ReportManager] Terminal Action [PerformTerminalCommands] successfully performed. With the following test data [Host Name: "localHost" | Command: "ls" | Exit Status: "0"]. @27-12-2021 06:43:05.0078 AM
[ReportManager] Successfully created attachment [Terminal Action Actual Result - Command Log] @27-12-2021 06:43:05.0078 AM
[ReportManager] Assertion Passed: Demoing local terminal actions @27-12-2021 06:43:05.0079 AM
[ReportManager] Assertion [ValidateEquals] PASSED. Expected [pom.xml] and Actual [LICENSE
README.md
allure-results
docker-compose_native.yml
docker-compose_zalenium.yml
extent-reports
pom.xml
readMeImgs
src
target]. Comparison Type [CONTAINS]. Validation Type [POSITIVE]. @27-12-2021 06:43:05.0079 A
[ReportManager] Successfully created attachment [SHAFT Engine Logs - Execution log] @27-12-2021 06:43:05.0105 AM

################################################################################################################################################
This test run was powered by SHAFT Engine Version: [SHAFT Engine v5.4.20211117-BETA]
SHAFT Engine is licensed under the MIT License: [https://github.com/MohabMohie/SHAFT_ENGINE/blob/master/LICENSE].
################################################################################################################################################