################################################################################################################################################
Detected SHAFT Engine Version: [SHAFT Engine v5.4.20211117-BETA]
################################################################################################################################################

################################################################################################################################################
Starting Execution:	[1 out of 23] test cases in the current suite
Test Method:		[tests.api.users.UserData.validateUserEmail]
################################################################################################################################################
[ReportManager] Response status code: [200], status line: [HTTP/1.1 200 OK] @16-01-2022 18:37:47.0153 PM
[ReportManager] Assertion Passed: Evaluating the actual response status code against the expected one... @16-01-2022 18:37:47.0162 PM
[ReportManager] Assertion [ValidateComparativeRelation] PASSED. Expected [200] and Actual [200]. Comparison Type [EQUALS]. Validation Type [POSITIVE]. @16-01-2022 18:37:47.0167 PM
[ReportManager] API Action [PerformRequest] successfully performed. With the following test data [Request Type: "GET" | Target Status Code: "200" | Service URL: "https://jsonplaceholder.typicode.com/users" | Content Type: "*/*" | Response Time: "983ms"]. @16-01-2022 18:37:48.0303 PM
[ReportManager] Successfully created attachment [API Request - Specifications] @16-01-2022 18:37:48.0304 PM
[ReportManager] Successfully created attachment [API Response - JSON Body] @16-01-2022 18:37:48.0587 PM
[ReportManager] Assertion [ValidateEquals] PASSED. Expected and Actual values are attached. Comparison Type [CONTAINS]. Validation Type [POSITIVE]. @16-01-2022 18:37:48.0603 PM
[ReportManager] Successfully created attachment [Validation Test Data - Expected Value] @16-01-2022 18:37:48.0613 PM
[ReportManager] Successfully created attachment [Validation Test Data - Actual Value] @16-01-2022 18:37:48.0613 PM
[ReportManager] API Action [GetResponseJSONValueAsList] successfully performed. With the following test data [$]. @16-01-2022 18:37:48.0629 PM
[ReportManager] API Action [GetResponseJSONValue] successfully performed. With the following test data [name]. @16-01-2022 18:37:48.0655 PM
[ReportManager] API Action [GetResponseJSONValue] successfully performed. With the following test data [email]. @16-01-2022 18:37:48.0675 PM
[ReportManager] Assertion [ValidateEquals] PASSED. Expected [Sincere@april.biz] and Actual [Sincere@april.biz]. Comparison Type [EQUALS]. Validation Type [POSITIVE]. @16-01-2022 18:37:48.0676 PM
[ReportManager] API Action [GetResponseJSONValue] successfully performed. With the following test data [name]. @16-01-2022 18:37:48.0699 PM
[ReportManager] API Action [GetResponseJSONValue] successfully performed. With the following test data [name]. @16-01-2022 18:37:48.0715 PM
[ReportManager] API Action [GetResponseJSONValue] successfully performed. With the following test data [name]. @16-01-2022 18:37:48.0730 PM
[ReportManager] API Action [GetResponseJSONValue] successfully performed. With the following test data [name]. @16-01-2022 18:37:48.0748 PM
[ReportManager] API Action [GetResponseJSONValue] successfully performed. With the following test data [name]. @16-01-2022 18:37:48.0765 PM
[ReportManager] API Action [GetResponseJSONValue] successfully performed. With the following test data [name]. @16-01-2022 18:37:48.0782 PM
[ReportManager] API Action [GetResponseJSONValue] successfully performed. With the following test data [name]. @16-01-2022 18:37:48.0797 PM
[ReportManager] API Action [GetResponseJSONValue] successfully performed. With the following test data [name]. @16-01-2022 18:37:48.0816 PM
[ReportManager] API Action [GetResponseJSONValue] successfully performed. With the following test data [name]. @16-01-2022 18:37:48.0835 P

################################################################################################################################################
Starting Execution:	[2 out of 23] test cases in the current suite
Test Method:		[tests.cli.demo.cliTest.sampleTestCase]
################################################################################################################################################
[ReportManager] Attempting to perform the following command locally. Command: [ls] @16-01-2022 18:37:48.0963 PM
[ReportManager] Terminal Action [PerformTerminalCommands] successfully performed. With the following test data [Host Name: "localHost" | Command: "ls" | Exit Status: "0"]. @16-01-2022 18:37:48.0978 PM
[ReportManager] Successfully created attachment [Terminal Action Actual Result - Command Log] @16-01-2022 18:37:48.0979 PM
[ReportManager] Assertion Passed: Demoing local terminal actions @16-01-2022 18:37:48.0979 PM
[ReportManager] Assertion [ValidateEquals] PASSED. Expected [pom.xml] and Actual [LICENSE
README.md
allure-results
docker-compose_native.yml
docker-compose_zalenium.yml
extent-reports
pom.xml
readMeImgs
src
target]. Comparison Type [CONTAINS]. Validation Type [POSITIVE]. @16-01-2022 18:37:48.0979 P
[ReportManager] File Action [GetAbsolutePath] successfully performed. With the following test data [Relative Folder Path: "target/downloadedFiles/"]. @16-01-2022 18:37:48.0993 PM
[ReportManager] Attempting to run remotely on: [Linux-64], [GoogleChrome], [http://localhost:4444/wd/hub], Headless Execution. @16-01-2022 18:37:49.0006 PM
[ReportManager] Successfully Opened [GoogleChrome]. @16-01-2022 18:37:50.0783 PM
[ReportManager] Target URL: [https://www.google.com/ncr], and after redirection: [https://www.google.com] @16-01-2022 18:37:50.0792 PM
[ReportManager] Initial URL: [data:,] @16-01-2022 18:37:50.0923 PM
[ReportManager] Browser Action [NavigateToURL] successfully performed. With the following test data [https://www.google.com/ncr]. @16-01-2022 18:37:52.0274 P

################################################################################################################################################
Starting Execution:	[3 out of 23] test cases in the current suite
Test Method:		[tests.gui.google.B_Search_FlatTest_SHAFT.navigateToGoogleHomeAndAssertGoogleLogoIsDisplayed]
################################################################################################################################################
[ReportManager] File Action [DoesFileExist] successfully performed. With the following test data [File Path: "src/main/resources/dynamicObjectRepository/tests_gui_google_B_Search_FlatTest_SHAFT_navigateToGoogleHomeAndAssertGoogleLogoIsDisplayed_By_xpath_img_id_hplogo_or_alt_Google.png"]. @16-01-2022 18:37:52.0303 PM
[ReportManager] File Action [GetAbsolutePath] successfully performed. With the following test data [Relative Folder Path: "src/main/resources/dynamicObjectRepository/tests_gui_google_B_Search_FlatTest_SHAFT_navigateToGoogleHomeAndAssertGoogleLogoIsDisplayed_By_xpath_img_id_hplogo_or_alt_Google.png"]. @16-01-2022 18:37:52.0303 PM
[ReportManager] File Action [ReadFromImageFile] successfully performed. With the following test data [File Path: "/home/runner/work/io.github.alidorgham/io.github.alidorgham/src/main/resources/dynamicObjectRepository/tests_gui_google_B_Search_FlatTest_SHAFT_navigateToGoogleHomeAndAssertGoogleLogoIsDisplayed_By_xpath_img_id_hplogo_or_alt_Google.png"]. @16-01-2022 18:37:52.0304 PM
[ReportManager] File Action [DoesFileExist] successfully performed. With the following test data [File Path: "src/main/resources/dynamicObjectRepository/tests_gui_google_B_Search_FlatTest_SHAFT_navigateToGoogleHomeAndAssertGoogleLogoIsDisplayed_By_xpath_img_id_hplogo_or_alt_Google.png"]. @16-01-2022 18:37:52.0573 PM
[ReportManager] File Action [DoesFileExist] successfully performed. With the following test data [File Path: "src/main/resources/dynamicObjectRepository/tests_gui_google_B_Search_FlatTest_SHAFT_navigateToGoogleHomeAndAssertGoogleLogoIsDisplayed_By_xpath_img_id_hplogo_or_alt_Google.png"]. @16-01-2022 18:37:52.0573 PM
[ReportManager] Loaded Shared OpenCV @16-01-2022 18:37:53.0027 PM
[ReportManager] Successfully identified the element using AI; OpenCV. @16-01-2022 18:37:53.0049 PM
[ReportManager] Assertion Passed: Asserting that the Google logo is displayed @16-01-2022 18:37:53.0050 PM
[ReportManager] Successfully created attachment [Validation Test Data - Reference Screenshot] @16-01-2022 18:37:53.0051 PM
[ReportManager] Successfully created attachment [Validation Test Data - Actual Screenshot] @16-01-2022 18:37:53.0055 PM
[ReportManager] Assertion [ValidateElementMatches] PASSED. Expected [Element should match the reference screenshot] and Actual [TRUE]. Comparison Type [EXACT_OPENCV]. Validation Type [POSITIVE]. @16-01-2022 18:37:53.0055 P
[ReportManager] Browser Action [CloseCurrentWindow] successfully performed. @16-01-2022 18:37:53.0219 PM
[ReportManager] Successfully created attachment [Browser Action Test Data - CloseCurrentWindow - Actual Value] @16-01-2022 18:37:53.0223 P
[ReportManager] File Action [GetAbsolutePath] successfully performed. With the following test data [Relative Folder Path: "target/downloadedFiles/"]. @16-01-2022 18:37:53.0236 PM
[ReportManager] Attempting to run remotely on: [Linux-64], [GoogleChrome], [http://localhost:4444/wd/hub], Headless Execution. @16-01-2022 18:37:53.0236 PM
[ReportManager] Successfully Opened [GoogleChrome]. @16-01-2022 18:37:53.0644 PM
[ReportManager] Target URL: [https://www.google.com/ncr], and after redirection: [https://www.google.com] @16-01-2022 18:37:53.0644 PM
[ReportManager] Initial URL: [data:,] @16-01-2022 18:37:53.0730 PM
[ReportManager] Browser Action [NavigateToURL] successfully performed. With the following test data [https://www.google.com/ncr]. @16-01-2022 18:37:54.0668 P

################################################################################################################################################
Starting Execution:	[4 out of 23] test cases in the current suite
Test Method:		[tests.gui.google.B_Search_FlatTest_SHAFT.navigateToGoogleHomeAndAssertPageTitle]
################################################################################################################################################
[ReportManager] Browser Action [GetCurrentWindowTitle] successfully performed. With the following test data [Google]. @16-01-2022 18:37:54.0739 PM
[ReportManager] Assertion Passed: Asserting that the page title is Google @16-01-2022 18:37:55.0417 PM
[ReportManager] Successfully created attachment [Screenshot - 1642358274944_navigateToGoogleHomeAndAssertPageTitle_ValidateBrowserAttribute_passed] @16-01-2022 18:37:55.0426 PM
[ReportManager] Assertion [ValidateBrowserAttribute] PASSED. Expected [Value Should be 'Google' for the 'Title' attribute] and Actual [Google]. Comparison Type [EQUALS]. Validation Type [POSITIVE]. @16-01-2022 18:37:55.0426 P
[ReportManager] Browser Action [CloseCurrentWindow] successfully performed. @16-01-2022 18:37:55.0572 PM
[ReportManager] Successfully created attachment [Browser Action Test Data - CloseCurrentWindow - Actual Value] @16-01-2022 18:37:55.0575 P
[ReportManager] File Action [GetAbsolutePath] successfully performed. With the following test data [Relative Folder Path: "target/downloadedFiles/"]. @16-01-2022 18:37:55.0599 PM
[ReportManager] Attempting to run remotely on: [Linux-64], [GoogleChrome], [http://localhost:4444/wd/hub], Headless Execution. @16-01-2022 18:37:55.0599 PM
[ReportManager] Successfully Opened [GoogleChrome]. @16-01-2022 18:37:55.0970 PM
[ReportManager] Target URL: [https://www.google.com/ncr], and after redirection: [https://www.google.com] @16-01-2022 18:37:55.0970 PM
[ReportManager] Initial URL: [data:,] @16-01-2022 18:37:56.0044 PM
[ReportManager] Browser Action [NavigateToURL] successfully performed. With the following test data [https://www.google.com/ncr]. @16-01-2022 18:37:56.0978 P

################################################################################################################################################
Starting Execution:	[5 out of 23] test cases in the current suite
Test Method:		[tests.gui.google.B_Search_FlatTest_SHAFT.searchForQueryAndAssertFirstResultTextIsCorrect]
################################################################################################################################################
[ReportManager] Element Action [Type] successfully performed. With the following test data [SHAFT_Engine]. @16-01-2022 18:37:57.0452 PM
[ReportManager] Element Action [KeyPress] successfully performed. With the following test data [ENTER]. @16-01-2022 18:37:59.0425 PM
[ReportManager] Element Action [GetText] successfully performed. With the following test data [SHAFT_ENGINE is a Test Automation Engine that ... - GitHub]. @16-01-2022 18:37:59.0554 PM
[ReportManager] Loaded Shared OpenCV @16-01-2022 18:37:59.0946 PM
[ReportManager] Assertion Failed: Asserting that the correct first result is displayed @16-01-2022 18:38:00.0209 PM
[ReportManager] Successfully created attachment [Screenshot - 1642358279946_searchForQueryAndAssertFirstResultTextIsCorrect_ValidateElementAttribute_failed] @16-01-2022 18:38:00.0217 PM
[ReportManager] Assertion [ValidateElementAttribute] FAILED. Expected [Value Should be 'MohabMohie' for the 'Text' attribute, element locator 'By.xpath: (//h1[contains(text(),'Search Result')]/following-sibling::div//a/h3)[1]'] and Actual [SHAFT_ENGINE is a Test Automation Engine that ... - GitHub]. Comparison Type [CONTAINS]. Validation Type [POSITIVE]. @16-01-2022 18:38:00.0218 P
[ReportManager] Browser Action [CloseCurrentWindow] successfully performed. @16-01-2022 18:38:00.0503 PM
[ReportManager] Successfully created attachment [Browser Action Test Data - CloseCurrentWindow - Actual Value] @16-01-2022 18:38:00.0533 P
[ReportManager] An Exception Occured with this Message: src/test/resources/testDataFiles/Google/SimpleSearch.xlsx (No such file or directory). @16-01-2022 18:38:00.0550 PM
[ReportManager] Successfully created attachment [Exception Stack Trace - java.io.FileNotFoundException] @16-01-2022 18:38:00.0550 PM
[ReportManager] Couldn't find the desired file. [src/test/resources/testDataFiles/Google/SimpleSearch.xlsx]. @16-01-2022 18:38:00.0551 P


################################################################################################################################################
Starting Execution:	[6 out of 23] test cases in the current suite
Test Method:		[tests.gui.google.F_Search_PageObjectModel_Fluent.navigateToGoogleHomeAndAssertGoogleLogoIsDisplayed]
###############################################################################################################################################



################################################################################################################################################
Starting Execution:	[7 out of 23] test cases in the current suite
Test Method:		[tests.gui.google.F_Search_PageObjectModel_Fluent.navigateToGoogleHomeAndAssertPageTitle]
###############################################################################################################################################



################################################################################################################################################
Starting Execution:	[8 out of 23] test cases in the current suite
Test Method:		[tests.gui.google.F_Search_PageObjectModel_Fluent.searchForQueryAndAssertFirstResultTextIsCorrect]
###############################################################################################################################################

[ReportManager] File Action [GetAbsolutePath] successfully performed. With the following test data [Relative Folder Path: "target/downloadedFiles/"]. @16-01-2022 18:38:00.0603 PM
[ReportManager] Attempting to run remotely on: [Linux-64], [GoogleChrome], [http://localhost:4444/wd/hub], Headless Execution. @16-01-2022 18:38:00.0603 PM
[ReportManager] Successfully Opened [GoogleChrome]. @16-01-2022 18:38:01.0006 PM
[ReportManager] Target URL: [https://www.google.com/ncr], and after redirection: [https://www.google.com] @16-01-2022 18:38:01.0008 PM
[ReportManager] Initial URL: [data:,] @16-01-2022 18:38:01.0083 PM
[ReportManager] Browser Action [NavigateToURL] successfully performed. With the following test data [https://www.google.com/ncr]. @16-01-2022 18:38:01.0999 P

################################################################################################################################################
Starting Execution:	[9 out of 23] test cases in the current suite
Test Method:		[tests.gui.google.C_Search_PageObjectModel_Traditional.navigateToGoogleHomeAndAssertGoogleLogoIsDisplayed]
################################################################################################################################################
[ReportManager] Element Action [IsElementDisplayed] successfully performed. @16-01-2022 18:38:02.0171 PM
[ReportManager] Assertion Passed: Asserting that the Google logo is displayed @16-01-2022 18:38:02.0172 PM
[ReportManager] Assertion [ValidateTrue] PASSED. Expected [TRUE] and Actual [TRUE]. Validation Type [POSITIVE]. @16-01-2022 18:38:02.0172 P
[ReportManager] Browser Action [CloseCurrentWindow] successfully performed. @16-01-2022 18:38:02.0336 PM
[ReportManager] Successfully created attachment [Browser Action Test Data - CloseCurrentWindow - Actual Value] @16-01-2022 18:38:02.0337 P
[ReportManager] File Action [GetAbsolutePath] successfully performed. With the following test data [Relative Folder Path: "target/downloadedFiles/"]. @16-01-2022 18:38:02.0340 PM
[ReportManager] Attempting to run remotely on: [Linux-64], [GoogleChrome], [http://localhost:4444/wd/hub], Headless Execution. @16-01-2022 18:38:02.0342 PM
[ReportManager] Successfully Opened [GoogleChrome]. @16-01-2022 18:38:02.0560 PM
[ReportManager] Target URL: [https://www.google.com/ncr], and after redirection: [https://www.google.com] @16-01-2022 18:38:02.0560 PM
[ReportManager] Initial URL: [data:,] @16-01-2022 18:38:02.0640 PM
[ReportManager] Browser Action [NavigateToURL] successfully performed. With the following test data [https://www.google.com/ncr]. @16-01-2022 18:38:03.0606 P

################################################################################################################################################
Starting Execution:	[10 out of 23] test cases in the current suite
Test Method:		[tests.gui.google.C_Search_PageObjectModel_Traditional.navigateToGoogleHomeAndAssertPageTitle]
################################################################################################################################################
[ReportManager] Browser Action [GetCurrentWindowTitle] successfully performed. With the following test data [Google]. @16-01-2022 18:38:03.0667 PM
[ReportManager] Assertion Passed: Asserting that the page title is Google @16-01-2022 18:38:03.0668 PM
[ReportManager] Assertion [ValidateEquals] PASSED. Expected [Google] and Actual [Google]. Comparison Type [EQUALS]. Validation Type [POSITIVE]. @16-01-2022 18:38:03.0668 P
[ReportManager] Browser Action [CloseCurrentWindow] successfully performed. @16-01-2022 18:38:03.0810 PM
[ReportManager] Successfully created attachment [Browser Action Test Data - CloseCurrentWindow - Actual Value] @16-01-2022 18:38:03.0811 P
[ReportManager] File Action [GetAbsolutePath] successfully performed. With the following test data [Relative Folder Path: "target/downloadedFiles/"]. @16-01-2022 18:38:03.0817 PM
[ReportManager] Attempting to run remotely on: [Linux-64], [GoogleChrome], [http://localhost:4444/wd/hub], Headless Execution. @16-01-2022 18:38:03.0817 PM
[ReportManager] Successfully Opened [GoogleChrome]. @16-01-2022 18:38:04.0034 PM
[ReportManager] Target URL: [https://www.google.com/ncr], and after redirection: [https://www.google.com] @16-01-2022 18:38:04.0035 PM
[ReportManager] Initial URL: [data:,] @16-01-2022 18:38:04.0137 PM
[ReportManager] Browser Action [NavigateToURL] successfully performed. With the following test data [https://www.google.com/ncr]. @16-01-2022 18:38:05.0047 P

################################################################################################################################################
Starting Execution:	[11 out of 23] test cases in the current suite
Test Method:		[tests.gui.google.C_Search_PageObjectModel_Traditional.searchForQueryAndAssertFirstResultTextIsCorrect]
################################################################################################################################################
[ReportManager] Element Action [Type] successfully performed. With the following test data [SHAFT_Engine]. @16-01-2022 18:38:05.0473 PM
[ReportManager] Element Action [KeyPress] successfully performed. With the following test data [ENTER]. @16-01-2022 18:38:07.0272 PM
[ReportManager] Element Action [GetText] successfully performed. With the following test data [SHAFT_ENGINE is a Test Automation Engine that ... - GitHub]. @16-01-2022 18:38:07.0393 PM
[ReportManager] Assertion Failed: Asserting that the correct first result is displayed @16-01-2022 18:38:07.0393 PM
[ReportManager] Assertion [ValidateEquals] FAILED. Expected [MohabMohie] and Actual [SHAFT_ENGINE is a Test Automation Engine that ... - GitHub]. Comparison Type [CONTAINS]. Validation Type [POSITIVE]. @16-01-2022 18:38:07.0394 P
[ReportManager] Browser Action [CloseCurrentWindow] successfully performed. @16-01-2022 18:38:07.0648 PM
[ReportManager] Successfully created attachment [Browser Action Test Data - CloseCurrentWindow - Actual Value] @16-01-2022 18:38:07.0651 P
[ReportManager] An Exception Occured with this Message: src/test/resources/testDataFiles/Google/SimpleSearch.xlsx (No such file or directory). @16-01-2022 18:38:07.0656 PM
[ReportManager] Successfully created attachment [Exception Stack Trace - java.io.FileNotFoundException] @16-01-2022 18:38:07.0656 PM
[ReportManager] Couldn't find the desired file. [src/test/resources/testDataFiles/Google/SimpleSearch.xlsx]. @16-01-2022 18:38:07.0656 P


################################################################################################################################################
Starting Execution:	[12 out of 23] test cases in the current suite
Test Method:		[tests.gui.google.E_Search_PageObjectModel_Traditional_SHAFTAssertions.navigateToGoogleHomeAndAssertGoogleLogoIsDisplayed]
###############################################################################################################################################



################################################################################################################################################
Starting Execution:	[13 out of 23] test cases in the current suite
Test Method:		[tests.gui.google.E_Search_PageObjectModel_Traditional_SHAFTAssertions.navigateToGoogleHomeAndAssertPageTitle]
###############################################################################################################################################



################################################################################################################################################
Starting Execution:	[14 out of 23] test cases in the current suite
Test Method:		[tests.gui.google.E_Search_PageObjectModel_Traditional_SHAFTAssertions.searchForQueryAndAssertFirstResultTextIsCorrect]
###############################################################################################################################################

[ReportManager] An Exception Occured with this Message: src/test/resources/testDataFiles/Google/SimpleSearch.xlsx (No such file or directory). @16-01-2022 18:38:07.0672 PM
[ReportManager] Successfully created attachment [Exception Stack Trace - java.io.FileNotFoundException] @16-01-2022 18:38:07.0673 PM
[ReportManager] Couldn't find the desired file. [src/test/resources/testDataFiles/Google/SimpleSearch.xlsx]. @16-01-2022 18:38:07.0673 P


################################################################################################################################################
Starting Execution:	[15 out of 23] test cases in the current suite
Test Method:		[tests.gui.google.G_Search_PageObjectModel_ThreadSafe.navigateToGoogleHomeAndAssertGoogleLogoIsDisplayed]
###############################################################################################################################################



################################################################################################################################################
Starting Execution:	[16 out of 23] test cases in the current suite
Test Method:		[tests.gui.google.G_Search_PageObjectModel_ThreadSafe.navigateToGoogleHomeAndAssertPageTitle]
###############################################################################################################################################



################################################################################################################################################
Starting Execution:	[17 out of 23] test cases in the current suite
Test Method:		[tests.gui.google.G_Search_PageObjectModel_ThreadSafe.searchForQueryAndAssertFirstResultTextIsCorrect]
###############################################################################################################################################

[ReportManager] An Exception Occured with this Message: src/test/resources/testDataFiles/Google/SimpleSearch.xlsx (No such file or directory). @16-01-2022 18:38:07.0683 PM
[ReportManager] Successfully created attachment [Exception Stack Trace - java.io.FileNotFoundException] @16-01-2022 18:38:07.0683 PM
[ReportManager] Couldn't find the desired file. [src/test/resources/testDataFiles/Google/SimpleSearch.xlsx]. @16-01-2022 18:38:07.0683 P


################################################################################################################################################
Starting Execution:	[18 out of 23] test cases in the current suite
Test Method:		[tests.gui.google.D_Search_PageObjectModel_Traditional_DataDriven.navigateToGoogleHomeAndAssertGoogleLogoIsDisplayed]
###############################################################################################################################################



################################################################################################################################################
Starting Execution:	[19 out of 23] test cases in the current suite
Test Method:		[tests.gui.google.D_Search_PageObjectModel_Traditional_DataDriven.navigateToGoogleHomeAndAssertPageTitle]
###############################################################################################################################################



################################################################################################################################################
Starting Execution:	[20 out of 23] test cases in the current suite
Test Method:		[tests.gui.google.D_Search_PageObjectModel_Traditional_DataDriven.searchForQueryAndAssertFirstResultTextIsCorrect]
###############################################################################################################################################




################################################################################################################################################
Starting Execution:	[21 out of 23] test cases in the current suite
Test Method:		[tests.gui.google.A_Search_FlatTest_NativeSeleniumWebDriver.navigateToGoogleHomeAndAssertGoogleLogoIsDisplayed]
###############################################################################################################################################



################################################################################################################################################
Starting Execution:	[22 out of 23] test cases in the current suite
Test Method:		[tests.gui.google.A_Search_FlatTest_NativeSeleniumWebDriver.navigateToGoogleHomeAndAssertPageTitle]
###############################################################################################################################################



################################################################################################################################################
Starting Execution:	[23 out of 23] test cases in the current suite
Test Method:		[tests.gui.google.A_Search_FlatTest_NativeSeleniumWebDriver.searchForQueryAndAssertFirstResultTextIsCorrect]
###############################################################################################################################################

[ReportManager] Successfully created attachment [SHAFT Engine Logs - Execution log] @16-01-2022 18:38:26.0877 PM

################################################################################################################################################
This test run was powered by SHAFT Engine Version: [SHAFT Engine v5.4.20211117-BETA]
SHAFT Engine is licensed under the MIT License: [https://github.com/MohabMohie/SHAFT_ENGINE/blob/master/LICENSE].
################################################################################################################################################