################################################################################################################################################
Detected SHAFT Engine Version: [SHAFT Engine v5.4.20211117-BETA]
################################################################################################################################################

################################################################################################################################################
Starting Execution:	[1 out of 23] test cases in the current suite
Test Method:		[tests.api.users.UserData.validateUserEmail]
################################################################################################################################################
[ReportManager] Response status code: [200], status line: [HTTP/1.1 200 OK] @02-12-2021 12:48:42.0783 PM
[ReportManager] Assertion Passed: Evaluating the actual response status code against the expected one... @02-12-2021 12:48:42.0799 PM
[ReportManager] Assertion [ValidateComparativeRelation] PASSED. Expected [200] and Actual [200]. Comparison Type [EQUALS]. Validation Type [POSITIVE]. @02-12-2021 12:48:42.0805 PM
[ReportManager] API Action [PerformRequest] successfully performed. With the following test data [Request Type: "GET" | Target Status Code: "200" | Service URL: "https://jsonplaceholder.typicode.com/users" | Content Type: "*/*" | Response Time: "968ms"]. @02-12-2021 12:48:43.0853 PM
[ReportManager] Successfully created attachment [API Request - Specifications] @02-12-2021 12:48:43.0854 PM
[ReportManager] Successfully created attachment [API Response - JSON Body] @02-12-2021 12:48:44.0061 PM
[ReportManager] Assertion [ValidateEquals] PASSED. Expected and Actual values are attached. Comparison Type [CONTAINS]. Validation Type [POSITIVE]. @02-12-2021 12:48:44.0067 PM
[ReportManager] Successfully created attachment [Validation Test Data - Expected Value] @02-12-2021 12:48:44.0068 PM
[ReportManager] Successfully created attachment [Validation Test Data - Actual Value] @02-12-2021 12:48:44.0068 PM
[ReportManager] API Action [GetResponseJSONValueAsList] successfully performed. With the following test data [$]. @02-12-2021 12:48:44.0077 PM
[ReportManager] API Action [GetResponseJSONValue] successfully performed. With the following test data [name]. @02-12-2021 12:48:44.0119 PM
[ReportManager] API Action [GetResponseJSONValue] successfully performed. With the following test data [email]. @02-12-2021 12:48:44.0141 PM
[ReportManager] Assertion [ValidateEquals] PASSED. Expected [Sincere@april.biz] and Actual [Sincere@april.biz]. Comparison Type [EQUALS]. Validation Type [POSITIVE]. @02-12-2021 12:48:44.0142 PM
[ReportManager] API Action [GetResponseJSONValue] successfully performed. With the following test data [name]. @02-12-2021 12:48:44.0175 PM
[ReportManager] API Action [GetResponseJSONValue] successfully performed. With the following test data [name]. @02-12-2021 12:48:44.0192 PM
[ReportManager] API Action [GetResponseJSONValue] successfully performed. With the following test data [name]. @02-12-2021 12:48:44.0206 PM
[ReportManager] API Action [GetResponseJSONValue] successfully performed. With the following test data [name]. @02-12-2021 12:48:44.0225 PM
[ReportManager] API Action [GetResponseJSONValue] successfully performed. With the following test data [name]. @02-12-2021 12:48:44.0240 PM
[ReportManager] API Action [GetResponseJSONValue] successfully performed. With the following test data [name]. @02-12-2021 12:48:44.0254 PM
[ReportManager] API Action [GetResponseJSONValue] successfully performed. With the following test data [name]. @02-12-2021 12:48:44.0269 PM
[ReportManager] API Action [GetResponseJSONValue] successfully performed. With the following test data [name]. @02-12-2021 12:48:44.0281 PM
[ReportManager] API Action [GetResponseJSONValue] successfully performed. With the following test data [name]. @02-12-2021 12:48:44.0294 P
[ReportManager] File Action [GetAbsolutePath] successfully performed. With the following test data [Relative Folder Path: "target/downloadedFiles/"]. @02-12-2021 12:48:44.0429 PM
[ReportManager] Attempting to run remotely on: [Linux-64], [GoogleChrome], [http://localhost:4444/wd/hub], Headless Execution. @02-12-2021 12:48:44.0448 PM
[ReportManager] Successfully Opened [GoogleChrome]. @02-12-2021 12:48:45.0971 PM
[ReportManager] Target URL: [https://www.google.com/ncr], and after redirection: [https://www.google.com] @02-12-2021 12:48:45.0984 PM
[ReportManager] Initial URL: [data:,] @02-12-2021 12:48:46.0119 PM
[ReportManager] Browser Action [NavigateToURL] successfully performed. With the following test data [https://www.google.com/ncr]. @02-12-2021 12:48:47.0658 P

################################################################################################################################################
Starting Execution:	[2 out of 23] test cases in the current suite
Test Method:		[tests.gui.google.B_Search_FlatTest_SHAFT.navigateToGoogleHomeAndAssertGoogleLogoIsDisplayed]
################################################################################################################################################
[ReportManager] File Action [DoesFileExist] successfully performed. With the following test data [File Path: "src/main/resources/dynamicObjectRepository/tests_gui_google_B_Search_FlatTest_SHAFT_navigateToGoogleHomeAndAssertGoogleLogoIsDisplayed_By_xpath_img_id_hplogo_or_alt_Google.png"]. @02-12-2021 12:48:47.0712 PM
[ReportManager] File Action [GetAbsolutePath] successfully performed. With the following test data [Relative Folder Path: "src/main/resources/dynamicObjectRepository/tests_gui_google_B_Search_FlatTest_SHAFT_navigateToGoogleHomeAndAssertGoogleLogoIsDisplayed_By_xpath_img_id_hplogo_or_alt_Google.png"]. @02-12-2021 12:48:47.0712 PM
[ReportManager] File Action [ReadFromImageFile] successfully performed. With the following test data [File Path: "/home/runner/work/io.github.alidorgham/io.github.alidorgham/src/main/resources/dynamicObjectRepository/tests_gui_google_B_Search_FlatTest_SHAFT_navigateToGoogleHomeAndAssertGoogleLogoIsDisplayed_By_xpath_img_id_hplogo_or_alt_Google.png"]. @02-12-2021 12:48:47.0713 PM
[ReportManager] File Action [DoesFileExist] successfully performed. With the following test data [File Path: "src/main/resources/dynamicObjectRepository/tests_gui_google_B_Search_FlatTest_SHAFT_navigateToGoogleHomeAndAssertGoogleLogoIsDisplayed_By_xpath_img_id_hplogo_or_alt_Google.png"]. @02-12-2021 12:48:48.0004 PM
[ReportManager] File Action [DoesFileExist] successfully performed. With the following test data [File Path: "src/main/resources/dynamicObjectRepository/tests_gui_google_B_Search_FlatTest_SHAFT_navigateToGoogleHomeAndAssertGoogleLogoIsDisplayed_By_xpath_img_id_hplogo_or_alt_Google.png"]. @02-12-2021 12:48:48.0004 PM
[ReportManager] Loaded Shared OpenCV @02-12-2021 12:48:48.0455 PM
[ReportManager] Successfully identified the element using AI; OpenCV. @02-12-2021 12:48:48.0479 PM
[ReportManager] Assertion Passed: Asserting that the Google logo is displayed @02-12-2021 12:48:48.0482 PM
[ReportManager] Successfully created attachment [Validation Test Data - Reference Screenshot] @02-12-2021 12:48:48.0483 PM
[ReportManager] Successfully created attachment [Validation Test Data - Actual Screenshot] @02-12-2021 12:48:48.0484 PM
[ReportManager] Assertion [ValidateElementMatches] PASSED. Expected [Element should match the reference screenshot] and Actual [TRUE]. Comparison Type [EXACT_OPENCV]. Validation Type [POSITIVE]. @02-12-2021 12:48:48.0484 P
[ReportManager] Browser Action [CloseCurrentWindow] successfully performed. @02-12-2021 12:48:48.0688 PM
[ReportManager] Successfully created attachment [Browser Action Test Data - CloseCurrentWindow - Actual Value] @02-12-2021 12:48:48.0699 P
[ReportManager] File Action [GetAbsolutePath] successfully performed. With the following test data [Relative Folder Path: "target/downloadedFiles/"]. @02-12-2021 12:48:48.0716 PM
[ReportManager] Attempting to run remotely on: [Linux-64], [GoogleChrome], [http://localhost:4444/wd/hub], Headless Execution. @02-12-2021 12:48:48.0717 PM
[ReportManager] Successfully Opened [GoogleChrome]. @02-12-2021 12:48:49.0171 PM
[ReportManager] Target URL: [https://www.google.com/ncr], and after redirection: [https://www.google.com] @02-12-2021 12:48:49.0172 PM
[ReportManager] Initial URL: [data:,] @02-12-2021 12:48:49.0268 PM
[ReportManager] Browser Action [NavigateToURL] successfully performed. With the following test data [https://www.google.com/ncr]. @02-12-2021 12:48:50.0663 P

################################################################################################################################################
Starting Execution:	[3 out of 23] test cases in the current suite
Test Method:		[tests.gui.google.B_Search_FlatTest_SHAFT.navigateToGoogleHomeAndAssertPageTitle]
################################################################################################################################################
[ReportManager] Browser Action [GetCurrentWindowTitle] successfully performed. With the following test data [Google]. @02-12-2021 12:48:50.0717 PM
[ReportManager] Assertion Passed: Asserting that the page title is Google @02-12-2021 12:48:51.0263 PM
[ReportManager] Successfully created attachment [Screenshot - 1638449330913_navigateToGoogleHomeAndAssertPageTitle_ValidateBrowserAttribute_passed] @02-12-2021 12:48:51.0277 PM
[ReportManager] Assertion [ValidateBrowserAttribute] PASSED. Expected [Value Should be 'Google' for the 'Title' attribute] and Actual [Google]. Comparison Type [EQUALS]. Validation Type [POSITIVE]. @02-12-2021 12:48:51.0278 P
[ReportManager] Browser Action [CloseCurrentWindow] successfully performed. @02-12-2021 12:48:51.0457 PM
[ReportManager] Successfully created attachment [Browser Action Test Data - CloseCurrentWindow - Actual Value] @02-12-2021 12:48:51.0458 P
[ReportManager] File Action [GetAbsolutePath] successfully performed. With the following test data [Relative Folder Path: "target/downloadedFiles/"]. @02-12-2021 12:48:51.0468 PM
[ReportManager] Attempting to run remotely on: [Linux-64], [GoogleChrome], [http://localhost:4444/wd/hub], Headless Execution. @02-12-2021 12:48:51.0468 PM
[ReportManager] Successfully Opened [GoogleChrome]. @02-12-2021 12:48:51.0833 PM
[ReportManager] Target URL: [https://www.google.com/ncr], and after redirection: [https://www.google.com] @02-12-2021 12:48:51.0833 PM
[ReportManager] Initial URL: [data:,] @02-12-2021 12:48:51.0919 PM
[ReportManager] Browser Action [NavigateToURL] successfully performed. With the following test data [https://www.google.com/ncr]. @02-12-2021 12:48:53.0232 P

################################################################################################################################################
Starting Execution:	[4 out of 23] test cases in the current suite
Test Method:		[tests.gui.google.B_Search_FlatTest_SHAFT.searchForQueryAndAssertFirstResultTextIsCorrect]
################################################################################################################################################
[ReportManager] Element Action [Type] successfully performed. With the following test data [SHAFT_Engine]. @02-12-2021 12:48:53.0723 PM
[ReportManager] Element Action [KeyPress] successfully performed. With the following test data [ENTER]. @02-12-2021 12:48:55.0307 PM
[ReportManager] Element Action [GetText] successfully performed. With the following test data [SHAFT: Unified Test Automation Engine - GitHub]. @02-12-2021 12:48:55.0421 PM
[ReportManager] Loaded Shared OpenCV @02-12-2021 12:48:55.0873 PM
[ReportManager] Assertion Failed: Asserting that the correct first result is displayed @02-12-2021 12:48:56.0138 PM
[ReportManager] Successfully created attachment [Screenshot - 1638449335873_searchForQueryAndAssertFirstResultTextIsCorrect_ValidateElementAttribute_failed] @02-12-2021 12:48:56.0145 PM
[ReportManager] Assertion [ValidateElementAttribute] FAILED. Expected [Value Should be 'MohabMohie' for the 'Text' attribute, element locator 'By.xpath: (//h1[contains(text(),'Search Result')]/following-sibling::div//a/h3)[1]'] and Actual [SHAFT: Unified Test Automation Engine - GitHub]. Comparison Type [CONTAINS]. Validation Type [POSITIVE]. @02-12-2021 12:48:56.0145 P
[ReportManager] Browser Action [CloseCurrentWindow] successfully performed. @02-12-2021 12:48:56.0457 PM
[ReportManager] Successfully created attachment [Browser Action Test Data - CloseCurrentWindow - Actual Value] @02-12-2021 12:48:56.0468 P
[ReportManager] File Action [GetAbsolutePath] successfully performed. With the following test data [Relative Folder Path: "target/downloadedFiles/"]. @02-12-2021 12:48:56.0476 PM
[ReportManager] Attempting to run remotely on: [Linux-64], [GoogleChrome], [http://localhost:4444/wd/hub], Headless Execution. @02-12-2021 12:48:56.0477 PM
[ReportManager] Successfully Opened [GoogleChrome]. @02-12-2021 12:48:56.0838 PM
[ReportManager] Target URL: [https://www.google.com/ncr], and after redirection: [https://www.google.com] @02-12-2021 12:48:56.0840 PM
[ReportManager] Initial URL: [data:,] @02-12-2021 12:48:56.0930 PM
[ReportManager] Browser Action [NavigateToURL] successfully performed. With the following test data [https://www.google.com/ncr]. @02-12-2021 12:48:58.0200 P

################################################################################################################################################
Starting Execution:	[5 out of 23] test cases in the current suite
Test Method:		[tests.gui.google.C_Search_PageObjectModel_Traditional.navigateToGoogleHomeAndAssertGoogleLogoIsDisplayed]
################################################################################################################################################
[ReportManager] Element Action [IsElementDisplayed] successfully performed. @02-12-2021 12:48:58.0327 PM
[ReportManager] Assertion Passed: Asserting that the Google logo is displayed @02-12-2021 12:48:58.0327 PM
[ReportManager] Assertion [ValidateTrue] PASSED. Expected [TRUE] and Actual [TRUE]. Validation Type [POSITIVE]. @02-12-2021 12:48:58.0327 P
[ReportManager] Browser Action [CloseCurrentWindow] successfully performed. @02-12-2021 12:48:58.0514 PM
[ReportManager] Successfully created attachment [Browser Action Test Data - CloseCurrentWindow - Actual Value] @02-12-2021 12:48:58.0516 P
[ReportManager] File Action [GetAbsolutePath] successfully performed. With the following test data [Relative Folder Path: "target/downloadedFiles/"]. @02-12-2021 12:48:58.0520 PM
[ReportManager] Attempting to run remotely on: [Linux-64], [GoogleChrome], [http://localhost:4444/wd/hub], Headless Execution. @02-12-2021 12:48:58.0520 PM
[ReportManager] Successfully Opened [GoogleChrome]. @02-12-2021 12:48:58.0734 PM
[ReportManager] Target URL: [https://www.google.com/ncr], and after redirection: [https://www.google.com] @02-12-2021 12:48:58.0734 PM
[ReportManager] Initial URL: [data:,] @02-12-2021 12:48:58.0805 PM
[ReportManager] Browser Action [NavigateToURL] successfully performed. With the following test data [https://www.google.com/ncr]. @02-12-2021 12:49:00.0005 P

################################################################################################################################################
Starting Execution:	[6 out of 23] test cases in the current suite
Test Method:		[tests.gui.google.C_Search_PageObjectModel_Traditional.navigateToGoogleHomeAndAssertPageTitle]
################################################################################################################################################
[ReportManager] Browser Action [GetCurrentWindowTitle] successfully performed. With the following test data [Google]. @02-12-2021 12:49:00.0076 PM
[ReportManager] Assertion Passed: Asserting that the page title is Google @02-12-2021 12:49:00.0076 PM
[ReportManager] Assertion [ValidateEquals] PASSED. Expected [Google] and Actual [Google]. Comparison Type [EQUALS]. Validation Type [POSITIVE]. @02-12-2021 12:49:00.0076 P
[ReportManager] Browser Action [CloseCurrentWindow] successfully performed. @02-12-2021 12:49:00.0264 PM
[ReportManager] Successfully created attachment [Browser Action Test Data - CloseCurrentWindow - Actual Value] @02-12-2021 12:49:00.0266 P
[ReportManager] File Action [GetAbsolutePath] successfully performed. With the following test data [Relative Folder Path: "target/downloadedFiles/"]. @02-12-2021 12:49:00.0274 PM
[ReportManager] Attempting to run remotely on: [Linux-64], [GoogleChrome], [http://localhost:4444/wd/hub], Headless Execution. @02-12-2021 12:49:00.0274 PM
[ReportManager] Successfully Opened [GoogleChrome]. @02-12-2021 12:49:00.0489 PM
[ReportManager] Target URL: [https://www.google.com/ncr], and after redirection: [https://www.google.com] @02-12-2021 12:49:00.0489 PM
[ReportManager] Initial URL: [data:,] @02-12-2021 12:49:00.0553 PM
[ReportManager] Browser Action [NavigateToURL] successfully performed. With the following test data [https://www.google.com/ncr]. @02-12-2021 12:49:01.0762 P

################################################################################################################################################
Starting Execution:	[7 out of 23] test cases in the current suite
Test Method:		[tests.gui.google.C_Search_PageObjectModel_Traditional.searchForQueryAndAssertFirstResultTextIsCorrect]
################################################################################################################################################
[ReportManager] Element Action [Type] successfully performed. With the following test data [SHAFT_Engine]. @02-12-2021 12:49:02.0169 PM
[ReportManager] Element Action [KeyPress] successfully performed. With the following test data [ENTER]. @02-12-2021 12:49:03.0756 PM
[ReportManager] Element Action [GetText] successfully performed. With the following test data [SHAFT: Unified Test Automation Engine - GitHub]. @02-12-2021 12:49:03.0869 PM
[ReportManager] Assertion Failed: Asserting that the correct first result is displayed @02-12-2021 12:49:03.0870 PM
[ReportManager] Assertion [ValidateEquals] FAILED. Expected [MohabMohie] and Actual [SHAFT: Unified Test Automation Engine - GitHub]. Comparison Type [CONTAINS]. Validation Type [POSITIVE]. @02-12-2021 12:49:03.0870 P
[ReportManager] Browser Action [CloseCurrentWindow] successfully performed. @02-12-2021 12:49:04.0150 PM
[ReportManager] Successfully created attachment [Browser Action Test Data - CloseCurrentWindow - Actual Value] @02-12-2021 12:49:04.0153 P



################################################################################################################################################
Starting Execution:	[8 out of 23] test cases in the current suite
Test Method:		[tests.gui.google.A_Search_FlatTest_NativeSeleniumWebDriver.navigateToGoogleHomeAndAssertGoogleLogoIsDisplayed]
###############################################################################################################################################



################################################################################################################################################
Starting Execution:	[9 out of 23] test cases in the current suite
Test Method:		[tests.gui.google.A_Search_FlatTest_NativeSeleniumWebDriver.navigateToGoogleHomeAndAssertPageTitle]
###############################################################################################################################################



################################################################################################################################################
Starting Execution:	[10 out of 23] test cases in the current suite
Test Method:		[tests.gui.google.A_Search_FlatTest_NativeSeleniumWebDriver.searchForQueryAndAssertFirstResultTextIsCorrect]
###############################################################################################################################################

[ReportManager] An Exception Occured with this Message: src/test/resources/testDataFiles/Google/SimpleSearch.xlsx (No such file or directory). @02-12-2021 12:49:58.0418 PM
[ReportManager] Successfully created attachment [Exception Stack Trace - java.io.FileNotFoundException] @02-12-2021 12:49:58.0418 PM
[ReportManager] Couldn't find the desired file. [src/test/resources/testDataFiles/Google/SimpleSearch.xlsx]. @02-12-2021 12:49:58.0418 P


################################################################################################################################################
Starting Execution:	[11 out of 23] test cases in the current suite
Test Method:		[tests.gui.google.E_Search_PageObjectModel_Traditional_SHAFTAssertions.navigateToGoogleHomeAndAssertGoogleLogoIsDisplayed]
###############################################################################################################################################



################################################################################################################################################
Starting Execution:	[12 out of 23] test cases in the current suite
Test Method:		[tests.gui.google.E_Search_PageObjectModel_Traditional_SHAFTAssertions.navigateToGoogleHomeAndAssertPageTitle]
###############################################################################################################################################



################################################################################################################################################
Starting Execution:	[13 out of 23] test cases in the current suite
Test Method:		[tests.gui.google.E_Search_PageObjectModel_Traditional_SHAFTAssertions.searchForQueryAndAssertFirstResultTextIsCorrect]
###############################################################################################################################################

[ReportManager] An Exception Occured with this Message: src/test/resources/testDataFiles/Google/SimpleSearch.xlsx (No such file or directory). @02-12-2021 12:49:58.0464 PM
[ReportManager] Successfully created attachment [Exception Stack Trace - java.io.FileNotFoundException] @02-12-2021 12:49:58.0464 PM
[ReportManager] Couldn't find the desired file. [src/test/resources/testDataFiles/Google/SimpleSearch.xlsx]. @02-12-2021 12:49:58.0464 P


################################################################################################################################################
Starting Execution:	[14 out of 23] test cases in the current suite
Test Method:		[tests.gui.google.D_Search_PageObjectModel_Traditional_DataDriven.navigateToGoogleHomeAndAssertGoogleLogoIsDisplayed]
###############################################################################################################################################



################################################################################################################################################
Starting Execution:	[15 out of 23] test cases in the current suite
Test Method:		[tests.gui.google.D_Search_PageObjectModel_Traditional_DataDriven.navigateToGoogleHomeAndAssertPageTitle]
###############################################################################################################################################



################################################################################################################################################
Starting Execution:	[16 out of 23] test cases in the current suite
Test Method:		[tests.gui.google.D_Search_PageObjectModel_Traditional_DataDriven.searchForQueryAndAssertFirstResultTextIsCorrect]
###############################################################################################################################################

[ReportManager] An Exception Occured with this Message: src/test/resources/testDataFiles/Google/SimpleSearch.xlsx (No such file or directory). @02-12-2021 12:49:58.0494 PM
[ReportManager] Successfully created attachment [Exception Stack Trace - java.io.FileNotFoundException] @02-12-2021 12:49:58.0494 PM
[ReportManager] Couldn't find the desired file. [src/test/resources/testDataFiles/Google/SimpleSearch.xlsx]. @02-12-2021 12:49:58.0494 P


################################################################################################################################################
Starting Execution:	[17 out of 23] test cases in the current suite
Test Method:		[tests.gui.google.G_Search_PageObjectModel_ThreadSafe.navigateToGoogleHomeAndAssertGoogleLogoIsDisplayed]
###############################################################################################################################################



################################################################################################################################################
Starting Execution:	[18 out of 23] test cases in the current suite
Test Method:		[tests.gui.google.G_Search_PageObjectModel_ThreadSafe.navigateToGoogleHomeAndAssertPageTitle]
###############################################################################################################################################



################################################################################################################################################
Starting Execution:	[19 out of 23] test cases in the current suite
Test Method:		[tests.gui.google.G_Search_PageObjectModel_ThreadSafe.searchForQueryAndAssertFirstResultTextIsCorrect]
###############################################################################################################################################

[ReportManager] An Exception Occured with this Message: src/test/resources/testDataFiles/Google/SimpleSearch.xlsx (No such file or directory). @02-12-2021 12:49:58.0513 PM
[ReportManager] Successfully created attachment [Exception Stack Trace - java.io.FileNotFoundException] @02-12-2021 12:49:58.0514 PM
[ReportManager] Couldn't find the desired file. [src/test/resources/testDataFiles/Google/SimpleSearch.xlsx]. @02-12-2021 12:49:58.0518 P


################################################################################################################################################
Starting Execution:	[20 out of 23] test cases in the current suite
Test Method:		[tests.gui.google.F_Search_PageObjectModel_Fluent.navigateToGoogleHomeAndAssertGoogleLogoIsDisplayed]
###############################################################################################################################################



################################################################################################################################################
Starting Execution:	[21 out of 23] test cases in the current suite
Test Method:		[tests.gui.google.F_Search_PageObjectModel_Fluent.navigateToGoogleHomeAndAssertPageTitle]
###############################################################################################################################################



################################################################################################################################################
Starting Execution:	[22 out of 23] test cases in the current suite
Test Method:		[tests.gui.google.F_Search_PageObjectModel_Fluent.searchForQueryAndAssertFirstResultTextIsCorrect]
###############################################################################################################################################


################################################################################################################################################
Starting Execution:	[23 out of 23] test cases in the current suite
Test Method:		[tests.cli.demo.cliTest.sampleTestCase]
################################################################################################################################################
[ReportManager] Attempting to perform the following command locally. Command: [ls] @02-12-2021 12:49:58.0553 PM
[ReportManager] Terminal Action [PerformTerminalCommands] successfully performed. With the following test data [Host Name: "localHost" | Command: "ls" | Exit Status: "0"]. @02-12-2021 12:49:58.0570 PM
[ReportManager] Successfully created attachment [Terminal Action Actual Result - Command Log] @02-12-2021 12:49:58.0570 PM
[ReportManager] Assertion Passed: Demoing local terminal actions @02-12-2021 12:49:58.0570 PM
[ReportManager] Assertion [ValidateEquals] PASSED. Expected [pom.xml] and Actual [LICENSE
README.md
allure-results
docker-compose_native.yml
docker-compose_zalenium.yml
extent-reports
pom.xml
readMeImgs
src
target]. Comparison Type [CONTAINS]. Validation Type [POSITIVE]. @02-12-2021 12:49:58.0571 P
[ReportManager] Successfully created attachment [SHAFT Engine Logs - Execution log] @02-12-2021 12:49:58.0595 PM

################################################################################################################################################
This test run was powered by SHAFT Engine Version: [SHAFT Engine v5.4.20211117-BETA]
SHAFT Engine is licensed under the MIT License: [https://github.com/MohabMohie/SHAFT_ENGINE/blob/master/LICENSE].
################################################################################################################################################