################################################################################################################################################
Detected SHAFT Engine Version: [SHAFT Engine v5.4.20211117-BETA]
################################################################################################################################################

################################################################################################################################################
Starting Execution:	[1 out of 23] test cases in the current suite
Test Method:		[tests.api.users.UserData.validateUserEmail]
################################################################################################################################################
[ReportManager] Response status code: [200], status line: [HTTP/1.1 200 OK] @10-12-2021 01:32:39.0998 AM
[ReportManager] Assertion Passed: Evaluating the actual response status code against the expected one... @10-12-2021 01:32:40.0007 AM
[ReportManager] Assertion [ValidateComparativeRelation] PASSED. Expected [200] and Actual [200]. Comparison Type [EQUALS]. Validation Type [POSITIVE]. @10-12-2021 01:32:40.0011 AM
[ReportManager] API Action [PerformRequest] successfully performed. With the following test data [Request Type: "GET" | Target Status Code: "200" | Service URL: "https://jsonplaceholder.typicode.com/users" | Content Type: "*/*" | Response Time: "884ms"]. @10-12-2021 01:32:40.0999 AM
[ReportManager] Successfully created attachment [API Request - Specifications] @10-12-2021 01:32:41.0000 AM
[ReportManager] Successfully created attachment [API Response - JSON Body] @10-12-2021 01:32:41.0188 AM
[ReportManager] Assertion [ValidateEquals] PASSED. Expected and Actual values are attached. Comparison Type [CONTAINS]. Validation Type [POSITIVE]. @10-12-2021 01:32:41.0194 AM
[ReportManager] Successfully created attachment [Validation Test Data - Expected Value] @10-12-2021 01:32:41.0195 AM
[ReportManager] Successfully created attachment [Validation Test Data - Actual Value] @10-12-2021 01:32:41.0195 AM
[ReportManager] API Action [GetResponseJSONValueAsList] successfully performed. With the following test data [$]. @10-12-2021 01:32:41.0203 AM
[ReportManager] API Action [GetResponseJSONValue] successfully performed. With the following test data [name]. @10-12-2021 01:32:41.0222 AM
[ReportManager] API Action [GetResponseJSONValue] successfully performed. With the following test data [email]. @10-12-2021 01:32:41.0232 AM
[ReportManager] Assertion [ValidateEquals] PASSED. Expected [Sincere@april.biz] and Actual [Sincere@april.biz]. Comparison Type [EQUALS]. Validation Type [POSITIVE]. @10-12-2021 01:32:41.0232 AM
[ReportManager] API Action [GetResponseJSONValue] successfully performed. With the following test data [name]. @10-12-2021 01:32:41.0243 AM
[ReportManager] API Action [GetResponseJSONValue] successfully performed. With the following test data [name]. @10-12-2021 01:32:41.0253 AM
[ReportManager] API Action [GetResponseJSONValue] successfully performed. With the following test data [name]. @10-12-2021 01:32:41.0262 AM
[ReportManager] API Action [GetResponseJSONValue] successfully performed. With the following test data [name]. @10-12-2021 01:32:41.0271 AM
[ReportManager] API Action [GetResponseJSONValue] successfully performed. With the following test data [name]. @10-12-2021 01:32:41.0282 AM
[ReportManager] API Action [GetResponseJSONValue] successfully performed. With the following test data [name]. @10-12-2021 01:32:41.0291 AM
[ReportManager] API Action [GetResponseJSONValue] successfully performed. With the following test data [name]. @10-12-2021 01:32:41.0300 AM
[ReportManager] API Action [GetResponseJSONValue] successfully performed. With the following test data [name]. @10-12-2021 01:32:41.0310 AM
[ReportManager] API Action [GetResponseJSONValue] successfully performed. With the following test data [name]. @10-12-2021 01:32:41.0318 A
[ReportManager] File Action [GetAbsolutePath] successfully performed. With the following test data [Relative Folder Path: "target/downloadedFiles/"]. @10-12-2021 01:32:41.0429 AM
[ReportManager] Attempting to run remotely on: [Linux-64], [GoogleChrome], [http://localhost:4444/wd/hub], Headless Execution. @10-12-2021 01:32:41.0441 AM
[ReportManager] Successfully Opened [GoogleChrome]. @10-12-2021 01:32:43.0102 AM
[ReportManager] Target URL: [https://www.google.com/ncr], and after redirection: [https://www.google.com] @10-12-2021 01:32:43.0110 AM
[ReportManager] Initial URL: [data:,] @10-12-2021 01:32:43.0245 AM
[ReportManager] Browser Action [NavigateToURL] successfully performed. With the following test data [https://www.google.com/ncr]. @10-12-2021 01:32:44.0957 A

################################################################################################################################################
Starting Execution:	[2 out of 23] test cases in the current suite
Test Method:		[tests.gui.google.B_Search_FlatTest_SHAFT.navigateToGoogleHomeAndAssertGoogleLogoIsDisplayed]
################################################################################################################################################
[ReportManager] File Action [DoesFileExist] successfully performed. With the following test data [File Path: "src/main/resources/dynamicObjectRepository/tests_gui_google_B_Search_FlatTest_SHAFT_navigateToGoogleHomeAndAssertGoogleLogoIsDisplayed_By_xpath_img_id_hplogo_or_alt_Google.png"]. @10-12-2021 01:32:44.0985 AM
[ReportManager] File Action [GetAbsolutePath] successfully performed. With the following test data [Relative Folder Path: "src/main/resources/dynamicObjectRepository/tests_gui_google_B_Search_FlatTest_SHAFT_navigateToGoogleHomeAndAssertGoogleLogoIsDisplayed_By_xpath_img_id_hplogo_or_alt_Google.png"]. @10-12-2021 01:32:44.0985 AM
[ReportManager] File Action [ReadFromImageFile] successfully performed. With the following test data [File Path: "/home/runner/work/io.github.alidorgham/io.github.alidorgham/src/main/resources/dynamicObjectRepository/tests_gui_google_B_Search_FlatTest_SHAFT_navigateToGoogleHomeAndAssertGoogleLogoIsDisplayed_By_xpath_img_id_hplogo_or_alt_Google.png"]. @10-12-2021 01:32:44.0986 AM
[ReportManager] File Action [DoesFileExist] successfully performed. With the following test data [File Path: "src/main/resources/dynamicObjectRepository/tests_gui_google_B_Search_FlatTest_SHAFT_navigateToGoogleHomeAndAssertGoogleLogoIsDisplayed_By_xpath_img_id_hplogo_or_alt_Google.png"]. @10-12-2021 01:32:45.0260 AM
[ReportManager] File Action [DoesFileExist] successfully performed. With the following test data [File Path: "src/main/resources/dynamicObjectRepository/tests_gui_google_B_Search_FlatTest_SHAFT_navigateToGoogleHomeAndAssertGoogleLogoIsDisplayed_By_xpath_img_id_hplogo_or_alt_Google.png"]. @10-12-2021 01:32:45.0260 AM
[ReportManager] Loaded Shared OpenCV @10-12-2021 01:32:45.0675 AM
[ReportManager] Successfully identified the element using AI; OpenCV. @10-12-2021 01:32:45.0697 AM
[ReportManager] Assertion Passed: Asserting that the Google logo is displayed @10-12-2021 01:32:45.0698 AM
[ReportManager] Successfully created attachment [Validation Test Data - Reference Screenshot] @10-12-2021 01:32:45.0699 AM
[ReportManager] Successfully created attachment [Validation Test Data - Actual Screenshot] @10-12-2021 01:32:45.0699 AM
[ReportManager] Assertion [ValidateElementMatches] PASSED. Expected [Element should match the reference screenshot] and Actual [TRUE]. Comparison Type [EXACT_OPENCV]. Validation Type [POSITIVE]. @10-12-2021 01:32:45.0699 A
[ReportManager] Browser Action [CloseCurrentWindow] successfully performed. @10-12-2021 01:32:45.0989 AM
[ReportManager] Successfully created attachment [Browser Action Test Data - CloseCurrentWindow - Actual Value] @10-12-2021 01:32:46.0011 A
[ReportManager] File Action [GetAbsolutePath] successfully performed. With the following test data [Relative Folder Path: "target/downloadedFiles/"]. @10-12-2021 01:32:46.0026 AM
[ReportManager] Attempting to run remotely on: [Linux-64], [GoogleChrome], [http://localhost:4444/wd/hub], Headless Execution. @10-12-2021 01:32:46.0033 AM
[ReportManager] Successfully Opened [GoogleChrome]. @10-12-2021 01:32:46.0391 AM
[ReportManager] Target URL: [https://www.google.com/ncr], and after redirection: [https://www.google.com] @10-12-2021 01:32:46.0391 AM
[ReportManager] Initial URL: [data:,] @10-12-2021 01:32:46.0490 AM
[ReportManager] Browser Action [NavigateToURL] successfully performed. With the following test data [https://www.google.com/ncr]. @10-12-2021 01:32:47.0985 A

################################################################################################################################################
Starting Execution:	[3 out of 23] test cases in the current suite
Test Method:		[tests.gui.google.B_Search_FlatTest_SHAFT.navigateToGoogleHomeAndAssertPageTitle]
################################################################################################################################################
[ReportManager] Browser Action [GetCurrentWindowTitle] successfully performed. With the following test data [Google]. @10-12-2021 01:32:48.0041 AM
[ReportManager] Assertion Passed: Asserting that the page title is Google @10-12-2021 01:32:48.0571 AM
[ReportManager] Successfully created attachment [Screenshot - 1639099968246_navigateToGoogleHomeAndAssertPageTitle_ValidateBrowserAttribute_passed] @10-12-2021 01:32:48.0580 AM
[ReportManager] Assertion [ValidateBrowserAttribute] PASSED. Expected [Value Should be 'Google' for the 'Title' attribute] and Actual [Google]. Comparison Type [EQUALS]. Validation Type [POSITIVE]. @10-12-2021 01:32:48.0580 A
[ReportManager] Browser Action [CloseCurrentWindow] successfully performed. @10-12-2021 01:32:48.0781 AM
[ReportManager] Successfully created attachment [Browser Action Test Data - CloseCurrentWindow - Actual Value] @10-12-2021 01:32:48.0788 A
[ReportManager] File Action [GetAbsolutePath] successfully performed. With the following test data [Relative Folder Path: "target/downloadedFiles/"]. @10-12-2021 01:32:48.0800 AM
[ReportManager] Attempting to run remotely on: [Linux-64], [GoogleChrome], [http://localhost:4444/wd/hub], Headless Execution. @10-12-2021 01:32:48.0800 AM
[ReportManager] Successfully Opened [GoogleChrome]. @10-12-2021 01:32:49.0177 AM
[ReportManager] Target URL: [https://www.google.com/ncr], and after redirection: [https://www.google.com] @10-12-2021 01:32:49.0179 AM
[ReportManager] Initial URL: [data:,] @10-12-2021 01:32:49.0252 AM
[ReportManager] Browser Action [NavigateToURL] successfully performed. With the following test data [https://www.google.com/ncr]. @10-12-2021 01:32:50.0763 A

################################################################################################################################################
Starting Execution:	[4 out of 23] test cases in the current suite
Test Method:		[tests.gui.google.B_Search_FlatTest_SHAFT.searchForQueryAndAssertFirstResultTextIsCorrect]
################################################################################################################################################
[ReportManager] Element Action [Type] successfully performed. With the following test data [SHAFT_Engine]. @10-12-2021 01:32:51.0230 AM
[ReportManager] Element Action [KeyPress] successfully performed. With the following test data [ENTER]. @10-12-2021 01:32:53.0063 AM
[ReportManager] Element Action [GetText] successfully performed. With the following test data [SHAFT: Unified Test Automation Engine - GitHub]. @10-12-2021 01:32:53.0192 AM
[ReportManager] Loaded Shared OpenCV @10-12-2021 01:32:53.0565 AM
[ReportManager] Assertion Failed: Asserting that the correct first result is displayed @10-12-2021 01:32:53.0798 AM
[ReportManager] Successfully created attachment [Screenshot - 1639099973565_searchForQueryAndAssertFirstResultTextIsCorrect_ValidateElementAttribute_failed] @10-12-2021 01:32:53.0806 AM
[ReportManager] Assertion [ValidateElementAttribute] FAILED. Expected [Value Should be 'MohabMohie' for the 'Text' attribute, element locator 'By.xpath: (//h1[contains(text(),'Search Result')]/following-sibling::div//a/h3)[1]'] and Actual [SHAFT: Unified Test Automation Engine - GitHub]. Comparison Type [CONTAINS]. Validation Type [POSITIVE]. @10-12-2021 01:32:53.0806 A
[ReportManager] Browser Action [CloseCurrentWindow] successfully performed. @10-12-2021 01:32:54.0135 AM
[ReportManager] Successfully created attachment [Browser Action Test Data - CloseCurrentWindow - Actual Value] @10-12-2021 01:32:54.0140 A
[ReportManager] File Action [GetAbsolutePath] successfully performed. With the following test data [Relative Folder Path: "target/downloadedFiles/"]. @10-12-2021 01:32:54.0147 AM
[ReportManager] Attempting to run remotely on: [Linux-64], [GoogleChrome], [http://localhost:4444/wd/hub], Headless Execution. @10-12-2021 01:32:54.0147 AM
[ReportManager] Successfully Opened [GoogleChrome]. @10-12-2021 01:32:54.0525 AM
[ReportManager] Target URL: [https://www.google.com/ncr], and after redirection: [https://www.google.com] @10-12-2021 01:32:54.0534 AM
[ReportManager] Initial URL: [data:,] @10-12-2021 01:32:54.0616 AM
[ReportManager] Browser Action [NavigateToURL] successfully performed. With the following test data [https://www.google.com/ncr]. @10-12-2021 01:32:56.0011 A

################################################################################################################################################
Starting Execution:	[5 out of 23] test cases in the current suite
Test Method:		[tests.gui.google.C_Search_PageObjectModel_Traditional.navigateToGoogleHomeAndAssertGoogleLogoIsDisplayed]
################################################################################################################################################
[ReportManager] Element Action [IsElementDisplayed] successfully performed. @10-12-2021 01:32:56.0136 AM
[ReportManager] Assertion Passed: Asserting that the Google logo is displayed @10-12-2021 01:32:56.0136 AM
[ReportManager] Assertion [ValidateTrue] PASSED. Expected [TRUE] and Actual [TRUE]. Validation Type [POSITIVE]. @10-12-2021 01:32:56.0136 A
[ReportManager] Browser Action [CloseCurrentWindow] successfully performed. @10-12-2021 01:32:56.0340 AM
[ReportManager] Successfully created attachment [Browser Action Test Data - CloseCurrentWindow - Actual Value] @10-12-2021 01:32:56.0344 A
[ReportManager] File Action [GetAbsolutePath] successfully performed. With the following test data [Relative Folder Path: "target/downloadedFiles/"]. @10-12-2021 01:32:56.0351 AM
[ReportManager] Attempting to run remotely on: [Linux-64], [GoogleChrome], [http://localhost:4444/wd/hub], Headless Execution. @10-12-2021 01:32:56.0351 AM
[ReportManager] Successfully Opened [GoogleChrome]. @10-12-2021 01:32:56.0568 AM
[ReportManager] Target URL: [https://www.google.com/ncr], and after redirection: [https://www.google.com] @10-12-2021 01:32:56.0568 AM
[ReportManager] Initial URL: [data:,] @10-12-2021 01:32:56.0649 AM
[ReportManager] Browser Action [NavigateToURL] successfully performed. With the following test data [https://www.google.com/ncr]. @10-12-2021 01:32:58.0032 A

################################################################################################################################################
Starting Execution:	[6 out of 23] test cases in the current suite
Test Method:		[tests.gui.google.C_Search_PageObjectModel_Traditional.navigateToGoogleHomeAndAssertPageTitle]
################################################################################################################################################
[ReportManager] Browser Action [GetCurrentWindowTitle] successfully performed. With the following test data [Google]. @10-12-2021 01:32:58.0083 AM
[ReportManager] Assertion Passed: Asserting that the page title is Google @10-12-2021 01:32:58.0084 AM
[ReportManager] Assertion [ValidateEquals] PASSED. Expected [Google] and Actual [Google]. Comparison Type [EQUALS]. Validation Type [POSITIVE]. @10-12-2021 01:32:58.0084 A
[ReportManager] Browser Action [CloseCurrentWindow] successfully performed. @10-12-2021 01:32:58.0320 AM
[ReportManager] Successfully created attachment [Browser Action Test Data - CloseCurrentWindow - Actual Value] @10-12-2021 01:32:58.0323 A
[ReportManager] File Action [GetAbsolutePath] successfully performed. With the following test data [Relative Folder Path: "target/downloadedFiles/"]. @10-12-2021 01:32:58.0328 AM
[ReportManager] Attempting to run remotely on: [Linux-64], [GoogleChrome], [http://localhost:4444/wd/hub], Headless Execution. @10-12-2021 01:32:58.0328 AM
[ReportManager] Successfully Opened [GoogleChrome]. @10-12-2021 01:32:58.0537 AM
[ReportManager] Target URL: [https://www.google.com/ncr], and after redirection: [https://www.google.com] @10-12-2021 01:32:58.0537 AM
[ReportManager] Initial URL: [data:,] @10-12-2021 01:32:58.0623 AM
[ReportManager] Browser Action [NavigateToURL] successfully performed. With the following test data [https://www.google.com/ncr]. @10-12-2021 01:33:00.0094 A

################################################################################################################################################
Starting Execution:	[7 out of 23] test cases in the current suite
Test Method:		[tests.gui.google.C_Search_PageObjectModel_Traditional.searchForQueryAndAssertFirstResultTextIsCorrect]
################################################################################################################################################
[ReportManager] Element Action [Type] successfully performed. With the following test data [SHAFT_Engine]. @10-12-2021 01:33:00.0518 AM
[ReportManager] Element Action [KeyPress] successfully performed. With the following test data [ENTER]. @10-12-2021 01:33:02.0175 AM
[ReportManager] Element Action [GetText] successfully performed. With the following test data [SHAFT: Unified Test Automation Engine - GitHub]. @10-12-2021 01:33:02.0325 AM
[ReportManager] Assertion Failed: Asserting that the correct first result is displayed @10-12-2021 01:33:02.0326 AM
[ReportManager] Assertion [ValidateEquals] FAILED. Expected [MohabMohie] and Actual [SHAFT: Unified Test Automation Engine - GitHub]. Comparison Type [CONTAINS]. Validation Type [POSITIVE]. @10-12-2021 01:33:02.0326 A
[ReportManager] Browser Action [CloseCurrentWindow] successfully performed. @10-12-2021 01:33:02.0636 AM
[ReportManager] Successfully created attachment [Browser Action Test Data - CloseCurrentWindow - Actual Value] @10-12-2021 01:33:02.0641 A



################################################################################################################################################
Starting Execution:	[8 out of 23] test cases in the current suite
Test Method:		[tests.gui.google.A_Search_FlatTest_NativeSeleniumWebDriver.navigateToGoogleHomeAndAssertGoogleLogoIsDisplayed]
###############################################################################################################################################



################################################################################################################################################
Starting Execution:	[9 out of 23] test cases in the current suite
Test Method:		[tests.gui.google.A_Search_FlatTest_NativeSeleniumWebDriver.navigateToGoogleHomeAndAssertPageTitle]
###############################################################################################################################################



################################################################################################################################################
Starting Execution:	[10 out of 23] test cases in the current suite
Test Method:		[tests.gui.google.A_Search_FlatTest_NativeSeleniumWebDriver.searchForQueryAndAssertFirstResultTextIsCorrect]
###############################################################################################################################################

[ReportManager] An Exception Occured with this Message: src/test/resources/testDataFiles/Google/SimpleSearch.xlsx (No such file or directory). @10-12-2021 01:33:27.0513 AM
[ReportManager] Successfully created attachment [Exception Stack Trace - java.io.FileNotFoundException] @10-12-2021 01:33:27.0513 AM
[ReportManager] Couldn't find the desired file. [src/test/resources/testDataFiles/Google/SimpleSearch.xlsx]. @10-12-2021 01:33:27.0514 A


################################################################################################################################################
Starting Execution:	[11 out of 23] test cases in the current suite
Test Method:		[tests.gui.google.E_Search_PageObjectModel_Traditional_SHAFTAssertions.navigateToGoogleHomeAndAssertGoogleLogoIsDisplayed]
###############################################################################################################################################



################################################################################################################################################
Starting Execution:	[12 out of 23] test cases in the current suite
Test Method:		[tests.gui.google.E_Search_PageObjectModel_Traditional_SHAFTAssertions.navigateToGoogleHomeAndAssertPageTitle]
###############################################################################################################################################



################################################################################################################################################
Starting Execution:	[13 out of 23] test cases in the current suite
Test Method:		[tests.gui.google.E_Search_PageObjectModel_Traditional_SHAFTAssertions.searchForQueryAndAssertFirstResultTextIsCorrect]
###############################################################################################################################################

[ReportManager] An Exception Occured with this Message: src/test/resources/testDataFiles/Google/SimpleSearch.xlsx (No such file or directory). @10-12-2021 01:33:27.0573 AM
[ReportManager] Successfully created attachment [Exception Stack Trace - java.io.FileNotFoundException] @10-12-2021 01:33:27.0576 AM
[ReportManager] Couldn't find the desired file. [src/test/resources/testDataFiles/Google/SimpleSearch.xlsx]. @10-12-2021 01:33:27.0576 A


################################################################################################################################################
Starting Execution:	[14 out of 23] test cases in the current suite
Test Method:		[tests.gui.google.D_Search_PageObjectModel_Traditional_DataDriven.navigateToGoogleHomeAndAssertGoogleLogoIsDisplayed]
###############################################################################################################################################



################################################################################################################################################
Starting Execution:	[15 out of 23] test cases in the current suite
Test Method:		[tests.gui.google.D_Search_PageObjectModel_Traditional_DataDriven.navigateToGoogleHomeAndAssertPageTitle]
###############################################################################################################################################



################################################################################################################################################
Starting Execution:	[16 out of 23] test cases in the current suite
Test Method:		[tests.gui.google.D_Search_PageObjectModel_Traditional_DataDriven.searchForQueryAndAssertFirstResultTextIsCorrect]
###############################################################################################################################################

[ReportManager] An Exception Occured with this Message: src/test/resources/testDataFiles/Google/SimpleSearch.xlsx (No such file or directory). @10-12-2021 01:33:27.0608 AM
[ReportManager] Successfully created attachment [Exception Stack Trace - java.io.FileNotFoundException] @10-12-2021 01:33:27.0608 AM
[ReportManager] Couldn't find the desired file. [src/test/resources/testDataFiles/Google/SimpleSearch.xlsx]. @10-12-2021 01:33:27.0608 A


################################################################################################################################################
Starting Execution:	[17 out of 23] test cases in the current suite
Test Method:		[tests.gui.google.G_Search_PageObjectModel_ThreadSafe.navigateToGoogleHomeAndAssertGoogleLogoIsDisplayed]
###############################################################################################################################################



################################################################################################################################################
Starting Execution:	[18 out of 23] test cases in the current suite
Test Method:		[tests.gui.google.G_Search_PageObjectModel_ThreadSafe.navigateToGoogleHomeAndAssertPageTitle]
###############################################################################################################################################



################################################################################################################################################
Starting Execution:	[19 out of 23] test cases in the current suite
Test Method:		[tests.gui.google.G_Search_PageObjectModel_ThreadSafe.searchForQueryAndAssertFirstResultTextIsCorrect]
###############################################################################################################################################

[ReportManager] An Exception Occured with this Message: src/test/resources/testDataFiles/Google/SimpleSearch.xlsx (No such file or directory). @10-12-2021 01:33:27.0638 AM
[ReportManager] Successfully created attachment [Exception Stack Trace - java.io.FileNotFoundException] @10-12-2021 01:33:27.0638 AM
[ReportManager] Couldn't find the desired file. [src/test/resources/testDataFiles/Google/SimpleSearch.xlsx]. @10-12-2021 01:33:27.0640 A


################################################################################################################################################
Starting Execution:	[20 out of 23] test cases in the current suite
Test Method:		[tests.gui.google.F_Search_PageObjectModel_Fluent.navigateToGoogleHomeAndAssertGoogleLogoIsDisplayed]
###############################################################################################################################################



################################################################################################################################################
Starting Execution:	[21 out of 23] test cases in the current suite
Test Method:		[tests.gui.google.F_Search_PageObjectModel_Fluent.navigateToGoogleHomeAndAssertPageTitle]
###############################################################################################################################################



################################################################################################################################################
Starting Execution:	[22 out of 23] test cases in the current suite
Test Method:		[tests.gui.google.F_Search_PageObjectModel_Fluent.searchForQueryAndAssertFirstResultTextIsCorrect]
###############################################################################################################################################


################################################################################################################################################
Starting Execution:	[23 out of 23] test cases in the current suite
Test Method:		[tests.cli.demo.cliTest.sampleTestCase]
################################################################################################################################################
[ReportManager] Attempting to perform the following command locally. Command: [ls] @10-12-2021 01:33:27.0680 AM
[ReportManager] Terminal Action [PerformTerminalCommands] successfully performed. With the following test data [Host Name: "localHost" | Command: "ls" | Exit Status: "0"]. @10-12-2021 01:33:27.0685 AM
[ReportManager] Successfully created attachment [Terminal Action Actual Result - Command Log] @10-12-2021 01:33:27.0685 AM
[ReportManager] Assertion Passed: Demoing local terminal actions @10-12-2021 01:33:27.0688 AM
[ReportManager] Assertion [ValidateEquals] PASSED. Expected [pom.xml] and Actual [LICENSE
README.md
allure-results
docker-compose_native.yml
docker-compose_zalenium.yml
extent-reports
pom.xml
readMeImgs
src
target]. Comparison Type [CONTAINS]. Validation Type [POSITIVE]. @10-12-2021 01:33:27.0688 A
[ReportManager] Successfully created attachment [SHAFT Engine Logs - Execution log] @10-12-2021 01:33:27.0720 AM

################################################################################################################################################
This test run was powered by SHAFT Engine Version: [SHAFT Engine v5.4.20211117-BETA]
SHAFT Engine is licensed under the MIT License: [https://github.com/MohabMohie/SHAFT_ENGINE/blob/master/LICENSE].
################################################################################################################################################