################################################################################################################################################
Detected SHAFT Engine Version: [SHAFT Engine v5.4.20211117-BETA]
################################################################################################################################################
[ReportManager] File Action [GetAbsolutePath] successfully performed. With the following test data [Relative Folder Path: "target/downloadedFiles/"]. @15-12-2021 06:38:00.0611 AM
[ReportManager] Attempting to run remotely on: [Linux-64], [GoogleChrome], [http://localhost:4444/wd/hub], Headless Execution. @15-12-2021 06:38:00.0626 AM
[ReportManager] Successfully Opened [GoogleChrome]. @15-12-2021 06:38:02.0468 AM
[ReportManager] Target URL: [https://www.google.com/ncr], and after redirection: [https://www.google.com] @15-12-2021 06:38:02.0477 AM
[ReportManager] Initial URL: [data:,] @15-12-2021 06:38:02.0599 AM
[ReportManager] Browser Action [NavigateToURL] successfully performed. With the following test data [https://www.google.com/ncr]. @15-12-2021 06:38:04.0415 A

################################################################################################################################################
Starting Execution:	[1 out of 23] test cases in the current suite
Test Method:		[tests.gui.google.B_Search_FlatTest_SHAFT.navigateToGoogleHomeAndAssertGoogleLogoIsDisplayed]
################################################################################################################################################
[ReportManager] File Action [DoesFileExist] successfully performed. With the following test data [File Path: "src/main/resources/dynamicObjectRepository/tests_gui_google_B_Search_FlatTest_SHAFT_navigateToGoogleHomeAndAssertGoogleLogoIsDisplayed_By_xpath_img_id_hplogo_or_alt_Google.png"]. @15-12-2021 06:38:04.0558 AM
[ReportManager] File Action [GetAbsolutePath] successfully performed. With the following test data [Relative Folder Path: "src/main/resources/dynamicObjectRepository/tests_gui_google_B_Search_FlatTest_SHAFT_navigateToGoogleHomeAndAssertGoogleLogoIsDisplayed_By_xpath_img_id_hplogo_or_alt_Google.png"]. @15-12-2021 06:38:04.0559 AM
[ReportManager] File Action [ReadFromImageFile] successfully performed. With the following test data [File Path: "/home/runner/work/io.github.alidorgham/io.github.alidorgham/src/main/resources/dynamicObjectRepository/tests_gui_google_B_Search_FlatTest_SHAFT_navigateToGoogleHomeAndAssertGoogleLogoIsDisplayed_By_xpath_img_id_hplogo_or_alt_Google.png"]. @15-12-2021 06:38:04.0559 AM
[ReportManager] File Action [DoesFileExist] successfully performed. With the following test data [File Path: "src/main/resources/dynamicObjectRepository/tests_gui_google_B_Search_FlatTest_SHAFT_navigateToGoogleHomeAndAssertGoogleLogoIsDisplayed_By_xpath_img_id_hplogo_or_alt_Google.png"]. @15-12-2021 06:38:04.0850 AM
[ReportManager] File Action [DoesFileExist] successfully performed. With the following test data [File Path: "src/main/resources/dynamicObjectRepository/tests_gui_google_B_Search_FlatTest_SHAFT_navigateToGoogleHomeAndAssertGoogleLogoIsDisplayed_By_xpath_img_id_hplogo_or_alt_Google.png"]. @15-12-2021 06:38:04.0850 AM
[ReportManager] Loaded Shared OpenCV @15-12-2021 06:38:05.0288 AM
[ReportManager] Successfully identified the element using AI; OpenCV. @15-12-2021 06:38:05.0311 AM
[ReportManager] Assertion Passed: Asserting that the Google logo is displayed @15-12-2021 06:38:05.0313 AM
[ReportManager] Successfully created attachment [Validation Test Data - Reference Screenshot] @15-12-2021 06:38:05.0317 AM
[ReportManager] Successfully created attachment [Validation Test Data - Actual Screenshot] @15-12-2021 06:38:05.0318 AM
[ReportManager] Assertion [ValidateElementMatches] PASSED. Expected [Element should match the reference screenshot] and Actual [TRUE]. Comparison Type [EXACT_OPENCV]. Validation Type [POSITIVE]. @15-12-2021 06:38:05.0319 A
[ReportManager] Browser Action [CloseCurrentWindow] successfully performed. @15-12-2021 06:38:05.0610 AM
[ReportManager] Successfully created attachment [Browser Action Test Data - CloseCurrentWindow - Actual Value] @15-12-2021 06:38:05.0618 A
[ReportManager] File Action [GetAbsolutePath] successfully performed. With the following test data [Relative Folder Path: "target/downloadedFiles/"]. @15-12-2021 06:38:05.0650 AM
[ReportManager] Attempting to run remotely on: [Linux-64], [GoogleChrome], [http://localhost:4444/wd/hub], Headless Execution. @15-12-2021 06:38:05.0650 AM
[ReportManager] Successfully Opened [GoogleChrome]. @15-12-2021 06:38:06.0030 AM
[ReportManager] Target URL: [https://www.google.com/ncr], and after redirection: [https://www.google.com] @15-12-2021 06:38:06.0032 AM
[ReportManager] Initial URL: [data:,] @15-12-2021 06:38:06.0125 AM
[ReportManager] Browser Action [NavigateToURL] successfully performed. With the following test data [https://www.google.com/ncr]. @15-12-2021 06:38:07.0618 A

################################################################################################################################################
Starting Execution:	[2 out of 23] test cases in the current suite
Test Method:		[tests.gui.google.B_Search_FlatTest_SHAFT.navigateToGoogleHomeAndAssertPageTitle]
################################################################################################################################################
[ReportManager] Browser Action [GetCurrentWindowTitle] successfully performed. With the following test data [Google]. @15-12-2021 06:38:07.0711 AM
[ReportManager] Assertion Passed: Asserting that the page title is Google @15-12-2021 06:38:08.0260 AM
[ReportManager] Successfully created attachment [Screenshot - 1639550287928_navigateToGoogleHomeAndAssertPageTitle_ValidateBrowserAttribute_passed] @15-12-2021 06:38:08.0276 AM
[ReportManager] Assertion [ValidateBrowserAttribute] PASSED. Expected [Value Should be 'Google' for the 'Title' attribute] and Actual [Google]. Comparison Type [EQUALS]. Validation Type [POSITIVE]. @15-12-2021 06:38:08.0276 A
[ReportManager] Browser Action [CloseCurrentWindow] successfully performed. @15-12-2021 06:38:08.0495 AM
[ReportManager] Successfully created attachment [Browser Action Test Data - CloseCurrentWindow - Actual Value] @15-12-2021 06:38:08.0499 A
[ReportManager] File Action [GetAbsolutePath] successfully performed. With the following test data [Relative Folder Path: "target/downloadedFiles/"]. @15-12-2021 06:38:08.0506 AM
[ReportManager] Attempting to run remotely on: [Linux-64], [GoogleChrome], [http://localhost:4444/wd/hub], Headless Execution. @15-12-2021 06:38:08.0506 AM
[ReportManager] Successfully Opened [GoogleChrome]. @15-12-2021 06:38:08.0934 AM
[ReportManager] Target URL: [https://www.google.com/ncr], and after redirection: [https://www.google.com] @15-12-2021 06:38:08.0935 AM
[ReportManager] Initial URL: [data:,] @15-12-2021 06:38:09.0012 AM
[ReportManager] Browser Action [NavigateToURL] successfully performed. With the following test data [https://www.google.com/ncr]. @15-12-2021 06:38:10.0416 A

################################################################################################################################################
Starting Execution:	[3 out of 23] test cases in the current suite
Test Method:		[tests.gui.google.B_Search_FlatTest_SHAFT.searchForQueryAndAssertFirstResultTextIsCorrect]
################################################################################################################################################
[ReportManager] Element Action [Type] successfully performed. With the following test data [SHAFT_Engine]. @15-12-2021 06:38:10.0867 AM
[ReportManager] Element Action [KeyPress] successfully performed. With the following test data [ENTER]. @15-12-2021 06:38:12.0215 AM
[ReportManager] Element Action [GetText] successfully performed. With the following test data [SHAFT: Unified Test Automation Engine - GitHub]. @15-12-2021 06:38:12.0339 AM
[ReportManager] Loaded Shared OpenCV @15-12-2021 06:38:12.0763 AM
[ReportManager] Assertion Failed: Asserting that the correct first result is displayed @15-12-2021 06:38:13.0089 AM
[ReportManager] Successfully created attachment [Screenshot - 1639550292763_searchForQueryAndAssertFirstResultTextIsCorrect_ValidateElementAttribute_failed] @15-12-2021 06:38:13.0097 AM
[ReportManager] Assertion [ValidateElementAttribute] FAILED. Expected [Value Should be 'MohabMohie' for the 'Text' attribute, element locator 'By.xpath: (//h1[contains(text(),'Search Result')]/following-sibling::div//a/h3)[1]'] and Actual [SHAFT: Unified Test Automation Engine - GitHub]. Comparison Type [CONTAINS]. Validation Type [POSITIVE]. @15-12-2021 06:38:13.0097 A
[ReportManager] Browser Action [CloseCurrentWindow] successfully performed. @15-12-2021 06:38:13.0420 AM
[ReportManager] Successfully created attachment [Browser Action Test Data - CloseCurrentWindow - Actual Value] @15-12-2021 06:38:13.0429 A
[ReportManager] An Exception Occured with this Message: src/test/resources/testDataFiles/Google/SimpleSearch.xlsx (No such file or directory). @15-12-2021 06:38:13.0439 AM
[ReportManager] Successfully created attachment [Exception Stack Trace - java.io.FileNotFoundException] @15-12-2021 06:38:13.0439 AM
[ReportManager] Couldn't find the desired file. [src/test/resources/testDataFiles/Google/SimpleSearch.xlsx]. @15-12-2021 06:38:13.0440 A


################################################################################################################################################
Starting Execution:	[4 out of 23] test cases in the current suite
Test Method:		[tests.gui.google.G_Search_PageObjectModel_ThreadSafe.navigateToGoogleHomeAndAssertGoogleLogoIsDisplayed]
###############################################################################################################################################



################################################################################################################################################
Starting Execution:	[5 out of 23] test cases in the current suite
Test Method:		[tests.gui.google.G_Search_PageObjectModel_ThreadSafe.navigateToGoogleHomeAndAssertPageTitle]
###############################################################################################################################################



################################################################################################################################################
Starting Execution:	[6 out of 23] test cases in the current suite
Test Method:		[tests.gui.google.G_Search_PageObjectModel_ThreadSafe.searchForQueryAndAssertFirstResultTextIsCorrect]
###############################################################################################################################################

[ReportManager] File Action [GetAbsolutePath] successfully performed. With the following test data [Relative Folder Path: "target/downloadedFiles/"]. @15-12-2021 06:38:13.0467 AM
[ReportManager] Attempting to run remotely on: [Linux-64], [GoogleChrome], [http://localhost:4444/wd/hub], Headless Execution. @15-12-2021 06:38:13.0467 AM
[ReportManager] Successfully Opened [GoogleChrome]. @15-12-2021 06:38:13.0821 AM
[ReportManager] Target URL: [https://www.google.com/ncr], and after redirection: [https://www.google.com] @15-12-2021 06:38:13.0826 AM
[ReportManager] Initial URL: [data:,] @15-12-2021 06:38:13.0892 AM
[ReportManager] Browser Action [NavigateToURL] successfully performed. With the following test data [https://www.google.com/ncr]. @15-12-2021 06:38:15.0307 A

################################################################################################################################################
Starting Execution:	[7 out of 23] test cases in the current suite
Test Method:		[tests.gui.google.C_Search_PageObjectModel_Traditional.navigateToGoogleHomeAndAssertGoogleLogoIsDisplayed]
################################################################################################################################################
[ReportManager] Element Action [IsElementDisplayed] successfully performed. @15-12-2021 06:38:15.0429 AM
[ReportManager] Assertion Passed: Asserting that the Google logo is displayed @15-12-2021 06:38:15.0430 AM
[ReportManager] Assertion [ValidateTrue] PASSED. Expected [TRUE] and Actual [TRUE]. Validation Type [POSITIVE]. @15-12-2021 06:38:15.0430 A
[ReportManager] Browser Action [CloseCurrentWindow] successfully performed. @15-12-2021 06:38:15.0633 AM
[ReportManager] Successfully created attachment [Browser Action Test Data - CloseCurrentWindow - Actual Value] @15-12-2021 06:38:15.0635 A
[ReportManager] File Action [GetAbsolutePath] successfully performed. With the following test data [Relative Folder Path: "target/downloadedFiles/"]. @15-12-2021 06:38:15.0646 AM
[ReportManager] Attempting to run remotely on: [Linux-64], [GoogleChrome], [http://localhost:4444/wd/hub], Headless Execution. @15-12-2021 06:38:15.0648 AM
[ReportManager] Successfully Opened [GoogleChrome]. @15-12-2021 06:38:15.0893 AM
[ReportManager] Target URL: [https://www.google.com/ncr], and after redirection: [https://www.google.com] @15-12-2021 06:38:15.0893 AM
[ReportManager] Initial URL: [data:,] @15-12-2021 06:38:15.0959 AM
[ReportManager] Browser Action [NavigateToURL] successfully performed. With the following test data [https://www.google.com/ncr]. @15-12-2021 06:38:17.0350 A

################################################################################################################################################
Starting Execution:	[8 out of 23] test cases in the current suite
Test Method:		[tests.gui.google.C_Search_PageObjectModel_Traditional.navigateToGoogleHomeAndAssertPageTitle]
################################################################################################################################################
[ReportManager] Browser Action [GetCurrentWindowTitle] successfully performed. With the following test data [Google]. @15-12-2021 06:38:17.0396 AM
[ReportManager] Assertion Passed: Asserting that the page title is Google @15-12-2021 06:38:17.0397 AM
[ReportManager] Assertion [ValidateEquals] PASSED. Expected [Google] and Actual [Google]. Comparison Type [EQUALS]. Validation Type [POSITIVE]. @15-12-2021 06:38:17.0397 A
[ReportManager] Browser Action [CloseCurrentWindow] successfully performed. @15-12-2021 06:38:17.0615 AM
[ReportManager] Successfully created attachment [Browser Action Test Data - CloseCurrentWindow - Actual Value] @15-12-2021 06:38:17.0618 A
[ReportManager] File Action [GetAbsolutePath] successfully performed. With the following test data [Relative Folder Path: "target/downloadedFiles/"]. @15-12-2021 06:38:17.0626 AM
[ReportManager] Attempting to run remotely on: [Linux-64], [GoogleChrome], [http://localhost:4444/wd/hub], Headless Execution. @15-12-2021 06:38:17.0626 AM
[ReportManager] Successfully Opened [GoogleChrome]. @15-12-2021 06:38:17.0841 AM
[ReportManager] Target URL: [https://www.google.com/ncr], and after redirection: [https://www.google.com] @15-12-2021 06:38:17.0841 AM
[ReportManager] Initial URL: [data:,] @15-12-2021 06:38:17.0921 AM
[ReportManager] Browser Action [NavigateToURL] successfully performed. With the following test data [https://www.google.com/ncr]. @15-12-2021 06:38:20.0990 A

################################################################################################################################################
Starting Execution:	[9 out of 23] test cases in the current suite
Test Method:		[tests.gui.google.C_Search_PageObjectModel_Traditional.searchForQueryAndAssertFirstResultTextIsCorrect]
################################################################################################################################################
[ReportManager] Element Action [Type] successfully performed. With the following test data [SHAFT_Engine]. @15-12-2021 06:38:21.0404 AM
[ReportManager] Element Action [KeyPress] successfully performed. With the following test data [ENTER]. @15-12-2021 06:38:22.0735 AM
[ReportManager] Element Action [GetText] successfully performed. With the following test data [SHAFT: Unified Test Automation Engine - GitHub]. @15-12-2021 06:38:22.0857 AM
[ReportManager] Assertion Failed: Asserting that the correct first result is displayed @15-12-2021 06:38:22.0858 AM
[ReportManager] Assertion [ValidateEquals] FAILED. Expected [MohabMohie] and Actual [SHAFT: Unified Test Automation Engine - GitHub]. Comparison Type [CONTAINS]. Validation Type [POSITIVE]. @15-12-2021 06:38:22.0858 A
[ReportManager] Browser Action [CloseCurrentWindow] successfully performed. @15-12-2021 06:38:23.0145 AM
[ReportManager] Successfully created attachment [Browser Action Test Data - CloseCurrentWindow - Actual Value] @15-12-2021 06:38:23.0149 A
[ReportManager] An Exception Occured with this Message: src/test/resources/testDataFiles/Google/SimpleSearch.xlsx (No such file or directory). @15-12-2021 06:38:23.0155 AM
[ReportManager] Successfully created attachment [Exception Stack Trace - java.io.FileNotFoundException] @15-12-2021 06:38:23.0155 AM
[ReportManager] Couldn't find the desired file. [src/test/resources/testDataFiles/Google/SimpleSearch.xlsx]. @15-12-2021 06:38:23.0156 A


################################################################################################################################################
Starting Execution:	[10 out of 23] test cases in the current suite
Test Method:		[tests.gui.google.F_Search_PageObjectModel_Fluent.navigateToGoogleHomeAndAssertGoogleLogoIsDisplayed]
###############################################################################################################################################



################################################################################################################################################
Starting Execution:	[11 out of 23] test cases in the current suite
Test Method:		[tests.gui.google.F_Search_PageObjectModel_Fluent.navigateToGoogleHomeAndAssertPageTitle]
###############################################################################################################################################



################################################################################################################################################
Starting Execution:	[12 out of 23] test cases in the current suite
Test Method:		[tests.gui.google.F_Search_PageObjectModel_Fluent.searchForQueryAndAssertFirstResultTextIsCorrect]
###############################################################################################################################################

[ReportManager] An Exception Occured with this Message: src/test/resources/testDataFiles/Google/SimpleSearch.xlsx (No such file or directory). @15-12-2021 06:38:23.0178 AM
[ReportManager] Successfully created attachment [Exception Stack Trace - java.io.FileNotFoundException] @15-12-2021 06:38:23.0179 AM
[ReportManager] Couldn't find the desired file. [src/test/resources/testDataFiles/Google/SimpleSearch.xlsx]. @15-12-2021 06:38:23.0179 A


################################################################################################################################################
Starting Execution:	[13 out of 23] test cases in the current suite
Test Method:		[tests.gui.google.E_Search_PageObjectModel_Traditional_SHAFTAssertions.navigateToGoogleHomeAndAssertGoogleLogoIsDisplayed]
###############################################################################################################################################



################################################################################################################################################
Starting Execution:	[14 out of 23] test cases in the current suite
Test Method:		[tests.gui.google.E_Search_PageObjectModel_Traditional_SHAFTAssertions.navigateToGoogleHomeAndAssertPageTitle]
###############################################################################################################################################



################################################################################################################################################
Starting Execution:	[15 out of 23] test cases in the current suite
Test Method:		[tests.gui.google.E_Search_PageObjectModel_Traditional_SHAFTAssertions.searchForQueryAndAssertFirstResultTextIsCorrect]
###############################################################################################################################################

[ReportManager] An Exception Occured with this Message: src/test/resources/testDataFiles/Google/SimpleSearch.xlsx (No such file or directory). @15-12-2021 06:38:23.0214 AM
[ReportManager] Successfully created attachment [Exception Stack Trace - java.io.FileNotFoundException] @15-12-2021 06:38:23.0214 AM
[ReportManager] Couldn't find the desired file. [src/test/resources/testDataFiles/Google/SimpleSearch.xlsx]. @15-12-2021 06:38:23.0215 A


################################################################################################################################################
Starting Execution:	[16 out of 23] test cases in the current suite
Test Method:		[tests.gui.google.D_Search_PageObjectModel_Traditional_DataDriven.navigateToGoogleHomeAndAssertGoogleLogoIsDisplayed]
###############################################################################################################################################



################################################################################################################################################
Starting Execution:	[17 out of 23] test cases in the current suite
Test Method:		[tests.gui.google.D_Search_PageObjectModel_Traditional_DataDriven.navigateToGoogleHomeAndAssertPageTitle]
###############################################################################################################################################



################################################################################################################################################
Starting Execution:	[18 out of 23] test cases in the current suite
Test Method:		[tests.gui.google.D_Search_PageObjectModel_Traditional_DataDriven.searchForQueryAndAssertFirstResultTextIsCorrect]
###############################################################################################################################################




################################################################################################################################################
Starting Execution:	[19 out of 23] test cases in the current suite
Test Method:		[tests.gui.google.A_Search_FlatTest_NativeSeleniumWebDriver.navigateToGoogleHomeAndAssertGoogleLogoIsDisplayed]
###############################################################################################################################################



################################################################################################################################################
Starting Execution:	[20 out of 23] test cases in the current suite
Test Method:		[tests.gui.google.A_Search_FlatTest_NativeSeleniumWebDriver.navigateToGoogleHomeAndAssertPageTitle]
###############################################################################################################################################



################################################################################################################################################
Starting Execution:	[21 out of 23] test cases in the current suite
Test Method:		[tests.gui.google.A_Search_FlatTest_NativeSeleniumWebDriver.searchForQueryAndAssertFirstResultTextIsCorrect]
###############################################################################################################################################


################################################################################################################################################
Starting Execution:	[22 out of 23] test cases in the current suite
Test Method:		[tests.api.users.UserData.validateUserEmail]
################################################################################################################################################
[ReportManager] Response status code: [200], status line: [HTTP/1.1 200 OK] @15-12-2021 06:38:50.0768 AM
[ReportManager] Assertion Passed: Evaluating the actual response status code against the expected one... @15-12-2021 06:38:50.0779 AM
[ReportManager] Assertion [ValidateComparativeRelation] PASSED. Expected [200] and Actual [200]. Comparison Type [EQUALS]. Validation Type [POSITIVE]. @15-12-2021 06:38:50.0779 AM
[ReportManager] API Action [PerformRequest] successfully performed. With the following test data [Request Type: "GET" | Target Status Code: "200" | Service URL: "https://jsonplaceholder.typicode.com/users" | Content Type: "*/*" | Response Time: "707ms"]. @15-12-2021 06:38:51.0718 AM
[ReportManager] Successfully created attachment [API Request - Specifications] @15-12-2021 06:38:51.0719 AM
[ReportManager] Successfully created attachment [API Response - JSON Body] @15-12-2021 06:38:51.0984 AM
[ReportManager] Assertion [ValidateEquals] PASSED. Expected and Actual values are attached. Comparison Type [CONTAINS]. Validation Type [POSITIVE]. @15-12-2021 06:38:51.0984 AM
[ReportManager] Successfully created attachment [Validation Test Data - Expected Value] @15-12-2021 06:38:51.0985 AM
[ReportManager] Successfully created attachment [Validation Test Data - Actual Value] @15-12-2021 06:38:51.0985 AM
[ReportManager] API Action [GetResponseJSONValueAsList] successfully performed. With the following test data [$]. @15-12-2021 06:38:51.0993 AM
[ReportManager] API Action [GetResponseJSONValue] successfully performed. With the following test data [name]. @15-12-2021 06:38:52.0026 AM
[ReportManager] API Action [GetResponseJSONValue] successfully performed. With the following test data [email]. @15-12-2021 06:38:52.0049 AM
[ReportManager] Assertion [ValidateEquals] PASSED. Expected [Sincere@april.biz] and Actual [Sincere@april.biz]. Comparison Type [EQUALS]. Validation Type [POSITIVE]. @15-12-2021 06:38:52.0049 AM
[ReportManager] API Action [GetResponseJSONValue] successfully performed. With the following test data [name]. @15-12-2021 06:38:52.0074 AM
[ReportManager] API Action [GetResponseJSONValue] successfully performed. With the following test data [name]. @15-12-2021 06:38:52.0090 AM
[ReportManager] API Action [GetResponseJSONValue] successfully performed. With the following test data [name]. @15-12-2021 06:38:52.0108 AM
[ReportManager] API Action [GetResponseJSONValue] successfully performed. With the following test data [name]. @15-12-2021 06:38:52.0129 AM
[ReportManager] API Action [GetResponseJSONValue] successfully performed. With the following test data [name]. @15-12-2021 06:38:52.0145 AM
[ReportManager] API Action [GetResponseJSONValue] successfully performed. With the following test data [name]. @15-12-2021 06:38:52.0159 AM
[ReportManager] API Action [GetResponseJSONValue] successfully performed. With the following test data [name]. @15-12-2021 06:38:52.0175 AM
[ReportManager] API Action [GetResponseJSONValue] successfully performed. With the following test data [name]. @15-12-2021 06:38:52.0189 AM
[ReportManager] API Action [GetResponseJSONValue] successfully performed. With the following test data [name]. @15-12-2021 06:38:52.0202 A

################################################################################################################################################
Starting Execution:	[23 out of 23] test cases in the current suite
Test Method:		[tests.cli.demo.cliTest.sampleTestCase]
################################################################################################################################################
[ReportManager] Attempting to perform the following command locally. Command: [ls] @15-12-2021 06:38:52.0218 AM
[ReportManager] Terminal Action [PerformTerminalCommands] successfully performed. With the following test data [Host Name: "localHost" | Command: "ls" | Exit Status: "0"]. @15-12-2021 06:38:52.0223 AM
[ReportManager] Successfully created attachment [Terminal Action Actual Result - Command Log] @15-12-2021 06:38:52.0224 AM
[ReportManager] Assertion Passed: Demoing local terminal actions @15-12-2021 06:38:52.0224 AM
[ReportManager] Assertion [ValidateEquals] PASSED. Expected [pom.xml] and Actual [LICENSE
README.md
allure-results
docker-compose_native.yml
docker-compose_zalenium.yml
extent-reports
pom.xml
readMeImgs
src
target]. Comparison Type [CONTAINS]. Validation Type [POSITIVE]. @15-12-2021 06:38:52.0224 A
[ReportManager] Successfully created attachment [SHAFT Engine Logs - Execution log] @15-12-2021 06:38:52.0251 AM

################################################################################################################################################
This test run was powered by SHAFT Engine Version: [SHAFT Engine v5.4.20211117-BETA]
SHAFT Engine is licensed under the MIT License: [https://github.com/MohabMohie/SHAFT_ENGINE/blob/master/LICENSE].
################################################################################################################################################