################################################################################################################################################
Detected SHAFT Engine Version: [SHAFT Engine v5.4.20211117-BETA]
################################################################################################################################################
[ReportManager] File Action [GetAbsolutePath] successfully performed. With the following test data [Relative Folder Path: "target/downloadedFiles/"]. @28-12-2021 06:41:12.0319 AM
[ReportManager] Attempting to run remotely on: [Linux-64], [GoogleChrome], [http://localhost:4444/wd/hub], Headless Execution. @28-12-2021 06:41:12.0334 AM
[ReportManager] Successfully Opened [GoogleChrome]. @28-12-2021 06:41:14.0335 AM
[ReportManager] Target URL: [https://www.google.com/ncr], and after redirection: [https://www.google.com] @28-12-2021 06:41:14.0346 AM
[ReportManager] Initial URL: [data:,] @28-12-2021 06:41:14.0487 AM
[ReportManager] Browser Action [NavigateToURL] successfully performed. With the following test data [https://www.google.com/ncr]. @28-12-2021 06:41:15.0866 A

################################################################################################################################################
Starting Execution:	[1 out of 23] test cases in the current suite
Test Method:		[tests.gui.google.B_Search_FlatTest_SHAFT.navigateToGoogleHomeAndAssertGoogleLogoIsDisplayed]
################################################################################################################################################
[ReportManager] File Action [DoesFileExist] successfully performed. With the following test data [File Path: "src/main/resources/dynamicObjectRepository/tests_gui_google_B_Search_FlatTest_SHAFT_navigateToGoogleHomeAndAssertGoogleLogoIsDisplayed_By_xpath_img_id_hplogo_or_alt_Google.png"]. @28-12-2021 06:41:16.0008 AM
[ReportManager] File Action [GetAbsolutePath] successfully performed. With the following test data [Relative Folder Path: "src/main/resources/dynamicObjectRepository/tests_gui_google_B_Search_FlatTest_SHAFT_navigateToGoogleHomeAndAssertGoogleLogoIsDisplayed_By_xpath_img_id_hplogo_or_alt_Google.png"]. @28-12-2021 06:41:16.0008 AM
[ReportManager] File Action [ReadFromImageFile] successfully performed. With the following test data [File Path: "/home/runner/work/io.github.alidorgham/io.github.alidorgham/src/main/resources/dynamicObjectRepository/tests_gui_google_B_Search_FlatTest_SHAFT_navigateToGoogleHomeAndAssertGoogleLogoIsDisplayed_By_xpath_img_id_hplogo_or_alt_Google.png"]. @28-12-2021 06:41:16.0009 AM
[ReportManager] File Action [DoesFileExist] successfully performed. With the following test data [File Path: "src/main/resources/dynamicObjectRepository/tests_gui_google_B_Search_FlatTest_SHAFT_navigateToGoogleHomeAndAssertGoogleLogoIsDisplayed_By_xpath_img_id_hplogo_or_alt_Google.png"]. @28-12-2021 06:41:16.0294 AM
[ReportManager] File Action [DoesFileExist] successfully performed. With the following test data [File Path: "src/main/resources/dynamicObjectRepository/tests_gui_google_B_Search_FlatTest_SHAFT_navigateToGoogleHomeAndAssertGoogleLogoIsDisplayed_By_xpath_img_id_hplogo_or_alt_Google.png"]. @28-12-2021 06:41:16.0295 AM
[ReportManager] Loaded Shared OpenCV @28-12-2021 06:41:16.0735 AM
[ReportManager] Successfully identified the element using AI; OpenCV. @28-12-2021 06:41:16.0757 AM
[ReportManager] Assertion Passed: Asserting that the Google logo is displayed @28-12-2021 06:41:16.0760 AM
[ReportManager] Successfully created attachment [Validation Test Data - Reference Screenshot] @28-12-2021 06:41:16.0764 AM
[ReportManager] Successfully created attachment [Validation Test Data - Actual Screenshot] @28-12-2021 06:41:16.0765 AM
[ReportManager] Assertion [ValidateElementMatches] PASSED. Expected [Element should match the reference screenshot] and Actual [TRUE]. Comparison Type [EXACT_OPENCV]. Validation Type [POSITIVE]. @28-12-2021 06:41:16.0765 A
[ReportManager] Browser Action [CloseCurrentWindow] successfully performed. @28-12-2021 06:41:16.0943 AM
[ReportManager] Successfully created attachment [Browser Action Test Data - CloseCurrentWindow - Actual Value] @28-12-2021 06:41:16.0953 A
[ReportManager] File Action [GetAbsolutePath] successfully performed. With the following test data [Relative Folder Path: "target/downloadedFiles/"]. @28-12-2021 06:41:16.0968 AM
[ReportManager] Attempting to run remotely on: [Linux-64], [GoogleChrome], [http://localhost:4444/wd/hub], Headless Execution. @28-12-2021 06:41:16.0968 AM
[ReportManager] Successfully Opened [GoogleChrome]. @28-12-2021 06:41:17.0467 AM
[ReportManager] Target URL: [https://www.google.com/ncr], and after redirection: [https://www.google.com] @28-12-2021 06:41:17.0468 AM
[ReportManager] Initial URL: [data:,] @28-12-2021 06:41:17.0559 AM
[ReportManager] Browser Action [NavigateToURL] successfully performed. With the following test data [https://www.google.com/ncr]. @28-12-2021 06:41:18.0637 A

################################################################################################################################################
Starting Execution:	[2 out of 23] test cases in the current suite
Test Method:		[tests.gui.google.B_Search_FlatTest_SHAFT.navigateToGoogleHomeAndAssertPageTitle]
################################################################################################################################################
[ReportManager] Browser Action [GetCurrentWindowTitle] successfully performed. With the following test data [Google]. @28-12-2021 06:41:18.0701 AM
[ReportManager] Assertion Passed: Asserting that the page title is Google @28-12-2021 06:41:19.0405 AM
[ReportManager] Successfully created attachment [Screenshot - 1640673678918_navigateToGoogleHomeAndAssertPageTitle_ValidateBrowserAttribute_passed] @28-12-2021 06:41:19.0423 AM
[ReportManager] Assertion [ValidateBrowserAttribute] PASSED. Expected [Value Should be 'Google' for the 'Title' attribute] and Actual [Google]. Comparison Type [EQUALS]. Validation Type [POSITIVE]. @28-12-2021 06:41:19.0423 A
[ReportManager] Browser Action [CloseCurrentWindow] successfully performed. @28-12-2021 06:41:19.0582 AM
[ReportManager] Successfully created attachment [Browser Action Test Data - CloseCurrentWindow - Actual Value] @28-12-2021 06:41:19.0585 A
[ReportManager] File Action [GetAbsolutePath] successfully performed. With the following test data [Relative Folder Path: "target/downloadedFiles/"]. @28-12-2021 06:41:19.0589 AM
[ReportManager] Attempting to run remotely on: [Linux-64], [GoogleChrome], [http://localhost:4444/wd/hub], Headless Execution. @28-12-2021 06:41:19.0590 AM
[ReportManager] Successfully Opened [GoogleChrome]. @28-12-2021 06:41:19.0964 AM
[ReportManager] Target URL: [https://www.google.com/ncr], and after redirection: [https://www.google.com] @28-12-2021 06:41:19.0964 AM
[ReportManager] Initial URL: [data:,] @28-12-2021 06:41:20.0059 AM
[ReportManager] Browser Action [NavigateToURL] successfully performed. With the following test data [https://www.google.com/ncr]. @28-12-2021 06:41:21.0102 A

################################################################################################################################################
Starting Execution:	[3 out of 23] test cases in the current suite
Test Method:		[tests.gui.google.B_Search_FlatTest_SHAFT.searchForQueryAndAssertFirstResultTextIsCorrect]
################################################################################################################################################
[ReportManager] Element Action [Type] successfully performed. With the following test data [SHAFT_Engine]. @28-12-2021 06:41:21.0588 AM
[ReportManager] Element Action [KeyPress] successfully performed. With the following test data [ENTER]. @28-12-2021 06:41:23.0163 AM
[ReportManager] Element Action [GetText] successfully performed. With the following test data [SHAFT: Unified Test Automation Engine - GitHub]. @28-12-2021 06:41:23.0335 AM
[ReportManager] Loaded Shared OpenCV @28-12-2021 06:41:23.0716 AM
[ReportManager] Assertion Failed: Asserting that the correct first result is displayed @28-12-2021 06:41:23.0998 AM
[ReportManager] Successfully created attachment [Screenshot - 1640673683716_searchForQueryAndAssertFirstResultTextIsCorrect_ValidateElementAttribute_failed] @28-12-2021 06:41:24.0007 AM
[ReportManager] Assertion [ValidateElementAttribute] FAILED. Expected [Value Should be 'MohabMohie' for the 'Text' attribute, element locator 'By.xpath: (//h1[contains(text(),'Search Result')]/following-sibling::div//a/h3)[1]'] and Actual [SHAFT: Unified Test Automation Engine - GitHub]. Comparison Type [CONTAINS]. Validation Type [POSITIVE]. @28-12-2021 06:41:24.0007 A
[ReportManager] Browser Action [CloseCurrentWindow] successfully performed. @28-12-2021 06:41:24.0299 AM
[ReportManager] Successfully created attachment [Browser Action Test Data - CloseCurrentWindow - Actual Value] @28-12-2021 06:41:24.0326 A
[ReportManager] An Exception Occured with this Message: src/test/resources/testDataFiles/Google/SimpleSearch.xlsx (No such file or directory). @28-12-2021 06:41:24.0343 AM
[ReportManager] Successfully created attachment [Exception Stack Trace - java.io.FileNotFoundException] @28-12-2021 06:41:24.0344 AM
[ReportManager] Couldn't find the desired file. [src/test/resources/testDataFiles/Google/SimpleSearch.xlsx]. @28-12-2021 06:41:24.0344 A


################################################################################################################################################
Starting Execution:	[4 out of 23] test cases in the current suite
Test Method:		[tests.gui.google.G_Search_PageObjectModel_ThreadSafe.navigateToGoogleHomeAndAssertGoogleLogoIsDisplayed]
###############################################################################################################################################



################################################################################################################################################
Starting Execution:	[5 out of 23] test cases in the current suite
Test Method:		[tests.gui.google.G_Search_PageObjectModel_ThreadSafe.navigateToGoogleHomeAndAssertPageTitle]
###############################################################################################################################################



################################################################################################################################################
Starting Execution:	[6 out of 23] test cases in the current suite
Test Method:		[tests.gui.google.G_Search_PageObjectModel_ThreadSafe.searchForQueryAndAssertFirstResultTextIsCorrect]
###############################################################################################################################################

[ReportManager] File Action [GetAbsolutePath] successfully performed. With the following test data [Relative Folder Path: "target/downloadedFiles/"]. @28-12-2021 06:41:24.0386 AM
[ReportManager] Attempting to run remotely on: [Linux-64], [GoogleChrome], [http://localhost:4444/wd/hub], Headless Execution. @28-12-2021 06:41:24.0387 AM
[ReportManager] Successfully Opened [GoogleChrome]. @28-12-2021 06:41:24.0750 AM
[ReportManager] Target URL: [https://www.google.com/ncr], and after redirection: [https://www.google.com] @28-12-2021 06:41:24.0751 AM
[ReportManager] Initial URL: [data:,] @28-12-2021 06:41:24.0828 AM
[ReportManager] Browser Action [NavigateToURL] successfully performed. With the following test data [https://www.google.com/ncr]. @28-12-2021 06:41:25.0878 A

################################################################################################################################################
Starting Execution:	[7 out of 23] test cases in the current suite
Test Method:		[tests.gui.google.C_Search_PageObjectModel_Traditional.navigateToGoogleHomeAndAssertGoogleLogoIsDisplayed]
################################################################################################################################################
[ReportManager] Element Action [IsElementDisplayed] successfully performed. @28-12-2021 06:41:26.0018 AM
[ReportManager] Assertion Passed: Asserting that the Google logo is displayed @28-12-2021 06:41:26.0018 AM
[ReportManager] Assertion [ValidateTrue] PASSED. Expected [TRUE] and Actual [TRUE]. Validation Type [POSITIVE]. @28-12-2021 06:41:26.0018 A
[ReportManager] Browser Action [CloseCurrentWindow] successfully performed. @28-12-2021 06:41:26.0174 AM
[ReportManager] Successfully created attachment [Browser Action Test Data - CloseCurrentWindow - Actual Value] @28-12-2021 06:41:26.0175 A
[ReportManager] File Action [GetAbsolutePath] successfully performed. With the following test data [Relative Folder Path: "target/downloadedFiles/"]. @28-12-2021 06:41:26.0178 AM
[ReportManager] Attempting to run remotely on: [Linux-64], [GoogleChrome], [http://localhost:4444/wd/hub], Headless Execution. @28-12-2021 06:41:26.0178 AM
[ReportManager] Successfully Opened [GoogleChrome]. @28-12-2021 06:41:26.0391 AM
[ReportManager] Target URL: [https://www.google.com/ncr], and after redirection: [https://www.google.com] @28-12-2021 06:41:26.0391 AM
[ReportManager] Initial URL: [data:,] @28-12-2021 06:41:26.0463 AM
[ReportManager] Browser Action [NavigateToURL] successfully performed. With the following test data [https://www.google.com/ncr]. @28-12-2021 06:41:27.0486 A

################################################################################################################################################
Starting Execution:	[8 out of 23] test cases in the current suite
Test Method:		[tests.gui.google.C_Search_PageObjectModel_Traditional.navigateToGoogleHomeAndAssertPageTitle]
################################################################################################################################################
[ReportManager] Browser Action [GetCurrentWindowTitle] successfully performed. With the following test data [Google]. @28-12-2021 06:41:27.0529 AM
[ReportManager] Assertion Passed: Asserting that the page title is Google @28-12-2021 06:41:27.0530 AM
[ReportManager] Assertion [ValidateEquals] PASSED. Expected [Google] and Actual [Google]. Comparison Type [EQUALS]. Validation Type [POSITIVE]. @28-12-2021 06:41:27.0530 A
[ReportManager] Browser Action [CloseCurrentWindow] successfully performed. @28-12-2021 06:41:27.0663 AM
[ReportManager] Successfully created attachment [Browser Action Test Data - CloseCurrentWindow - Actual Value] @28-12-2021 06:41:27.0664 A
[ReportManager] File Action [GetAbsolutePath] successfully performed. With the following test data [Relative Folder Path: "target/downloadedFiles/"]. @28-12-2021 06:41:27.0677 AM
[ReportManager] Attempting to run remotely on: [Linux-64], [GoogleChrome], [http://localhost:4444/wd/hub], Headless Execution. @28-12-2021 06:41:27.0678 AM
[ReportManager] Successfully Opened [GoogleChrome]. @28-12-2021 06:41:27.0898 AM
[ReportManager] Target URL: [https://www.google.com/ncr], and after redirection: [https://www.google.com] @28-12-2021 06:41:27.0898 AM
[ReportManager] Initial URL: [data:,] @28-12-2021 06:41:27.0995 AM
[ReportManager] Browser Action [NavigateToURL] successfully performed. With the following test data [https://www.google.com/ncr]. @28-12-2021 06:41:29.0002 A

################################################################################################################################################
Starting Execution:	[9 out of 23] test cases in the current suite
Test Method:		[tests.gui.google.C_Search_PageObjectModel_Traditional.searchForQueryAndAssertFirstResultTextIsCorrect]
################################################################################################################################################
[ReportManager] Element Action [Type] successfully performed. With the following test data [SHAFT_Engine]. @28-12-2021 06:41:29.0427 AM
[ReportManager] Element Action [KeyPress] successfully performed. With the following test data [ENTER]. @28-12-2021 06:41:30.0883 AM
[ReportManager] Element Action [GetText] successfully performed. With the following test data [SHAFT: Unified Test Automation Engine - GitHub]. @28-12-2021 06:41:31.0003 AM
[ReportManager] Assertion Failed: Asserting that the correct first result is displayed @28-12-2021 06:41:31.0004 AM
[ReportManager] Assertion [ValidateEquals] FAILED. Expected [MohabMohie] and Actual [SHAFT: Unified Test Automation Engine - GitHub]. Comparison Type [CONTAINS]. Validation Type [POSITIVE]. @28-12-2021 06:41:31.0004 A
[ReportManager] Browser Action [CloseCurrentWindow] successfully performed. @28-12-2021 06:41:31.0249 AM
[ReportManager] Successfully created attachment [Browser Action Test Data - CloseCurrentWindow - Actual Value] @28-12-2021 06:41:31.0253 A
[ReportManager] An Exception Occured with this Message: src/test/resources/testDataFiles/Google/SimpleSearch.xlsx (No such file or directory). @28-12-2021 06:41:31.0259 AM
[ReportManager] Successfully created attachment [Exception Stack Trace - java.io.FileNotFoundException] @28-12-2021 06:41:31.0260 AM
[ReportManager] Couldn't find the desired file. [src/test/resources/testDataFiles/Google/SimpleSearch.xlsx]. @28-12-2021 06:41:31.0260 A


################################################################################################################################################
Starting Execution:	[10 out of 23] test cases in the current suite
Test Method:		[tests.gui.google.F_Search_PageObjectModel_Fluent.navigateToGoogleHomeAndAssertGoogleLogoIsDisplayed]
###############################################################################################################################################



################################################################################################################################################
Starting Execution:	[11 out of 23] test cases in the current suite
Test Method:		[tests.gui.google.F_Search_PageObjectModel_Fluent.navigateToGoogleHomeAndAssertPageTitle]
###############################################################################################################################################



################################################################################################################################################
Starting Execution:	[12 out of 23] test cases in the current suite
Test Method:		[tests.gui.google.F_Search_PageObjectModel_Fluent.searchForQueryAndAssertFirstResultTextIsCorrect]
###############################################################################################################################################

[ReportManager] An Exception Occured with this Message: src/test/resources/testDataFiles/Google/SimpleSearch.xlsx (No such file or directory). @28-12-2021 06:41:31.0298 AM
[ReportManager] Successfully created attachment [Exception Stack Trace - java.io.FileNotFoundException] @28-12-2021 06:41:31.0298 AM
[ReportManager] Couldn't find the desired file. [src/test/resources/testDataFiles/Google/SimpleSearch.xlsx]. @28-12-2021 06:41:31.0298 A


################################################################################################################################################
Starting Execution:	[13 out of 23] test cases in the current suite
Test Method:		[tests.gui.google.E_Search_PageObjectModel_Traditional_SHAFTAssertions.navigateToGoogleHomeAndAssertGoogleLogoIsDisplayed]
###############################################################################################################################################



################################################################################################################################################
Starting Execution:	[14 out of 23] test cases in the current suite
Test Method:		[tests.gui.google.E_Search_PageObjectModel_Traditional_SHAFTAssertions.navigateToGoogleHomeAndAssertPageTitle]
###############################################################################################################################################



################################################################################################################################################
Starting Execution:	[15 out of 23] test cases in the current suite
Test Method:		[tests.gui.google.E_Search_PageObjectModel_Traditional_SHAFTAssertions.searchForQueryAndAssertFirstResultTextIsCorrect]
###############################################################################################################################################

[ReportManager] An Exception Occured with this Message: src/test/resources/testDataFiles/Google/SimpleSearch.xlsx (No such file or directory). @28-12-2021 06:41:31.0327 AM
[ReportManager] Successfully created attachment [Exception Stack Trace - java.io.FileNotFoundException] @28-12-2021 06:41:31.0327 AM
[ReportManager] Couldn't find the desired file. [src/test/resources/testDataFiles/Google/SimpleSearch.xlsx]. @28-12-2021 06:41:31.0328 A


################################################################################################################################################
Starting Execution:	[16 out of 23] test cases in the current suite
Test Method:		[tests.gui.google.D_Search_PageObjectModel_Traditional_DataDriven.navigateToGoogleHomeAndAssertGoogleLogoIsDisplayed]
###############################################################################################################################################



################################################################################################################################################
Starting Execution:	[17 out of 23] test cases in the current suite
Test Method:		[tests.gui.google.D_Search_PageObjectModel_Traditional_DataDriven.navigateToGoogleHomeAndAssertPageTitle]
###############################################################################################################################################



################################################################################################################################################
Starting Execution:	[18 out of 23] test cases in the current suite
Test Method:		[tests.gui.google.D_Search_PageObjectModel_Traditional_DataDriven.searchForQueryAndAssertFirstResultTextIsCorrect]
###############################################################################################################################################




################################################################################################################################################
Starting Execution:	[19 out of 23] test cases in the current suite
Test Method:		[tests.gui.google.A_Search_FlatTest_NativeSeleniumWebDriver.navigateToGoogleHomeAndAssertGoogleLogoIsDisplayed]
###############################################################################################################################################



################################################################################################################################################
Starting Execution:	[20 out of 23] test cases in the current suite
Test Method:		[tests.gui.google.A_Search_FlatTest_NativeSeleniumWebDriver.navigateToGoogleHomeAndAssertPageTitle]
###############################################################################################################################################



################################################################################################################################################
Starting Execution:	[21 out of 23] test cases in the current suite
Test Method:		[tests.gui.google.A_Search_FlatTest_NativeSeleniumWebDriver.searchForQueryAndAssertFirstResultTextIsCorrect]
###############################################################################################################################################


################################################################################################################################################
Starting Execution:	[22 out of 23] test cases in the current suite
Test Method:		[tests.api.users.UserData.validateUserEmail]
################################################################################################################################################
[ReportManager] Response status code: [200], status line: [HTTP/1.1 200 OK] @28-12-2021 06:41:57.0576 AM
[ReportManager] Assertion Passed: Evaluating the actual response status code against the expected one... @28-12-2021 06:41:57.0582 AM
[ReportManager] Assertion [ValidateComparativeRelation] PASSED. Expected [200] and Actual [200]. Comparison Type [EQUALS]. Validation Type [POSITIVE]. @28-12-2021 06:41:57.0583 AM
[ReportManager] API Action [PerformRequest] successfully performed. With the following test data [Request Type: "GET" | Target Status Code: "200" | Service URL: "https://jsonplaceholder.typicode.com/users" | Content Type: "*/*" | Response Time: "709ms"]. @28-12-2021 06:41:58.0511 AM
[ReportManager] Successfully created attachment [API Request - Specifications] @28-12-2021 06:41:58.0512 AM
[ReportManager] Successfully created attachment [API Response - JSON Body] @28-12-2021 06:41:58.0708 AM
[ReportManager] Assertion [ValidateEquals] PASSED. Expected and Actual values are attached. Comparison Type [CONTAINS]. Validation Type [POSITIVE]. @28-12-2021 06:41:58.0709 AM
[ReportManager] Successfully created attachment [Validation Test Data - Expected Value] @28-12-2021 06:41:58.0710 AM
[ReportManager] Successfully created attachment [Validation Test Data - Actual Value] @28-12-2021 06:41:58.0710 AM
[ReportManager] API Action [GetResponseJSONValueAsList] successfully performed. With the following test data [$]. @28-12-2021 06:41:58.0731 AM
[ReportManager] API Action [GetResponseJSONValue] successfully performed. With the following test data [name]. @28-12-2021 06:41:58.0759 AM
[ReportManager] API Action [GetResponseJSONValue] successfully performed. With the following test data [email]. @28-12-2021 06:41:58.0779 AM
[ReportManager] Assertion [ValidateEquals] PASSED. Expected [Sincere@april.biz] and Actual [Sincere@april.biz]. Comparison Type [EQUALS]. Validation Type [POSITIVE]. @28-12-2021 06:41:58.0780 AM
[ReportManager] API Action [GetResponseJSONValue] successfully performed. With the following test data [name]. @28-12-2021 06:41:58.0801 AM
[ReportManager] API Action [GetResponseJSONValue] successfully performed. With the following test data [name]. @28-12-2021 06:41:58.0814 AM
[ReportManager] API Action [GetResponseJSONValue] successfully performed. With the following test data [name]. @28-12-2021 06:41:58.0830 AM
[ReportManager] API Action [GetResponseJSONValue] successfully performed. With the following test data [name]. @28-12-2021 06:41:58.0846 AM
[ReportManager] API Action [GetResponseJSONValue] successfully performed. With the following test data [name]. @28-12-2021 06:41:58.0862 AM
[ReportManager] API Action [GetResponseJSONValue] successfully performed. With the following test data [name]. @28-12-2021 06:41:58.0876 AM
[ReportManager] API Action [GetResponseJSONValue] successfully performed. With the following test data [name]. @28-12-2021 06:41:58.0892 AM
[ReportManager] API Action [GetResponseJSONValue] successfully performed. With the following test data [name]. @28-12-2021 06:41:58.0907 AM
[ReportManager] API Action [GetResponseJSONValue] successfully performed. With the following test data [name]. @28-12-2021 06:41:58.0922 A

################################################################################################################################################
Starting Execution:	[23 out of 23] test cases in the current suite
Test Method:		[tests.cli.demo.cliTest.sampleTestCase]
################################################################################################################################################
[ReportManager] Attempting to perform the following command locally. Command: [ls] @28-12-2021 06:41:58.0935 AM
[ReportManager] Terminal Action [PerformTerminalCommands] successfully performed. With the following test data [Host Name: "localHost" | Command: "ls" | Exit Status: "0"]. @28-12-2021 06:41:58.0941 AM
[ReportManager] Successfully created attachment [Terminal Action Actual Result - Command Log] @28-12-2021 06:41:58.0942 AM
[ReportManager] Assertion Passed: Demoing local terminal actions @28-12-2021 06:41:58.0942 AM
[ReportManager] Assertion [ValidateEquals] PASSED. Expected [pom.xml] and Actual [LICENSE
README.md
allure-results
docker-compose_native.yml
docker-compose_zalenium.yml
extent-reports
pom.xml
readMeImgs
src
target]. Comparison Type [CONTAINS]. Validation Type [POSITIVE]. @28-12-2021 06:41:58.0942 A
[ReportManager] Successfully created attachment [SHAFT Engine Logs - Execution log] @28-12-2021 06:41:58.0968 AM

################################################################################################################################################
This test run was powered by SHAFT Engine Version: [SHAFT Engine v5.4.20211117-BETA]
SHAFT Engine is licensed under the MIT License: [https://github.com/MohabMohie/SHAFT_ENGINE/blob/master/LICENSE].
################################################################################################################################################