################################################################################################################################################
Detected SHAFT Engine Version: [SHAFT Engine v5.4.20211117-BETA]
################################################################################################################################################
[ReportManager] File Action [GetAbsolutePath] successfully performed. With the following test data [Relative Folder Path: "target/downloadedFiles/"]. @17-12-2021 12:49:47.0217 PM
[ReportManager] Attempting to run remotely on: [Linux-64], [GoogleChrome], [http://localhost:4444/wd/hub], Headless Execution. @17-12-2021 12:49:47.0231 PM
[ReportManager] Successfully Opened [GoogleChrome]. @17-12-2021 12:49:49.0048 PM
[ReportManager] Target URL: [https://www.google.com/ncr], and after redirection: [https://www.google.com] @17-12-2021 12:49:49.0057 PM
[ReportManager] Initial URL: [data:,] @17-12-2021 12:49:49.0203 PM
[ReportManager] Browser Action [NavigateToURL] successfully performed. With the following test data [https://www.google.com/ncr]. @17-12-2021 12:49:50.0569 P

################################################################################################################################################
Starting Execution:	[1 out of 23] test cases in the current suite
Test Method:		[tests.gui.google.B_Search_FlatTest_SHAFT.navigateToGoogleHomeAndAssertGoogleLogoIsDisplayed]
################################################################################################################################################
[ReportManager] File Action [DoesFileExist] successfully performed. With the following test data [File Path: "src/main/resources/dynamicObjectRepository/tests_gui_google_B_Search_FlatTest_SHAFT_navigateToGoogleHomeAndAssertGoogleLogoIsDisplayed_By_xpath_img_id_hplogo_or_alt_Google.png"]. @17-12-2021 12:49:50.0703 PM
[ReportManager] File Action [GetAbsolutePath] successfully performed. With the following test data [Relative Folder Path: "src/main/resources/dynamicObjectRepository/tests_gui_google_B_Search_FlatTest_SHAFT_navigateToGoogleHomeAndAssertGoogleLogoIsDisplayed_By_xpath_img_id_hplogo_or_alt_Google.png"]. @17-12-2021 12:49:50.0703 PM
[ReportManager] File Action [ReadFromImageFile] successfully performed. With the following test data [File Path: "/home/runner/work/io.github.alidorgham/io.github.alidorgham/src/main/resources/dynamicObjectRepository/tests_gui_google_B_Search_FlatTest_SHAFT_navigateToGoogleHomeAndAssertGoogleLogoIsDisplayed_By_xpath_img_id_hplogo_or_alt_Google.png"]. @17-12-2021 12:49:50.0705 PM
[ReportManager] File Action [DoesFileExist] successfully performed. With the following test data [File Path: "src/main/resources/dynamicObjectRepository/tests_gui_google_B_Search_FlatTest_SHAFT_navigateToGoogleHomeAndAssertGoogleLogoIsDisplayed_By_xpath_img_id_hplogo_or_alt_Google.png"]. @17-12-2021 12:49:51.0061 PM
[ReportManager] File Action [DoesFileExist] successfully performed. With the following test data [File Path: "src/main/resources/dynamicObjectRepository/tests_gui_google_B_Search_FlatTest_SHAFT_navigateToGoogleHomeAndAssertGoogleLogoIsDisplayed_By_xpath_img_id_hplogo_or_alt_Google.png"]. @17-12-2021 12:49:51.0062 PM
[ReportManager] Loaded Shared OpenCV @17-12-2021 12:49:51.0498 PM
[ReportManager] Successfully identified the element using AI; OpenCV. @17-12-2021 12:49:51.0524 PM
[ReportManager] Assertion Passed: Asserting that the Google logo is displayed @17-12-2021 12:49:51.0526 PM
[ReportManager] Successfully created attachment [Validation Test Data - Reference Screenshot] @17-12-2021 12:49:51.0534 PM
[ReportManager] Successfully created attachment [Validation Test Data - Actual Screenshot] @17-12-2021 12:49:51.0534 PM
[ReportManager] Assertion [ValidateElementMatches] PASSED. Expected [Element should match the reference screenshot] and Actual [TRUE]. Comparison Type [EXACT_OPENCV]. Validation Type [POSITIVE]. @17-12-2021 12:49:51.0534 P
[ReportManager] Browser Action [CloseCurrentWindow] successfully performed. @17-12-2021 12:49:51.0732 PM
[ReportManager] Successfully created attachment [Browser Action Test Data - CloseCurrentWindow - Actual Value] @17-12-2021 12:49:51.0742 P
[ReportManager] File Action [GetAbsolutePath] successfully performed. With the following test data [Relative Folder Path: "target/downloadedFiles/"]. @17-12-2021 12:49:51.0760 PM
[ReportManager] Attempting to run remotely on: [Linux-64], [GoogleChrome], [http://localhost:4444/wd/hub], Headless Execution. @17-12-2021 12:49:51.0761 PM
[ReportManager] Successfully Opened [GoogleChrome]. @17-12-2021 12:49:52.0133 PM
[ReportManager] Target URL: [https://www.google.com/ncr], and after redirection: [https://www.google.com] @17-12-2021 12:49:52.0134 PM
[ReportManager] Initial URL: [data:,] @17-12-2021 12:49:52.0231 PM
[ReportManager] Browser Action [NavigateToURL] successfully performed. With the following test data [https://www.google.com/ncr]. @17-12-2021 12:49:53.0306 P

################################################################################################################################################
Starting Execution:	[2 out of 23] test cases in the current suite
Test Method:		[tests.gui.google.B_Search_FlatTest_SHAFT.navigateToGoogleHomeAndAssertPageTitle]
################################################################################################################################################
[ReportManager] Browser Action [GetCurrentWindowTitle] successfully performed. With the following test data [Google]. @17-12-2021 12:49:53.0378 PM
[ReportManager] Assertion Passed: Asserting that the page title is Google @17-12-2021 12:49:53.0997 PM
[ReportManager] Successfully created attachment [Screenshot - 1639745393609_navigateToGoogleHomeAndAssertPageTitle_ValidateBrowserAttribute_passed] @17-12-2021 12:49:54.0020 PM
[ReportManager] Assertion [ValidateBrowserAttribute] PASSED. Expected [Value Should be 'Google' for the 'Title' attribute] and Actual [Google]. Comparison Type [EQUALS]. Validation Type [POSITIVE]. @17-12-2021 12:49:54.0020 P
[ReportManager] Browser Action [CloseCurrentWindow] successfully performed. @17-12-2021 12:49:54.0193 PM
[ReportManager] Successfully created attachment [Browser Action Test Data - CloseCurrentWindow - Actual Value] @17-12-2021 12:49:54.0194 P
[ReportManager] File Action [GetAbsolutePath] successfully performed. With the following test data [Relative Folder Path: "target/downloadedFiles/"]. @17-12-2021 12:49:54.0203 PM
[ReportManager] Attempting to run remotely on: [Linux-64], [GoogleChrome], [http://localhost:4444/wd/hub], Headless Execution. @17-12-2021 12:49:54.0203 PM
[ReportManager] Successfully Opened [GoogleChrome]. @17-12-2021 12:49:54.0614 PM
[ReportManager] Target URL: [https://www.google.com/ncr], and after redirection: [https://www.google.com] @17-12-2021 12:49:54.0615 PM
[ReportManager] Initial URL: [data:,] @17-12-2021 12:49:54.0704 PM
[ReportManager] Browser Action [NavigateToURL] successfully performed. With the following test data [https://www.google.com/ncr]. @17-12-2021 12:49:55.0743 P

################################################################################################################################################
Starting Execution:	[3 out of 23] test cases in the current suite
Test Method:		[tests.gui.google.B_Search_FlatTest_SHAFT.searchForQueryAndAssertFirstResultTextIsCorrect]
################################################################################################################################################
[ReportManager] Element Action [Type] successfully performed. With the following test data [SHAFT_Engine]. @17-12-2021 12:49:56.0187 PM
[ReportManager] Element Action [KeyPress] successfully performed. With the following test data [ENTER]. @17-12-2021 12:49:57.0789 PM
[ReportManager] Element Action [GetText] successfully performed. With the following test data [SHAFT: Unified Test Automation Engine - GitHub]. @17-12-2021 12:49:57.0912 PM
[ReportManager] Loaded Shared OpenCV @17-12-2021 12:49:58.0271 PM
[ReportManager] Assertion Failed: Asserting that the correct first result is displayed @17-12-2021 12:49:58.0519 PM
[ReportManager] Successfully created attachment [Screenshot - 1639745398271_searchForQueryAndAssertFirstResultTextIsCorrect_ValidateElementAttribute_failed] @17-12-2021 12:49:58.0526 PM
[ReportManager] Assertion [ValidateElementAttribute] FAILED. Expected [Value Should be 'MohabMohie' for the 'Text' attribute, element locator 'By.xpath: (//h1[contains(text(),'Search Result')]/following-sibling::div//a/h3)[1]'] and Actual [SHAFT: Unified Test Automation Engine - GitHub]. Comparison Type [CONTAINS]. Validation Type [POSITIVE]. @17-12-2021 12:49:58.0526 P
[ReportManager] Browser Action [CloseCurrentWindow] successfully performed. @17-12-2021 12:49:58.0758 PM
[ReportManager] Successfully created attachment [Browser Action Test Data - CloseCurrentWindow - Actual Value] @17-12-2021 12:49:58.0775 P
[ReportManager] An Exception Occured with this Message: src/test/resources/testDataFiles/Google/SimpleSearch.xlsx (No such file or directory). @17-12-2021 12:49:58.0786 PM
[ReportManager] Successfully created attachment [Exception Stack Trace - java.io.FileNotFoundException] @17-12-2021 12:49:58.0786 PM
[ReportManager] Couldn't find the desired file. [src/test/resources/testDataFiles/Google/SimpleSearch.xlsx]. @17-12-2021 12:49:58.0787 P


################################################################################################################################################
Starting Execution:	[4 out of 23] test cases in the current suite
Test Method:		[tests.gui.google.G_Search_PageObjectModel_ThreadSafe.navigateToGoogleHomeAndAssertGoogleLogoIsDisplayed]
###############################################################################################################################################



################################################################################################################################################
Starting Execution:	[5 out of 23] test cases in the current suite
Test Method:		[tests.gui.google.G_Search_PageObjectModel_ThreadSafe.navigateToGoogleHomeAndAssertPageTitle]
###############################################################################################################################################



################################################################################################################################################
Starting Execution:	[6 out of 23] test cases in the current suite
Test Method:		[tests.gui.google.G_Search_PageObjectModel_ThreadSafe.searchForQueryAndAssertFirstResultTextIsCorrect]
###############################################################################################################################################

[ReportManager] File Action [GetAbsolutePath] successfully performed. With the following test data [Relative Folder Path: "target/downloadedFiles/"]. @17-12-2021 12:49:58.0811 PM
[ReportManager] Attempting to run remotely on: [Linux-64], [GoogleChrome], [http://localhost:4444/wd/hub], Headless Execution. @17-12-2021 12:49:58.0812 PM
[ReportManager] Successfully Opened [GoogleChrome]. @17-12-2021 12:49:59.0227 PM
[ReportManager] Target URL: [https://www.google.com/ncr], and after redirection: [https://www.google.com] @17-12-2021 12:49:59.0229 PM
[ReportManager] Initial URL: [data:,] @17-12-2021 12:49:59.0327 PM
[ReportManager] Browser Action [NavigateToURL] successfully performed. With the following test data [https://www.google.com/ncr]. @17-12-2021 12:50:00.0342 P

################################################################################################################################################
Starting Execution:	[7 out of 23] test cases in the current suite
Test Method:		[tests.gui.google.C_Search_PageObjectModel_Traditional.navigateToGoogleHomeAndAssertGoogleLogoIsDisplayed]
################################################################################################################################################
[ReportManager] Element Action [IsElementDisplayed] successfully performed. @17-12-2021 12:50:00.0501 PM
[ReportManager] Assertion Passed: Asserting that the Google logo is displayed @17-12-2021 12:50:00.0502 PM
[ReportManager] Assertion [ValidateTrue] PASSED. Expected [TRUE] and Actual [TRUE]. Validation Type [POSITIVE]. @17-12-2021 12:50:00.0502 P
[ReportManager] Browser Action [CloseCurrentWindow] successfully performed. @17-12-2021 12:50:00.0647 PM
[ReportManager] Successfully created attachment [Browser Action Test Data - CloseCurrentWindow - Actual Value] @17-12-2021 12:50:00.0648 P
[ReportManager] File Action [GetAbsolutePath] successfully performed. With the following test data [Relative Folder Path: "target/downloadedFiles/"]. @17-12-2021 12:50:00.0654 PM
[ReportManager] Attempting to run remotely on: [Linux-64], [GoogleChrome], [http://localhost:4444/wd/hub], Headless Execution. @17-12-2021 12:50:00.0656 PM
[ReportManager] Successfully Opened [GoogleChrome]. @17-12-2021 12:50:00.0868 PM
[ReportManager] Target URL: [https://www.google.com/ncr], and after redirection: [https://www.google.com] @17-12-2021 12:50:00.0868 PM
[ReportManager] Initial URL: [data:,] @17-12-2021 12:50:00.0957 PM
[ReportManager] Browser Action [NavigateToURL] successfully performed. With the following test data [https://www.google.com/ncr]. @17-12-2021 12:50:01.0996 P

################################################################################################################################################
Starting Execution:	[8 out of 23] test cases in the current suite
Test Method:		[tests.gui.google.C_Search_PageObjectModel_Traditional.navigateToGoogleHomeAndAssertPageTitle]
################################################################################################################################################
[ReportManager] Browser Action [GetCurrentWindowTitle] successfully performed. With the following test data [Google]. @17-12-2021 12:50:02.0042 PM
[ReportManager] Assertion Passed: Asserting that the page title is Google @17-12-2021 12:50:02.0042 PM
[ReportManager] Assertion [ValidateEquals] PASSED. Expected [Google] and Actual [Google]. Comparison Type [EQUALS]. Validation Type [POSITIVE]. @17-12-2021 12:50:02.0042 P
[ReportManager] Browser Action [CloseCurrentWindow] successfully performed. @17-12-2021 12:50:02.0181 PM
[ReportManager] Successfully created attachment [Browser Action Test Data - CloseCurrentWindow - Actual Value] @17-12-2021 12:50:02.0182 P
[ReportManager] File Action [GetAbsolutePath] successfully performed. With the following test data [Relative Folder Path: "target/downloadedFiles/"]. @17-12-2021 12:50:02.0188 PM
[ReportManager] Attempting to run remotely on: [Linux-64], [GoogleChrome], [http://localhost:4444/wd/hub], Headless Execution. @17-12-2021 12:50:02.0189 PM
[ReportManager] Successfully Opened [GoogleChrome]. @17-12-2021 12:50:02.0398 PM
[ReportManager] Target URL: [https://www.google.com/ncr], and after redirection: [https://www.google.com] @17-12-2021 12:50:02.0399 PM
[ReportManager] Initial URL: [data:,] @17-12-2021 12:50:02.0471 PM
[ReportManager] Browser Action [NavigateToURL] successfully performed. With the following test data [https://www.google.com/ncr]. @17-12-2021 12:50:03.0427 P

################################################################################################################################################
Starting Execution:	[9 out of 23] test cases in the current suite
Test Method:		[tests.gui.google.C_Search_PageObjectModel_Traditional.searchForQueryAndAssertFirstResultTextIsCorrect]
################################################################################################################################################
[ReportManager] Element Action [Type] successfully performed. With the following test data [SHAFT_Engine]. @17-12-2021 12:50:03.0845 PM
[ReportManager] Element Action [KeyPress] successfully performed. With the following test data [ENTER]. @17-12-2021 12:50:05.0200 PM
[ReportManager] Element Action [GetText] successfully performed. With the following test data [SHAFT: Unified Test Automation Engine - GitHub]. @17-12-2021 12:50:05.0348 PM
[ReportManager] Assertion Failed: Asserting that the correct first result is displayed @17-12-2021 12:50:05.0349 PM
[ReportManager] Assertion [ValidateEquals] FAILED. Expected [MohabMohie] and Actual [SHAFT: Unified Test Automation Engine - GitHub]. Comparison Type [CONTAINS]. Validation Type [POSITIVE]. @17-12-2021 12:50:05.0349 P
[ReportManager] Browser Action [CloseCurrentWindow] successfully performed. @17-12-2021 12:50:05.0577 PM
[ReportManager] Successfully created attachment [Browser Action Test Data - CloseCurrentWindow - Actual Value] @17-12-2021 12:50:05.0582 P
[ReportManager] An Exception Occured with this Message: src/test/resources/testDataFiles/Google/SimpleSearch.xlsx (No such file or directory). @17-12-2021 12:50:05.0592 PM
[ReportManager] Successfully created attachment [Exception Stack Trace - java.io.FileNotFoundException] @17-12-2021 12:50:05.0593 PM
[ReportManager] Couldn't find the desired file. [src/test/resources/testDataFiles/Google/SimpleSearch.xlsx]. @17-12-2021 12:50:05.0593 P


################################################################################################################################################
Starting Execution:	[10 out of 23] test cases in the current suite
Test Method:		[tests.gui.google.F_Search_PageObjectModel_Fluent.navigateToGoogleHomeAndAssertGoogleLogoIsDisplayed]
###############################################################################################################################################



################################################################################################################################################
Starting Execution:	[11 out of 23] test cases in the current suite
Test Method:		[tests.gui.google.F_Search_PageObjectModel_Fluent.navigateToGoogleHomeAndAssertPageTitle]
###############################################################################################################################################



################################################################################################################################################
Starting Execution:	[12 out of 23] test cases in the current suite
Test Method:		[tests.gui.google.F_Search_PageObjectModel_Fluent.searchForQueryAndAssertFirstResultTextIsCorrect]
###############################################################################################################################################

[ReportManager] An Exception Occured with this Message: src/test/resources/testDataFiles/Google/SimpleSearch.xlsx (No such file or directory). @17-12-2021 12:50:05.0632 PM
[ReportManager] Successfully created attachment [Exception Stack Trace - java.io.FileNotFoundException] @17-12-2021 12:50:05.0633 PM
[ReportManager] Couldn't find the desired file. [src/test/resources/testDataFiles/Google/SimpleSearch.xlsx]. @17-12-2021 12:50:05.0633 P


################################################################################################################################################
Starting Execution:	[13 out of 23] test cases in the current suite
Test Method:		[tests.gui.google.E_Search_PageObjectModel_Traditional_SHAFTAssertions.navigateToGoogleHomeAndAssertGoogleLogoIsDisplayed]
###############################################################################################################################################



################################################################################################################################################
Starting Execution:	[14 out of 23] test cases in the current suite
Test Method:		[tests.gui.google.E_Search_PageObjectModel_Traditional_SHAFTAssertions.navigateToGoogleHomeAndAssertPageTitle]
###############################################################################################################################################



################################################################################################################################################
Starting Execution:	[15 out of 23] test cases in the current suite
Test Method:		[tests.gui.google.E_Search_PageObjectModel_Traditional_SHAFTAssertions.searchForQueryAndAssertFirstResultTextIsCorrect]
###############################################################################################################################################

[ReportManager] An Exception Occured with this Message: src/test/resources/testDataFiles/Google/SimpleSearch.xlsx (No such file or directory). @17-12-2021 12:50:05.0679 PM
[ReportManager] Successfully created attachment [Exception Stack Trace - java.io.FileNotFoundException] @17-12-2021 12:50:05.0679 PM
[ReportManager] Couldn't find the desired file. [src/test/resources/testDataFiles/Google/SimpleSearch.xlsx]. @17-12-2021 12:50:05.0679 P


################################################################################################################################################
Starting Execution:	[16 out of 23] test cases in the current suite
Test Method:		[tests.gui.google.D_Search_PageObjectModel_Traditional_DataDriven.navigateToGoogleHomeAndAssertGoogleLogoIsDisplayed]
###############################################################################################################################################



################################################################################################################################################
Starting Execution:	[17 out of 23] test cases in the current suite
Test Method:		[tests.gui.google.D_Search_PageObjectModel_Traditional_DataDriven.navigateToGoogleHomeAndAssertPageTitle]
###############################################################################################################################################



################################################################################################################################################
Starting Execution:	[18 out of 23] test cases in the current suite
Test Method:		[tests.gui.google.D_Search_PageObjectModel_Traditional_DataDriven.searchForQueryAndAssertFirstResultTextIsCorrect]
###############################################################################################################################################




################################################################################################################################################
Starting Execution:	[19 out of 23] test cases in the current suite
Test Method:		[tests.gui.google.A_Search_FlatTest_NativeSeleniumWebDriver.navigateToGoogleHomeAndAssertGoogleLogoIsDisplayed]
###############################################################################################################################################



################################################################################################################################################
Starting Execution:	[20 out of 23] test cases in the current suite
Test Method:		[tests.gui.google.A_Search_FlatTest_NativeSeleniumWebDriver.navigateToGoogleHomeAndAssertPageTitle]
###############################################################################################################################################



################################################################################################################################################
Starting Execution:	[21 out of 23] test cases in the current suite
Test Method:		[tests.gui.google.A_Search_FlatTest_NativeSeleniumWebDriver.searchForQueryAndAssertFirstResultTextIsCorrect]
###############################################################################################################################################


################################################################################################################################################
Starting Execution:	[22 out of 23] test cases in the current suite
Test Method:		[tests.api.users.UserData.validateUserEmail]
################################################################################################################################################
[ReportManager] Response status code: [200], status line: [HTTP/1.1 200 OK] @17-12-2021 12:50:27.0186 PM
[ReportManager] Assertion Passed: Evaluating the actual response status code against the expected one... @17-12-2021 12:50:27.0190 PM
[ReportManager] Assertion [ValidateComparativeRelation] PASSED. Expected [200] and Actual [200]. Comparison Type [EQUALS]. Validation Type [POSITIVE]. @17-12-2021 12:50:27.0191 PM
[ReportManager] API Action [PerformRequest] successfully performed. With the following test data [Request Type: "GET" | Target Status Code: "200" | Service URL: "https://jsonplaceholder.typicode.com/users" | Content Type: "*/*" | Response Time: "591ms"]. @17-12-2021 12:50:28.0149 PM
[ReportManager] Successfully created attachment [API Request - Specifications] @17-12-2021 12:50:28.0149 PM
[ReportManager] Successfully created attachment [API Response - JSON Body] @17-12-2021 12:50:28.0469 PM
[ReportManager] Assertion [ValidateEquals] PASSED. Expected and Actual values are attached. Comparison Type [CONTAINS]. Validation Type [POSITIVE]. @17-12-2021 12:50:28.0470 PM
[ReportManager] Successfully created attachment [Validation Test Data - Expected Value] @17-12-2021 12:50:28.0470 PM
[ReportManager] Successfully created attachment [Validation Test Data - Actual Value] @17-12-2021 12:50:28.0471 PM
[ReportManager] API Action [GetResponseJSONValueAsList] successfully performed. With the following test data [$]. @17-12-2021 12:50:28.0487 PM
[ReportManager] API Action [GetResponseJSONValue] successfully performed. With the following test data [name]. @17-12-2021 12:50:28.0526 PM
[ReportManager] API Action [GetResponseJSONValue] successfully performed. With the following test data [email]. @17-12-2021 12:50:28.0548 PM
[ReportManager] Assertion [ValidateEquals] PASSED. Expected [Sincere@april.biz] and Actual [Sincere@april.biz]. Comparison Type [EQUALS]. Validation Type [POSITIVE]. @17-12-2021 12:50:28.0548 PM
[ReportManager] API Action [GetResponseJSONValue] successfully performed. With the following test data [name]. @17-12-2021 12:50:28.0575 PM
[ReportManager] API Action [GetResponseJSONValue] successfully performed. With the following test data [name]. @17-12-2021 12:50:28.0593 PM
[ReportManager] API Action [GetResponseJSONValue] successfully performed. With the following test data [name]. @17-12-2021 12:50:28.0610 PM
[ReportManager] API Action [GetResponseJSONValue] successfully performed. With the following test data [name]. @17-12-2021 12:50:28.0629 PM
[ReportManager] API Action [GetResponseJSONValue] successfully performed. With the following test data [name]. @17-12-2021 12:50:28.0647 PM
[ReportManager] API Action [GetResponseJSONValue] successfully performed. With the following test data [name]. @17-12-2021 12:50:28.0661 PM
[ReportManager] API Action [GetResponseJSONValue] successfully performed. With the following test data [name]. @17-12-2021 12:50:28.0676 PM
[ReportManager] API Action [GetResponseJSONValue] successfully performed. With the following test data [name]. @17-12-2021 12:50:28.0690 PM
[ReportManager] API Action [GetResponseJSONValue] successfully performed. With the following test data [name]. @17-12-2021 12:50:28.0705 P

################################################################################################################################################
Starting Execution:	[23 out of 23] test cases in the current suite
Test Method:		[tests.cli.demo.cliTest.sampleTestCase]
################################################################################################################################################
[ReportManager] Attempting to perform the following command locally. Command: [ls] @17-12-2021 12:50:28.0715 PM
[ReportManager] Terminal Action [PerformTerminalCommands] successfully performed. With the following test data [Host Name: "localHost" | Command: "ls" | Exit Status: "0"]. @17-12-2021 12:50:28.0719 PM
[ReportManager] Successfully created attachment [Terminal Action Actual Result - Command Log] @17-12-2021 12:50:28.0720 PM
[ReportManager] Assertion Passed: Demoing local terminal actions @17-12-2021 12:50:28.0720 PM
[ReportManager] Assertion [ValidateEquals] PASSED. Expected [pom.xml] and Actual [LICENSE
README.md
allure-results
docker-compose_native.yml
docker-compose_zalenium.yml
extent-reports
pom.xml
readMeImgs
src
target]. Comparison Type [CONTAINS]. Validation Type [POSITIVE]. @17-12-2021 12:50:28.0720 P
[ReportManager] Successfully created attachment [SHAFT Engine Logs - Execution log] @17-12-2021 12:50:28.0744 PM

################################################################################################################################################
This test run was powered by SHAFT Engine Version: [SHAFT Engine v5.4.20211117-BETA]
SHAFT Engine is licensed under the MIT License: [https://github.com/MohabMohie/SHAFT_ENGINE/blob/master/LICENSE].
################################################################################################################################################