################################################################################################################################################
Detected SHAFT Engine Version: [SHAFT Engine v5.4.20211117-BETA]
################################################################################################################################################

################################################################################################################################################
Starting Execution:	[1 out of 23] test cases in the current suite
Test Method:		[tests.api.users.UserData.validateUserEmail]
################################################################################################################################################
[ReportManager] Response status code: [200], status line: [HTTP/1.1 200 OK] @19-01-2022 12:47:25.0399 PM
[ReportManager] Assertion Passed: Evaluating the actual response status code against the expected one... @19-01-2022 12:47:25.0407 PM
[ReportManager] Assertion [ValidateComparativeRelation] PASSED. Expected [200] and Actual [200]. Comparison Type [EQUALS]. Validation Type [POSITIVE]. @19-01-2022 12:47:25.0412 PM
[ReportManager] API Action [PerformRequest] successfully performed. With the following test data [Request Type: "GET" | Target Status Code: "200" | Service URL: "https://jsonplaceholder.typicode.com/users" | Content Type: "*/*" | Response Time: "1006ms"]. @19-01-2022 12:47:26.0467 PM
[ReportManager] Successfully created attachment [API Request - Specifications] @19-01-2022 12:47:26.0468 PM
[ReportManager] Successfully created attachment [API Response - JSON Body] @19-01-2022 12:47:26.0672 PM
[ReportManager] Assertion [ValidateEquals] PASSED. Expected and Actual values are attached. Comparison Type [CONTAINS]. Validation Type [POSITIVE]. @19-01-2022 12:47:26.0680 PM
[ReportManager] Successfully created attachment [Validation Test Data - Expected Value] @19-01-2022 12:47:26.0681 PM
[ReportManager] Successfully created attachment [Validation Test Data - Actual Value] @19-01-2022 12:47:26.0682 PM
[ReportManager] API Action [GetResponseJSONValueAsList] successfully performed. With the following test data [$]. @19-01-2022 12:47:26.0696 PM
[ReportManager] API Action [GetResponseJSONValue] successfully performed. With the following test data [name]. @19-01-2022 12:47:26.0723 PM
[ReportManager] API Action [GetResponseJSONValue] successfully performed. With the following test data [email]. @19-01-2022 12:47:26.0745 PM
[ReportManager] Assertion [ValidateEquals] PASSED. Expected [Sincere@april.biz] and Actual [Sincere@april.biz]. Comparison Type [EQUALS]. Validation Type [POSITIVE]. @19-01-2022 12:47:26.0745 PM
[ReportManager] API Action [GetResponseJSONValue] successfully performed. With the following test data [name]. @19-01-2022 12:47:26.0769 PM
[ReportManager] API Action [GetResponseJSONValue] successfully performed. With the following test data [name]. @19-01-2022 12:47:26.0788 PM
[ReportManager] API Action [GetResponseJSONValue] successfully performed. With the following test data [name]. @19-01-2022 12:47:26.0802 PM
[ReportManager] API Action [GetResponseJSONValue] successfully performed. With the following test data [name]. @19-01-2022 12:47:26.0819 PM
[ReportManager] API Action [GetResponseJSONValue] successfully performed. With the following test data [name]. @19-01-2022 12:47:26.0836 PM
[ReportManager] API Action [GetResponseJSONValue] successfully performed. With the following test data [name]. @19-01-2022 12:47:26.0850 PM
[ReportManager] API Action [GetResponseJSONValue] successfully performed. With the following test data [name]. @19-01-2022 12:47:26.0865 PM
[ReportManager] API Action [GetResponseJSONValue] successfully performed. With the following test data [name]. @19-01-2022 12:47:26.0878 PM
[ReportManager] API Action [GetResponseJSONValue] successfully performed. With the following test data [name]. @19-01-2022 12:47:26.0891 P

################################################################################################################################################
Starting Execution:	[2 out of 23] test cases in the current suite
Test Method:		[tests.cli.demo.cliTest.sampleTestCase]
################################################################################################################################################
[ReportManager] Attempting to perform the following command locally. Command: [ls] @19-01-2022 12:47:27.0012 PM
[ReportManager] Terminal Action [PerformTerminalCommands] successfully performed. With the following test data [Host Name: "localHost" | Command: "ls" | Exit Status: "0"]. @19-01-2022 12:47:27.0021 PM
[ReportManager] Successfully created attachment [Terminal Action Actual Result - Command Log] @19-01-2022 12:47:27.0022 PM
[ReportManager] Assertion Passed: Demoing local terminal actions @19-01-2022 12:47:27.0022 PM
[ReportManager] Assertion [ValidateEquals] PASSED. Expected [pom.xml] and Actual [LICENSE
README.md
allure-results
docker-compose_native.yml
docker-compose_zalenium.yml
extent-reports
pom.xml
readMeImgs
src
target]. Comparison Type [CONTAINS]. Validation Type [POSITIVE]. @19-01-2022 12:47:27.0022 P
[ReportManager] File Action [GetAbsolutePath] successfully performed. With the following test data [Relative Folder Path: "target/downloadedFiles/"]. @19-01-2022 12:47:27.0032 PM
[ReportManager] Attempting to run remotely on: [Linux-64], [GoogleChrome], [http://localhost:4444/wd/hub], Headless Execution. @19-01-2022 12:47:27.0045 PM
[ReportManager] Successfully Opened [GoogleChrome]. @19-01-2022 12:47:28.0707 PM
[ReportManager] Target URL: [https://www.google.com/ncr], and after redirection: [https://www.google.com] @19-01-2022 12:47:28.0716 PM
[ReportManager] Initial URL: [data:,] @19-01-2022 12:47:28.0837 PM
[ReportManager] Browser Action [NavigateToURL] successfully performed. With the following test data [https://www.google.com/ncr]. @19-01-2022 12:47:30.0183 P

################################################################################################################################################
Starting Execution:	[3 out of 23] test cases in the current suite
Test Method:		[tests.gui.google.B_Search_FlatTest_SHAFT.navigateToGoogleHomeAndAssertGoogleLogoIsDisplayed]
################################################################################################################################################
[ReportManager] File Action [DoesFileExist] successfully performed. With the following test data [File Path: "src/main/resources/dynamicObjectRepository/tests_gui_google_B_Search_FlatTest_SHAFT_navigateToGoogleHomeAndAssertGoogleLogoIsDisplayed_By_xpath_img_id_hplogo_or_alt_Google.png"]. @19-01-2022 12:47:30.0209 PM
[ReportManager] File Action [GetAbsolutePath] successfully performed. With the following test data [Relative Folder Path: "src/main/resources/dynamicObjectRepository/tests_gui_google_B_Search_FlatTest_SHAFT_navigateToGoogleHomeAndAssertGoogleLogoIsDisplayed_By_xpath_img_id_hplogo_or_alt_Google.png"]. @19-01-2022 12:47:30.0209 PM
[ReportManager] File Action [ReadFromImageFile] successfully performed. With the following test data [File Path: "/home/runner/work/io.github.alidorgham/io.github.alidorgham/src/main/resources/dynamicObjectRepository/tests_gui_google_B_Search_FlatTest_SHAFT_navigateToGoogleHomeAndAssertGoogleLogoIsDisplayed_By_xpath_img_id_hplogo_or_alt_Google.png"]. @19-01-2022 12:47:30.0209 PM
[ReportManager] File Action [DoesFileExist] successfully performed. With the following test data [File Path: "src/main/resources/dynamicObjectRepository/tests_gui_google_B_Search_FlatTest_SHAFT_navigateToGoogleHomeAndAssertGoogleLogoIsDisplayed_By_xpath_img_id_hplogo_or_alt_Google.png"]. @19-01-2022 12:47:30.0473 PM
[ReportManager] File Action [DoesFileExist] successfully performed. With the following test data [File Path: "src/main/resources/dynamicObjectRepository/tests_gui_google_B_Search_FlatTest_SHAFT_navigateToGoogleHomeAndAssertGoogleLogoIsDisplayed_By_xpath_img_id_hplogo_or_alt_Google.png"]. @19-01-2022 12:47:30.0474 PM
[ReportManager] Loaded Shared OpenCV @19-01-2022 12:47:30.0941 PM
[ReportManager] Successfully identified the element using AI; OpenCV. @19-01-2022 12:47:30.0965 PM
[ReportManager] Assertion Passed: Asserting that the Google logo is displayed @19-01-2022 12:47:30.0966 PM
[ReportManager] Successfully created attachment [Validation Test Data - Reference Screenshot] @19-01-2022 12:47:30.0967 PM
[ReportManager] Successfully created attachment [Validation Test Data - Actual Screenshot] @19-01-2022 12:47:30.0967 PM
[ReportManager] Assertion [ValidateElementMatches] PASSED. Expected [Element should match the reference screenshot] and Actual [TRUE]. Comparison Type [EXACT_OPENCV]. Validation Type [POSITIVE]. @19-01-2022 12:47:30.0967 P
[ReportManager] Browser Action [CloseCurrentWindow] successfully performed. @19-01-2022 12:47:31.0123 PM
[ReportManager] Successfully created attachment [Browser Action Test Data - CloseCurrentWindow - Actual Value] @19-01-2022 12:47:31.0128 P
[ReportManager] File Action [GetAbsolutePath] successfully performed. With the following test data [Relative Folder Path: "target/downloadedFiles/"]. @19-01-2022 12:47:31.0141 PM
[ReportManager] Attempting to run remotely on: [Linux-64], [GoogleChrome], [http://localhost:4444/wd/hub], Headless Execution. @19-01-2022 12:47:31.0142 PM
[ReportManager] Successfully Opened [GoogleChrome]. @19-01-2022 12:47:31.0492 PM
[ReportManager] Target URL: [https://www.google.com/ncr], and after redirection: [https://www.google.com] @19-01-2022 12:47:31.0492 PM
[ReportManager] Initial URL: [data:,] @19-01-2022 12:47:31.0589 PM
[ReportManager] Browser Action [NavigateToURL] successfully performed. With the following test data [https://www.google.com/ncr]. @19-01-2022 12:47:32.0663 P

################################################################################################################################################
Starting Execution:	[4 out of 23] test cases in the current suite
Test Method:		[tests.gui.google.B_Search_FlatTest_SHAFT.navigateToGoogleHomeAndAssertPageTitle]
################################################################################################################################################
[ReportManager] Browser Action [GetCurrentWindowTitle] successfully performed. With the following test data [Google]. @19-01-2022 12:47:32.0718 PM
[ReportManager] Assertion Passed: Asserting that the page title is Google @19-01-2022 12:47:33.0360 PM
[ReportManager] Successfully created attachment [Screenshot - 1642596452950_navigateToGoogleHomeAndAssertPageTitle_ValidateBrowserAttribute_passed] @19-01-2022 12:47:33.0377 PM
[ReportManager] Assertion [ValidateBrowserAttribute] PASSED. Expected [Value Should be 'Google' for the 'Title' attribute] and Actual [Google]. Comparison Type [EQUALS]. Validation Type [POSITIVE]. @19-01-2022 12:47:33.0378 P
[ReportManager] Browser Action [CloseCurrentWindow] successfully performed. @19-01-2022 12:47:33.0541 PM
[ReportManager] Successfully created attachment [Browser Action Test Data - CloseCurrentWindow - Actual Value] @19-01-2022 12:47:33.0543 P
[ReportManager] File Action [GetAbsolutePath] successfully performed. With the following test data [Relative Folder Path: "target/downloadedFiles/"]. @19-01-2022 12:47:33.0565 PM
[ReportManager] Attempting to run remotely on: [Linux-64], [GoogleChrome], [http://localhost:4444/wd/hub], Headless Execution. @19-01-2022 12:47:33.0565 PM
[ReportManager] Successfully Opened [GoogleChrome]. @19-01-2022 12:47:33.0958 PM
[ReportManager] Target URL: [https://www.google.com/ncr], and after redirection: [https://www.google.com] @19-01-2022 12:47:33.0958 PM
[ReportManager] Initial URL: [data:,] @19-01-2022 12:47:34.0046 PM
[ReportManager] Browser Action [NavigateToURL] successfully performed. With the following test data [https://www.google.com/ncr]. @19-01-2022 12:47:35.0298 P

################################################################################################################################################
Starting Execution:	[5 out of 23] test cases in the current suite
Test Method:		[tests.gui.google.B_Search_FlatTest_SHAFT.searchForQueryAndAssertFirstResultTextIsCorrect]
################################################################################################################################################
[ReportManager] Element Action [Type] successfully performed. With the following test data [SHAFT_Engine]. @19-01-2022 12:47:35.0812 PM
[ReportManager] Element Action [KeyPress] successfully performed. With the following test data [ENTER]. @19-01-2022 12:47:37.0308 PM
[ReportManager] Element Action [GetText] successfully performed. With the following test data [SHAFT_ENGINE is a Test Automation Engine that ... - GitHub]. @19-01-2022 12:47:37.0434 PM
[ReportManager] Loaded Shared OpenCV @19-01-2022 12:47:37.0801 PM
[ReportManager] Assertion Failed: Asserting that the correct first result is displayed @19-01-2022 12:47:38.0241 PM
[ReportManager] Successfully created attachment [Screenshot - 1642596457801_searchForQueryAndAssertFirstResultTextIsCorrect_ValidateElementAttribute_failed] @19-01-2022 12:47:38.0249 PM
[ReportManager] Assertion [ValidateElementAttribute] FAILED. Expected [Value Should be 'MohabMohie' for the 'Text' attribute, element locator 'By.xpath: (//h1[contains(text(),'Search Result')]/following-sibling::div//a/h3)[1]'] and Actual [SHAFT_ENGINE is a Test Automation Engine that ... - GitHub]. Comparison Type [CONTAINS]. Validation Type [POSITIVE]. @19-01-2022 12:47:38.0249 P
[ReportManager] Browser Action [CloseCurrentWindow] successfully performed. @19-01-2022 12:47:38.0533 PM
[ReportManager] Successfully created attachment [Browser Action Test Data - CloseCurrentWindow - Actual Value] @19-01-2022 12:47:38.0558 P
[ReportManager] An Exception Occured with this Message: src/test/resources/testDataFiles/Google/SimpleSearch.xlsx (No such file or directory). @19-01-2022 12:47:38.0569 PM
[ReportManager] Successfully created attachment [Exception Stack Trace - java.io.FileNotFoundException] @19-01-2022 12:47:38.0570 PM
[ReportManager] Couldn't find the desired file. [src/test/resources/testDataFiles/Google/SimpleSearch.xlsx]. @19-01-2022 12:47:38.0570 P


################################################################################################################################################
Starting Execution:	[6 out of 23] test cases in the current suite
Test Method:		[tests.gui.google.F_Search_PageObjectModel_Fluent.navigateToGoogleHomeAndAssertGoogleLogoIsDisplayed]
###############################################################################################################################################



################################################################################################################################################
Starting Execution:	[7 out of 23] test cases in the current suite
Test Method:		[tests.gui.google.F_Search_PageObjectModel_Fluent.navigateToGoogleHomeAndAssertPageTitle]
###############################################################################################################################################



################################################################################################################################################
Starting Execution:	[8 out of 23] test cases in the current suite
Test Method:		[tests.gui.google.F_Search_PageObjectModel_Fluent.searchForQueryAndAssertFirstResultTextIsCorrect]
###############################################################################################################################################

[ReportManager] File Action [GetAbsolutePath] successfully performed. With the following test data [Relative Folder Path: "target/downloadedFiles/"]. @19-01-2022 12:47:38.0604 PM
[ReportManager] Attempting to run remotely on: [Linux-64], [GoogleChrome], [http://localhost:4444/wd/hub], Headless Execution. @19-01-2022 12:47:38.0604 PM
[ReportManager] Successfully Opened [GoogleChrome]. @19-01-2022 12:47:38.0960 PM
[ReportManager] Target URL: [https://www.google.com/ncr], and after redirection: [https://www.google.com] @19-01-2022 12:47:38.0961 PM
[ReportManager] Initial URL: [data:,] @19-01-2022 12:47:39.0041 PM
[ReportManager] Browser Action [NavigateToURL] successfully performed. With the following test data [https://www.google.com/ncr]. @19-01-2022 12:47:40.0328 P

################################################################################################################################################
Starting Execution:	[9 out of 23] test cases in the current suite
Test Method:		[tests.gui.google.C_Search_PageObjectModel_Traditional.navigateToGoogleHomeAndAssertGoogleLogoIsDisplayed]
################################################################################################################################################
[ReportManager] Element Action [IsElementDisplayed] successfully performed. @19-01-2022 12:47:40.0462 PM
[ReportManager] Assertion Passed: Asserting that the Google logo is displayed @19-01-2022 12:47:40.0463 PM
[ReportManager] Assertion [ValidateTrue] PASSED. Expected [TRUE] and Actual [TRUE]. Validation Type [POSITIVE]. @19-01-2022 12:47:40.0463 P
[ReportManager] Browser Action [CloseCurrentWindow] successfully performed. @19-01-2022 12:47:40.0611 PM
[ReportManager] Successfully created attachment [Browser Action Test Data - CloseCurrentWindow - Actual Value] @19-01-2022 12:47:40.0612 P
[ReportManager] File Action [GetAbsolutePath] successfully performed. With the following test data [Relative Folder Path: "target/downloadedFiles/"]. @19-01-2022 12:47:40.0615 PM
[ReportManager] Attempting to run remotely on: [Linux-64], [GoogleChrome], [http://localhost:4444/wd/hub], Headless Execution. @19-01-2022 12:47:40.0615 PM
[ReportManager] Successfully Opened [GoogleChrome]. @19-01-2022 12:47:40.0888 PM
[ReportManager] Target URL: [https://www.google.com/ncr], and after redirection: [https://www.google.com] @19-01-2022 12:47:40.0888 PM
[ReportManager] Initial URL: [data:,] @19-01-2022 12:47:40.0968 PM
[ReportManager] Browser Action [NavigateToURL] successfully performed. With the following test data [https://www.google.com/ncr]. @19-01-2022 12:47:42.0039 P

################################################################################################################################################
Starting Execution:	[10 out of 23] test cases in the current suite
Test Method:		[tests.gui.google.C_Search_PageObjectModel_Traditional.navigateToGoogleHomeAndAssertPageTitle]
################################################################################################################################################
[ReportManager] Browser Action [GetCurrentWindowTitle] successfully performed. With the following test data [Google]. @19-01-2022 12:47:42.0083 PM
[ReportManager] Assertion Passed: Asserting that the page title is Google @19-01-2022 12:47:42.0084 PM
[ReportManager] Assertion [ValidateEquals] PASSED. Expected [Google] and Actual [Google]. Comparison Type [EQUALS]. Validation Type [POSITIVE]. @19-01-2022 12:47:42.0084 P
[ReportManager] Browser Action [CloseCurrentWindow] successfully performed. @19-01-2022 12:47:42.0222 PM
[ReportManager] Successfully created attachment [Browser Action Test Data - CloseCurrentWindow - Actual Value] @19-01-2022 12:47:42.0223 P
[ReportManager] File Action [GetAbsolutePath] successfully performed. With the following test data [Relative Folder Path: "target/downloadedFiles/"]. @19-01-2022 12:47:42.0228 PM
[ReportManager] Attempting to run remotely on: [Linux-64], [GoogleChrome], [http://localhost:4444/wd/hub], Headless Execution. @19-01-2022 12:47:42.0228 PM
[ReportManager] Successfully Opened [GoogleChrome]. @19-01-2022 12:47:42.0428 PM
[ReportManager] Target URL: [https://www.google.com/ncr], and after redirection: [https://www.google.com] @19-01-2022 12:47:42.0429 PM
[ReportManager] Initial URL: [data:,] @19-01-2022 12:47:42.0524 PM
[ReportManager] Browser Action [NavigateToURL] successfully performed. With the following test data [https://www.google.com/ncr]. @19-01-2022 12:47:43.0552 P

################################################################################################################################################
Starting Execution:	[11 out of 23] test cases in the current suite
Test Method:		[tests.gui.google.C_Search_PageObjectModel_Traditional.searchForQueryAndAssertFirstResultTextIsCorrect]
################################################################################################################################################
[ReportManager] Element Action [Type] successfully performed. With the following test data [SHAFT_Engine]. @19-01-2022 12:47:43.0959 PM
[ReportManager] Element Action [KeyPress] successfully performed. With the following test data [ENTER]. @19-01-2022 12:47:45.0313 PM
[ReportManager] Element Action [GetText] successfully performed. With the following test data [SHAFT_ENGINE is a Test Automation Engine that ... - GitHub]. @19-01-2022 12:47:45.0433 PM
[ReportManager] Assertion Failed: Asserting that the correct first result is displayed @19-01-2022 12:47:45.0434 PM
[ReportManager] Assertion [ValidateEquals] FAILED. Expected [MohabMohie] and Actual [SHAFT_ENGINE is a Test Automation Engine that ... - GitHub]. Comparison Type [CONTAINS]. Validation Type [POSITIVE]. @19-01-2022 12:47:45.0434 P
[ReportManager] Browser Action [CloseCurrentWindow] successfully performed. @19-01-2022 12:47:45.0686 PM
[ReportManager] Successfully created attachment [Browser Action Test Data - CloseCurrentWindow - Actual Value] @19-01-2022 12:47:45.0688 P
[ReportManager] An Exception Occured with this Message: src/test/resources/testDataFiles/Google/SimpleSearch.xlsx (No such file or directory). @19-01-2022 12:47:45.0694 PM
[ReportManager] Successfully created attachment [Exception Stack Trace - java.io.FileNotFoundException] @19-01-2022 12:47:45.0695 PM
[ReportManager] Couldn't find the desired file. [src/test/resources/testDataFiles/Google/SimpleSearch.xlsx]. @19-01-2022 12:47:45.0698 P


################################################################################################################################################
Starting Execution:	[12 out of 23] test cases in the current suite
Test Method:		[tests.gui.google.E_Search_PageObjectModel_Traditional_SHAFTAssertions.navigateToGoogleHomeAndAssertGoogleLogoIsDisplayed]
###############################################################################################################################################



################################################################################################################################################
Starting Execution:	[13 out of 23] test cases in the current suite
Test Method:		[tests.gui.google.E_Search_PageObjectModel_Traditional_SHAFTAssertions.navigateToGoogleHomeAndAssertPageTitle]
###############################################################################################################################################



################################################################################################################################################
Starting Execution:	[14 out of 23] test cases in the current suite
Test Method:		[tests.gui.google.E_Search_PageObjectModel_Traditional_SHAFTAssertions.searchForQueryAndAssertFirstResultTextIsCorrect]
###############################################################################################################################################

[ReportManager] An Exception Occured with this Message: src/test/resources/testDataFiles/Google/SimpleSearch.xlsx (No such file or directory). @19-01-2022 12:47:45.0727 PM
[ReportManager] Successfully created attachment [Exception Stack Trace - java.io.FileNotFoundException] @19-01-2022 12:47:45.0727 PM
[ReportManager] Couldn't find the desired file. [src/test/resources/testDataFiles/Google/SimpleSearch.xlsx]. @19-01-2022 12:47:45.0727 P


################################################################################################################################################
Starting Execution:	[15 out of 23] test cases in the current suite
Test Method:		[tests.gui.google.G_Search_PageObjectModel_ThreadSafe.navigateToGoogleHomeAndAssertGoogleLogoIsDisplayed]
###############################################################################################################################################



################################################################################################################################################
Starting Execution:	[16 out of 23] test cases in the current suite
Test Method:		[tests.gui.google.G_Search_PageObjectModel_ThreadSafe.navigateToGoogleHomeAndAssertPageTitle]
###############################################################################################################################################



################################################################################################################################################
Starting Execution:	[17 out of 23] test cases in the current suite
Test Method:		[tests.gui.google.G_Search_PageObjectModel_ThreadSafe.searchForQueryAndAssertFirstResultTextIsCorrect]
###############################################################################################################################################

[ReportManager] An Exception Occured with this Message: src/test/resources/testDataFiles/Google/SimpleSearch.xlsx (No such file or directory). @19-01-2022 12:47:45.0747 PM
[ReportManager] Successfully created attachment [Exception Stack Trace - java.io.FileNotFoundException] @19-01-2022 12:47:45.0747 PM
[ReportManager] Couldn't find the desired file. [src/test/resources/testDataFiles/Google/SimpleSearch.xlsx]. @19-01-2022 12:47:45.0747 P


################################################################################################################################################
Starting Execution:	[18 out of 23] test cases in the current suite
Test Method:		[tests.gui.google.D_Search_PageObjectModel_Traditional_DataDriven.navigateToGoogleHomeAndAssertGoogleLogoIsDisplayed]
###############################################################################################################################################



################################################################################################################################################
Starting Execution:	[19 out of 23] test cases in the current suite
Test Method:		[tests.gui.google.D_Search_PageObjectModel_Traditional_DataDriven.navigateToGoogleHomeAndAssertPageTitle]
###############################################################################################################################################



################################################################################################################################################
Starting Execution:	[20 out of 23] test cases in the current suite
Test Method:		[tests.gui.google.D_Search_PageObjectModel_Traditional_DataDriven.searchForQueryAndAssertFirstResultTextIsCorrect]
###############################################################################################################################################




################################################################################################################################################
Starting Execution:	[21 out of 23] test cases in the current suite
Test Method:		[tests.gui.google.A_Search_FlatTest_NativeSeleniumWebDriver.navigateToGoogleHomeAndAssertGoogleLogoIsDisplayed]
###############################################################################################################################################



################################################################################################################################################
Starting Execution:	[22 out of 23] test cases in the current suite
Test Method:		[tests.gui.google.A_Search_FlatTest_NativeSeleniumWebDriver.navigateToGoogleHomeAndAssertPageTitle]
###############################################################################################################################################



################################################################################################################################################
Starting Execution:	[23 out of 23] test cases in the current suite
Test Method:		[tests.gui.google.A_Search_FlatTest_NativeSeleniumWebDriver.searchForQueryAndAssertFirstResultTextIsCorrect]
###############################################################################################################################################

[ReportManager] Successfully created attachment [SHAFT Engine Logs - Execution log] @19-01-2022 12:48:06.0784 PM

################################################################################################################################################
This test run was powered by SHAFT Engine Version: [SHAFT Engine v5.4.20211117-BETA]
SHAFT Engine is licensed under the MIT License: [https://github.com/MohabMohie/SHAFT_ENGINE/blob/master/LICENSE].
################################################################################################################################################