{
  "uid" : "f77993a18ce2befa",
  "name" : "searchForQueryAndAssertFirstResultTextIsCorrect",
  "fullName" : "tests.gui.google.B_Search_FlatTest_SHAFT.searchForQueryAndAssertFirstResultTextIsCorrect",
  "historyId" : "dc1372db5097b1be1b2a4104e5facea3",
  "time" : {
    "start" : 1639636740534,
    "stop" : 1639636740542,
    "duration" : 8
  },
  "status" : "skipped",
  "statusMessage" : "Driver Factory Action [createNewRemoteDriverInstance] failed. With the following test data [Unhandled Error.].",
  "statusTrace" : "java.lang.AssertionError: Driver Factory Action [createNewRemoteDriverInstance] failed. With the following test data [Unhandled Error.].\n\tat org.testng.Assert.fail(Assert.java:87)\n\tat com.shaft.driver.DriverFactoryHelper.failAction(DriverFactoryHelper.java:304)\n\tat com.shaft.driver.DriverFactoryHelper.createNewRemoteDriverInstance(DriverFactoryHelper.java:651)\n\tat com.shaft.driver.DriverFactoryHelper.getDriver(DriverFactoryHelper.java:818)\n\tat com.shaft.driver.DriverFactoryHelper.getDriver(DriverFactoryHelper.java:140)\n\tat com.shaft.driver.DriverFactory.getDriver(DriverFactory.java:27)\n\tat com.shaft.gui.browser.BrowserFactory.getBrowser(BrowserFactory.java:21)\n\tat tests.gui.google.B_Search_FlatTest_SHAFT.beforeMethod(B_Search_FlatTest_SHAFT.java:41)\n\tat java.base/jdk.internal.reflect.NativeMethodAccessorImpl.invoke0(Native Method)\n\tat java.base/jdk.internal.reflect.NativeMethodAccessorImpl.invoke(NativeMethodAccessorImpl.java:77)\n\tat java.base/jdk.internal.reflect.DelegatingMethodAccessorImpl.invoke(DelegatingMethodAccessorImpl.java:43)\n\tat java.base/java.lang.reflect.Method.invoke(Method.java:568)\n\tat org.testng.internal.MethodInvocationHelper.invokeMethod(MethodInvocationHelper.java:133)\n\tat org.testng.internal.MethodInvocationHelper.invokeMethodConsideringTimeout(MethodInvocationHelper.java:62)\n\tat org.testng.internal.ConfigInvoker.invokeConfigurationMethod(ConfigInvoker.java:385)\n\tat org.testng.internal.ConfigInvoker.invokeConfigurations(ConfigInvoker.java:321)\n\tat org.testng.internal.TestInvoker.runConfigMethods(TestInvoker.java:700)\n\tat org.testng.internal.TestInvoker.invokeMethod(TestInvoker.java:527)\n\tat org.testng.internal.TestInvoker.invokeTestMethod(TestInvoker.java:173)\n\tat org.testng.internal.MethodRunner.runInSequence(MethodRunner.java:46)\n\tat org.testng.internal.TestInvoker$MethodInvocationAgent.invoke(TestInvoker.java:824)\n\tat org.testng.internal.TestInvoker.invokeTestMethods(TestInvoker.java:146)\n\tat org.testng.internal.TestMethodWorker.invokeTestMethods(TestMethodWorker.java:146)\n\tat org.testng.internal.TestMethodWorker.run(TestMethodWorker.java:128)\n\tat java.base/java.util.ArrayList.forEach(ArrayList.java:1511)\n\tat org.testng.TestRunner.privateRun(TestRunner.java:794)\n\tat org.testng.TestRunner.run(TestRunner.java:596)\n\tat org.testng.SuiteRunner.runTest(SuiteRunner.java:377)\n\tat org.testng.SuiteRunner.runSequentially(SuiteRunner.java:371)\n\tat org.testng.SuiteRunner.privateRun(SuiteRunner.java:332)\n\tat org.testng.SuiteRunner.run(SuiteRunner.java:276)\n\tat org.testng.SuiteRunnerWorker.runSuite(SuiteRunnerWorker.java:53)\n\tat org.testng.SuiteRunnerWorker.run(SuiteRunnerWorker.java:96)\n\tat org.testng.TestNG.runSuitesSequentially(TestNG.java:1212)\n\tat org.testng.TestNG.runSuitesLocally(TestNG.java:1134)\n\tat org.testng.TestNG.runSuites(TestNG.java:1063)\n\tat org.testng.TestNG.run(TestNG.java:1031)\n\tat org.apache.maven.surefire.testng.TestNGExecutor.run(TestNGExecutor.java:136)\n\tat org.apache.maven.surefire.testng.TestNGDirectoryTestSuite.executeMulti(TestNGDirectoryTestSuite.java:193)\n\tat org.apache.maven.surefire.testng.TestNGDirectoryTestSuite.execute(TestNGDirectoryTestSuite.java:94)\n\tat org.apache.maven.surefire.testng.TestNGProvider.invoke(TestNGProvider.java:145)\n\tat org.apache.maven.surefire.booter.ForkedBooter.runSuitesInProcess(ForkedBooter.java:428)\n\tat org.apache.maven.surefire.booter.ForkedBooter.execute(ForkedBooter.java:162)\n\tat org.apache.maven.surefire.booter.ForkedBooter.run(ForkedBooter.java:562)\n\tat org.apache.maven.surefire.booter.ForkedBooter.main(ForkedBooter.java:548)\nCaused by: org.openqa.selenium.SessionNotCreatedException: Could not start a new session. Response code 500. Message: unknown error: Chrome failed to start: exited abnormally.\n  (chrome not reachable)\n  (The process started from chrome location /usr/bin/google-chrome is no longer running, so ChromeDriver is assuming that Chrome has crashed.)\nBuild info: version: '3.141.59', revision: 'e82be7d358', time: '2018-11-14T08:25:53'\nSystem info: host: '39f27cc86db7', ip: '172.18.0.3', os.name: 'Linux', os.arch: 'amd64', os.version: '5.11.0-1022-azure', java.version: '1.8.0_252'\nDriver info: driver.version: unknown\nremote stacktrace: #0 0x5610d054e189 <unknown>\n\nBuild info: version: '4.0.0', revision: '3a21814679'\nSystem info: host: 'fv-az121-382', ip: '10.1.0.179', os.name: 'Linux', os.arch: 'amd64', os.version: '5.11.0-1022-azure', java.version: '17.0.1'\nDriver info: org.openqa.selenium.remote.RemoteWebDriver\nCommand: [null, newSession {capabilities=[Capabilities {acceptInsecureCerts: true, browserName: chrome, goog:chromeOptions: {args: [--headless, --window-size=1920,1080, --start-maximized, --enable-automation, --no-sandbox, --disable-infobars, --disable-dev-shm-usage, --disable-browser-side-navi..., --disable-gpu, --remote-debugging-port=9222], extensions: [], prefs: {download.default_directory: /home/runner/work/io.github..., download.prompt_for_download: false, profile.default_content_settings.popups: 0}}, goog:loggingPrefs: org.openqa.selenium.logging..., pageLoadStrategy: normal, platformName: linux, timeouts: {pageLoad: 30000, script: 30000}, unhandledPromptBehavior: accept and notify}], desiredCapabilities=Capabilities {acceptInsecureCerts: true, acceptSslCerts: true, browserName: chrome, goog:chromeOptions: {args: [--headless, --window-size=1920,1080, --start-maximized, --enable-automation, --no-sandbox, --disable-infobars, --disable-dev-shm-usage, --disable-browser-side-navi..., --disable-gpu, --remote-debugging-port=9222], extensions: [], prefs: {download.default_directory: /home/runner/work/io.github..., download.prompt_for_download: false, profile.default_content_settings.popups: 0}}, loggingPrefs: org.openqa.selenium.logging..., pageLoadStrategy: normal, platformName: LINUX, timeouts: {pageLoad: 30000, script: 30000}, unhandledPromptBehavior: accept and notify}}]\nCapabilities {}\n\tat org.openqa.selenium.remote.ProtocolHandshake.createSession(ProtocolHandshake.java:126)\n\tat org.openqa.selenium.remote.ProtocolHandshake.createSession(ProtocolHandshake.java:84)\n\tat org.openqa.selenium.remote.ProtocolHandshake.createSession(ProtocolHandshake.java:62)\n\tat org.openqa.selenium.remote.HttpCommandExecutor.execute(HttpCommandExecutor.java:156)\n\tat org.openqa.selenium.remote.TracedCommandExecutor.execute(TracedCommandExecutor.java:39)\n\tat org.openqa.selenium.remote.RemoteWebDriver.execute(RemoteWebDriver.java:559)\n\tat org.openqa.selenium.remote.RemoteWebDriver.startSession(RemoteWebDriver.java:246)\n\tat org.openqa.selenium.remote.RemoteWebDriver.<init>(RemoteWebDriver.java:168)\n\tat org.openqa.selenium.remote.RemoteWebDriver.<init>(RemoteWebDriver.java:146)\n\tat com.shaft.driver.DriverFactoryHelper.setValueToRemoteDriverInstance(DriverFactoryHelper.java:668)\n\tat com.shaft.driver.DriverFactoryHelper.createNewRemoteDriverInstance(DriverFactoryHelper.java:637)\n\t... 42 more\n",
  "flaky" : false,
  "newFailed" : false,
  "beforeStages" : [ {
    "name" : "beforeMethod",
    "time" : {
      "start" : 1639636739307,
      "stop" : 1639636740510,
      "duration" : 1203
    },
    "description" : "",
    "status" : "failed",
    "statusMessage" : "Driver Factory Action [createNewRemoteDriverInstance] failed. With the following test data [Unhandled Error.].",
    "statusTrace" : "java.lang.AssertionError: Driver Factory Action [createNewRemoteDriverInstance] failed. With the following test data [Unhandled Error.].\n\tat org.testng.Assert.fail(Assert.java:87)\n\tat com.shaft.driver.DriverFactoryHelper.failAction(DriverFactoryHelper.java:304)\n\tat com.shaft.driver.DriverFactoryHelper.createNewRemoteDriverInstance(DriverFactoryHelper.java:651)\n\tat com.shaft.driver.DriverFactoryHelper.getDriver(DriverFactoryHelper.java:818)\n\tat com.shaft.driver.DriverFactoryHelper.getDriver(DriverFactoryHelper.java:140)\n\tat com.shaft.driver.DriverFactory.getDriver(DriverFactory.java:27)\n\tat com.shaft.gui.browser.BrowserFactory.getBrowser(BrowserFactory.java:21)\n\tat tests.gui.google.B_Search_FlatTest_SHAFT.beforeMethod(B_Search_FlatTest_SHAFT.java:41)\n\tat java.base/jdk.internal.reflect.NativeMethodAccessorImpl.invoke0(Native Method)\n\tat java.base/jdk.internal.reflect.NativeMethodAccessorImpl.invoke(NativeMethodAccessorImpl.java:77)\n\tat java.base/jdk.internal.reflect.DelegatingMethodAccessorImpl.invoke(DelegatingMethodAccessorImpl.java:43)\n\tat java.base/java.lang.reflect.Method.invoke(Method.java:568)\n\tat org.testng.internal.MethodInvocationHelper.invokeMethod(MethodInvocationHelper.java:133)\n\tat org.testng.internal.MethodInvocationHelper.invokeMethodConsideringTimeout(MethodInvocationHelper.java:62)\n\tat org.testng.internal.ConfigInvoker.invokeConfigurationMethod(ConfigInvoker.java:385)\n\tat org.testng.internal.ConfigInvoker.invokeConfigurations(ConfigInvoker.java:321)\n\tat org.testng.internal.TestInvoker.runConfigMethods(TestInvoker.java:700)\n\tat org.testng.internal.TestInvoker.invokeMethod(TestInvoker.java:527)\n\tat org.testng.internal.TestInvoker.invokeTestMethod(TestInvoker.java:173)\n\tat org.testng.internal.MethodRunner.runInSequence(MethodRunner.java:46)\n\tat org.testng.internal.TestInvoker$MethodInvocationAgent.invoke(TestInvoker.java:824)\n\tat org.testng.internal.TestInvoker.invokeTestMethods(TestInvoker.java:146)\n\tat org.testng.internal.TestMethodWorker.invokeTestMethods(TestMethodWorker.java:146)\n\tat org.testng.internal.TestMethodWorker.run(TestMethodWorker.java:128)\n\tat java.base/java.util.ArrayList.forEach(ArrayList.java:1511)\n\tat org.testng.TestRunner.privateRun(TestRunner.java:794)\n\tat org.testng.TestRunner.run(TestRunner.java:596)\n\tat org.testng.SuiteRunner.runTest(SuiteRunner.java:377)\n\tat org.testng.SuiteRunner.runSequentially(SuiteRunner.java:371)\n\tat org.testng.SuiteRunner.privateRun(SuiteRunner.java:332)\n\tat org.testng.SuiteRunner.run(SuiteRunner.java:276)\n\tat org.testng.SuiteRunnerWorker.runSuite(SuiteRunnerWorker.java:53)\n\tat org.testng.SuiteRunnerWorker.run(SuiteRunnerWorker.java:96)\n\tat org.testng.TestNG.runSuitesSequentially(TestNG.java:1212)\n\tat org.testng.TestNG.runSuitesLocally(TestNG.java:1134)\n\tat org.testng.TestNG.runSuites(TestNG.java:1063)\n\tat org.testng.TestNG.run(TestNG.java:1031)\n\tat org.apache.maven.surefire.testng.TestNGExecutor.run(TestNGExecutor.java:136)\n\tat org.apache.maven.surefire.testng.TestNGDirectoryTestSuite.executeMulti(TestNGDirectoryTestSuite.java:193)\n\tat org.apache.maven.surefire.testng.TestNGDirectoryTestSuite.execute(TestNGDirectoryTestSuite.java:94)\n\tat org.apache.maven.surefire.testng.TestNGProvider.invoke(TestNGProvider.java:145)\n\tat org.apache.maven.surefire.booter.ForkedBooter.runSuitesInProcess(ForkedBooter.java:428)\n\tat org.apache.maven.surefire.booter.ForkedBooter.execute(ForkedBooter.java:162)\n\tat org.apache.maven.surefire.booter.ForkedBooter.run(ForkedBooter.java:562)\n\tat org.apache.maven.surefire.booter.ForkedBooter.main(ForkedBooter.java:548)\nCaused by: org.openqa.selenium.SessionNotCreatedException: Could not start a new session. Response code 500. Message: unknown error: Chrome failed to start: exited abnormally.\n  (chrome not reachable)\n  (The process started from chrome location /usr/bin/google-chrome is no longer running, so ChromeDriver is assuming that Chrome has crashed.)\nBuild info: version: '3.141.59', revision: 'e82be7d358', time: '2018-11-14T08:25:53'\nSystem info: host: '39f27cc86db7', ip: '172.18.0.3', os.name: 'Linux', os.arch: 'amd64', os.version: '5.11.0-1022-azure', java.version: '1.8.0_252'\nDriver info: driver.version: unknown\nremote stacktrace: #0 0x5610d054e189 <unknown>\n\nBuild info: version: '4.0.0', revision: '3a21814679'\nSystem info: host: 'fv-az121-382', ip: '10.1.0.179', os.name: 'Linux', os.arch: 'amd64', os.version: '5.11.0-1022-azure', java.version: '17.0.1'\nDriver info: org.openqa.selenium.remote.RemoteWebDriver\nCommand: [null, newSession {capabilities=[Capabilities {acceptInsecureCerts: true, browserName: chrome, goog:chromeOptions: {args: [--headless, --window-size=1920,1080, --start-maximized, --enable-automation, --no-sandbox, --disable-infobars, --disable-dev-shm-usage, --disable-browser-side-navi..., --disable-gpu, --remote-debugging-port=9222], extensions: [], prefs: {download.default_directory: /home/runner/work/io.github..., download.prompt_for_download: false, profile.default_content_settings.popups: 0}}, goog:loggingPrefs: org.openqa.selenium.logging..., pageLoadStrategy: normal, platformName: linux, timeouts: {pageLoad: 30000, script: 30000}, unhandledPromptBehavior: accept and notify}], desiredCapabilities=Capabilities {acceptInsecureCerts: true, acceptSslCerts: true, browserName: chrome, goog:chromeOptions: {args: [--headless, --window-size=1920,1080, --start-maximized, --enable-automation, --no-sandbox, --disable-infobars, --disable-dev-shm-usage, --disable-browser-side-navi..., --disable-gpu, --remote-debugging-port=9222], extensions: [], prefs: {download.default_directory: /home/runner/work/io.github..., download.prompt_for_download: false, profile.default_content_settings.popups: 0}}, loggingPrefs: org.openqa.selenium.logging..., pageLoadStrategy: normal, platformName: LINUX, timeouts: {pageLoad: 30000, script: 30000}, unhandledPromptBehavior: accept and notify}}]\nCapabilities {}\n\tat org.openqa.selenium.remote.ProtocolHandshake.createSession(ProtocolHandshake.java:126)\n\tat org.openqa.selenium.remote.ProtocolHandshake.createSession(ProtocolHandshake.java:84)\n\tat org.openqa.selenium.remote.ProtocolHandshake.createSession(ProtocolHandshake.java:62)\n\tat org.openqa.selenium.remote.HttpCommandExecutor.execute(HttpCommandExecutor.java:156)\n\tat org.openqa.selenium.remote.TracedCommandExecutor.execute(TracedCommandExecutor.java:39)\n\tat org.openqa.selenium.remote.RemoteWebDriver.execute(RemoteWebDriver.java:559)\n\tat org.openqa.selenium.remote.RemoteWebDriver.startSession(RemoteWebDriver.java:246)\n\tat org.openqa.selenium.remote.RemoteWebDriver.<init>(RemoteWebDriver.java:168)\n\tat org.openqa.selenium.remote.RemoteWebDriver.<init>(RemoteWebDriver.java:146)\n\tat com.shaft.driver.DriverFactoryHelper.setValueToRemoteDriverInstance(DriverFactoryHelper.java:668)\n\tat com.shaft.driver.DriverFactoryHelper.createNewRemoteDriverInstance(DriverFactoryHelper.java:637)\n\t... 42 more\n",
    "steps" : [ {
      "name" : "Attempting to run remotely on: [Linux-64], [GoogleChrome], [http://localhost:4444/wd/hub], Headless Execution.",
      "time" : {
        "start" : 1639636739308,
        "stop" : 1639636739308,
        "duration" : 0
      },
      "status" : "passed",
      "steps" : [ ],
      "attachments" : [ ],
      "parameters" : [ {
        "name" : "actionCounter",
        "value" : "12"
      }, {
        "name" : "logText",
        "value" : "Attempting to run remotely on: [Linux-64], [GoogleChrome], [http://localhost:4444/wd/hub], Headless Execution."
      } ],
      "stepsCount" : 0,
      "attachmentsCount" : 0,
      "shouldDisplayMessage" : false,
      "hasContent" : true
    }, {
      "name" : "An Exception Occured with this Message: Could not start a new session. Response code 500. Message: unknown error: Chrome failed to start: exited abnormally..",
      "time" : {
        "start" : 1639636740506,
        "stop" : 1639636740507,
        "duration" : 1
      },
      "status" : "passed",
      "steps" : [ ],
      "attachments" : [ {
        "uid" : "95a2f3f6a57e64d4",
        "name" : "Attachment: Exception Stack Trace - org.openqa.selenium.SessionNotCreatedException",
        "source" : "95a2f3f6a57e64d4.txt",
        "type" : "text/plain",
        "size" : 6290
      } ],
      "parameters" : [ {
        "name" : "actionCounter",
        "value" : "13"
      }, {
        "name" : "logText",
        "value" : "An Exception Occured with this Message: Could not start a new session. Response code 500. Message: unknown error: Chrome failed to start: exited abnormally.."
      }, {
        "name" : "attachments",
        "value" : "[[Exception Stack Trace, org.openqa.selenium.SessionNotCreatedException, org.openqa.selenium.SessionNotCreatedException:\nCould not start a new session. Response code 500. Message: unknown error: Chrome failed to start: exited abnormally.\n  (chrome not reachable)\n  (The process started from chrome location /usr/bin/google-chrome is no longer running, so ChromeDriver is assuming that Chrome has crashed.)\nBuild info: version: '3.141.59', revision: 'e82be7d358', time: '2018-11-14T08:25:53'\nSystem info: host: '39f27cc86db7', ip: '172.18.0.3', os.name: 'Linux', os.arch: 'amd64', os.version: '5.11.0-1022-azure', java.version: '1.8.0_252'\nDriver info: driver.version: unknown\nremote stacktrace: #0 0x5610d054e189 <unknown>\n\nBuild info: version: '4.0.0', revision: '3a21814679'\nSystem info: host: 'fv-az121-382', ip: '10.1.0.179', os.name: 'Linux', os.arch: 'amd64', os.version: '5.11.0-1022-azure', java.version: '17.0.1'\nDriver info: org.openqa.selenium.remote.RemoteWebDriver\nCommand: [null, newSession {capabilities=[Capabilities {acceptInsecureCerts: true, browserName: chrome, goog:chromeOptions: {args: [--headless, --window-size=1920,1080, --start-maximized, --enable-automation, --no-sandbox, --disable-infobars, --disable-dev-shm-usage, --disable-browser-side-navi..., --disable-gpu, --remote-debugging-port=9222], extensions: [], prefs: {download.default_directory: /home/runner/work/io.github..., download.prompt_for_download: false, profile.default_content_settings.popups: 0}}, goog:loggingPrefs: org.openqa.selenium.logging..., pageLoadStrategy: normal, platformName: linux, timeouts: {pageLoad: 30000, script: 30000}, unhandledPromptBehavior: accept and notify}], desiredCapabilities=Capabilities {acceptInsecureCerts: true, acceptSslCerts: true, browserName: chrome, goog:chromeOptions: {args: [--headless, --window-size=1920,1080, --start-maximized, --enable-automation, --no-sandbox, --disable-infobars, --disable-dev-shm-usage, --disable-browser-side-navi..., --disable-gpu, --remote-debugging-port=9222], extensions: [], prefs: {download.default_directory: /home/runner/work/io.github..., download.prompt_for_download: false, profile.default_content_settings.popups: 0}}, loggingPrefs: org.openqa.selenium.logging..., pageLoadStrategy: normal, platformName: LINUX, timeouts: {pageLoad: 30000, script: 30000}, unhandledPromptBehavior: accept and notify}}]\nCapabilities {}\norg.openqa.selenium.remote.ProtocolHandshake.createSession(ProtocolHandshake.java:126)\norg.openqa.selenium.remote.ProtocolHandshake.createSession(ProtocolHandshake.java:84)\norg.openqa.selenium.remote.ProtocolHandshake.createSession(ProtocolHandshake.java:62)\norg.openqa.selenium.remote.HttpCommandExecutor.execute(HttpCommandExecutor.java:156)\norg.openqa.selenium.remote.TracedCommandExecutor.execute(TracedCommandExecutor.java:39)\norg.openqa.selenium.remote.RemoteWebDriver.execute(RemoteWebDriver.java:559)\norg.openqa.selenium.remote.RemoteWebDriver.startSession(RemoteWebDriver.java:246)\norg.openqa.selenium.remote.RemoteWebDriver.<init>(RemoteWebDriver.java:168)\norg.openqa.selenium.remote.RemoteWebDriver.<init>(RemoteWebDriver.java:146)\ncom.shaft.driver.DriverFactoryHelper.setValueToRemoteDriverInstance(DriverFactoryHelper.java:668)\ncom.shaft.driver.DriverFactoryHelper.createNewRemoteDriverInstance(DriverFactoryHelper.java:637)\ncom.shaft.driver.DriverFactoryHelper.getDriver(DriverFactoryHelper.java:818)\ncom.shaft.driver.DriverFactoryHelper.getDriver(DriverFactoryHelper.java:140)\ncom.shaft.driver.DriverFactory.getDriver(DriverFactory.java:27)\ncom.shaft.gui.browser.BrowserFactory.getBrowser(BrowserFactory.java:21)\ntests.gui.google.B_Search_FlatTest_SHAFT.beforeMethod(B_Search_FlatTest_SHAFT.java:41)\njava.base/jdk.internal.reflect.NativeMethodAccessorImpl.invoke0(Native Method)\njava.base/jdk.internal.reflect.NativeMethodAccessorImpl.invoke(NativeMethodAccessorImpl.java:77)\njava.base/jdk.internal.reflect.DelegatingMethodAccessorImpl.invoke(DelegatingMethodAccessorImpl.java:43)\njava.base/java.lang.reflect.Method.invoke(Method.java:568)\norg.testng.internal.MethodInvocationHelper.invokeMethod(MethodInvocationHelper.java:133)\norg.testng.internal.MethodInvocationHelper.invokeMethodConsideringTimeout(MethodInvocationHelper.java:62)\norg.testng.internal.ConfigInvoker.invokeConfigurationMethod(ConfigInvoker.java:385)\norg.testng.internal.ConfigInvoker.invokeConfigurations(ConfigInvoker.java:321)\norg.testng.internal.TestInvoker.runConfigMethods(TestInvoker.java:700)\norg.testng.internal.TestInvoker.invokeMethod(TestInvoker.java:527)\norg.testng.internal.TestInvoker.invokeTestMethod(TestInvoker.java:173)\norg.testng.internal.MethodRunner.runInSequence(MethodRunner.java:46)\norg.testng.internal.TestInvoker$MethodInvocationAgent.invoke(TestInvoker.java:824)\norg.testng.internal.TestInvoker.invokeTestMethods(TestInvoker.java:146)\norg.testng.internal.TestMethodWorker.invokeTestMethods(TestMethodWorker.java:146)\norg.testng.internal.TestMethodWorker.run(TestMethodWorker.java:128)\njava.base/java.util.ArrayList.forEach(ArrayList.java:1511)\norg.testng.TestRunner.privateRun(TestRunner.java:794)\norg.testng.TestRunner.run(TestRunner.java:596)\norg.testng.SuiteRunner.runTest(SuiteRunner.java:377)\norg.testng.SuiteRunner.runSequentially(SuiteRunner.java:371)\norg.testng.SuiteRunner.privateRun(SuiteRunner.java:332)\norg.testng.SuiteRunner.run(SuiteRunner.java:276)\norg.testng.SuiteRunnerWorker.runSuite(SuiteRunnerWorker.java:53)\norg.testng.SuiteRunnerWorker.run(SuiteRunnerWorker.java:96)\norg.testng.TestNG.runSuitesSequentially(TestNG.java:1212)\norg.testng.TestNG.runSuitesLocally(TestNG.java:1134)\norg.testng.TestNG.runSuites(TestNG.java:1063)\norg.testng.TestNG.run(TestNG.java:1031)\norg.apache.maven.surefire.testng.TestNGExecutor.run(TestNGExecutor.java:136)\norg.apache.maven.surefire.testng.TestNGDirectoryTestSuite.executeMulti(TestNGDirectoryTestSuite.java:193)\norg.apache.maven.surefire.testng.TestNGDirectoryTestSuite.execute(TestNGDirectoryTestSuite.java:94)\norg.apache.maven.surefire.testng.TestNGProvider.invoke(TestNGProvider.java:145)\norg.apache.maven.surefire.booter.ForkedBooter.runSuitesInProcess(ForkedBooter.java:428)\norg.apache.maven.surefire.booter.ForkedBooter.execute(ForkedBooter.java:162)\norg.apache.maven.surefire.booter.ForkedBooter.run(ForkedBooter.java:562)\norg.apache.maven.surefire.booter.ForkedBooter.main(ForkedBooter.java:548)\n]]"
      } ],
      "stepsCount" : 0,
      "attachmentsCount" : 1,
      "shouldDisplayMessage" : false,
      "hasContent" : true
    }, {
      "name" : "Failed to run remotely on: [Linux-64], [GoogleChrome], [http://localhost:4444/wd/hub].",
      "time" : {
        "start" : 1639636740507,
        "stop" : 1639636740507,
        "duration" : 0
      },
      "status" : "passed",
      "steps" : [ ],
      "attachments" : [ ],
      "parameters" : [ {
        "name" : "actionCounter",
        "value" : "15"
      }, {
        "name" : "logText",
        "value" : "Failed to run remotely on: [Linux-64], [GoogleChrome], [http://localhost:4444/wd/hub]."
      } ],
      "stepsCount" : 0,
      "attachmentsCount" : 0,
      "shouldDisplayMessage" : false,
      "hasContent" : true
    }, {
      "name" : "Driver Factory Action [createNewRemoteDriverInstance] failed. With the following test data [Unhandled Error.].",
      "time" : {
        "start" : 1639636740508,
        "stop" : 1639636740508,
        "duration" : 0
      },
      "status" : "passed",
      "steps" : [ ],
      "attachments" : [ ],
      "parameters" : [ {
        "name" : "actionCounter",
        "value" : "16"
      }, {
        "name" : "logText",
        "value" : "Driver Factory Action [createNewRemoteDriverInstance] failed. With the following test data [Unhandled Error.]."
      } ],
      "stepsCount" : 0,
      "attachmentsCount" : 0,
      "shouldDisplayMessage" : false,
      "hasContent" : true
    }, {
      "name" : "An Exception Occured with this Message: Could not start a new session. Response code 500. Message: unknown error: Chrome failed to start: exited abnormally..",
      "time" : {
        "start" : 1639636740508,
        "stop" : 1639636740509,
        "duration" : 1
      },
      "status" : "passed",
      "steps" : [ ],
      "attachments" : [ {
        "uid" : "cd9a487105233da1",
        "name" : "Attachment: Exception Stack Trace - org.openqa.selenium.SessionNotCreatedException",
        "source" : "cd9a487105233da1.txt",
        "type" : "text/plain",
        "size" : 6290
      } ],
      "parameters" : [ {
        "name" : "actionCounter",
        "value" : "17"
      }, {
        "name" : "logText",
        "value" : "An Exception Occured with this Message: Could not start a new session. Response code 500. Message: unknown error: Chrome failed to start: exited abnormally.."
      }, {
        "name" : "attachments",
        "value" : "[[Exception Stack Trace, org.openqa.selenium.SessionNotCreatedException, org.openqa.selenium.SessionNotCreatedException:\nCould not start a new session. Response code 500. Message: unknown error: Chrome failed to start: exited abnormally.\n  (chrome not reachable)\n  (The process started from chrome location /usr/bin/google-chrome is no longer running, so ChromeDriver is assuming that Chrome has crashed.)\nBuild info: version: '3.141.59', revision: 'e82be7d358', time: '2018-11-14T08:25:53'\nSystem info: host: '39f27cc86db7', ip: '172.18.0.3', os.name: 'Linux', os.arch: 'amd64', os.version: '5.11.0-1022-azure', java.version: '1.8.0_252'\nDriver info: driver.version: unknown\nremote stacktrace: #0 0x5610d054e189 <unknown>\n\nBuild info: version: '4.0.0', revision: '3a21814679'\nSystem info: host: 'fv-az121-382', ip: '10.1.0.179', os.name: 'Linux', os.arch: 'amd64', os.version: '5.11.0-1022-azure', java.version: '17.0.1'\nDriver info: org.openqa.selenium.remote.RemoteWebDriver\nCommand: [null, newSession {capabilities=[Capabilities {acceptInsecureCerts: true, browserName: chrome, goog:chromeOptions: {args: [--headless, --window-size=1920,1080, --start-maximized, --enable-automation, --no-sandbox, --disable-infobars, --disable-dev-shm-usage, --disable-browser-side-navi..., --disable-gpu, --remote-debugging-port=9222], extensions: [], prefs: {download.default_directory: /home/runner/work/io.github..., download.prompt_for_download: false, profile.default_content_settings.popups: 0}}, goog:loggingPrefs: org.openqa.selenium.logging..., pageLoadStrategy: normal, platformName: linux, timeouts: {pageLoad: 30000, script: 30000}, unhandledPromptBehavior: accept and notify}], desiredCapabilities=Capabilities {acceptInsecureCerts: true, acceptSslCerts: true, browserName: chrome, goog:chromeOptions: {args: [--headless, --window-size=1920,1080, --start-maximized, --enable-automation, --no-sandbox, --disable-infobars, --disable-dev-shm-usage, --disable-browser-side-navi..., --disable-gpu, --remote-debugging-port=9222], extensions: [], prefs: {download.default_directory: /home/runner/work/io.github..., download.prompt_for_download: false, profile.default_content_settings.popups: 0}}, loggingPrefs: org.openqa.selenium.logging..., pageLoadStrategy: normal, platformName: LINUX, timeouts: {pageLoad: 30000, script: 30000}, unhandledPromptBehavior: accept and notify}}]\nCapabilities {}\norg.openqa.selenium.remote.ProtocolHandshake.createSession(ProtocolHandshake.java:126)\norg.openqa.selenium.remote.ProtocolHandshake.createSession(ProtocolHandshake.java:84)\norg.openqa.selenium.remote.ProtocolHandshake.createSession(ProtocolHandshake.java:62)\norg.openqa.selenium.remote.HttpCommandExecutor.execute(HttpCommandExecutor.java:156)\norg.openqa.selenium.remote.TracedCommandExecutor.execute(TracedCommandExecutor.java:39)\norg.openqa.selenium.remote.RemoteWebDriver.execute(RemoteWebDriver.java:559)\norg.openqa.selenium.remote.RemoteWebDriver.startSession(RemoteWebDriver.java:246)\norg.openqa.selenium.remote.RemoteWebDriver.<init>(RemoteWebDriver.java:168)\norg.openqa.selenium.remote.RemoteWebDriver.<init>(RemoteWebDriver.java:146)\ncom.shaft.driver.DriverFactoryHelper.setValueToRemoteDriverInstance(DriverFactoryHelper.java:668)\ncom.shaft.driver.DriverFactoryHelper.createNewRemoteDriverInstance(DriverFactoryHelper.java:637)\ncom.shaft.driver.DriverFactoryHelper.getDriver(DriverFactoryHelper.java:818)\ncom.shaft.driver.DriverFactoryHelper.getDriver(DriverFactoryHelper.java:140)\ncom.shaft.driver.DriverFactory.getDriver(DriverFactory.java:27)\ncom.shaft.gui.browser.BrowserFactory.getBrowser(BrowserFactory.java:21)\ntests.gui.google.B_Search_FlatTest_SHAFT.beforeMethod(B_Search_FlatTest_SHAFT.java:41)\njava.base/jdk.internal.reflect.NativeMethodAccessorImpl.invoke0(Native Method)\njava.base/jdk.internal.reflect.NativeMethodAccessorImpl.invoke(NativeMethodAccessorImpl.java:77)\njava.base/jdk.internal.reflect.DelegatingMethodAccessorImpl.invoke(DelegatingMethodAccessorImpl.java:43)\njava.base/java.lang.reflect.Method.invoke(Method.java:568)\norg.testng.internal.MethodInvocationHelper.invokeMethod(MethodInvocationHelper.java:133)\norg.testng.internal.MethodInvocationHelper.invokeMethodConsideringTimeout(MethodInvocationHelper.java:62)\norg.testng.internal.ConfigInvoker.invokeConfigurationMethod(ConfigInvoker.java:385)\norg.testng.internal.ConfigInvoker.invokeConfigurations(ConfigInvoker.java:321)\norg.testng.internal.TestInvoker.runConfigMethods(TestInvoker.java:700)\norg.testng.internal.TestInvoker.invokeMethod(TestInvoker.java:527)\norg.testng.internal.TestInvoker.invokeTestMethod(TestInvoker.java:173)\norg.testng.internal.MethodRunner.runInSequence(MethodRunner.java:46)\norg.testng.internal.TestInvoker$MethodInvocationAgent.invoke(TestInvoker.java:824)\norg.testng.internal.TestInvoker.invokeTestMethods(TestInvoker.java:146)\norg.testng.internal.TestMethodWorker.invokeTestMethods(TestMethodWorker.java:146)\norg.testng.internal.TestMethodWorker.run(TestMethodWorker.java:128)\njava.base/java.util.ArrayList.forEach(ArrayList.java:1511)\norg.testng.TestRunner.privateRun(TestRunner.java:794)\norg.testng.TestRunner.run(TestRunner.java:596)\norg.testng.SuiteRunner.runTest(SuiteRunner.java:377)\norg.testng.SuiteRunner.runSequentially(SuiteRunner.java:371)\norg.testng.SuiteRunner.privateRun(SuiteRunner.java:332)\norg.testng.SuiteRunner.run(SuiteRunner.java:276)\norg.testng.SuiteRunnerWorker.runSuite(SuiteRunnerWorker.java:53)\norg.testng.SuiteRunnerWorker.run(SuiteRunnerWorker.java:96)\norg.testng.TestNG.runSuitesSequentially(TestNG.java:1212)\norg.testng.TestNG.runSuitesLocally(TestNG.java:1134)\norg.testng.TestNG.runSuites(TestNG.java:1063)\norg.testng.TestNG.run(TestNG.java:1031)\norg.apache.maven.surefire.testng.TestNGExecutor.run(TestNGExecutor.java:136)\norg.apache.maven.surefire.testng.TestNGDirectoryTestSuite.executeMulti(TestNGDirectoryTestSuite.java:193)\norg.apache.maven.surefire.testng.TestNGDirectoryTestSuite.execute(TestNGDirectoryTestSuite.java:94)\norg.apache.maven.surefire.testng.TestNGProvider.invoke(TestNGProvider.java:145)\norg.apache.maven.surefire.booter.ForkedBooter.runSuitesInProcess(ForkedBooter.java:428)\norg.apache.maven.surefire.booter.ForkedBooter.execute(ForkedBooter.java:162)\norg.apache.maven.surefire.booter.ForkedBooter.run(ForkedBooter.java:562)\norg.apache.maven.surefire.booter.ForkedBooter.main(ForkedBooter.java:548)\n]]"
      } ],
      "stepsCount" : 0,
      "attachmentsCount" : 1,
      "shouldDisplayMessage" : false,
      "hasContent" : true
    } ],
    "attachments" : [ ],
    "parameters" : [ ],
    "stepsCount" : 5,
    "attachmentsCount" : 2,
    "shouldDisplayMessage" : true,
    "hasContent" : true
  }, {
    "name" : "setupActivities",
    "time" : {
      "start" : 1639636731716,
      "stop" : 1639636732462,
      "duration" : 746
    },
    "description" : "",
    "status" : "passed",
    "steps" : [ {
      "name" : "Folder [extent-reports] was not found, it may have already been deleted.",
      "time" : {
        "start" : 1639636731840,
        "stop" : 1639636731842,
        "duration" : 2
      },
      "status" : "passed",
      "steps" : [ ],
      "attachments" : [ ],
      "parameters" : [ {
        "name" : "actionCounter",
        "value" : "1"
      }, {
        "name" : "logText",
        "value" : "Folder [extent-reports] was not found, it may have already been deleted."
      } ],
      "stepsCount" : 0,
      "attachmentsCount" : 0,
      "shouldDisplayMessage" : false,
      "hasContent" : true
    } ],
    "attachments" : [ {
      "uid" : "b72753e4d5b2b778",
      "name" : "Attachment: SHAFT Links - Important",
      "source" : "b72753e4d5b2b778.uri",
      "type" : "text/uri-list",
      "size" : 346
    }, {
      "uid" : "1ffc04dc71b473f4",
      "name" : "Attachment: Properties - ExecutionPlatform",
      "source" : "1ffc04dc71b473f4.properties",
      "type" : "text/plain",
      "size" : 394
    } ],
    "parameters" : [ ],
    "stepsCount" : 1,
    "attachmentsCount" : 2,
    "shouldDisplayMessage" : false,
    "hasContent" : true
  } ],
  "testStage" : {
    "status" : "skipped",
    "statusMessage" : "Driver Factory Action [createNewRemoteDriverInstance] failed. With the following test data [Unhandled Error.].",
    "statusTrace" : "java.lang.AssertionError: Driver Factory Action [createNewRemoteDriverInstance] failed. With the following test data [Unhandled Error.].\n\tat org.testng.Assert.fail(Assert.java:87)\n\tat com.shaft.driver.DriverFactoryHelper.failAction(DriverFactoryHelper.java:304)\n\tat com.shaft.driver.DriverFactoryHelper.createNewRemoteDriverInstance(DriverFactoryHelper.java:651)\n\tat com.shaft.driver.DriverFactoryHelper.getDriver(DriverFactoryHelper.java:818)\n\tat com.shaft.driver.DriverFactoryHelper.getDriver(DriverFactoryHelper.java:140)\n\tat com.shaft.driver.DriverFactory.getDriver(DriverFactory.java:27)\n\tat com.shaft.gui.browser.BrowserFactory.getBrowser(BrowserFactory.java:21)\n\tat tests.gui.google.B_Search_FlatTest_SHAFT.beforeMethod(B_Search_FlatTest_SHAFT.java:41)\n\tat java.base/jdk.internal.reflect.NativeMethodAccessorImpl.invoke0(Native Method)\n\tat java.base/jdk.internal.reflect.NativeMethodAccessorImpl.invoke(NativeMethodAccessorImpl.java:77)\n\tat java.base/jdk.internal.reflect.DelegatingMethodAccessorImpl.invoke(DelegatingMethodAccessorImpl.java:43)\n\tat java.base/java.lang.reflect.Method.invoke(Method.java:568)\n\tat org.testng.internal.MethodInvocationHelper.invokeMethod(MethodInvocationHelper.java:133)\n\tat org.testng.internal.MethodInvocationHelper.invokeMethodConsideringTimeout(MethodInvocationHelper.java:62)\n\tat org.testng.internal.ConfigInvoker.invokeConfigurationMethod(ConfigInvoker.java:385)\n\tat org.testng.internal.ConfigInvoker.invokeConfigurations(ConfigInvoker.java:321)\n\tat org.testng.internal.TestInvoker.runConfigMethods(TestInvoker.java:700)\n\tat org.testng.internal.TestInvoker.invokeMethod(TestInvoker.java:527)\n\tat org.testng.internal.TestInvoker.invokeTestMethod(TestInvoker.java:173)\n\tat org.testng.internal.MethodRunner.runInSequence(MethodRunner.java:46)\n\tat org.testng.internal.TestInvoker$MethodInvocationAgent.invoke(TestInvoker.java:824)\n\tat org.testng.internal.TestInvoker.invokeTestMethods(TestInvoker.java:146)\n\tat org.testng.internal.TestMethodWorker.invokeTestMethods(TestMethodWorker.java:146)\n\tat org.testng.internal.TestMethodWorker.run(TestMethodWorker.java:128)\n\tat java.base/java.util.ArrayList.forEach(ArrayList.java:1511)\n\tat org.testng.TestRunner.privateRun(TestRunner.java:794)\n\tat org.testng.TestRunner.run(TestRunner.java:596)\n\tat org.testng.SuiteRunner.runTest(SuiteRunner.java:377)\n\tat org.testng.SuiteRunner.runSequentially(SuiteRunner.java:371)\n\tat org.testng.SuiteRunner.privateRun(SuiteRunner.java:332)\n\tat org.testng.SuiteRunner.run(SuiteRunner.java:276)\n\tat org.testng.SuiteRunnerWorker.runSuite(SuiteRunnerWorker.java:53)\n\tat org.testng.SuiteRunnerWorker.run(SuiteRunnerWorker.java:96)\n\tat org.testng.TestNG.runSuitesSequentially(TestNG.java:1212)\n\tat org.testng.TestNG.runSuitesLocally(TestNG.java:1134)\n\tat org.testng.TestNG.runSuites(TestNG.java:1063)\n\tat org.testng.TestNG.run(TestNG.java:1031)\n\tat org.apache.maven.surefire.testng.TestNGExecutor.run(TestNGExecutor.java:136)\n\tat org.apache.maven.surefire.testng.TestNGDirectoryTestSuite.executeMulti(TestNGDirectoryTestSuite.java:193)\n\tat org.apache.maven.surefire.testng.TestNGDirectoryTestSuite.execute(TestNGDirectoryTestSuite.java:94)\n\tat org.apache.maven.surefire.testng.TestNGProvider.invoke(TestNGProvider.java:145)\n\tat org.apache.maven.surefire.booter.ForkedBooter.runSuitesInProcess(ForkedBooter.java:428)\n\tat org.apache.maven.surefire.booter.ForkedBooter.execute(ForkedBooter.java:162)\n\tat org.apache.maven.surefire.booter.ForkedBooter.run(ForkedBooter.java:562)\n\tat org.apache.maven.surefire.booter.ForkedBooter.main(ForkedBooter.java:548)\nCaused by: org.openqa.selenium.SessionNotCreatedException: Could not start a new session. Response code 500. Message: unknown error: Chrome failed to start: exited abnormally.\n  (chrome not reachable)\n  (The process started from chrome location /usr/bin/google-chrome is no longer running, so ChromeDriver is assuming that Chrome has crashed.)\nBuild info: version: '3.141.59', revision: 'e82be7d358', time: '2018-11-14T08:25:53'\nSystem info: host: '39f27cc86db7', ip: '172.18.0.3', os.name: 'Linux', os.arch: 'amd64', os.version: '5.11.0-1022-azure', java.version: '1.8.0_252'\nDriver info: driver.version: unknown\nremote stacktrace: #0 0x5610d054e189 <unknown>\n\nBuild info: version: '4.0.0', revision: '3a21814679'\nSystem info: host: 'fv-az121-382', ip: '10.1.0.179', os.name: 'Linux', os.arch: 'amd64', os.version: '5.11.0-1022-azure', java.version: '17.0.1'\nDriver info: org.openqa.selenium.remote.RemoteWebDriver\nCommand: [null, newSession {capabilities=[Capabilities {acceptInsecureCerts: true, browserName: chrome, goog:chromeOptions: {args: [--headless, --window-size=1920,1080, --start-maximized, --enable-automation, --no-sandbox, --disable-infobars, --disable-dev-shm-usage, --disable-browser-side-navi..., --disable-gpu, --remote-debugging-port=9222], extensions: [], prefs: {download.default_directory: /home/runner/work/io.github..., download.prompt_for_download: false, profile.default_content_settings.popups: 0}}, goog:loggingPrefs: org.openqa.selenium.logging..., pageLoadStrategy: normal, platformName: linux, timeouts: {pageLoad: 30000, script: 30000}, unhandledPromptBehavior: accept and notify}], desiredCapabilities=Capabilities {acceptInsecureCerts: true, acceptSslCerts: true, browserName: chrome, goog:chromeOptions: {args: [--headless, --window-size=1920,1080, --start-maximized, --enable-automation, --no-sandbox, --disable-infobars, --disable-dev-shm-usage, --disable-browser-side-navi..., --disable-gpu, --remote-debugging-port=9222], extensions: [], prefs: {download.default_directory: /home/runner/work/io.github..., download.prompt_for_download: false, profile.default_content_settings.popups: 0}}, loggingPrefs: org.openqa.selenium.logging..., pageLoadStrategy: normal, platformName: LINUX, timeouts: {pageLoad: 30000, script: 30000}, unhandledPromptBehavior: accept and notify}}]\nCapabilities {}\n\tat org.openqa.selenium.remote.ProtocolHandshake.createSession(ProtocolHandshake.java:126)\n\tat org.openqa.selenium.remote.ProtocolHandshake.createSession(ProtocolHandshake.java:84)\n\tat org.openqa.selenium.remote.ProtocolHandshake.createSession(ProtocolHandshake.java:62)\n\tat org.openqa.selenium.remote.HttpCommandExecutor.execute(HttpCommandExecutor.java:156)\n\tat org.openqa.selenium.remote.TracedCommandExecutor.execute(TracedCommandExecutor.java:39)\n\tat org.openqa.selenium.remote.RemoteWebDriver.execute(RemoteWebDriver.java:559)\n\tat org.openqa.selenium.remote.RemoteWebDriver.startSession(RemoteWebDriver.java:246)\n\tat org.openqa.selenium.remote.RemoteWebDriver.<init>(RemoteWebDriver.java:168)\n\tat org.openqa.selenium.remote.RemoteWebDriver.<init>(RemoteWebDriver.java:146)\n\tat com.shaft.driver.DriverFactoryHelper.setValueToRemoteDriverInstance(DriverFactoryHelper.java:668)\n\tat com.shaft.driver.DriverFactoryHelper.createNewRemoteDriverInstance(DriverFactoryHelper.java:637)\n\t... 42 more\n",
    "steps" : [ ],
    "attachments" : [ {
      "uid" : "d33268f58ac0da6e",
      "name" : "Attachment: SHAFT Engine Logs - Current Method log: searchForQueryAndAssertFirstResultTextIsCorrect",
      "source" : "d33268f58ac0da6e.txt",
      "type" : "text/plain",
      "size" : 460
    } ],
    "parameters" : [ ],
    "stepsCount" : 0,
    "attachmentsCount" : 1,
    "shouldDisplayMessage" : true,
    "hasContent" : true
  },
  "afterStages" : [ {
    "name" : "afterMethod",
    "time" : {
      "start" : 1639636740543,
      "stop" : 1639636740543,
      "duration" : 0
    },
    "description" : "",
    "status" : "broken",
    "steps" : [ ],
    "attachments" : [ ],
    "parameters" : [ ],
    "stepsCount" : 0,
    "attachmentsCount" : 0,
    "shouldDisplayMessage" : false,
    "hasContent" : false
  }, {
    "name" : "teardownActivities",
    "time" : {
      "start" : 1639636774752,
      "stop" : 1639636774985,
      "duration" : 233
    },
    "description" : "",
    "status" : "passed",
    "steps" : [ {
      "name" : "Successfully Closed All Drivers.",
      "time" : {
        "start" : 1639636774752,
        "stop" : 1639636774752,
        "duration" : 0
      },
      "status" : "passed",
      "steps" : [ ],
      "attachments" : [ ],
      "parameters" : [ {
        "name" : "actionCounter",
        "value" : "57"
      }, {
        "name" : "logText",
        "value" : "Successfully Closed All Drivers."
      } ],
      "stepsCount" : 0,
      "attachmentsCount" : 0,
      "shouldDisplayMessage" : false,
      "hasContent" : true
    }, {
      "name" : "Issue Summary: Total Issues = 1, New issues for Failed Tests = 1, Open issues for Passed Tests = 0, Open issues for Failed Tests = 0. Kindly check the attached Issue details.",
      "time" : {
        "start" : 1639636774761,
        "stop" : 1639636774761,
        "duration" : 0
      },
      "status" : "passed",
      "steps" : [ ],
      "attachments" : [ {
        "uid" : "f0a1ce4c7fa7e7a1",
        "name" : "Attachment: SHAFT Engine Logs - Issues log CSV: 20211216-063934",
        "source" : "f0a1ce4c7fa7e7a1.csv",
        "type" : "text/csv",
        "size" : 177
      } ],
      "parameters" : [ {
        "name" : "actionCounter",
        "value" : "58"
      }, {
        "name" : "logText",
        "value" : "Issue Summary: Total Issues = 1, New issues for Failed Tests = 1, Open issues for Passed Tests = 0, Open issues for Failed Tests = 0. Kindly check the attached Issue details."
      }, {
        "name" : "attachments",
        "value" : "[[SHAFT Engine Logs, Issues log CSV: 20211216-063934, java.io.ByteArrayInputStream@499d1026]]"
      } ],
      "stepsCount" : 0,
      "attachmentsCount" : 1,
      "shouldDisplayMessage" : false,
      "hasContent" : true
    } ],
    "attachments" : [ {
      "uid" : "e3abf381e248ce3",
      "name" : "Attachment: SHAFT Engine Logs - Execution log: 20211216-063934",
      "source" : "e3abf381e248ce3.txt",
      "type" : "text/plain",
      "size" : 28622
    }, {
      "uid" : "35aa635ab660af04",
      "name" : "Attachment: HTML - Extent Emailable Execution Report",
      "source" : "35aa635ab660af04.html",
      "type" : "text/html",
      "size" : 185473
    } ],
    "parameters" : [ ],
    "stepsCount" : 2,
    "attachmentsCount" : 3,
    "shouldDisplayMessage" : false,
    "hasContent" : true
  } ],
  "labels" : [ {
    "name" : "package",
    "value" : "tests.gui.google.B_Search_FlatTest_SHAFT"
  }, {
    "name" : "testClass",
    "value" : "tests.gui.google.B_Search_FlatTest_SHAFT"
  }, {
    "name" : "testMethod",
    "value" : "searchForQueryAndAssertFirstResultTextIsCorrect"
  }, {
    "name" : "parentSuite",
    "value" : "SHAFT: Custom Suite"
  }, {
    "name" : "suite",
    "value" : "SHAFT: Custom Test"
  }, {
    "name" : "subSuite",
    "value" : "tests.gui.google.B_Search_FlatTest_SHAFT"
  }, {
    "name" : "host",
    "value" : "fv-az121-382"
  }, {
    "name" : "thread",
    "value" : "3710@fv-az121-382.main(1)"
  }, {
    "name" : "framework",
    "value" : "testng"
  }, {
    "name" : "language",
    "value" : "java"
  }, {
    "name" : "resultFormat",
    "value" : "allure2"
  } ],
  "parameters" : [ ],
  "links" : [ ],
  "hidden" : false,
  "retry" : false,
  "extra" : {
    "severity" : "normal",
    "retries" : [ ],
    "categories" : [ ],
    "history" : {
      "statistic" : {
        "failed" : 81,
        "broken" : 0,
        "skipped" : 1,
        "passed" : 0,
        "unknown" : 0,
        "total" : 82
      },
      "items" : [ {
        "uid" : "4fadb654d7534edb",
        "reportUrl" : "https://Dorgham4.github.io/io.github.alidorgham/allure/85//#testresult/4fadb654d7534edb",
        "status" : "failed",
        "statusDetails" : "Assertion [ValidateElementAttribute] FAILED. Expected [Value Should be 'MohabMohie' for the 'Text' attribute, element locator 'By.xpath: (//h1[contains(text(),'Search Result')]/following-sibling::div//a/h3)[1]'] and Actual [SHAFT: Unified Test Automation Engine - GitHub]. Comparison Type [CONTAINS]. Validation Type [POSITIVE].",
        "time" : {
          "start" : 1639618316597,
          "stop" : 1639618319764,
          "duration" : 3167
        }
      }, {
        "uid" : "de87b97383c7b0fc",
        "reportUrl" : "https://Dorgham4.github.io/io.github.alidorgham/allure/84//#testresult/de87b97383c7b0fc",
        "status" : "failed",
        "statusDetails" : "Assertion [ValidateElementAttribute] FAILED. Expected [Value Should be 'MohabMohie' for the 'Text' attribute, element locator 'By.xpath: (//h1[contains(text(),'Search Result')]/following-sibling::div//a/h3)[1]'] and Actual [SHAFT: Unified Test Automation Engine - GitHub]. Comparison Type [CONTAINS]. Validation Type [POSITIVE].",
        "time" : {
          "start" : 1639593469595,
          "stop" : 1639593472318,
          "duration" : 2723
        }
      }, {
        "uid" : "944d470b2b770ad5",
        "reportUrl" : "https://Dorgham4.github.io/io.github.alidorgham/allure/83//#testresult/944d470b2b770ad5",
        "status" : "failed",
        "statusDetails" : "Assertion [ValidateElementAttribute] FAILED. Expected [Value Should be 'MohabMohie' for the 'Text' attribute, element locator 'By.xpath: (//h1[contains(text(),'Search Result')]/following-sibling::div//a/h3)[1]'] and Actual [SHAFT: Unified Test Automation Engine - GitHub]. Comparison Type [CONTAINS]. Validation Type [POSITIVE].",
        "time" : {
          "start" : 1639572640838,
          "stop" : 1639572643416,
          "duration" : 2578
        }
      }, {
        "uid" : "e7366e4e272944f0",
        "reportUrl" : "https://Dorgham4.github.io/io.github.alidorgham/allure/82//#testresult/e7366e4e272944f0",
        "status" : "failed",
        "statusDetails" : "Assertion [ValidateElementAttribute] FAILED. Expected [Value Should be 'MohabMohie' for the 'Text' attribute, element locator 'By.xpath: (//h1[contains(text(),'Search Result')]/following-sibling::div//a/h3)[1]'] and Actual [SHAFT: Unified Test Automation Engine - GitHub]. Comparison Type [CONTAINS]. Validation Type [POSITIVE].",
        "time" : {
          "start" : 1639550290423,
          "stop" : 1639550293120,
          "duration" : 2697
        }
      }, {
        "uid" : "d2a326069d6f9835",
        "reportUrl" : "https://Dorgham4.github.io/io.github.alidorgham/allure/81//#testresult/d2a326069d6f9835",
        "status" : "failed",
        "statusDetails" : "Assertion [ValidateElementAttribute] FAILED. Expected [Value Should be 'MohabMohie' for the 'Text' attribute, element locator 'By.xpath: (//h1[contains(text(),'Search Result')]/following-sibling::div//a/h3)[1]'] and Actual [SHAFT: Unified Test Automation Engine - GitHub]. Comparison Type [CONTAINS]. Validation Type [POSITIVE].",
        "time" : {
          "start" : 1639531948589,
          "stop" : 1639531951636,
          "duration" : 3047
        }
      }, {
        "uid" : "c6b5bc0a5f1f9910",
        "reportUrl" : "https://Dorgham4.github.io/io.github.alidorgham/allure/80//#testresult/c6b5bc0a5f1f9910",
        "status" : "failed",
        "statusDetails" : "Assertion [ValidateElementAttribute] FAILED. Expected [Value Should be 'MohabMohie' for the 'Text' attribute, element locator 'By.xpath: (//h1[contains(text(),'Search Result')]/following-sibling::div//a/h3)[1]'] and Actual [SHAFT: Unified Test Automation Engine - GitHub]. Comparison Type [CONTAINS]. Validation Type [POSITIVE].",
        "time" : {
          "start" : 1639507075565,
          "stop" : 1639507078611,
          "duration" : 3046
        }
      }, {
        "uid" : "4ff9acd68873b7c3",
        "reportUrl" : "https://Dorgham4.github.io/io.github.alidorgham/allure/79//#testresult/4ff9acd68873b7c3",
        "status" : "failed",
        "statusDetails" : "Assertion [ValidateElementAttribute] FAILED. Expected [Value Should be 'MohabMohie' for the 'Text' attribute, element locator 'By.xpath: (//h1[contains(text(),'Search Result')]/following-sibling::div//a/h3)[1]'] and Actual [SHAFT: Unified Test Automation Engine - GitHub]. Comparison Type [CONTAINS]. Validation Type [POSITIVE].",
        "time" : {
          "start" : 1639486199290,
          "stop" : 1639486202213,
          "duration" : 2923
        }
      }, {
        "uid" : "f235d5d3c2adaff",
        "reportUrl" : "https://Dorgham4.github.io/io.github.alidorgham/allure/78//#testresult/f235d5d3c2adaff",
        "status" : "failed",
        "statusDetails" : "Assertion [ValidateElementAttribute] FAILED. Expected [Value Should be 'MohabMohie' for the 'Text' attribute, element locator 'By.xpath: (//h1[contains(text(),'Search Result')]/following-sibling::div//a/h3)[1]'] and Actual [SHAFT: Unified Test Automation Engine - GitHub]. Comparison Type [CONTAINS]. Validation Type [POSITIVE].",
        "time" : {
          "start" : 1639463858321,
          "stop" : 1639463861410,
          "duration" : 3089
        }
      }, {
        "uid" : "e92159045827e493",
        "reportUrl" : "https://Dorgham4.github.io/io.github.alidorgham/allure/77//#testresult/e92159045827e493",
        "status" : "failed",
        "statusDetails" : "Assertion [ValidateElementAttribute] FAILED. Expected [Value Should be 'MohabMohie' for the 'Text' attribute, element locator 'By.xpath: (//h1[contains(text(),'Search Result')]/following-sibling::div//a/h3)[1]'] and Actual [SHAFT: Unified Test Automation Engine - GitHub]. Comparison Type [CONTAINS]. Validation Type [POSITIVE].",
        "time" : {
          "start" : 1639445756625,
          "stop" : 1639445759706,
          "duration" : 3081
        }
      }, {
        "uid" : "25014642e1f38cfd",
        "reportUrl" : "https://Dorgham4.github.io/io.github.alidorgham/allure/76//#testresult/25014642e1f38cfd",
        "status" : "failed",
        "statusDetails" : "Assertion [ValidateElementAttribute] FAILED. Expected [Value Should be 'MohabMohie' for the 'Text' attribute, element locator 'By.xpath: (//h1[contains(text(),'Search Result')]/following-sibling::div//a/h3)[1]'] and Actual [SHAFT: Unified Test Automation Engine - GitHub]. Comparison Type [CONTAINS]. Validation Type [POSITIVE].",
        "time" : {
          "start" : 1639420575217,
          "stop" : 1639420578184,
          "duration" : 2967
        }
      }, {
        "uid" : "5a77549ba9b03d36",
        "reportUrl" : "https://Dorgham4.github.io/io.github.alidorgham/allure/75//#testresult/5a77549ba9b03d36",
        "status" : "failed",
        "statusDetails" : "Assertion [ValidateElementAttribute] FAILED. Expected [Value Should be 'MohabMohie' for the 'Text' attribute, element locator 'By.xpath: (//h1[contains(text(),'Search Result')]/following-sibling::div//a/h3)[1]'] and Actual [SHAFT: Unified Test Automation Engine - GitHub]. Comparison Type [CONTAINS]. Validation Type [POSITIVE].",
        "time" : {
          "start" : 1639399823649,
          "stop" : 1639399826613,
          "duration" : 2964
        }
      }, {
        "uid" : "9a11147c445cdb1b",
        "reportUrl" : "https://Dorgham4.github.io/io.github.alidorgham/allure/74//#testresult/9a11147c445cdb1b",
        "status" : "failed",
        "statusDetails" : "Assertion [ValidateElementAttribute] FAILED. Expected [Value Should be 'MohabMohie' for the 'Text' attribute, element locator 'By.xpath: (//h1[contains(text(),'Search Result')]/following-sibling::div//a/h3)[1]'] and Actual [SHAFT: Unified Test Automation Engine - GitHub]. Comparison Type [CONTAINS]. Validation Type [POSITIVE].",
        "time" : {
          "start" : 1639377558358,
          "stop" : 1639377561543,
          "duration" : 3185
        }
      }, {
        "uid" : "1aeb29a6c4c78eba",
        "reportUrl" : "https://Dorgham4.github.io/io.github.alidorgham/allure/73//#testresult/1aeb29a6c4c78eba",
        "status" : "failed",
        "statusDetails" : "Assertion [ValidateElementAttribute] FAILED. Expected [Value Should be 'MohabMohie' for the 'Text' attribute, element locator 'By.xpath: (//h1[contains(text(),'Search Result')]/following-sibling::div//a/h3)[1]'] and Actual [SHAFT: Unified Test Automation Engine - GitHub]. Comparison Type [CONTAINS]. Validation Type [POSITIVE].",
        "time" : {
          "start" : 1639359170162,
          "stop" : 1639359173108,
          "duration" : 2946
        }
      }, {
        "uid" : "afddf45804293e57",
        "reportUrl" : "https://Dorgham4.github.io/io.github.alidorgham/allure/72//#testresult/afddf45804293e57",
        "status" : "failed",
        "statusDetails" : "Assertion [ValidateElementAttribute] FAILED. Expected [Value Should be 'MohabMohie' for the 'Text' attribute, element locator 'By.xpath: (//h1[contains(text(),'Search Result')]/following-sibling::div//a/h3)[1]'] and Actual [SHAFT: Unified Test Automation Engine - GitHub]. Comparison Type [CONTAINS]. Validation Type [POSITIVE].",
        "time" : {
          "start" : 1639334215837,
          "stop" : 1639334218990,
          "duration" : 3153
        }
      }, {
        "uid" : "f572e451c09d7e69",
        "reportUrl" : "https://Dorgham4.github.io/io.github.alidorgham/allure/71//#testresult/f572e451c09d7e69",
        "status" : "failed",
        "statusDetails" : "Assertion [ValidateElementAttribute] FAILED. Expected [Value Should be 'MohabMohie' for the 'Text' attribute, element locator 'By.xpath: (//h1[contains(text(),'Search Result')]/following-sibling::div//a/h3)[1]'] and Actual [Horizontal Shaft Engines - Harbor Freight Tools]. Comparison Type [CONTAINS]. Validation Type [POSITIVE].",
        "time" : {
          "start" : 1639313332095,
          "stop" : 1639313335652,
          "duration" : 3557
        }
      }, {
        "uid" : "72a985b8917e96a7",
        "reportUrl" : "https://Dorgham4.github.io/io.github.alidorgham/allure/70//#testresult/72a985b8917e96a7",
        "status" : "failed",
        "statusDetails" : "Assertion [ValidateElementAttribute] FAILED. Expected [Value Should be 'MohabMohie' for the 'Text' attribute, element locator 'By.xpath: (//h1[contains(text(),'Search Result')]/following-sibling::div//a/h3)[1]'] and Actual [SHAFT: Unified Test Automation Engine - GitHub]. Comparison Type [CONTAINS]. Validation Type [POSITIVE].",
        "time" : {
          "start" : 1639291074834,
          "stop" : 1639291077562,
          "duration" : 2728
        }
      }, {
        "uid" : "8b3ce1c624fca371",
        "reportUrl" : "https://Dorgham4.github.io/io.github.alidorgham/allure/69//#testresult/8b3ce1c624fca371",
        "status" : "failed",
        "statusDetails" : "Assertion [ValidateElementAttribute] FAILED. Expected [Value Should be 'MohabMohie' for the 'Text' attribute, element locator 'By.xpath: (//h1[contains(text(),'Search Result')]/following-sibling::div//a/h3)[1]'] and Actual [SHAFT: Unified Test Automation Engine - GitHub]. Comparison Type [CONTAINS]. Validation Type [POSITIVE].",
        "time" : {
          "start" : 1639272926409,
          "stop" : 1639272929478,
          "duration" : 3069
        }
      }, {
        "uid" : "38eca3c8fe41a869",
        "reportUrl" : "https://Dorgham4.github.io/io.github.alidorgham/allure/68//#testresult/38eca3c8fe41a869",
        "status" : "failed",
        "statusDetails" : "Assertion [ValidateElementAttribute] FAILED. Expected [Value Should be 'MohabMohie' for the 'Text' attribute, element locator 'By.xpath: (//h1[contains(text(),'Search Result')]/following-sibling::div//a/h3)[1]'] and Actual [SHAFT: Unified Test Automation Engine - GitHub]. Comparison Type [CONTAINS]. Validation Type [POSITIVE].",
        "time" : {
          "start" : 1639247799946,
          "stop" : 1639247802964,
          "duration" : 3018
        }
      }, {
        "uid" : "a626523e7a05c116",
        "reportUrl" : "https://Dorgham4.github.io/io.github.alidorgham/allure/67//#testresult/a626523e7a05c116",
        "status" : "failed",
        "statusDetails" : "Assertion [ValidateElementAttribute] FAILED. Expected [Value Should be 'MohabMohie' for the 'Text' attribute, element locator 'By.xpath: (//h1[contains(text(),'Search Result')]/following-sibling::div//a/h3)[1]'] and Actual [SHAFT: Unified Test Automation Engine - GitHub]. Comparison Type [CONTAINS]. Validation Type [POSITIVE].",
        "time" : {
          "start" : 1639226928736,
          "stop" : 1639226932080,
          "duration" : 3344
        }
      }, {
        "uid" : "93a7024d8190dcc1",
        "reportUrl" : "https://Dorgham4.github.io/io.github.alidorgham/allure/66//#testresult/93a7024d8190dcc1",
        "status" : "failed",
        "statusDetails" : "Assertion [ValidateElementAttribute] FAILED. Expected [Value Should be 'MohabMohie' for the 'Text' attribute, element locator 'By.xpath: (//h1[contains(text(),'Search Result')]/following-sibling::div//a/h3)[1]'] and Actual [SHAFT: Unified Test Automation Engine - GitHub]. Comparison Type [CONTAINS]. Validation Type [POSITIVE].",
        "time" : {
          "start" : 1639204682608,
          "stop" : 1639204685309,
          "duration" : 2701
        }
      } ]
    },
    "tags" : [ ]
  },
  "source" : "f77993a18ce2befa.json",
  "parameterValues" : [ ]
}