################################################################################################################################################
Detected SHAFT Engine Version: [SHAFT Engine v5.4.20211117-BETA]
################################################################################################################################################

################################################################################################################################################
Starting Execution:	[1 out of 23] test cases in the current suite
Test Method:		[tests.api.users.UserData.validateUserEmail]
################################################################################################################################################
[ReportManager] Response status code: [200], status line: [HTTP/1.1 200 OK] @11-12-2021 01:30:50.0816 AM
[ReportManager] Assertion Passed: Evaluating the actual response status code against the expected one... @11-12-2021 01:30:50.0828 AM
[ReportManager] Assertion [ValidateComparativeRelation] PASSED. Expected [200] and Actual [200]. Comparison Type [EQUALS]. Validation Type [POSITIVE]. @11-12-2021 01:30:50.0833 AM
[ReportManager] API Action [PerformRequest] successfully performed. With the following test data [Request Type: "GET" | Target Status Code: "200" | Service URL: "https://jsonplaceholder.typicode.com/users" | Content Type: "*/*" | Response Time: "1169ms"]. @11-12-2021 01:30:51.0981 AM
[ReportManager] Successfully created attachment [API Request - Specifications] @11-12-2021 01:30:51.0989 AM
[ReportManager] Successfully created attachment [API Response - JSON Body] @11-12-2021 01:30:52.0238 AM
[ReportManager] Assertion [ValidateEquals] PASSED. Expected and Actual values are attached. Comparison Type [CONTAINS]. Validation Type [POSITIVE]. @11-12-2021 01:30:52.0246 AM
[ReportManager] Successfully created attachment [Validation Test Data - Expected Value] @11-12-2021 01:30:52.0247 AM
[ReportManager] Successfully created attachment [Validation Test Data - Actual Value] @11-12-2021 01:30:52.0248 AM
[ReportManager] API Action [GetResponseJSONValueAsList] successfully performed. With the following test data [$]. @11-12-2021 01:30:52.0270 AM
[ReportManager] API Action [GetResponseJSONValue] successfully performed. With the following test data [name]. @11-12-2021 01:30:52.0300 AM
[ReportManager] API Action [GetResponseJSONValue] successfully performed. With the following test data [email]. @11-12-2021 01:30:52.0325 AM
[ReportManager] Assertion [ValidateEquals] PASSED. Expected [Sincere@april.biz] and Actual [Sincere@april.biz]. Comparison Type [EQUALS]. Validation Type [POSITIVE]. @11-12-2021 01:30:52.0326 AM
[ReportManager] API Action [GetResponseJSONValue] successfully performed. With the following test data [name]. @11-12-2021 01:30:52.0350 AM
[ReportManager] API Action [GetResponseJSONValue] successfully performed. With the following test data [name]. @11-12-2021 01:30:52.0368 AM
[ReportManager] API Action [GetResponseJSONValue] successfully performed. With the following test data [name]. @11-12-2021 01:30:52.0385 AM
[ReportManager] API Action [GetResponseJSONValue] successfully performed. With the following test data [name]. @11-12-2021 01:30:52.0407 AM
[ReportManager] API Action [GetResponseJSONValue] successfully performed. With the following test data [name]. @11-12-2021 01:30:52.0426 AM
[ReportManager] API Action [GetResponseJSONValue] successfully performed. With the following test data [name]. @11-12-2021 01:30:52.0442 AM
[ReportManager] API Action [GetResponseJSONValue] successfully performed. With the following test data [name]. @11-12-2021 01:30:52.0462 AM
[ReportManager] API Action [GetResponseJSONValue] successfully performed. With the following test data [name]. @11-12-2021 01:30:52.0477 AM
[ReportManager] API Action [GetResponseJSONValue] successfully performed. With the following test data [name]. @11-12-2021 01:30:52.0493 A
[ReportManager] File Action [GetAbsolutePath] successfully performed. With the following test data [Relative Folder Path: "target/downloadedFiles/"]. @11-12-2021 01:30:52.0630 AM
[ReportManager] Attempting to run remotely on: [Linux-64], [GoogleChrome], [http://localhost:4444/wd/hub], Headless Execution. @11-12-2021 01:30:52.0645 AM
[ReportManager] Successfully Opened [GoogleChrome]. @11-12-2021 01:30:54.0708 AM
[ReportManager] Target URL: [https://www.google.com/ncr], and after redirection: [https://www.google.com] @11-12-2021 01:30:54.0718 AM
[ReportManager] Initial URL: [data:,] @11-12-2021 01:30:54.0865 AM
[ReportManager] Browser Action [NavigateToURL] successfully performed. With the following test data [https://www.google.com/ncr]. @11-12-2021 01:30:57.0562 A

################################################################################################################################################
Starting Execution:	[2 out of 23] test cases in the current suite
Test Method:		[tests.gui.google.B_Search_FlatTest_SHAFT.navigateToGoogleHomeAndAssertGoogleLogoIsDisplayed]
################################################################################################################################################
[ReportManager] File Action [DoesFileExist] successfully performed. With the following test data [File Path: "src/main/resources/dynamicObjectRepository/tests_gui_google_B_Search_FlatTest_SHAFT_navigateToGoogleHomeAndAssertGoogleLogoIsDisplayed_By_xpath_img_id_hplogo_or_alt_Google.png"]. @11-12-2021 01:30:57.0632 AM
[ReportManager] File Action [GetAbsolutePath] successfully performed. With the following test data [Relative Folder Path: "src/main/resources/dynamicObjectRepository/tests_gui_google_B_Search_FlatTest_SHAFT_navigateToGoogleHomeAndAssertGoogleLogoIsDisplayed_By_xpath_img_id_hplogo_or_alt_Google.png"]. @11-12-2021 01:30:57.0634 AM
[ReportManager] File Action [ReadFromImageFile] successfully performed. With the following test data [File Path: "/home/runner/work/io.github.alidorgham/io.github.alidorgham/src/main/resources/dynamicObjectRepository/tests_gui_google_B_Search_FlatTest_SHAFT_navigateToGoogleHomeAndAssertGoogleLogoIsDisplayed_By_xpath_img_id_hplogo_or_alt_Google.png"]. @11-12-2021 01:30:57.0636 AM
[ReportManager] File Action [DoesFileExist] successfully performed. With the following test data [File Path: "src/main/resources/dynamicObjectRepository/tests_gui_google_B_Search_FlatTest_SHAFT_navigateToGoogleHomeAndAssertGoogleLogoIsDisplayed_By_xpath_img_id_hplogo_or_alt_Google.png"]. @11-12-2021 01:30:57.0994 AM
[ReportManager] File Action [DoesFileExist] successfully performed. With the following test data [File Path: "src/main/resources/dynamicObjectRepository/tests_gui_google_B_Search_FlatTest_SHAFT_navigateToGoogleHomeAndAssertGoogleLogoIsDisplayed_By_xpath_img_id_hplogo_or_alt_Google.png"]. @11-12-2021 01:30:57.0994 AM
[ReportManager] Loaded Shared OpenCV @11-12-2021 01:30:58.0478 AM
[ReportManager] Successfully identified the element using AI; OpenCV. @11-12-2021 01:30:58.0506 AM
[ReportManager] Assertion Passed: Asserting that the Google logo is displayed @11-12-2021 01:30:58.0508 AM
[ReportManager] Successfully created attachment [Validation Test Data - Reference Screenshot] @11-12-2021 01:30:58.0509 AM
[ReportManager] Successfully created attachment [Validation Test Data - Actual Screenshot] @11-12-2021 01:30:58.0509 AM
[ReportManager] Assertion [ValidateElementMatches] PASSED. Expected [Element should match the reference screenshot] and Actual [TRUE]. Comparison Type [EXACT_OPENCV]. Validation Type [POSITIVE]. @11-12-2021 01:30:58.0509 A
[ReportManager] Browser Action [CloseCurrentWindow] successfully performed. @11-12-2021 01:30:58.0727 AM
[ReportManager] Successfully created attachment [Browser Action Test Data - CloseCurrentWindow - Actual Value] @11-12-2021 01:30:58.0741 A
[ReportManager] File Action [GetAbsolutePath] successfully performed. With the following test data [Relative Folder Path: "target/downloadedFiles/"]. @11-12-2021 01:30:58.0772 AM
[ReportManager] Attempting to run remotely on: [Linux-64], [GoogleChrome], [http://localhost:4444/wd/hub], Headless Execution. @11-12-2021 01:30:58.0778 AM
[ReportManager] Successfully Opened [GoogleChrome]. @11-12-2021 01:30:59.0243 AM
[ReportManager] Target URL: [https://www.google.com/ncr], and after redirection: [https://www.google.com] @11-12-2021 01:30:59.0243 AM
[ReportManager] Initial URL: [data:,] @11-12-2021 01:30:59.0360 AM
[ReportManager] Browser Action [NavigateToURL] successfully performed. With the following test data [https://www.google.com/ncr]. @11-12-2021 01:31:01.0149 A

################################################################################################################################################
Starting Execution:	[3 out of 23] test cases in the current suite
Test Method:		[tests.gui.google.B_Search_FlatTest_SHAFT.navigateToGoogleHomeAndAssertPageTitle]
################################################################################################################################################
[ReportManager] Browser Action [GetCurrentWindowTitle] successfully performed. With the following test data [Google]. @11-12-2021 01:31:01.0234 AM
[ReportManager] Assertion Passed: Asserting that the page title is Google @11-12-2021 01:31:01.0867 AM
[ReportManager] Successfully created attachment [Screenshot - 1639186261484_navigateToGoogleHomeAndAssertPageTitle_ValidateBrowserAttribute_passed] @11-12-2021 01:31:01.0877 AM
[ReportManager] Assertion [ValidateBrowserAttribute] PASSED. Expected [Value Should be 'Google' for the 'Title' attribute] and Actual [Google]. Comparison Type [EQUALS]. Validation Type [POSITIVE]. @11-12-2021 01:31:01.0877 A
[ReportManager] Browser Action [CloseCurrentWindow] successfully performed. @11-12-2021 01:31:02.0104 AM
[ReportManager] Successfully created attachment [Browser Action Test Data - CloseCurrentWindow - Actual Value] @11-12-2021 01:31:02.0109 A
[ReportManager] File Action [GetAbsolutePath] successfully performed. With the following test data [Relative Folder Path: "target/downloadedFiles/"]. @11-12-2021 01:31:02.0121 AM
[ReportManager] Attempting to run remotely on: [Linux-64], [GoogleChrome], [http://localhost:4444/wd/hub], Headless Execution. @11-12-2021 01:31:02.0121 AM
[ReportManager] Successfully Opened [GoogleChrome]. @11-12-2021 01:31:02.0539 AM
[ReportManager] Target URL: [https://www.google.com/ncr], and after redirection: [https://www.google.com] @11-12-2021 01:31:02.0539 AM
[ReportManager] Initial URL: [data:,] @11-12-2021 01:31:02.0650 AM
[ReportManager] Browser Action [NavigateToURL] successfully performed. With the following test data [https://www.google.com/ncr]. @11-12-2021 01:31:04.0416 A

################################################################################################################################################
Starting Execution:	[4 out of 23] test cases in the current suite
Test Method:		[tests.gui.google.B_Search_FlatTest_SHAFT.searchForQueryAndAssertFirstResultTextIsCorrect]
################################################################################################################################################
[ReportManager] Element Action [Type] successfully performed. With the following test data [SHAFT_Engine]. @11-12-2021 01:31:04.0994 AM
[ReportManager] Element Action [KeyPress] successfully performed. With the following test data [ENTER]. @11-12-2021 01:31:06.0714 AM
[ReportManager] Element Action [GetText] successfully performed. With the following test data [SHAFT: Unified Test Automation Engine - GitHub]. @11-12-2021 01:31:06.0855 AM
[ReportManager] Loaded Shared OpenCV @11-12-2021 01:31:07.0289 AM
[ReportManager] Assertion Failed: Asserting that the correct first result is displayed @11-12-2021 01:31:07.0746 AM
[ReportManager] Successfully created attachment [Screenshot - 1639186267289_searchForQueryAndAssertFirstResultTextIsCorrect_ValidateElementAttribute_failed] @11-12-2021 01:31:07.0755 AM
[ReportManager] Assertion [ValidateElementAttribute] FAILED. Expected [Value Should be 'MohabMohie' for the 'Text' attribute, element locator 'By.xpath: (//h1[contains(text(),'Search Result')]/following-sibling::div//a/h3)[1]'] and Actual [SHAFT: Unified Test Automation Engine - GitHub]. Comparison Type [CONTAINS]. Validation Type [POSITIVE]. @11-12-2021 01:31:07.0755 A
[ReportManager] Browser Action [CloseCurrentWindow] successfully performed. @11-12-2021 01:31:08.0107 AM
[ReportManager] Successfully created attachment [Browser Action Test Data - CloseCurrentWindow - Actual Value] @11-12-2021 01:31:08.0111 A
[ReportManager] File Action [GetAbsolutePath] successfully performed. With the following test data [Relative Folder Path: "target/downloadedFiles/"]. @11-12-2021 01:31:08.0120 AM
[ReportManager] Attempting to run remotely on: [Linux-64], [GoogleChrome], [http://localhost:4444/wd/hub], Headless Execution. @11-12-2021 01:31:08.0121 AM
[ReportManager] Successfully Opened [GoogleChrome]. @11-12-2021 01:31:08.0562 AM
[ReportManager] Target URL: [https://www.google.com/ncr], and after redirection: [https://www.google.com] @11-12-2021 01:31:08.0563 AM
[ReportManager] Initial URL: [data:,] @11-12-2021 01:31:08.0656 AM
[ReportManager] Browser Action [NavigateToURL] successfully performed. With the following test data [https://www.google.com/ncr]. @11-12-2021 01:31:10.0361 A

################################################################################################################################################
Starting Execution:	[5 out of 23] test cases in the current suite
Test Method:		[tests.gui.google.C_Search_PageObjectModel_Traditional.navigateToGoogleHomeAndAssertGoogleLogoIsDisplayed]
################################################################################################################################################
[ReportManager] Element Action [IsElementDisplayed] successfully performed. @11-12-2021 01:31:10.0503 AM
[ReportManager] Assertion Passed: Asserting that the Google logo is displayed @11-12-2021 01:31:10.0503 AM
[ReportManager] Assertion [ValidateTrue] PASSED. Expected [TRUE] and Actual [TRUE]. Validation Type [POSITIVE]. @11-12-2021 01:31:10.0503 A
[ReportManager] Browser Action [CloseCurrentWindow] successfully performed. @11-12-2021 01:31:10.0719 AM
[ReportManager] Successfully created attachment [Browser Action Test Data - CloseCurrentWindow - Actual Value] @11-12-2021 01:31:10.0721 A
[ReportManager] File Action [GetAbsolutePath] successfully performed. With the following test data [Relative Folder Path: "target/downloadedFiles/"]. @11-12-2021 01:31:10.0728 AM
[ReportManager] Attempting to run remotely on: [Linux-64], [GoogleChrome], [http://localhost:4444/wd/hub], Headless Execution. @11-12-2021 01:31:10.0728 AM
[ReportManager] Successfully Opened [GoogleChrome]. @11-12-2021 01:31:10.0958 AM
[ReportManager] Target URL: [https://www.google.com/ncr], and after redirection: [https://www.google.com] @11-12-2021 01:31:10.0959 AM
[ReportManager] Initial URL: [data:,] @11-12-2021 01:31:11.0053 AM
[ReportManager] Browser Action [NavigateToURL] successfully performed. With the following test data [https://www.google.com/ncr]. @11-12-2021 01:31:12.0779 A

################################################################################################################################################
Starting Execution:	[6 out of 23] test cases in the current suite
Test Method:		[tests.gui.google.C_Search_PageObjectModel_Traditional.navigateToGoogleHomeAndAssertPageTitle]
################################################################################################################################################
[ReportManager] Browser Action [GetCurrentWindowTitle] successfully performed. With the following test data [Google]. @11-12-2021 01:31:12.0888 AM
[ReportManager] Assertion Passed: Asserting that the page title is Google @11-12-2021 01:31:12.0888 AM
[ReportManager] Assertion [ValidateEquals] PASSED. Expected [Google] and Actual [Google]. Comparison Type [EQUALS]. Validation Type [POSITIVE]. @11-12-2021 01:31:12.0889 A
[ReportManager] Browser Action [CloseCurrentWindow] successfully performed. @11-12-2021 01:31:13.0097 AM
[ReportManager] Successfully created attachment [Browser Action Test Data - CloseCurrentWindow - Actual Value] @11-12-2021 01:31:13.0102 A
[ReportManager] File Action [GetAbsolutePath] successfully performed. With the following test data [Relative Folder Path: "target/downloadedFiles/"]. @11-12-2021 01:31:13.0109 AM
[ReportManager] Attempting to run remotely on: [Linux-64], [GoogleChrome], [http://localhost:4444/wd/hub], Headless Execution. @11-12-2021 01:31:13.0112 AM
[ReportManager] Successfully Opened [GoogleChrome]. @11-12-2021 01:31:13.0339 AM
[ReportManager] Target URL: [https://www.google.com/ncr], and after redirection: [https://www.google.com] @11-12-2021 01:31:13.0340 AM
[ReportManager] Initial URL: [data:,] @11-12-2021 01:31:13.0443 AM
[ReportManager] Browser Action [NavigateToURL] successfully performed. With the following test data [https://www.google.com/ncr]. @11-12-2021 01:31:15.0866 A

################################################################################################################################################
Starting Execution:	[7 out of 23] test cases in the current suite
Test Method:		[tests.gui.google.C_Search_PageObjectModel_Traditional.searchForQueryAndAssertFirstResultTextIsCorrect]
################################################################################################################################################
[ReportManager] Element Action [Type] successfully performed. With the following test data [SHAFT_Engine]. @11-12-2021 01:31:16.0385 AM
[ReportManager] Element Action [KeyPress] successfully performed. With the following test data [ENTER]. @11-12-2021 01:31:18.0298 AM
[ReportManager] Element Action [GetText] successfully performed. With the following test data [SHAFT: Unified Test Automation Engine - GitHub]. @11-12-2021 01:31:18.0433 AM
[ReportManager] Assertion Failed: Asserting that the correct first result is displayed @11-12-2021 01:31:18.0434 AM
[ReportManager] Assertion [ValidateEquals] FAILED. Expected [MohabMohie] and Actual [SHAFT: Unified Test Automation Engine - GitHub]. Comparison Type [CONTAINS]. Validation Type [POSITIVE]. @11-12-2021 01:31:18.0434 A
[ReportManager] Browser Action [CloseCurrentWindow] successfully performed. @11-12-2021 01:31:18.0754 AM
[ReportManager] Successfully created attachment [Browser Action Test Data - CloseCurrentWindow - Actual Value] @11-12-2021 01:31:18.0759 A



################################################################################################################################################
Starting Execution:	[8 out of 23] test cases in the current suite
Test Method:		[tests.gui.google.A_Search_FlatTest_NativeSeleniumWebDriver.navigateToGoogleHomeAndAssertGoogleLogoIsDisplayed]
###############################################################################################################################################



################################################################################################################################################
Starting Execution:	[9 out of 23] test cases in the current suite
Test Method:		[tests.gui.google.A_Search_FlatTest_NativeSeleniumWebDriver.navigateToGoogleHomeAndAssertPageTitle]
###############################################################################################################################################



################################################################################################################################################
Starting Execution:	[10 out of 23] test cases in the current suite
Test Method:		[tests.gui.google.A_Search_FlatTest_NativeSeleniumWebDriver.searchForQueryAndAssertFirstResultTextIsCorrect]
###############################################################################################################################################

[ReportManager] An Exception Occured with this Message: src/test/resources/testDataFiles/Google/SimpleSearch.xlsx (No such file or directory). @11-12-2021 01:31:46.0862 AM
[ReportManager] Successfully created attachment [Exception Stack Trace - java.io.FileNotFoundException] @11-12-2021 01:31:46.0862 AM
[ReportManager] Couldn't find the desired file. [src/test/resources/testDataFiles/Google/SimpleSearch.xlsx]. @11-12-2021 01:31:46.0863 A


################################################################################################################################################
Starting Execution:	[11 out of 23] test cases in the current suite
Test Method:		[tests.gui.google.E_Search_PageObjectModel_Traditional_SHAFTAssertions.navigateToGoogleHomeAndAssertGoogleLogoIsDisplayed]
###############################################################################################################################################



################################################################################################################################################
Starting Execution:	[12 out of 23] test cases in the current suite
Test Method:		[tests.gui.google.E_Search_PageObjectModel_Traditional_SHAFTAssertions.navigateToGoogleHomeAndAssertPageTitle]
###############################################################################################################################################



################################################################################################################################################
Starting Execution:	[13 out of 23] test cases in the current suite
Test Method:		[tests.gui.google.E_Search_PageObjectModel_Traditional_SHAFTAssertions.searchForQueryAndAssertFirstResultTextIsCorrect]
###############################################################################################################################################

[ReportManager] An Exception Occured with this Message: src/test/resources/testDataFiles/Google/SimpleSearch.xlsx (No such file or directory). @11-12-2021 01:31:46.0895 AM
[ReportManager] Successfully created attachment [Exception Stack Trace - java.io.FileNotFoundException] @11-12-2021 01:31:46.0895 AM
[ReportManager] Couldn't find the desired file. [src/test/resources/testDataFiles/Google/SimpleSearch.xlsx]. @11-12-2021 01:31:46.0896 A


################################################################################################################################################
Starting Execution:	[14 out of 23] test cases in the current suite
Test Method:		[tests.gui.google.D_Search_PageObjectModel_Traditional_DataDriven.navigateToGoogleHomeAndAssertGoogleLogoIsDisplayed]
###############################################################################################################################################



################################################################################################################################################
Starting Execution:	[15 out of 23] test cases in the current suite
Test Method:		[tests.gui.google.D_Search_PageObjectModel_Traditional_DataDriven.navigateToGoogleHomeAndAssertPageTitle]
###############################################################################################################################################



################################################################################################################################################
Starting Execution:	[16 out of 23] test cases in the current suite
Test Method:		[tests.gui.google.D_Search_PageObjectModel_Traditional_DataDriven.searchForQueryAndAssertFirstResultTextIsCorrect]
###############################################################################################################################################

[ReportManager] An Exception Occured with this Message: src/test/resources/testDataFiles/Google/SimpleSearch.xlsx (No such file or directory). @11-12-2021 01:31:46.0919 AM
[ReportManager] Successfully created attachment [Exception Stack Trace - java.io.FileNotFoundException] @11-12-2021 01:31:46.0919 AM
[ReportManager] Couldn't find the desired file. [src/test/resources/testDataFiles/Google/SimpleSearch.xlsx]. @11-12-2021 01:31:46.0919 A


################################################################################################################################################
Starting Execution:	[17 out of 23] test cases in the current suite
Test Method:		[tests.gui.google.G_Search_PageObjectModel_ThreadSafe.navigateToGoogleHomeAndAssertGoogleLogoIsDisplayed]
###############################################################################################################################################



################################################################################################################################################
Starting Execution:	[18 out of 23] test cases in the current suite
Test Method:		[tests.gui.google.G_Search_PageObjectModel_ThreadSafe.navigateToGoogleHomeAndAssertPageTitle]
###############################################################################################################################################



################################################################################################################################################
Starting Execution:	[19 out of 23] test cases in the current suite
Test Method:		[tests.gui.google.G_Search_PageObjectModel_ThreadSafe.searchForQueryAndAssertFirstResultTextIsCorrect]
###############################################################################################################################################

[ReportManager] An Exception Occured with this Message: src/test/resources/testDataFiles/Google/SimpleSearch.xlsx (No such file or directory). @11-12-2021 01:31:46.0949 AM
[ReportManager] Successfully created attachment [Exception Stack Trace - java.io.FileNotFoundException] @11-12-2021 01:31:46.0949 AM
[ReportManager] Couldn't find the desired file. [src/test/resources/testDataFiles/Google/SimpleSearch.xlsx]. @11-12-2021 01:31:46.0949 A


################################################################################################################################################
Starting Execution:	[20 out of 23] test cases in the current suite
Test Method:		[tests.gui.google.F_Search_PageObjectModel_Fluent.navigateToGoogleHomeAndAssertGoogleLogoIsDisplayed]
###############################################################################################################################################



################################################################################################################################################
Starting Execution:	[21 out of 23] test cases in the current suite
Test Method:		[tests.gui.google.F_Search_PageObjectModel_Fluent.navigateToGoogleHomeAndAssertPageTitle]
###############################################################################################################################################



################################################################################################################################################
Starting Execution:	[22 out of 23] test cases in the current suite
Test Method:		[tests.gui.google.F_Search_PageObjectModel_Fluent.searchForQueryAndAssertFirstResultTextIsCorrect]
###############################################################################################################################################


################################################################################################################################################
Starting Execution:	[23 out of 23] test cases in the current suite
Test Method:		[tests.cli.demo.cliTest.sampleTestCase]
################################################################################################################################################
[ReportManager] Attempting to perform the following command locally. Command: [ls] @11-12-2021 01:31:46.0982 AM
[ReportManager] Terminal Action [PerformTerminalCommands] successfully performed. With the following test data [Host Name: "localHost" | Command: "ls" | Exit Status: "0"]. @11-12-2021 01:31:46.0995 AM
[ReportManager] Successfully created attachment [Terminal Action Actual Result - Command Log] @11-12-2021 01:31:46.0996 AM
[ReportManager] Assertion Passed: Demoing local terminal actions @11-12-2021 01:31:46.0996 AM
[ReportManager] Assertion [ValidateEquals] PASSED. Expected [pom.xml] and Actual [LICENSE
README.md
allure-results
docker-compose_native.yml
docker-compose_zalenium.yml
extent-reports
pom.xml
readMeImgs
src
target]. Comparison Type [CONTAINS]. Validation Type [POSITIVE]. @11-12-2021 01:31:46.0996 A
[ReportManager] Successfully created attachment [SHAFT Engine Logs - Execution log] @11-12-2021 01:31:47.0025 AM

################################################################################################################################################
This test run was powered by SHAFT Engine Version: [SHAFT Engine v5.4.20211117-BETA]
SHAFT Engine is licensed under the MIT License: [https://github.com/MohabMohie/SHAFT_ENGINE/blob/master/LICENSE].
################################################################################################################################################