################################################################################################################################################
Detected SHAFT Engine Version: [SHAFT Engine v5.4.20211117-BETA]
################################################################################################################################################

################################################################################################################################################
Starting Execution:	[1 out of 23] test cases in the current suite
Test Method:		[tests.api.users.UserData.validateUserEmail]
################################################################################################################################################
[ReportManager] Response status code: [200], status line: [HTTP/1.1 200 OK] @08-12-2021 01:34:06.0104 AM
[ReportManager] Assertion Passed: Evaluating the actual response status code against the expected one... @08-12-2021 01:34:06.0112 AM
[ReportManager] Assertion [ValidateComparativeRelation] PASSED. Expected [200] and Actual [200]. Comparison Type [EQUALS]. Validation Type [POSITIVE]. @08-12-2021 01:34:06.0116 AM
[ReportManager] API Action [PerformRequest] successfully performed. With the following test data [Request Type: "GET" | Target Status Code: "200" | Service URL: "https://jsonplaceholder.typicode.com/users" | Content Type: "*/*" | Response Time: "780ms"]. @08-12-2021 01:34:07.0054 AM
[ReportManager] Successfully created attachment [API Request - Specifications] @08-12-2021 01:34:07.0055 AM
[ReportManager] Successfully created attachment [API Response - JSON Body] @08-12-2021 01:34:07.0235 AM
[ReportManager] Assertion [ValidateEquals] PASSED. Expected and Actual values are attached. Comparison Type [CONTAINS]. Validation Type [POSITIVE]. @08-12-2021 01:34:07.0242 AM
[ReportManager] Successfully created attachment [Validation Test Data - Expected Value] @08-12-2021 01:34:07.0242 AM
[ReportManager] Successfully created attachment [Validation Test Data - Actual Value] @08-12-2021 01:34:07.0243 AM
[ReportManager] API Action [GetResponseJSONValueAsList] successfully performed. With the following test data [$]. @08-12-2021 01:34:07.0255 AM
[ReportManager] API Action [GetResponseJSONValue] successfully performed. With the following test data [name]. @08-12-2021 01:34:07.0272 AM
[ReportManager] API Action [GetResponseJSONValue] successfully performed. With the following test data [email]. @08-12-2021 01:34:07.0281 AM
[ReportManager] Assertion [ValidateEquals] PASSED. Expected [Sincere@april.biz] and Actual [Sincere@april.biz]. Comparison Type [EQUALS]. Validation Type [POSITIVE]. @08-12-2021 01:34:07.0282 AM
[ReportManager] API Action [GetResponseJSONValue] successfully performed. With the following test data [name]. @08-12-2021 01:34:07.0292 AM
[ReportManager] API Action [GetResponseJSONValue] successfully performed. With the following test data [name]. @08-12-2021 01:34:07.0301 AM
[ReportManager] API Action [GetResponseJSONValue] successfully performed. With the following test data [name]. @08-12-2021 01:34:07.0309 AM
[ReportManager] API Action [GetResponseJSONValue] successfully performed. With the following test data [name]. @08-12-2021 01:34:07.0318 AM
[ReportManager] API Action [GetResponseJSONValue] successfully performed. With the following test data [name]. @08-12-2021 01:34:07.0326 AM
[ReportManager] API Action [GetResponseJSONValue] successfully performed. With the following test data [name]. @08-12-2021 01:34:07.0334 AM
[ReportManager] API Action [GetResponseJSONValue] successfully performed. With the following test data [name]. @08-12-2021 01:34:07.0344 AM
[ReportManager] API Action [GetResponseJSONValue] successfully performed. With the following test data [name]. @08-12-2021 01:34:07.0352 AM
[ReportManager] API Action [GetResponseJSONValue] successfully performed. With the following test data [name]. @08-12-2021 01:34:07.0360 A
[ReportManager] File Action [GetAbsolutePath] successfully performed. With the following test data [Relative Folder Path: "target/downloadedFiles/"]. @08-12-2021 01:34:07.0484 AM
[ReportManager] Attempting to run remotely on: [Linux-64], [GoogleChrome], [http://localhost:4444/wd/hub], Headless Execution. @08-12-2021 01:34:07.0494 AM
[ReportManager] Successfully Opened [GoogleChrome]. @08-12-2021 01:34:09.0069 AM
[ReportManager] Target URL: [https://www.google.com/ncr], and after redirection: [https://www.google.com] @08-12-2021 01:34:09.0078 AM
[ReportManager] Initial URL: [data:,] @08-12-2021 01:34:09.0197 AM
[ReportManager] Browser Action [NavigateToURL] successfully performed. With the following test data [https://www.google.com/ncr]. @08-12-2021 01:34:11.0138 A

################################################################################################################################################
Starting Execution:	[2 out of 23] test cases in the current suite
Test Method:		[tests.gui.google.B_Search_FlatTest_SHAFT.navigateToGoogleHomeAndAssertGoogleLogoIsDisplayed]
################################################################################################################################################
[ReportManager] File Action [DoesFileExist] successfully performed. With the following test data [File Path: "src/main/resources/dynamicObjectRepository/tests_gui_google_B_Search_FlatTest_SHAFT_navigateToGoogleHomeAndAssertGoogleLogoIsDisplayed_By_xpath_img_id_hplogo_or_alt_Google.png"]. @08-12-2021 01:34:11.0177 AM
[ReportManager] File Action [GetAbsolutePath] successfully performed. With the following test data [Relative Folder Path: "src/main/resources/dynamicObjectRepository/tests_gui_google_B_Search_FlatTest_SHAFT_navigateToGoogleHomeAndAssertGoogleLogoIsDisplayed_By_xpath_img_id_hplogo_or_alt_Google.png"]. @08-12-2021 01:34:11.0179 AM
[ReportManager] File Action [ReadFromImageFile] successfully performed. With the following test data [File Path: "/home/runner/work/io.github.alidorgham/io.github.alidorgham/src/main/resources/dynamicObjectRepository/tests_gui_google_B_Search_FlatTest_SHAFT_navigateToGoogleHomeAndAssertGoogleLogoIsDisplayed_By_xpath_img_id_hplogo_or_alt_Google.png"]. @08-12-2021 01:34:11.0180 AM
[ReportManager] File Action [DoesFileExist] successfully performed. With the following test data [File Path: "src/main/resources/dynamicObjectRepository/tests_gui_google_B_Search_FlatTest_SHAFT_navigateToGoogleHomeAndAssertGoogleLogoIsDisplayed_By_xpath_img_id_hplogo_or_alt_Google.png"]. @08-12-2021 01:34:11.0424 AM
[ReportManager] File Action [DoesFileExist] successfully performed. With the following test data [File Path: "src/main/resources/dynamicObjectRepository/tests_gui_google_B_Search_FlatTest_SHAFT_navigateToGoogleHomeAndAssertGoogleLogoIsDisplayed_By_xpath_img_id_hplogo_or_alt_Google.png"]. @08-12-2021 01:34:11.0424 AM
[ReportManager] Loaded Shared OpenCV @08-12-2021 01:34:11.0911 AM
[ReportManager] Successfully identified the element using AI; OpenCV. @08-12-2021 01:34:11.0933 AM
[ReportManager] Assertion Passed: Asserting that the Google logo is displayed @08-12-2021 01:34:11.0935 AM
[ReportManager] Successfully created attachment [Validation Test Data - Reference Screenshot] @08-12-2021 01:34:11.0936 AM
[ReportManager] Successfully created attachment [Validation Test Data - Actual Screenshot] @08-12-2021 01:34:11.0936 AM
[ReportManager] Assertion [ValidateElementMatches] PASSED. Expected [Element should match the reference screenshot] and Actual [TRUE]. Comparison Type [EXACT_OPENCV]. Validation Type [POSITIVE]. @08-12-2021 01:34:11.0936 A
[ReportManager] Browser Action [CloseCurrentWindow] successfully performed. @08-12-2021 01:34:12.0128 AM
[ReportManager] Successfully created attachment [Browser Action Test Data - CloseCurrentWindow - Actual Value] @08-12-2021 01:34:12.0144 A
[ReportManager] File Action [GetAbsolutePath] successfully performed. With the following test data [Relative Folder Path: "target/downloadedFiles/"]. @08-12-2021 01:34:12.0168 AM
[ReportManager] Attempting to run remotely on: [Linux-64], [GoogleChrome], [http://localhost:4444/wd/hub], Headless Execution. @08-12-2021 01:34:12.0168 AM
[ReportManager] Successfully Opened [GoogleChrome]. @08-12-2021 01:34:12.0530 AM
[ReportManager] Target URL: [https://www.google.com/ncr], and after redirection: [https://www.google.com] @08-12-2021 01:34:12.0530 AM
[ReportManager] Initial URL: [data:,] @08-12-2021 01:34:12.0612 AM
[ReportManager] Browser Action [NavigateToURL] successfully performed. With the following test data [https://www.google.com/ncr]. @08-12-2021 01:34:14.0210 A

################################################################################################################################################
Starting Execution:	[3 out of 23] test cases in the current suite
Test Method:		[tests.gui.google.B_Search_FlatTest_SHAFT.navigateToGoogleHomeAndAssertPageTitle]
################################################################################################################################################
[ReportManager] Browser Action [GetCurrentWindowTitle] successfully performed. With the following test data [Google]. @08-12-2021 01:34:14.0258 AM
[ReportManager] Assertion Passed: Asserting that the page title is Google @08-12-2021 01:34:14.0800 AM
[ReportManager] Successfully created attachment [Screenshot - 1638927254455_navigateToGoogleHomeAndAssertPageTitle_ValidateBrowserAttribute_passed] @08-12-2021 01:34:14.0811 AM
[ReportManager] Assertion [ValidateBrowserAttribute] PASSED. Expected [Value Should be 'Google' for the 'Title' attribute] and Actual [Google]. Comparison Type [EQUALS]. Validation Type [POSITIVE]. @08-12-2021 01:34:14.0811 A
[ReportManager] Browser Action [CloseCurrentWindow] successfully performed. @08-12-2021 01:34:15.0023 AM
[ReportManager] Successfully created attachment [Browser Action Test Data - CloseCurrentWindow - Actual Value] @08-12-2021 01:34:15.0025 A
[ReportManager] File Action [GetAbsolutePath] successfully performed. With the following test data [Relative Folder Path: "target/downloadedFiles/"]. @08-12-2021 01:34:15.0029 AM
[ReportManager] Attempting to run remotely on: [Linux-64], [GoogleChrome], [http://localhost:4444/wd/hub], Headless Execution. @08-12-2021 01:34:15.0029 AM
[ReportManager] Successfully Opened [GoogleChrome]. @08-12-2021 01:34:15.0345 AM
[ReportManager] Target URL: [https://www.google.com/ncr], and after redirection: [https://www.google.com] @08-12-2021 01:34:15.0345 AM
[ReportManager] Initial URL: [data:,] @08-12-2021 01:34:15.0420 AM
[ReportManager] Browser Action [NavigateToURL] successfully performed. With the following test data [https://www.google.com/ncr]. @08-12-2021 01:34:16.0903 A

################################################################################################################################################
Starting Execution:	[4 out of 23] test cases in the current suite
Test Method:		[tests.gui.google.B_Search_FlatTest_SHAFT.searchForQueryAndAssertFirstResultTextIsCorrect]
################################################################################################################################################
[ReportManager] Element Action [Type] successfully performed. With the following test data [SHAFT_Engine]. @08-12-2021 01:34:17.0310 AM
[ReportManager] Element Action [KeyPress] successfully performed. With the following test data [ENTER]. @08-12-2021 01:34:18.0910 AM
[ReportManager] Element Action [GetText] successfully performed. With the following test data [SHAFT: Unified Test Automation Engine - GitHub]. @08-12-2021 01:34:19.0030 AM
[ReportManager] Loaded Shared OpenCV @08-12-2021 01:34:19.0431 AM
[ReportManager] Assertion Failed: Asserting that the correct first result is displayed @08-12-2021 01:34:19.0681 AM
[ReportManager] Successfully created attachment [Screenshot - 1638927259431_searchForQueryAndAssertFirstResultTextIsCorrect_ValidateElementAttribute_failed] @08-12-2021 01:34:19.0688 AM
[ReportManager] Assertion [ValidateElementAttribute] FAILED. Expected [Value Should be 'MohabMohie' for the 'Text' attribute, element locator 'By.xpath: (//h1[contains(text(),'Search Result')]/following-sibling::div//a/h3)[1]'] and Actual [SHAFT: Unified Test Automation Engine - GitHub]. Comparison Type [CONTAINS]. Validation Type [POSITIVE]. @08-12-2021 01:34:19.0688 A
[ReportManager] Browser Action [CloseCurrentWindow] successfully performed. @08-12-2021 01:34:20.0055 AM
[ReportManager] Successfully created attachment [Browser Action Test Data - CloseCurrentWindow - Actual Value] @08-12-2021 01:34:20.0060 A
[ReportManager] File Action [GetAbsolutePath] successfully performed. With the following test data [Relative Folder Path: "target/downloadedFiles/"]. @08-12-2021 01:34:20.0067 AM
[ReportManager] Attempting to run remotely on: [Linux-64], [GoogleChrome], [http://localhost:4444/wd/hub], Headless Execution. @08-12-2021 01:34:20.0068 AM
[ReportManager] Successfully Opened [GoogleChrome]. @08-12-2021 01:34:20.0395 AM
[ReportManager] Target URL: [https://www.google.com/ncr], and after redirection: [https://www.google.com] @08-12-2021 01:34:20.0396 AM
[ReportManager] Initial URL: [data:,] @08-12-2021 01:34:20.0458 AM
[ReportManager] Browser Action [NavigateToURL] successfully performed. With the following test data [https://www.google.com/ncr]. @08-12-2021 01:34:21.0959 A

################################################################################################################################################
Starting Execution:	[5 out of 23] test cases in the current suite
Test Method:		[tests.gui.google.C_Search_PageObjectModel_Traditional.navigateToGoogleHomeAndAssertGoogleLogoIsDisplayed]
################################################################################################################################################
[ReportManager] Element Action [IsElementDisplayed] successfully performed. @08-12-2021 01:34:22.0081 AM
[ReportManager] Assertion Passed: Asserting that the Google logo is displayed @08-12-2021 01:34:22.0081 AM
[ReportManager] Assertion [ValidateTrue] PASSED. Expected [TRUE] and Actual [TRUE]. Validation Type [POSITIVE]. @08-12-2021 01:34:22.0081 A
[ReportManager] Browser Action [CloseCurrentWindow] successfully performed. @08-12-2021 01:34:22.0250 AM
[ReportManager] Successfully created attachment [Browser Action Test Data - CloseCurrentWindow - Actual Value] @08-12-2021 01:34:22.0252 A
[ReportManager] File Action [GetAbsolutePath] successfully performed. With the following test data [Relative Folder Path: "target/downloadedFiles/"]. @08-12-2021 01:34:22.0258 AM
[ReportManager] Attempting to run remotely on: [Linux-64], [GoogleChrome], [http://localhost:4444/wd/hub], Headless Execution. @08-12-2021 01:34:22.0259 AM
[ReportManager] Successfully Opened [GoogleChrome]. @08-12-2021 01:34:22.0452 AM
[ReportManager] Target URL: [https://www.google.com/ncr], and after redirection: [https://www.google.com] @08-12-2021 01:34:22.0452 AM
[ReportManager] Initial URL: [data:,] @08-12-2021 01:34:22.0531 AM
[ReportManager] Browser Action [NavigateToURL] successfully performed. With the following test data [https://www.google.com/ncr]. @08-12-2021 01:34:24.0106 A

################################################################################################################################################
Starting Execution:	[6 out of 23] test cases in the current suite
Test Method:		[tests.gui.google.C_Search_PageObjectModel_Traditional.navigateToGoogleHomeAndAssertPageTitle]
################################################################################################################################################
[ReportManager] Browser Action [GetCurrentWindowTitle] successfully performed. With the following test data [Google]. @08-12-2021 01:34:24.0154 AM
[ReportManager] Assertion Passed: Asserting that the page title is Google @08-12-2021 01:34:24.0155 AM
[ReportManager] Assertion [ValidateEquals] PASSED. Expected [Google] and Actual [Google]. Comparison Type [EQUALS]. Validation Type [POSITIVE]. @08-12-2021 01:34:24.0157 A
[ReportManager] Browser Action [CloseCurrentWindow] successfully performed. @08-12-2021 01:34:24.0343 AM
[ReportManager] Successfully created attachment [Browser Action Test Data - CloseCurrentWindow - Actual Value] @08-12-2021 01:34:24.0345 A
[ReportManager] File Action [GetAbsolutePath] successfully performed. With the following test data [Relative Folder Path: "target/downloadedFiles/"]. @08-12-2021 01:34:24.0350 AM
[ReportManager] Attempting to run remotely on: [Linux-64], [GoogleChrome], [http://localhost:4444/wd/hub], Headless Execution. @08-12-2021 01:34:24.0351 AM
[ReportManager] Successfully Opened [GoogleChrome]. @08-12-2021 01:34:24.0535 AM
[ReportManager] Target URL: [https://www.google.com/ncr], and after redirection: [https://www.google.com] @08-12-2021 01:34:24.0535 AM
[ReportManager] Initial URL: [data:,] @08-12-2021 01:34:24.0607 AM
[ReportManager] Browser Action [NavigateToURL] successfully performed. With the following test data [https://www.google.com/ncr]. @08-12-2021 01:34:26.0033 A

################################################################################################################################################
Starting Execution:	[7 out of 23] test cases in the current suite
Test Method:		[tests.gui.google.C_Search_PageObjectModel_Traditional.searchForQueryAndAssertFirstResultTextIsCorrect]
################################################################################################################################################
[ReportManager] Element Action [Type] successfully performed. With the following test data [SHAFT_Engine]. @08-12-2021 01:34:26.0435 AM
[ReportManager] Element Action [KeyPress] successfully performed. With the following test data [ENTER]. @08-12-2021 01:34:27.0946 AM
[ReportManager] Element Action [GetText] successfully performed. With the following test data [SHAFT: Unified Test Automation Engine - GitHub]. @08-12-2021 01:34:28.0054 AM
[ReportManager] Assertion Failed: Asserting that the correct first result is displayed @08-12-2021 01:34:28.0055 AM
[ReportManager] Assertion [ValidateEquals] FAILED. Expected [MohabMohie] and Actual [SHAFT: Unified Test Automation Engine - GitHub]. Comparison Type [CONTAINS]. Validation Type [POSITIVE]. @08-12-2021 01:34:28.0055 A
[ReportManager] Browser Action [CloseCurrentWindow] successfully performed. @08-12-2021 01:34:28.0337 AM
[ReportManager] Successfully created attachment [Browser Action Test Data - CloseCurrentWindow - Actual Value] @08-12-2021 01:34:28.0340 A



################################################################################################################################################
Starting Execution:	[8 out of 23] test cases in the current suite
Test Method:		[tests.gui.google.A_Search_FlatTest_NativeSeleniumWebDriver.navigateToGoogleHomeAndAssertGoogleLogoIsDisplayed]
###############################################################################################################################################



################################################################################################################################################
Starting Execution:	[9 out of 23] test cases in the current suite
Test Method:		[tests.gui.google.A_Search_FlatTest_NativeSeleniumWebDriver.navigateToGoogleHomeAndAssertPageTitle]
###############################################################################################################################################



################################################################################################################################################
Starting Execution:	[10 out of 23] test cases in the current suite
Test Method:		[tests.gui.google.A_Search_FlatTest_NativeSeleniumWebDriver.searchForQueryAndAssertFirstResultTextIsCorrect]
###############################################################################################################################################

[ReportManager] An Exception Occured with this Message: src/test/resources/testDataFiles/Google/SimpleSearch.xlsx (No such file or directory). @08-12-2021 01:34:49.0926 AM
[ReportManager] Successfully created attachment [Exception Stack Trace - java.io.FileNotFoundException] @08-12-2021 01:34:49.0926 AM
[ReportManager] Couldn't find the desired file. [src/test/resources/testDataFiles/Google/SimpleSearch.xlsx]. @08-12-2021 01:34:49.0928 A


################################################################################################################################################
Starting Execution:	[11 out of 23] test cases in the current suite
Test Method:		[tests.gui.google.E_Search_PageObjectModel_Traditional_SHAFTAssertions.navigateToGoogleHomeAndAssertGoogleLogoIsDisplayed]
###############################################################################################################################################



################################################################################################################################################
Starting Execution:	[12 out of 23] test cases in the current suite
Test Method:		[tests.gui.google.E_Search_PageObjectModel_Traditional_SHAFTAssertions.navigateToGoogleHomeAndAssertPageTitle]
###############################################################################################################################################



################################################################################################################################################
Starting Execution:	[13 out of 23] test cases in the current suite
Test Method:		[tests.gui.google.E_Search_PageObjectModel_Traditional_SHAFTAssertions.searchForQueryAndAssertFirstResultTextIsCorrect]
###############################################################################################################################################

[ReportManager] An Exception Occured with this Message: src/test/resources/testDataFiles/Google/SimpleSearch.xlsx (No such file or directory). @08-12-2021 01:34:49.0955 AM
[ReportManager] Successfully created attachment [Exception Stack Trace - java.io.FileNotFoundException] @08-12-2021 01:34:49.0956 AM
[ReportManager] Couldn't find the desired file. [src/test/resources/testDataFiles/Google/SimpleSearch.xlsx]. @08-12-2021 01:34:49.0956 A


################################################################################################################################################
Starting Execution:	[14 out of 23] test cases in the current suite
Test Method:		[tests.gui.google.D_Search_PageObjectModel_Traditional_DataDriven.navigateToGoogleHomeAndAssertGoogleLogoIsDisplayed]
###############################################################################################################################################



################################################################################################################################################
Starting Execution:	[15 out of 23] test cases in the current suite
Test Method:		[tests.gui.google.D_Search_PageObjectModel_Traditional_DataDriven.navigateToGoogleHomeAndAssertPageTitle]
###############################################################################################################################################



################################################################################################################################################
Starting Execution:	[16 out of 23] test cases in the current suite
Test Method:		[tests.gui.google.D_Search_PageObjectModel_Traditional_DataDriven.searchForQueryAndAssertFirstResultTextIsCorrect]
###############################################################################################################################################

[ReportManager] An Exception Occured with this Message: src/test/resources/testDataFiles/Google/SimpleSearch.xlsx (No such file or directory). @08-12-2021 01:34:49.0993 AM
[ReportManager] Successfully created attachment [Exception Stack Trace - java.io.FileNotFoundException] @08-12-2021 01:34:49.0993 AM
[ReportManager] Couldn't find the desired file. [src/test/resources/testDataFiles/Google/SimpleSearch.xlsx]. @08-12-2021 01:34:49.0994 A


################################################################################################################################################
Starting Execution:	[17 out of 23] test cases in the current suite
Test Method:		[tests.gui.google.G_Search_PageObjectModel_ThreadSafe.navigateToGoogleHomeAndAssertGoogleLogoIsDisplayed]
###############################################################################################################################################



################################################################################################################################################
Starting Execution:	[18 out of 23] test cases in the current suite
Test Method:		[tests.gui.google.G_Search_PageObjectModel_ThreadSafe.navigateToGoogleHomeAndAssertPageTitle]
###############################################################################################################################################



################################################################################################################################################
Starting Execution:	[19 out of 23] test cases in the current suite
Test Method:		[tests.gui.google.G_Search_PageObjectModel_ThreadSafe.searchForQueryAndAssertFirstResultTextIsCorrect]
###############################################################################################################################################

[ReportManager] An Exception Occured with this Message: src/test/resources/testDataFiles/Google/SimpleSearch.xlsx (No such file or directory). @08-12-2021 01:34:50.0012 AM
[ReportManager] Successfully created attachment [Exception Stack Trace - java.io.FileNotFoundException] @08-12-2021 01:34:50.0012 AM
[ReportManager] Couldn't find the desired file. [src/test/resources/testDataFiles/Google/SimpleSearch.xlsx]. @08-12-2021 01:34:50.0013 A


################################################################################################################################################
Starting Execution:	[20 out of 23] test cases in the current suite
Test Method:		[tests.gui.google.F_Search_PageObjectModel_Fluent.navigateToGoogleHomeAndAssertGoogleLogoIsDisplayed]
###############################################################################################################################################



################################################################################################################################################
Starting Execution:	[21 out of 23] test cases in the current suite
Test Method:		[tests.gui.google.F_Search_PageObjectModel_Fluent.navigateToGoogleHomeAndAssertPageTitle]
###############################################################################################################################################



################################################################################################################################################
Starting Execution:	[22 out of 23] test cases in the current suite
Test Method:		[tests.gui.google.F_Search_PageObjectModel_Fluent.searchForQueryAndAssertFirstResultTextIsCorrect]
###############################################################################################################################################


################################################################################################################################################
Starting Execution:	[23 out of 23] test cases in the current suite
Test Method:		[tests.cli.demo.cliTest.sampleTestCase]
################################################################################################################################################
[ReportManager] Attempting to perform the following command locally. Command: [ls] @08-12-2021 01:34:50.0049 AM
[ReportManager] Terminal Action [PerformTerminalCommands] successfully performed. With the following test data [Host Name: "localHost" | Command: "ls" | Exit Status: "0"]. @08-12-2021 01:34:50.0068 AM
[ReportManager] Successfully created attachment [Terminal Action Actual Result - Command Log] @08-12-2021 01:34:50.0068 AM
[ReportManager] Assertion Passed: Demoing local terminal actions @08-12-2021 01:34:50.0068 AM
[ReportManager] Assertion [ValidateEquals] PASSED. Expected [pom.xml] and Actual [LICENSE
README.md
allure-results
docker-compose_native.yml
docker-compose_zalenium.yml
extent-reports
pom.xml
readMeImgs
src
target]. Comparison Type [CONTAINS]. Validation Type [POSITIVE]. @08-12-2021 01:34:50.0068 A
[ReportManager] Successfully created attachment [SHAFT Engine Logs - Execution log] @08-12-2021 01:34:50.0090 AM

################################################################################################################################################
This test run was powered by SHAFT Engine Version: [SHAFT Engine v5.4.20211117-BETA]
SHAFT Engine is licensed under the MIT License: [https://github.com/MohabMohie/SHAFT_ENGINE/blob/master/LICENSE].
################################################################################################################################################