################################################################################################################################################
Detected SHAFT Engine Version: [SHAFT Engine v5.4.20211117-BETA]
################################################################################################################################################

################################################################################################################################################
Starting Execution:	[1 out of 23] test cases in the current suite
Test Method:		[tests.api.users.UserData.validateUserEmail]
################################################################################################################################################
[ReportManager] Response status code: [200], status line: [HTTP/1.1 200 OK] @19-01-2022 01:28:42.0827 AM
[ReportManager] Assertion Passed: Evaluating the actual response status code against the expected one... @19-01-2022 01:28:42.0837 AM
[ReportManager] Assertion [ValidateComparativeRelation] PASSED. Expected [200] and Actual [200]. Comparison Type [EQUALS]. Validation Type [POSITIVE]. @19-01-2022 01:28:42.0841 AM
[ReportManager] API Action [PerformRequest] successfully performed. With the following test data [Request Type: "GET" | Target Status Code: "200" | Service URL: "https://jsonplaceholder.typicode.com/users" | Content Type: "*/*" | Response Time: "1030ms"]. @19-01-2022 01:28:43.0660 AM
[ReportManager] Successfully created attachment [API Request - Specifications] @19-01-2022 01:28:43.0661 AM
[ReportManager] Successfully created attachment [API Response - JSON Body] @19-01-2022 01:28:43.0847 AM
[ReportManager] Assertion [ValidateEquals] PASSED. Expected and Actual values are attached. Comparison Type [CONTAINS]. Validation Type [POSITIVE]. @19-01-2022 01:28:43.0853 AM
[ReportManager] Successfully created attachment [Validation Test Data - Expected Value] @19-01-2022 01:28:43.0854 AM
[ReportManager] Successfully created attachment [Validation Test Data - Actual Value] @19-01-2022 01:28:43.0854 AM
[ReportManager] API Action [GetResponseJSONValueAsList] successfully performed. With the following test data [$]. @19-01-2022 01:28:43.0865 AM
[ReportManager] API Action [GetResponseJSONValue] successfully performed. With the following test data [name]. @19-01-2022 01:28:43.0890 AM
[ReportManager] API Action [GetResponseJSONValue] successfully performed. With the following test data [email]. @19-01-2022 01:28:43.0911 AM
[ReportManager] Assertion [ValidateEquals] PASSED. Expected [Sincere@april.biz] and Actual [Sincere@april.biz]. Comparison Type [EQUALS]. Validation Type [POSITIVE]. @19-01-2022 01:28:43.0912 AM
[ReportManager] API Action [GetResponseJSONValue] successfully performed. With the following test data [name]. @19-01-2022 01:28:43.0936 AM
[ReportManager] API Action [GetResponseJSONValue] successfully performed. With the following test data [name]. @19-01-2022 01:28:43.0955 AM
[ReportManager] API Action [GetResponseJSONValue] successfully performed. With the following test data [name]. @19-01-2022 01:28:43.0968 AM
[ReportManager] API Action [GetResponseJSONValue] successfully performed. With the following test data [name]. @19-01-2022 01:28:43.0984 AM
[ReportManager] API Action [GetResponseJSONValue] successfully performed. With the following test data [name]. @19-01-2022 01:28:44.0000 AM
[ReportManager] API Action [GetResponseJSONValue] successfully performed. With the following test data [name]. @19-01-2022 01:28:44.0014 AM
[ReportManager] API Action [GetResponseJSONValue] successfully performed. With the following test data [name]. @19-01-2022 01:28:44.0027 AM
[ReportManager] API Action [GetResponseJSONValue] successfully performed. With the following test data [name]. @19-01-2022 01:28:44.0039 AM
[ReportManager] API Action [GetResponseJSONValue] successfully performed. With the following test data [name]. @19-01-2022 01:28:44.0051 A

################################################################################################################################################
Starting Execution:	[2 out of 23] test cases in the current suite
Test Method:		[tests.cli.demo.cliTest.sampleTestCase]
################################################################################################################################################
[ReportManager] Attempting to perform the following command locally. Command: [ls] @19-01-2022 01:28:44.0174 AM
[ReportManager] Terminal Action [PerformTerminalCommands] successfully performed. With the following test data [Host Name: "localHost" | Command: "ls" | Exit Status: "0"]. @19-01-2022 01:28:44.0189 AM
[ReportManager] Successfully created attachment [Terminal Action Actual Result - Command Log] @19-01-2022 01:28:44.0191 AM
[ReportManager] Assertion Passed: Demoing local terminal actions @19-01-2022 01:28:44.0192 AM
[ReportManager] Assertion [ValidateEquals] PASSED. Expected [pom.xml] and Actual [LICENSE
README.md
allure-results
docker-compose_native.yml
docker-compose_zalenium.yml
extent-reports
pom.xml
readMeImgs
src
target]. Comparison Type [CONTAINS]. Validation Type [POSITIVE]. @19-01-2022 01:28:44.0192 A
[ReportManager] File Action [GetAbsolutePath] successfully performed. With the following test data [Relative Folder Path: "target/downloadedFiles/"]. @19-01-2022 01:28:44.0212 AM
[ReportManager] Attempting to run remotely on: [Linux-64], [GoogleChrome], [http://localhost:4444/wd/hub], Headless Execution. @19-01-2022 01:28:44.0223 AM
[ReportManager] Successfully Opened [GoogleChrome]. @19-01-2022 01:28:45.0827 AM
[ReportManager] Target URL: [https://www.google.com/ncr], and after redirection: [https://www.google.com] @19-01-2022 01:28:45.0835 AM
[ReportManager] Initial URL: [data:,] @19-01-2022 01:28:45.0953 AM
[ReportManager] Browser Action [NavigateToURL] successfully performed. With the following test data [https://www.google.com/ncr]. @19-01-2022 01:28:47.0361 A

################################################################################################################################################
Starting Execution:	[3 out of 23] test cases in the current suite
Test Method:		[tests.gui.google.B_Search_FlatTest_SHAFT.navigateToGoogleHomeAndAssertGoogleLogoIsDisplayed]
################################################################################################################################################
[ReportManager] File Action [DoesFileExist] successfully performed. With the following test data [File Path: "src/main/resources/dynamicObjectRepository/tests_gui_google_B_Search_FlatTest_SHAFT_navigateToGoogleHomeAndAssertGoogleLogoIsDisplayed_By_xpath_img_id_hplogo_or_alt_Google.png"]. @19-01-2022 01:28:47.0385 AM
[ReportManager] File Action [GetAbsolutePath] successfully performed. With the following test data [Relative Folder Path: "src/main/resources/dynamicObjectRepository/tests_gui_google_B_Search_FlatTest_SHAFT_navigateToGoogleHomeAndAssertGoogleLogoIsDisplayed_By_xpath_img_id_hplogo_or_alt_Google.png"]. @19-01-2022 01:28:47.0385 AM
[ReportManager] File Action [ReadFromImageFile] successfully performed. With the following test data [File Path: "/home/runner/work/io.github.alidorgham/io.github.alidorgham/src/main/resources/dynamicObjectRepository/tests_gui_google_B_Search_FlatTest_SHAFT_navigateToGoogleHomeAndAssertGoogleLogoIsDisplayed_By_xpath_img_id_hplogo_or_alt_Google.png"]. @19-01-2022 01:28:47.0386 AM
[ReportManager] File Action [DoesFileExist] successfully performed. With the following test data [File Path: "src/main/resources/dynamicObjectRepository/tests_gui_google_B_Search_FlatTest_SHAFT_navigateToGoogleHomeAndAssertGoogleLogoIsDisplayed_By_xpath_img_id_hplogo_or_alt_Google.png"]. @19-01-2022 01:28:47.0601 AM
[ReportManager] File Action [DoesFileExist] successfully performed. With the following test data [File Path: "src/main/resources/dynamicObjectRepository/tests_gui_google_B_Search_FlatTest_SHAFT_navigateToGoogleHomeAndAssertGoogleLogoIsDisplayed_By_xpath_img_id_hplogo_or_alt_Google.png"]. @19-01-2022 01:28:47.0602 AM
[ReportManager] Loaded Shared OpenCV @19-01-2022 01:28:48.0040 AM
[ReportManager] Successfully identified the element using AI; OpenCV. @19-01-2022 01:28:48.0057 AM
[ReportManager] Assertion Passed: Asserting that the Google logo is displayed @19-01-2022 01:28:48.0058 AM
[ReportManager] Successfully created attachment [Validation Test Data - Reference Screenshot] @19-01-2022 01:28:48.0059 AM
[ReportManager] Successfully created attachment [Validation Test Data - Actual Screenshot] @19-01-2022 01:28:48.0059 AM
[ReportManager] Assertion [ValidateElementMatches] PASSED. Expected [Element should match the reference screenshot] and Actual [TRUE]. Comparison Type [EXACT_OPENCV]. Validation Type [POSITIVE]. @19-01-2022 01:28:48.0059 A
[ReportManager] Browser Action [CloseCurrentWindow] successfully performed. @19-01-2022 01:28:48.0227 AM
[ReportManager] Successfully created attachment [Browser Action Test Data - CloseCurrentWindow - Actual Value] @19-01-2022 01:28:48.0239 A
[ReportManager] File Action [GetAbsolutePath] successfully performed. With the following test data [Relative Folder Path: "target/downloadedFiles/"]. @19-01-2022 01:28:48.0251 AM
[ReportManager] Attempting to run remotely on: [Linux-64], [GoogleChrome], [http://localhost:4444/wd/hub], Headless Execution. @19-01-2022 01:28:48.0252 AM
[ReportManager] Successfully Opened [GoogleChrome]. @19-01-2022 01:28:48.0648 AM
[ReportManager] Target URL: [https://www.google.com/ncr], and after redirection: [https://www.google.com] @19-01-2022 01:28:48.0648 AM
[ReportManager] Initial URL: [data:,] @19-01-2022 01:28:48.0727 AM
[ReportManager] Browser Action [NavigateToURL] successfully performed. With the following test data [https://www.google.com/ncr]. @19-01-2022 01:28:49.0748 A

################################################################################################################################################
Starting Execution:	[4 out of 23] test cases in the current suite
Test Method:		[tests.gui.google.B_Search_FlatTest_SHAFT.navigateToGoogleHomeAndAssertPageTitle]
################################################################################################################################################
[ReportManager] Browser Action [GetCurrentWindowTitle] successfully performed. With the following test data [Google]. @19-01-2022 01:28:49.0818 AM
[ReportManager] Assertion Passed: Asserting that the page title is Google @19-01-2022 01:28:50.0395 AM
[ReportManager] Successfully created attachment [Screenshot - 1642555730015_navigateToGoogleHomeAndAssertPageTitle_ValidateBrowserAttribute_passed] @19-01-2022 01:28:50.0403 AM
[ReportManager] Assertion [ValidateBrowserAttribute] PASSED. Expected [Value Should be 'Google' for the 'Title' attribute] and Actual [Google]. Comparison Type [EQUALS]. Validation Type [POSITIVE]. @19-01-2022 01:28:50.0403 A
[ReportManager] Browser Action [CloseCurrentWindow] successfully performed. @19-01-2022 01:28:50.0502 AM
[ReportManager] Successfully created attachment [Browser Action Test Data - CloseCurrentWindow - Actual Value] @19-01-2022 01:28:50.0503 A
[ReportManager] File Action [GetAbsolutePath] successfully performed. With the following test data [Relative Folder Path: "target/downloadedFiles/"]. @19-01-2022 01:28:50.0516 AM
[ReportManager] Attempting to run remotely on: [Linux-64], [GoogleChrome], [http://localhost:4444/wd/hub], Headless Execution. @19-01-2022 01:28:50.0516 AM
[ReportManager] Successfully Opened [GoogleChrome]. @19-01-2022 01:28:50.0869 AM
[ReportManager] Target URL: [https://www.google.com/ncr], and after redirection: [https://www.google.com] @19-01-2022 01:28:50.0869 AM
[ReportManager] Initial URL: [data:,] @19-01-2022 01:28:50.0932 AM
[ReportManager] Browser Action [NavigateToURL] successfully performed. With the following test data [https://www.google.com/ncr]. @19-01-2022 01:28:51.0974 A

################################################################################################################################################
Starting Execution:	[5 out of 23] test cases in the current suite
Test Method:		[tests.gui.google.B_Search_FlatTest_SHAFT.searchForQueryAndAssertFirstResultTextIsCorrect]
################################################################################################################################################
[ReportManager] Element Action [Type] successfully performed. With the following test data [SHAFT_Engine]. @19-01-2022 01:28:52.0408 AM
[ReportManager] Element Action [KeyPress] successfully performed. With the following test data [ENTER]. @19-01-2022 01:28:54.0134 AM
[ReportManager] Element Action [GetText] successfully performed. With the following test data [SHAFT_ENGINE is a Test Automation Engine that ... - GitHub]. @19-01-2022 01:28:54.0255 AM
[ReportManager] Loaded Shared OpenCV @19-01-2022 01:28:54.0637 AM
[ReportManager] Assertion Failed: Asserting that the correct first result is displayed @19-01-2022 01:28:54.0873 AM
[ReportManager] Successfully created attachment [Screenshot - 1642555734636_searchForQueryAndAssertFirstResultTextIsCorrect_ValidateElementAttribute_failed] @19-01-2022 01:28:54.0881 AM
[ReportManager] Assertion [ValidateElementAttribute] FAILED. Expected [Value Should be 'MohabMohie' for the 'Text' attribute, element locator 'By.xpath: (//h1[contains(text(),'Search Result')]/following-sibling::div//a/h3)[1]'] and Actual [SHAFT_ENGINE is a Test Automation Engine that ... - GitHub]. Comparison Type [CONTAINS]. Validation Type [POSITIVE]. @19-01-2022 01:28:54.0881 A
[ReportManager] Browser Action [CloseCurrentWindow] successfully performed. @19-01-2022 01:28:55.0156 AM
[ReportManager] Successfully created attachment [Browser Action Test Data - CloseCurrentWindow - Actual Value] @19-01-2022 01:28:55.0177 A
[ReportManager] An Exception Occured with this Message: src/test/resources/testDataFiles/Google/SimpleSearch.xlsx (No such file or directory). @19-01-2022 01:28:55.0187 AM
[ReportManager] Successfully created attachment [Exception Stack Trace - java.io.FileNotFoundException] @19-01-2022 01:28:55.0187 AM
[ReportManager] Couldn't find the desired file. [src/test/resources/testDataFiles/Google/SimpleSearch.xlsx]. @19-01-2022 01:28:55.0188 A


################################################################################################################################################
Starting Execution:	[6 out of 23] test cases in the current suite
Test Method:		[tests.gui.google.F_Search_PageObjectModel_Fluent.navigateToGoogleHomeAndAssertGoogleLogoIsDisplayed]
###############################################################################################################################################



################################################################################################################################################
Starting Execution:	[7 out of 23] test cases in the current suite
Test Method:		[tests.gui.google.F_Search_PageObjectModel_Fluent.navigateToGoogleHomeAndAssertPageTitle]
###############################################################################################################################################



################################################################################################################################################
Starting Execution:	[8 out of 23] test cases in the current suite
Test Method:		[tests.gui.google.F_Search_PageObjectModel_Fluent.searchForQueryAndAssertFirstResultTextIsCorrect]
###############################################################################################################################################

[ReportManager] File Action [GetAbsolutePath] successfully performed. With the following test data [Relative Folder Path: "target/downloadedFiles/"]. @19-01-2022 01:28:55.0212 AM
[ReportManager] Attempting to run remotely on: [Linux-64], [GoogleChrome], [http://localhost:4444/wd/hub], Headless Execution. @19-01-2022 01:28:55.0212 AM
[ReportManager] Successfully Opened [GoogleChrome]. @19-01-2022 01:28:55.0570 AM
[ReportManager] Target URL: [https://www.google.com/ncr], and after redirection: [https://www.google.com] @19-01-2022 01:28:55.0571 AM
[ReportManager] Initial URL: [data:,] @19-01-2022 01:28:55.0643 AM
[ReportManager] Browser Action [NavigateToURL] successfully performed. With the following test data [https://www.google.com/ncr]. @19-01-2022 01:28:56.0637 A

################################################################################################################################################
Starting Execution:	[9 out of 23] test cases in the current suite
Test Method:		[tests.gui.google.C_Search_PageObjectModel_Traditional.navigateToGoogleHomeAndAssertGoogleLogoIsDisplayed]
################################################################################################################################################
[ReportManager] Element Action [IsElementDisplayed] successfully performed. @19-01-2022 01:28:56.0762 AM
[ReportManager] Assertion Passed: Asserting that the Google logo is displayed @19-01-2022 01:28:56.0762 AM
[ReportManager] Assertion [ValidateTrue] PASSED. Expected [TRUE] and Actual [TRUE]. Validation Type [POSITIVE]. @19-01-2022 01:28:56.0762 A
[ReportManager] Browser Action [CloseCurrentWindow] successfully performed. @19-01-2022 01:28:56.0891 AM
[ReportManager] Successfully created attachment [Browser Action Test Data - CloseCurrentWindow - Actual Value] @19-01-2022 01:28:56.0892 A
[ReportManager] File Action [GetAbsolutePath] successfully performed. With the following test data [Relative Folder Path: "target/downloadedFiles/"]. @19-01-2022 01:28:56.0896 AM
[ReportManager] Attempting to run remotely on: [Linux-64], [GoogleChrome], [http://localhost:4444/wd/hub], Headless Execution. @19-01-2022 01:28:56.0897 AM
[ReportManager] Successfully Opened [GoogleChrome]. @19-01-2022 01:28:57.0140 AM
[ReportManager] Target URL: [https://www.google.com/ncr], and after redirection: [https://www.google.com] @19-01-2022 01:28:57.0141 AM
[ReportManager] Initial URL: [data:,] @19-01-2022 01:28:57.0229 AM
[ReportManager] Browser Action [NavigateToURL] successfully performed. With the following test data [https://www.google.com/ncr]. @19-01-2022 01:28:58.0259 A

################################################################################################################################################
Starting Execution:	[10 out of 23] test cases in the current suite
Test Method:		[tests.gui.google.C_Search_PageObjectModel_Traditional.navigateToGoogleHomeAndAssertPageTitle]
################################################################################################################################################
[ReportManager] Browser Action [GetCurrentWindowTitle] successfully performed. With the following test data [Google]. @19-01-2022 01:28:58.0301 AM
[ReportManager] Assertion Passed: Asserting that the page title is Google @19-01-2022 01:28:58.0302 AM
[ReportManager] Assertion [ValidateEquals] PASSED. Expected [Google] and Actual [Google]. Comparison Type [EQUALS]. Validation Type [POSITIVE]. @19-01-2022 01:28:58.0302 A
[ReportManager] Browser Action [CloseCurrentWindow] successfully performed. @19-01-2022 01:28:58.0433 AM
[ReportManager] Successfully created attachment [Browser Action Test Data - CloseCurrentWindow - Actual Value] @19-01-2022 01:28:58.0434 A
[ReportManager] File Action [GetAbsolutePath] successfully performed. With the following test data [Relative Folder Path: "target/downloadedFiles/"]. @19-01-2022 01:28:58.0442 AM
[ReportManager] Attempting to run remotely on: [Linux-64], [GoogleChrome], [http://localhost:4444/wd/hub], Headless Execution. @19-01-2022 01:28:58.0442 AM
[ReportManager] Successfully Opened [GoogleChrome]. @19-01-2022 01:28:58.0618 AM
[ReportManager] Target URL: [https://www.google.com/ncr], and after redirection: [https://www.google.com] @19-01-2022 01:28:58.0618 AM
[ReportManager] Initial URL: [data:,] @19-01-2022 01:28:58.0699 AM
[ReportManager] Browser Action [NavigateToURL] successfully performed. With the following test data [https://www.google.com/ncr]. @19-01-2022 01:28:59.0741 A

################################################################################################################################################
Starting Execution:	[11 out of 23] test cases in the current suite
Test Method:		[tests.gui.google.C_Search_PageObjectModel_Traditional.searchForQueryAndAssertFirstResultTextIsCorrect]
################################################################################################################################################
[ReportManager] Element Action [Type] successfully performed. With the following test data [SHAFT_Engine]. @19-01-2022 01:29:00.0160 AM
[ReportManager] Element Action [KeyPress] successfully performed. With the following test data [ENTER]. @19-01-2022 01:29:01.0709 AM
[ReportManager] Element Action [GetText] successfully performed. With the following test data [SHAFT_ENGINE is a Test Automation Engine that ... - GitHub]. @19-01-2022 01:29:01.0838 AM
[ReportManager] Assertion Failed: Asserting that the correct first result is displayed @19-01-2022 01:29:01.0838 AM
[ReportManager] Assertion [ValidateEquals] FAILED. Expected [MohabMohie] and Actual [SHAFT_ENGINE is a Test Automation Engine that ... - GitHub]. Comparison Type [CONTAINS]. Validation Type [POSITIVE]. @19-01-2022 01:29:01.0838 A
[ReportManager] Browser Action [CloseCurrentWindow] successfully performed. @19-01-2022 01:29:02.0104 AM
[ReportManager] Successfully created attachment [Browser Action Test Data - CloseCurrentWindow - Actual Value] @19-01-2022 01:29:02.0107 A
[ReportManager] An Exception Occured with this Message: src/test/resources/testDataFiles/Google/SimpleSearch.xlsx (No such file or directory). @19-01-2022 01:29:02.0114 AM
[ReportManager] Successfully created attachment [Exception Stack Trace - java.io.FileNotFoundException] @19-01-2022 01:29:02.0114 AM
[ReportManager] Couldn't find the desired file. [src/test/resources/testDataFiles/Google/SimpleSearch.xlsx]. @19-01-2022 01:29:02.0117 A


################################################################################################################################################
Starting Execution:	[12 out of 23] test cases in the current suite
Test Method:		[tests.gui.google.E_Search_PageObjectModel_Traditional_SHAFTAssertions.navigateToGoogleHomeAndAssertGoogleLogoIsDisplayed]
###############################################################################################################################################



################################################################################################################################################
Starting Execution:	[13 out of 23] test cases in the current suite
Test Method:		[tests.gui.google.E_Search_PageObjectModel_Traditional_SHAFTAssertions.navigateToGoogleHomeAndAssertPageTitle]
###############################################################################################################################################



################################################################################################################################################
Starting Execution:	[14 out of 23] test cases in the current suite
Test Method:		[tests.gui.google.E_Search_PageObjectModel_Traditional_SHAFTAssertions.searchForQueryAndAssertFirstResultTextIsCorrect]
###############################################################################################################################################

[ReportManager] An Exception Occured with this Message: src/test/resources/testDataFiles/Google/SimpleSearch.xlsx (No such file or directory). @19-01-2022 01:29:02.0139 AM
[ReportManager] Successfully created attachment [Exception Stack Trace - java.io.FileNotFoundException] @19-01-2022 01:29:02.0139 AM
[ReportManager] Couldn't find the desired file. [src/test/resources/testDataFiles/Google/SimpleSearch.xlsx]. @19-01-2022 01:29:02.0140 A


################################################################################################################################################
Starting Execution:	[15 out of 23] test cases in the current suite
Test Method:		[tests.gui.google.G_Search_PageObjectModel_ThreadSafe.navigateToGoogleHomeAndAssertGoogleLogoIsDisplayed]
###############################################################################################################################################



################################################################################################################################################
Starting Execution:	[16 out of 23] test cases in the current suite
Test Method:		[tests.gui.google.G_Search_PageObjectModel_ThreadSafe.navigateToGoogleHomeAndAssertPageTitle]
###############################################################################################################################################



################################################################################################################################################
Starting Execution:	[17 out of 23] test cases in the current suite
Test Method:		[tests.gui.google.G_Search_PageObjectModel_ThreadSafe.searchForQueryAndAssertFirstResultTextIsCorrect]
###############################################################################################################################################

[ReportManager] An Exception Occured with this Message: src/test/resources/testDataFiles/Google/SimpleSearch.xlsx (No such file or directory). @19-01-2022 01:29:02.0171 AM
[ReportManager] Successfully created attachment [Exception Stack Trace - java.io.FileNotFoundException] @19-01-2022 01:29:02.0171 AM
[ReportManager] Couldn't find the desired file. [src/test/resources/testDataFiles/Google/SimpleSearch.xlsx]. @19-01-2022 01:29:02.0171 A


################################################################################################################################################
Starting Execution:	[18 out of 23] test cases in the current suite
Test Method:		[tests.gui.google.D_Search_PageObjectModel_Traditional_DataDriven.navigateToGoogleHomeAndAssertGoogleLogoIsDisplayed]
###############################################################################################################################################



################################################################################################################################################
Starting Execution:	[19 out of 23] test cases in the current suite
Test Method:		[tests.gui.google.D_Search_PageObjectModel_Traditional_DataDriven.navigateToGoogleHomeAndAssertPageTitle]
###############################################################################################################################################



################################################################################################################################################
Starting Execution:	[20 out of 23] test cases in the current suite
Test Method:		[tests.gui.google.D_Search_PageObjectModel_Traditional_DataDriven.searchForQueryAndAssertFirstResultTextIsCorrect]
###############################################################################################################################################




################################################################################################################################################
Starting Execution:	[21 out of 23] test cases in the current suite
Test Method:		[tests.gui.google.A_Search_FlatTest_NativeSeleniumWebDriver.navigateToGoogleHomeAndAssertGoogleLogoIsDisplayed]
###############################################################################################################################################



################################################################################################################################################
Starting Execution:	[22 out of 23] test cases in the current suite
Test Method:		[tests.gui.google.A_Search_FlatTest_NativeSeleniumWebDriver.navigateToGoogleHomeAndAssertPageTitle]
###############################################################################################################################################



################################################################################################################################################
Starting Execution:	[23 out of 23] test cases in the current suite
Test Method:		[tests.gui.google.A_Search_FlatTest_NativeSeleniumWebDriver.searchForQueryAndAssertFirstResultTextIsCorrect]
###############################################################################################################################################

[ReportManager] Successfully created attachment [SHAFT Engine Logs - Execution log] @19-01-2022 01:29:22.0932 AM

################################################################################################################################################
This test run was powered by SHAFT Engine Version: [SHAFT Engine v5.4.20211117-BETA]
SHAFT Engine is licensed under the MIT License: [https://github.com/MohabMohie/SHAFT_ENGINE/blob/master/LICENSE].
################################################################################################################################################