################################################################################################################################################
Detected SHAFT Engine Version: [SHAFT Engine v5.4.20211117-BETA]
################################################################################################################################################
[ReportManager] File Action [GetAbsolutePath] successfully performed. With the following test data [Relative Folder Path: "target/downloadedFiles/"]. @07-01-2022 12:51:30.0450 PM
[ReportManager] Attempting to run remotely on: [Linux-64], [GoogleChrome], [http://localhost:4444/wd/hub], Headless Execution. @07-01-2022 12:51:30.0464 PM
[ReportManager] Successfully Opened [GoogleChrome]. @07-01-2022 12:51:32.0253 PM
[ReportManager] Target URL: [https://www.google.com/ncr], and after redirection: [https://www.google.com] @07-01-2022 12:51:32.0260 PM
[ReportManager] Initial URL: [data:,] @07-01-2022 12:51:32.0354 PM
[ReportManager] Browser Action [NavigateToURL] successfully performed. With the following test data [https://www.google.com/ncr]. @07-01-2022 12:51:33.0515 P

################################################################################################################################################
Starting Execution:	[1 out of 23] test cases in the current suite
Test Method:		[tests.gui.google.B_Search_FlatTest_SHAFT.navigateToGoogleHomeAndAssertGoogleLogoIsDisplayed]
################################################################################################################################################
[ReportManager] File Action [DoesFileExist] successfully performed. With the following test data [File Path: "src/main/resources/dynamicObjectRepository/tests_gui_google_B_Search_FlatTest_SHAFT_navigateToGoogleHomeAndAssertGoogleLogoIsDisplayed_By_xpath_img_id_hplogo_or_alt_Google.png"]. @07-01-2022 12:51:33.0659 PM
[ReportManager] File Action [GetAbsolutePath] successfully performed. With the following test data [Relative Folder Path: "src/main/resources/dynamicObjectRepository/tests_gui_google_B_Search_FlatTest_SHAFT_navigateToGoogleHomeAndAssertGoogleLogoIsDisplayed_By_xpath_img_id_hplogo_or_alt_Google.png"]. @07-01-2022 12:51:33.0659 PM
[ReportManager] File Action [ReadFromImageFile] successfully performed. With the following test data [File Path: "/home/runner/work/io.github.alidorgham/io.github.alidorgham/src/main/resources/dynamicObjectRepository/tests_gui_google_B_Search_FlatTest_SHAFT_navigateToGoogleHomeAndAssertGoogleLogoIsDisplayed_By_xpath_img_id_hplogo_or_alt_Google.png"]. @07-01-2022 12:51:33.0660 PM
[ReportManager] File Action [DoesFileExist] successfully performed. With the following test data [File Path: "src/main/resources/dynamicObjectRepository/tests_gui_google_B_Search_FlatTest_SHAFT_navigateToGoogleHomeAndAssertGoogleLogoIsDisplayed_By_xpath_img_id_hplogo_or_alt_Google.png"]. @07-01-2022 12:51:33.0865 PM
[ReportManager] File Action [DoesFileExist] successfully performed. With the following test data [File Path: "src/main/resources/dynamicObjectRepository/tests_gui_google_B_Search_FlatTest_SHAFT_navigateToGoogleHomeAndAssertGoogleLogoIsDisplayed_By_xpath_img_id_hplogo_or_alt_Google.png"]. @07-01-2022 12:51:33.0865 PM
[ReportManager] Loaded Shared OpenCV @07-01-2022 12:51:34.0260 PM
[ReportManager] Successfully identified the element using AI; OpenCV. @07-01-2022 12:51:34.0275 PM
[ReportManager] Assertion Passed: Asserting that the Google logo is displayed @07-01-2022 12:51:34.0277 PM
[ReportManager] Successfully created attachment [Validation Test Data - Reference Screenshot] @07-01-2022 12:51:34.0281 PM
[ReportManager] Successfully created attachment [Validation Test Data - Actual Screenshot] @07-01-2022 12:51:34.0281 PM
[ReportManager] Assertion [ValidateElementMatches] PASSED. Expected [Element should match the reference screenshot] and Actual [TRUE]. Comparison Type [EXACT_OPENCV]. Validation Type [POSITIVE]. @07-01-2022 12:51:34.0282 P
[ReportManager] Browser Action [CloseCurrentWindow] successfully performed. @07-01-2022 12:51:34.0444 PM
[ReportManager] Successfully created attachment [Browser Action Test Data - CloseCurrentWindow - Actual Value] @07-01-2022 12:51:34.0447 P
[ReportManager] File Action [GetAbsolutePath] successfully performed. With the following test data [Relative Folder Path: "target/downloadedFiles/"]. @07-01-2022 12:51:34.0462 PM
[ReportManager] Attempting to run remotely on: [Linux-64], [GoogleChrome], [http://localhost:4444/wd/hub], Headless Execution. @07-01-2022 12:51:34.0462 PM
[ReportManager] Successfully Opened [GoogleChrome]. @07-01-2022 12:51:34.0796 PM
[ReportManager] Target URL: [https://www.google.com/ncr], and after redirection: [https://www.google.com] @07-01-2022 12:51:34.0796 PM
[ReportManager] Initial URL: [data:,] @07-01-2022 12:51:34.0872 PM
[ReportManager] Browser Action [NavigateToURL] successfully performed. With the following test data [https://www.google.com/ncr]. @07-01-2022 12:51:35.0836 P

################################################################################################################################################
Starting Execution:	[2 out of 23] test cases in the current suite
Test Method:		[tests.gui.google.B_Search_FlatTest_SHAFT.navigateToGoogleHomeAndAssertPageTitle]
################################################################################################################################################
[ReportManager] Browser Action [GetCurrentWindowTitle] successfully performed. With the following test data [Google]. @07-01-2022 12:51:35.0894 PM
[ReportManager] Assertion Passed: Asserting that the page title is Google @07-01-2022 12:51:36.0459 PM
[ReportManager] Successfully created attachment [Screenshot - 1641559896080_navigateToGoogleHomeAndAssertPageTitle_ValidateBrowserAttribute_passed] @07-01-2022 12:51:36.0473 PM
[ReportManager] Assertion [ValidateBrowserAttribute] PASSED. Expected [Value Should be 'Google' for the 'Title' attribute] and Actual [Google]. Comparison Type [EQUALS]. Validation Type [POSITIVE]. @07-01-2022 12:51:36.0473 P
[ReportManager] Browser Action [CloseCurrentWindow] successfully performed. @07-01-2022 12:51:36.0611 PM
[ReportManager] Successfully created attachment [Browser Action Test Data - CloseCurrentWindow - Actual Value] @07-01-2022 12:51:36.0613 P
[ReportManager] File Action [GetAbsolutePath] successfully performed. With the following test data [Relative Folder Path: "target/downloadedFiles/"]. @07-01-2022 12:51:36.0619 PM
[ReportManager] Attempting to run remotely on: [Linux-64], [GoogleChrome], [http://localhost:4444/wd/hub], Headless Execution. @07-01-2022 12:51:36.0620 PM
[ReportManager] Successfully Opened [GoogleChrome]. @07-01-2022 12:51:36.0956 PM
[ReportManager] Target URL: [https://www.google.com/ncr], and after redirection: [https://www.google.com] @07-01-2022 12:51:36.0956 PM
[ReportManager] Initial URL: [data:,] @07-01-2022 12:51:37.0031 PM
[ReportManager] Browser Action [NavigateToURL] successfully performed. With the following test data [https://www.google.com/ncr]. @07-01-2022 12:51:37.0996 P

################################################################################################################################################
Starting Execution:	[3 out of 23] test cases in the current suite
Test Method:		[tests.gui.google.B_Search_FlatTest_SHAFT.searchForQueryAndAssertFirstResultTextIsCorrect]
################################################################################################################################################
[ReportManager] Element Action [Type] successfully performed. With the following test data [SHAFT_Engine]. @07-01-2022 12:51:38.0449 PM
[ReportManager] Element Action [KeyPress] successfully performed. With the following test data [ENTER]. @07-01-2022 12:51:40.0229 PM
[ReportManager] Element Action [GetText] successfully performed. With the following test data [SHAFT_ENGINE is a Test Automation Engine that ... - GitHub]. @07-01-2022 12:51:40.0361 PM
[ReportManager] Loaded Shared OpenCV @07-01-2022 12:51:40.0713 PM
[ReportManager] Assertion Failed: Asserting that the correct first result is displayed @07-01-2022 12:51:40.0945 PM
[ReportManager] Successfully created attachment [Screenshot - 1641559900713_searchForQueryAndAssertFirstResultTextIsCorrect_ValidateElementAttribute_failed] @07-01-2022 12:51:40.0953 PM
[ReportManager] Assertion [ValidateElementAttribute] FAILED. Expected [Value Should be 'MohabMohie' for the 'Text' attribute, element locator 'By.xpath: (//h1[contains(text(),'Search Result')]/following-sibling::div//a/h3)[1]'] and Actual [SHAFT_ENGINE is a Test Automation Engine that ... - GitHub]. Comparison Type [CONTAINS]. Validation Type [POSITIVE]. @07-01-2022 12:51:40.0954 P
[ReportManager] Browser Action [CloseCurrentWindow] successfully performed. @07-01-2022 12:51:41.0196 PM
[ReportManager] Successfully created attachment [Browser Action Test Data - CloseCurrentWindow - Actual Value] @07-01-2022 12:51:41.0216 P
[ReportManager] An Exception Occured with this Message: src/test/resources/testDataFiles/Google/SimpleSearch.xlsx (No such file or directory). @07-01-2022 12:51:41.0227 PM
[ReportManager] Successfully created attachment [Exception Stack Trace - java.io.FileNotFoundException] @07-01-2022 12:51:41.0227 PM
[ReportManager] Couldn't find the desired file. [src/test/resources/testDataFiles/Google/SimpleSearch.xlsx]. @07-01-2022 12:51:41.0227 P


################################################################################################################################################
Starting Execution:	[4 out of 23] test cases in the current suite
Test Method:		[tests.gui.google.G_Search_PageObjectModel_ThreadSafe.navigateToGoogleHomeAndAssertGoogleLogoIsDisplayed]
###############################################################################################################################################



################################################################################################################################################
Starting Execution:	[5 out of 23] test cases in the current suite
Test Method:		[tests.gui.google.G_Search_PageObjectModel_ThreadSafe.navigateToGoogleHomeAndAssertPageTitle]
###############################################################################################################################################



################################################################################################################################################
Starting Execution:	[6 out of 23] test cases in the current suite
Test Method:		[tests.gui.google.G_Search_PageObjectModel_ThreadSafe.searchForQueryAndAssertFirstResultTextIsCorrect]
###############################################################################################################################################

[ReportManager] File Action [GetAbsolutePath] successfully performed. With the following test data [Relative Folder Path: "target/downloadedFiles/"]. @07-01-2022 12:51:41.0257 PM
[ReportManager] Attempting to run remotely on: [Linux-64], [GoogleChrome], [http://localhost:4444/wd/hub], Headless Execution. @07-01-2022 12:51:41.0258 PM
[ReportManager] Successfully Opened [GoogleChrome]. @07-01-2022 12:51:41.0591 PM
[ReportManager] Target URL: [https://www.google.com/ncr], and after redirection: [https://www.google.com] @07-01-2022 12:51:41.0593 PM
[ReportManager] Initial URL: [data:,] @07-01-2022 12:51:41.0652 PM
[ReportManager] Browser Action [NavigateToURL] successfully performed. With the following test data [https://www.google.com/ncr]. @07-01-2022 12:51:42.0583 P

################################################################################################################################################
Starting Execution:	[7 out of 23] test cases in the current suite
Test Method:		[tests.gui.google.C_Search_PageObjectModel_Traditional.navigateToGoogleHomeAndAssertGoogleLogoIsDisplayed]
################################################################################################################################################
[ReportManager] Element Action [IsElementDisplayed] successfully performed. @07-01-2022 12:51:42.0742 PM
[ReportManager] Assertion Passed: Asserting that the Google logo is displayed @07-01-2022 12:51:42.0742 PM
[ReportManager] Assertion [ValidateTrue] PASSED. Expected [TRUE] and Actual [TRUE]. Validation Type [POSITIVE]. @07-01-2022 12:51:42.0742 P
[ReportManager] Browser Action [CloseCurrentWindow] successfully performed. @07-01-2022 12:51:42.0871 PM
[ReportManager] Successfully created attachment [Browser Action Test Data - CloseCurrentWindow - Actual Value] @07-01-2022 12:51:42.0873 P
[ReportManager] File Action [GetAbsolutePath] successfully performed. With the following test data [Relative Folder Path: "target/downloadedFiles/"]. @07-01-2022 12:51:42.0884 PM
[ReportManager] Attempting to run remotely on: [Linux-64], [GoogleChrome], [http://localhost:4444/wd/hub], Headless Execution. @07-01-2022 12:51:42.0887 PM
[ReportManager] Successfully Opened [GoogleChrome]. @07-01-2022 12:51:43.0127 PM
[ReportManager] Target URL: [https://www.google.com/ncr], and after redirection: [https://www.google.com] @07-01-2022 12:51:43.0127 PM
[ReportManager] Initial URL: [data:,] @07-01-2022 12:51:43.0210 PM
[ReportManager] Browser Action [NavigateToURL] successfully performed. With the following test data [https://www.google.com/ncr]. @07-01-2022 12:51:44.0145 P

################################################################################################################################################
Starting Execution:	[8 out of 23] test cases in the current suite
Test Method:		[tests.gui.google.C_Search_PageObjectModel_Traditional.navigateToGoogleHomeAndAssertPageTitle]
################################################################################################################################################
[ReportManager] Browser Action [GetCurrentWindowTitle] successfully performed. With the following test data [Google]. @07-01-2022 12:51:44.0191 PM
[ReportManager] Assertion Passed: Asserting that the page title is Google @07-01-2022 12:51:44.0192 PM
[ReportManager] Assertion [ValidateEquals] PASSED. Expected [Google] and Actual [Google]. Comparison Type [EQUALS]. Validation Type [POSITIVE]. @07-01-2022 12:51:44.0192 P
[ReportManager] Browser Action [CloseCurrentWindow] successfully performed. @07-01-2022 12:51:44.0322 PM
[ReportManager] Successfully created attachment [Browser Action Test Data - CloseCurrentWindow - Actual Value] @07-01-2022 12:51:44.0323 P
[ReportManager] File Action [GetAbsolutePath] successfully performed. With the following test data [Relative Folder Path: "target/downloadedFiles/"]. @07-01-2022 12:51:44.0329 PM
[ReportManager] Attempting to run remotely on: [Linux-64], [GoogleChrome], [http://localhost:4444/wd/hub], Headless Execution. @07-01-2022 12:51:44.0329 PM
[ReportManager] Successfully Opened [GoogleChrome]. @07-01-2022 12:51:44.0514 PM
[ReportManager] Target URL: [https://www.google.com/ncr], and after redirection: [https://www.google.com] @07-01-2022 12:51:44.0514 PM
[ReportManager] Initial URL: [data:,] @07-01-2022 12:51:44.0590 PM
[ReportManager] Browser Action [NavigateToURL] successfully performed. With the following test data [https://www.google.com/ncr]. @07-01-2022 12:51:45.0496 P

################################################################################################################################################
Starting Execution:	[9 out of 23] test cases in the current suite
Test Method:		[tests.gui.google.C_Search_PageObjectModel_Traditional.searchForQueryAndAssertFirstResultTextIsCorrect]
################################################################################################################################################
[ReportManager] Element Action [Type] successfully performed. With the following test data [SHAFT_Engine]. @07-01-2022 12:51:45.0852 PM
[ReportManager] Element Action [KeyPress] successfully performed. With the following test data [ENTER]. @07-01-2022 12:51:47.0355 PM
[ReportManager] Element Action [GetText] successfully performed. With the following test data [SHAFT_ENGINE is a Test Automation Engine that ... - GitHub]. @07-01-2022 12:51:47.0459 PM
[ReportManager] Assertion Failed: Asserting that the correct first result is displayed @07-01-2022 12:51:47.0460 PM
[ReportManager] Assertion [ValidateEquals] FAILED. Expected [MohabMohie] and Actual [SHAFT_ENGINE is a Test Automation Engine that ... - GitHub]. Comparison Type [CONTAINS]. Validation Type [POSITIVE]. @07-01-2022 12:51:47.0460 P
[ReportManager] Browser Action [CloseCurrentWindow] successfully performed. @07-01-2022 12:51:47.0652 PM
[ReportManager] Successfully created attachment [Browser Action Test Data - CloseCurrentWindow - Actual Value] @07-01-2022 12:51:47.0655 P
[ReportManager] An Exception Occured with this Message: src/test/resources/testDataFiles/Google/SimpleSearch.xlsx (No such file or directory). @07-01-2022 12:51:47.0667 PM
[ReportManager] Successfully created attachment [Exception Stack Trace - java.io.FileNotFoundException] @07-01-2022 12:51:47.0668 PM
[ReportManager] Couldn't find the desired file. [src/test/resources/testDataFiles/Google/SimpleSearch.xlsx]. @07-01-2022 12:51:47.0668 P


################################################################################################################################################
Starting Execution:	[10 out of 23] test cases in the current suite
Test Method:		[tests.gui.google.F_Search_PageObjectModel_Fluent.navigateToGoogleHomeAndAssertGoogleLogoIsDisplayed]
###############################################################################################################################################



################################################################################################################################################
Starting Execution:	[11 out of 23] test cases in the current suite
Test Method:		[tests.gui.google.F_Search_PageObjectModel_Fluent.navigateToGoogleHomeAndAssertPageTitle]
###############################################################################################################################################



################################################################################################################################################
Starting Execution:	[12 out of 23] test cases in the current suite
Test Method:		[tests.gui.google.F_Search_PageObjectModel_Fluent.searchForQueryAndAssertFirstResultTextIsCorrect]
###############################################################################################################################################

[ReportManager] An Exception Occured with this Message: src/test/resources/testDataFiles/Google/SimpleSearch.xlsx (No such file or directory). @07-01-2022 12:51:47.0698 PM
[ReportManager] Successfully created attachment [Exception Stack Trace - java.io.FileNotFoundException] @07-01-2022 12:51:47.0698 PM
[ReportManager] Couldn't find the desired file. [src/test/resources/testDataFiles/Google/SimpleSearch.xlsx]. @07-01-2022 12:51:47.0698 P


################################################################################################################################################
Starting Execution:	[13 out of 23] test cases in the current suite
Test Method:		[tests.gui.google.E_Search_PageObjectModel_Traditional_SHAFTAssertions.navigateToGoogleHomeAndAssertGoogleLogoIsDisplayed]
###############################################################################################################################################



################################################################################################################################################
Starting Execution:	[14 out of 23] test cases in the current suite
Test Method:		[tests.gui.google.E_Search_PageObjectModel_Traditional_SHAFTAssertions.navigateToGoogleHomeAndAssertPageTitle]
###############################################################################################################################################



################################################################################################################################################
Starting Execution:	[15 out of 23] test cases in the current suite
Test Method:		[tests.gui.google.E_Search_PageObjectModel_Traditional_SHAFTAssertions.searchForQueryAndAssertFirstResultTextIsCorrect]
###############################################################################################################################################

[ReportManager] An Exception Occured with this Message: src/test/resources/testDataFiles/Google/SimpleSearch.xlsx (No such file or directory). @07-01-2022 12:51:47.0722 PM
[ReportManager] Successfully created attachment [Exception Stack Trace - java.io.FileNotFoundException] @07-01-2022 12:51:47.0722 PM
[ReportManager] Couldn't find the desired file. [src/test/resources/testDataFiles/Google/SimpleSearch.xlsx]. @07-01-2022 12:51:47.0722 P


################################################################################################################################################
Starting Execution:	[16 out of 23] test cases in the current suite
Test Method:		[tests.gui.google.D_Search_PageObjectModel_Traditional_DataDriven.navigateToGoogleHomeAndAssertGoogleLogoIsDisplayed]
###############################################################################################################################################



################################################################################################################################################
Starting Execution:	[17 out of 23] test cases in the current suite
Test Method:		[tests.gui.google.D_Search_PageObjectModel_Traditional_DataDriven.navigateToGoogleHomeAndAssertPageTitle]
###############################################################################################################################################



################################################################################################################################################
Starting Execution:	[18 out of 23] test cases in the current suite
Test Method:		[tests.gui.google.D_Search_PageObjectModel_Traditional_DataDriven.searchForQueryAndAssertFirstResultTextIsCorrect]
###############################################################################################################################################




################################################################################################################################################
Starting Execution:	[19 out of 23] test cases in the current suite
Test Method:		[tests.gui.google.A_Search_FlatTest_NativeSeleniumWebDriver.navigateToGoogleHomeAndAssertGoogleLogoIsDisplayed]
###############################################################################################################################################



################################################################################################################################################
Starting Execution:	[20 out of 23] test cases in the current suite
Test Method:		[tests.gui.google.A_Search_FlatTest_NativeSeleniumWebDriver.navigateToGoogleHomeAndAssertPageTitle]
###############################################################################################################################################



################################################################################################################################################
Starting Execution:	[21 out of 23] test cases in the current suite
Test Method:		[tests.gui.google.A_Search_FlatTest_NativeSeleniumWebDriver.searchForQueryAndAssertFirstResultTextIsCorrect]
###############################################################################################################################################


################################################################################################################################################
Starting Execution:	[22 out of 23] test cases in the current suite
Test Method:		[tests.api.users.UserData.validateUserEmail]
################################################################################################################################################
[ReportManager] Response status code: [200], status line: [HTTP/1.1 200 OK] @07-01-2022 12:52:14.0231 PM
[ReportManager] Assertion Passed: Evaluating the actual response status code against the expected one... @07-01-2022 12:52:14.0235 PM
[ReportManager] Assertion [ValidateComparativeRelation] PASSED. Expected [200] and Actual [200]. Comparison Type [EQUALS]. Validation Type [POSITIVE]. @07-01-2022 12:52:14.0235 PM
[ReportManager] API Action [PerformRequest] successfully performed. With the following test data [Request Type: "GET" | Target Status Code: "200" | Service URL: "https://jsonplaceholder.typicode.com/users" | Content Type: "*/*" | Response Time: "650ms"]. @07-01-2022 12:52:15.0055 PM
[ReportManager] Successfully created attachment [API Request - Specifications] @07-01-2022 12:52:15.0056 PM
[ReportManager] Successfully created attachment [API Response - JSON Body] @07-01-2022 12:52:15.0236 PM
[ReportManager] Assertion [ValidateEquals] PASSED. Expected and Actual values are attached. Comparison Type [CONTAINS]. Validation Type [POSITIVE]. @07-01-2022 12:52:15.0236 PM
[ReportManager] Successfully created attachment [Validation Test Data - Expected Value] @07-01-2022 12:52:15.0236 PM
[ReportManager] Successfully created attachment [Validation Test Data - Actual Value] @07-01-2022 12:52:15.0237 PM
[ReportManager] API Action [GetResponseJSONValueAsList] successfully performed. With the following test data [$]. @07-01-2022 12:52:15.0249 PM
[ReportManager] API Action [GetResponseJSONValue] successfully performed. With the following test data [name]. @07-01-2022 12:52:15.0272 PM
[ReportManager] API Action [GetResponseJSONValue] successfully performed. With the following test data [email]. @07-01-2022 12:52:15.0288 PM
[ReportManager] Assertion [ValidateEquals] PASSED. Expected [Sincere@april.biz] and Actual [Sincere@april.biz]. Comparison Type [EQUALS]. Validation Type [POSITIVE]. @07-01-2022 12:52:15.0288 PM
[ReportManager] API Action [GetResponseJSONValue] successfully performed. With the following test data [name]. @07-01-2022 12:52:15.0308 PM
[ReportManager] API Action [GetResponseJSONValue] successfully performed. With the following test data [name]. @07-01-2022 12:52:15.0321 PM
[ReportManager] API Action [GetResponseJSONValue] successfully performed. With the following test data [name]. @07-01-2022 12:52:15.0329 PM
[ReportManager] API Action [GetResponseJSONValue] successfully performed. With the following test data [name]. @07-01-2022 12:52:15.0337 PM
[ReportManager] API Action [GetResponseJSONValue] successfully performed. With the following test data [name]. @07-01-2022 12:52:15.0345 PM
[ReportManager] API Action [GetResponseJSONValue] successfully performed. With the following test data [name]. @07-01-2022 12:52:15.0353 PM
[ReportManager] API Action [GetResponseJSONValue] successfully performed. With the following test data [name]. @07-01-2022 12:52:15.0360 PM
[ReportManager] API Action [GetResponseJSONValue] successfully performed. With the following test data [name]. @07-01-2022 12:52:15.0368 PM
[ReportManager] API Action [GetResponseJSONValue] successfully performed. With the following test data [name]. @07-01-2022 12:52:15.0375 P

################################################################################################################################################
Starting Execution:	[23 out of 23] test cases in the current suite
Test Method:		[tests.cli.demo.cliTest.sampleTestCase]
################################################################################################################################################
[ReportManager] Attempting to perform the following command locally. Command: [ls] @07-01-2022 12:52:15.0386 PM
[ReportManager] Terminal Action [PerformTerminalCommands] successfully performed. With the following test data [Host Name: "localHost" | Command: "ls" | Exit Status: "0"]. @07-01-2022 12:52:15.0390 PM
[ReportManager] Successfully created attachment [Terminal Action Actual Result - Command Log] @07-01-2022 12:52:15.0391 PM
[ReportManager] Assertion Passed: Demoing local terminal actions @07-01-2022 12:52:15.0391 PM
[ReportManager] Assertion [ValidateEquals] PASSED. Expected [pom.xml] and Actual [LICENSE
README.md
allure-results
docker-compose_native.yml
docker-compose_zalenium.yml
extent-reports
pom.xml
readMeImgs
src
target]. Comparison Type [CONTAINS]. Validation Type [POSITIVE]. @07-01-2022 12:52:15.0391 P
[ReportManager] Successfully created attachment [SHAFT Engine Logs - Execution log] @07-01-2022 12:52:15.0405 PM

################################################################################################################################################
This test run was powered by SHAFT Engine Version: [SHAFT Engine v5.4.20211117-BETA]
SHAFT Engine is licensed under the MIT License: [https://github.com/MohabMohie/SHAFT_ENGINE/blob/master/LICENSE].
################################################################################################################################################