################################################################################################################################################
Detected SHAFT Engine Version: [SHAFT Engine v5.4.20211117-BETA]
################################################################################################################################################
[ReportManager] File Action [GetAbsolutePath] successfully performed. With the following test data [Relative Folder Path: "target/downloadedFiles/"]. @09-01-2022 06:39:43.0506 AM
[ReportManager] Attempting to run remotely on: [Linux-64], [GoogleChrome], [http://localhost:4444/wd/hub], Headless Execution. @09-01-2022 06:39:43.0523 AM
[ReportManager] Successfully Opened [GoogleChrome]. @09-01-2022 06:39:46.0118 AM
[ReportManager] Target URL: [https://www.google.com/ncr], and after redirection: [https://www.google.com] @09-01-2022 06:39:46.0131 AM
[ReportManager] Initial URL: [data:,] @09-01-2022 06:39:46.0272 AM
[ReportManager] Browser Action [NavigateToURL] successfully performed. With the following test data [https://www.google.com/ncr]. @09-01-2022 06:39:47.0803 A

################################################################################################################################################
Starting Execution:	[1 out of 23] test cases in the current suite
Test Method:		[tests.gui.google.B_Search_FlatTest_SHAFT.navigateToGoogleHomeAndAssertGoogleLogoIsDisplayed]
################################################################################################################################################
[ReportManager] File Action [DoesFileExist] successfully performed. With the following test data [File Path: "src/main/resources/dynamicObjectRepository/tests_gui_google_B_Search_FlatTest_SHAFT_navigateToGoogleHomeAndAssertGoogleLogoIsDisplayed_By_xpath_img_id_hplogo_or_alt_Google.png"]. @09-01-2022 06:39:48.0001 AM
[ReportManager] File Action [GetAbsolutePath] successfully performed. With the following test data [Relative Folder Path: "src/main/resources/dynamicObjectRepository/tests_gui_google_B_Search_FlatTest_SHAFT_navigateToGoogleHomeAndAssertGoogleLogoIsDisplayed_By_xpath_img_id_hplogo_or_alt_Google.png"]. @09-01-2022 06:39:48.0002 AM
[ReportManager] File Action [ReadFromImageFile] successfully performed. With the following test data [File Path: "/home/runner/work/io.github.alidorgham/io.github.alidorgham/src/main/resources/dynamicObjectRepository/tests_gui_google_B_Search_FlatTest_SHAFT_navigateToGoogleHomeAndAssertGoogleLogoIsDisplayed_By_xpath_img_id_hplogo_or_alt_Google.png"]. @09-01-2022 06:39:48.0002 AM
[ReportManager] File Action [DoesFileExist] successfully performed. With the following test data [File Path: "src/main/resources/dynamicObjectRepository/tests_gui_google_B_Search_FlatTest_SHAFT_navigateToGoogleHomeAndAssertGoogleLogoIsDisplayed_By_xpath_img_id_hplogo_or_alt_Google.png"]. @09-01-2022 06:39:48.0341 AM
[ReportManager] File Action [DoesFileExist] successfully performed. With the following test data [File Path: "src/main/resources/dynamicObjectRepository/tests_gui_google_B_Search_FlatTest_SHAFT_navigateToGoogleHomeAndAssertGoogleLogoIsDisplayed_By_xpath_img_id_hplogo_or_alt_Google.png"]. @09-01-2022 06:39:48.0341 AM
[ReportManager] Loaded Shared OpenCV @09-01-2022 06:39:48.0862 AM
[ReportManager] Successfully identified the element using AI; OpenCV. @09-01-2022 06:39:48.0884 AM
[ReportManager] Assertion Passed: Asserting that the Google logo is displayed @09-01-2022 06:39:48.0887 AM
[ReportManager] Successfully created attachment [Validation Test Data - Reference Screenshot] @09-01-2022 06:39:48.0893 AM
[ReportManager] Successfully created attachment [Validation Test Data - Actual Screenshot] @09-01-2022 06:39:48.0893 AM
[ReportManager] Assertion [ValidateElementMatches] PASSED. Expected [Element should match the reference screenshot] and Actual [TRUE]. Comparison Type [EXACT_OPENCV]. Validation Type [POSITIVE]. @09-01-2022 06:39:48.0893 A
[ReportManager] Browser Action [CloseCurrentWindow] successfully performed. @09-01-2022 06:39:49.0146 AM
[ReportManager] Successfully created attachment [Browser Action Test Data - CloseCurrentWindow - Actual Value] @09-01-2022 06:39:49.0162 A
[ReportManager] File Action [GetAbsolutePath] successfully performed. With the following test data [Relative Folder Path: "target/downloadedFiles/"]. @09-01-2022 06:39:49.0181 AM
[ReportManager] Attempting to run remotely on: [Linux-64], [GoogleChrome], [http://localhost:4444/wd/hub], Headless Execution. @09-01-2022 06:39:49.0182 AM
[ReportManager] Successfully Opened [GoogleChrome]. @09-01-2022 06:39:49.0658 AM
[ReportManager] Target URL: [https://www.google.com/ncr], and after redirection: [https://www.google.com] @09-01-2022 06:39:49.0659 AM
[ReportManager] Initial URL: [data:,] @09-01-2022 06:39:49.0760 AM
[ReportManager] Browser Action [NavigateToURL] successfully performed. With the following test data [https://www.google.com/ncr]. @09-01-2022 06:39:50.0925 A

################################################################################################################################################
Starting Execution:	[2 out of 23] test cases in the current suite
Test Method:		[tests.gui.google.B_Search_FlatTest_SHAFT.navigateToGoogleHomeAndAssertPageTitle]
################################################################################################################################################
[ReportManager] Browser Action [GetCurrentWindowTitle] successfully performed. With the following test data [Google]. @09-01-2022 06:39:50.0994 AM
[ReportManager] Assertion Passed: Asserting that the page title is Google @09-01-2022 06:39:51.0803 AM
[ReportManager] Successfully created attachment [Screenshot - 1641710391271_navigateToGoogleHomeAndAssertPageTitle_ValidateBrowserAttribute_passed] @09-01-2022 06:39:51.0822 AM
[ReportManager] Assertion [ValidateBrowserAttribute] PASSED. Expected [Value Should be 'Google' for the 'Title' attribute] and Actual [Google]. Comparison Type [EQUALS]. Validation Type [POSITIVE]. @09-01-2022 06:39:51.0822 A
[ReportManager] Browser Action [CloseCurrentWindow] successfully performed. @09-01-2022 06:39:51.0993 AM
[ReportManager] Successfully created attachment [Browser Action Test Data - CloseCurrentWindow - Actual Value] @09-01-2022 06:39:51.0996 A
[ReportManager] File Action [GetAbsolutePath] successfully performed. With the following test data [Relative Folder Path: "target/downloadedFiles/"]. @09-01-2022 06:39:52.0013 AM
[ReportManager] Attempting to run remotely on: [Linux-64], [GoogleChrome], [http://localhost:4444/wd/hub], Headless Execution. @09-01-2022 06:39:52.0014 AM
[ReportManager] Successfully Opened [GoogleChrome]. @09-01-2022 06:39:52.0464 AM
[ReportManager] Target URL: [https://www.google.com/ncr], and after redirection: [https://www.google.com] @09-01-2022 06:39:52.0464 AM
[ReportManager] Initial URL: [data:,] @09-01-2022 06:39:52.0562 AM
[ReportManager] Browser Action [NavigateToURL] successfully performed. With the following test data [https://www.google.com/ncr]. @09-01-2022 06:39:53.0687 A

################################################################################################################################################
Starting Execution:	[3 out of 23] test cases in the current suite
Test Method:		[tests.gui.google.B_Search_FlatTest_SHAFT.searchForQueryAndAssertFirstResultTextIsCorrect]
################################################################################################################################################
[ReportManager] Element Action [Type] successfully performed. With the following test data [SHAFT_Engine]. @09-01-2022 06:39:54.0328 AM
[ReportManager] Element Action [KeyPress] successfully performed. With the following test data [ENTER]. @09-01-2022 06:39:56.0023 AM
[ReportManager] Element Action [GetText] successfully performed. With the following test data [SHAFT_ENGINE is a Test Automation Engine that ... - GitHub]. @09-01-2022 06:39:56.0182 AM
[ReportManager] Loaded Shared OpenCV @09-01-2022 06:39:56.0630 AM
[ReportManager] Assertion Failed: Asserting that the correct first result is displayed @09-01-2022 06:39:57.0026 AM
[ReportManager] Successfully created attachment [Screenshot - 1641710396630_searchForQueryAndAssertFirstResultTextIsCorrect_ValidateElementAttribute_failed] @09-01-2022 06:39:57.0036 AM
[ReportManager] Assertion [ValidateElementAttribute] FAILED. Expected [Value Should be 'MohabMohie' for the 'Text' attribute, element locator 'By.xpath: (//h1[contains(text(),'Search Result')]/following-sibling::div//a/h3)[1]'] and Actual [SHAFT_ENGINE is a Test Automation Engine that ... - GitHub]. Comparison Type [CONTAINS]. Validation Type [POSITIVE]. @09-01-2022 06:39:57.0036 A
[ReportManager] Browser Action [CloseCurrentWindow] successfully performed. @09-01-2022 06:39:57.0347 AM
[ReportManager] Successfully created attachment [Browser Action Test Data - CloseCurrentWindow - Actual Value] @09-01-2022 06:39:57.0362 A
[ReportManager] An Exception Occured with this Message: src/test/resources/testDataFiles/Google/SimpleSearch.xlsx (No such file or directory). @09-01-2022 06:39:57.0393 AM
[ReportManager] Successfully created attachment [Exception Stack Trace - java.io.FileNotFoundException] @09-01-2022 06:39:57.0394 AM
[ReportManager] Couldn't find the desired file. [src/test/resources/testDataFiles/Google/SimpleSearch.xlsx]. @09-01-2022 06:39:57.0394 A


################################################################################################################################################
Starting Execution:	[4 out of 23] test cases in the current suite
Test Method:		[tests.gui.google.G_Search_PageObjectModel_ThreadSafe.navigateToGoogleHomeAndAssertGoogleLogoIsDisplayed]
###############################################################################################################################################



################################################################################################################################################
Starting Execution:	[5 out of 23] test cases in the current suite
Test Method:		[tests.gui.google.G_Search_PageObjectModel_ThreadSafe.navigateToGoogleHomeAndAssertPageTitle]
###############################################################################################################################################



################################################################################################################################################
Starting Execution:	[6 out of 23] test cases in the current suite
Test Method:		[tests.gui.google.G_Search_PageObjectModel_ThreadSafe.searchForQueryAndAssertFirstResultTextIsCorrect]
###############################################################################################################################################

[ReportManager] File Action [GetAbsolutePath] successfully performed. With the following test data [Relative Folder Path: "target/downloadedFiles/"]. @09-01-2022 06:39:57.0436 AM
[ReportManager] Attempting to run remotely on: [Linux-64], [GoogleChrome], [http://localhost:4444/wd/hub], Headless Execution. @09-01-2022 06:39:57.0436 AM
[ReportManager] Successfully Opened [GoogleChrome]. @09-01-2022 06:39:57.0983 AM
[ReportManager] Target URL: [https://www.google.com/ncr], and after redirection: [https://www.google.com] @09-01-2022 06:39:57.0985 AM
[ReportManager] Initial URL: [data:,] @09-01-2022 06:39:58.0092 AM
[ReportManager] Browser Action [NavigateToURL] successfully performed. With the following test data [https://www.google.com/ncr]. @09-01-2022 06:39:59.0202 A

################################################################################################################################################
Starting Execution:	[7 out of 23] test cases in the current suite
Test Method:		[tests.gui.google.C_Search_PageObjectModel_Traditional.navigateToGoogleHomeAndAssertGoogleLogoIsDisplayed]
################################################################################################################################################
[ReportManager] Element Action [IsElementDisplayed] successfully performed. @09-01-2022 06:39:59.0367 AM
[ReportManager] Assertion Passed: Asserting that the Google logo is displayed @09-01-2022 06:39:59.0367 AM
[ReportManager] Assertion [ValidateTrue] PASSED. Expected [TRUE] and Actual [TRUE]. Validation Type [POSITIVE]. @09-01-2022 06:39:59.0368 A
[ReportManager] Browser Action [CloseCurrentWindow] successfully performed. @09-01-2022 06:39:59.0488 AM
[ReportManager] Successfully created attachment [Browser Action Test Data - CloseCurrentWindow - Actual Value] @09-01-2022 06:39:59.0489 A
[ReportManager] File Action [GetAbsolutePath] successfully performed. With the following test data [Relative Folder Path: "target/downloadedFiles/"]. @09-01-2022 06:39:59.0492 AM
[ReportManager] Attempting to run remotely on: [Linux-64], [GoogleChrome], [http://localhost:4444/wd/hub], Headless Execution. @09-01-2022 06:39:59.0492 AM
[ReportManager] Successfully Opened [GoogleChrome]. @09-01-2022 06:39:59.0769 AM
[ReportManager] Target URL: [https://www.google.com/ncr], and after redirection: [https://www.google.com] @09-01-2022 06:39:59.0769 AM
[ReportManager] Initial URL: [data:,] @09-01-2022 06:39:59.0862 AM
[ReportManager] Browser Action [NavigateToURL] successfully performed. With the following test data [https://www.google.com/ncr]. @09-01-2022 06:40:03.0532 A

################################################################################################################################################
Starting Execution:	[8 out of 23] test cases in the current suite
Test Method:		[tests.gui.google.C_Search_PageObjectModel_Traditional.navigateToGoogleHomeAndAssertPageTitle]
################################################################################################################################################
[ReportManager] Browser Action [GetCurrentWindowTitle] successfully performed. With the following test data [Google]. @09-01-2022 06:40:03.0596 AM
[ReportManager] Assertion Passed: Asserting that the page title is Google @09-01-2022 06:40:03.0597 AM
[ReportManager] Assertion [ValidateEquals] PASSED. Expected [Google] and Actual [Google]. Comparison Type [EQUALS]. Validation Type [POSITIVE]. @09-01-2022 06:40:03.0597 A
[ReportManager] Browser Action [CloseCurrentWindow] successfully performed. @09-01-2022 06:40:03.0800 AM
[ReportManager] Successfully created attachment [Browser Action Test Data - CloseCurrentWindow - Actual Value] @09-01-2022 06:40:03.0801 A
[ReportManager] File Action [GetAbsolutePath] successfully performed. With the following test data [Relative Folder Path: "target/downloadedFiles/"]. @09-01-2022 06:40:03.0809 AM
[ReportManager] Attempting to run remotely on: [Linux-64], [GoogleChrome], [http://localhost:4444/wd/hub], Headless Execution. @09-01-2022 06:40:03.0810 AM
[ReportManager] Successfully Opened [GoogleChrome]. @09-01-2022 06:40:04.0060 AM
[ReportManager] Target URL: [https://www.google.com/ncr], and after redirection: [https://www.google.com] @09-01-2022 06:40:04.0060 AM
[ReportManager] Initial URL: [data:,] @09-01-2022 06:40:04.0181 AM
[ReportManager] Browser Action [NavigateToURL] successfully performed. With the following test data [https://www.google.com/ncr]. @09-01-2022 06:40:05.0199 A

################################################################################################################################################
Starting Execution:	[9 out of 23] test cases in the current suite
Test Method:		[tests.gui.google.C_Search_PageObjectModel_Traditional.searchForQueryAndAssertFirstResultTextIsCorrect]
################################################################################################################################################
[ReportManager] Element Action [Type] successfully performed. With the following test data [SHAFT_Engine]. @09-01-2022 06:40:05.0734 AM
[ReportManager] Element Action [KeyPress] successfully performed. With the following test data [ENTER]. @09-01-2022 06:40:07.0614 AM
[ReportManager] Element Action [GetText] successfully performed. With the following test data [SHAFT_ENGINE is a Test Automation Engine that ... - GitHub]. @09-01-2022 06:40:07.0763 AM
[ReportManager] Assertion Failed: Asserting that the correct first result is displayed @09-01-2022 06:40:07.0763 AM
[ReportManager] Assertion [ValidateEquals] FAILED. Expected [MohabMohie] and Actual [SHAFT_ENGINE is a Test Automation Engine that ... - GitHub]. Comparison Type [CONTAINS]. Validation Type [POSITIVE]. @09-01-2022 06:40:07.0763 A
[ReportManager] Browser Action [CloseCurrentWindow] successfully performed. @09-01-2022 06:40:08.0035 AM
[ReportManager] Successfully created attachment [Browser Action Test Data - CloseCurrentWindow - Actual Value] @09-01-2022 06:40:08.0041 A
[ReportManager] An Exception Occured with this Message: src/test/resources/testDataFiles/Google/SimpleSearch.xlsx (No such file or directory). @09-01-2022 06:40:08.0048 AM
[ReportManager] Successfully created attachment [Exception Stack Trace - java.io.FileNotFoundException] @09-01-2022 06:40:08.0049 AM
[ReportManager] Couldn't find the desired file. [src/test/resources/testDataFiles/Google/SimpleSearch.xlsx]. @09-01-2022 06:40:08.0050 A


################################################################################################################################################
Starting Execution:	[10 out of 23] test cases in the current suite
Test Method:		[tests.gui.google.F_Search_PageObjectModel_Fluent.navigateToGoogleHomeAndAssertGoogleLogoIsDisplayed]
###############################################################################################################################################



################################################################################################################################################
Starting Execution:	[11 out of 23] test cases in the current suite
Test Method:		[tests.gui.google.F_Search_PageObjectModel_Fluent.navigateToGoogleHomeAndAssertPageTitle]
###############################################################################################################################################



################################################################################################################################################
Starting Execution:	[12 out of 23] test cases in the current suite
Test Method:		[tests.gui.google.F_Search_PageObjectModel_Fluent.searchForQueryAndAssertFirstResultTextIsCorrect]
###############################################################################################################################################

[ReportManager] An Exception Occured with this Message: src/test/resources/testDataFiles/Google/SimpleSearch.xlsx (No such file or directory). @09-01-2022 06:40:08.0103 AM
[ReportManager] Successfully created attachment [Exception Stack Trace - java.io.FileNotFoundException] @09-01-2022 06:40:08.0104 AM
[ReportManager] Couldn't find the desired file. [src/test/resources/testDataFiles/Google/SimpleSearch.xlsx]. @09-01-2022 06:40:08.0104 A


################################################################################################################################################
Starting Execution:	[13 out of 23] test cases in the current suite
Test Method:		[tests.gui.google.E_Search_PageObjectModel_Traditional_SHAFTAssertions.navigateToGoogleHomeAndAssertGoogleLogoIsDisplayed]
###############################################################################################################################################



################################################################################################################################################
Starting Execution:	[14 out of 23] test cases in the current suite
Test Method:		[tests.gui.google.E_Search_PageObjectModel_Traditional_SHAFTAssertions.navigateToGoogleHomeAndAssertPageTitle]
###############################################################################################################################################



################################################################################################################################################
Starting Execution:	[15 out of 23] test cases in the current suite
Test Method:		[tests.gui.google.E_Search_PageObjectModel_Traditional_SHAFTAssertions.searchForQueryAndAssertFirstResultTextIsCorrect]
###############################################################################################################################################

[ReportManager] An Exception Occured with this Message: src/test/resources/testDataFiles/Google/SimpleSearch.xlsx (No such file or directory). @09-01-2022 06:40:08.0136 AM
[ReportManager] Successfully created attachment [Exception Stack Trace - java.io.FileNotFoundException] @09-01-2022 06:40:08.0136 AM
[ReportManager] Couldn't find the desired file. [src/test/resources/testDataFiles/Google/SimpleSearch.xlsx]. @09-01-2022 06:40:08.0137 A


################################################################################################################################################
Starting Execution:	[16 out of 23] test cases in the current suite
Test Method:		[tests.gui.google.D_Search_PageObjectModel_Traditional_DataDriven.navigateToGoogleHomeAndAssertGoogleLogoIsDisplayed]
###############################################################################################################################################



################################################################################################################################################
Starting Execution:	[17 out of 23] test cases in the current suite
Test Method:		[tests.gui.google.D_Search_PageObjectModel_Traditional_DataDriven.navigateToGoogleHomeAndAssertPageTitle]
###############################################################################################################################################



################################################################################################################################################
Starting Execution:	[18 out of 23] test cases in the current suite
Test Method:		[tests.gui.google.D_Search_PageObjectModel_Traditional_DataDriven.searchForQueryAndAssertFirstResultTextIsCorrect]
###############################################################################################################################################




################################################################################################################################################
Starting Execution:	[19 out of 23] test cases in the current suite
Test Method:		[tests.gui.google.A_Search_FlatTest_NativeSeleniumWebDriver.navigateToGoogleHomeAndAssertGoogleLogoIsDisplayed]
###############################################################################################################################################



################################################################################################################################################
Starting Execution:	[20 out of 23] test cases in the current suite
Test Method:		[tests.gui.google.A_Search_FlatTest_NativeSeleniumWebDriver.navigateToGoogleHomeAndAssertPageTitle]
###############################################################################################################################################



################################################################################################################################################
Starting Execution:	[21 out of 23] test cases in the current suite
Test Method:		[tests.gui.google.A_Search_FlatTest_NativeSeleniumWebDriver.searchForQueryAndAssertFirstResultTextIsCorrect]
###############################################################################################################################################


################################################################################################################################################
Starting Execution:	[22 out of 23] test cases in the current suite
Test Method:		[tests.api.users.UserData.validateUserEmail]
################################################################################################################################################
[ReportManager] Response status code: [200], status line: [HTTP/1.1 200 OK] @09-01-2022 06:40:35.0372 AM
[ReportManager] Assertion Passed: Evaluating the actual response status code against the expected one... @09-01-2022 06:40:35.0378 AM
[ReportManager] Assertion [ValidateComparativeRelation] PASSED. Expected [200] and Actual [200]. Comparison Type [EQUALS]. Validation Type [POSITIVE]. @09-01-2022 06:40:35.0378 AM
[ReportManager] API Action [PerformRequest] successfully performed. With the following test data [Request Type: "GET" | Target Status Code: "200" | Service URL: "https://jsonplaceholder.typicode.com/users" | Content Type: "*/*" | Response Time: "902ms"]. @09-01-2022 06:40:36.0641 AM
[ReportManager] Successfully created attachment [API Request - Specifications] @09-01-2022 06:40:36.0642 AM
[ReportManager] Successfully created attachment [API Response - JSON Body] @09-01-2022 06:40:36.0938 AM
[ReportManager] Assertion [ValidateEquals] PASSED. Expected and Actual values are attached. Comparison Type [CONTAINS]. Validation Type [POSITIVE]. @09-01-2022 06:40:36.0939 AM
[ReportManager] Successfully created attachment [Validation Test Data - Expected Value] @09-01-2022 06:40:36.0939 AM
[ReportManager] Successfully created attachment [Validation Test Data - Actual Value] @09-01-2022 06:40:36.0940 AM
[ReportManager] API Action [GetResponseJSONValueAsList] successfully performed. With the following test data [$]. @09-01-2022 06:40:36.0970 AM
[ReportManager] API Action [GetResponseJSONValue] successfully performed. With the following test data [name]. @09-01-2022 06:40:37.0004 AM
[ReportManager] API Action [GetResponseJSONValue] successfully performed. With the following test data [email]. @09-01-2022 06:40:37.0032 AM
[ReportManager] Assertion [ValidateEquals] PASSED. Expected [Sincere@april.biz] and Actual [Sincere@april.biz]. Comparison Type [EQUALS]. Validation Type [POSITIVE]. @09-01-2022 06:40:37.0032 AM
[ReportManager] API Action [GetResponseJSONValue] successfully performed. With the following test data [name]. @09-01-2022 06:40:37.0056 AM
[ReportManager] API Action [GetResponseJSONValue] successfully performed. With the following test data [name]. @09-01-2022 06:40:37.0069 AM
[ReportManager] API Action [GetResponseJSONValue] successfully performed. With the following test data [name]. @09-01-2022 06:40:37.0081 AM
[ReportManager] API Action [GetResponseJSONValue] successfully performed. With the following test data [name]. @09-01-2022 06:40:37.0107 AM
[ReportManager] API Action [GetResponseJSONValue] successfully performed. With the following test data [name]. @09-01-2022 06:40:37.0125 AM
[ReportManager] API Action [GetResponseJSONValue] successfully performed. With the following test data [name]. @09-01-2022 06:40:37.0143 AM
[ReportManager] API Action [GetResponseJSONValue] successfully performed. With the following test data [name]. @09-01-2022 06:40:37.0159 AM
[ReportManager] API Action [GetResponseJSONValue] successfully performed. With the following test data [name]. @09-01-2022 06:40:37.0175 AM
[ReportManager] API Action [GetResponseJSONValue] successfully performed. With the following test data [name]. @09-01-2022 06:40:37.0194 A

################################################################################################################################################
Starting Execution:	[23 out of 23] test cases in the current suite
Test Method:		[tests.cli.demo.cliTest.sampleTestCase]
################################################################################################################################################
[ReportManager] Attempting to perform the following command locally. Command: [ls] @09-01-2022 06:40:37.0219 AM
[ReportManager] Terminal Action [PerformTerminalCommands] successfully performed. With the following test data [Host Name: "localHost" | Command: "ls" | Exit Status: "0"]. @09-01-2022 06:40:37.0231 AM
[ReportManager] Successfully created attachment [Terminal Action Actual Result - Command Log] @09-01-2022 06:40:37.0232 AM
[ReportManager] Assertion Passed: Demoing local terminal actions @09-01-2022 06:40:37.0233 AM
[ReportManager] Assertion [ValidateEquals] PASSED. Expected [pom.xml] and Actual [LICENSE
README.md
allure-results
docker-compose_native.yml
docker-compose_zalenium.yml
extent-reports
pom.xml
readMeImgs
src
target]. Comparison Type [CONTAINS]. Validation Type [POSITIVE]. @09-01-2022 06:40:37.0233 A
[ReportManager] Successfully created attachment [SHAFT Engine Logs - Execution log] @09-01-2022 06:40:37.0266 AM

################################################################################################################################################
This test run was powered by SHAFT Engine Version: [SHAFT Engine v5.4.20211117-BETA]
SHAFT Engine is licensed under the MIT License: [https://github.com/MohabMohie/SHAFT_ENGINE/blob/master/LICENSE].
################################################################################################################################################