################################################################################################################################################
Detected SHAFT Engine Version: [SHAFT Engine v5.4.20211117-BETA]
################################################################################################################################################

################################################################################################################################################
Starting Execution:	[1 out of 23] test cases in the current suite
Test Method:		[tests.api.users.UserData.validateUserEmail]
################################################################################################################################################
[ReportManager] Response status code: [200], status line: [HTTP/1.1 200 OK] @02-12-2021 01:30:34.0479 AM
[ReportManager] Assertion Passed: Evaluating the actual response status code against the expected one... @02-12-2021 01:30:34.0488 AM
[ReportManager] Assertion [ValidateComparativeRelation] PASSED. Expected [200] and Actual [200]. Comparison Type [EQUALS]. Validation Type [POSITIVE]. @02-12-2021 01:30:34.0492 AM
[ReportManager] API Action [PerformRequest] successfully performed. With the following test data [Request Type: "GET" | Target Status Code: "200" | Service URL: "https://jsonplaceholder.typicode.com/users" | Content Type: "*/*" | Response Time: "1052ms"]. @02-12-2021 01:30:35.0580 AM
[ReportManager] Successfully created attachment [API Request - Specifications] @02-12-2021 01:30:35.0581 AM
[ReportManager] Successfully created attachment [API Response - JSON Body] @02-12-2021 01:30:35.0796 AM
[ReportManager] Assertion [ValidateEquals] PASSED. Expected and Actual values are attached. Comparison Type [CONTAINS]. Validation Type [POSITIVE]. @02-12-2021 01:30:35.0803 AM
[ReportManager] Successfully created attachment [Validation Test Data - Expected Value] @02-12-2021 01:30:35.0804 AM
[ReportManager] Successfully created attachment [Validation Test Data - Actual Value] @02-12-2021 01:30:35.0804 AM
[ReportManager] API Action [GetResponseJSONValueAsList] successfully performed. With the following test data [$]. @02-12-2021 01:30:35.0829 AM
[ReportManager] API Action [GetResponseJSONValue] successfully performed. With the following test data [name]. @02-12-2021 01:30:35.0856 AM
[ReportManager] API Action [GetResponseJSONValue] successfully performed. With the following test data [email]. @02-12-2021 01:30:35.0883 AM
[ReportManager] Assertion [ValidateEquals] PASSED. Expected [Sincere@april.biz] and Actual [Sincere@april.biz]. Comparison Type [EQUALS]. Validation Type [POSITIVE]. @02-12-2021 01:30:35.0884 AM
[ReportManager] API Action [GetResponseJSONValue] successfully performed. With the following test data [name]. @02-12-2021 01:30:35.0911 AM
[ReportManager] API Action [GetResponseJSONValue] successfully performed. With the following test data [name]. @02-12-2021 01:30:35.0928 AM
[ReportManager] API Action [GetResponseJSONValue] successfully performed. With the following test data [name]. @02-12-2021 01:30:35.0944 AM
[ReportManager] API Action [GetResponseJSONValue] successfully performed. With the following test data [name]. @02-12-2021 01:30:35.0962 AM
[ReportManager] API Action [GetResponseJSONValue] successfully performed. With the following test data [name]. @02-12-2021 01:30:35.0981 AM
[ReportManager] API Action [GetResponseJSONValue] successfully performed. With the following test data [name]. @02-12-2021 01:30:36.0000 AM
[ReportManager] API Action [GetResponseJSONValue] successfully performed. With the following test data [name]. @02-12-2021 01:30:36.0016 AM
[ReportManager] API Action [GetResponseJSONValue] successfully performed. With the following test data [name]. @02-12-2021 01:30:36.0033 AM
[ReportManager] API Action [GetResponseJSONValue] successfully performed. With the following test data [name]. @02-12-2021 01:30:36.0050 A

################################################################################################################################################
Starting Execution:	[2 out of 23] test cases in the current suite
Test Method:		[tests.cli.demo.cliTest.sampleTestCase]
################################################################################################################################################
[ReportManager] Attempting to perform the following command locally. Command: [ls] @02-12-2021 01:30:36.0182 AM
[ReportManager] Terminal Action [PerformTerminalCommands] successfully performed. With the following test data [Host Name: "localHost" | Command: "ls" | Exit Status: "0"]. @02-12-2021 01:30:36.0198 AM
[ReportManager] Successfully created attachment [Terminal Action Actual Result - Command Log] @02-12-2021 01:30:36.0200 AM
[ReportManager] Assertion Passed: Demoing local terminal actions @02-12-2021 01:30:36.0203 AM
[ReportManager] Assertion [ValidateEquals] PASSED. Expected [pom.xml] and Actual [LICENSE
README.md
allure-results
docker-compose_native.yml
docker-compose_zalenium.yml
extent-reports
pom.xml
readMeImgs
src
target]. Comparison Type [CONTAINS]. Validation Type [POSITIVE]. @02-12-2021 01:30:36.0204 A
[ReportManager] An Exception Occured with this Message: src/test/resources/testDataFiles/Google/SimpleSearch.xlsx (No such file or directory). @02-12-2021 01:30:36.0218 AM
[ReportManager] Successfully created attachment [Exception Stack Trace - java.io.FileNotFoundException] @02-12-2021 01:30:36.0219 AM
[ReportManager] Couldn't find the desired file. [src/test/resources/testDataFiles/Google/SimpleSearch.xlsx]. @02-12-2021 01:30:36.0220 A


################################################################################################################################################
Starting Execution:	[3 out of 23] test cases in the current suite
Test Method:		[tests.gui.google.D_Search_PageObjectModel_Traditional_DataDriven.navigateToGoogleHomeAndAssertGoogleLogoIsDisplayed]
###############################################################################################################################################



################################################################################################################################################
Starting Execution:	[4 out of 23] test cases in the current suite
Test Method:		[tests.gui.google.D_Search_PageObjectModel_Traditional_DataDriven.navigateToGoogleHomeAndAssertPageTitle]
###############################################################################################################################################



################################################################################################################################################
Starting Execution:	[5 out of 23] test cases in the current suite
Test Method:		[tests.gui.google.D_Search_PageObjectModel_Traditional_DataDriven.searchForQueryAndAssertFirstResultTextIsCorrect]
###############################################################################################################################################

[ReportManager] An Exception Occured with this Message: src/test/resources/testDataFiles/Google/SimpleSearch.xlsx (No such file or directory). @02-12-2021 01:30:36.0282 AM
[ReportManager] Successfully created attachment [Exception Stack Trace - java.io.FileNotFoundException] @02-12-2021 01:30:36.0282 AM
[ReportManager] Couldn't find the desired file. [src/test/resources/testDataFiles/Google/SimpleSearch.xlsx]. @02-12-2021 01:30:36.0283 A


################################################################################################################################################
Starting Execution:	[6 out of 23] test cases in the current suite
Test Method:		[tests.gui.google.E_Search_PageObjectModel_Traditional_SHAFTAssertions.navigateToGoogleHomeAndAssertGoogleLogoIsDisplayed]
###############################################################################################################################################



################################################################################################################################################
Starting Execution:	[7 out of 23] test cases in the current suite
Test Method:		[tests.gui.google.E_Search_PageObjectModel_Traditional_SHAFTAssertions.navigateToGoogleHomeAndAssertPageTitle]
###############################################################################################################################################



################################################################################################################################################
Starting Execution:	[8 out of 23] test cases in the current suite
Test Method:		[tests.gui.google.E_Search_PageObjectModel_Traditional_SHAFTAssertions.searchForQueryAndAssertFirstResultTextIsCorrect]
###############################################################################################################################################

[ReportManager] File Action [GetAbsolutePath] successfully performed. With the following test data [Relative Folder Path: "target/downloadedFiles/"]. @02-12-2021 01:30:36.0326 AM
[ReportManager] Attempting to run remotely on: [Linux-64], [GoogleChrome], [http://localhost:4444/wd/hub], Headless Execution. @02-12-2021 01:30:36.0341 AM
[ReportManager] Successfully Opened [GoogleChrome]. @02-12-2021 01:30:38.0143 AM
[ReportManager] Target URL: [https://www.google.com/ncr], and after redirection: [https://www.google.com] @02-12-2021 01:30:38.0170 AM
[ReportManager] Initial URL: [data:,] @02-12-2021 01:30:38.0373 AM
[ReportManager] Browser Action [NavigateToURL] successfully performed. With the following test data [https://www.google.com/ncr]. @02-12-2021 01:30:40.0065 A

################################################################################################################################################
Starting Execution:	[9 out of 23] test cases in the current suite
Test Method:		[tests.gui.google.C_Search_PageObjectModel_Traditional.navigateToGoogleHomeAndAssertGoogleLogoIsDisplayed]
################################################################################################################################################
[ReportManager] Element Action [IsElementDisplayed] successfully performed. @02-12-2021 01:30:40.0232 AM
[ReportManager] Assertion Passed: Asserting that the Google logo is displayed @02-12-2021 01:30:40.0233 AM
[ReportManager] Assertion [ValidateTrue] PASSED. Expected [TRUE] and Actual [TRUE]. Validation Type [POSITIVE]. @02-12-2021 01:30:40.0233 A
[ReportManager] Browser Action [CloseCurrentWindow] successfully performed. @02-12-2021 01:30:40.0432 AM
[ReportManager] Successfully created attachment [Browser Action Test Data - CloseCurrentWindow - Actual Value] @02-12-2021 01:30:40.0451 A
[ReportManager] File Action [GetAbsolutePath] successfully performed. With the following test data [Relative Folder Path: "target/downloadedFiles/"]. @02-12-2021 01:30:40.0471 AM
[ReportManager] Attempting to run remotely on: [Linux-64], [GoogleChrome], [http://localhost:4444/wd/hub], Headless Execution. @02-12-2021 01:30:40.0474 AM
[ReportManager] Successfully Opened [GoogleChrome]. @02-12-2021 01:30:40.0893 AM
[ReportManager] Target URL: [https://www.google.com/ncr], and after redirection: [https://www.google.com] @02-12-2021 01:30:40.0893 AM
[ReportManager] Initial URL: [data:,] @02-12-2021 01:30:41.0000 AM
[ReportManager] Browser Action [NavigateToURL] successfully performed. With the following test data [https://www.google.com/ncr]. @02-12-2021 01:30:42.0798 A

################################################################################################################################################
Starting Execution:	[10 out of 23] test cases in the current suite
Test Method:		[tests.gui.google.C_Search_PageObjectModel_Traditional.navigateToGoogleHomeAndAssertPageTitle]
################################################################################################################################################
[ReportManager] Browser Action [GetCurrentWindowTitle] successfully performed. With the following test data [Google]. @02-12-2021 01:30:42.0863 AM
[ReportManager] Assertion Passed: Asserting that the page title is Google @02-12-2021 01:30:42.0863 AM
[ReportManager] Assertion [ValidateEquals] PASSED. Expected [Google] and Actual [Google]. Comparison Type [EQUALS]. Validation Type [POSITIVE]. @02-12-2021 01:30:42.0863 A
[ReportManager] Browser Action [CloseCurrentWindow] successfully performed. @02-12-2021 01:30:43.0083 AM
[ReportManager] Successfully created attachment [Browser Action Test Data - CloseCurrentWindow - Actual Value] @02-12-2021 01:30:43.0090 A
[ReportManager] File Action [GetAbsolutePath] successfully performed. With the following test data [Relative Folder Path: "target/downloadedFiles/"]. @02-12-2021 01:30:43.0112 AM
[ReportManager] Attempting to run remotely on: [Linux-64], [GoogleChrome], [http://localhost:4444/wd/hub], Headless Execution. @02-12-2021 01:30:43.0113 AM
[ReportManager] Successfully Opened [GoogleChrome]. @02-12-2021 01:30:43.0515 AM
[ReportManager] Target URL: [https://www.google.com/ncr], and after redirection: [https://www.google.com] @02-12-2021 01:30:43.0515 AM
[ReportManager] Initial URL: [data:,] @02-12-2021 01:30:43.0606 AM
[ReportManager] Browser Action [NavigateToURL] successfully performed. With the following test data [https://www.google.com/ncr]. @02-12-2021 01:30:44.0787 A

################################################################################################################################################
Starting Execution:	[11 out of 23] test cases in the current suite
Test Method:		[tests.gui.google.C_Search_PageObjectModel_Traditional.searchForQueryAndAssertFirstResultTextIsCorrect]
################################################################################################################################################
[ReportManager] Element Action [Type] successfully performed. With the following test data [SHAFT_Engine]. @02-12-2021 01:30:45.0264 AM
[ReportManager] Element Action [KeyPress] successfully performed. With the following test data [ENTER]. @02-12-2021 01:30:46.0967 AM
[ReportManager] Element Action [GetText] successfully performed. With the following test data [SHAFT: Unified Test Automation Engine - GitHub]. @02-12-2021 01:30:47.0164 AM
[ReportManager] Assertion Failed: Asserting that the correct first result is displayed @02-12-2021 01:30:47.0166 AM
[ReportManager] Assertion [ValidateEquals] FAILED. Expected [MohabMohie] and Actual [SHAFT: Unified Test Automation Engine - GitHub]. Comparison Type [CONTAINS]. Validation Type [POSITIVE]. @02-12-2021 01:30:47.0167 A
[ReportManager] Browser Action [CloseCurrentWindow] successfully performed. @02-12-2021 01:30:47.0598 AM
[ReportManager] Successfully created attachment [Browser Action Test Data - CloseCurrentWindow - Actual Value] @02-12-2021 01:30:47.0605 A



################################################################################################################################################
Starting Execution:	[12 out of 23] test cases in the current suite
Test Method:		[tests.gui.google.A_Search_FlatTest_NativeSeleniumWebDriver.navigateToGoogleHomeAndAssertGoogleLogoIsDisplayed]
###############################################################################################################################################



################################################################################################################################################
Starting Execution:	[13 out of 23] test cases in the current suite
Test Method:		[tests.gui.google.A_Search_FlatTest_NativeSeleniumWebDriver.navigateToGoogleHomeAndAssertPageTitle]
###############################################################################################################################################



################################################################################################################################################
Starting Execution:	[14 out of 23] test cases in the current suite
Test Method:		[tests.gui.google.A_Search_FlatTest_NativeSeleniumWebDriver.searchForQueryAndAssertFirstResultTextIsCorrect]
###############################################################################################################################################

[ReportManager] File Action [GetAbsolutePath] successfully performed. With the following test data [Relative Folder Path: "target/downloadedFiles/"]. @02-12-2021 01:31:07.0659 AM
[ReportManager] Attempting to run remotely on: [Linux-64], [GoogleChrome], [http://localhost:4444/wd/hub], Headless Execution. @02-12-2021 01:31:07.0659 AM
[ReportManager] Successfully Opened [GoogleChrome]. @02-12-2021 01:31:08.0138 AM
[ReportManager] Target URL: [https://www.google.com/ncr], and after redirection: [https://www.google.com] @02-12-2021 01:31:08.0138 AM
[ReportManager] Initial URL: [data:,] @02-12-2021 01:31:08.0226 AM
[ReportManager] Browser Action [NavigateToURL] successfully performed. With the following test data [https://www.google.com/ncr]. @02-12-2021 01:31:10.0066 A

################################################################################################################################################
Starting Execution:	[15 out of 23] test cases in the current suite
Test Method:		[tests.gui.google.B_Search_FlatTest_SHAFT.navigateToGoogleHomeAndAssertGoogleLogoIsDisplayed]
################################################################################################################################################
[ReportManager] File Action [DoesFileExist] successfully performed. With the following test data [File Path: "src/main/resources/dynamicObjectRepository/tests_gui_google_B_Search_FlatTest_SHAFT_navigateToGoogleHomeAndAssertGoogleLogoIsDisplayed_By_xpath_img_id_hplogo_or_alt_Google.png"]. @02-12-2021 01:31:10.0115 AM
[ReportManager] File Action [GetAbsolutePath] successfully performed. With the following test data [Relative Folder Path: "src/main/resources/dynamicObjectRepository/tests_gui_google_B_Search_FlatTest_SHAFT_navigateToGoogleHomeAndAssertGoogleLogoIsDisplayed_By_xpath_img_id_hplogo_or_alt_Google.png"]. @02-12-2021 01:31:10.0115 AM
[ReportManager] File Action [ReadFromImageFile] successfully performed. With the following test data [File Path: "/home/runner/work/io.github.alidorgham/io.github.alidorgham/src/main/resources/dynamicObjectRepository/tests_gui_google_B_Search_FlatTest_SHAFT_navigateToGoogleHomeAndAssertGoogleLogoIsDisplayed_By_xpath_img_id_hplogo_or_alt_Google.png"]. @02-12-2021 01:31:10.0125 AM
[ReportManager] File Action [DoesFileExist] successfully performed. With the following test data [File Path: "src/main/resources/dynamicObjectRepository/tests_gui_google_B_Search_FlatTest_SHAFT_navigateToGoogleHomeAndAssertGoogleLogoIsDisplayed_By_xpath_img_id_hplogo_or_alt_Google.png"]. @02-12-2021 01:31:10.0423 AM
[ReportManager] File Action [DoesFileExist] successfully performed. With the following test data [File Path: "src/main/resources/dynamicObjectRepository/tests_gui_google_B_Search_FlatTest_SHAFT_navigateToGoogleHomeAndAssertGoogleLogoIsDisplayed_By_xpath_img_id_hplogo_or_alt_Google.png"]. @02-12-2021 01:31:10.0424 AM
[ReportManager] Loaded Shared OpenCV @02-12-2021 01:31:10.0850 AM
[ReportManager] Successfully identified the element using AI; OpenCV. @02-12-2021 01:31:10.0875 AM
[ReportManager] Assertion Passed: Asserting that the Google logo is displayed @02-12-2021 01:31:10.0878 AM
[ReportManager] Successfully created attachment [Validation Test Data - Reference Screenshot] @02-12-2021 01:31:10.0881 AM
[ReportManager] Successfully created attachment [Validation Test Data - Actual Screenshot] @02-12-2021 01:31:10.0881 AM
[ReportManager] Assertion [ValidateElementMatches] PASSED. Expected [Element should match the reference screenshot] and Actual [TRUE]. Comparison Type [EXACT_OPENCV]. Validation Type [POSITIVE]. @02-12-2021 01:31:10.0881 A
[ReportManager] Browser Action [CloseCurrentWindow] successfully performed. @02-12-2021 01:31:11.0099 AM
[ReportManager] Successfully created attachment [Browser Action Test Data - CloseCurrentWindow - Actual Value] @02-12-2021 01:31:11.0101 A
[ReportManager] File Action [GetAbsolutePath] successfully performed. With the following test data [Relative Folder Path: "target/downloadedFiles/"]. @02-12-2021 01:31:11.0108 AM
[ReportManager] Attempting to run remotely on: [Linux-64], [GoogleChrome], [http://localhost:4444/wd/hub], Headless Execution. @02-12-2021 01:31:11.0110 AM
[ReportManager] Successfully Opened [GoogleChrome]. @02-12-2021 01:31:11.0332 AM
[ReportManager] Target URL: [https://www.google.com/ncr], and after redirection: [https://www.google.com] @02-12-2021 01:31:11.0332 AM
[ReportManager] Initial URL: [data:,] @02-12-2021 01:31:11.0423 AM
[ReportManager] Browser Action [NavigateToURL] successfully performed. With the following test data [https://www.google.com/ncr]. @02-12-2021 01:31:12.0736 A

################################################################################################################################################
Starting Execution:	[16 out of 23] test cases in the current suite
Test Method:		[tests.gui.google.B_Search_FlatTest_SHAFT.navigateToGoogleHomeAndAssertPageTitle]
################################################################################################################################################
[ReportManager] Browser Action [GetCurrentWindowTitle] successfully performed. With the following test data [Google]. @02-12-2021 01:31:12.0807 AM
[ReportManager] Assertion Passed: Asserting that the page title is Google @02-12-2021 01:31:13.0445 AM
[ReportManager] Successfully created attachment [Screenshot - 1638408673033_navigateToGoogleHomeAndAssertPageTitle_ValidateBrowserAttribute_passed] @02-12-2021 01:31:13.0451 AM
[ReportManager] Assertion [ValidateBrowserAttribute] PASSED. Expected [Value Should be 'Google' for the 'Title' attribute] and Actual [Google]. Comparison Type [EQUALS]. Validation Type [POSITIVE]. @02-12-2021 01:31:13.0451 A
[ReportManager] Browser Action [CloseCurrentWindow] successfully performed. @02-12-2021 01:31:13.0590 AM
[ReportManager] Successfully created attachment [Browser Action Test Data - CloseCurrentWindow - Actual Value] @02-12-2021 01:31:13.0591 A
[ReportManager] File Action [GetAbsolutePath] successfully performed. With the following test data [Relative Folder Path: "target/downloadedFiles/"]. @02-12-2021 01:31:13.0603 AM
[ReportManager] Attempting to run remotely on: [Linux-64], [GoogleChrome], [http://localhost:4444/wd/hub], Headless Execution. @02-12-2021 01:31:13.0604 AM
[ReportManager] Successfully Opened [GoogleChrome]. @02-12-2021 01:31:13.0832 AM
[ReportManager] Target URL: [https://www.google.com/ncr], and after redirection: [https://www.google.com] @02-12-2021 01:31:13.0832 AM
[ReportManager] Initial URL: [data:,] @02-12-2021 01:31:13.0929 AM
[ReportManager] Browser Action [NavigateToURL] successfully performed. With the following test data [https://www.google.com/ncr]. @02-12-2021 01:31:15.0134 A

################################################################################################################################################
Starting Execution:	[17 out of 23] test cases in the current suite
Test Method:		[tests.gui.google.B_Search_FlatTest_SHAFT.searchForQueryAndAssertFirstResultTextIsCorrect]
################################################################################################################################################
[ReportManager] Element Action [Type] successfully performed. With the following test data [SHAFT_Engine]. @02-12-2021 01:31:15.0597 AM
[ReportManager] Element Action [KeyPress] successfully performed. With the following test data [ENTER]. @02-12-2021 01:31:17.0349 AM
[ReportManager] Element Action [GetText] successfully performed. With the following test data [SHAFT: Unified Test Automation Engine - GitHub]. @02-12-2021 01:31:17.0477 AM
[ReportManager] Loaded Shared OpenCV @02-12-2021 01:31:17.0861 AM
[ReportManager] Assertion Failed: Asserting that the correct first result is displayed @02-12-2021 01:31:18.0153 AM
[ReportManager] Successfully created attachment [Screenshot - 1638408677861_searchForQueryAndAssertFirstResultTextIsCorrect_ValidateElementAttribute_failed] @02-12-2021 01:31:18.0169 AM
[ReportManager] Assertion [ValidateElementAttribute] FAILED. Expected [Value Should be 'MohabMohie' for the 'Text' attribute, element locator 'By.xpath: (//h1[contains(text(),'Search Result')]/following-sibling::div//a/h3)[1]'] and Actual [SHAFT: Unified Test Automation Engine - GitHub]. Comparison Type [CONTAINS]. Validation Type [POSITIVE]. @02-12-2021 01:31:18.0169 A
[ReportManager] Browser Action [CloseCurrentWindow] successfully performed. @02-12-2021 01:31:18.0481 AM
[ReportManager] Successfully created attachment [Browser Action Test Data - CloseCurrentWindow - Actual Value] @02-12-2021 01:31:18.0484 A
[ReportManager] An Exception Occured with this Message: src/test/resources/testDataFiles/Google/SimpleSearch.xlsx (No such file or directory). @02-12-2021 01:31:18.0490 AM
[ReportManager] Successfully created attachment [Exception Stack Trace - java.io.FileNotFoundException] @02-12-2021 01:31:18.0490 AM
[ReportManager] Couldn't find the desired file. [src/test/resources/testDataFiles/Google/SimpleSearch.xlsx]. @02-12-2021 01:31:18.0490 A


################################################################################################################################################
Starting Execution:	[18 out of 23] test cases in the current suite
Test Method:		[tests.gui.google.F_Search_PageObjectModel_Fluent.navigateToGoogleHomeAndAssertGoogleLogoIsDisplayed]
###############################################################################################################################################



################################################################################################################################################
Starting Execution:	[19 out of 23] test cases in the current suite
Test Method:		[tests.gui.google.F_Search_PageObjectModel_Fluent.navigateToGoogleHomeAndAssertPageTitle]
###############################################################################################################################################



################################################################################################################################################
Starting Execution:	[20 out of 23] test cases in the current suite
Test Method:		[tests.gui.google.F_Search_PageObjectModel_Fluent.searchForQueryAndAssertFirstResultTextIsCorrect]
###############################################################################################################################################

[ReportManager] An Exception Occured with this Message: src/test/resources/testDataFiles/Google/SimpleSearch.xlsx (No such file or directory). @02-12-2021 01:31:18.0508 AM
[ReportManager] Successfully created attachment [Exception Stack Trace - java.io.FileNotFoundException] @02-12-2021 01:31:18.0508 AM
[ReportManager] Couldn't find the desired file. [src/test/resources/testDataFiles/Google/SimpleSearch.xlsx]. @02-12-2021 01:31:18.0508 A


################################################################################################################################################
Starting Execution:	[21 out of 23] test cases in the current suite
Test Method:		[tests.gui.google.G_Search_PageObjectModel_ThreadSafe.navigateToGoogleHomeAndAssertGoogleLogoIsDisplayed]
###############################################################################################################################################



################################################################################################################################################
Starting Execution:	[22 out of 23] test cases in the current suite
Test Method:		[tests.gui.google.G_Search_PageObjectModel_ThreadSafe.navigateToGoogleHomeAndAssertPageTitle]
###############################################################################################################################################



################################################################################################################################################
Starting Execution:	[23 out of 23] test cases in the current suite
Test Method:		[tests.gui.google.G_Search_PageObjectModel_ThreadSafe.searchForQueryAndAssertFirstResultTextIsCorrect]
###############################################################################################################################################

[ReportManager] Successfully created attachment [SHAFT Engine Logs - Execution log] @02-12-2021 01:31:18.0540 AM

################################################################################################################################################
This test run was powered by SHAFT Engine Version: [SHAFT Engine v5.4.20211117-BETA]
SHAFT Engine is licensed under the MIT License: [https://github.com/MohabMohie/SHAFT_ENGINE/blob/master/LICENSE].
################################################################################################################################################