{
  "uid" : "8a82adf35e81b15",
  "name" : "beforeClass",
  "fullName" : "tests.gui.google.F_Search_PageObjectModel_Fluent.beforeClass",
  "historyId" : "cf27456c68b7ce5e1fff35cfeef54ed6",
  "time" : {
    "start" : 1639272968376,
    "stop" : 1639272968376,
    "duration" : 0
  },
  "status" : "failed",
  "statusMessage" : "Couldn't find the desired file. [src/test/resources/testDataFiles/Google/SimpleSearch.xlsx].",
  "statusTrace" : "java.lang.AssertionError: Couldn't find the desired file. [src/test/resources/testDataFiles/Google/SimpleSearch.xlsx].\n\tat org.testng.Assert.fail(Assert.java:99)\n\tat com.shaft.tools.io.ExcelFileManager.<init>(ExcelFileManager.java:48)\n\tat tests.gui.google.F_Search_PageObjectModel_Fluent.beforeClass(F_Search_PageObjectModel_Fluent.java:44)\n\tat java.base/jdk.internal.reflect.NativeMethodAccessorImpl.invoke0(Native Method)\n\tat java.base/jdk.internal.reflect.NativeMethodAccessorImpl.invoke(NativeMethodAccessorImpl.java:77)\n\tat java.base/jdk.internal.reflect.DelegatingMethodAccessorImpl.invoke(DelegatingMethodAccessorImpl.java:43)\n\tat java.base/java.lang.reflect.Method.invoke(Method.java:568)\n\tat org.testng.internal.MethodInvocationHelper.invokeMethod(MethodInvocationHelper.java:133)\n\tat org.testng.internal.MethodInvocationHelper.invokeMethodConsideringTimeout(MethodInvocationHelper.java:62)\n\tat org.testng.internal.ConfigInvoker.invokeConfigurationMethod(ConfigInvoker.java:385)\n\tat org.testng.internal.ConfigInvoker.invokeConfigurations(ConfigInvoker.java:321)\n\tat org.testng.internal.TestMethodWorker.invokeBeforeClassMethods(TestMethodWorker.java:176)\n\tat org.testng.internal.TestMethodWorker.run(TestMethodWorker.java:122)\n\tat java.base/java.util.ArrayList.forEach(ArrayList.java:1511)\n\tat org.testng.TestRunner.privateRun(TestRunner.java:794)\n\tat org.testng.TestRunner.run(TestRunner.java:596)\n\tat org.testng.SuiteRunner.runTest(SuiteRunner.java:377)\n\tat org.testng.SuiteRunner.runSequentially(SuiteRunner.java:371)\n\tat org.testng.SuiteRunner.privateRun(SuiteRunner.java:332)\n\tat org.testng.SuiteRunner.run(SuiteRunner.java:276)\n\tat org.testng.SuiteRunnerWorker.runSuite(SuiteRunnerWorker.java:53)\n\tat org.testng.SuiteRunnerWorker.run(SuiteRunnerWorker.java:96)\n\tat org.testng.TestNG.runSuitesSequentially(TestNG.java:1212)\n\tat org.testng.TestNG.runSuitesLocally(TestNG.java:1134)\n\tat org.testng.TestNG.runSuites(TestNG.java:1063)\n\tat org.testng.TestNG.run(TestNG.java:1031)\n\tat org.apache.maven.surefire.testng.TestNGExecutor.run(TestNGExecutor.java:136)\n\tat org.apache.maven.surefire.testng.TestNGDirectoryTestSuite.executeMulti(TestNGDirectoryTestSuite.java:193)\n\tat org.apache.maven.surefire.testng.TestNGDirectoryTestSuite.execute(TestNGDirectoryTestSuite.java:94)\n\tat org.apache.maven.surefire.testng.TestNGProvider.invoke(TestNGProvider.java:145)\n\tat org.apache.maven.surefire.booter.ForkedBooter.runSuitesInProcess(ForkedBooter.java:428)\n\tat org.apache.maven.surefire.booter.ForkedBooter.execute(ForkedBooter.java:162)\n\tat org.apache.maven.surefire.booter.ForkedBooter.run(ForkedBooter.java:562)\n\tat org.apache.maven.surefire.booter.ForkedBooter.main(ForkedBooter.java:548)\n",
  "flaky" : false,
  "newFailed" : false,
  "beforeStages" : [ {
    "name" : "setupActivities",
    "time" : {
      "start" : 1639272908601,
      "stop" : 1639272909528,
      "duration" : 927
    },
    "description" : "",
    "status" : "passed",
    "steps" : [ {
      "name" : "Folder [extent-reports] was not found, it may have already been deleted.",
      "time" : {
        "start" : 1639272908780,
        "stop" : 1639272908782,
        "duration" : 2
      },
      "status" : "passed",
      "steps" : [ ],
      "attachments" : [ ],
      "parameters" : [ {
        "name" : "actionCounter",
        "value" : "1"
      }, {
        "name" : "logText",
        "value" : "Folder [extent-reports] was not found, it may have already been deleted."
      } ],
      "shouldDisplayMessage" : false,
      "hasContent" : true,
      "stepsCount" : 0,
      "attachmentsCount" : 0
    } ],
    "attachments" : [ {
      "uid" : "401d58817defd3c5",
      "name" : "Attachment: SHAFT Links - Important",
      "source" : "401d58817defd3c5.uri",
      "type" : "text/uri-list",
      "size" : 346
    }, {
      "uid" : "6812bcc348f1a8e9",
      "name" : "Attachment: Properties - ExecutionPlatform",
      "source" : "6812bcc348f1a8e9.properties",
      "type" : "text/plain",
      "size" : 394
    } ],
    "parameters" : [ ],
    "shouldDisplayMessage" : false,
    "hasContent" : true,
    "stepsCount" : 1,
    "attachmentsCount" : 2
  }, {
    "name" : "beforeClass",
    "time" : {
      "start" : 1639272968360,
      "stop" : 1639272968372,
      "duration" : 12
    },
    "description" : "",
    "status" : "failed",
    "statusMessage" : "Couldn't find the desired file. [src/test/resources/testDataFiles/Google/SimpleSearch.xlsx].",
    "statusTrace" : "java.lang.AssertionError: Couldn't find the desired file. [src/test/resources/testDataFiles/Google/SimpleSearch.xlsx].\n\tat org.testng.Assert.fail(Assert.java:99)\n\tat com.shaft.tools.io.ExcelFileManager.<init>(ExcelFileManager.java:48)\n\tat tests.gui.google.F_Search_PageObjectModel_Fluent.beforeClass(F_Search_PageObjectModel_Fluent.java:44)\n\tat java.base/jdk.internal.reflect.NativeMethodAccessorImpl.invoke0(Native Method)\n\tat java.base/jdk.internal.reflect.NativeMethodAccessorImpl.invoke(NativeMethodAccessorImpl.java:77)\n\tat java.base/jdk.internal.reflect.DelegatingMethodAccessorImpl.invoke(DelegatingMethodAccessorImpl.java:43)\n\tat java.base/java.lang.reflect.Method.invoke(Method.java:568)\n\tat org.testng.internal.MethodInvocationHelper.invokeMethod(MethodInvocationHelper.java:133)\n\tat org.testng.internal.MethodInvocationHelper.invokeMethodConsideringTimeout(MethodInvocationHelper.java:62)\n\tat org.testng.internal.ConfigInvoker.invokeConfigurationMethod(ConfigInvoker.java:385)\n\tat org.testng.internal.ConfigInvoker.invokeConfigurations(ConfigInvoker.java:321)\n\tat org.testng.internal.TestMethodWorker.invokeBeforeClassMethods(TestMethodWorker.java:176)\n\tat org.testng.internal.TestMethodWorker.run(TestMethodWorker.java:122)\n\tat java.base/java.util.ArrayList.forEach(ArrayList.java:1511)\n\tat org.testng.TestRunner.privateRun(TestRunner.java:794)\n\tat org.testng.TestRunner.run(TestRunner.java:596)\n\tat org.testng.SuiteRunner.runTest(SuiteRunner.java:377)\n\tat org.testng.SuiteRunner.runSequentially(SuiteRunner.java:371)\n\tat org.testng.SuiteRunner.privateRun(SuiteRunner.java:332)\n\tat org.testng.SuiteRunner.run(SuiteRunner.java:276)\n\tat org.testng.SuiteRunnerWorker.runSuite(SuiteRunnerWorker.java:53)\n\tat org.testng.SuiteRunnerWorker.run(SuiteRunnerWorker.java:96)\n\tat org.testng.TestNG.runSuitesSequentially(TestNG.java:1212)\n\tat org.testng.TestNG.runSuitesLocally(TestNG.java:1134)\n\tat org.testng.TestNG.runSuites(TestNG.java:1063)\n\tat org.testng.TestNG.run(TestNG.java:1031)\n\tat org.apache.maven.surefire.testng.TestNGExecutor.run(TestNGExecutor.java:136)\n\tat org.apache.maven.surefire.testng.TestNGDirectoryTestSuite.executeMulti(TestNGDirectoryTestSuite.java:193)\n\tat org.apache.maven.surefire.testng.TestNGDirectoryTestSuite.execute(TestNGDirectoryTestSuite.java:94)\n\tat org.apache.maven.surefire.testng.TestNGProvider.invoke(TestNGProvider.java:145)\n\tat org.apache.maven.surefire.booter.ForkedBooter.runSuitesInProcess(ForkedBooter.java:428)\n\tat org.apache.maven.surefire.booter.ForkedBooter.execute(ForkedBooter.java:162)\n\tat org.apache.maven.surefire.booter.ForkedBooter.run(ForkedBooter.java:562)\n\tat org.apache.maven.surefire.booter.ForkedBooter.main(ForkedBooter.java:548)\n",
    "steps" : [ {
      "name" : "An Exception Occured with this Message: src/test/resources/testDataFiles/Google/SimpleSearch.xlsx (No such file or directory).",
      "time" : {
        "start" : 1639272968360,
        "stop" : 1639272968360,
        "duration" : 0
      },
      "status" : "passed",
      "steps" : [ ],
      "attachments" : [ {
        "uid" : "aedddc4b9e66a1fb",
        "name" : "Attachment: Exception Stack Trace - java.io.FileNotFoundException",
        "source" : "aedddc4b9e66a1fb.txt",
        "type" : "text/plain",
        "size" : 2773
      } ],
      "parameters" : [ {
        "name" : "actionCounter",
        "value" : "52"
      }, {
        "name" : "logText",
        "value" : "An Exception Occured with this Message: src/test/resources/testDataFiles/Google/SimpleSearch.xlsx (No such file or directory)."
      }, {
        "name" : "attachments",
        "value" : "[[Exception Stack Trace, java.io.FileNotFoundException, java.io.FileNotFoundException:\nsrc/test/resources/testDataFiles/Google/SimpleSearch.xlsx (No such file or directory)\njava.base/java.io.FileInputStream.open0(Native Method)\njava.base/java.io.FileInputStream.open(FileInputStream.java:216)\njava.base/java.io.FileInputStream.<init>(FileInputStream.java:157)\njava.base/java.io.FileInputStream.<init>(FileInputStream.java:111)\ncom.shaft.tools.io.ExcelFileManager.<init>(ExcelFileManager.java:41)\ntests.gui.google.F_Search_PageObjectModel_Fluent.beforeClass(F_Search_PageObjectModel_Fluent.java:44)\njava.base/jdk.internal.reflect.NativeMethodAccessorImpl.invoke0(Native Method)\njava.base/jdk.internal.reflect.NativeMethodAccessorImpl.invoke(NativeMethodAccessorImpl.java:77)\njava.base/jdk.internal.reflect.DelegatingMethodAccessorImpl.invoke(DelegatingMethodAccessorImpl.java:43)\njava.base/java.lang.reflect.Method.invoke(Method.java:568)\norg.testng.internal.MethodInvocationHelper.invokeMethod(MethodInvocationHelper.java:133)\norg.testng.internal.MethodInvocationHelper.invokeMethodConsideringTimeout(MethodInvocationHelper.java:62)\norg.testng.internal.ConfigInvoker.invokeConfigurationMethod(ConfigInvoker.java:385)\norg.testng.internal.ConfigInvoker.invokeConfigurations(ConfigInvoker.java:321)\norg.testng.internal.TestMethodWorker.invokeBeforeClassMethods(TestMethodWorker.java:176)\norg.testng.internal.TestMethodWorker.run(TestMethodWorker.java:122)\njava.base/java.util.ArrayList.forEach(ArrayList.java:1511)\norg.testng.TestRunner.privateRun(TestRunner.java:794)\norg.testng.TestRunner.run(TestRunner.java:596)\norg.testng.SuiteRunner.runTest(SuiteRunner.java:377)\norg.testng.SuiteRunner.runSequentially(SuiteRunner.java:371)\norg.testng.SuiteRunner.privateRun(SuiteRunner.java:332)\norg.testng.SuiteRunner.run(SuiteRunner.java:276)\norg.testng.SuiteRunnerWorker.runSuite(SuiteRunnerWorker.java:53)\norg.testng.SuiteRunnerWorker.run(SuiteRunnerWorker.java:96)\norg.testng.TestNG.runSuitesSequentially(TestNG.java:1212)\norg.testng.TestNG.runSuitesLocally(TestNG.java:1134)\norg.testng.TestNG.runSuites(TestNG.java:1063)\norg.testng.TestNG.run(TestNG.java:1031)\norg.apache.maven.surefire.testng.TestNGExecutor.run(TestNGExecutor.java:136)\norg.apache.maven.surefire.testng.TestNGDirectoryTestSuite.executeMulti(TestNGDirectoryTestSuite.java:193)\norg.apache.maven.surefire.testng.TestNGDirectoryTestSuite.execute(TestNGDirectoryTestSuite.java:94)\norg.apache.maven.surefire.testng.TestNGProvider.invoke(TestNGProvider.java:145)\norg.apache.maven.surefire.booter.ForkedBooter.runSuitesInProcess(ForkedBooter.java:428)\norg.apache.maven.surefire.booter.ForkedBooter.execute(ForkedBooter.java:162)\norg.apache.maven.surefire.booter.ForkedBooter.run(ForkedBooter.java:562)\norg.apache.maven.surefire.booter.ForkedBooter.main(ForkedBooter.java:548)\n]]"
      } ],
      "shouldDisplayMessage" : false,
      "hasContent" : true,
      "stepsCount" : 0,
      "attachmentsCount" : 1
    }, {
      "name" : "Couldn't find the desired file. [src/test/resources/testDataFiles/Google/SimpleSearch.xlsx].",
      "time" : {
        "start" : 1639272968372,
        "stop" : 1639272968372,
        "duration" : 0
      },
      "status" : "passed",
      "steps" : [ ],
      "attachments" : [ ],
      "parameters" : [ {
        "name" : "actionCounter",
        "value" : "54"
      }, {
        "name" : "logText",
        "value" : "Couldn't find the desired file. [src/test/resources/testDataFiles/Google/SimpleSearch.xlsx]."
      } ],
      "shouldDisplayMessage" : false,
      "hasContent" : true,
      "stepsCount" : 0,
      "attachmentsCount" : 0
    } ],
    "attachments" : [ ],
    "parameters" : [ ],
    "shouldDisplayMessage" : true,
    "hasContent" : true,
    "stepsCount" : 2,
    "attachmentsCount" : 1
  }, {
    "name" : "setupActivities",
    "time" : {
      "start" : 1639272908601,
      "stop" : 1639272909528,
      "duration" : 927
    },
    "description" : "",
    "status" : "passed",
    "steps" : [ {
      "name" : "Folder [extent-reports] was not found, it may have already been deleted.",
      "time" : {
        "start" : 1639272908780,
        "stop" : 1639272908782,
        "duration" : 2
      },
      "status" : "passed",
      "steps" : [ ],
      "attachments" : [ ],
      "parameters" : [ {
        "name" : "actionCounter",
        "value" : "1"
      }, {
        "name" : "logText",
        "value" : "Folder [extent-reports] was not found, it may have already been deleted."
      } ],
      "shouldDisplayMessage" : false,
      "hasContent" : true,
      "stepsCount" : 0,
      "attachmentsCount" : 0
    } ],
    "attachments" : [ {
      "uid" : "401d58817defd3c5",
      "name" : "Attachment: SHAFT Links - Important",
      "source" : "401d58817defd3c5.uri",
      "type" : "text/uri-list",
      "size" : 346
    }, {
      "uid" : "6812bcc348f1a8e9",
      "name" : "Attachment: Properties - ExecutionPlatform",
      "source" : "6812bcc348f1a8e9.properties",
      "type" : "text/plain",
      "size" : 394
    } ],
    "parameters" : [ ],
    "shouldDisplayMessage" : false,
    "hasContent" : true,
    "stepsCount" : 1,
    "attachmentsCount" : 2
  } ],
  "afterStages" : [ {
    "name" : "teardownActivities",
    "time" : {
      "start" : 1639272968445,
      "stop" : 1639272968831,
      "duration" : 386
    },
    "description" : "",
    "status" : "passed",
    "steps" : [ {
      "name" : "Successfully Closed All Drivers.",
      "time" : {
        "start" : 1639272968446,
        "stop" : 1639272968446,
        "duration" : 0
      },
      "status" : "passed",
      "steps" : [ ],
      "attachments" : [ ],
      "parameters" : [ {
        "name" : "actionCounter",
        "value" : "57"
      }, {
        "name" : "logText",
        "value" : "Successfully Closed All Drivers."
      } ],
      "shouldDisplayMessage" : false,
      "hasContent" : true,
      "stepsCount" : 0,
      "attachmentsCount" : 0
    }, {
      "name" : "Issue Summary: Total Issues = 2, New issues for Failed Tests = 2, Open issues for Passed Tests = 0, Open issues for Failed Tests = 0. Kindly check the attached Issue details.",
      "time" : {
        "start" : 1639272968473,
        "stop" : 1639272968474,
        "duration" : 1
      },
      "status" : "passed",
      "steps" : [ ],
      "attachments" : [ {
        "uid" : "83e49ed4bdd66a31",
        "name" : "Attachment: SHAFT Engine Logs - Issues log CSV: 20211212-013608",
        "source" : "83e49ed4bdd66a31.csv",
        "type" : "text/csv",
        "size" : 342
      } ],
      "parameters" : [ {
        "name" : "actionCounter",
        "value" : "58"
      }, {
        "name" : "logText",
        "value" : "Issue Summary: Total Issues = 2, New issues for Failed Tests = 2, Open issues for Passed Tests = 0, Open issues for Failed Tests = 0. Kindly check the attached Issue details."
      }, {
        "name" : "attachments",
        "value" : "[[SHAFT Engine Logs, Issues log CSV: 20211212-013608, java.io.ByteArrayInputStream@14a37127]]"
      } ],
      "shouldDisplayMessage" : false,
      "hasContent" : true,
      "stepsCount" : 0,
      "attachmentsCount" : 1
    } ],
    "attachments" : [ {
      "uid" : "d578a285deb3a2f",
      "name" : "Attachment: SHAFT Engine Logs - Execution log: 20211212-013608",
      "source" : "d578a285deb3a2f.txt",
      "type" : "text/plain",
      "size" : 29498
    }, {
      "uid" : "86aa9c3f34388f8a",
      "name" : "Attachment: HTML - Extent Emailable Execution Report",
      "source" : "86aa9c3f34388f8a.html",
      "type" : "text/html",
      "size" : 752803
    } ],
    "parameters" : [ ],
    "shouldDisplayMessage" : false,
    "hasContent" : true,
    "stepsCount" : 2,
    "attachmentsCount" : 3
  }, {
    "name" : "teardownActivities",
    "time" : {
      "start" : 1639272968445,
      "stop" : 1639272968831,
      "duration" : 386
    },
    "description" : "",
    "status" : "passed",
    "steps" : [ {
      "name" : "Successfully Closed All Drivers.",
      "time" : {
        "start" : 1639272968446,
        "stop" : 1639272968446,
        "duration" : 0
      },
      "status" : "passed",
      "steps" : [ ],
      "attachments" : [ ],
      "parameters" : [ {
        "name" : "actionCounter",
        "value" : "57"
      }, {
        "name" : "logText",
        "value" : "Successfully Closed All Drivers."
      } ],
      "shouldDisplayMessage" : false,
      "hasContent" : true,
      "stepsCount" : 0,
      "attachmentsCount" : 0
    }, {
      "name" : "Issue Summary: Total Issues = 2, New issues for Failed Tests = 2, Open issues for Passed Tests = 0, Open issues for Failed Tests = 0. Kindly check the attached Issue details.",
      "time" : {
        "start" : 1639272968473,
        "stop" : 1639272968474,
        "duration" : 1
      },
      "status" : "passed",
      "steps" : [ ],
      "attachments" : [ {
        "uid" : "83e49ed4bdd66a31",
        "name" : "Attachment: SHAFT Engine Logs - Issues log CSV: 20211212-013608",
        "source" : "83e49ed4bdd66a31.csv",
        "type" : "text/csv",
        "size" : 342
      } ],
      "parameters" : [ {
        "name" : "actionCounter",
        "value" : "58"
      }, {
        "name" : "logText",
        "value" : "Issue Summary: Total Issues = 2, New issues for Failed Tests = 2, Open issues for Passed Tests = 0, Open issues for Failed Tests = 0. Kindly check the attached Issue details."
      }, {
        "name" : "attachments",
        "value" : "[[SHAFT Engine Logs, Issues log CSV: 20211212-013608, java.io.ByteArrayInputStream@14a37127]]"
      } ],
      "shouldDisplayMessage" : false,
      "hasContent" : true,
      "stepsCount" : 0,
      "attachmentsCount" : 1
    } ],
    "attachments" : [ {
      "uid" : "d578a285deb3a2f",
      "name" : "Attachment: SHAFT Engine Logs - Execution log: 20211212-013608",
      "source" : "d578a285deb3a2f.txt",
      "type" : "text/plain",
      "size" : 29498
    }, {
      "uid" : "86aa9c3f34388f8a",
      "name" : "Attachment: HTML - Extent Emailable Execution Report",
      "source" : "86aa9c3f34388f8a.html",
      "type" : "text/html",
      "size" : 752803
    } ],
    "parameters" : [ ],
    "shouldDisplayMessage" : false,
    "hasContent" : true,
    "stepsCount" : 2,
    "attachmentsCount" : 3
  } ],
  "labels" : [ {
    "name" : "package",
    "value" : "tests.gui.google.F_Search_PageObjectModel_Fluent"
  }, {
    "name" : "testClass",
    "value" : "tests.gui.google.F_Search_PageObjectModel_Fluent"
  }, {
    "name" : "testMethod",
    "value" : "beforeClass"
  }, {
    "name" : "parentSuite",
    "value" : "SHAFT: Custom Suite"
  }, {
    "name" : "suite",
    "value" : "SHAFT: Custom Test"
  }, {
    "name" : "subSuite",
    "value" : "tests.gui.google.F_Search_PageObjectModel_Fluent"
  }, {
    "name" : "host",
    "value" : "fv-az36-855"
  }, {
    "name" : "thread",
    "value" : "4131@fv-az36-855.main(1)"
  }, {
    "name" : "framework",
    "value" : "testng"
  }, {
    "name" : "language",
    "value" : "java"
  }, {
    "name" : "AS_ID",
    "value" : "-1"
  }, {
    "name" : "resultFormat",
    "value" : "allure2"
  } ],
  "parameters" : [ ],
  "links" : [ ],
  "hidden" : false,
  "retry" : false,
  "extra" : {
    "severity" : "normal",
    "retries" : [ ],
    "categories" : [ {
      "name" : "Product defects",
      "matchedStatuses" : [ ],
      "flaky" : false
    } ],
    "history" : {
      "statistic" : {
        "failed" : 65,
        "broken" : 0,
        "skipped" : 0,
        "passed" : 0,
        "unknown" : 0,
        "total" : 65
      },
      "items" : [ {
        "uid" : "28d4fb379f9d474d",
        "reportUrl" : "https://Dorgham4.github.io/io.github.alidorgham/allure/68//#testresult/28d4fb379f9d474d",
        "status" : "failed",
        "statusDetails" : "Couldn't find the desired file. [src/test/resources/testDataFiles/Google/SimpleSearch.xlsx].",
        "time" : {
          "start" : 1639247840666,
          "stop" : 1639247840666,
          "duration" : 0
        }
      }, {
        "uid" : "4e3e78d0f0586e53",
        "reportUrl" : "https://Dorgham4.github.io/io.github.alidorgham/allure/67//#testresult/4e3e78d0f0586e53",
        "status" : "failed",
        "statusDetails" : "Couldn't find the desired file. [src/test/resources/testDataFiles/Google/SimpleSearch.xlsx].",
        "time" : {
          "start" : 1639226971640,
          "stop" : 1639226971640,
          "duration" : 0
        }
      }, {
        "uid" : "6aa78eacad85e84d",
        "reportUrl" : "https://Dorgham4.github.io/io.github.alidorgham/allure/66//#testresult/6aa78eacad85e84d",
        "status" : "failed",
        "statusDetails" : "Couldn't find the desired file. [src/test/resources/testDataFiles/Google/SimpleSearch.xlsx].",
        "time" : {
          "start" : 1639204718397,
          "stop" : 1639204718403,
          "duration" : 6
        }
      }, {
        "uid" : "af7ebfbc08aefbf8",
        "reportUrl" : "https://Dorgham4.github.io/io.github.alidorgham/allure/65//#testresult/af7ebfbc08aefbf8",
        "status" : "failed",
        "statusDetails" : "Couldn't find the desired file. [src/test/resources/testDataFiles/Google/SimpleSearch.xlsx].",
        "time" : {
          "start" : 1639186306960,
          "stop" : 1639186306961,
          "duration" : 1
        }
      }, {
        "uid" : "9c7c34f25e794e34",
        "reportUrl" : "https://Dorgham4.github.io/io.github.alidorgham/allure/64//#testresult/9c7c34f25e794e34",
        "status" : "failed",
        "statusDetails" : "Couldn't find the desired file. [src/test/resources/testDataFiles/Google/SimpleSearch.xlsx].",
        "time" : {
          "start" : 1639161519129,
          "stop" : 1639161519129,
          "duration" : 0
        }
      }, {
        "uid" : "b6d9971c6863b823",
        "reportUrl" : "https://Dorgham4.github.io/io.github.alidorgham/allure/63//#testresult/b6d9971c6863b823",
        "status" : "failed",
        "statusDetails" : "Couldn't find the desired file. [src/test/resources/testDataFiles/Google/SimpleSearch.xlsx].",
        "time" : {
          "start" : 1639140634986,
          "stop" : 1639140634986,
          "duration" : 0
        }
      }, {
        "uid" : "bed7528aa4540e70",
        "reportUrl" : "https://Dorgham4.github.io/io.github.alidorgham/allure/62//#testresult/bed7528aa4540e70",
        "status" : "failed",
        "statusDetails" : "Couldn't find the desired file. [src/test/resources/testDataFiles/Google/SimpleSearch.xlsx].",
        "time" : {
          "start" : 1639118378842,
          "stop" : 1639118378842,
          "duration" : 0
        }
      }, {
        "uid" : "65e44ad32e2b2a9",
        "reportUrl" : "https://Dorgham4.github.io/io.github.alidorgham/allure/61//#testresult/65e44ad32e2b2a9",
        "status" : "failed",
        "statusDetails" : "Couldn't find the desired file. [src/test/resources/testDataFiles/Google/SimpleSearch.xlsx].",
        "time" : {
          "start" : 1639100007642,
          "stop" : 1639100007642,
          "duration" : 0
        }
      }, {
        "uid" : "e01f6355671f4ed2",
        "reportUrl" : "https://Dorgham4.github.io/io.github.alidorgham/allure/60//#testresult/e01f6355671f4ed2",
        "status" : "failed",
        "statusDetails" : "Couldn't find the desired file. [src/test/resources/testDataFiles/Google/SimpleSearch.xlsx].",
        "time" : {
          "start" : 1639075171912,
          "stop" : 1639075171913,
          "duration" : 1
        }
      }, {
        "uid" : "8ac5b87f394a9d25",
        "reportUrl" : "https://Dorgham4.github.io/io.github.alidorgham/allure/59//#testresult/8ac5b87f394a9d25",
        "status" : "failed",
        "statusDetails" : "Couldn't find the desired file. [src/test/resources/testDataFiles/Google/SimpleSearch.xlsx].",
        "time" : {
          "start" : 1639054269957,
          "stop" : 1639054269957,
          "duration" : 0
        }
      }, {
        "uid" : "b87336bd3e3634c8",
        "reportUrl" : "https://Dorgham4.github.io/io.github.alidorgham/allure/58//#testresult/b87336bd3e3634c8",
        "status" : "failed",
        "statusDetails" : "Couldn't find the desired file. [src/test/resources/testDataFiles/Google/SimpleSearch.xlsx].",
        "time" : {
          "start" : 1639031981691,
          "stop" : 1639031981691,
          "duration" : 0
        }
      }, {
        "uid" : "22664de9a0d1484b",
        "reportUrl" : "https://Dorgham4.github.io/io.github.alidorgham/allure/57//#testresult/22664de9a0d1484b",
        "status" : "failed",
        "statusDetails" : "Couldn't find the desired file. [src/test/resources/testDataFiles/Google/SimpleSearch.xlsx].",
        "time" : {
          "start" : 1639013604074,
          "stop" : 1639013604074,
          "duration" : 0
        }
      }, {
        "uid" : "f5f8ad447847091d",
        "reportUrl" : "https://Dorgham4.github.io/io.github.alidorgham/allure/56//#testresult/f5f8ad447847091d",
        "status" : "failed",
        "statusDetails" : "Couldn't find the desired file. [src/test/resources/testDataFiles/Google/SimpleSearch.xlsx].",
        "time" : {
          "start" : 1638988729095,
          "stop" : 1638988729095,
          "duration" : 0
        }
      }, {
        "uid" : "33e953cb91ecdd66",
        "reportUrl" : "https://Dorgham4.github.io/io.github.alidorgham/allure/55//#testresult/33e953cb91ecdd66",
        "status" : "failed",
        "statusDetails" : "Couldn't find the desired file. [src/test/resources/testDataFiles/Google/SimpleSearch.xlsx].",
        "time" : {
          "start" : 1638967920933,
          "stop" : 1638967920933,
          "duration" : 0
        }
      }, {
        "uid" : "918aa385c48aea0e",
        "reportUrl" : "https://Dorgham4.github.io/io.github.alidorgham/allure/54//#testresult/918aa385c48aea0e",
        "status" : "failed",
        "statusDetails" : "Couldn't find the desired file. [src/test/resources/testDataFiles/Google/SimpleSearch.xlsx].",
        "time" : {
          "start" : 1638945630624,
          "stop" : 1638945630624,
          "duration" : 0
        }
      }, {
        "uid" : "8f1e39365991f717",
        "reportUrl" : "https://Dorgham4.github.io/io.github.alidorgham/allure/53//#testresult/8f1e39365991f717",
        "status" : "failed",
        "statusDetails" : "Couldn't find the desired file. [src/test/resources/testDataFiles/Google/SimpleSearch.xlsx].",
        "time" : {
          "start" : 1638927290017,
          "stop" : 1638927290017,
          "duration" : 0
        }
      }, {
        "uid" : "21a98aea17228a3c",
        "reportUrl" : "https://Dorgham4.github.io/io.github.alidorgham/allure/52//#testresult/21a98aea17228a3c",
        "status" : "failed",
        "statusDetails" : "Couldn't find the desired file. [src/test/resources/testDataFiles/Google/SimpleSearch.xlsx].",
        "time" : {
          "start" : 1638902355277,
          "stop" : 1638902355277,
          "duration" : 0
        }
      }, {
        "uid" : "186a366d69d25ff0",
        "reportUrl" : "https://Dorgham4.github.io/io.github.alidorgham/allure/51//#testresult/186a366d69d25ff0",
        "status" : "failed",
        "statusDetails" : "Couldn't find the desired file. [src/test/resources/testDataFiles/Google/SimpleSearch.xlsx].",
        "time" : {
          "start" : 1638881691741,
          "stop" : 1638881691741,
          "duration" : 0
        }
      }, {
        "uid" : "a591832667cbf0fd",
        "reportUrl" : "https://Dorgham4.github.io/io.github.alidorgham/allure/50//#testresult/a591832667cbf0fd",
        "status" : "failed",
        "statusDetails" : "Couldn't find the desired file. [src/test/resources/testDataFiles/Google/SimpleSearch.xlsx].",
        "time" : {
          "start" : 1638859243132,
          "stop" : 1638859243132,
          "duration" : 0
        }
      }, {
        "uid" : "6c62d40ee917d650",
        "reportUrl" : "https://Dorgham4.github.io/io.github.alidorgham/allure/49//#testresult/6c62d40ee917d650",
        "status" : "failed",
        "statusDetails" : "Couldn't find the desired file. [src/test/resources/testDataFiles/Google/SimpleSearch.xlsx].",
        "time" : {
          "start" : 1638841023104,
          "stop" : 1638841023104,
          "duration" : 0
        }
      } ]
    },
    "tags" : [ ]
  },
  "source" : "8a82adf35e81b15.json",
  "parameterValues" : [ ]
}