{
  "uid" : "f3085d31feaf7104",
  "name" : "navigateToGoogleHomeAndAssertGoogleLogoIsDisplayed",
  "fullName" : "tests.gui.google.D_Search_PageObjectModel_Traditional_DataDriven.navigateToGoogleHomeAndAssertGoogleLogoIsDisplayed",
  "historyId" : "12def1b8cf773d65f38a52c5478a5268",
  "time" : {
    "start" : 1639272968304,
    "stop" : 1639272968305,
    "duration" : 1
  },
  "status" : "skipped",
  "statusMessage" : "Couldn't find the desired file. [src/test/resources/testDataFiles/Google/SimpleSearch.xlsx].",
  "statusTrace" : "java.lang.AssertionError: Couldn't find the desired file. [src/test/resources/testDataFiles/Google/SimpleSearch.xlsx].\n\tat org.testng.Assert.fail(Assert.java:99)\n\tat com.shaft.tools.io.ExcelFileManager.<init>(ExcelFileManager.java:48)\n\tat tests.gui.google.D_Search_PageObjectModel_Traditional_DataDriven.beforeClass(D_Search_PageObjectModel_Traditional_DataDriven.java:46)\n\tat java.base/jdk.internal.reflect.NativeMethodAccessorImpl.invoke0(Native Method)\n\tat java.base/jdk.internal.reflect.NativeMethodAccessorImpl.invoke(NativeMethodAccessorImpl.java:77)\n\tat java.base/jdk.internal.reflect.DelegatingMethodAccessorImpl.invoke(DelegatingMethodAccessorImpl.java:43)\n\tat java.base/java.lang.reflect.Method.invoke(Method.java:568)\n\tat org.testng.internal.MethodInvocationHelper.invokeMethod(MethodInvocationHelper.java:133)\n\tat org.testng.internal.MethodInvocationHelper.invokeMethodConsideringTimeout(MethodInvocationHelper.java:62)\n\tat org.testng.internal.ConfigInvoker.invokeConfigurationMethod(ConfigInvoker.java:385)\n\tat org.testng.internal.ConfigInvoker.invokeConfigurations(ConfigInvoker.java:321)\n\tat org.testng.internal.TestMethodWorker.invokeBeforeClassMethods(TestMethodWorker.java:176)\n\tat org.testng.internal.TestMethodWorker.run(TestMethodWorker.java:122)\n\tat java.base/java.util.ArrayList.forEach(ArrayList.java:1511)\n\tat org.testng.TestRunner.privateRun(TestRunner.java:794)\n\tat org.testng.TestRunner.run(TestRunner.java:596)\n\tat org.testng.SuiteRunner.runTest(SuiteRunner.java:377)\n\tat org.testng.SuiteRunner.runSequentially(SuiteRunner.java:371)\n\tat org.testng.SuiteRunner.privateRun(SuiteRunner.java:332)\n\tat org.testng.SuiteRunner.run(SuiteRunner.java:276)\n\tat org.testng.SuiteRunnerWorker.runSuite(SuiteRunnerWorker.java:53)\n\tat org.testng.SuiteRunnerWorker.run(SuiteRunnerWorker.java:96)\n\tat org.testng.TestNG.runSuitesSequentially(TestNG.java:1212)\n\tat org.testng.TestNG.runSuitesLocally(TestNG.java:1134)\n\tat org.testng.TestNG.runSuites(TestNG.java:1063)\n\tat org.testng.TestNG.run(TestNG.java:1031)\n\tat org.apache.maven.surefire.testng.TestNGExecutor.run(TestNGExecutor.java:136)\n\tat org.apache.maven.surefire.testng.TestNGDirectoryTestSuite.executeMulti(TestNGDirectoryTestSuite.java:193)\n\tat org.apache.maven.surefire.testng.TestNGDirectoryTestSuite.execute(TestNGDirectoryTestSuite.java:94)\n\tat org.apache.maven.surefire.testng.TestNGProvider.invoke(TestNGProvider.java:145)\n\tat org.apache.maven.surefire.booter.ForkedBooter.runSuitesInProcess(ForkedBooter.java:428)\n\tat org.apache.maven.surefire.booter.ForkedBooter.execute(ForkedBooter.java:162)\n\tat org.apache.maven.surefire.booter.ForkedBooter.run(ForkedBooter.java:562)\n\tat org.apache.maven.surefire.booter.ForkedBooter.main(ForkedBooter.java:548)\n",
  "flaky" : false,
  "newFailed" : false,
  "beforeStages" : [ {
    "name" : "beforeMethod",
    "time" : {
      "start" : 1639272968300,
      "stop" : 1639272968300,
      "duration" : 0
    },
    "description" : "",
    "status" : "broken",
    "steps" : [ ],
    "attachments" : [ ],
    "parameters" : [ ],
    "shouldDisplayMessage" : false,
    "hasContent" : false,
    "stepsCount" : 0,
    "attachmentsCount" : 0
  }, {
    "name" : "beforeClass",
    "time" : {
      "start" : 1639272968279,
      "stop" : 1639272968285,
      "duration" : 6
    },
    "description" : "",
    "status" : "failed",
    "statusMessage" : "Couldn't find the desired file. [src/test/resources/testDataFiles/Google/SimpleSearch.xlsx].",
    "statusTrace" : "java.lang.AssertionError: Couldn't find the desired file. [src/test/resources/testDataFiles/Google/SimpleSearch.xlsx].\n\tat org.testng.Assert.fail(Assert.java:99)\n\tat com.shaft.tools.io.ExcelFileManager.<init>(ExcelFileManager.java:48)\n\tat tests.gui.google.D_Search_PageObjectModel_Traditional_DataDriven.beforeClass(D_Search_PageObjectModel_Traditional_DataDriven.java:46)\n\tat java.base/jdk.internal.reflect.NativeMethodAccessorImpl.invoke0(Native Method)\n\tat java.base/jdk.internal.reflect.NativeMethodAccessorImpl.invoke(NativeMethodAccessorImpl.java:77)\n\tat java.base/jdk.internal.reflect.DelegatingMethodAccessorImpl.invoke(DelegatingMethodAccessorImpl.java:43)\n\tat java.base/java.lang.reflect.Method.invoke(Method.java:568)\n\tat org.testng.internal.MethodInvocationHelper.invokeMethod(MethodInvocationHelper.java:133)\n\tat org.testng.internal.MethodInvocationHelper.invokeMethodConsideringTimeout(MethodInvocationHelper.java:62)\n\tat org.testng.internal.ConfigInvoker.invokeConfigurationMethod(ConfigInvoker.java:385)\n\tat org.testng.internal.ConfigInvoker.invokeConfigurations(ConfigInvoker.java:321)\n\tat org.testng.internal.TestMethodWorker.invokeBeforeClassMethods(TestMethodWorker.java:176)\n\tat org.testng.internal.TestMethodWorker.run(TestMethodWorker.java:122)\n\tat java.base/java.util.ArrayList.forEach(ArrayList.java:1511)\n\tat org.testng.TestRunner.privateRun(TestRunner.java:794)\n\tat org.testng.TestRunner.run(TestRunner.java:596)\n\tat org.testng.SuiteRunner.runTest(SuiteRunner.java:377)\n\tat org.testng.SuiteRunner.runSequentially(SuiteRunner.java:371)\n\tat org.testng.SuiteRunner.privateRun(SuiteRunner.java:332)\n\tat org.testng.SuiteRunner.run(SuiteRunner.java:276)\n\tat org.testng.SuiteRunnerWorker.runSuite(SuiteRunnerWorker.java:53)\n\tat org.testng.SuiteRunnerWorker.run(SuiteRunnerWorker.java:96)\n\tat org.testng.TestNG.runSuitesSequentially(TestNG.java:1212)\n\tat org.testng.TestNG.runSuitesLocally(TestNG.java:1134)\n\tat org.testng.TestNG.runSuites(TestNG.java:1063)\n\tat org.testng.TestNG.run(TestNG.java:1031)\n\tat org.apache.maven.surefire.testng.TestNGExecutor.run(TestNGExecutor.java:136)\n\tat org.apache.maven.surefire.testng.TestNGDirectoryTestSuite.executeMulti(TestNGDirectoryTestSuite.java:193)\n\tat org.apache.maven.surefire.testng.TestNGDirectoryTestSuite.execute(TestNGDirectoryTestSuite.java:94)\n\tat org.apache.maven.surefire.testng.TestNGProvider.invoke(TestNGProvider.java:145)\n\tat org.apache.maven.surefire.booter.ForkedBooter.runSuitesInProcess(ForkedBooter.java:428)\n\tat org.apache.maven.surefire.booter.ForkedBooter.execute(ForkedBooter.java:162)\n\tat org.apache.maven.surefire.booter.ForkedBooter.run(ForkedBooter.java:562)\n\tat org.apache.maven.surefire.booter.ForkedBooter.main(ForkedBooter.java:548)\n",
    "steps" : [ {
      "name" : "An Exception Occured with this Message: src/test/resources/testDataFiles/Google/SimpleSearch.xlsx (No such file or directory).",
      "time" : {
        "start" : 1639272968280,
        "stop" : 1639272968284,
        "duration" : 4
      },
      "status" : "passed",
      "steps" : [ ],
      "attachments" : [ {
        "uid" : "d20e9185940ba275",
        "name" : "Attachment: Exception Stack Trace - java.io.FileNotFoundException",
        "source" : "d20e9185940ba275.txt",
        "type" : "text/plain",
        "size" : 2805
      } ],
      "parameters" : [ {
        "name" : "actionCounter",
        "value" : "46"
      }, {
        "name" : "logText",
        "value" : "An Exception Occured with this Message: src/test/resources/testDataFiles/Google/SimpleSearch.xlsx (No such file or directory)."
      }, {
        "name" : "attachments",
        "value" : "[[Exception Stack Trace, java.io.FileNotFoundException, java.io.FileNotFoundException:\nsrc/test/resources/testDataFiles/Google/SimpleSearch.xlsx (No such file or directory)\njava.base/java.io.FileInputStream.open0(Native Method)\njava.base/java.io.FileInputStream.open(FileInputStream.java:216)\njava.base/java.io.FileInputStream.<init>(FileInputStream.java:157)\njava.base/java.io.FileInputStream.<init>(FileInputStream.java:111)\ncom.shaft.tools.io.ExcelFileManager.<init>(ExcelFileManager.java:41)\ntests.gui.google.D_Search_PageObjectModel_Traditional_DataDriven.beforeClass(D_Search_PageObjectModel_Traditional_DataDriven.java:46)\njava.base/jdk.internal.reflect.NativeMethodAccessorImpl.invoke0(Native Method)\njava.base/jdk.internal.reflect.NativeMethodAccessorImpl.invoke(NativeMethodAccessorImpl.java:77)\njava.base/jdk.internal.reflect.DelegatingMethodAccessorImpl.invoke(DelegatingMethodAccessorImpl.java:43)\njava.base/java.lang.reflect.Method.invoke(Method.java:568)\norg.testng.internal.MethodInvocationHelper.invokeMethod(MethodInvocationHelper.java:133)\norg.testng.internal.MethodInvocationHelper.invokeMethodConsideringTimeout(MethodInvocationHelper.java:62)\norg.testng.internal.ConfigInvoker.invokeConfigurationMethod(ConfigInvoker.java:385)\norg.testng.internal.ConfigInvoker.invokeConfigurations(ConfigInvoker.java:321)\norg.testng.internal.TestMethodWorker.invokeBeforeClassMethods(TestMethodWorker.java:176)\norg.testng.internal.TestMethodWorker.run(TestMethodWorker.java:122)\njava.base/java.util.ArrayList.forEach(ArrayList.java:1511)\norg.testng.TestRunner.privateRun(TestRunner.java:794)\norg.testng.TestRunner.run(TestRunner.java:596)\norg.testng.SuiteRunner.runTest(SuiteRunner.java:377)\norg.testng.SuiteRunner.runSequentially(SuiteRunner.java:371)\norg.testng.SuiteRunner.privateRun(SuiteRunner.java:332)\norg.testng.SuiteRunner.run(SuiteRunner.java:276)\norg.testng.SuiteRunnerWorker.runSuite(SuiteRunnerWorker.java:53)\norg.testng.SuiteRunnerWorker.run(SuiteRunnerWorker.java:96)\norg.testng.TestNG.runSuitesSequentially(TestNG.java:1212)\norg.testng.TestNG.runSuitesLocally(TestNG.java:1134)\norg.testng.TestNG.runSuites(TestNG.java:1063)\norg.testng.TestNG.run(TestNG.java:1031)\norg.apache.maven.surefire.testng.TestNGExecutor.run(TestNGExecutor.java:136)\norg.apache.maven.surefire.testng.TestNGDirectoryTestSuite.executeMulti(TestNGDirectoryTestSuite.java:193)\norg.apache.maven.surefire.testng.TestNGDirectoryTestSuite.execute(TestNGDirectoryTestSuite.java:94)\norg.apache.maven.surefire.testng.TestNGProvider.invoke(TestNGProvider.java:145)\norg.apache.maven.surefire.booter.ForkedBooter.runSuitesInProcess(ForkedBooter.java:428)\norg.apache.maven.surefire.booter.ForkedBooter.execute(ForkedBooter.java:162)\norg.apache.maven.surefire.booter.ForkedBooter.run(ForkedBooter.java:562)\norg.apache.maven.surefire.booter.ForkedBooter.main(ForkedBooter.java:548)\n]]"
      } ],
      "shouldDisplayMessage" : false,
      "hasContent" : true,
      "stepsCount" : 0,
      "attachmentsCount" : 1
    }, {
      "name" : "Couldn't find the desired file. [src/test/resources/testDataFiles/Google/SimpleSearch.xlsx].",
      "time" : {
        "start" : 1639272968284,
        "stop" : 1639272968284,
        "duration" : 0
      },
      "status" : "passed",
      "steps" : [ ],
      "attachments" : [ ],
      "parameters" : [ {
        "name" : "actionCounter",
        "value" : "48"
      }, {
        "name" : "logText",
        "value" : "Couldn't find the desired file. [src/test/resources/testDataFiles/Google/SimpleSearch.xlsx]."
      } ],
      "shouldDisplayMessage" : false,
      "hasContent" : true,
      "stepsCount" : 0,
      "attachmentsCount" : 0
    } ],
    "attachments" : [ ],
    "parameters" : [ ],
    "shouldDisplayMessage" : true,
    "hasContent" : true,
    "stepsCount" : 2,
    "attachmentsCount" : 1
  }, {
    "name" : "setupActivities",
    "time" : {
      "start" : 1639272908601,
      "stop" : 1639272909528,
      "duration" : 927
    },
    "description" : "",
    "status" : "passed",
    "steps" : [ {
      "name" : "Folder [extent-reports] was not found, it may have already been deleted.",
      "time" : {
        "start" : 1639272908780,
        "stop" : 1639272908782,
        "duration" : 2
      },
      "status" : "passed",
      "steps" : [ ],
      "attachments" : [ ],
      "parameters" : [ {
        "name" : "actionCounter",
        "value" : "1"
      }, {
        "name" : "logText",
        "value" : "Folder [extent-reports] was not found, it may have already been deleted."
      } ],
      "shouldDisplayMessage" : false,
      "hasContent" : true,
      "stepsCount" : 0,
      "attachmentsCount" : 0
    } ],
    "attachments" : [ {
      "uid" : "401d58817defd3c5",
      "name" : "Attachment: SHAFT Links - Important",
      "source" : "401d58817defd3c5.uri",
      "type" : "text/uri-list",
      "size" : 346
    }, {
      "uid" : "6812bcc348f1a8e9",
      "name" : "Attachment: Properties - ExecutionPlatform",
      "source" : "6812bcc348f1a8e9.properties",
      "type" : "text/plain",
      "size" : 394
    } ],
    "parameters" : [ ],
    "shouldDisplayMessage" : false,
    "hasContent" : true,
    "stepsCount" : 1,
    "attachmentsCount" : 2
  } ],
  "testStage" : {
    "status" : "skipped",
    "statusMessage" : "Couldn't find the desired file. [src/test/resources/testDataFiles/Google/SimpleSearch.xlsx].",
    "statusTrace" : "java.lang.AssertionError: Couldn't find the desired file. [src/test/resources/testDataFiles/Google/SimpleSearch.xlsx].\n\tat org.testng.Assert.fail(Assert.java:99)\n\tat com.shaft.tools.io.ExcelFileManager.<init>(ExcelFileManager.java:48)\n\tat tests.gui.google.D_Search_PageObjectModel_Traditional_DataDriven.beforeClass(D_Search_PageObjectModel_Traditional_DataDriven.java:46)\n\tat java.base/jdk.internal.reflect.NativeMethodAccessorImpl.invoke0(Native Method)\n\tat java.base/jdk.internal.reflect.NativeMethodAccessorImpl.invoke(NativeMethodAccessorImpl.java:77)\n\tat java.base/jdk.internal.reflect.DelegatingMethodAccessorImpl.invoke(DelegatingMethodAccessorImpl.java:43)\n\tat java.base/java.lang.reflect.Method.invoke(Method.java:568)\n\tat org.testng.internal.MethodInvocationHelper.invokeMethod(MethodInvocationHelper.java:133)\n\tat org.testng.internal.MethodInvocationHelper.invokeMethodConsideringTimeout(MethodInvocationHelper.java:62)\n\tat org.testng.internal.ConfigInvoker.invokeConfigurationMethod(ConfigInvoker.java:385)\n\tat org.testng.internal.ConfigInvoker.invokeConfigurations(ConfigInvoker.java:321)\n\tat org.testng.internal.TestMethodWorker.invokeBeforeClassMethods(TestMethodWorker.java:176)\n\tat org.testng.internal.TestMethodWorker.run(TestMethodWorker.java:122)\n\tat java.base/java.util.ArrayList.forEach(ArrayList.java:1511)\n\tat org.testng.TestRunner.privateRun(TestRunner.java:794)\n\tat org.testng.TestRunner.run(TestRunner.java:596)\n\tat org.testng.SuiteRunner.runTest(SuiteRunner.java:377)\n\tat org.testng.SuiteRunner.runSequentially(SuiteRunner.java:371)\n\tat org.testng.SuiteRunner.privateRun(SuiteRunner.java:332)\n\tat org.testng.SuiteRunner.run(SuiteRunner.java:276)\n\tat org.testng.SuiteRunnerWorker.runSuite(SuiteRunnerWorker.java:53)\n\tat org.testng.SuiteRunnerWorker.run(SuiteRunnerWorker.java:96)\n\tat org.testng.TestNG.runSuitesSequentially(TestNG.java:1212)\n\tat org.testng.TestNG.runSuitesLocally(TestNG.java:1134)\n\tat org.testng.TestNG.runSuites(TestNG.java:1063)\n\tat org.testng.TestNG.run(TestNG.java:1031)\n\tat org.apache.maven.surefire.testng.TestNGExecutor.run(TestNGExecutor.java:136)\n\tat org.apache.maven.surefire.testng.TestNGDirectoryTestSuite.executeMulti(TestNGDirectoryTestSuite.java:193)\n\tat org.apache.maven.surefire.testng.TestNGDirectoryTestSuite.execute(TestNGDirectoryTestSuite.java:94)\n\tat org.apache.maven.surefire.testng.TestNGProvider.invoke(TestNGProvider.java:145)\n\tat org.apache.maven.surefire.booter.ForkedBooter.runSuitesInProcess(ForkedBooter.java:428)\n\tat org.apache.maven.surefire.booter.ForkedBooter.execute(ForkedBooter.java:162)\n\tat org.apache.maven.surefire.booter.ForkedBooter.run(ForkedBooter.java:562)\n\tat org.apache.maven.surefire.booter.ForkedBooter.main(ForkedBooter.java:548)\n",
    "steps" : [ ],
    "attachments" : [ {
      "uid" : "46700c4300b25feb",
      "name" : "Attachment: SHAFT Engine Logs - Current Method log: navigateToGoogleHomeAndAssertGoogleLogoIsDisplayed",
      "source" : "46700c4300b25feb.txt",
      "type" : "text/plain",
      "size" : 488
    } ],
    "parameters" : [ ],
    "shouldDisplayMessage" : true,
    "hasContent" : true,
    "stepsCount" : 0,
    "attachmentsCount" : 1
  },
  "afterStages" : [ {
    "name" : "afterMethod",
    "time" : {
      "start" : 1639272968306,
      "stop" : 1639272968306,
      "duration" : 0
    },
    "description" : "",
    "status" : "broken",
    "steps" : [ ],
    "attachments" : [ ],
    "parameters" : [ ],
    "shouldDisplayMessage" : false,
    "hasContent" : false,
    "stepsCount" : 0,
    "attachmentsCount" : 0
  }, {
    "name" : "teardownActivities",
    "time" : {
      "start" : 1639272968445,
      "stop" : 1639272968831,
      "duration" : 386
    },
    "description" : "",
    "status" : "passed",
    "steps" : [ {
      "name" : "Successfully Closed All Drivers.",
      "time" : {
        "start" : 1639272968446,
        "stop" : 1639272968446,
        "duration" : 0
      },
      "status" : "passed",
      "steps" : [ ],
      "attachments" : [ ],
      "parameters" : [ {
        "name" : "actionCounter",
        "value" : "57"
      }, {
        "name" : "logText",
        "value" : "Successfully Closed All Drivers."
      } ],
      "shouldDisplayMessage" : false,
      "hasContent" : true,
      "stepsCount" : 0,
      "attachmentsCount" : 0
    }, {
      "name" : "Issue Summary: Total Issues = 2, New issues for Failed Tests = 2, Open issues for Passed Tests = 0, Open issues for Failed Tests = 0. Kindly check the attached Issue details.",
      "time" : {
        "start" : 1639272968473,
        "stop" : 1639272968474,
        "duration" : 1
      },
      "status" : "passed",
      "steps" : [ ],
      "attachments" : [ {
        "uid" : "83e49ed4bdd66a31",
        "name" : "Attachment: SHAFT Engine Logs - Issues log CSV: 20211212-013608",
        "source" : "83e49ed4bdd66a31.csv",
        "type" : "text/csv",
        "size" : 342
      } ],
      "parameters" : [ {
        "name" : "actionCounter",
        "value" : "58"
      }, {
        "name" : "logText",
        "value" : "Issue Summary: Total Issues = 2, New issues for Failed Tests = 2, Open issues for Passed Tests = 0, Open issues for Failed Tests = 0. Kindly check the attached Issue details."
      }, {
        "name" : "attachments",
        "value" : "[[SHAFT Engine Logs, Issues log CSV: 20211212-013608, java.io.ByteArrayInputStream@14a37127]]"
      } ],
      "shouldDisplayMessage" : false,
      "hasContent" : true,
      "stepsCount" : 0,
      "attachmentsCount" : 1
    } ],
    "attachments" : [ {
      "uid" : "d578a285deb3a2f",
      "name" : "Attachment: SHAFT Engine Logs - Execution log: 20211212-013608",
      "source" : "d578a285deb3a2f.txt",
      "type" : "text/plain",
      "size" : 29498
    }, {
      "uid" : "86aa9c3f34388f8a",
      "name" : "Attachment: HTML - Extent Emailable Execution Report",
      "source" : "86aa9c3f34388f8a.html",
      "type" : "text/html",
      "size" : 752803
    } ],
    "parameters" : [ ],
    "shouldDisplayMessage" : false,
    "hasContent" : true,
    "stepsCount" : 2,
    "attachmentsCount" : 3
  } ],
  "labels" : [ {
    "name" : "package",
    "value" : "tests.gui.google.D_Search_PageObjectModel_Traditional_DataDriven"
  }, {
    "name" : "testClass",
    "value" : "tests.gui.google.D_Search_PageObjectModel_Traditional_DataDriven"
  }, {
    "name" : "testMethod",
    "value" : "navigateToGoogleHomeAndAssertGoogleLogoIsDisplayed"
  }, {
    "name" : "parentSuite",
    "value" : "SHAFT: Custom Suite"
  }, {
    "name" : "suite",
    "value" : "SHAFT: Custom Test"
  }, {
    "name" : "subSuite",
    "value" : "tests.gui.google.D_Search_PageObjectModel_Traditional_DataDriven"
  }, {
    "name" : "host",
    "value" : "fv-az36-855"
  }, {
    "name" : "thread",
    "value" : "4131@fv-az36-855.main(1)"
  }, {
    "name" : "framework",
    "value" : "testng"
  }, {
    "name" : "language",
    "value" : "java"
  }, {
    "name" : "resultFormat",
    "value" : "allure2"
  } ],
  "parameters" : [ ],
  "links" : [ ],
  "hidden" : false,
  "retry" : false,
  "extra" : {
    "severity" : "normal",
    "retries" : [ ],
    "categories" : [ ],
    "history" : {
      "statistic" : {
        "failed" : 0,
        "broken" : 0,
        "skipped" : 65,
        "passed" : 0,
        "unknown" : 0,
        "total" : 65
      },
      "items" : [ {
        "uid" : "bf38ffbf8a2cc539",
        "reportUrl" : "https://Dorgham4.github.io/io.github.alidorgham/allure/68//#testresult/bf38ffbf8a2cc539",
        "status" : "skipped",
        "statusDetails" : "Couldn't find the desired file. [src/test/resources/testDataFiles/Google/SimpleSearch.xlsx].",
        "time" : {
          "start" : 1639247840610,
          "stop" : 1639247840613,
          "duration" : 3
        }
      }, {
        "uid" : "1d8e1f5666797419",
        "reportUrl" : "https://Dorgham4.github.io/io.github.alidorgham/allure/67//#testresult/1d8e1f5666797419",
        "status" : "skipped",
        "statusDetails" : "Couldn't find the desired file. [src/test/resources/testDataFiles/Google/SimpleSearch.xlsx].",
        "time" : {
          "start" : 1639226971590,
          "stop" : 1639226971592,
          "duration" : 2
        }
      }, {
        "uid" : "c2a2c2f67d71ac96",
        "reportUrl" : "https://Dorgham4.github.io/io.github.alidorgham/allure/66//#testresult/c2a2c2f67d71ac96",
        "status" : "skipped",
        "statusDetails" : "Couldn't find the desired file. [src/test/resources/testDataFiles/Google/SimpleSearch.xlsx].",
        "time" : {
          "start" : 1639204718357,
          "stop" : 1639204718358,
          "duration" : 1
        }
      }, {
        "uid" : "7e99b2b723ce76b7",
        "reportUrl" : "https://Dorgham4.github.io/io.github.alidorgham/allure/65//#testresult/7e99b2b723ce76b7",
        "status" : "skipped",
        "statusDetails" : "Couldn't find the desired file. [src/test/resources/testDataFiles/Google/SimpleSearch.xlsx].",
        "time" : {
          "start" : 1639186306903,
          "stop" : 1639186306903,
          "duration" : 0
        }
      }, {
        "uid" : "b51beb5c02a89e5e",
        "reportUrl" : "https://Dorgham4.github.io/io.github.alidorgham/allure/64//#testresult/b51beb5c02a89e5e",
        "status" : "skipped",
        "statusDetails" : "Couldn't find the desired file. [src/test/resources/testDataFiles/Google/SimpleSearch.xlsx].",
        "time" : {
          "start" : 1639161519082,
          "stop" : 1639161519083,
          "duration" : 1
        }
      }, {
        "uid" : "a0053263a92558e9",
        "reportUrl" : "https://Dorgham4.github.io/io.github.alidorgham/allure/63//#testresult/a0053263a92558e9",
        "status" : "skipped",
        "statusDetails" : "Couldn't find the desired file. [src/test/resources/testDataFiles/Google/SimpleSearch.xlsx].",
        "time" : {
          "start" : 1639140634901,
          "stop" : 1639140634913,
          "duration" : 12
        }
      }, {
        "uid" : "6a0347998c6e6452",
        "reportUrl" : "https://Dorgham4.github.io/io.github.alidorgham/allure/62//#testresult/6a0347998c6e6452",
        "status" : "skipped",
        "statusDetails" : "Couldn't find the desired file. [src/test/resources/testDataFiles/Google/SimpleSearch.xlsx].",
        "time" : {
          "start" : 1639118378796,
          "stop" : 1639118378797,
          "duration" : 1
        }
      }, {
        "uid" : "fb573a4e7475d40",
        "reportUrl" : "https://Dorgham4.github.io/io.github.alidorgham/allure/61//#testresult/fb573a4e7475d40",
        "status" : "skipped",
        "statusDetails" : "Couldn't find the desired file. [src/test/resources/testDataFiles/Google/SimpleSearch.xlsx].",
        "time" : {
          "start" : 1639100007588,
          "stop" : 1639100007590,
          "duration" : 2
        }
      }, {
        "uid" : "4b35036b9c5ff3a0",
        "reportUrl" : "https://Dorgham4.github.io/io.github.alidorgham/allure/60//#testresult/4b35036b9c5ff3a0",
        "status" : "skipped",
        "statusDetails" : "Couldn't find the desired file. [src/test/resources/testDataFiles/Google/SimpleSearch.xlsx].",
        "time" : {
          "start" : 1639075171860,
          "stop" : 1639075171861,
          "duration" : 1
        }
      }, {
        "uid" : "5bc9a9153034172c",
        "reportUrl" : "https://Dorgham4.github.io/io.github.alidorgham/allure/59//#testresult/5bc9a9153034172c",
        "status" : "skipped",
        "statusDetails" : "Couldn't find the desired file. [src/test/resources/testDataFiles/Google/SimpleSearch.xlsx].",
        "time" : {
          "start" : 1639054269903,
          "stop" : 1639054269905,
          "duration" : 2
        }
      }, {
        "uid" : "ec51e7b85dd6f2b6",
        "reportUrl" : "https://Dorgham4.github.io/io.github.alidorgham/allure/58//#testresult/ec51e7b85dd6f2b6",
        "status" : "skipped",
        "statusDetails" : "Couldn't find the desired file. [src/test/resources/testDataFiles/Google/SimpleSearch.xlsx].",
        "time" : {
          "start" : 1639031981645,
          "stop" : 1639031981651,
          "duration" : 6
        }
      }, {
        "uid" : "71e206636d9afe70",
        "reportUrl" : "https://Dorgham4.github.io/io.github.alidorgham/allure/57//#testresult/71e206636d9afe70",
        "status" : "skipped",
        "statusDetails" : "Couldn't find the desired file. [src/test/resources/testDataFiles/Google/SimpleSearch.xlsx].",
        "time" : {
          "start" : 1639013603982,
          "stop" : 1639013603986,
          "duration" : 4
        }
      }, {
        "uid" : "9d9d146f31576839",
        "reportUrl" : "https://Dorgham4.github.io/io.github.alidorgham/allure/56//#testresult/9d9d146f31576839",
        "status" : "skipped",
        "statusDetails" : "Couldn't find the desired file. [src/test/resources/testDataFiles/Google/SimpleSearch.xlsx].",
        "time" : {
          "start" : 1638988729046,
          "stop" : 1638988729047,
          "duration" : 1
        }
      }, {
        "uid" : "1136e21037cc26e1",
        "reportUrl" : "https://Dorgham4.github.io/io.github.alidorgham/allure/55//#testresult/1136e21037cc26e1",
        "status" : "skipped",
        "statusDetails" : "Couldn't find the desired file. [src/test/resources/testDataFiles/Google/SimpleSearch.xlsx].",
        "time" : {
          "start" : 1638967920850,
          "stop" : 1638967920851,
          "duration" : 1
        }
      }, {
        "uid" : "ea78d9433beaa4a0",
        "reportUrl" : "https://Dorgham4.github.io/io.github.alidorgham/allure/54//#testresult/ea78d9433beaa4a0",
        "status" : "skipped",
        "statusDetails" : "Couldn't find the desired file. [src/test/resources/testDataFiles/Google/SimpleSearch.xlsx].",
        "time" : {
          "start" : 1638945630572,
          "stop" : 1638945630578,
          "duration" : 6
        }
      }, {
        "uid" : "c796297d709d48c5",
        "reportUrl" : "https://Dorgham4.github.io/io.github.alidorgham/allure/53//#testresult/c796297d709d48c5",
        "status" : "skipped",
        "statusDetails" : "Couldn't find the desired file. [src/test/resources/testDataFiles/Google/SimpleSearch.xlsx].",
        "time" : {
          "start" : 1638927289973,
          "stop" : 1638927289973,
          "duration" : 0
        }
      }, {
        "uid" : "f3eb7784450ff21b",
        "reportUrl" : "https://Dorgham4.github.io/io.github.alidorgham/allure/52//#testresult/f3eb7784450ff21b",
        "status" : "skipped",
        "statusDetails" : "Couldn't find the desired file. [src/test/resources/testDataFiles/Google/SimpleSearch.xlsx].",
        "time" : {
          "start" : 1638902355231,
          "stop" : 1638902355234,
          "duration" : 3
        }
      }, {
        "uid" : "f004d16dc5e1ebdd",
        "reportUrl" : "https://Dorgham4.github.io/io.github.alidorgham/allure/51//#testresult/f004d16dc5e1ebdd",
        "status" : "skipped",
        "statusDetails" : "Couldn't find the desired file. [src/test/resources/testDataFiles/Google/SimpleSearch.xlsx].",
        "time" : {
          "start" : 1638881691671,
          "stop" : 1638881691672,
          "duration" : 1
        }
      }, {
        "uid" : "d11615018a5e0ad4",
        "reportUrl" : "https://Dorgham4.github.io/io.github.alidorgham/allure/50//#testresult/d11615018a5e0ad4",
        "status" : "skipped",
        "statusDetails" : "Couldn't find the desired file. [src/test/resources/testDataFiles/Google/SimpleSearch.xlsx].",
        "time" : {
          "start" : 1638859243079,
          "stop" : 1638859243080,
          "duration" : 1
        }
      }, {
        "uid" : "785e2bbc2b0822a4",
        "reportUrl" : "https://Dorgham4.github.io/io.github.alidorgham/allure/49//#testresult/785e2bbc2b0822a4",
        "status" : "skipped",
        "statusDetails" : "Couldn't find the desired file. [src/test/resources/testDataFiles/Google/SimpleSearch.xlsx].",
        "time" : {
          "start" : 1638841023047,
          "stop" : 1638841023048,
          "duration" : 1
        }
      } ]
    },
    "tags" : [ ]
  },
  "source" : "f3085d31feaf7104.json",
  "parameterValues" : [ ]
}