{
  "uid" : "4b4757e66a1912dae1a509f688f20b0f",
  "children" : [ {
    "name" : "Product defects",
    "children" : [ {
      "name" : "Assertion [ValidateElementAttribute] FAILED. Expected [Value Should be 'MohabMohie' for the 'Text' attribute, element locator 'By.xpath: (//h1[contains(text(),'Search Result')]/following-sibling::div//a/h3)[1]'] and Actual [SHAFT: Unified Test Automation Engine - GitHub]. Comparison Type [CONTAINS]. Validation Type [POSITIVE].",
      "children" : [ {
        "name" : "searchForQueryAndAssertFirstResultTextIsCorrect",
        "uid" : "d1e02b76798453cd",
        "parentUid" : "36f771086daca37e576c8f54ca78e2e8",
        "status" : "failed",
        "time" : {
          "start" : 1641260381101,
          "stop" : 1641260384186,
          "duration" : 3085
        },
        "flaky" : false,
        "newFailed" : false,
        "parameters" : [ ]
      } ],
      "uid" : "36f771086daca37e576c8f54ca78e2e8"
    }, {
      "name" : "Couldn't find the desired file. [src/test/resources/testDataFiles/Google/SimpleSearch.xlsx].",
      "children" : [ {
        "name" : "beforeClass",
        "uid" : "1676f4f36baadf94",
        "parentUid" : "0cf878649e8dacea607ed6d8ff7b1a2f",
        "status" : "failed",
        "time" : {
          "start" : 1641260384503,
          "stop" : 1641260384504,
          "duration" : 1
        },
        "flaky" : false,
        "newFailed" : false,
        "parameters" : [ ]
      }, {
        "name" : "beforeClass",
        "uid" : "a3d0bc24239b2c77",
        "parentUid" : "0cf878649e8dacea607ed6d8ff7b1a2f",
        "status" : "failed",
        "time" : {
          "start" : 1641260391493,
          "stop" : 1641260391493,
          "duration" : 0
        },
        "flaky" : false,
        "newFailed" : false,
        "parameters" : [ ]
      }, {
        "name" : "beforeClass",
        "uid" : "469cfaeb1c3b45ec",
        "parentUid" : "0cf878649e8dacea607ed6d8ff7b1a2f",
        "status" : "failed",
        "time" : {
          "start" : 1641260391520,
          "stop" : 1641260391520,
          "duration" : 0
        },
        "flaky" : false,
        "newFailed" : false,
        "parameters" : [ ]
      }, {
        "name" : "beforeClass",
        "uid" : "de4a2e5288aa9a3",
        "parentUid" : "0cf878649e8dacea607ed6d8ff7b1a2f",
        "status" : "failed",
        "time" : {
          "start" : 1641260391549,
          "stop" : 1641260391549,
          "duration" : 0
        },
        "flaky" : false,
        "newFailed" : false,
        "parameters" : [ ]
      } ],
      "uid" : "0cf878649e8dacea607ed6d8ff7b1a2f"
    }, {
      "name" : "Assertion [ValidateEquals] FAILED. Expected [MohabMohie] and Actual [SHAFT: Unified Test Automation Engine - GitHub]. Comparison Type [CONTAINS]. Validation Type [POSITIVE].",
      "children" : [ {
        "name" : "searchForQueryAndAssertFirstResultTextIsCorrect",
        "uid" : "d55222b7e8316f35",
        "parentUid" : "ab225c3efa9697d821bd8bd14f8e852f",
        "status" : "failed",
        "time" : {
          "start" : 1641260389153,
          "stop" : 1641260391213,
          "duration" : 2060
        },
        "flaky" : false,
        "newFailed" : false,
        "parameters" : [ ]
      } ],
      "uid" : "ab225c3efa9697d821bd8bd14f8e852f"
    } ],
    "uid" : "8fb3a91ba5aaf9de24cc8a92edc82b5d"
  }, {
    "name" : "Test defects",
    "children" : [ {
      "name" : "Could not start a new session. Response code 500. Message: unknown error: Chrome failed to start: crashed.\n  (unknown error: DevToolsActivePort file doesn't exist)\n  (The process started from chrome location /usr/bin/google-chrome is no longer running, so ChromeDriver is assuming that Chrome has crashed.)\nBuild info: version: '4.0.0', revision: '3a21814679'\nSystem info: host: 'fv-az42-180', ip: '10.1.0.105', os.name: 'Linux', os.arch: 'amd64', os.version: '5.11.0-1022-azure', java.version: '17.0.1'\nDriver info: org.openqa.selenium.chrome.ChromeDriver\nCommand: [null, newSession {capabilities=[Capabilities {browserName: chrome, goog:chromeOptions: {args: [], extensions: []}}], desiredCapabilities=Capabilities {browserName: chrome, goog:chromeOptions: {args: [], extensions: []}}}]",
      "children" : [ {
        "name" : "beforeMethod",
        "uid" : "62fea5897ed208db",
        "parentUid" : "e2552935311c06f9c6a5aaec86029355",
        "status" : "broken",
        "time" : {
          "start" : 1641260415151,
          "stop" : 1641260415152,
          "duration" : 1
        },
        "flaky" : false,
        "newFailed" : false,
        "parameters" : [ ]
      } ],
      "uid" : "e2552935311c06f9c6a5aaec86029355"
    } ],
    "uid" : "bdbf199525818fae7a8651db9eafe741"
  } ],
  "name" : "categories"
}