################################################################################################################################################
Detected SHAFT Engine Version: [SHAFT Engine v5.4.20211117-BETA]
################################################################################################################################################
[ReportManager] File Action [GetAbsolutePath] successfully performed. With the following test data [Relative Folder Path: "target/downloadedFiles/"]. @25-12-2021 18:37:11.0983 PM
[ReportManager] Attempting to run remotely on: [Linux-64], [GoogleChrome], [http://localhost:4444/wd/hub], Headless Execution. @25-12-2021 18:37:11.0997 PM
[ReportManager] Successfully Opened [GoogleChrome]. @25-12-2021 18:37:13.0806 PM
[ReportManager] Target URL: [https://www.google.com/ncr], and after redirection: [https://www.google.com] @25-12-2021 18:37:13.0816 PM
[ReportManager] Initial URL: [data:,] @25-12-2021 18:37:13.0937 PM
[ReportManager] Browser Action [NavigateToURL] successfully performed. With the following test data [https://www.google.com/ncr]. @25-12-2021 18:37:15.0370 P

################################################################################################################################################
Starting Execution:	[1 out of 23] test cases in the current suite
Test Method:		[tests.gui.google.B_Search_FlatTest_SHAFT.navigateToGoogleHomeAndAssertGoogleLogoIsDisplayed]
################################################################################################################################################
[ReportManager] File Action [DoesFileExist] successfully performed. With the following test data [File Path: "src/main/resources/dynamicObjectRepository/tests_gui_google_B_Search_FlatTest_SHAFT_navigateToGoogleHomeAndAssertGoogleLogoIsDisplayed_By_xpath_img_id_hplogo_or_alt_Google.png"]. @25-12-2021 18:37:15.0525 PM
[ReportManager] File Action [GetAbsolutePath] successfully performed. With the following test data [Relative Folder Path: "src/main/resources/dynamicObjectRepository/tests_gui_google_B_Search_FlatTest_SHAFT_navigateToGoogleHomeAndAssertGoogleLogoIsDisplayed_By_xpath_img_id_hplogo_or_alt_Google.png"]. @25-12-2021 18:37:15.0525 PM
[ReportManager] File Action [ReadFromImageFile] successfully performed. With the following test data [File Path: "/home/runner/work/io.github.alidorgham/io.github.alidorgham/src/main/resources/dynamicObjectRepository/tests_gui_google_B_Search_FlatTest_SHAFT_navigateToGoogleHomeAndAssertGoogleLogoIsDisplayed_By_xpath_img_id_hplogo_or_alt_Google.png"]. @25-12-2021 18:37:15.0526 PM
[ReportManager] File Action [DoesFileExist] successfully performed. With the following test data [File Path: "src/main/resources/dynamicObjectRepository/tests_gui_google_B_Search_FlatTest_SHAFT_navigateToGoogleHomeAndAssertGoogleLogoIsDisplayed_By_xpath_img_id_hplogo_or_alt_Google.png"]. @25-12-2021 18:37:15.0825 PM
[ReportManager] File Action [DoesFileExist] successfully performed. With the following test data [File Path: "src/main/resources/dynamicObjectRepository/tests_gui_google_B_Search_FlatTest_SHAFT_navigateToGoogleHomeAndAssertGoogleLogoIsDisplayed_By_xpath_img_id_hplogo_or_alt_Google.png"]. @25-12-2021 18:37:15.0825 PM
[ReportManager] Loaded Shared OpenCV @25-12-2021 18:37:16.0269 PM
[ReportManager] Successfully identified the element using AI; OpenCV. @25-12-2021 18:37:16.0293 PM
[ReportManager] Assertion Passed: Asserting that the Google logo is displayed @25-12-2021 18:37:16.0295 PM
[ReportManager] Successfully created attachment [Validation Test Data - Reference Screenshot] @25-12-2021 18:37:16.0300 PM
[ReportManager] Successfully created attachment [Validation Test Data - Actual Screenshot] @25-12-2021 18:37:16.0301 PM
[ReportManager] Assertion [ValidateElementMatches] PASSED. Expected [Element should match the reference screenshot] and Actual [TRUE]. Comparison Type [EXACT_OPENCV]. Validation Type [POSITIVE]. @25-12-2021 18:37:16.0301 P
[ReportManager] Browser Action [CloseCurrentWindow] successfully performed. @25-12-2021 18:37:16.0515 PM
[ReportManager] Successfully created attachment [Browser Action Test Data - CloseCurrentWindow - Actual Value] @25-12-2021 18:37:16.0519 P
[ReportManager] File Action [GetAbsolutePath] successfully performed. With the following test data [Relative Folder Path: "target/downloadedFiles/"]. @25-12-2021 18:37:16.0537 PM
[ReportManager] Attempting to run remotely on: [Linux-64], [GoogleChrome], [http://localhost:4444/wd/hub], Headless Execution. @25-12-2021 18:37:16.0538 PM
[ReportManager] Successfully Opened [GoogleChrome]. @25-12-2021 18:37:17.0010 PM
[ReportManager] Target URL: [https://www.google.com/ncr], and after redirection: [https://www.google.com] @25-12-2021 18:37:17.0010 PM
[ReportManager] Initial URL: [data:,] @25-12-2021 18:37:17.0116 PM
[ReportManager] Browser Action [NavigateToURL] successfully performed. With the following test data [https://www.google.com/ncr]. @25-12-2021 18:37:18.0076 P

################################################################################################################################################
Starting Execution:	[2 out of 23] test cases in the current suite
Test Method:		[tests.gui.google.B_Search_FlatTest_SHAFT.navigateToGoogleHomeAndAssertPageTitle]
################################################################################################################################################
[ReportManager] Browser Action [GetCurrentWindowTitle] successfully performed. With the following test data [Google]. @25-12-2021 18:37:18.0146 PM
[ReportManager] Assertion Passed: Asserting that the page title is Google @25-12-2021 18:37:18.0809 PM
[ReportManager] Successfully created attachment [Screenshot - 1640457438348_navigateToGoogleHomeAndAssertPageTitle_ValidateBrowserAttribute_passed] @25-12-2021 18:37:18.0839 PM
[ReportManager] Assertion [ValidateBrowserAttribute] PASSED. Expected [Value Should be 'Google' for the 'Title' attribute] and Actual [Google]. Comparison Type [EQUALS]. Validation Type [POSITIVE]. @25-12-2021 18:37:18.0840 P
[ReportManager] Browser Action [CloseCurrentWindow] successfully performed. @25-12-2021 18:37:19.0006 PM
[ReportManager] Successfully created attachment [Browser Action Test Data - CloseCurrentWindow - Actual Value] @25-12-2021 18:37:19.0011 P
[ReportManager] File Action [GetAbsolutePath] successfully performed. With the following test data [Relative Folder Path: "target/downloadedFiles/"]. @25-12-2021 18:37:19.0016 PM
[ReportManager] Attempting to run remotely on: [Linux-64], [GoogleChrome], [http://localhost:4444/wd/hub], Headless Execution. @25-12-2021 18:37:19.0018 PM
[ReportManager] Successfully Opened [GoogleChrome]. @25-12-2021 18:37:19.0416 PM
[ReportManager] Target URL: [https://www.google.com/ncr], and after redirection: [https://www.google.com] @25-12-2021 18:37:19.0416 PM
[ReportManager] Initial URL: [data:,] @25-12-2021 18:37:19.0515 PM
[ReportManager] Browser Action [NavigateToURL] successfully performed. With the following test data [https://www.google.com/ncr]. @25-12-2021 18:37:20.0518 P

################################################################################################################################################
Starting Execution:	[3 out of 23] test cases in the current suite
Test Method:		[tests.gui.google.B_Search_FlatTest_SHAFT.searchForQueryAndAssertFirstResultTextIsCorrect]
################################################################################################################################################
[ReportManager] Element Action [Type] successfully performed. With the following test data [SHAFT_Engine]. @25-12-2021 18:37:20.0997 PM
[ReportManager] Element Action [KeyPress] successfully performed. With the following test data [ENTER]. @25-12-2021 18:37:22.0531 PM
[ReportManager] Element Action [GetText] successfully performed. With the following test data [SHAFT: Unified Test Automation Engine - GitHub]. @25-12-2021 18:37:22.0670 PM
[ReportManager] Loaded Shared OpenCV @25-12-2021 18:37:23.0060 PM
[ReportManager] Assertion Failed: Asserting that the correct first result is displayed @25-12-2021 18:37:23.0344 PM
[ReportManager] Successfully created attachment [Screenshot - 1640457443060_searchForQueryAndAssertFirstResultTextIsCorrect_ValidateElementAttribute_failed] @25-12-2021 18:37:23.0351 PM
[ReportManager] Assertion [ValidateElementAttribute] FAILED. Expected [Value Should be 'MohabMohie' for the 'Text' attribute, element locator 'By.xpath: (//h1[contains(text(),'Search Result')]/following-sibling::div//a/h3)[1]'] and Actual [SHAFT: Unified Test Automation Engine - GitHub]. Comparison Type [CONTAINS]. Validation Type [POSITIVE]. @25-12-2021 18:37:23.0352 P
[ReportManager] Browser Action [CloseCurrentWindow] successfully performed. @25-12-2021 18:37:23.0684 PM
[ReportManager] Successfully created attachment [Browser Action Test Data - CloseCurrentWindow - Actual Value] @25-12-2021 18:37:23.0695 P
[ReportManager] An Exception Occured with this Message: src/test/resources/testDataFiles/Google/SimpleSearch.xlsx (No such file or directory). @25-12-2021 18:37:23.0711 PM
[ReportManager] Successfully created attachment [Exception Stack Trace - java.io.FileNotFoundException] @25-12-2021 18:37:23.0711 PM
[ReportManager] Couldn't find the desired file. [src/test/resources/testDataFiles/Google/SimpleSearch.xlsx]. @25-12-2021 18:37:23.0712 P


################################################################################################################################################
Starting Execution:	[4 out of 23] test cases in the current suite
Test Method:		[tests.gui.google.G_Search_PageObjectModel_ThreadSafe.navigateToGoogleHomeAndAssertGoogleLogoIsDisplayed]
###############################################################################################################################################



################################################################################################################################################
Starting Execution:	[5 out of 23] test cases in the current suite
Test Method:		[tests.gui.google.G_Search_PageObjectModel_ThreadSafe.navigateToGoogleHomeAndAssertPageTitle]
###############################################################################################################################################



################################################################################################################################################
Starting Execution:	[6 out of 23] test cases in the current suite
Test Method:		[tests.gui.google.G_Search_PageObjectModel_ThreadSafe.searchForQueryAndAssertFirstResultTextIsCorrect]
###############################################################################################################################################

[ReportManager] File Action [GetAbsolutePath] successfully performed. With the following test data [Relative Folder Path: "target/downloadedFiles/"]. @25-12-2021 18:37:23.0750 PM
[ReportManager] Attempting to run remotely on: [Linux-64], [GoogleChrome], [http://localhost:4444/wd/hub], Headless Execution. @25-12-2021 18:37:23.0751 PM
[ReportManager] Successfully Opened [GoogleChrome]. @25-12-2021 18:37:24.0146 PM
[ReportManager] Target URL: [https://www.google.com/ncr], and after redirection: [https://www.google.com] @25-12-2021 18:37:24.0149 PM
[ReportManager] Initial URL: [data:,] @25-12-2021 18:37:24.0223 PM
[ReportManager] Browser Action [NavigateToURL] successfully performed. With the following test data [https://www.google.com/ncr]. @25-12-2021 18:37:25.0168 P

################################################################################################################################################
Starting Execution:	[7 out of 23] test cases in the current suite
Test Method:		[tests.gui.google.C_Search_PageObjectModel_Traditional.navigateToGoogleHomeAndAssertGoogleLogoIsDisplayed]
################################################################################################################################################
[ReportManager] Element Action [IsElementDisplayed] successfully performed. @25-12-2021 18:37:25.0301 PM
[ReportManager] Assertion Passed: Asserting that the Google logo is displayed @25-12-2021 18:37:25.0302 PM
[ReportManager] Assertion [ValidateTrue] PASSED. Expected [TRUE] and Actual [TRUE]. Validation Type [POSITIVE]. @25-12-2021 18:37:25.0302 P
[ReportManager] Browser Action [CloseCurrentWindow] successfully performed. @25-12-2021 18:37:25.0434 PM
[ReportManager] Successfully created attachment [Browser Action Test Data - CloseCurrentWindow - Actual Value] @25-12-2021 18:37:25.0435 P
[ReportManager] File Action [GetAbsolutePath] successfully performed. With the following test data [Relative Folder Path: "target/downloadedFiles/"]. @25-12-2021 18:37:25.0438 PM
[ReportManager] Attempting to run remotely on: [Linux-64], [GoogleChrome], [http://localhost:4444/wd/hub], Headless Execution. @25-12-2021 18:37:25.0440 PM
[ReportManager] Successfully Opened [GoogleChrome]. @25-12-2021 18:37:25.0669 PM
[ReportManager] Target URL: [https://www.google.com/ncr], and after redirection: [https://www.google.com] @25-12-2021 18:37:25.0669 PM
[ReportManager] Initial URL: [data:,] @25-12-2021 18:37:25.0760 PM
[ReportManager] Browser Action [NavigateToURL] successfully performed. With the following test data [https://www.google.com/ncr]. @25-12-2021 18:37:26.0688 P

################################################################################################################################################
Starting Execution:	[8 out of 23] test cases in the current suite
Test Method:		[tests.gui.google.C_Search_PageObjectModel_Traditional.navigateToGoogleHomeAndAssertPageTitle]
################################################################################################################################################
[ReportManager] Browser Action [GetCurrentWindowTitle] successfully performed. With the following test data [Google]. @25-12-2021 18:37:26.0756 PM
[ReportManager] Assertion Passed: Asserting that the page title is Google @25-12-2021 18:37:26.0757 PM
[ReportManager] Assertion [ValidateEquals] PASSED. Expected [Google] and Actual [Google]. Comparison Type [EQUALS]. Validation Type [POSITIVE]. @25-12-2021 18:37:26.0757 P
[ReportManager] Browser Action [CloseCurrentWindow] successfully performed. @25-12-2021 18:37:26.0892 PM
[ReportManager] Successfully created attachment [Browser Action Test Data - CloseCurrentWindow - Actual Value] @25-12-2021 18:37:26.0893 P
[ReportManager] File Action [GetAbsolutePath] successfully performed. With the following test data [Relative Folder Path: "target/downloadedFiles/"]. @25-12-2021 18:37:26.0901 PM
[ReportManager] Attempting to run remotely on: [Linux-64], [GoogleChrome], [http://localhost:4444/wd/hub], Headless Execution. @25-12-2021 18:37:26.0902 PM
[ReportManager] Successfully Opened [GoogleChrome]. @25-12-2021 18:37:27.0119 PM
[ReportManager] Target URL: [https://www.google.com/ncr], and after redirection: [https://www.google.com] @25-12-2021 18:37:27.0119 PM
[ReportManager] Initial URL: [data:,] @25-12-2021 18:37:27.0213 PM
[ReportManager] Browser Action [NavigateToURL] successfully performed. With the following test data [https://www.google.com/ncr]. @25-12-2021 18:37:28.0116 P

################################################################################################################################################
Starting Execution:	[9 out of 23] test cases in the current suite
Test Method:		[tests.gui.google.C_Search_PageObjectModel_Traditional.searchForQueryAndAssertFirstResultTextIsCorrect]
################################################################################################################################################
[ReportManager] Element Action [Type] successfully performed. With the following test data [SHAFT_Engine]. @25-12-2021 18:37:28.0584 PM
[ReportManager] Element Action [KeyPress] successfully performed. With the following test data [ENTER]. @25-12-2021 18:37:29.0989 PM
[ReportManager] Element Action [GetText] successfully performed. With the following test data [SHAFT: Unified Test Automation Engine - GitHub]. @25-12-2021 18:37:30.0121 PM
[ReportManager] Assertion Failed: Asserting that the correct first result is displayed @25-12-2021 18:37:30.0121 PM
[ReportManager] Assertion [ValidateEquals] FAILED. Expected [MohabMohie] and Actual [SHAFT: Unified Test Automation Engine - GitHub]. Comparison Type [CONTAINS]. Validation Type [POSITIVE]. @25-12-2021 18:37:30.0121 P
[ReportManager] Browser Action [CloseCurrentWindow] successfully performed. @25-12-2021 18:37:30.0394 PM
[ReportManager] Successfully created attachment [Browser Action Test Data - CloseCurrentWindow - Actual Value] @25-12-2021 18:37:30.0397 P
[ReportManager] An Exception Occured with this Message: src/test/resources/testDataFiles/Google/SimpleSearch.xlsx (No such file or directory). @25-12-2021 18:37:30.0405 PM
[ReportManager] Successfully created attachment [Exception Stack Trace - java.io.FileNotFoundException] @25-12-2021 18:37:30.0405 PM
[ReportManager] Couldn't find the desired file. [src/test/resources/testDataFiles/Google/SimpleSearch.xlsx]. @25-12-2021 18:37:30.0405 P


################################################################################################################################################
Starting Execution:	[10 out of 23] test cases in the current suite
Test Method:		[tests.gui.google.F_Search_PageObjectModel_Fluent.navigateToGoogleHomeAndAssertGoogleLogoIsDisplayed]
###############################################################################################################################################



################################################################################################################################################
Starting Execution:	[11 out of 23] test cases in the current suite
Test Method:		[tests.gui.google.F_Search_PageObjectModel_Fluent.navigateToGoogleHomeAndAssertPageTitle]
###############################################################################################################################################



################################################################################################################################################
Starting Execution:	[12 out of 23] test cases in the current suite
Test Method:		[tests.gui.google.F_Search_PageObjectModel_Fluent.searchForQueryAndAssertFirstResultTextIsCorrect]
###############################################################################################################################################

[ReportManager] An Exception Occured with this Message: src/test/resources/testDataFiles/Google/SimpleSearch.xlsx (No such file or directory). @25-12-2021 18:37:30.0460 PM
[ReportManager] Successfully created attachment [Exception Stack Trace - java.io.FileNotFoundException] @25-12-2021 18:37:30.0460 PM
[ReportManager] Couldn't find the desired file. [src/test/resources/testDataFiles/Google/SimpleSearch.xlsx]. @25-12-2021 18:37:30.0460 P


################################################################################################################################################
Starting Execution:	[13 out of 23] test cases in the current suite
Test Method:		[tests.gui.google.E_Search_PageObjectModel_Traditional_SHAFTAssertions.navigateToGoogleHomeAndAssertGoogleLogoIsDisplayed]
###############################################################################################################################################



################################################################################################################################################
Starting Execution:	[14 out of 23] test cases in the current suite
Test Method:		[tests.gui.google.E_Search_PageObjectModel_Traditional_SHAFTAssertions.navigateToGoogleHomeAndAssertPageTitle]
###############################################################################################################################################



################################################################################################################################################
Starting Execution:	[15 out of 23] test cases in the current suite
Test Method:		[tests.gui.google.E_Search_PageObjectModel_Traditional_SHAFTAssertions.searchForQueryAndAssertFirstResultTextIsCorrect]
###############################################################################################################################################

[ReportManager] An Exception Occured with this Message: src/test/resources/testDataFiles/Google/SimpleSearch.xlsx (No such file or directory). @25-12-2021 18:37:30.0496 PM
[ReportManager] Successfully created attachment [Exception Stack Trace - java.io.FileNotFoundException] @25-12-2021 18:37:30.0496 PM
[ReportManager] Couldn't find the desired file. [src/test/resources/testDataFiles/Google/SimpleSearch.xlsx]. @25-12-2021 18:37:30.0497 P


################################################################################################################################################
Starting Execution:	[16 out of 23] test cases in the current suite
Test Method:		[tests.gui.google.D_Search_PageObjectModel_Traditional_DataDriven.navigateToGoogleHomeAndAssertGoogleLogoIsDisplayed]
###############################################################################################################################################



################################################################################################################################################
Starting Execution:	[17 out of 23] test cases in the current suite
Test Method:		[tests.gui.google.D_Search_PageObjectModel_Traditional_DataDriven.navigateToGoogleHomeAndAssertPageTitle]
###############################################################################################################################################



################################################################################################################################################
Starting Execution:	[18 out of 23] test cases in the current suite
Test Method:		[tests.gui.google.D_Search_PageObjectModel_Traditional_DataDriven.searchForQueryAndAssertFirstResultTextIsCorrect]
###############################################################################################################################################




################################################################################################################################################
Starting Execution:	[19 out of 23] test cases in the current suite
Test Method:		[tests.gui.google.A_Search_FlatTest_NativeSeleniumWebDriver.navigateToGoogleHomeAndAssertGoogleLogoIsDisplayed]
###############################################################################################################################################



################################################################################################################################################
Starting Execution:	[20 out of 23] test cases in the current suite
Test Method:		[tests.gui.google.A_Search_FlatTest_NativeSeleniumWebDriver.navigateToGoogleHomeAndAssertPageTitle]
###############################################################################################################################################



################################################################################################################################################
Starting Execution:	[21 out of 23] test cases in the current suite
Test Method:		[tests.gui.google.A_Search_FlatTest_NativeSeleniumWebDriver.searchForQueryAndAssertFirstResultTextIsCorrect]
###############################################################################################################################################


################################################################################################################################################
Starting Execution:	[22 out of 23] test cases in the current suite
Test Method:		[tests.api.users.UserData.validateUserEmail]
################################################################################################################################################
[ReportManager] Response status code: [200], status line: [HTTP/1.1 200 OK] @25-12-2021 18:37:50.0106 PM
[ReportManager] Assertion Passed: Evaluating the actual response status code against the expected one... @25-12-2021 18:37:50.0111 PM
[ReportManager] Assertion [ValidateComparativeRelation] PASSED. Expected [200] and Actual [200]. Comparison Type [EQUALS]. Validation Type [POSITIVE]. @25-12-2021 18:37:50.0111 PM
[ReportManager] API Action [PerformRequest] successfully performed. With the following test data [Request Type: "GET" | Target Status Code: "200" | Service URL: "https://jsonplaceholder.typicode.com/users" | Content Type: "*/*" | Response Time: "594ms"]. @25-12-2021 18:37:51.0139 PM
[ReportManager] Successfully created attachment [API Request - Specifications] @25-12-2021 18:37:51.0140 PM
[ReportManager] Successfully created attachment [API Response - JSON Body] @25-12-2021 18:37:51.0400 PM
[ReportManager] Assertion [ValidateEquals] PASSED. Expected and Actual values are attached. Comparison Type [CONTAINS]. Validation Type [POSITIVE]. @25-12-2021 18:37:51.0401 PM
[ReportManager] Successfully created attachment [Validation Test Data - Expected Value] @25-12-2021 18:37:51.0406 PM
[ReportManager] Successfully created attachment [Validation Test Data - Actual Value] @25-12-2021 18:37:51.0407 PM
[ReportManager] API Action [GetResponseJSONValueAsList] successfully performed. With the following test data [$]. @25-12-2021 18:37:51.0428 PM
[ReportManager] API Action [GetResponseJSONValue] successfully performed. With the following test data [name]. @25-12-2021 18:37:51.0460 PM
[ReportManager] API Action [GetResponseJSONValue] successfully performed. With the following test data [email]. @25-12-2021 18:37:51.0483 PM
[ReportManager] Assertion [ValidateEquals] PASSED. Expected [Sincere@april.biz] and Actual [Sincere@april.biz]. Comparison Type [EQUALS]. Validation Type [POSITIVE]. @25-12-2021 18:37:51.0484 PM
[ReportManager] API Action [GetResponseJSONValue] successfully performed. With the following test data [name]. @25-12-2021 18:37:51.0509 PM
[ReportManager] API Action [GetResponseJSONValue] successfully performed. With the following test data [name]. @25-12-2021 18:37:51.0524 PM
[ReportManager] API Action [GetResponseJSONValue] successfully performed. With the following test data [name]. @25-12-2021 18:37:51.0543 PM
[ReportManager] API Action [GetResponseJSONValue] successfully performed. With the following test data [name]. @25-12-2021 18:37:51.0563 PM
[ReportManager] API Action [GetResponseJSONValue] successfully performed. With the following test data [name]. @25-12-2021 18:37:51.0582 PM
[ReportManager] API Action [GetResponseJSONValue] successfully performed. With the following test data [name]. @25-12-2021 18:37:51.0597 PM
[ReportManager] API Action [GetResponseJSONValue] successfully performed. With the following test data [name]. @25-12-2021 18:37:51.0614 PM
[ReportManager] API Action [GetResponseJSONValue] successfully performed. With the following test data [name]. @25-12-2021 18:37:51.0630 PM
[ReportManager] API Action [GetResponseJSONValue] successfully performed. With the following test data [name]. @25-12-2021 18:37:51.0645 P

################################################################################################################################################
Starting Execution:	[23 out of 23] test cases in the current suite
Test Method:		[tests.cli.demo.cliTest.sampleTestCase]
################################################################################################################################################
[ReportManager] Attempting to perform the following command locally. Command: [ls] @25-12-2021 18:37:51.0659 PM
[ReportManager] Terminal Action [PerformTerminalCommands] successfully performed. With the following test data [Host Name: "localHost" | Command: "ls" | Exit Status: "0"]. @25-12-2021 18:37:51.0667 PM
[ReportManager] Successfully created attachment [Terminal Action Actual Result - Command Log] @25-12-2021 18:37:51.0667 PM
[ReportManager] Assertion Passed: Demoing local terminal actions @25-12-2021 18:37:51.0668 PM
[ReportManager] Assertion [ValidateEquals] PASSED. Expected [pom.xml] and Actual [LICENSE
README.md
allure-results
docker-compose_native.yml
docker-compose_zalenium.yml
extent-reports
pom.xml
readMeImgs
src
target]. Comparison Type [CONTAINS]. Validation Type [POSITIVE]. @25-12-2021 18:37:51.0668 P
[ReportManager] Successfully created attachment [SHAFT Engine Logs - Execution log] @25-12-2021 18:37:51.0697 PM

################################################################################################################################################
This test run was powered by SHAFT Engine Version: [SHAFT Engine v5.4.20211117-BETA]
SHAFT Engine is licensed under the MIT License: [https://github.com/MohabMohie/SHAFT_ENGINE/blob/master/LICENSE].
################################################################################################################################################