{
  "uid" : "4b4757e66a1912dae1a509f688f20b0f",
  "children" : [ {
    "name" : "Product defects",
    "children" : [ {
      "name" : "Assertion [ValidateElementAttribute] FAILED. Expected [Value Should be 'MohabMohie' for the 'Text' attribute, element locator 'By.xpath: (//h1[contains(text(),'Search Result')]/following-sibling::div//a/h3)[1]'] and Actual [SHAFT_ENGINE is a Test Automation Engine that ... - GitHub]. Comparison Type [CONTAINS]. Validation Type [POSITIVE].",
      "children" : [ {
        "name" : "searchForQueryAndAssertFirstResultTextIsCorrect",
        "uid" : "68d415b0c79ed9b5",
        "parentUid" : "7ec2ccc38aacde760e1a17d26c12f1c8",
        "status" : "failed",
        "time" : {
          "start" : 1642790110332,
          "stop" : 1642790113138,
          "duration" : 2806
        },
        "flaky" : false,
        "newFailed" : false,
        "parameters" : [ ]
      } ],
      "uid" : "7ec2ccc38aacde760e1a17d26c12f1c8"
    }, {
      "name" : "Couldn't find the desired file. [src/test/resources/testDataFiles/Google/SimpleSearch.xlsx].",
      "children" : [ {
        "name" : "beforeClass",
        "uid" : "66684184d9ac7f3e",
        "parentUid" : "0cf878649e8dacea607ed6d8ff7b1a2f",
        "status" : "failed",
        "time" : {
          "start" : 1642790113422,
          "stop" : 1642790113422,
          "duration" : 0
        },
        "flaky" : false,
        "newFailed" : false,
        "parameters" : [ ]
      }, {
        "name" : "beforeClass",
        "uid" : "9b0f284a7e550527",
        "parentUid" : "0cf878649e8dacea607ed6d8ff7b1a2f",
        "status" : "failed",
        "time" : {
          "start" : 1642790120642,
          "stop" : 1642790120642,
          "duration" : 0
        },
        "flaky" : false,
        "newFailed" : false,
        "parameters" : [ ]
      }, {
        "name" : "beforeClass",
        "uid" : "a9081b6c1545c6af",
        "parentUid" : "0cf878649e8dacea607ed6d8ff7b1a2f",
        "status" : "failed",
        "time" : {
          "start" : 1642790120681,
          "stop" : 1642790120681,
          "duration" : 0
        },
        "flaky" : false,
        "newFailed" : false,
        "parameters" : [ ]
      }, {
        "name" : "beforeClass",
        "uid" : "fa6480e023dc31b6",
        "parentUid" : "0cf878649e8dacea607ed6d8ff7b1a2f",
        "status" : "failed",
        "time" : {
          "start" : 1642790120750,
          "stop" : 1642790120750,
          "duration" : 0
        },
        "flaky" : false,
        "newFailed" : false,
        "parameters" : [ ]
      } ],
      "uid" : "0cf878649e8dacea607ed6d8ff7b1a2f"
    }, {
      "name" : "Assertion [ValidateEquals] FAILED. Expected [MohabMohie] and Actual [SHAFT_ENGINE is a Test Automation Engine that ... - GitHub]. Comparison Type [CONTAINS]. Validation Type [POSITIVE].",
      "children" : [ {
        "name" : "searchForQueryAndAssertFirstResultTextIsCorrect",
        "uid" : "964d4f7a722d48cc",
        "parentUid" : "560f4ba7520edf3654889622d1ec21d5",
        "status" : "failed",
        "time" : {
          "start" : 1642790118340,
          "stop" : 1642790120378,
          "duration" : 2038
        },
        "flaky" : false,
        "newFailed" : false,
        "parameters" : [ ]
      } ],
      "uid" : "560f4ba7520edf3654889622d1ec21d5"
    } ],
    "uid" : "8fb3a91ba5aaf9de24cc8a92edc82b5d"
  }, {
    "name" : "Test defects",
    "children" : [ {
      "name" : "Could not start a new session. Response code 500. Message: unknown error: Chrome failed to start: crashed.\n  (unknown error: DevToolsActivePort file doesn't exist)\n  (The process started from chrome location /usr/bin/google-chrome is no longer running, so ChromeDriver is assuming that Chrome has crashed.)\nBuild info: version: '4.0.0', revision: '3a21814679'\nSystem info: host: 'fv-az121-65', ip: '10.1.1.45', os.name: 'Linux', os.arch: 'amd64', os.version: '5.11.0-1025-azure', java.version: '17.0.2'\nDriver info: org.openqa.selenium.chrome.ChromeDriver\nCommand: [null, newSession {capabilities=[Capabilities {browserName: chrome, goog:chromeOptions: {args: [], extensions: []}}], desiredCapabilities=Capabilities {browserName: chrome, goog:chromeOptions: {args: [], extensions: []}}}]",
      "children" : [ {
        "name" : "beforeMethod",
        "uid" : "c77e83f6d678d230",
        "parentUid" : "85d6d68b55f42e1bc829c7b4704fe097",
        "status" : "broken",
        "time" : {
          "start" : 1642790141026,
          "stop" : 1642790141027,
          "duration" : 1
        },
        "flaky" : false,
        "newFailed" : false,
        "parameters" : [ ]
      } ],
      "uid" : "85d6d68b55f42e1bc829c7b4704fe097"
    } ],
    "uid" : "bdbf199525818fae7a8651db9eafe741"
  } ],
  "name" : "categories"
}