################################################################################################################################################
Detected SHAFT Engine Version: [SHAFT Engine v5.4.20211117-BETA]
################################################################################################################################################

################################################################################################################################################
Starting Execution:	[1 out of 23] test cases in the current suite
Test Method:		[tests.api.users.UserData.validateUserEmail]
################################################################################################################################################
[ReportManager] Response status code: [200], status line: [HTTP/1.1 200 OK] @28-11-2021 06:38:11.0640 AM
[ReportManager] Assertion Passed: Evaluating the actual response status code against the expected one... @28-11-2021 06:38:11.0653 AM
[ReportManager] Assertion [ValidateComparativeRelation] PASSED. Expected [200] and Actual [200]. Comparison Type [EQUALS]. Validation Type [POSITIVE]. @28-11-2021 06:38:11.0659 AM
[ReportManager] API Action [PerformRequest] successfully performed. With the following test data [Request Type: "GET" | Target Status Code: "200" | Service URL: "https://jsonplaceholder.typicode.com/users" | Content Type: "*/*" | Response Time: "1261ms"]. @28-11-2021 06:38:12.0910 AM
[ReportManager] Successfully created attachment [API Request - Specifications] @28-11-2021 06:38:12.0911 AM
[ReportManager] Successfully created attachment [API Response - JSON Body] @28-11-2021 06:38:13.0173 AM
[ReportManager] Assertion [ValidateEquals] PASSED. Expected and Actual values are attached. Comparison Type [CONTAINS]. Validation Type [POSITIVE]. @28-11-2021 06:38:13.0181 AM
[ReportManager] Successfully created attachment [Validation Test Data - Expected Value] @28-11-2021 06:38:13.0182 AM
[ReportManager] Successfully created attachment [Validation Test Data - Actual Value] @28-11-2021 06:38:13.0183 AM
[ReportManager] API Action [GetResponseJSONValueAsList] successfully performed. With the following test data [$]. @28-11-2021 06:38:13.0203 AM
[ReportManager] API Action [GetResponseJSONValue] successfully performed. With the following test data [name]. @28-11-2021 06:38:13.0238 AM
[ReportManager] API Action [GetResponseJSONValue] successfully performed. With the following test data [email]. @28-11-2021 06:38:13.0264 AM
[ReportManager] Assertion [ValidateEquals] PASSED. Expected [Sincere@april.biz] and Actual [Sincere@april.biz]. Comparison Type [EQUALS]. Validation Type [POSITIVE]. @28-11-2021 06:38:13.0265 AM
[ReportManager] API Action [GetResponseJSONValue] successfully performed. With the following test data [name]. @28-11-2021 06:38:13.0293 AM
[ReportManager] API Action [GetResponseJSONValue] successfully performed. With the following test data [name]. @28-11-2021 06:38:13.0312 AM
[ReportManager] API Action [GetResponseJSONValue] successfully performed. With the following test data [name]. @28-11-2021 06:38:13.0332 AM
[ReportManager] API Action [GetResponseJSONValue] successfully performed. With the following test data [name]. @28-11-2021 06:38:13.0351 AM
[ReportManager] API Action [GetResponseJSONValue] successfully performed. With the following test data [name]. @28-11-2021 06:38:13.0375 AM
[ReportManager] API Action [GetResponseJSONValue] successfully performed. With the following test data [name]. @28-11-2021 06:38:13.0392 AM
[ReportManager] API Action [GetResponseJSONValue] successfully performed. With the following test data [name]. @28-11-2021 06:38:13.0412 AM
[ReportManager] API Action [GetResponseJSONValue] successfully performed. With the following test data [name]. @28-11-2021 06:38:13.0479 AM
[ReportManager] API Action [GetResponseJSONValue] successfully performed. With the following test data [name]. @28-11-2021 06:38:13.0497 A

################################################################################################################################################
Starting Execution:	[2 out of 23] test cases in the current suite
Test Method:		[tests.cli.demo.cliTest.sampleTestCase]
################################################################################################################################################
[ReportManager] Attempting to perform the following command locally. Command: [ls] @28-11-2021 06:38:13.0646 AM
[ReportManager] Terminal Action [PerformTerminalCommands] successfully performed. With the following test data [Host Name: "localHost" | Command: "ls" | Exit Status: "0"]. @28-11-2021 06:38:13.0665 AM
[ReportManager] Successfully created attachment [Terminal Action Actual Result - Command Log] @28-11-2021 06:38:13.0666 AM
[ReportManager] Assertion Passed: Demoing local terminal actions @28-11-2021 06:38:13.0670 AM
[ReportManager] Assertion [ValidateEquals] PASSED. Expected [pom.xml] and Actual [LICENSE
README.md
allure-results
docker-compose_native.yml
docker-compose_zalenium.yml
extent-reports
pom.xml
readMeImgs
src
target]. Comparison Type [CONTAINS]. Validation Type [POSITIVE]. @28-11-2021 06:38:13.0670 A
[ReportManager] An Exception Occured with this Message: src/test/resources/testDataFiles/Google/SimpleSearch.xlsx (No such file or directory). @28-11-2021 06:38:13.0685 AM
[ReportManager] Successfully created attachment [Exception Stack Trace - java.io.FileNotFoundException] @28-11-2021 06:38:13.0686 AM
[ReportManager] Couldn't find the desired file. [src/test/resources/testDataFiles/Google/SimpleSearch.xlsx]. @28-11-2021 06:38:13.0687 A


################################################################################################################################################
Starting Execution:	[3 out of 23] test cases in the current suite
Test Method:		[tests.gui.google.D_Search_PageObjectModel_Traditional_DataDriven.navigateToGoogleHomeAndAssertGoogleLogoIsDisplayed]
###############################################################################################################################################



################################################################################################################################################
Starting Execution:	[4 out of 23] test cases in the current suite
Test Method:		[tests.gui.google.D_Search_PageObjectModel_Traditional_DataDriven.navigateToGoogleHomeAndAssertPageTitle]
###############################################################################################################################################



################################################################################################################################################
Starting Execution:	[5 out of 23] test cases in the current suite
Test Method:		[tests.gui.google.D_Search_PageObjectModel_Traditional_DataDriven.searchForQueryAndAssertFirstResultTextIsCorrect]
###############################################################################################################################################

[ReportManager] An Exception Occured with this Message: src/test/resources/testDataFiles/Google/SimpleSearch.xlsx (No such file or directory). @28-11-2021 06:38:13.0760 AM
[ReportManager] Successfully created attachment [Exception Stack Trace - java.io.FileNotFoundException] @28-11-2021 06:38:13.0760 AM
[ReportManager] Couldn't find the desired file. [src/test/resources/testDataFiles/Google/SimpleSearch.xlsx]. @28-11-2021 06:38:13.0761 A


################################################################################################################################################
Starting Execution:	[6 out of 23] test cases in the current suite
Test Method:		[tests.gui.google.E_Search_PageObjectModel_Traditional_SHAFTAssertions.navigateToGoogleHomeAndAssertGoogleLogoIsDisplayed]
###############################################################################################################################################



################################################################################################################################################
Starting Execution:	[7 out of 23] test cases in the current suite
Test Method:		[tests.gui.google.E_Search_PageObjectModel_Traditional_SHAFTAssertions.navigateToGoogleHomeAndAssertPageTitle]
###############################################################################################################################################



################################################################################################################################################
Starting Execution:	[8 out of 23] test cases in the current suite
Test Method:		[tests.gui.google.E_Search_PageObjectModel_Traditional_SHAFTAssertions.searchForQueryAndAssertFirstResultTextIsCorrect]
###############################################################################################################################################

[ReportManager] File Action [GetAbsolutePath] successfully performed. With the following test data [Relative Folder Path: "target/downloadedFiles/"]. @28-11-2021 06:38:13.0795 AM
[ReportManager] Attempting to run remotely on: [Linux-64], [GoogleChrome], [http://localhost:4444/wd/hub], Headless Execution. @28-11-2021 06:38:13.0816 AM
[ReportManager] Successfully Opened [GoogleChrome]. @28-11-2021 06:38:15.0825 AM
[ReportManager] Target URL: [https://www.google.com/ncr], and after redirection: [https://www.google.com] @28-11-2021 06:38:15.0836 AM
[ReportManager] Initial URL: [data:,] @28-11-2021 06:38:15.0984 AM
[ReportManager] Browser Action [NavigateToURL] successfully performed. With the following test data [https://www.google.com/ncr]. @28-11-2021 06:38:17.0353 A

################################################################################################################################################
Starting Execution:	[9 out of 23] test cases in the current suite
Test Method:		[tests.gui.google.C_Search_PageObjectModel_Traditional.navigateToGoogleHomeAndAssertGoogleLogoIsDisplayed]
################################################################################################################################################
[ReportManager] Element Action [IsElementDisplayed] successfully performed. @28-11-2021 06:38:17.0571 AM
[ReportManager] Assertion Passed: Asserting that the Google logo is displayed @28-11-2021 06:38:17.0572 AM
[ReportManager] Assertion [ValidateTrue] PASSED. Expected [TRUE] and Actual [TRUE]. Validation Type [POSITIVE]. @28-11-2021 06:38:17.0572 A
[ReportManager] Browser Action [CloseCurrentWindow] successfully performed. @28-11-2021 06:38:17.0753 AM
[ReportManager] Successfully created attachment [Browser Action Test Data - CloseCurrentWindow - Actual Value] @28-11-2021 06:38:17.0765 A
[ReportManager] File Action [GetAbsolutePath] successfully performed. With the following test data [Relative Folder Path: "target/downloadedFiles/"]. @28-11-2021 06:38:17.0784 AM
[ReportManager] Attempting to run remotely on: [Linux-64], [GoogleChrome], [http://localhost:4444/wd/hub], Headless Execution. @28-11-2021 06:38:17.0784 AM
[ReportManager] Successfully Opened [GoogleChrome]. @28-11-2021 06:38:18.0281 AM
[ReportManager] Target URL: [https://www.google.com/ncr], and after redirection: [https://www.google.com] @28-11-2021 06:38:18.0281 AM
[ReportManager] Initial URL: [data:,] @28-11-2021 06:38:18.0395 AM
[ReportManager] Browser Action [NavigateToURL] successfully performed. With the following test data [https://www.google.com/ncr]. @28-11-2021 06:38:19.0508 A

################################################################################################################################################
Starting Execution:	[10 out of 23] test cases in the current suite
Test Method:		[tests.gui.google.C_Search_PageObjectModel_Traditional.navigateToGoogleHomeAndAssertPageTitle]
################################################################################################################################################
[ReportManager] Browser Action [GetCurrentWindowTitle] successfully performed. With the following test data [Google]. @28-11-2021 06:38:19.0608 AM
[ReportManager] Assertion Passed: Asserting that the page title is Google @28-11-2021 06:38:19.0609 AM
[ReportManager] Assertion [ValidateEquals] PASSED. Expected [Google] and Actual [Google]. Comparison Type [EQUALS]. Validation Type [POSITIVE]. @28-11-2021 06:38:19.0609 A
[ReportManager] Browser Action [CloseCurrentWindow] successfully performed. @28-11-2021 06:38:19.0776 AM
[ReportManager] Successfully created attachment [Browser Action Test Data - CloseCurrentWindow - Actual Value] @28-11-2021 06:38:19.0777 A
[ReportManager] File Action [GetAbsolutePath] successfully performed. With the following test data [Relative Folder Path: "target/downloadedFiles/"]. @28-11-2021 06:38:19.0792 AM
[ReportManager] Attempting to run remotely on: [Linux-64], [GoogleChrome], [http://localhost:4444/wd/hub], Headless Execution. @28-11-2021 06:38:19.0792 AM
[ReportManager] Successfully Opened [GoogleChrome]. @28-11-2021 06:38:20.0229 AM
[ReportManager] Target URL: [https://www.google.com/ncr], and after redirection: [https://www.google.com] @28-11-2021 06:38:20.0230 AM
[ReportManager] Initial URL: [data:,] @28-11-2021 06:38:20.0342 AM
[ReportManager] Browser Action [NavigateToURL] successfully performed. With the following test data [https://www.google.com/ncr]. @28-11-2021 06:38:21.0396 A

################################################################################################################################################
Starting Execution:	[11 out of 23] test cases in the current suite
Test Method:		[tests.gui.google.C_Search_PageObjectModel_Traditional.searchForQueryAndAssertFirstResultTextIsCorrect]
################################################################################################################################################
[ReportManager] Element Action [Type] successfully performed. With the following test data [SHAFT_Engine]. @28-11-2021 06:38:22.0013 AM
[ReportManager] Element Action [KeyPress] successfully performed. With the following test data [ENTER]. @28-11-2021 06:38:23.0589 AM
[ReportManager] Element Action [GetText] successfully performed. With the following test data [SHAFT: Unified Test Automation Engine - GitHub]. @28-11-2021 06:38:23.0750 AM
[ReportManager] Assertion Failed: Asserting that the correct first result is displayed @28-11-2021 06:38:23.0751 AM
[ReportManager] Assertion [ValidateEquals] FAILED. Expected [MohabMohie] and Actual [SHAFT: Unified Test Automation Engine - GitHub]. Comparison Type [CONTAINS]. Validation Type [POSITIVE]. @28-11-2021 06:38:23.0751 A
[ReportManager] Browser Action [CloseCurrentWindow] successfully performed. @28-11-2021 06:38:24.0062 AM
[ReportManager] Successfully created attachment [Browser Action Test Data - CloseCurrentWindow - Actual Value] @28-11-2021 06:38:24.0072 A



################################################################################################################################################
Starting Execution:	[12 out of 23] test cases in the current suite
Test Method:		[tests.gui.google.A_Search_FlatTest_NativeSeleniumWebDriver.navigateToGoogleHomeAndAssertGoogleLogoIsDisplayed]
###############################################################################################################################################



################################################################################################################################################
Starting Execution:	[13 out of 23] test cases in the current suite
Test Method:		[tests.gui.google.A_Search_FlatTest_NativeSeleniumWebDriver.navigateToGoogleHomeAndAssertPageTitle]
###############################################################################################################################################



################################################################################################################################################
Starting Execution:	[14 out of 23] test cases in the current suite
Test Method:		[tests.gui.google.A_Search_FlatTest_NativeSeleniumWebDriver.searchForQueryAndAssertFirstResultTextIsCorrect]
###############################################################################################################################################

[ReportManager] File Action [GetAbsolutePath] successfully performed. With the following test data [Relative Folder Path: "target/downloadedFiles/"]. @28-11-2021 06:38:51.0586 AM
[ReportManager] Attempting to run remotely on: [Linux-64], [GoogleChrome], [http://localhost:4444/wd/hub], Headless Execution. @28-11-2021 06:38:51.0586 AM
[ReportManager] Successfully Opened [GoogleChrome]. @28-11-2021 06:38:52.0093 AM
[ReportManager] Target URL: [https://www.google.com/ncr], and after redirection: [https://www.google.com] @28-11-2021 06:38:52.0093 AM
[ReportManager] Initial URL: [data:,] @28-11-2021 06:38:52.0205 AM
[ReportManager] Browser Action [NavigateToURL] successfully performed. With the following test data [https://www.google.com/ncr]. @28-11-2021 06:38:53.0262 A

################################################################################################################################################
Starting Execution:	[15 out of 23] test cases in the current suite
Test Method:		[tests.gui.google.B_Search_FlatTest_SHAFT.navigateToGoogleHomeAndAssertGoogleLogoIsDisplayed]
################################################################################################################################################
[ReportManager] File Action [DoesFileExist] successfully performed. With the following test data [File Path: "src/main/resources/dynamicObjectRepository/tests_gui_google_B_Search_FlatTest_SHAFT_navigateToGoogleHomeAndAssertGoogleLogoIsDisplayed_By_xpath_img_id_hplogo_or_alt_Google.png"]. @28-11-2021 06:38:53.0298 AM
[ReportManager] File Action [GetAbsolutePath] successfully performed. With the following test data [Relative Folder Path: "src/main/resources/dynamicObjectRepository/tests_gui_google_B_Search_FlatTest_SHAFT_navigateToGoogleHomeAndAssertGoogleLogoIsDisplayed_By_xpath_img_id_hplogo_or_alt_Google.png"]. @28-11-2021 06:38:53.0299 AM
[ReportManager] File Action [ReadFromImageFile] successfully performed. With the following test data [File Path: "/home/runner/work/io.github.alidorgham/io.github.alidorgham/src/main/resources/dynamicObjectRepository/tests_gui_google_B_Search_FlatTest_SHAFT_navigateToGoogleHomeAndAssertGoogleLogoIsDisplayed_By_xpath_img_id_hplogo_or_alt_Google.png"]. @28-11-2021 06:38:53.0299 AM
[ReportManager] File Action [DoesFileExist] successfully performed. With the following test data [File Path: "src/main/resources/dynamicObjectRepository/tests_gui_google_B_Search_FlatTest_SHAFT_navigateToGoogleHomeAndAssertGoogleLogoIsDisplayed_By_xpath_img_id_hplogo_or_alt_Google.png"]. @28-11-2021 06:38:53.0619 AM
[ReportManager] File Action [DoesFileExist] successfully performed. With the following test data [File Path: "src/main/resources/dynamicObjectRepository/tests_gui_google_B_Search_FlatTest_SHAFT_navigateToGoogleHomeAndAssertGoogleLogoIsDisplayed_By_xpath_img_id_hplogo_or_alt_Google.png"]. @28-11-2021 06:38:53.0619 AM
[ReportManager] Loaded Shared OpenCV @28-11-2021 06:38:54.0089 AM
[ReportManager] Successfully identified the element using AI; OpenCV. @28-11-2021 06:38:54.0116 AM
[ReportManager] Assertion Passed: Asserting that the Google logo is displayed @28-11-2021 06:38:54.0118 AM
[ReportManager] Successfully created attachment [Validation Test Data - Reference Screenshot] @28-11-2021 06:38:54.0119 AM
[ReportManager] Successfully created attachment [Validation Test Data - Actual Screenshot] @28-11-2021 06:38:54.0119 AM
[ReportManager] Assertion [ValidateElementMatches] PASSED. Expected [Element should match the reference screenshot] and Actual [TRUE]. Comparison Type [EXACT_OPENCV]. Validation Type [POSITIVE]. @28-11-2021 06:38:54.0120 A
[ReportManager] Browser Action [CloseCurrentWindow] successfully performed. @28-11-2021 06:38:54.0296 AM
[ReportManager] Successfully created attachment [Browser Action Test Data - CloseCurrentWindow - Actual Value] @28-11-2021 06:38:54.0297 A
[ReportManager] File Action [GetAbsolutePath] successfully performed. With the following test data [Relative Folder Path: "target/downloadedFiles/"]. @28-11-2021 06:38:54.0302 AM
[ReportManager] Attempting to run remotely on: [Linux-64], [GoogleChrome], [http://localhost:4444/wd/hub], Headless Execution. @28-11-2021 06:38:54.0304 AM
[ReportManager] Successfully Opened [GoogleChrome]. @28-11-2021 06:38:54.0550 AM
[ReportManager] Target URL: [https://www.google.com/ncr], and after redirection: [https://www.google.com] @28-11-2021 06:38:54.0550 AM
[ReportManager] Initial URL: [data:,] @28-11-2021 06:38:54.0681 AM
[ReportManager] Browser Action [NavigateToURL] successfully performed. With the following test data [https://www.google.com/ncr]. @28-11-2021 06:38:55.0740 A

################################################################################################################################################
Starting Execution:	[16 out of 23] test cases in the current suite
Test Method:		[tests.gui.google.B_Search_FlatTest_SHAFT.navigateToGoogleHomeAndAssertPageTitle]
################################################################################################################################################
[ReportManager] Browser Action [GetCurrentWindowTitle] successfully performed. With the following test data [Google]. @28-11-2021 06:38:55.0801 AM
[ReportManager] Assertion Passed: Asserting that the page title is Google @28-11-2021 06:38:56.0471 AM
[ReportManager] Successfully created attachment [Screenshot - 1638081536048_navigateToGoogleHomeAndAssertPageTitle_ValidateBrowserAttribute_passed] @28-11-2021 06:38:56.0477 AM
[ReportManager] Assertion [ValidateBrowserAttribute] PASSED. Expected [Value Should be 'Google' for the 'Title' attribute] and Actual [Google]. Comparison Type [EQUALS]. Validation Type [POSITIVE]. @28-11-2021 06:38:56.0477 A
[ReportManager] Browser Action [CloseCurrentWindow] successfully performed. @28-11-2021 06:38:56.0629 AM
[ReportManager] Successfully created attachment [Browser Action Test Data - CloseCurrentWindow - Actual Value] @28-11-2021 06:38:56.0630 A
[ReportManager] File Action [GetAbsolutePath] successfully performed. With the following test data [Relative Folder Path: "target/downloadedFiles/"]. @28-11-2021 06:38:56.0632 AM
[ReportManager] Attempting to run remotely on: [Linux-64], [GoogleChrome], [http://localhost:4444/wd/hub], Headless Execution. @28-11-2021 06:38:56.0633 AM
[ReportManager] Successfully Opened [GoogleChrome]. @28-11-2021 06:38:56.0871 AM
[ReportManager] Target URL: [https://www.google.com/ncr], and after redirection: [https://www.google.com] @28-11-2021 06:38:56.0871 AM
[ReportManager] Initial URL: [data:,] @28-11-2021 06:38:56.0970 AM
[ReportManager] Browser Action [NavigateToURL] successfully performed. With the following test data [https://www.google.com/ncr]. @28-11-2021 06:38:58.0005 A

################################################################################################################################################
Starting Execution:	[17 out of 23] test cases in the current suite
Test Method:		[tests.gui.google.B_Search_FlatTest_SHAFT.searchForQueryAndAssertFirstResultTextIsCorrect]
################################################################################################################################################
[ReportManager] Element Action [Type] successfully performed. With the following test data [SHAFT_Engine]. @28-11-2021 06:38:58.0549 AM
[ReportManager] Element Action [KeyPress] successfully performed. With the following test data [ENTER]. @28-11-2021 06:39:00.0026 AM
[ReportManager] Element Action [GetText] successfully performed. With the following test data [SHAFT: Unified Test Automation Engine - GitHub]. @28-11-2021 06:39:00.0170 AM
[ReportManager] Loaded Shared OpenCV @28-11-2021 06:39:00.0576 AM
[ReportManager] Assertion Failed: Asserting that the correct first result is displayed @28-11-2021 06:39:00.0900 AM
[ReportManager] Successfully created attachment [Screenshot - 1638081540576_searchForQueryAndAssertFirstResultTextIsCorrect_ValidateElementAttribute_failed] @28-11-2021 06:39:00.0910 AM
[ReportManager] Assertion [ValidateElementAttribute] FAILED. Expected [Value Should be 'MohabMohie' for the 'Text' attribute, element locator 'By.xpath: (//h1[contains(text(),'Search Result')]/following-sibling::div//a/h3)[1]'] and Actual [SHAFT: Unified Test Automation Engine - GitHub]. Comparison Type [CONTAINS]. Validation Type [POSITIVE]. @28-11-2021 06:39:00.0910 A
[ReportManager] Browser Action [CloseCurrentWindow] successfully performed. @28-11-2021 06:39:01.0218 AM
[ReportManager] Successfully created attachment [Browser Action Test Data - CloseCurrentWindow - Actual Value] @28-11-2021 06:39:01.0221 A
[ReportManager] An Exception Occured with this Message: src/test/resources/testDataFiles/Google/SimpleSearch.xlsx (No such file or directory). @28-11-2021 06:39:01.0232 AM
[ReportManager] Successfully created attachment [Exception Stack Trace - java.io.FileNotFoundException] @28-11-2021 06:39:01.0232 AM
[ReportManager] Couldn't find the desired file. [src/test/resources/testDataFiles/Google/SimpleSearch.xlsx]. @28-11-2021 06:39:01.0233 A


################################################################################################################################################
Starting Execution:	[18 out of 23] test cases in the current suite
Test Method:		[tests.gui.google.F_Search_PageObjectModel_Fluent.navigateToGoogleHomeAndAssertGoogleLogoIsDisplayed]
###############################################################################################################################################



################################################################################################################################################
Starting Execution:	[19 out of 23] test cases in the current suite
Test Method:		[tests.gui.google.F_Search_PageObjectModel_Fluent.navigateToGoogleHomeAndAssertPageTitle]
###############################################################################################################################################



################################################################################################################################################
Starting Execution:	[20 out of 23] test cases in the current suite
Test Method:		[tests.gui.google.F_Search_PageObjectModel_Fluent.searchForQueryAndAssertFirstResultTextIsCorrect]
###############################################################################################################################################

[ReportManager] An Exception Occured with this Message: src/test/resources/testDataFiles/Google/SimpleSearch.xlsx (No such file or directory). @28-11-2021 06:39:01.0282 AM
[ReportManager] Successfully created attachment [Exception Stack Trace - java.io.FileNotFoundException] @28-11-2021 06:39:01.0283 AM
[ReportManager] Couldn't find the desired file. [src/test/resources/testDataFiles/Google/SimpleSearch.xlsx]. @28-11-2021 06:39:01.0283 A


################################################################################################################################################
Starting Execution:	[21 out of 23] test cases in the current suite
Test Method:		[tests.gui.google.G_Search_PageObjectModel_ThreadSafe.navigateToGoogleHomeAndAssertGoogleLogoIsDisplayed]
###############################################################################################################################################



################################################################################################################################################
Starting Execution:	[22 out of 23] test cases in the current suite
Test Method:		[tests.gui.google.G_Search_PageObjectModel_ThreadSafe.navigateToGoogleHomeAndAssertPageTitle]
###############################################################################################################################################



################################################################################################################################################
Starting Execution:	[23 out of 23] test cases in the current suite
Test Method:		[tests.gui.google.G_Search_PageObjectModel_ThreadSafe.searchForQueryAndAssertFirstResultTextIsCorrect]
###############################################################################################################################################

[ReportManager] Successfully created attachment [SHAFT Engine Logs - Execution log] @28-11-2021 06:39:01.0367 AM

################################################################################################################################################
This test run was powered by SHAFT Engine Version: [SHAFT Engine v5.4.20211117-BETA]
SHAFT Engine is licensed under the MIT License: [https://github.com/MohabMohie/SHAFT_ENGINE/blob/master/LICENSE].
################################################################################################################################################