################################################################################################################################################
Detected SHAFT Engine Version: [SHAFT Engine v5.4.20211117-BETA]
################################################################################################################################################

################################################################################################################################################
Starting Execution:	[1 out of 23] test cases in the current suite
Test Method:		[tests.api.users.UserData.validateUserEmail]
################################################################################################################################################
[ReportManager] Response status code: [200], status line: [HTTP/1.1 200 OK] @16-01-2022 12:50:59.0879 PM
[ReportManager] Assertion Passed: Evaluating the actual response status code against the expected one... @16-01-2022 12:50:59.0890 PM
[ReportManager] Assertion [ValidateComparativeRelation] PASSED. Expected [200] and Actual [200]. Comparison Type [EQUALS]. Validation Type [POSITIVE]. @16-01-2022 12:50:59.0895 PM
[ReportManager] API Action [PerformRequest] successfully performed. With the following test data [Request Type: "GET" | Target Status Code: "200" | Service URL: "https://jsonplaceholder.typicode.com/users" | Content Type: "*/*" | Response Time: "898ms"]. @16-01-2022 12:51:00.0809 PM
[ReportManager] Successfully created attachment [API Request - Specifications] @16-01-2022 12:51:00.0810 PM
[ReportManager] Successfully created attachment [API Response - JSON Body] @16-01-2022 12:51:01.0010 PM
[ReportManager] Assertion [ValidateEquals] PASSED. Expected and Actual values are attached. Comparison Type [CONTAINS]. Validation Type [POSITIVE]. @16-01-2022 12:51:01.0016 PM
[ReportManager] Successfully created attachment [Validation Test Data - Expected Value] @16-01-2022 12:51:01.0017 PM
[ReportManager] Successfully created attachment [Validation Test Data - Actual Value] @16-01-2022 12:51:01.0017 PM
[ReportManager] API Action [GetResponseJSONValueAsList] successfully performed. With the following test data [$]. @16-01-2022 12:51:01.0029 PM
[ReportManager] API Action [GetResponseJSONValue] successfully performed. With the following test data [name]. @16-01-2022 12:51:01.0047 PM
[ReportManager] API Action [GetResponseJSONValue] successfully performed. With the following test data [email]. @16-01-2022 12:51:01.0059 PM
[ReportManager] Assertion [ValidateEquals] PASSED. Expected [Sincere@april.biz] and Actual [Sincere@april.biz]. Comparison Type [EQUALS]. Validation Type [POSITIVE]. @16-01-2022 12:51:01.0060 PM
[ReportManager] API Action [GetResponseJSONValue] successfully performed. With the following test data [name]. @16-01-2022 12:51:01.0070 PM
[ReportManager] API Action [GetResponseJSONValue] successfully performed. With the following test data [name]. @16-01-2022 12:51:01.0081 PM
[ReportManager] API Action [GetResponseJSONValue] successfully performed. With the following test data [name]. @16-01-2022 12:51:01.0091 PM
[ReportManager] API Action [GetResponseJSONValue] successfully performed. With the following test data [name]. @16-01-2022 12:51:01.0131 PM
[ReportManager] API Action [GetResponseJSONValue] successfully performed. With the following test data [name]. @16-01-2022 12:51:01.0159 PM
[ReportManager] API Action [GetResponseJSONValue] successfully performed. With the following test data [name]. @16-01-2022 12:51:01.0170 PM
[ReportManager] API Action [GetResponseJSONValue] successfully performed. With the following test data [name]. @16-01-2022 12:51:01.0180 PM
[ReportManager] API Action [GetResponseJSONValue] successfully performed. With the following test data [name]. @16-01-2022 12:51:01.0190 PM
[ReportManager] API Action [GetResponseJSONValue] successfully performed. With the following test data [name]. @16-01-2022 12:51:01.0199 P

################################################################################################################################################
Starting Execution:	[2 out of 23] test cases in the current suite
Test Method:		[tests.cli.demo.cliTest.sampleTestCase]
################################################################################################################################################
[ReportManager] Attempting to perform the following command locally. Command: [ls] @16-01-2022 12:51:01.0320 PM
[ReportManager] Terminal Action [PerformTerminalCommands] successfully performed. With the following test data [Host Name: "localHost" | Command: "ls" | Exit Status: "0"]. @16-01-2022 12:51:01.0331 PM
[ReportManager] Successfully created attachment [Terminal Action Actual Result - Command Log] @16-01-2022 12:51:01.0332 PM
[ReportManager] Assertion Passed: Demoing local terminal actions @16-01-2022 12:51:01.0333 PM
[ReportManager] Assertion [ValidateEquals] PASSED. Expected [pom.xml] and Actual [LICENSE
README.md
allure-results
docker-compose_native.yml
docker-compose_zalenium.yml
extent-reports
pom.xml
readMeImgs
src
target]. Comparison Type [CONTAINS]. Validation Type [POSITIVE]. @16-01-2022 12:51:01.0333 P
[ReportManager] File Action [GetAbsolutePath] successfully performed. With the following test data [Relative Folder Path: "target/downloadedFiles/"]. @16-01-2022 12:51:01.0348 PM
[ReportManager] Attempting to run remotely on: [Linux-64], [GoogleChrome], [http://localhost:4444/wd/hub], Headless Execution. @16-01-2022 12:51:01.0361 PM
[ReportManager] Successfully Opened [GoogleChrome]. @16-01-2022 12:51:02.0994 PM
[ReportManager] Target URL: [https://www.google.com/ncr], and after redirection: [https://www.google.com] @16-01-2022 12:51:03.0003 PM
[ReportManager] Initial URL: [data:,] @16-01-2022 12:51:03.0142 PM
[ReportManager] Browser Action [NavigateToURL] successfully performed. With the following test data [https://www.google.com/ncr]. @16-01-2022 12:51:04.0465 P

################################################################################################################################################
Starting Execution:	[3 out of 23] test cases in the current suite
Test Method:		[tests.gui.google.B_Search_FlatTest_SHAFT.navigateToGoogleHomeAndAssertGoogleLogoIsDisplayed]
################################################################################################################################################
[ReportManager] File Action [DoesFileExist] successfully performed. With the following test data [File Path: "src/main/resources/dynamicObjectRepository/tests_gui_google_B_Search_FlatTest_SHAFT_navigateToGoogleHomeAndAssertGoogleLogoIsDisplayed_By_xpath_img_id_hplogo_or_alt_Google.png"]. @16-01-2022 12:51:04.0497 PM
[ReportManager] File Action [GetAbsolutePath] successfully performed. With the following test data [Relative Folder Path: "src/main/resources/dynamicObjectRepository/tests_gui_google_B_Search_FlatTest_SHAFT_navigateToGoogleHomeAndAssertGoogleLogoIsDisplayed_By_xpath_img_id_hplogo_or_alt_Google.png"]. @16-01-2022 12:51:04.0497 PM
[ReportManager] File Action [ReadFromImageFile] successfully performed. With the following test data [File Path: "/home/runner/work/io.github.alidorgham/io.github.alidorgham/src/main/resources/dynamicObjectRepository/tests_gui_google_B_Search_FlatTest_SHAFT_navigateToGoogleHomeAndAssertGoogleLogoIsDisplayed_By_xpath_img_id_hplogo_or_alt_Google.png"]. @16-01-2022 12:51:04.0498 PM
[ReportManager] File Action [DoesFileExist] successfully performed. With the following test data [File Path: "src/main/resources/dynamicObjectRepository/tests_gui_google_B_Search_FlatTest_SHAFT_navigateToGoogleHomeAndAssertGoogleLogoIsDisplayed_By_xpath_img_id_hplogo_or_alt_Google.png"]. @16-01-2022 12:51:04.0795 PM
[ReportManager] File Action [DoesFileExist] successfully performed. With the following test data [File Path: "src/main/resources/dynamicObjectRepository/tests_gui_google_B_Search_FlatTest_SHAFT_navigateToGoogleHomeAndAssertGoogleLogoIsDisplayed_By_xpath_img_id_hplogo_or_alt_Google.png"]. @16-01-2022 12:51:04.0795 PM
[ReportManager] Loaded Shared OpenCV @16-01-2022 12:51:05.0245 PM
[ReportManager] Successfully identified the element using AI; OpenCV. @16-01-2022 12:51:05.0263 PM
[ReportManager] Assertion Passed: Asserting that the Google logo is displayed @16-01-2022 12:51:05.0264 PM
[ReportManager] Successfully created attachment [Validation Test Data - Reference Screenshot] @16-01-2022 12:51:05.0265 PM
[ReportManager] Successfully created attachment [Validation Test Data - Actual Screenshot] @16-01-2022 12:51:05.0265 PM
[ReportManager] Assertion [ValidateElementMatches] PASSED. Expected [Element should match the reference screenshot] and Actual [TRUE]. Comparison Type [EXACT_OPENCV]. Validation Type [POSITIVE]. @16-01-2022 12:51:05.0265 P
[ReportManager] Browser Action [CloseCurrentWindow] successfully performed. @16-01-2022 12:51:05.0429 PM
[ReportManager] Successfully created attachment [Browser Action Test Data - CloseCurrentWindow - Actual Value] @16-01-2022 12:51:05.0438 P
[ReportManager] File Action [GetAbsolutePath] successfully performed. With the following test data [Relative Folder Path: "target/downloadedFiles/"]. @16-01-2022 12:51:05.0448 PM
[ReportManager] Attempting to run remotely on: [Linux-64], [GoogleChrome], [http://localhost:4444/wd/hub], Headless Execution. @16-01-2022 12:51:05.0449 PM
[ReportManager] Successfully Opened [GoogleChrome]. @16-01-2022 12:51:05.0819 PM
[ReportManager] Target URL: [https://www.google.com/ncr], and after redirection: [https://www.google.com] @16-01-2022 12:51:05.0819 PM
[ReportManager] Initial URL: [data:,] @16-01-2022 12:51:05.0929 PM
[ReportManager] Browser Action [NavigateToURL] successfully performed. With the following test data [https://www.google.com/ncr]. @16-01-2022 12:51:06.0994 P

################################################################################################################################################
Starting Execution:	[4 out of 23] test cases in the current suite
Test Method:		[tests.gui.google.B_Search_FlatTest_SHAFT.navigateToGoogleHomeAndAssertPageTitle]
################################################################################################################################################
[ReportManager] Browser Action [GetCurrentWindowTitle] successfully performed. With the following test data [Google]. @16-01-2022 12:51:07.0058 PM
[ReportManager] Assertion Passed: Asserting that the page title is Google @16-01-2022 12:51:07.0669 PM
[ReportManager] Successfully created attachment [Screenshot - 1642337467263_navigateToGoogleHomeAndAssertPageTitle_ValidateBrowserAttribute_passed] @16-01-2022 12:51:07.0678 PM
[ReportManager] Assertion [ValidateBrowserAttribute] PASSED. Expected [Value Should be 'Google' for the 'Title' attribute] and Actual [Google]. Comparison Type [EQUALS]. Validation Type [POSITIVE]. @16-01-2022 12:51:07.0678 P
[ReportManager] Browser Action [CloseCurrentWindow] successfully performed. @16-01-2022 12:51:07.0828 PM
[ReportManager] Successfully created attachment [Browser Action Test Data - CloseCurrentWindow - Actual Value] @16-01-2022 12:51:07.0831 P
[ReportManager] File Action [GetAbsolutePath] successfully performed. With the following test data [Relative Folder Path: "target/downloadedFiles/"]. @16-01-2022 12:51:07.0844 PM
[ReportManager] Attempting to run remotely on: [Linux-64], [GoogleChrome], [http://localhost:4444/wd/hub], Headless Execution. @16-01-2022 12:51:07.0844 PM
[ReportManager] Successfully Opened [GoogleChrome]. @16-01-2022 12:51:08.0228 PM
[ReportManager] Target URL: [https://www.google.com/ncr], and after redirection: [https://www.google.com] @16-01-2022 12:51:08.0228 PM
[ReportManager] Initial URL: [data:,] @16-01-2022 12:51:08.0308 PM
[ReportManager] Browser Action [NavigateToURL] successfully performed. With the following test data [https://www.google.com/ncr]. @16-01-2022 12:51:09.0378 P

################################################################################################################################################
Starting Execution:	[5 out of 23] test cases in the current suite
Test Method:		[tests.gui.google.B_Search_FlatTest_SHAFT.searchForQueryAndAssertFirstResultTextIsCorrect]
################################################################################################################################################
[ReportManager] Element Action [Type] successfully performed. With the following test data [SHAFT_Engine]. @16-01-2022 12:51:09.0838 PM
[ReportManager] Element Action [KeyPress] successfully performed. With the following test data [ENTER]. @16-01-2022 12:51:11.0337 PM
[ReportManager] Element Action [GetText] successfully performed. With the following test data [SHAFT_ENGINE is a Test Automation Engine that ... - GitHub]. @16-01-2022 12:51:11.0469 PM
[ReportManager] Loaded Shared OpenCV @16-01-2022 12:51:11.0853 PM
[ReportManager] Assertion Failed: Asserting that the correct first result is displayed @16-01-2022 12:51:12.0111 PM
[ReportManager] Successfully created attachment [Screenshot - 1642337471853_searchForQueryAndAssertFirstResultTextIsCorrect_ValidateElementAttribute_failed] @16-01-2022 12:51:12.0120 PM
[ReportManager] Assertion [ValidateElementAttribute] FAILED. Expected [Value Should be 'MohabMohie' for the 'Text' attribute, element locator 'By.xpath: (//h1[contains(text(),'Search Result')]/following-sibling::div//a/h3)[1]'] and Actual [SHAFT_ENGINE is a Test Automation Engine that ... - GitHub]. Comparison Type [CONTAINS]. Validation Type [POSITIVE]. @16-01-2022 12:51:12.0120 P
[ReportManager] Browser Action [CloseCurrentWindow] successfully performed. @16-01-2022 12:51:12.0449 PM
[ReportManager] Successfully created attachment [Browser Action Test Data - CloseCurrentWindow - Actual Value] @16-01-2022 12:51:12.0474 P
[ReportManager] An Exception Occured with this Message: src/test/resources/testDataFiles/Google/SimpleSearch.xlsx (No such file or directory). @16-01-2022 12:51:12.0488 PM
[ReportManager] Successfully created attachment [Exception Stack Trace - java.io.FileNotFoundException] @16-01-2022 12:51:12.0488 PM
[ReportManager] Couldn't find the desired file. [src/test/resources/testDataFiles/Google/SimpleSearch.xlsx]. @16-01-2022 12:51:12.0489 P


################################################################################################################################################
Starting Execution:	[6 out of 23] test cases in the current suite
Test Method:		[tests.gui.google.F_Search_PageObjectModel_Fluent.navigateToGoogleHomeAndAssertGoogleLogoIsDisplayed]
###############################################################################################################################################



################################################################################################################################################
Starting Execution:	[7 out of 23] test cases in the current suite
Test Method:		[tests.gui.google.F_Search_PageObjectModel_Fluent.navigateToGoogleHomeAndAssertPageTitle]
###############################################################################################################################################



################################################################################################################################################
Starting Execution:	[8 out of 23] test cases in the current suite
Test Method:		[tests.gui.google.F_Search_PageObjectModel_Fluent.searchForQueryAndAssertFirstResultTextIsCorrect]
###############################################################################################################################################

[ReportManager] File Action [GetAbsolutePath] successfully performed. With the following test data [Relative Folder Path: "target/downloadedFiles/"]. @16-01-2022 12:51:12.0529 PM
[ReportManager] Attempting to run remotely on: [Linux-64], [GoogleChrome], [http://localhost:4444/wd/hub], Headless Execution. @16-01-2022 12:51:12.0529 PM
[ReportManager] Successfully Opened [GoogleChrome]. @16-01-2022 12:51:12.0893 PM
[ReportManager] Target URL: [https://www.google.com/ncr], and after redirection: [https://www.google.com] @16-01-2022 12:51:12.0895 PM
[ReportManager] Initial URL: [data:,] @16-01-2022 12:51:12.0977 PM
[ReportManager] Browser Action [NavigateToURL] successfully performed. With the following test data [https://www.google.com/ncr]. @16-01-2022 12:51:14.0042 P

################################################################################################################################################
Starting Execution:	[9 out of 23] test cases in the current suite
Test Method:		[tests.gui.google.C_Search_PageObjectModel_Traditional.navigateToGoogleHomeAndAssertGoogleLogoIsDisplayed]
################################################################################################################################################
[ReportManager] Element Action [IsElementDisplayed] successfully performed. @16-01-2022 12:51:14.0170 PM
[ReportManager] Assertion Passed: Asserting that the Google logo is displayed @16-01-2022 12:51:14.0171 PM
[ReportManager] Assertion [ValidateTrue] PASSED. Expected [TRUE] and Actual [TRUE]. Validation Type [POSITIVE]. @16-01-2022 12:51:14.0171 P
[ReportManager] Browser Action [CloseCurrentWindow] successfully performed. @16-01-2022 12:51:14.0320 PM
[ReportManager] Successfully created attachment [Browser Action Test Data - CloseCurrentWindow - Actual Value] @16-01-2022 12:51:14.0321 P
[ReportManager] File Action [GetAbsolutePath] successfully performed. With the following test data [Relative Folder Path: "target/downloadedFiles/"]. @16-01-2022 12:51:14.0324 PM
[ReportManager] Attempting to run remotely on: [Linux-64], [GoogleChrome], [http://localhost:4444/wd/hub], Headless Execution. @16-01-2022 12:51:14.0324 PM
[ReportManager] Successfully Opened [GoogleChrome]. @16-01-2022 12:51:14.0555 PM
[ReportManager] Target URL: [https://www.google.com/ncr], and after redirection: [https://www.google.com] @16-01-2022 12:51:14.0555 PM
[ReportManager] Initial URL: [data:,] @16-01-2022 12:51:14.0648 PM
[ReportManager] Browser Action [NavigateToURL] successfully performed. With the following test data [https://www.google.com/ncr]. @16-01-2022 12:51:15.0741 P

################################################################################################################################################
Starting Execution:	[10 out of 23] test cases in the current suite
Test Method:		[tests.gui.google.C_Search_PageObjectModel_Traditional.navigateToGoogleHomeAndAssertPageTitle]
################################################################################################################################################
[ReportManager] Browser Action [GetCurrentWindowTitle] successfully performed. With the following test data [Google]. @16-01-2022 12:51:15.0795 PM
[ReportManager] Assertion Passed: Asserting that the page title is Google @16-01-2022 12:51:15.0795 PM
[ReportManager] Assertion [ValidateEquals] PASSED. Expected [Google] and Actual [Google]. Comparison Type [EQUALS]. Validation Type [POSITIVE]. @16-01-2022 12:51:15.0795 P
[ReportManager] Browser Action [CloseCurrentWindow] successfully performed. @16-01-2022 12:51:15.0937 PM
[ReportManager] Successfully created attachment [Browser Action Test Data - CloseCurrentWindow - Actual Value] @16-01-2022 12:51:15.0938 P
[ReportManager] File Action [GetAbsolutePath] successfully performed. With the following test data [Relative Folder Path: "target/downloadedFiles/"]. @16-01-2022 12:51:15.0944 PM
[ReportManager] Attempting to run remotely on: [Linux-64], [GoogleChrome], [http://localhost:4444/wd/hub], Headless Execution. @16-01-2022 12:51:15.0944 PM
[ReportManager] Successfully Opened [GoogleChrome]. @16-01-2022 12:51:16.0164 PM
[ReportManager] Target URL: [https://www.google.com/ncr], and after redirection: [https://www.google.com] @16-01-2022 12:51:16.0164 PM
[ReportManager] Initial URL: [data:,] @16-01-2022 12:51:16.0240 PM
[ReportManager] Browser Action [NavigateToURL] successfully performed. With the following test data [https://www.google.com/ncr]. @16-01-2022 12:51:17.0305 P

################################################################################################################################################
Starting Execution:	[11 out of 23] test cases in the current suite
Test Method:		[tests.gui.google.C_Search_PageObjectModel_Traditional.searchForQueryAndAssertFirstResultTextIsCorrect]
################################################################################################################################################
[ReportManager] Element Action [Type] successfully performed. With the following test data [SHAFT_Engine]. @16-01-2022 12:51:17.0756 PM
[ReportManager] Element Action [KeyPress] successfully performed. With the following test data [ENTER]. @16-01-2022 12:51:19.0134 PM
[ReportManager] Element Action [GetText] successfully performed. With the following test data [SHAFT_ENGINE is a Test Automation Engine that ... - GitHub]. @16-01-2022 12:51:19.0259 PM
[ReportManager] Assertion Failed: Asserting that the correct first result is displayed @16-01-2022 12:51:19.0259 PM
[ReportManager] Assertion [ValidateEquals] FAILED. Expected [MohabMohie] and Actual [SHAFT_ENGINE is a Test Automation Engine that ... - GitHub]. Comparison Type [CONTAINS]. Validation Type [POSITIVE]. @16-01-2022 12:51:19.0260 P
[ReportManager] Browser Action [CloseCurrentWindow] successfully performed. @16-01-2022 12:51:19.0535 PM
[ReportManager] Successfully created attachment [Browser Action Test Data - CloseCurrentWindow - Actual Value] @16-01-2022 12:51:19.0538 P
[ReportManager] An Exception Occured with this Message: src/test/resources/testDataFiles/Google/SimpleSearch.xlsx (No such file or directory). @16-01-2022 12:51:19.0543 PM
[ReportManager] Successfully created attachment [Exception Stack Trace - java.io.FileNotFoundException] @16-01-2022 12:51:19.0544 PM
[ReportManager] Couldn't find the desired file. [src/test/resources/testDataFiles/Google/SimpleSearch.xlsx]. @16-01-2022 12:51:19.0544 P


################################################################################################################################################
Starting Execution:	[12 out of 23] test cases in the current suite
Test Method:		[tests.gui.google.E_Search_PageObjectModel_Traditional_SHAFTAssertions.navigateToGoogleHomeAndAssertGoogleLogoIsDisplayed]
###############################################################################################################################################



################################################################################################################################################
Starting Execution:	[13 out of 23] test cases in the current suite
Test Method:		[tests.gui.google.E_Search_PageObjectModel_Traditional_SHAFTAssertions.navigateToGoogleHomeAndAssertPageTitle]
###############################################################################################################################################



################################################################################################################################################
Starting Execution:	[14 out of 23] test cases in the current suite
Test Method:		[tests.gui.google.E_Search_PageObjectModel_Traditional_SHAFTAssertions.searchForQueryAndAssertFirstResultTextIsCorrect]
###############################################################################################################################################

[ReportManager] An Exception Occured with this Message: src/test/resources/testDataFiles/Google/SimpleSearch.xlsx (No such file or directory). @16-01-2022 12:51:19.0569 PM
[ReportManager] Successfully created attachment [Exception Stack Trace - java.io.FileNotFoundException] @16-01-2022 12:51:19.0569 PM
[ReportManager] Couldn't find the desired file. [src/test/resources/testDataFiles/Google/SimpleSearch.xlsx]. @16-01-2022 12:51:19.0570 P


################################################################################################################################################
Starting Execution:	[15 out of 23] test cases in the current suite
Test Method:		[tests.gui.google.G_Search_PageObjectModel_ThreadSafe.navigateToGoogleHomeAndAssertGoogleLogoIsDisplayed]
###############################################################################################################################################



################################################################################################################################################
Starting Execution:	[16 out of 23] test cases in the current suite
Test Method:		[tests.gui.google.G_Search_PageObjectModel_ThreadSafe.navigateToGoogleHomeAndAssertPageTitle]
###############################################################################################################################################



################################################################################################################################################
Starting Execution:	[17 out of 23] test cases in the current suite
Test Method:		[tests.gui.google.G_Search_PageObjectModel_ThreadSafe.searchForQueryAndAssertFirstResultTextIsCorrect]
###############################################################################################################################################

[ReportManager] An Exception Occured with this Message: src/test/resources/testDataFiles/Google/SimpleSearch.xlsx (No such file or directory). @16-01-2022 12:51:19.0593 PM
[ReportManager] Successfully created attachment [Exception Stack Trace - java.io.FileNotFoundException] @16-01-2022 12:51:19.0593 PM
[ReportManager] Couldn't find the desired file. [src/test/resources/testDataFiles/Google/SimpleSearch.xlsx]. @16-01-2022 12:51:19.0594 P


################################################################################################################################################
Starting Execution:	[18 out of 23] test cases in the current suite
Test Method:		[tests.gui.google.D_Search_PageObjectModel_Traditional_DataDriven.navigateToGoogleHomeAndAssertGoogleLogoIsDisplayed]
###############################################################################################################################################



################################################################################################################################################
Starting Execution:	[19 out of 23] test cases in the current suite
Test Method:		[tests.gui.google.D_Search_PageObjectModel_Traditional_DataDriven.navigateToGoogleHomeAndAssertPageTitle]
###############################################################################################################################################



################################################################################################################################################
Starting Execution:	[20 out of 23] test cases in the current suite
Test Method:		[tests.gui.google.D_Search_PageObjectModel_Traditional_DataDriven.searchForQueryAndAssertFirstResultTextIsCorrect]
###############################################################################################################################################




################################################################################################################################################
Starting Execution:	[21 out of 23] test cases in the current suite
Test Method:		[tests.gui.google.A_Search_FlatTest_NativeSeleniumWebDriver.navigateToGoogleHomeAndAssertGoogleLogoIsDisplayed]
###############################################################################################################################################



################################################################################################################################################
Starting Execution:	[22 out of 23] test cases in the current suite
Test Method:		[tests.gui.google.A_Search_FlatTest_NativeSeleniumWebDriver.navigateToGoogleHomeAndAssertPageTitle]
###############################################################################################################################################



################################################################################################################################################
Starting Execution:	[23 out of 23] test cases in the current suite
Test Method:		[tests.gui.google.A_Search_FlatTest_NativeSeleniumWebDriver.searchForQueryAndAssertFirstResultTextIsCorrect]
###############################################################################################################################################

[ReportManager] Successfully created attachment [SHAFT Engine Logs - Execution log] @16-01-2022 12:51:44.0111 PM

################################################################################################################################################
This test run was powered by SHAFT Engine Version: [SHAFT Engine v5.4.20211117-BETA]
SHAFT Engine is licensed under the MIT License: [https://github.com/MohabMohie/SHAFT_ENGINE/blob/master/LICENSE].
################################################################################################################################################