################################################################################################################################################
Detected SHAFT Engine Version: [SHAFT Engine v5.4.20211117-BETA]
################################################################################################################################################

################################################################################################################################################
Starting Execution:	[1 out of 23] test cases in the current suite
Test Method:		[tests.api.users.UserData.validateUserEmail]
################################################################################################################################################
[ReportManager] Response status code: [200], status line: [HTTP/1.1 200 OK] @14-01-2022 01:38:59.0063 AM
[ReportManager] Assertion Passed: Evaluating the actual response status code against the expected one... @14-01-2022 01:38:59.0073 AM
[ReportManager] Assertion [ValidateComparativeRelation] PASSED. Expected [200] and Actual [200]. Comparison Type [EQUALS]. Validation Type [POSITIVE]. @14-01-2022 01:38:59.0078 AM
[ReportManager] API Action [PerformRequest] successfully performed. With the following test data [Request Type: "GET" | Target Status Code: "200" | Service URL: "https://jsonplaceholder.typicode.com/users" | Content Type: "*/*" | Response Time: "1064ms"]. @14-01-2022 01:39:00.0192 AM
[ReportManager] Successfully created attachment [API Request - Specifications] @14-01-2022 01:39:00.0194 AM
[ReportManager] Successfully created attachment [API Response - JSON Body] @14-01-2022 01:39:00.0439 AM
[ReportManager] Assertion [ValidateEquals] PASSED. Expected and Actual values are attached. Comparison Type [CONTAINS]. Validation Type [POSITIVE]. @14-01-2022 01:39:00.0448 AM
[ReportManager] Successfully created attachment [Validation Test Data - Expected Value] @14-01-2022 01:39:00.0449 AM
[ReportManager] Successfully created attachment [Validation Test Data - Actual Value] @14-01-2022 01:39:00.0450 AM
[ReportManager] API Action [GetResponseJSONValueAsList] successfully performed. With the following test data [$]. @14-01-2022 01:39:00.0478 AM
[ReportManager] API Action [GetResponseJSONValue] successfully performed. With the following test data [name]. @14-01-2022 01:39:00.0506 AM
[ReportManager] API Action [GetResponseJSONValue] successfully performed. With the following test data [email]. @14-01-2022 01:39:00.0531 AM
[ReportManager] Assertion [ValidateEquals] PASSED. Expected [Sincere@april.biz] and Actual [Sincere@april.biz]. Comparison Type [EQUALS]. Validation Type [POSITIVE]. @14-01-2022 01:39:00.0533 AM
[ReportManager] API Action [GetResponseJSONValue] successfully performed. With the following test data [name]. @14-01-2022 01:39:00.0556 AM
[ReportManager] API Action [GetResponseJSONValue] successfully performed. With the following test data [name]. @14-01-2022 01:39:00.0577 AM
[ReportManager] API Action [GetResponseJSONValue] successfully performed. With the following test data [name]. @14-01-2022 01:39:00.0594 AM
[ReportManager] API Action [GetResponseJSONValue] successfully performed. With the following test data [name]. @14-01-2022 01:39:00.0613 AM
[ReportManager] API Action [GetResponseJSONValue] successfully performed. With the following test data [name]. @14-01-2022 01:39:00.0631 AM
[ReportManager] API Action [GetResponseJSONValue] successfully performed. With the following test data [name]. @14-01-2022 01:39:00.0649 AM
[ReportManager] API Action [GetResponseJSONValue] successfully performed. With the following test data [name]. @14-01-2022 01:39:00.0667 AM
[ReportManager] API Action [GetResponseJSONValue] successfully performed. With the following test data [name]. @14-01-2022 01:39:00.0681 AM
[ReportManager] API Action [GetResponseJSONValue] successfully performed. With the following test data [name]. @14-01-2022 01:39:00.0743 A

################################################################################################################################################
Starting Execution:	[2 out of 23] test cases in the current suite
Test Method:		[tests.cli.demo.cliTest.sampleTestCase]
################################################################################################################################################
[ReportManager] Attempting to perform the following command locally. Command: [ls] @14-01-2022 01:39:00.0864 AM
[ReportManager] Terminal Action [PerformTerminalCommands] successfully performed. With the following test data [Host Name: "localHost" | Command: "ls" | Exit Status: "0"]. @14-01-2022 01:39:00.0882 AM
[ReportManager] Successfully created attachment [Terminal Action Actual Result - Command Log] @14-01-2022 01:39:00.0882 AM
[ReportManager] Assertion Passed: Demoing local terminal actions @14-01-2022 01:39:00.0883 AM
[ReportManager] Assertion [ValidateEquals] PASSED. Expected [pom.xml] and Actual [LICENSE
README.md
allure-results
docker-compose_native.yml
docker-compose_zalenium.yml
extent-reports
pom.xml
readMeImgs
src
target]. Comparison Type [CONTAINS]. Validation Type [POSITIVE]. @14-01-2022 01:39:00.0883 A
[ReportManager] File Action [GetAbsolutePath] successfully performed. With the following test data [Relative Folder Path: "target/downloadedFiles/"]. @14-01-2022 01:39:00.0897 AM
[ReportManager] Attempting to run remotely on: [Linux-64], [GoogleChrome], [http://localhost:4444/wd/hub], Headless Execution. @14-01-2022 01:39:00.0911 AM
[ReportManager] Successfully Opened [GoogleChrome]. @14-01-2022 01:39:03.0102 AM
[ReportManager] Target URL: [https://www.google.com/ncr], and after redirection: [https://www.google.com] @14-01-2022 01:39:03.0112 AM
[ReportManager] Initial URL: [data:,] @14-01-2022 01:39:03.0237 AM
[ReportManager] Browser Action [NavigateToURL] successfully performed. With the following test data [https://www.google.com/ncr]. @14-01-2022 01:39:04.0545 A

################################################################################################################################################
Starting Execution:	[3 out of 23] test cases in the current suite
Test Method:		[tests.gui.google.B_Search_FlatTest_SHAFT.navigateToGoogleHomeAndAssertGoogleLogoIsDisplayed]
################################################################################################################################################
[ReportManager] File Action [DoesFileExist] successfully performed. With the following test data [File Path: "src/main/resources/dynamicObjectRepository/tests_gui_google_B_Search_FlatTest_SHAFT_navigateToGoogleHomeAndAssertGoogleLogoIsDisplayed_By_xpath_img_id_hplogo_or_alt_Google.png"]. @14-01-2022 01:39:04.0573 AM
[ReportManager] File Action [GetAbsolutePath] successfully performed. With the following test data [Relative Folder Path: "src/main/resources/dynamicObjectRepository/tests_gui_google_B_Search_FlatTest_SHAFT_navigateToGoogleHomeAndAssertGoogleLogoIsDisplayed_By_xpath_img_id_hplogo_or_alt_Google.png"]. @14-01-2022 01:39:04.0573 AM
[ReportManager] File Action [ReadFromImageFile] successfully performed. With the following test data [File Path: "/home/runner/work/io.github.alidorgham/io.github.alidorgham/src/main/resources/dynamicObjectRepository/tests_gui_google_B_Search_FlatTest_SHAFT_navigateToGoogleHomeAndAssertGoogleLogoIsDisplayed_By_xpath_img_id_hplogo_or_alt_Google.png"]. @14-01-2022 01:39:04.0573 AM
[ReportManager] File Action [DoesFileExist] successfully performed. With the following test data [File Path: "src/main/resources/dynamicObjectRepository/tests_gui_google_B_Search_FlatTest_SHAFT_navigateToGoogleHomeAndAssertGoogleLogoIsDisplayed_By_xpath_img_id_hplogo_or_alt_Google.png"]. @14-01-2022 01:39:04.0820 AM
[ReportManager] File Action [DoesFileExist] successfully performed. With the following test data [File Path: "src/main/resources/dynamicObjectRepository/tests_gui_google_B_Search_FlatTest_SHAFT_navigateToGoogleHomeAndAssertGoogleLogoIsDisplayed_By_xpath_img_id_hplogo_or_alt_Google.png"]. @14-01-2022 01:39:04.0820 AM
[ReportManager] Loaded Shared OpenCV @14-01-2022 01:39:05.0259 AM
[ReportManager] Successfully identified the element using AI; OpenCV. @14-01-2022 01:39:05.0278 AM
[ReportManager] Assertion Passed: Asserting that the Google logo is displayed @14-01-2022 01:39:05.0279 AM
[ReportManager] Successfully created attachment [Validation Test Data - Reference Screenshot] @14-01-2022 01:39:05.0280 AM
[ReportManager] Successfully created attachment [Validation Test Data - Actual Screenshot] @14-01-2022 01:39:05.0280 AM
[ReportManager] Assertion [ValidateElementMatches] PASSED. Expected [Element should match the reference screenshot] and Actual [TRUE]. Comparison Type [EXACT_OPENCV]. Validation Type [POSITIVE]. @14-01-2022 01:39:05.0280 A
[ReportManager] Browser Action [CloseCurrentWindow] successfully performed. @14-01-2022 01:39:05.0437 AM
[ReportManager] Successfully created attachment [Browser Action Test Data - CloseCurrentWindow - Actual Value] @14-01-2022 01:39:05.0443 A
[ReportManager] File Action [GetAbsolutePath] successfully performed. With the following test data [Relative Folder Path: "target/downloadedFiles/"]. @14-01-2022 01:39:05.0455 AM
[ReportManager] Attempting to run remotely on: [Linux-64], [GoogleChrome], [http://localhost:4444/wd/hub], Headless Execution. @14-01-2022 01:39:05.0456 AM
[ReportManager] Successfully Opened [GoogleChrome]. @14-01-2022 01:39:05.0892 AM
[ReportManager] Target URL: [https://www.google.com/ncr], and after redirection: [https://www.google.com] @14-01-2022 01:39:05.0892 AM
[ReportManager] Initial URL: [data:,] @14-01-2022 01:39:05.0997 AM
[ReportManager] Browser Action [NavigateToURL] successfully performed. With the following test data [https://www.google.com/ncr]. @14-01-2022 01:39:07.0099 A

################################################################################################################################################
Starting Execution:	[4 out of 23] test cases in the current suite
Test Method:		[tests.gui.google.B_Search_FlatTest_SHAFT.navigateToGoogleHomeAndAssertPageTitle]
################################################################################################################################################
[ReportManager] Browser Action [GetCurrentWindowTitle] successfully performed. With the following test data [Google]. @14-01-2022 01:39:07.0162 AM
[ReportManager] Assertion Passed: Asserting that the page title is Google @14-01-2022 01:39:07.0758 AM
[ReportManager] Successfully created attachment [Screenshot - 1642124347402_navigateToGoogleHomeAndAssertPageTitle_ValidateBrowserAttribute_passed] @14-01-2022 01:39:07.0767 AM
[ReportManager] Assertion [ValidateBrowserAttribute] PASSED. Expected [Value Should be 'Google' for the 'Title' attribute] and Actual [Google]. Comparison Type [EQUALS]. Validation Type [POSITIVE]. @14-01-2022 01:39:07.0767 A
[ReportManager] Browser Action [CloseCurrentWindow] successfully performed. @14-01-2022 01:39:07.0918 AM
[ReportManager] Successfully created attachment [Browser Action Test Data - CloseCurrentWindow - Actual Value] @14-01-2022 01:39:07.0926 A
[ReportManager] File Action [GetAbsolutePath] successfully performed. With the following test data [Relative Folder Path: "target/downloadedFiles/"]. @14-01-2022 01:39:07.0941 AM
[ReportManager] Attempting to run remotely on: [Linux-64], [GoogleChrome], [http://localhost:4444/wd/hub], Headless Execution. @14-01-2022 01:39:07.0941 AM
[ReportManager] Successfully Opened [GoogleChrome]. @14-01-2022 01:39:08.0349 AM
[ReportManager] Target URL: [https://www.google.com/ncr], and after redirection: [https://www.google.com] @14-01-2022 01:39:08.0349 AM
[ReportManager] Initial URL: [data:,] @14-01-2022 01:39:08.0441 AM
[ReportManager] Browser Action [NavigateToURL] successfully performed. With the following test data [https://www.google.com/ncr]. @14-01-2022 01:39:09.0429 A

################################################################################################################################################
Starting Execution:	[5 out of 23] test cases in the current suite
Test Method:		[tests.gui.google.B_Search_FlatTest_SHAFT.searchForQueryAndAssertFirstResultTextIsCorrect]
################################################################################################################################################
[ReportManager] Element Action [Type] successfully performed. With the following test data [SHAFT_Engine]. @14-01-2022 01:39:09.0982 AM
[ReportManager] Element Action [KeyPress] successfully performed. With the following test data [ENTER]. @14-01-2022 01:39:11.0092 AM
[ReportManager] Element Action [GetText] successfully performed. With the following test data [SHAFT_ENGINE is a Test Automation Engine that ... - GitHub]. @14-01-2022 01:39:11.0550 AM
[ReportManager] Loaded Shared OpenCV @14-01-2022 01:39:12.0086 AM
[ReportManager] Assertion Failed: Asserting that the correct first result is displayed @14-01-2022 01:39:12.0323 AM
[ReportManager] Successfully created attachment [Screenshot - 1642124352086_searchForQueryAndAssertFirstResultTextIsCorrect_ValidateElementAttribute_failed] @14-01-2022 01:39:12.0332 AM
[ReportManager] Assertion [ValidateElementAttribute] FAILED. Expected [Value Should be 'MohabMohie' for the 'Text' attribute, element locator 'By.xpath: (//h1[contains(text(),'Search Result')]/following-sibling::div//a/h3)[1]'] and Actual [SHAFT_ENGINE is a Test Automation Engine that ... - GitHub]. Comparison Type [CONTAINS]. Validation Type [POSITIVE]. @14-01-2022 01:39:12.0333 A
[ReportManager] Browser Action [CloseCurrentWindow] successfully performed. @14-01-2022 01:39:12.0601 AM
[ReportManager] Successfully created attachment [Browser Action Test Data - CloseCurrentWindow - Actual Value] @14-01-2022 01:39:12.0627 A
[ReportManager] An Exception Occured with this Message: src/test/resources/testDataFiles/Google/SimpleSearch.xlsx (No such file or directory). @14-01-2022 01:39:12.0638 AM
[ReportManager] Successfully created attachment [Exception Stack Trace - java.io.FileNotFoundException] @14-01-2022 01:39:12.0641 AM
[ReportManager] Couldn't find the desired file. [src/test/resources/testDataFiles/Google/SimpleSearch.xlsx]. @14-01-2022 01:39:12.0641 A


################################################################################################################################################
Starting Execution:	[6 out of 23] test cases in the current suite
Test Method:		[tests.gui.google.F_Search_PageObjectModel_Fluent.navigateToGoogleHomeAndAssertGoogleLogoIsDisplayed]
###############################################################################################################################################



################################################################################################################################################
Starting Execution:	[7 out of 23] test cases in the current suite
Test Method:		[tests.gui.google.F_Search_PageObjectModel_Fluent.navigateToGoogleHomeAndAssertPageTitle]
###############################################################################################################################################



################################################################################################################################################
Starting Execution:	[8 out of 23] test cases in the current suite
Test Method:		[tests.gui.google.F_Search_PageObjectModel_Fluent.searchForQueryAndAssertFirstResultTextIsCorrect]
###############################################################################################################################################

[ReportManager] File Action [GetAbsolutePath] successfully performed. With the following test data [Relative Folder Path: "target/downloadedFiles/"]. @14-01-2022 01:39:12.0682 AM
[ReportManager] Attempting to run remotely on: [Linux-64], [GoogleChrome], [http://localhost:4444/wd/hub], Headless Execution. @14-01-2022 01:39:12.0682 AM
[ReportManager] Successfully Opened [GoogleChrome]. @14-01-2022 01:39:13.0110 AM
[ReportManager] Target URL: [https://www.google.com/ncr], and after redirection: [https://www.google.com] @14-01-2022 01:39:13.0111 AM
[ReportManager] Initial URL: [data:,] @14-01-2022 01:39:13.0187 AM
[ReportManager] Browser Action [NavigateToURL] successfully performed. With the following test data [https://www.google.com/ncr]. @14-01-2022 01:39:14.0217 A

################################################################################################################################################
Starting Execution:	[9 out of 23] test cases in the current suite
Test Method:		[tests.gui.google.C_Search_PageObjectModel_Traditional.navigateToGoogleHomeAndAssertGoogleLogoIsDisplayed]
################################################################################################################################################
[ReportManager] Element Action [IsElementDisplayed] successfully performed. @14-01-2022 01:39:14.0351 AM
[ReportManager] Assertion Passed: Asserting that the Google logo is displayed @14-01-2022 01:39:14.0351 AM
[ReportManager] Assertion [ValidateTrue] PASSED. Expected [TRUE] and Actual [TRUE]. Validation Type [POSITIVE]. @14-01-2022 01:39:14.0352 A
[ReportManager] Browser Action [CloseCurrentWindow] successfully performed. @14-01-2022 01:39:14.0488 AM
[ReportManager] Successfully created attachment [Browser Action Test Data - CloseCurrentWindow - Actual Value] @14-01-2022 01:39:14.0489 A
[ReportManager] File Action [GetAbsolutePath] successfully performed. With the following test data [Relative Folder Path: "target/downloadedFiles/"]. @14-01-2022 01:39:14.0492 AM
[ReportManager] Attempting to run remotely on: [Linux-64], [GoogleChrome], [http://localhost:4444/wd/hub], Headless Execution. @14-01-2022 01:39:14.0492 AM
[ReportManager] Successfully Opened [GoogleChrome]. @14-01-2022 01:39:14.0732 AM
[ReportManager] Target URL: [https://www.google.com/ncr], and after redirection: [https://www.google.com] @14-01-2022 01:39:14.0732 AM
[ReportManager] Initial URL: [data:,] @14-01-2022 01:39:14.0807 AM
[ReportManager] Browser Action [NavigateToURL] successfully performed. With the following test data [https://www.google.com/ncr]. @14-01-2022 01:39:15.0835 A

################################################################################################################################################
Starting Execution:	[10 out of 23] test cases in the current suite
Test Method:		[tests.gui.google.C_Search_PageObjectModel_Traditional.navigateToGoogleHomeAndAssertPageTitle]
################################################################################################################################################
[ReportManager] Browser Action [GetCurrentWindowTitle] successfully performed. With the following test data [Google]. @14-01-2022 01:39:15.0917 AM
[ReportManager] Assertion Passed: Asserting that the page title is Google @14-01-2022 01:39:15.0918 AM
[ReportManager] Assertion [ValidateEquals] PASSED. Expected [Google] and Actual [Google]. Comparison Type [EQUALS]. Validation Type [POSITIVE]. @14-01-2022 01:39:15.0918 A
[ReportManager] Browser Action [CloseCurrentWindow] successfully performed. @14-01-2022 01:39:16.0091 AM
[ReportManager] Successfully created attachment [Browser Action Test Data - CloseCurrentWindow - Actual Value] @14-01-2022 01:39:16.0093 A
[ReportManager] File Action [GetAbsolutePath] successfully performed. With the following test data [Relative Folder Path: "target/downloadedFiles/"]. @14-01-2022 01:39:16.0103 AM
[ReportManager] Attempting to run remotely on: [Linux-64], [GoogleChrome], [http://localhost:4444/wd/hub], Headless Execution. @14-01-2022 01:39:16.0104 AM
[ReportManager] Successfully Opened [GoogleChrome]. @14-01-2022 01:39:16.0367 AM
[ReportManager] Target URL: [https://www.google.com/ncr], and after redirection: [https://www.google.com] @14-01-2022 01:39:16.0367 AM
[ReportManager] Initial URL: [data:,] @14-01-2022 01:39:16.0464 AM
[ReportManager] Browser Action [NavigateToURL] successfully performed. With the following test data [https://www.google.com/ncr]. @14-01-2022 01:39:17.0443 A

################################################################################################################################################
Starting Execution:	[11 out of 23] test cases in the current suite
Test Method:		[tests.gui.google.C_Search_PageObjectModel_Traditional.searchForQueryAndAssertFirstResultTextIsCorrect]
################################################################################################################################################
[ReportManager] Element Action [Type] successfully performed. With the following test data [SHAFT_Engine]. @14-01-2022 01:39:17.0938 AM
[ReportManager] Element Action [KeyPress] successfully performed. With the following test data [ENTER]. @14-01-2022 01:39:19.0563 AM
[ReportManager] Element Action [GetText] successfully performed. With the following test data [SHAFT_ENGINE is a Test Automation Engine that ... - GitHub]. @14-01-2022 01:39:19.0685 AM
[ReportManager] Assertion Failed: Asserting that the correct first result is displayed @14-01-2022 01:39:19.0686 AM
[ReportManager] Assertion [ValidateEquals] FAILED. Expected [MohabMohie] and Actual [SHAFT_ENGINE is a Test Automation Engine that ... - GitHub]. Comparison Type [CONTAINS]. Validation Type [POSITIVE]. @14-01-2022 01:39:19.0686 A
[ReportManager] Browser Action [CloseCurrentWindow] successfully performed. @14-01-2022 01:39:19.0945 AM
[ReportManager] Successfully created attachment [Browser Action Test Data - CloseCurrentWindow - Actual Value] @14-01-2022 01:39:19.0948 A
[ReportManager] An Exception Occured with this Message: src/test/resources/testDataFiles/Google/SimpleSearch.xlsx (No such file or directory). @14-01-2022 01:39:19.0953 AM
[ReportManager] Successfully created attachment [Exception Stack Trace - java.io.FileNotFoundException] @14-01-2022 01:39:19.0953 AM
[ReportManager] Couldn't find the desired file. [src/test/resources/testDataFiles/Google/SimpleSearch.xlsx]. @14-01-2022 01:39:19.0954 A


################################################################################################################################################
Starting Execution:	[12 out of 23] test cases in the current suite
Test Method:		[tests.gui.google.E_Search_PageObjectModel_Traditional_SHAFTAssertions.navigateToGoogleHomeAndAssertGoogleLogoIsDisplayed]
###############################################################################################################################################



################################################################################################################################################
Starting Execution:	[13 out of 23] test cases in the current suite
Test Method:		[tests.gui.google.E_Search_PageObjectModel_Traditional_SHAFTAssertions.navigateToGoogleHomeAndAssertPageTitle]
###############################################################################################################################################



################################################################################################################################################
Starting Execution:	[14 out of 23] test cases in the current suite
Test Method:		[tests.gui.google.E_Search_PageObjectModel_Traditional_SHAFTAssertions.searchForQueryAndAssertFirstResultTextIsCorrect]
###############################################################################################################################################

[ReportManager] An Exception Occured with this Message: src/test/resources/testDataFiles/Google/SimpleSearch.xlsx (No such file or directory). @14-01-2022 01:39:19.0989 AM
[ReportManager] Successfully created attachment [Exception Stack Trace - java.io.FileNotFoundException] @14-01-2022 01:39:19.0989 AM
[ReportManager] Couldn't find the desired file. [src/test/resources/testDataFiles/Google/SimpleSearch.xlsx]. @14-01-2022 01:39:19.0989 A


################################################################################################################################################
Starting Execution:	[15 out of 23] test cases in the current suite
Test Method:		[tests.gui.google.G_Search_PageObjectModel_ThreadSafe.navigateToGoogleHomeAndAssertGoogleLogoIsDisplayed]
###############################################################################################################################################



################################################################################################################################################
Starting Execution:	[16 out of 23] test cases in the current suite
Test Method:		[tests.gui.google.G_Search_PageObjectModel_ThreadSafe.navigateToGoogleHomeAndAssertPageTitle]
###############################################################################################################################################



################################################################################################################################################
Starting Execution:	[17 out of 23] test cases in the current suite
Test Method:		[tests.gui.google.G_Search_PageObjectModel_ThreadSafe.searchForQueryAndAssertFirstResultTextIsCorrect]
###############################################################################################################################################

[ReportManager] An Exception Occured with this Message: src/test/resources/testDataFiles/Google/SimpleSearch.xlsx (No such file or directory). @14-01-2022 01:39:20.0040 AM
[ReportManager] Successfully created attachment [Exception Stack Trace - java.io.FileNotFoundException] @14-01-2022 01:39:20.0041 AM
[ReportManager] Couldn't find the desired file. [src/test/resources/testDataFiles/Google/SimpleSearch.xlsx]. @14-01-2022 01:39:20.0041 A


################################################################################################################################################
Starting Execution:	[18 out of 23] test cases in the current suite
Test Method:		[tests.gui.google.D_Search_PageObjectModel_Traditional_DataDriven.navigateToGoogleHomeAndAssertGoogleLogoIsDisplayed]
###############################################################################################################################################



################################################################################################################################################
Starting Execution:	[19 out of 23] test cases in the current suite
Test Method:		[tests.gui.google.D_Search_PageObjectModel_Traditional_DataDriven.navigateToGoogleHomeAndAssertPageTitle]
###############################################################################################################################################



################################################################################################################################################
Starting Execution:	[20 out of 23] test cases in the current suite
Test Method:		[tests.gui.google.D_Search_PageObjectModel_Traditional_DataDriven.searchForQueryAndAssertFirstResultTextIsCorrect]
###############################################################################################################################################




################################################################################################################################################
Starting Execution:	[21 out of 23] test cases in the current suite
Test Method:		[tests.gui.google.A_Search_FlatTest_NativeSeleniumWebDriver.navigateToGoogleHomeAndAssertGoogleLogoIsDisplayed]
###############################################################################################################################################



################################################################################################################################################
Starting Execution:	[22 out of 23] test cases in the current suite
Test Method:		[tests.gui.google.A_Search_FlatTest_NativeSeleniumWebDriver.navigateToGoogleHomeAndAssertPageTitle]
###############################################################################################################################################



################################################################################################################################################
Starting Execution:	[23 out of 23] test cases in the current suite
Test Method:		[tests.gui.google.A_Search_FlatTest_NativeSeleniumWebDriver.searchForQueryAndAssertFirstResultTextIsCorrect]
###############################################################################################################################################

[ReportManager] Successfully created attachment [SHAFT Engine Logs - Execution log] @14-01-2022 01:39:40.0622 AM

################################################################################################################################################
This test run was powered by SHAFT Engine Version: [SHAFT Engine v5.4.20211117-BETA]
SHAFT Engine is licensed under the MIT License: [https://github.com/MohabMohie/SHAFT_ENGINE/blob/master/LICENSE].
################################################################################################################################################