################################################################################################################################################
Detected SHAFT Engine Version: [SHAFT Engine v5.4.20211117-BETA]
################################################################################################################################################

################################################################################################################################################
Starting Execution:	[1 out of 23] test cases in the current suite
Test Method:		[tests.api.users.UserData.validateUserEmail]
################################################################################################################################################
[ReportManager] Response status code: [200], status line: [HTTP/1.1 200 OK] @06-12-2021 01:33:08.0984 AM
[ReportManager] Assertion Passed: Evaluating the actual response status code against the expected one... @06-12-2021 01:33:08.0992 AM
[ReportManager] Assertion [ValidateComparativeRelation] PASSED. Expected [200] and Actual [200]. Comparison Type [EQUALS]. Validation Type [POSITIVE]. @06-12-2021 01:33:08.0998 AM
[ReportManager] API Action [PerformRequest] successfully performed. With the following test data [Request Type: "GET" | Target Status Code: "200" | Service URL: "https://jsonplaceholder.typicode.com/users" | Content Type: "*/*" | Response Time: "934ms"]. @06-12-2021 01:33:10.0112 AM
[ReportManager] Successfully created attachment [API Request - Specifications] @06-12-2021 01:33:10.0113 AM
[ReportManager] Successfully created attachment [API Response - JSON Body] @06-12-2021 01:33:10.0319 AM
[ReportManager] Assertion [ValidateEquals] PASSED. Expected and Actual values are attached. Comparison Type [CONTAINS]. Validation Type [POSITIVE]. @06-12-2021 01:33:10.0325 AM
[ReportManager] Successfully created attachment [Validation Test Data - Expected Value] @06-12-2021 01:33:10.0326 AM
[ReportManager] Successfully created attachment [Validation Test Data - Actual Value] @06-12-2021 01:33:10.0326 AM
[ReportManager] API Action [GetResponseJSONValueAsList] successfully performed. With the following test data [$]. @06-12-2021 01:33:10.0347 AM
[ReportManager] API Action [GetResponseJSONValue] successfully performed. With the following test data [name]. @06-12-2021 01:33:10.0373 AM
[ReportManager] API Action [GetResponseJSONValue] successfully performed. With the following test data [email]. @06-12-2021 01:33:10.0395 AM
[ReportManager] Assertion [ValidateEquals] PASSED. Expected [Sincere@april.biz] and Actual [Sincere@april.biz]. Comparison Type [EQUALS]. Validation Type [POSITIVE]. @06-12-2021 01:33:10.0396 AM
[ReportManager] API Action [GetResponseJSONValue] successfully performed. With the following test data [name]. @06-12-2021 01:33:10.0419 AM
[ReportManager] API Action [GetResponseJSONValue] successfully performed. With the following test data [name]. @06-12-2021 01:33:10.0437 AM
[ReportManager] API Action [GetResponseJSONValue] successfully performed. With the following test data [name]. @06-12-2021 01:33:10.0452 AM
[ReportManager] API Action [GetResponseJSONValue] successfully performed. With the following test data [name]. @06-12-2021 01:33:10.0469 AM
[ReportManager] API Action [GetResponseJSONValue] successfully performed. With the following test data [name]. @06-12-2021 01:33:10.0485 AM
[ReportManager] API Action [GetResponseJSONValue] successfully performed. With the following test data [name]. @06-12-2021 01:33:10.0500 AM
[ReportManager] API Action [GetResponseJSONValue] successfully performed. With the following test data [name]. @06-12-2021 01:33:10.0514 AM
[ReportManager] API Action [GetResponseJSONValue] successfully performed. With the following test data [name]. @06-12-2021 01:33:10.0526 AM
[ReportManager] API Action [GetResponseJSONValue] successfully performed. With the following test data [name]. @06-12-2021 01:33:10.0539 A
[ReportManager] File Action [GetAbsolutePath] successfully performed. With the following test data [Relative Folder Path: "target/downloadedFiles/"]. @06-12-2021 01:33:10.0638 AM
[ReportManager] Attempting to run remotely on: [Linux-64], [GoogleChrome], [http://localhost:4444/wd/hub], Headless Execution. @06-12-2021 01:33:10.0649 AM
[ReportManager] Successfully Opened [GoogleChrome]. @06-12-2021 01:33:12.0080 AM
[ReportManager] Target URL: [https://www.google.com/ncr], and after redirection: [https://www.google.com] @06-12-2021 01:33:12.0092 AM
[ReportManager] Initial URL: [data:,] @06-12-2021 01:33:12.0225 AM
[ReportManager] Browser Action [NavigateToURL] successfully performed. With the following test data [https://www.google.com/ncr]. @06-12-2021 01:33:13.0985 A

################################################################################################################################################
Starting Execution:	[2 out of 23] test cases in the current suite
Test Method:		[tests.gui.google.B_Search_FlatTest_SHAFT.navigateToGoogleHomeAndAssertGoogleLogoIsDisplayed]
################################################################################################################################################
[ReportManager] File Action [DoesFileExist] successfully performed. With the following test data [File Path: "src/main/resources/dynamicObjectRepository/tests_gui_google_B_Search_FlatTest_SHAFT_navigateToGoogleHomeAndAssertGoogleLogoIsDisplayed_By_xpath_img_id_hplogo_or_alt_Google.png"]. @06-12-2021 01:33:14.0011 AM
[ReportManager] File Action [GetAbsolutePath] successfully performed. With the following test data [Relative Folder Path: "src/main/resources/dynamicObjectRepository/tests_gui_google_B_Search_FlatTest_SHAFT_navigateToGoogleHomeAndAssertGoogleLogoIsDisplayed_By_xpath_img_id_hplogo_or_alt_Google.png"]. @06-12-2021 01:33:14.0011 AM
[ReportManager] File Action [ReadFromImageFile] successfully performed. With the following test data [File Path: "/home/runner/work/io.github.alidorgham/io.github.alidorgham/src/main/resources/dynamicObjectRepository/tests_gui_google_B_Search_FlatTest_SHAFT_navigateToGoogleHomeAndAssertGoogleLogoIsDisplayed_By_xpath_img_id_hplogo_or_alt_Google.png"]. @06-12-2021 01:33:14.0012 AM
[ReportManager] File Action [DoesFileExist] successfully performed. With the following test data [File Path: "src/main/resources/dynamicObjectRepository/tests_gui_google_B_Search_FlatTest_SHAFT_navigateToGoogleHomeAndAssertGoogleLogoIsDisplayed_By_xpath_img_id_hplogo_or_alt_Google.png"]. @06-12-2021 01:33:14.0312 AM
[ReportManager] File Action [DoesFileExist] successfully performed. With the following test data [File Path: "src/main/resources/dynamicObjectRepository/tests_gui_google_B_Search_FlatTest_SHAFT_navigateToGoogleHomeAndAssertGoogleLogoIsDisplayed_By_xpath_img_id_hplogo_or_alt_Google.png"]. @06-12-2021 01:33:14.0312 AM
[ReportManager] Loaded Shared OpenCV @06-12-2021 01:33:14.0724 AM
[ReportManager] Successfully identified the element using AI; OpenCV. @06-12-2021 01:33:14.0748 AM
[ReportManager] Assertion Passed: Asserting that the Google logo is displayed @06-12-2021 01:33:14.0749 AM
[ReportManager] Successfully created attachment [Validation Test Data - Reference Screenshot] @06-12-2021 01:33:14.0750 AM
[ReportManager] Successfully created attachment [Validation Test Data - Actual Screenshot] @06-12-2021 01:33:14.0751 AM
[ReportManager] Assertion [ValidateElementMatches] PASSED. Expected [Element should match the reference screenshot] and Actual [TRUE]. Comparison Type [EXACT_OPENCV]. Validation Type [POSITIVE]. @06-12-2021 01:33:14.0751 A
[ReportManager] Browser Action [CloseCurrentWindow] successfully performed. @06-12-2021 01:33:14.0955 AM
[ReportManager] Successfully created attachment [Browser Action Test Data - CloseCurrentWindow - Actual Value] @06-12-2021 01:33:14.0974 A
[ReportManager] File Action [GetAbsolutePath] successfully performed. With the following test data [Relative Folder Path: "target/downloadedFiles/"]. @06-12-2021 01:33:14.0995 AM
[ReportManager] Attempting to run remotely on: [Linux-64], [GoogleChrome], [http://localhost:4444/wd/hub], Headless Execution. @06-12-2021 01:33:14.0995 AM
[ReportManager] Successfully Opened [GoogleChrome]. @06-12-2021 01:33:15.0371 AM
[ReportManager] Target URL: [https://www.google.com/ncr], and after redirection: [https://www.google.com] @06-12-2021 01:33:15.0372 AM
[ReportManager] Initial URL: [data:,] @06-12-2021 01:33:15.0462 AM
[ReportManager] Browser Action [NavigateToURL] successfully performed. With the following test data [https://www.google.com/ncr]. @06-12-2021 01:33:16.0962 A

################################################################################################################################################
Starting Execution:	[3 out of 23] test cases in the current suite
Test Method:		[tests.gui.google.B_Search_FlatTest_SHAFT.navigateToGoogleHomeAndAssertPageTitle]
################################################################################################################################################
[ReportManager] Browser Action [GetCurrentWindowTitle] successfully performed. With the following test data [Google]. @06-12-2021 01:33:17.0023 AM
[ReportManager] Assertion Passed: Asserting that the page title is Google @06-12-2021 01:33:17.0533 AM
[ReportManager] Successfully created attachment [Screenshot - 1638754397204_navigateToGoogleHomeAndAssertPageTitle_ValidateBrowserAttribute_passed] @06-12-2021 01:33:17.0541 AM
[ReportManager] Assertion [ValidateBrowserAttribute] PASSED. Expected [Value Should be 'Google' for the 'Title' attribute] and Actual [Google]. Comparison Type [EQUALS]. Validation Type [POSITIVE]. @06-12-2021 01:33:17.0541 A
[ReportManager] Browser Action [CloseCurrentWindow] successfully performed. @06-12-2021 01:33:17.0750 AM
[ReportManager] Successfully created attachment [Browser Action Test Data - CloseCurrentWindow - Actual Value] @06-12-2021 01:33:17.0754 A
[ReportManager] File Action [GetAbsolutePath] successfully performed. With the following test data [Relative Folder Path: "target/downloadedFiles/"]. @06-12-2021 01:33:17.0761 AM
[ReportManager] Attempting to run remotely on: [Linux-64], [GoogleChrome], [http://localhost:4444/wd/hub], Headless Execution. @06-12-2021 01:33:17.0761 AM
[ReportManager] Successfully Opened [GoogleChrome]. @06-12-2021 01:33:18.0132 AM
[ReportManager] Target URL: [https://www.google.com/ncr], and after redirection: [https://www.google.com] @06-12-2021 01:33:18.0133 AM
[ReportManager] Initial URL: [data:,] @06-12-2021 01:33:18.0215 AM
[ReportManager] Browser Action [NavigateToURL] successfully performed. With the following test data [https://www.google.com/ncr]. @06-12-2021 01:33:19.0627 A

################################################################################################################################################
Starting Execution:	[4 out of 23] test cases in the current suite
Test Method:		[tests.gui.google.B_Search_FlatTest_SHAFT.searchForQueryAndAssertFirstResultTextIsCorrect]
################################################################################################################################################
[ReportManager] Element Action [Type] successfully performed. With the following test data [SHAFT_Engine]. @06-12-2021 01:33:20.0078 AM
[ReportManager] Element Action [KeyPress] successfully performed. With the following test data [ENTER]. @06-12-2021 01:33:22.0220 AM
[ReportManager] Element Action [GetText] successfully performed. With the following test data [SHAFT: Unified Test Automation Engine - GitHub]. @06-12-2021 01:33:22.0343 AM
[ReportManager] Loaded Shared OpenCV @06-12-2021 01:33:22.0762 AM
[ReportManager] Assertion Failed: Asserting that the correct first result is displayed @06-12-2021 01:33:22.0990 AM
[ReportManager] Successfully created attachment [Screenshot - 1638754402762_searchForQueryAndAssertFirstResultTextIsCorrect_ValidateElementAttribute_failed] @06-12-2021 01:33:22.0997 AM
[ReportManager] Assertion [ValidateElementAttribute] FAILED. Expected [Value Should be 'MohabMohie' for the 'Text' attribute, element locator 'By.xpath: (//h1[contains(text(),'Search Result')]/following-sibling::div//a/h3)[1]'] and Actual [SHAFT: Unified Test Automation Engine - GitHub]. Comparison Type [CONTAINS]. Validation Type [POSITIVE]. @06-12-2021 01:33:22.0997 A
[ReportManager] Browser Action [CloseCurrentWindow] successfully performed. @06-12-2021 01:33:23.0358 AM
[ReportManager] Successfully created attachment [Browser Action Test Data - CloseCurrentWindow - Actual Value] @06-12-2021 01:33:23.0362 A
[ReportManager] File Action [GetAbsolutePath] successfully performed. With the following test data [Relative Folder Path: "target/downloadedFiles/"]. @06-12-2021 01:33:23.0369 AM
[ReportManager] Attempting to run remotely on: [Linux-64], [GoogleChrome], [http://localhost:4444/wd/hub], Headless Execution. @06-12-2021 01:33:23.0369 AM
[ReportManager] Successfully Opened [GoogleChrome]. @06-12-2021 01:33:23.0725 AM
[ReportManager] Target URL: [https://www.google.com/ncr], and after redirection: [https://www.google.com] @06-12-2021 01:33:23.0726 AM
[ReportManager] Initial URL: [data:,] @06-12-2021 01:33:23.0815 AM
[ReportManager] Browser Action [NavigateToURL] successfully performed. With the following test data [https://www.google.com/ncr]. @06-12-2021 01:33:25.0399 A

################################################################################################################################################
Starting Execution:	[5 out of 23] test cases in the current suite
Test Method:		[tests.gui.google.C_Search_PageObjectModel_Traditional.navigateToGoogleHomeAndAssertGoogleLogoIsDisplayed]
################################################################################################################################################
[ReportManager] Element Action [IsElementDisplayed] successfully performed. @06-12-2021 01:33:25.0526 AM
[ReportManager] Assertion Passed: Asserting that the Google logo is displayed @06-12-2021 01:33:25.0526 AM
[ReportManager] Assertion [ValidateTrue] PASSED. Expected [TRUE] and Actual [TRUE]. Validation Type [POSITIVE]. @06-12-2021 01:33:25.0526 A
[ReportManager] Browser Action [CloseCurrentWindow] successfully performed. @06-12-2021 01:33:25.0725 AM
[ReportManager] Successfully created attachment [Browser Action Test Data - CloseCurrentWindow - Actual Value] @06-12-2021 01:33:25.0729 A
[ReportManager] File Action [GetAbsolutePath] successfully performed. With the following test data [Relative Folder Path: "target/downloadedFiles/"]. @06-12-2021 01:33:25.0734 AM
[ReportManager] Attempting to run remotely on: [Linux-64], [GoogleChrome], [http://localhost:4444/wd/hub], Headless Execution. @06-12-2021 01:33:25.0734 AM
[ReportManager] Successfully Opened [GoogleChrome]. @06-12-2021 01:33:25.0941 AM
[ReportManager] Target URL: [https://www.google.com/ncr], and after redirection: [https://www.google.com] @06-12-2021 01:33:25.0941 AM
[ReportManager] Initial URL: [data:,] @06-12-2021 01:33:26.0020 AM
[ReportManager] Browser Action [NavigateToURL] successfully performed. With the following test data [https://www.google.com/ncr]. @06-12-2021 01:33:27.0335 A

################################################################################################################################################
Starting Execution:	[6 out of 23] test cases in the current suite
Test Method:		[tests.gui.google.C_Search_PageObjectModel_Traditional.navigateToGoogleHomeAndAssertPageTitle]
################################################################################################################################################
[ReportManager] Browser Action [GetCurrentWindowTitle] successfully performed. With the following test data [Google]. @06-12-2021 01:33:27.0387 AM
[ReportManager] Assertion Passed: Asserting that the page title is Google @06-12-2021 01:33:27.0387 AM
[ReportManager] Assertion [ValidateEquals] PASSED. Expected [Google] and Actual [Google]. Comparison Type [EQUALS]. Validation Type [POSITIVE]. @06-12-2021 01:33:27.0387 A
[ReportManager] Browser Action [CloseCurrentWindow] successfully performed. @06-12-2021 01:33:27.0590 AM
[ReportManager] Successfully created attachment [Browser Action Test Data - CloseCurrentWindow - Actual Value] @06-12-2021 01:33:27.0593 A
[ReportManager] File Action [GetAbsolutePath] successfully performed. With the following test data [Relative Folder Path: "target/downloadedFiles/"]. @06-12-2021 01:33:27.0598 AM
[ReportManager] Attempting to run remotely on: [Linux-64], [GoogleChrome], [http://localhost:4444/wd/hub], Headless Execution. @06-12-2021 01:33:27.0598 AM
[ReportManager] Successfully Opened [GoogleChrome]. @06-12-2021 01:33:27.0798 AM
[ReportManager] Target URL: [https://www.google.com/ncr], and after redirection: [https://www.google.com] @06-12-2021 01:33:27.0798 AM
[ReportManager] Initial URL: [data:,] @06-12-2021 01:33:27.0887 AM
[ReportManager] Browser Action [NavigateToURL] successfully performed. With the following test data [https://www.google.com/ncr]. @06-12-2021 01:33:29.0326 A

################################################################################################################################################
Starting Execution:	[7 out of 23] test cases in the current suite
Test Method:		[tests.gui.google.C_Search_PageObjectModel_Traditional.searchForQueryAndAssertFirstResultTextIsCorrect]
################################################################################################################################################
[ReportManager] Element Action [Type] successfully performed. With the following test data [SHAFT_Engine]. @06-12-2021 01:33:29.0722 AM
[ReportManager] Element Action [KeyPress] successfully performed. With the following test data [ENTER]. @06-12-2021 01:33:31.0151 AM
[ReportManager] Element Action [GetText] successfully performed. With the following test data [SHAFT: Unified Test Automation Engine - GitHub]. @06-12-2021 01:33:31.0290 AM
[ReportManager] Assertion Failed: Asserting that the correct first result is displayed @06-12-2021 01:33:31.0291 AM
[ReportManager] Assertion [ValidateEquals] FAILED. Expected [MohabMohie] and Actual [SHAFT: Unified Test Automation Engine - GitHub]. Comparison Type [CONTAINS]. Validation Type [POSITIVE]. @06-12-2021 01:33:31.0291 A
[ReportManager] Browser Action [CloseCurrentWindow] successfully performed. @06-12-2021 01:33:31.0575 AM
[ReportManager] Successfully created attachment [Browser Action Test Data - CloseCurrentWindow - Actual Value] @06-12-2021 01:33:31.0579 A



################################################################################################################################################
Starting Execution:	[8 out of 23] test cases in the current suite
Test Method:		[tests.gui.google.A_Search_FlatTest_NativeSeleniumWebDriver.navigateToGoogleHomeAndAssertGoogleLogoIsDisplayed]
###############################################################################################################################################



################################################################################################################################################
Starting Execution:	[9 out of 23] test cases in the current suite
Test Method:		[tests.gui.google.A_Search_FlatTest_NativeSeleniumWebDriver.navigateToGoogleHomeAndAssertPageTitle]
###############################################################################################################################################



################################################################################################################################################
Starting Execution:	[10 out of 23] test cases in the current suite
Test Method:		[tests.gui.google.A_Search_FlatTest_NativeSeleniumWebDriver.searchForQueryAndAssertFirstResultTextIsCorrect]
###############################################################################################################################################

[ReportManager] An Exception Occured with this Message: src/test/resources/testDataFiles/Google/SimpleSearch.xlsx (No such file or directory). @06-12-2021 01:33:50.0849 AM
[ReportManager] Successfully created attachment [Exception Stack Trace - java.io.FileNotFoundException] @06-12-2021 01:33:50.0850 AM
[ReportManager] Couldn't find the desired file. [src/test/resources/testDataFiles/Google/SimpleSearch.xlsx]. @06-12-2021 01:33:50.0850 A


################################################################################################################################################
Starting Execution:	[11 out of 23] test cases in the current suite
Test Method:		[tests.gui.google.E_Search_PageObjectModel_Traditional_SHAFTAssertions.navigateToGoogleHomeAndAssertGoogleLogoIsDisplayed]
###############################################################################################################################################



################################################################################################################################################
Starting Execution:	[12 out of 23] test cases in the current suite
Test Method:		[tests.gui.google.E_Search_PageObjectModel_Traditional_SHAFTAssertions.navigateToGoogleHomeAndAssertPageTitle]
###############################################################################################################################################



################################################################################################################################################
Starting Execution:	[13 out of 23] test cases in the current suite
Test Method:		[tests.gui.google.E_Search_PageObjectModel_Traditional_SHAFTAssertions.searchForQueryAndAssertFirstResultTextIsCorrect]
###############################################################################################################################################

[ReportManager] An Exception Occured with this Message: src/test/resources/testDataFiles/Google/SimpleSearch.xlsx (No such file or directory). @06-12-2021 01:33:50.0876 AM
[ReportManager] Successfully created attachment [Exception Stack Trace - java.io.FileNotFoundException] @06-12-2021 01:33:50.0878 AM
[ReportManager] Couldn't find the desired file. [src/test/resources/testDataFiles/Google/SimpleSearch.xlsx]. @06-12-2021 01:33:50.0879 A


################################################################################################################################################
Starting Execution:	[14 out of 23] test cases in the current suite
Test Method:		[tests.gui.google.D_Search_PageObjectModel_Traditional_DataDriven.navigateToGoogleHomeAndAssertGoogleLogoIsDisplayed]
###############################################################################################################################################



################################################################################################################################################
Starting Execution:	[15 out of 23] test cases in the current suite
Test Method:		[tests.gui.google.D_Search_PageObjectModel_Traditional_DataDriven.navigateToGoogleHomeAndAssertPageTitle]
###############################################################################################################################################



################################################################################################################################################
Starting Execution:	[16 out of 23] test cases in the current suite
Test Method:		[tests.gui.google.D_Search_PageObjectModel_Traditional_DataDriven.searchForQueryAndAssertFirstResultTextIsCorrect]
###############################################################################################################################################

[ReportManager] An Exception Occured with this Message: src/test/resources/testDataFiles/Google/SimpleSearch.xlsx (No such file or directory). @06-12-2021 01:33:50.0909 AM
[ReportManager] Successfully created attachment [Exception Stack Trace - java.io.FileNotFoundException] @06-12-2021 01:33:50.0910 AM
[ReportManager] Couldn't find the desired file. [src/test/resources/testDataFiles/Google/SimpleSearch.xlsx]. @06-12-2021 01:33:50.0910 A


################################################################################################################################################
Starting Execution:	[17 out of 23] test cases in the current suite
Test Method:		[tests.gui.google.G_Search_PageObjectModel_ThreadSafe.navigateToGoogleHomeAndAssertGoogleLogoIsDisplayed]
###############################################################################################################################################



################################################################################################################################################
Starting Execution:	[18 out of 23] test cases in the current suite
Test Method:		[tests.gui.google.G_Search_PageObjectModel_ThreadSafe.navigateToGoogleHomeAndAssertPageTitle]
###############################################################################################################################################



################################################################################################################################################
Starting Execution:	[19 out of 23] test cases in the current suite
Test Method:		[tests.gui.google.G_Search_PageObjectModel_ThreadSafe.searchForQueryAndAssertFirstResultTextIsCorrect]
###############################################################################################################################################

[ReportManager] An Exception Occured with this Message: src/test/resources/testDataFiles/Google/SimpleSearch.xlsx (No such file or directory). @06-12-2021 01:33:50.0930 AM
[ReportManager] Successfully created attachment [Exception Stack Trace - java.io.FileNotFoundException] @06-12-2021 01:33:50.0930 AM
[ReportManager] Couldn't find the desired file. [src/test/resources/testDataFiles/Google/SimpleSearch.xlsx]. @06-12-2021 01:33:50.0931 A


################################################################################################################################################
Starting Execution:	[20 out of 23] test cases in the current suite
Test Method:		[tests.gui.google.F_Search_PageObjectModel_Fluent.navigateToGoogleHomeAndAssertGoogleLogoIsDisplayed]
###############################################################################################################################################



################################################################################################################################################
Starting Execution:	[21 out of 23] test cases in the current suite
Test Method:		[tests.gui.google.F_Search_PageObjectModel_Fluent.navigateToGoogleHomeAndAssertPageTitle]
###############################################################################################################################################



################################################################################################################################################
Starting Execution:	[22 out of 23] test cases in the current suite
Test Method:		[tests.gui.google.F_Search_PageObjectModel_Fluent.searchForQueryAndAssertFirstResultTextIsCorrect]
###############################################################################################################################################


################################################################################################################################################
Starting Execution:	[23 out of 23] test cases in the current suite
Test Method:		[tests.cli.demo.cliTest.sampleTestCase]
################################################################################################################################################
[ReportManager] Attempting to perform the following command locally. Command: [ls] @06-12-2021 01:33:50.0962 AM
[ReportManager] Terminal Action [PerformTerminalCommands] successfully performed. With the following test data [Host Name: "localHost" | Command: "ls" | Exit Status: "0"]. @06-12-2021 01:33:50.0967 AM
[ReportManager] Successfully created attachment [Terminal Action Actual Result - Command Log] @06-12-2021 01:33:50.0967 AM
[ReportManager] Assertion Passed: Demoing local terminal actions @06-12-2021 01:33:50.0969 AM
[ReportManager] Assertion [ValidateEquals] PASSED. Expected [pom.xml] and Actual [LICENSE
README.md
allure-results
docker-compose_native.yml
docker-compose_zalenium.yml
extent-reports
pom.xml
readMeImgs
src
target]. Comparison Type [CONTAINS]. Validation Type [POSITIVE]. @06-12-2021 01:33:50.0969 A
[ReportManager] Successfully created attachment [SHAFT Engine Logs - Execution log] @06-12-2021 01:33:50.0999 AM

################################################################################################################################################
This test run was powered by SHAFT Engine Version: [SHAFT Engine v5.4.20211117-BETA]
SHAFT Engine is licensed under the MIT License: [https://github.com/MohabMohie/SHAFT_ENGINE/blob/master/LICENSE].
################################################################################################################################################